[2016-11-08 12:04:27,014] >> Loading model
[2016-11-08 12:04:27,608] >> Loading datasets
[2016-11-08 12:04:27,657] >> Reconstruction training started with arguments:
{'activation_noise': None,
 'adadelta': False,
 'adadelta_epsilon': '1e-6',
 'adadelta_rho': '0.95',
 'adagrad': False,
 'adagrad_decay': False,
 'batch_size': 128,
 'ce_sparsity': 0.01,
 'ce_sparsity_weight': 0.0,
 'compound': False,
 'corruption_level': 0.2,
 'datasets': (DatasetContainer [PFileStreamDataset@/home/ddraper/train.pfile],
              DatasetContainer [],
              DatasetContainer []),
 'epochs': 50,
 'fix_layers': [],
 'graph': False,
 'hooks': [],
 'l1_reg': '0.0',
 'l2_reg': '0.0',
 'layer_args': {},
 'layers': [1],
 'learning_rate': '0.01',
 'loss': u'mse',
 'minibatches': 2000000,
 'momentum': '',
 'noise': 'mask',
 'sparsity': 0.05,
 'sparsity_weight': 0.0,
 'validate': False,
 'verbosity': 1,
 'warn': False}
[2016-11-08 12:04:27,658] >> Reconstruction training started with da:
{'hidden_activation': u'sigmoid',
 u'loss': u'mse',
 'n_hidden': 1000,
 'n_visible': 966,
 'tied_weights': True,
 'visible_activation': u'tanh'}
[2016-11-08 12:04:27,658] >> Compiling theano graph
Using gpu device 0: Tesla M2075 (CNMeM is disabled, cuDNN not available)
[2016-11-08 12:05:46,383] >> Training started
[2016-11-08 12:07:07,022] >> epoch 0/10000, average cost 96.843910
[2016-11-08 12:09:17,204] >> epoch 0/20000, average cost 48.254677
[2016-11-08 12:11:01,981] >> epoch 0/30000, average cost 34.632133
[2016-11-08 12:12:51,693] >> epoch 0/40000, average cost 28.186874
[2016-11-08 12:14:50,632] >> epoch 0/50000, average cost 25.030989
[2016-11-08 12:16:47,185] >> epoch 0/60000, average cost 23.132395
[2016-11-08 12:18:45,873] >> epoch 0/70000, average cost 20.930882
[2016-11-08 12:20:46,475] >> epoch 0/80000, average cost 19.851053
[2016-11-08 12:22:11,551] >> epoch 0/90000, average cost 18.711416
[2016-11-08 12:24:16,848] >> epoch 0/100000, average cost 18.027142
[2016-11-08 12:26:18,813] >> epoch 0/110000, average cost 16.995165
[2016-11-08 12:28:19,343] >> epoch 0/120000, average cost 16.602552
[2016-11-08 12:30:31,133] >> epoch 0/130000, average cost 16.401209
[2016-11-08 12:32:44,748] >> epoch 0/140000, average cost 16.106297
[2016-11-08 12:34:41,807] >> epoch 0/150000, average cost 15.684434
[2016-11-08 12:36:49,999] >> epoch 0/160000, average cost 15.592734
[2016-11-08 12:39:19,775] >> epoch 0/170000, average cost 15.522755
[2016-11-08 12:40:43,802] >> epoch 0/180000, average cost 15.407825
[2016-11-08 12:42:48,291] >> epoch 0/190000, average cost 15.403406
[2016-11-08 12:45:15,979] >> epoch 0/200000, average cost 15.330156
[2016-11-08 12:47:57,331] >> epoch 0/210000, average cost 15.217558
[2016-11-08 12:50:23,575] >> epoch 0/220000, average cost 15.146573
[2016-11-08 12:52:43,663] >> epoch 0/230000, average cost 15.107683
[2016-11-08 12:54:36,222] >> epoch 0/240000, average cost 15.071347
[2016-11-08 12:56:38,353] >> epoch 0/250000, average cost 14.986859
[2016-11-08 12:58:57,611] >> epoch 0/260000, average cost 14.983477
[2016-11-08 13:00:24,217] >> epoch 0/270000, average cost 14.934323
[2016-11-08 13:02:23,093] >> epoch 0/280000, average cost 14.888236
[2016-11-08 13:04:10,644] >> epoch 0/290000, average cost 14.833257
[2016-11-08 13:06:17,264] >> epoch 0/300000, average cost 14.797940
[2016-11-08 13:08:09,154] >> epoch 0/310000, average cost 14.819662
[2016-11-08 13:10:23,583] >> epoch 0/320000, average cost 14.751951
[2016-11-08 13:12:17,404] >> epoch 0/330000, average cost 14.735811
[2016-11-08 13:12:29,542] >> epoch 1/333330, average cost 20.754856
[2016-11-08 13:16:02,981] >> epoch 1/350000, average cost 14.656597
[2016-11-08 13:17:21,387] >> epoch 1/360000, average cost 14.680353
[2016-11-08 13:18:19,128] >> epoch 1/370000, average cost 14.608129
[2016-11-08 13:19:36,512] >> epoch 1/380000, average cost 14.581573
[2016-11-08 13:20:52,335] >> epoch 1/390000, average cost 14.596031
[2016-11-08 13:22:05,513] >> epoch 1/400000, average cost 14.517852
[2016-11-08 13:23:21,161] >> epoch 1/410000, average cost 14.510569
[2016-11-08 13:24:41,061] >> epoch 1/420000, average cost 14.544660
[2016-11-08 13:26:00,842] >> epoch 1/430000, average cost 14.522736
[2016-11-08 13:27:18,516] >> epoch 1/440000, average cost 14.475742
[2016-11-08 13:28:37,004] >> epoch 1/450000, average cost 14.432456
[2016-11-08 13:29:35,627] >> epoch 1/460000, average cost 14.373406
[2016-11-08 13:30:54,772] >> epoch 1/470000, average cost 14.419687
[2016-11-08 13:32:14,550] >> epoch 1/480000, average cost 14.401072
[2016-11-08 13:33:33,670] >> epoch 1/490000, average cost 14.380101
[2016-11-08 13:34:51,234] >> epoch 1/500000, average cost 14.366228
[2016-11-08 13:36:09,326] >> epoch 1/510000, average cost 14.313770
[2016-11-08 13:37:29,506] >> epoch 1/520000, average cost 14.354825
[2016-11-08 13:38:50,479] >> epoch 1/530000, average cost 14.317681
[2016-11-08 13:39:51,919] >> epoch 1/540000, average cost 14.299709
[2016-11-08 13:41:12,202] >> epoch 1/550000, average cost 14.226477
[2016-11-08 13:42:25,789] >> epoch 1/560000, average cost 14.228264
[2016-11-08 13:43:37,569] >> epoch 1/570000, average cost 14.244637
[2016-11-08 13:44:36,748] >> epoch 1/580000, average cost 14.186134
[2016-11-08 13:45:37,312] >> epoch 1/590000, average cost 14.207479
[2016-11-08 13:46:34,669] >> epoch 1/600000, average cost 14.189891
[2016-11-08 13:47:31,516] >> epoch 1/610000, average cost 14.157372
[2016-11-08 13:48:27,929] >> epoch 1/620000, average cost 14.169557
[2016-11-08 13:49:25,509] >> epoch 1/630000, average cost 14.121397
[2016-11-08 13:50:25,048] >> epoch 1/640000, average cost 14.171172
[2016-11-08 13:51:23,978] >> epoch 1/650000, average cost 14.141284
[2016-11-08 13:52:13,686] >> epoch 1/660000, average cost 14.122824
[2016-11-08 13:52:47,393] >> epoch 2/666660, average cost 14.361572
[2016-11-08 13:54:19,306] >> epoch 2/680000, average cost 14.074169
[2016-11-08 13:55:33,360] >> epoch 2/690000, average cost 14.132536
[2016-11-08 13:56:51,510] >> epoch 2/700000, average cost 14.069693
[2016-11-08 13:58:13,141] >> epoch 2/710000, average cost 14.064629
[2016-11-08 13:59:34,854] >> epoch 2/720000, average cost 14.087534
[2016-11-08 14:00:32,515] >> epoch 2/730000, average cost 14.042455
[2016-11-08 14:01:52,579] >> epoch 2/740000, average cost 14.005778
[2016-11-08 14:03:11,889] >> epoch 2/750000, average cost 14.062554
[2016-11-08 14:04:33,294] >> epoch 2/760000, average cost 14.058686
[2016-11-08 14:05:48,411] >> epoch 2/770000, average cost 14.040690
[2016-11-08 14:07:09,861] >> epoch 2/780000, average cost 13.998245
[2016-11-08 14:08:33,481] >> epoch 2/790000, average cost 13.948927
[2016-11-08 14:09:57,405] >> epoch 2/800000, average cost 13.999016
[2016-11-08 14:11:25,765] >> epoch 2/810000, average cost 13.992802
[2016-11-08 14:12:26,111] >> epoch 2/820000, average cost 13.980097
[2016-11-08 14:13:59,038] >> epoch 2/830000, average cost 13.970528
[2016-11-08 14:15:20,989] >> epoch 2/840000, average cost 13.941174
[2016-11-08 14:16:44,122] >> epoch 2/850000, average cost 13.955864
[2016-11-08 14:18:08,979] >> epoch 2/860000, average cost 13.957398
[2016-11-08 14:19:31,558] >> epoch 2/870000, average cost 13.949020
[2016-11-08 14:20:57,286] >> epoch 2/880000, average cost 13.876747
[2016-11-08 14:22:16,828] >> epoch 2/890000, average cost 13.886518
[2016-11-08 14:23:37,753] >> epoch 2/900000, average cost 13.902373
[2016-11-08 14:24:33,350] >> epoch 2/910000, average cost 13.851098
[2016-11-08 14:25:37,844] >> epoch 2/920000, average cost 13.864872
[2016-11-08 14:26:42,788] >> epoch 2/930000, average cost 13.862850
[2016-11-08 14:27:43,453] >> epoch 2/940000, average cost 13.842732
[2016-11-08 14:28:43,679] >> epoch 2/950000, average cost 13.854943
[2016-11-08 14:29:42,970] >> epoch 2/960000, average cost 13.811699
[2016-11-08 14:30:42,601] >> epoch 2/970000, average cost 13.831597
[2016-11-08 14:31:42,781] >> epoch 2/980000, average cost 13.860334
[2016-11-08 14:32:44,210] >> epoch 2/990000, average cost 13.810322
[2016-11-08 14:33:33,493] >> epoch 3/999990, average cost 13.953600
[2016-11-08 14:34:38,755] >> epoch 3/1010000, average cost 13.781859
[2016-11-08 14:36:11,884] >> epoch 3/1020000, average cost 13.827859
[2016-11-08 14:37:35,748] >> epoch 3/1030000, average cost 13.796550
[2016-11-08 14:39:03,068] >> epoch 3/1040000, average cost 13.780219
[2016-11-08 14:40:37,399] >> epoch 3/1050000, average cost 13.791757
[2016-11-08 14:42:05,894] >> epoch 3/1060000, average cost 13.788235
[2016-11-08 14:43:30,577] >> epoch 3/1070000, average cost 13.735511
[2016-11-08 14:45:02,339] >> epoch 3/1080000, average cost 13.769845
[2016-11-08 14:46:03,584] >> epoch 3/1090000, average cost 13.790091
[2016-11-08 14:47:41,159] >> epoch 3/1100000, average cost 13.787192
[2016-11-08 14:49:20,307] >> epoch 3/1110000, average cost 13.742045
[2016-11-08 14:50:53,013] >> epoch 3/1120000, average cost 13.700795
[2016-11-08 14:52:26,956] >> epoch 3/1130000, average cost 13.717810
[2016-11-08 14:54:05,623] >> epoch 3/1140000, average cost 13.733570
[2016-11-08 14:55:37,035] >> epoch 3/1150000, average cost 13.725644
[2016-11-08 14:57:01,748] >> epoch 3/1160000, average cost 13.716411
[2016-11-08 14:58:27,269] >> epoch 3/1170000, average cost 13.707545
[2016-11-08 14:59:27,360] >> epoch 3/1180000, average cost 13.664023
[2016-11-08 15:00:54,853] >> epoch 3/1190000, average cost 13.723190
[2016-11-08 15:02:23,798] >> epoch 3/1200000, average cost 13.700171
[2016-11-08 15:03:51,999] >> epoch 3/1210000, average cost 13.645721
[2016-11-08 15:05:19,450] >> epoch 3/1220000, average cost 13.629439
[2016-11-08 15:06:40,748] >> epoch 3/1230000, average cost 13.637331
[2016-11-08 15:08:03,563] >> epoch 3/1240000, average cost 13.632767
[2016-11-08 15:09:08,786] >> epoch 3/1250000, average cost 13.603146
[2016-11-08 15:10:13,837] >> epoch 3/1260000, average cost 13.628451
[2016-11-08 15:11:16,012] >> epoch 3/1270000, average cost 13.616488
[2016-11-08 15:12:21,381] >> epoch 3/1280000, average cost 13.606966
[2016-11-08 15:13:20,523] >> epoch 3/1290000, average cost 13.577214
[2016-11-08 15:14:23,509] >> epoch 3/1300000, average cost 13.576897
[2016-11-08 15:15:25,302] >> epoch 3/1310000, average cost 13.622542
[2016-11-08 15:16:25,872] >> epoch 3/1320000, average cost 13.580732
[2016-11-08 15:17:21,283] >> epoch 3/1330000, average cost 13.590639
[2016-11-08 15:17:35,523] >> epoch 4/1333320, average cost 13.693604
[2016-11-08 15:19:55,200] >> epoch 4/1350000, average cost 13.554428
[2016-11-08 15:21:16,900] >> epoch 4/1360000, average cost 13.591739
[2016-11-08 15:22:21,428] >> epoch 4/1370000, average cost 13.546545
[2016-11-08 15:24:05,047] >> epoch 4/1380000, average cost 13.537092
[2016-11-08 15:25:36,920] >> epoch 4/1390000, average cost 13.569628
[2016-11-08 15:27:13,946] >> epoch 4/1400000, average cost 13.508297
[2016-11-08 15:28:36,030] >> epoch 4/1410000, average cost 13.515867
[2016-11-08 15:30:07,626] >> epoch 4/1420000, average cost 13.553761
[2016-11-08 15:31:31,938] >> epoch 4/1430000, average cost 13.545627
[2016-11-08 15:32:57,541] >> epoch 4/1440000, average cost 13.521759
[2016-11-08 15:34:32,528] >> epoch 4/1450000, average cost 13.489968
[2016-11-08 15:35:40,512] >> epoch 4/1460000, average cost 13.446796
[2016-11-08 15:37:17,009] >> epoch 4/1470000, average cost 13.497154
[2016-11-08 15:38:47,050] >> epoch 4/1480000, average cost 13.491611
[2016-11-08 15:40:20,090] >> epoch 4/1490000, average cost 13.481340
[2016-11-08 15:41:51,526] >> epoch 4/1500000, average cost 13.473359
[2016-11-08 15:43:23,798] >> epoch 4/1510000, average cost 13.426653
[2016-11-08 15:44:52,450] >> epoch 4/1520000, average cost 13.482039
[2016-11-08 15:46:19,566] >> epoch 4/1530000, average cost 13.449895
[2016-11-08 15:47:25,258] >> epoch 4/1540000, average cost 13.439334
[2016-11-08 15:48:52,397] >> epoch 4/1550000, average cost 13.383558
[2016-11-08 15:50:13,282] >> epoch 4/1560000, average cost 13.388843
[2016-11-08 15:51:35,573] >> epoch 4/1570000, average cost 13.409574
[2016-11-08 15:52:42,358] >> epoch 4/1580000, average cost 13.361800
[2016-11-08 15:53:53,113] >> epoch 4/1590000, average cost 13.386716
[2016-11-08 15:54:54,165] >> epoch 4/1600000, average cost 13.371632
[2016-11-08 15:55:56,438] >> epoch 4/1610000, average cost 13.350588
[2016-11-08 15:56:57,057] >> epoch 4/1620000, average cost 13.365438
[2016-11-08 15:58:00,838] >> epoch 4/1630000, average cost 13.322787
[2016-11-08 15:59:04,083] >> epoch 4/1640000, average cost 13.371886
[2016-11-08 16:00:03,781] >> epoch 4/1650000, average cost 13.351920
[2016-11-08 16:00:58,977] >> epoch 4/1660000, average cost 13.335386
[2016-11-08 16:01:37,426] >> epoch 5/1666650, average cost 13.453770
[2016-11-08 16:03:17,515] >> epoch 5/1680000, average cost 13.299295
[2016-11-08 16:04:40,302] >> epoch 5/1690000, average cost 13.357944
[2016-11-08 16:06:05,379] >> epoch 5/1700000, average cost 13.300441
[2016-11-08 16:07:40,178] >> epoch 5/1710000, average cost 13.301550
[2016-11-08 16:09:20,865] >> epoch 5/1720000, average cost 13.331553
[2016-11-08 16:10:22,095] >> epoch 5/1730000, average cost 13.286678
[2016-11-08 16:11:52,840] >> epoch 5/1740000, average cost 13.261514
[2016-11-08 16:13:35,064] >> epoch 5/1750000, average cost 13.305938
[2016-11-08 16:15:04,945] >> epoch 5/1760000, average cost 13.307137
[2016-11-08 16:16:29,422] >> epoch 5/1770000, average cost 13.297560
[2016-11-08 16:17:58,865] >> epoch 5/1780000, average cost 13.259418
[2016-11-08 16:19:30,515] >> epoch 5/1790000, average cost 13.213696
[2016-11-08 16:21:04,443] >> epoch 5/1800000, average cost 13.264461
[2016-11-08 16:22:29,619] >> epoch 5/1810000, average cost 13.260862
[2016-11-08 16:23:32,320] >> epoch 5/1820000, average cost 13.249728
[2016-11-08 16:25:01,718] >> epoch 5/1830000, average cost 13.241525
[2016-11-08 16:26:36,379] >> epoch 5/1840000, average cost 13.212288
[2016-11-08 16:28:09,557] >> epoch 5/1850000, average cost 13.230035
[2016-11-08 16:29:36,255] >> epoch 5/1860000, average cost 13.234603
[2016-11-08 16:31:16,774] >> epoch 5/1870000, average cost 13.225786
[2016-11-08 16:32:49,163] >> epoch 5/1880000, average cost 13.161431
[2016-11-08 16:34:10,720] >> epoch 5/1890000, average cost 13.172568
[2016-11-08 16:35:36,719] >> epoch 5/1900000, average cost 13.183275
[2016-11-08 16:36:34,436] >> epoch 5/1910000, average cost 13.138302
[2016-11-08 16:37:42,054] >> epoch 5/1920000, average cost 13.157493
[2016-11-08 16:38:48,074] >> epoch 5/1930000, average cost 13.150678
[2016-11-08 16:40:00,344] >> epoch 5/1940000, average cost 13.136109
[2016-11-08 16:41:37,739] >> epoch 5/1950000, average cost 13.150380
[2016-11-08 16:43:17,966] >> epoch 5/1960000, average cost 13.105704
[2016-11-08 16:44:53,504] >> epoch 5/1970000, average cost 13.127279
[2016-11-08 16:46:27,116] >> epoch 5/1980000, average cost 13.156822
[2016-11-08 16:47:50,098] >> epoch 5/1990000, average cost 13.111528
[2016-11-08 16:49:07,466] >> epoch 6/1999980, average cost 13.223138
[2016-11-08 16:49:40,395] >> epoch 7/2000000, average cost 13.130076
[2016-11-08 16:49:40,395] >> Training finished in 4:43:54.011370
[2016-11-08 16:50:31,091] >> Loading model
[2016-11-08 16:50:31,609] >> Loading datasets
[2016-11-08 16:50:31,626] >> Reconstruction training started with arguments:
{'activation_noise': None,
 'adadelta': False,
 'adadelta_epsilon': '1e-6',
 'adadelta_rho': '0.95',
 'adagrad': False,
 'adagrad_decay': False,
 'batch_size': 128,
 'ce_sparsity': 0.01,
 'ce_sparsity_weight': 0.0,
 'compound': False,
 'corruption_level': 0.2,
 'datasets': (DatasetContainer [PFileStreamDataset@/home/ddraper/train.pfile],
              DatasetContainer [],
              DatasetContainer []),
 'epochs': 50,
 'fix_layers': [],
 'graph': False,
 'hooks': [],
 'l1_reg': '0.0',
 'l2_reg': '0.0',
 'layer_args': {1: {}},
 'layers': [2],
 'learning_rate': '0.01',
 'loss': 'crossentropy',
 'minibatches': 2000000,
 'momentum': '',
 'noise': 'mask',
 'sparsity': 0.05,
 'sparsity_weight': 0.0,
 'validate': False,
 'verbosity': 1,
 'warn': False}
[2016-11-08 16:50:31,626] >> Reconstruction training started with da:
{'hidden_activation': u'sigmoid',
 'n_hidden': 1000,
 'n_visible': 1000,
 'tied_weights': True,
 'visible_activation': u'sigmoid'}
[2016-11-08 16:50:31,626] >> Compiling theano graph
Using gpu device 0: Tesla M2075 (CNMeM is disabled, cuDNN not available)
[2016-11-08 16:51:08,314] >> Training started
[2016-11-08 16:52:18,150] >> epoch 0/10000, average cost 251.208755
[2016-11-08 16:54:15,350] >> epoch 0/20000, average cost 247.529648
[2016-11-08 16:56:10,701] >> epoch 0/30000, average cost 246.397903
[2016-11-08 16:58:19,768] >> epoch 0/40000, average cost 245.884354
[2016-11-08 17:00:32,502] >> epoch 0/50000, average cost 245.693848
[2016-11-08 17:02:47,066] >> epoch 0/60000, average cost 245.760468
[2016-11-08 17:05:03,571] >> epoch 0/70000, average cost 245.274597
[2016-11-08 17:07:12,490] >> epoch 0/80000, average cost 245.601624
[2016-11-08 17:08:41,336] >> epoch 0/90000, average cost 245.863052
[2016-11-08 17:10:52,857] >> epoch 0/100000, average cost 245.921494
[2016-11-08 17:12:54,550] >> epoch 0/110000, average cost 245.548355
[2016-11-08 17:15:04,919] >> epoch 0/120000, average cost 245.090393
[2016-11-08 17:17:34,473] >> epoch 0/130000, average cost 245.139801
[2016-11-08 17:19:49,648] >> epoch 0/140000, average cost 245.411423
[2016-11-08 17:21:29,879] >> epoch 0/150000, average cost 245.275146
[2016-11-08 17:23:11,857] >> epoch 0/160000, average cost 245.628006
[2016-11-08 17:24:49,812] >> epoch 0/170000, average cost 245.029327
[2016-11-08 17:25:56,138] >> epoch 0/180000, average cost 244.761871
[2016-11-08 17:27:34,780] >> epoch 0/190000, average cost 245.602798
[2016-11-08 17:29:14,111] >> epoch 0/200000, average cost 245.234818
[2016-11-08 17:30:48,984] >> epoch 0/210000, average cost 244.747345
[2016-11-08 17:32:24,179] >> epoch 0/220000, average cost 244.790421
[2016-11-08 17:33:53,038] >> epoch 0/230000, average cost 244.898102
[2016-11-08 17:35:22,100] >> epoch 0/240000, average cost 244.817505
[2016-11-08 17:36:36,974] >> epoch 0/250000, average cost 244.776596
[2016-11-08 17:37:52,379] >> epoch 0/260000, average cost 244.781570
[2016-11-08 17:39:05,499] >> epoch 0/270000, average cost 244.456818
[2016-11-08 17:40:18,635] >> epoch 0/280000, average cost 244.762497
[2016-11-08 17:41:29,875] >> epoch 0/290000, average cost 244.826508
[2016-11-08 17:42:41,591] >> epoch 0/300000, average cost 244.898621
[2016-11-08 17:43:53,835] >> epoch 0/310000, average cost 245.365829
[2016-11-08 17:45:05,463] >> epoch 0/320000, average cost 244.988602
[2016-11-08 17:46:15,040] >> epoch 0/330000, average cost 244.970657
[2016-11-08 17:46:38,194] >> epoch 1/333330, average cost 245.476517
[2016-11-08 17:49:03,371] >> epoch 1/350000, average cost 244.942825
[2016-11-08 17:50:37,645] >> epoch 1/360000, average cost 245.231232
[2016-11-08 17:51:47,590] >> epoch 1/370000, average cost 244.968552
[2016-11-08 17:53:34,471] >> epoch 1/380000, average cost 244.597595
[2016-11-08 17:55:16,521] >> epoch 1/390000, average cost 245.231720
[2016-11-08 17:56:57,703] >> epoch 1/400000, average cost 244.646347
[2016-11-08 17:58:25,673] >> epoch 1/410000, average cost 244.914902
[2016-11-08 17:59:58,426] >> epoch 1/420000, average cost 245.351028
[2016-11-08 18:01:33,424] >> epoch 1/430000, average cost 245.319870
[2016-11-08 18:03:03,898] >> epoch 1/440000, average cost 245.444305
[2016-11-08 18:04:40,277] >> epoch 1/450000, average cost 244.821030
[2016-11-08 18:05:51,258] >> epoch 1/460000, average cost 244.511444
[2016-11-08 18:07:27,870] >> epoch 1/470000, average cost 245.059052
[2016-11-08 18:09:00,547] >> epoch 1/480000, average cost 244.945282
[2016-11-08 18:10:34,546] >> epoch 1/490000, average cost 245.274155
[2016-11-08 18:12:05,948] >> epoch 1/500000, average cost 244.974594
[2016-11-08 18:13:37,407] >> epoch 1/510000, average cost 244.468506
[2016-11-08 18:15:08,545] >> epoch 1/520000, average cost 245.239151
[2016-11-08 18:16:43,167] >> epoch 1/530000, average cost 244.901855
[2016-11-08 18:17:51,003] >> epoch 1/540000, average cost 244.766327
[2016-11-08 18:19:29,745] >> epoch 1/550000, average cost 244.513046
[2016-11-08 18:21:00,864] >> epoch 1/560000, average cost 244.579880
[2016-11-08 18:22:35,617] >> epoch 1/570000, average cost 244.780197
[2016-11-08 18:23:55,031] >> epoch 1/580000, average cost 244.464401
[2016-11-08 18:25:14,479] >> epoch 1/590000, average cost 244.690948
[2016-11-08 18:26:26,951] >> epoch 1/600000, average cost 244.224899
[2016-11-08 18:27:39,799] >> epoch 1/610000, average cost 244.536224
[2016-11-08 18:28:51,471] >> epoch 1/620000, average cost 244.687973
[2016-11-08 18:30:03,490] >> epoch 1/630000, average cost 244.780853
[2016-11-08 18:31:16,967] >> epoch 1/640000, average cost 244.902054
[2016-11-08 18:32:29,387] >> epoch 1/650000, average cost 245.018402
[2016-11-08 18:33:31,930] >> epoch 1/660000, average cost 244.758057
[2016-11-08 18:34:30,943] >> epoch 2/666660, average cost 244.855865
[2016-11-08 18:36:14,296] >> epoch 2/680000, average cost 244.585342
[2016-11-08 18:37:38,672] >> epoch 2/690000, average cost 245.218750
[2016-11-08 18:39:09,504] >> epoch 2/700000, average cost 244.780869
[2016-11-08 18:40:47,042] >> epoch 2/710000, average cost 244.520004
[2016-11-08 18:42:32,872] >> epoch 2/720000, average cost 245.040054
[2016-11-08 18:43:40,829] >> epoch 2/730000, average cost 244.578568
[2016-11-08 18:45:13,230] >> epoch 2/740000, average cost 244.635605
[2016-11-08 18:46:44,127] >> epoch 2/750000, average cost 245.103546
[2016-11-08 18:48:20,361] >> epoch 2/760000, average cost 245.140793
[2016-11-08 18:49:48,891] >> epoch 2/770000, average cost 245.366470
[2016-11-08 18:51:23,490] >> epoch 2/780000, average cost 244.775528
[2016-11-08 18:52:55,272] >> epoch 2/790000, average cost 244.425995
[2016-11-08 18:54:29,149] >> epoch 2/800000, average cost 244.852875
[2016-11-08 18:56:04,535] >> epoch 2/810000, average cost 244.904099
[2016-11-08 18:57:11,842] >> epoch 2/820000, average cost 244.969620
[2016-11-08 18:58:48,085] >> epoch 2/830000, average cost 245.065231
[2016-11-08 19:00:24,288] >> epoch 2/840000, average cost 244.390518
[2016-11-08 19:01:55,159] >> epoch 2/850000, average cost 244.798492
[2016-11-08 19:03:31,206] >> epoch 2/860000, average cost 244.963150
[2016-11-08 19:05:04,389] >> epoch 2/870000, average cost 244.835297
[2016-11-08 19:06:37,927] >> epoch 2/880000, average cost 244.302872
[2016-11-08 19:08:09,685] >> epoch 2/890000, average cost 244.456345
[2016-11-08 19:09:39,012] >> epoch 2/900000, average cost 244.715744
[2016-11-08 19:10:46,843] >> epoch 2/910000, average cost 244.255280
[2016-11-08 19:12:03,751] >> epoch 2/920000, average cost 244.630569
[2016-11-08 19:13:22,215] >> epoch 2/930000, average cost 244.204132
[2016-11-08 19:14:36,853] >> epoch 2/940000, average cost 244.305496
[2016-11-08 19:15:50,575] >> epoch 2/950000, average cost 244.525925
[2016-11-08 19:17:02,395] >> epoch 2/960000, average cost 244.550705
[2016-11-08 19:18:17,391] >> epoch 2/970000, average cost 244.616348
[2016-11-08 19:19:31,628] >> epoch 2/980000, average cost 245.172745
[2016-11-08 19:20:46,750] >> epoch 2/990000, average cost 244.567993
[2016-11-08 19:22:01,678] >> epoch 3/999990, average cost 244.725220
[2016-11-08 19:23:02,293] >> epoch 3/1010000, average cost 244.393555
[2016-11-08 19:24:33,195] >> epoch 3/1020000, average cost 245.059204
[2016-11-08 19:26:03,636] >> epoch 3/1030000, average cost 244.716644
[2016-11-08 19:27:35,974] >> epoch 3/1040000, average cost 244.588074
[2016-11-08 19:29:07,980] >> epoch 3/1050000, average cost 244.592743
[2016-11-08 19:30:40,267] >> epoch 3/1060000, average cost 244.793701
[2016-11-08 19:32:19,279] >> epoch 3/1070000, average cost 244.396423
[2016-11-08 19:33:56,342] >> epoch 3/1080000, average cost 244.797623
[2016-11-08 19:35:04,412] >> epoch 3/1090000, average cost 245.108521
[2016-11-08 19:36:36,101] >> epoch 3/1100000, average cost 245.222351
[2016-11-08 19:38:05,529] >> epoch 3/1110000, average cost 244.879700
[2016-11-08 19:39:37,925] >> epoch 3/1120000, average cost 244.459503
[2016-11-08 19:41:12,323] >> epoch 3/1130000, average cost 244.553253
[2016-11-08 19:42:56,627] >> epoch 3/1140000, average cost 244.832108
[2016-11-08 19:44:29,697] >> epoch 3/1150000, average cost 244.730255
[2016-11-08 19:46:01,249] >> epoch 3/1160000, average cost 245.104172
[2016-11-08 19:47:31,371] >> epoch 3/1170000, average cost 244.517029
[2016-11-08 19:48:35,184] >> epoch 3/1180000, average cost 244.272446
[2016-11-08 19:50:05,127] >> epoch 3/1190000, average cost 245.127502
[2016-11-08 19:51:36,818] >> epoch 3/1200000, average cost 244.771774
[2016-11-08 19:53:06,735] >> epoch 3/1210000, average cost 244.283432
[2016-11-08 19:54:34,666] >> epoch 3/1220000, average cost 244.359207
[2016-11-08 19:55:56,820] >> epoch 3/1230000, average cost 244.465805
[2016-11-08 19:57:15,958] >> epoch 3/1240000, average cost 244.382996
[2016-11-08 19:58:28,158] >> epoch 3/1250000, average cost 244.383682
[2016-11-08 19:59:41,675] >> epoch 3/1260000, average cost 244.380600
[2016-11-08 20:00:54,088] >> epoch 3/1270000, average cost 244.063721
[2016-11-08 20:02:06,158] >> epoch 3/1280000, average cost 244.364304
[2016-11-08 20:03:14,459] >> epoch 3/1290000, average cost 244.463852
[2016-11-08 20:04:27,331] >> epoch 3/1300000, average cost 244.520874
[2016-11-08 20:05:38,355] >> epoch 3/1310000, average cost 244.985123
[2016-11-08 20:06:48,895] >> epoch 3/1320000, average cost 244.642548
[2016-11-08 20:07:56,887] >> epoch 3/1330000, average cost 244.615326
[2016-11-08 20:08:21,482] >> epoch 4/1333320, average cost 244.629501
[2016-11-08 20:10:34,417] >> epoch 4/1350000, average cost 244.604080
[2016-11-08 20:11:55,873] >> epoch 4/1360000, average cost 244.880554
[2016-11-08 20:13:00,865] >> epoch 4/1370000, average cost 244.624680
[2016-11-08 20:15:43,810] >> epoch 4/1380000, average cost 244.263306
[2016-11-08 20:18:11,950] >> epoch 4/1390000, average cost 244.907700
[2016-11-08 20:21:15,005] >> epoch 4/1400000, average cost 244.311447
[2016-11-08 20:24:10,118] >> epoch 4/1410000, average cost 244.578644
[2016-11-08 20:26:46,055] >> epoch 4/1420000, average cost 245.036652
[2016-11-08 20:29:14,427] >> epoch 4/1430000, average cost 244.998306
[2016-11-08 20:30:53,823] >> epoch 4/1440000, average cost 245.130096
[2016-11-08 20:32:42,512] >> epoch 4/1450000, average cost 244.507599
[2016-11-08 20:33:52,504] >> epoch 4/1460000, average cost 244.199127
[2016-11-08 20:35:24,599] >> epoch 4/1470000, average cost 244.743652
[2016-11-08 20:36:54,942] >> epoch 4/1480000, average cost 244.659393
[2016-11-08 20:38:24,426] >> epoch 4/1490000, average cost 244.980270
[2016-11-08 20:39:54,433] >> epoch 4/1500000, average cost 244.658005
[2016-11-08 20:41:21,527] >> epoch 4/1510000, average cost 244.171646
[2016-11-08 20:42:51,641] >> epoch 4/1520000, average cost 244.936279
[2016-11-08 20:44:22,453] >> epoch 4/1530000, average cost 244.605026
[2016-11-08 20:45:26,859] >> epoch 4/1540000, average cost 244.485382
[2016-11-08 20:46:57,731] >> epoch 4/1550000, average cost 244.229904
[2016-11-08 20:48:21,966] >> epoch 4/1560000, average cost 244.301025
[2016-11-08 20:49:47,644] >> epoch 4/1570000, average cost 244.479172
[2016-11-08 20:51:03,847] >> epoch 4/1580000, average cost 244.198029
[2016-11-08 20:52:21,627] >> epoch 4/1590000, average cost 244.419907
[2016-11-08 20:53:32,539] >> epoch 4/1600000, average cost 243.952301
[2016-11-08 20:54:42,667] >> epoch 4/1610000, average cost 244.248306
[2016-11-08 20:55:52,807] >> epoch 4/1620000, average cost 244.417618
[2016-11-08 20:57:04,102] >> epoch 4/1630000, average cost 244.514847
[2016-11-08 20:58:16,513] >> epoch 4/1640000, average cost 244.627747
[2016-11-08 20:59:19,231] >> epoch 4/1650000, average cost 244.762497
[2016-11-08 21:00:28,432] >> epoch 4/1660000, average cost 244.473007
[2016-11-08 21:01:24,427] >> epoch 5/1666650, average cost 244.554718
[2016-11-08 21:02:58,255] >> epoch 5/1680000, average cost 244.325775
[2016-11-08 21:04:22,575] >> epoch 5/1690000, average cost 244.948654
[2016-11-08 21:05:48,453] >> epoch 5/1700000, average cost 244.525726
[2016-11-08 21:07:18,783] >> epoch 5/1710000, average cost 244.263519
[2016-11-08 21:08:46,875] >> epoch 5/1720000, average cost 244.781769
[2016-11-08 21:09:54,209] >> epoch 5/1730000, average cost 244.330154
[2016-11-08 21:11:19,779] >> epoch 5/1740000, average cost 244.382446
[2016-11-08 21:12:42,982] >> epoch 5/1750000, average cost 244.848923
[2016-11-08 21:14:14,415] >> epoch 5/1760000, average cost 244.907043
[2016-11-08 21:15:36,614] >> epoch 5/1770000, average cost 245.110626
[2016-11-08 21:17:19,637] >> epoch 5/1780000, average cost 244.518295
[2016-11-08 21:18:50,786] >> epoch 5/1790000, average cost 244.205200
[2016-11-08 21:20:27,001] >> epoch 5/1800000, average cost 244.598572
[2016-11-08 21:22:06,559] >> epoch 5/1810000, average cost 244.666245
[2016-11-08 21:23:15,627] >> epoch 5/1820000, average cost 244.729523
[2016-11-08 21:25:10,763] >> epoch 5/1830000, average cost 244.826172
[2016-11-08 21:26:56,534] >> epoch 5/1840000, average cost 244.164322
[2016-11-08 21:28:31,362] >> epoch 5/1850000, average cost 244.555893
[2016-11-08 21:30:10,033] >> epoch 5/1860000, average cost 244.733902
[2016-11-08 21:31:44,282] >> epoch 5/1870000, average cost 244.588074
[2016-11-08 21:33:21,522] >> epoch 5/1880000, average cost 244.075104
[2016-11-08 21:34:53,307] >> epoch 5/1890000, average cost 244.240799
[2016-11-08 21:36:25,302] >> epoch 5/1900000, average cost 244.485123
[2016-11-08 21:37:33,408] >> epoch 5/1910000, average cost 244.030197
[2016-11-08 21:38:51,743] >> epoch 5/1920000, average cost 244.406143
[2016-11-08 21:40:00,788] >> epoch 5/1930000, average cost 243.986679
[2016-11-08 21:41:20,342] >> epoch 5/1940000, average cost 244.086777
[2016-11-08 21:42:39,503] >> epoch 5/1950000, average cost 244.298523
[2016-11-08 21:43:55,015] >> epoch 5/1960000, average cost 244.337051
[2016-11-08 21:45:09,571] >> epoch 5/1970000, average cost 244.383118
[2016-11-08 21:46:23,715] >> epoch 5/1980000, average cost 244.964325
[2016-11-08 21:47:39,125] >> epoch 5/1990000, average cost 244.351303
[2016-11-08 21:48:52,390] >> epoch 6/1999980, average cost 244.488495
[2016-11-08 21:48:54,538] >> epoch 7/2000000, average cost 244.575974
[2016-11-08 21:48:54,538] >> Training finished in 4:57:46.223100
[2016-11-08 21:49:16,320] >> Loading model
[2016-11-08 21:49:16,786] >> Loading datasets
[2016-11-08 21:49:16,812] >> Reconstruction training started with arguments:
{'activation_noise': None,
 'adadelta': False,
 'adadelta_epsilon': '1e-6',
 'adadelta_rho': '0.95',
 'adagrad': False,
 'adagrad_decay': False,
 'batch_size': 128,
 'ce_sparsity': 0.01,
 'ce_sparsity_weight': 0.0,
 'compound': False,
 'corruption_level': 0.2,
 'datasets': (DatasetContainer [PFileStreamDataset@/home/ddraper/train.pfile],
              DatasetContainer [],
              DatasetContainer []),
 'epochs': 50,
 'fix_layers': [],
 'graph': False,
 'hooks': [],
 'l1_reg': '0.0',
 'l2_reg': '0.0',
 'layer_args': {1: {}, 2: {}},
 'layers': [3],
 'learning_rate': '0.01',
 'loss': 'crossentropy',
 'minibatches': 2000000,
 'momentum': '',
 'noise': 'mask',
 'sparsity': 0.05,
 'sparsity_weight': 0.0,
 'validate': False,
 'verbosity': 1,
 'warn': False}
[2016-11-08 21:49:16,812] >> Reconstruction training started with da:
{'hidden_activation': u'sigmoid',
 'n_hidden': 1000,
 'n_visible': 1000,
 'tied_weights': True,
 'visible_activation': u'sigmoid'}
[2016-11-08 21:49:16,812] >> Compiling theano graph
Using gpu device 0: Tesla M2075 (CNMeM is disabled, cuDNN not available)
[2016-11-08 21:49:42,613] >> Training started
[2016-11-08 21:50:44,809] >> epoch 0/10000, average cost 468.800446
[2016-11-08 21:52:15,162] >> epoch 0/20000, average cost 462.078491
[2016-11-08 21:53:41,135] >> epoch 0/30000, average cost 460.904114
[2016-11-08 21:55:18,999] >> epoch 0/40000, average cost 460.401062
[2016-11-08 21:56:57,643] >> epoch 0/50000, average cost 460.084412
[2016-11-08 21:58:31,063] >> epoch 0/60000, average cost 459.927704
[2016-11-08 22:00:02,153] >> epoch 0/70000, average cost 459.801605
[2016-11-08 22:01:33,517] >> epoch 0/80000, average cost 459.629242
[2016-11-08 22:02:43,023] >> epoch 0/90000, average cost 459.534302
[2016-11-08 22:04:13,227] >> epoch 0/100000, average cost 459.427155
[2016-11-08 22:05:49,641] >> epoch 0/110000, average cost 459.289795
[2016-11-08 22:07:27,670] >> epoch 0/120000, average cost 459.199860
[2016-11-08 22:08:59,528] >> epoch 0/130000, average cost 459.027191
[2016-11-08 22:10:30,692] >> epoch 0/140000, average cost 458.980011
[2016-11-08 22:12:00,700] >> epoch 0/150000, average cost 458.838562
[2016-11-08 22:13:34,919] >> epoch 0/160000, average cost 458.790894
[2016-11-08 22:15:04,486] >> epoch 0/170000, average cost 458.622711
[2016-11-08 22:16:12,880] >> epoch 0/180000, average cost 458.583862
[2016-11-08 22:17:45,534] >> epoch 0/190000, average cost 458.587006
[2016-11-08 22:19:16,714] >> epoch 0/200000, average cost 458.453003
[2016-11-08 22:20:47,998] >> epoch 0/210000, average cost 458.468414
[2016-11-08 22:22:20,392] >> epoch 0/220000, average cost 458.435364
[2016-11-08 22:23:45,091] >> epoch 0/230000, average cost 458.406189
[2016-11-08 22:25:07,006] >> epoch 0/240000, average cost 458.167999
[2016-11-08 22:26:23,296] >> epoch 0/250000, average cost 458.203705
[2016-11-08 22:27:40,424] >> epoch 0/260000, average cost 458.117554
[2016-11-08 22:28:55,925] >> epoch 0/270000, average cost 457.973541
[2016-11-08 22:30:11,399] >> epoch 0/280000, average cost 458.061707
[2016-11-08 22:31:23,856] >> epoch 0/290000, average cost 458.027100
[2016-11-08 22:32:39,199] >> epoch 0/300000, average cost 457.921448
[2016-11-08 22:33:52,107] >> epoch 0/310000, average cost 457.941650
[2016-11-08 22:35:07,219] >> epoch 0/320000, average cost 457.971985
[2016-11-08 22:36:20,379] >> epoch 0/330000, average cost 457.889313
[2016-11-08 22:36:47,098] >> epoch 1/333330, average cost 459.214264
[2016-11-08 22:39:03,620] >> epoch 1/350000, average cost 457.768951
[2016-11-08 22:40:29,798] >> epoch 1/360000, average cost 457.634338
[2016-11-08 22:41:37,726] >> epoch 1/370000, average cost 457.757355
[2016-11-08 22:43:08,259] >> epoch 1/380000, average cost 457.598694
[2016-11-08 22:44:39,264] >> epoch 1/390000, average cost 457.579895
[2016-11-08 22:46:09,022] >> epoch 1/400000, average cost 457.598389
[2016-11-08 22:47:36,003] >> epoch 1/410000, average cost 457.545807
[2016-11-08 22:49:09,358] >> epoch 1/420000, average cost 457.475739
[2016-11-08 22:50:38,867] >> epoch 1/430000, average cost 457.477295
[2016-11-08 22:52:08,820] >> epoch 1/440000, average cost 457.475464
[2016-11-08 22:53:38,707] >> epoch 1/450000, average cost 457.455597
[2016-11-08 22:54:48,322] >> epoch 1/460000, average cost 457.380493
[2016-11-08 22:56:19,238] >> epoch 1/470000, average cost 457.316498
[2016-11-08 22:57:48,807] >> epoch 1/480000, average cost 457.334961
[2016-11-08 22:59:18,405] >> epoch 1/490000, average cost 457.303650
[2016-11-08 23:00:47,089] >> epoch 1/500000, average cost 457.269287
[2016-11-08 23:02:17,490] >> epoch 1/510000, average cost 457.202301
[2016-11-08 23:03:48,040] >> epoch 1/520000, average cost 457.276764
[2016-11-08 23:05:18,569] >> epoch 1/530000, average cost 457.242554
[2016-11-08 23:06:28,399] >> epoch 1/540000, average cost 457.196106
[2016-11-08 23:07:59,817] >> epoch 1/550000, average cost 457.396515
[2016-11-08 23:09:25,605] >> epoch 1/560000, average cost 457.302643
[2016-11-08 23:10:51,608] >> epoch 1/570000, average cost 457.160095
[2016-11-08 23:12:16,322] >> epoch 1/580000, average cost 457.147339
[2016-11-08 23:13:39,606] >> epoch 1/590000, average cost 457.213593
[2016-11-08 23:14:57,423] >> epoch 1/600000, average cost 457.070557
[2016-11-08 23:16:13,848] >> epoch 1/610000, average cost 457.197906
[2016-11-08 23:17:31,315] >> epoch 1/620000, average cost 457.175507
[2016-11-08 23:18:48,532] >> epoch 1/630000, average cost 457.128204
[2016-11-08 23:20:06,588] >> epoch 1/640000, average cost 457.110504
[2016-11-08 23:21:22,971] >> epoch 1/650000, average cost 457.242493
[2016-11-08 23:22:31,386] >> epoch 1/660000, average cost 457.202515
[2016-11-08 23:23:32,207] >> epoch 2/666660, average cost 457.354431
[2016-11-08 23:25:12,144] >> epoch 2/680000, average cost 457.100311
[2016-11-08 23:26:40,988] >> epoch 2/690000, average cost 457.030609
[2016-11-08 23:28:12,448] >> epoch 2/700000, average cost 457.141296
[2016-11-08 23:29:45,839] >> epoch 2/710000, average cost 457.030548
[2016-11-08 23:31:21,754] >> epoch 2/720000, average cost 457.018311
[2016-11-08 23:32:33,710] >> epoch 2/730000, average cost 457.062103
[2016-11-08 23:34:05,320] >> epoch 2/740000, average cost 457.061340
[2016-11-08 23:35:37,584] >> epoch 2/750000, average cost 456.958008
[2016-11-08 23:37:15,552] >> epoch 2/760000, average cost 457.006409
[2016-11-08 23:38:45,030] >> epoch 2/770000, average cost 457.014893
[2016-11-08 23:40:17,517] >> epoch 2/780000, average cost 456.993896
[2016-11-08 23:41:52,162] >> epoch 2/790000, average cost 456.972992
[2016-11-08 23:43:26,589] >> epoch 2/800000, average cost 456.895538
[2016-11-08 23:44:57,695] >> epoch 2/810000, average cost 456.983185
[2016-11-08 23:46:09,537] >> epoch 2/820000, average cost 456.888885
[2016-11-08 23:47:41,639] >> epoch 2/830000, average cost 456.944855
[2016-11-08 23:49:13,571] >> epoch 2/840000, average cost 456.828796
[2016-11-08 23:50:46,244] >> epoch 2/850000, average cost 456.905304
[2016-11-08 23:52:20,660] >> epoch 2/860000, average cost 456.932587
[2016-11-08 23:53:54,293] >> epoch 2/870000, average cost 456.874542
[2016-11-08 23:55:26,736] >> epoch 2/880000, average cost 457.036865
[2016-11-08 23:56:56,055] >> epoch 2/890000, average cost 456.940399
[2016-11-08 23:58:26,973] >> epoch 2/900000, average cost 456.977997
[2016-11-08 23:59:40,025] >> epoch 2/910000, average cost 456.815948
[2016-11-09 00:01:03,480] >> epoch 2/920000, average cost 456.976410
[2016-11-09 00:02:23,492] >> epoch 2/930000, average cost 456.840363
[2016-11-09 00:03:40,846] >> epoch 2/940000, average cost 456.882294
[2016-11-09 00:04:58,255] >> epoch 2/950000, average cost 456.911438
[2016-11-09 00:06:14,213] >> epoch 2/960000, average cost 456.913940
[2016-11-09 00:07:32,559] >> epoch 2/970000, average cost 456.866211
[2016-11-09 00:08:49,268] >> epoch 2/980000, average cost 456.976715
[2016-11-09 00:10:06,367] >> epoch 2/990000, average cost 456.981445
[2016-11-09 00:11:25,078] >> epoch 3/999990, average cost 456.961151
[2016-11-09 00:12:30,597] >> epoch 3/1010000, average cost 456.857635
[2016-11-09 00:14:04,134] >> epoch 3/1020000, average cost 456.867615
[2016-11-09 00:15:31,654] >> epoch 3/1030000, average cost 456.881500
[2016-11-09 00:17:03,719] >> epoch 3/1040000, average cost 456.881012
[2016-11-09 00:18:38,907] >> epoch 3/1050000, average cost 456.821686
[2016-11-09 00:20:13,302] >> epoch 3/1060000, average cost 456.836090
[2016-11-09 00:21:46,667] >> epoch 3/1070000, average cost 456.867462
[2016-11-09 00:23:15,595] >> epoch 3/1080000, average cost 456.816406
[2016-11-09 00:24:27,634] >> epoch 3/1090000, average cost 456.827698
[2016-11-09 00:25:58,049] >> epoch 3/1100000, average cost 456.830200
[2016-11-09 00:27:29,954] >> epoch 3/1110000, average cost 456.818512
[2016-11-09 00:29:04,230] >> epoch 3/1120000, average cost 456.827362
[2016-11-09 00:30:39,016] >> epoch 3/1130000, average cost 456.763702
[2016-11-09 00:32:16,359] >> epoch 3/1140000, average cost 456.798615
[2016-11-09 00:33:51,286] >> epoch 3/1150000, average cost 456.748138
[2016-11-09 00:35:29,330] >> epoch 3/1160000, average cost 456.788910
[2016-11-09 00:37:06,019] >> epoch 3/1170000, average cost 456.693054
[2016-11-09 00:38:17,447] >> epoch 3/1180000, average cost 456.738312
[2016-11-09 00:40:09,425] >> epoch 3/1190000, average cost 456.805450
[2016-11-09 00:42:39,014] >> epoch 3/1200000, average cost 456.744690
[2016-11-09 00:44:58,486] >> epoch 3/1210000, average cost 456.825500
[2016-11-09 00:46:39,477] >> epoch 3/1220000, average cost 456.873047
[2016-11-09 00:48:07,252] >> epoch 3/1230000, average cost 456.885742
[2016-11-09 00:49:35,190] >> epoch 3/1240000, average cost 456.700287
[2016-11-09 00:50:56,494] >> epoch 3/1250000, average cost 456.803955
[2016-11-09 00:52:15,875] >> epoch 3/1260000, average cost 456.765137
[2016-11-09 00:53:34,220] >> epoch 3/1270000, average cost 456.675262
[2016-11-09 00:54:52,440] >> epoch 3/1280000, average cost 456.801239
[2016-11-09 00:56:09,339] >> epoch 3/1290000, average cost 456.821594
[2016-11-09 00:57:28,403] >> epoch 3/1300000, average cost 456.748993
[2016-11-09 00:58:46,059] >> epoch 3/1310000, average cost 456.811005
[2016-11-09 01:00:03,866] >> epoch 3/1320000, average cost 456.882843
[2016-11-09 01:01:20,564] >> epoch 3/1330000, average cost 456.843414
[2016-11-09 01:01:47,254] >> epoch 4/1333320, average cost 456.807129
[2016-11-09 01:04:09,888] >> epoch 4/1350000, average cost 456.788513
[2016-11-09 01:05:40,077] >> epoch 4/1360000, average cost 456.680298
[2016-11-09 01:06:50,814] >> epoch 4/1370000, average cost 456.846252
[2016-11-09 01:08:25,353] >> epoch 4/1380000, average cost 456.714539
[2016-11-09 01:10:01,272] >> epoch 4/1390000, average cost 456.726257
[2016-11-09 01:11:36,964] >> epoch 4/1400000, average cost 456.768494
[2016-11-09 01:13:08,402] >> epoch 4/1410000, average cost 456.746063
[2016-11-09 01:14:44,895] >> epoch 4/1420000, average cost 456.691010
[2016-11-09 01:16:18,503] >> epoch 4/1430000, average cost 456.722107
[2016-11-09 01:17:52,240] >> epoch 4/1440000, average cost 456.744812
[2016-11-09 01:19:30,876] >> epoch 4/1450000, average cost 456.746796
[2016-11-09 01:20:45,594] >> epoch 4/1460000, average cost 456.697205
[2016-11-09 01:22:25,884] >> epoch 4/1470000, average cost 456.656250
[2016-11-09 01:24:00,782] >> epoch 4/1480000, average cost 456.685852
[2016-11-09 01:25:40,008] >> epoch 4/1490000, average cost 456.673859
[2016-11-09 01:27:17,231] >> epoch 4/1500000, average cost 456.657898
[2016-11-09 01:28:55,611] >> epoch 4/1510000, average cost 456.613098
[2016-11-09 01:30:29,672] >> epoch 4/1520000, average cost 456.693359
[2016-11-09 01:32:07,094] >> epoch 4/1530000, average cost 456.682892
[2016-11-09 01:33:19,108] >> epoch 4/1540000, average cost 456.650848
[2016-11-09 01:34:54,869] >> epoch 4/1550000, average cost 456.873901
[2016-11-09 01:36:27,295] >> epoch 4/1560000, average cost 456.786804
[2016-11-09 01:37:59,640] >> epoch 4/1570000, average cost 456.656494
[2016-11-09 01:39:30,026] >> epoch 4/1580000, average cost 456.658844
[2016-11-09 01:40:58,730] >> epoch 4/1590000, average cost 456.732758
[2016-11-09 01:42:20,355] >> epoch 4/1600000, average cost 456.599457
[2016-11-09 01:43:39,096] >> epoch 4/1610000, average cost 456.738007
[2016-11-09 01:44:57,799] >> epoch 4/1620000, average cost 456.724609
[2016-11-09 01:46:17,283] >> epoch 4/1630000, average cost 456.685852
[2016-11-09 01:47:37,047] >> epoch 4/1640000, average cost 456.679443
[2016-11-09 01:48:54,305] >> epoch 4/1650000, average cost 456.816406
[2016-11-09 01:50:04,787] >> epoch 4/1660000, average cost 456.792297
[2016-11-09 01:51:06,682] >> epoch 5/1666650, average cost 456.716949
[2016-11-09 01:52:51,514] >> epoch 5/1680000, average cost 456.695892
[2016-11-09 01:54:22,334] >> epoch 5/1690000, average cost 456.648407
[2016-11-09 01:55:57,143] >> epoch 5/1700000, average cost 456.753998
[2016-11-09 01:57:35,673] >> epoch 5/1710000, average cost 456.658813
[2016-11-09 01:59:13,685] >> epoch 5/1720000, average cost 456.650635
[2016-11-09 02:00:28,146] >> epoch 5/1730000, average cost 456.700897
[2016-11-09 02:02:05,571] >> epoch 5/1740000, average cost 456.708344
[2016-11-09 02:03:37,352] >> epoch 5/1750000, average cost 456.609497
[2016-11-09 02:05:13,343] >> epoch 5/1760000, average cost 456.658905
[2016-11-09 02:06:42,719] >> epoch 5/1770000, average cost 456.679596
[2016-11-09 02:08:19,553] >> epoch 5/1780000, average cost 456.663605
[2016-11-09 02:09:56,182] >> epoch 5/1790000, average cost 456.656342
[2016-11-09 02:11:33,914] >> epoch 5/1800000, average cost 456.570251
[2016-11-09 02:13:10,901] >> epoch 5/1810000, average cost 456.669006
[2016-11-09 02:14:24,969] >> epoch 5/1820000, average cost 456.586060
[2016-11-09 02:16:02,887] >> epoch 5/1830000, average cost 456.640137
[2016-11-09 02:17:37,979] >> epoch 5/1840000, average cost 456.534058
[2016-11-09 02:19:12,540] >> epoch 5/1850000, average cost 456.613586
[2016-11-09 02:20:49,358] >> epoch 5/1860000, average cost 456.640900
[2016-11-09 02:22:23,206] >> epoch 5/1870000, average cost 456.589111
[2016-11-09 02:24:00,294] >> epoch 5/1880000, average cost 456.763794
[2016-11-09 02:25:33,850] >> epoch 5/1890000, average cost 456.670105
[2016-11-09 02:27:07,238] >> epoch 5/1900000, average cost 456.705261
[2016-11-09 02:28:22,908] >> epoch 5/1910000, average cost 456.549408
[2016-11-09 02:29:50,439] >> epoch 5/1920000, average cost 456.714508
[2016-11-09 02:31:15,454] >> epoch 5/1930000, average cost 456.574158
[2016-11-09 02:32:35,216] >> epoch 5/1940000, average cost 456.635101
[2016-11-09 02:33:55,508] >> epoch 5/1950000, average cost 456.656250
[2016-11-09 02:35:13,806] >> epoch 5/1960000, average cost 456.663147
[2016-11-09 02:36:33,302] >> epoch 5/1970000, average cost 456.614685
[2016-11-09 02:37:50,905] >> epoch 5/1980000, average cost 456.735840
[2016-11-09 02:39:10,859] >> epoch 5/1990000, average cost 456.742950
[2016-11-09 02:40:29,338] >> epoch 6/1999980, average cost 456.655701
[2016-11-09 02:40:32,565] >> epoch 7/2000000, average cost 456.651123
[2016-11-09 02:40:32,566] >> Training finished in 4:50:49.944158
[2016-11-09 02:40:56,212] >> Loading model
[2016-11-09 02:40:56,619] >> Loading datasets
[2016-11-09 02:40:56,640] >> Reconstruction training started with arguments:
{'activation_noise': None,
 'adadelta': False,
 'adadelta_epsilon': '1e-6',
 'adadelta_rho': '0.95',
 'adagrad': False,
 'adagrad_decay': False,
 'batch_size': 128,
 'ce_sparsity': 0.01,
 'ce_sparsity_weight': 0.0,
 'compound': False,
 'corruption_level': 0.2,
 'datasets': (DatasetContainer [PFileStreamDataset@/home/ddraper/train.pfile],
              DatasetContainer [],
              DatasetContainer []),
 'epochs': 50,
 'fix_layers': [],
 'graph': False,
 'hooks': [],
 'l1_reg': '0.0',
 'l2_reg': '0.0',
 'layer_args': {1: {}, 2: {}, 3: {}},
 'layers': [4],
 'learning_rate': '0.01',
 'loss': 'crossentropy',
 'minibatches': 2000000,
 'momentum': '',
 'noise': 'mask',
 'sparsity': 0.05,
 'sparsity_weight': 0.0,
 'validate': False,
 'verbosity': 1,
 'warn': False}
[2016-11-09 02:40:56,640] >> Reconstruction training started with da:
{'hidden_activation': u'sigmoid',
 'n_hidden': 1000,
 'n_visible': 1000,
 'tied_weights': True,
 'visible_activation': u'sigmoid'}
[2016-11-09 02:40:56,640] >> Compiling theano graph
Using gpu device 0: Tesla M2075 (CNMeM is disabled, cuDNN not available)
[2016-11-09 02:41:26,541] >> Training started
[2016-11-09 02:42:35,873] >> epoch 0/10000, average cost 102.427147
[2016-11-09 02:44:11,655] >> epoch 0/20000, average cost 99.073364
[2016-11-09 02:45:44,270] >> epoch 0/30000, average cost 98.250778
[2016-11-09 02:47:19,217] >> epoch 0/40000, average cost 97.867989
[2016-11-09 02:48:54,437] >> epoch 0/50000, average cost 97.761948
[2016-11-09 02:50:30,466] >> epoch 0/60000, average cost 97.817886
[2016-11-09 02:52:03,786] >> epoch 0/70000, average cost 97.415070
[2016-11-09 02:53:35,932] >> epoch 0/80000, average cost 97.689346
[2016-11-09 02:54:51,722] >> epoch 0/90000, average cost 97.881447
[2016-11-09 02:56:26,478] >> epoch 0/100000, average cost 97.910774
[2016-11-09 02:58:00,281] >> epoch 0/110000, average cost 97.513046
[2016-11-09 02:59:37,323] >> epoch 0/120000, average cost 97.133537
[2016-11-09 03:01:17,868] >> epoch 0/130000, average cost 97.229462
[2016-11-09 03:02:58,877] >> epoch 0/140000, average cost 97.341911
[2016-11-09 03:04:32,647] >> epoch 0/150000, average cost 97.273315
[2016-11-09 03:06:14,391] >> epoch 0/160000, average cost 97.472633
[2016-11-09 03:07:48,649] >> epoch 0/170000, average cost 97.113892
[2016-11-09 03:09:03,255] >> epoch 0/180000, average cost 96.844734
[2016-11-09 03:10:38,858] >> epoch 0/190000, average cost 97.442184
[2016-11-09 03:12:16,118] >> epoch 0/200000, average cost 97.180534
[2016-11-09 03:13:52,503] >> epoch 0/210000, average cost 96.755211
[2016-11-09 03:15:27,398] >> epoch 0/220000, average cost 96.743515
[2016-11-09 03:16:58,228] >> epoch 0/230000, average cost 96.806709
[2016-11-09 03:18:28,267] >> epoch 0/240000, average cost 96.818001
[2016-11-09 03:19:55,957] >> epoch 0/250000, average cost 96.734512
[2016-11-09 03:21:21,231] >> epoch 0/260000, average cost 96.724030
[2016-11-09 03:22:46,331] >> epoch 0/270000, average cost 96.488510
[2016-11-09 03:24:11,207] >> epoch 0/280000, average cost 96.723206
[2016-11-09 03:25:33,362] >> epoch 0/290000, average cost 96.714996
[2016-11-09 03:26:58,163] >> epoch 0/300000, average cost 96.782234
[2016-11-09 03:28:22,364] >> epoch 0/310000, average cost 97.105659
[2016-11-09 03:29:46,412] >> epoch 0/320000, average cost 96.718513
[2016-11-09 03:31:09,752] >> epoch 0/330000, average cost 96.751488
[2016-11-09 03:31:37,716] >> epoch 1/333330, average cost 97.401672
[2016-11-09 03:34:05,769] >> epoch 1/350000, average cost 96.763664
[2016-11-09 03:35:38,216] >> epoch 1/360000, average cost 97.011078
[2016-11-09 03:36:51,817] >> epoch 1/370000, average cost 96.670822
[2016-11-09 03:38:28,879] >> epoch 1/380000, average cost 96.467651
[2016-11-09 03:40:07,130] >> epoch 1/390000, average cost 96.926926
[2016-11-09 03:41:45,029] >> epoch 1/400000, average cost 96.458435
[2016-11-09 03:43:17,374] >> epoch 1/410000, average cost 96.653671
[2016-11-09 03:44:52,946] >> epoch 1/420000, average cost 97.077538
[2016-11-09 03:46:27,708] >> epoch 1/430000, average cost 97.040291
[2016-11-09 03:48:03,683] >> epoch 1/440000, average cost 97.040703
[2016-11-09 03:49:42,725] >> epoch 1/450000, average cost 96.528687
[2016-11-09 03:51:01,034] >> epoch 1/460000, average cost 96.326340
[2016-11-09 03:52:38,730] >> epoch 1/470000, average cost 96.739952
[2016-11-09 03:54:13,852] >> epoch 1/480000, average cost 96.643364
[2016-11-09 03:55:50,486] >> epoch 1/490000, average cost 96.865448
[2016-11-09 03:57:26,441] >> epoch 1/500000, average cost 96.678886
[2016-11-09 03:59:02,736] >> epoch 1/510000, average cost 96.267616
[2016-11-09 04:00:42,154] >> epoch 1/520000, average cost 96.839523
[2016-11-09 04:02:19,704] >> epoch 1/530000, average cost 96.559364
[2016-11-09 04:03:37,090] >> epoch 1/540000, average cost 96.501411
[2016-11-09 04:05:13,442] >> epoch 1/550000, average cost 96.172050
[2016-11-09 04:06:46,923] >> epoch 1/560000, average cost 96.263870
[2016-11-09 04:08:20,600] >> epoch 1/570000, average cost 96.422798
[2016-11-09 04:09:53,552] >> epoch 1/580000, average cost 96.191933
[2016-11-09 04:11:24,602] >> epoch 1/590000, average cost 96.355484
[2016-11-09 04:12:48,771] >> epoch 1/600000, average cost 96.000725
[2016-11-09 04:14:13,376] >> epoch 1/610000, average cost 96.168884
[2016-11-09 04:15:37,385] >> epoch 1/620000, average cost 96.331497
[2016-11-09 04:17:02,501] >> epoch 1/630000, average cost 96.356834
[2016-11-09 04:18:28,065] >> epoch 1/640000, average cost 96.472885
[2016-11-09 04:19:51,063] >> epoch 1/650000, average cost 96.471710
[2016-11-09 04:21:06,515] >> epoch 1/660000, average cost 96.224091
[2016-11-09 04:22:12,715] >> epoch 2/666660, average cost 96.542679
[2016-11-09 04:24:02,679] >> epoch 2/680000, average cost 96.194565
[2016-11-09 04:25:35,178] >> epoch 2/690000, average cost 96.671402
[2016-11-09 04:27:08,870] >> epoch 2/700000, average cost 96.270309
[2016-11-09 04:28:47,521] >> epoch 2/710000, average cost 96.125107
[2016-11-09 04:30:26,424] >> epoch 2/720000, average cost 96.464302
[2016-11-09 04:31:43,758] >> epoch 2/730000, average cost 96.110878
[2016-11-09 04:33:20,047] >> epoch 2/740000, average cost 96.139046
[2016-11-09 04:34:54,405] >> epoch 2/750000, average cost 96.602264
[2016-11-09 04:36:32,332] >> epoch 2/760000, average cost 96.601509
[2016-11-09 04:38:04,840] >> epoch 2/770000, average cost 96.710274
[2016-11-09 04:39:41,692] >> epoch 2/780000, average cost 96.217354
[2016-11-09 04:41:21,415] >> epoch 2/790000, average cost 95.972054
[2016-11-09 04:43:02,547] >> epoch 2/800000, average cost 96.349953
[2016-11-09 04:44:39,237] >> epoch 2/810000, average cost 96.297638
[2016-11-09 04:45:55,672] >> epoch 2/820000, average cost 96.377991
[2016-11-09 04:47:34,265] >> epoch 2/830000, average cost 96.433525
[2016-11-09 04:49:11,364] >> epoch 2/840000, average cost 95.959435
[2016-11-09 04:50:49,163] >> epoch 2/850000, average cost 96.252914
[2016-11-09 04:52:25,527] >> epoch 2/860000, average cost 96.342941
[2016-11-09 04:54:01,348] >> epoch 2/870000, average cost 96.260986
[2016-11-09 04:55:39,716] >> epoch 2/880000, average cost 95.786621
[2016-11-09 04:57:15,331] >> epoch 2/890000, average cost 95.932114
[2016-11-09 04:58:48,307] >> epoch 2/900000, average cost 96.069626
[2016-11-09 05:00:10,866] >> epoch 2/910000, average cost 95.799774
[2016-11-09 05:01:41,005] >> epoch 2/920000, average cost 96.008865
[2016-11-09 05:03:08,401] >> epoch 2/930000, average cost 95.716904
[2016-11-09 05:04:32,896] >> epoch 2/940000, average cost 95.760696
[2016-11-09 05:05:58,412] >> epoch 2/950000, average cost 95.965363
[2016-11-09 05:07:22,131] >> epoch 2/960000, average cost 95.923431
[2016-11-09 05:08:46,804] >> epoch 2/970000, average cost 95.979652
[2016-11-09 05:10:11,098] >> epoch 2/980000, average cost 96.366425
[2016-11-09 05:11:36,899] >> epoch 2/990000, average cost 95.782463
[2016-11-09 05:13:02,415] >> epoch 3/999990, average cost 96.165565
[2016-11-09 05:14:15,175] >> epoch 3/1010000, average cost 95.774574
[2016-11-09 05:15:50,818] >> epoch 3/1020000, average cost 96.271309
[2016-11-09 05:17:24,980] >> epoch 3/1030000, average cost 95.988922
[2016-11-09 05:19:00,933] >> epoch 3/1040000, average cost 95.854172
[2016-11-09 05:20:38,082] >> epoch 3/1050000, average cost 95.887123
[2016-11-09 05:22:14,382] >> epoch 3/1060000, average cost 96.000847
[2016-11-09 05:23:52,334] >> epoch 3/1070000, average cost 95.687439
[2016-11-09 05:25:25,692] >> epoch 3/1080000, average cost 96.037178
[2016-11-09 05:26:42,379] >> epoch 3/1090000, average cost 96.278084
[2016-11-09 05:28:16,722] >> epoch 3/1100000, average cost 96.359444
[2016-11-09 05:29:53,484] >> epoch 3/1110000, average cost 96.024078
[2016-11-09 05:31:31,862] >> epoch 3/1120000, average cost 95.683807
[2016-11-09 05:33:10,982] >> epoch 3/1130000, average cost 95.813805
[2016-11-09 05:34:53,469] >> epoch 3/1140000, average cost 95.960953
[2016-11-09 05:36:28,210] >> epoch 3/1150000, average cost 95.924789
[2016-11-09 05:38:07,386] >> epoch 3/1160000, average cost 96.139954
[2016-11-09 05:39:42,425] >> epoch 3/1170000, average cost 95.774117
[2016-11-09 05:40:59,870] >> epoch 3/1180000, average cost 95.556465
[2016-11-09 05:42:36,675] >> epoch 3/1190000, average cost 96.151047
[2016-11-09 05:44:13,555] >> epoch 3/1200000, average cost 95.912605
[2016-11-09 05:45:48,692] >> epoch 3/1210000, average cost 95.511551
[2016-11-09 05:47:25,123] >> epoch 3/1220000, average cost 95.502670
[2016-11-09 05:48:58,775] >> epoch 3/1230000, average cost 95.592422
[2016-11-09 05:50:30,654] >> epoch 3/1240000, average cost 95.598488
[2016-11-09 05:51:59,478] >> epoch 3/1250000, average cost 95.527115
[2016-11-09 05:53:27,755] >> epoch 3/1260000, average cost 95.531509
[2016-11-09 05:54:53,907] >> epoch 3/1270000, average cost 95.299103
[2016-11-09 05:56:20,637] >> epoch 3/1280000, average cost 95.544258
[2016-11-09 05:57:44,372] >> epoch 3/1290000, average cost 95.538788
[2016-11-09 05:59:09,797] >> epoch 3/1300000, average cost 95.615051
[2016-11-09 06:00:36,119] >> epoch 3/1310000, average cost 95.938622
[2016-11-09 06:02:00,721] >> epoch 3/1320000, average cost 95.561996
[2016-11-09 06:03:24,471] >> epoch 3/1330000, average cost 95.606812
[2016-11-09 06:03:53,773] >> epoch 4/1333320, average cost 95.798492
[2016-11-09 06:06:21,485] >> epoch 4/1350000, average cost 95.622688
[2016-11-09 06:07:56,408] >> epoch 4/1360000, average cost 95.880035
[2016-11-09 06:09:12,494] >> epoch 4/1370000, average cost 95.552223
[2016-11-09 06:10:49,888] >> epoch 4/1380000, average cost 95.366272
[2016-11-09 06:12:28,117] >> epoch 4/1390000, average cost 95.796051
[2016-11-09 06:14:07,433] >> epoch 4/1400000, average cost 95.361450
[2016-11-09 06:15:41,128] >> epoch 4/1410000, average cost 95.564339
[2016-11-09 06:17:19,208] >> epoch 4/1420000, average cost 95.959038
[2016-11-09 06:18:55,837] >> epoch 4/1430000, average cost 95.939590
[2016-11-09 06:20:30,753] >> epoch 4/1440000, average cost 95.958328
[2016-11-09 06:22:09,913] >> epoch 4/1450000, average cost 95.451126
[2016-11-09 06:23:27,062] >> epoch 4/1460000, average cost 95.259903
[2016-11-09 06:25:07,458] >> epoch 4/1470000, average cost 95.666336
[2016-11-09 06:26:44,313] >> epoch 4/1480000, average cost 95.585197
[2016-11-09 06:28:23,955] >> epoch 4/1490000, average cost 95.797569
[2016-11-09 06:30:01,723] >> epoch 4/1500000, average cost 95.623917
[2016-11-09 06:31:37,717] >> epoch 4/1510000, average cost 95.218010
[2016-11-09 06:33:14,181] >> epoch 4/1520000, average cost 95.799660
[2016-11-09 06:34:54,076] >> epoch 4/1530000, average cost 95.517578
[2016-11-09 06:36:11,245] >> epoch 4/1540000, average cost 95.471176
[2016-11-09 06:37:50,491] >> epoch 4/1550000, average cost 95.147369
[2016-11-09 06:39:24,415] >> epoch 4/1560000, average cost 95.247719
[2016-11-09 06:40:58,308] >> epoch 4/1570000, average cost 95.417656
[2016-11-09 06:42:31,832] >> epoch 4/1580000, average cost 95.192123
[2016-11-09 06:44:02,589] >> epoch 4/1590000, average cost 95.330322
[2016-11-09 06:45:28,316] >> epoch 4/1600000, average cost 94.998611
[2016-11-09 06:46:54,849] >> epoch 4/1610000, average cost 95.193466
[2016-11-09 06:48:19,937] >> epoch 4/1620000, average cost 95.334290
[2016-11-09 06:49:44,217] >> epoch 4/1630000, average cost 95.377823
[2016-11-09 06:51:11,704] >> epoch 4/1640000, average cost 95.492531
[2016-11-09 06:52:35,744] >> epoch 4/1650000, average cost 95.480850
[2016-11-09 06:53:53,329] >> epoch 4/1660000, average cost 95.271820
[2016-11-09 06:55:03,652] >> epoch 5/1666650, average cost 95.491859
[2016-11-09 06:57:11,236] >> epoch 5/1680000, average cost 95.247986
[2016-11-09 06:59:17,861] >> epoch 5/1690000, average cost 95.705177
[2016-11-09 07:01:22,618] >> epoch 5/1700000, average cost 95.307297
[2016-11-09 07:03:22,144] >> epoch 5/1710000, average cost 95.186203
[2016-11-09 07:05:02,870] >> epoch 5/1720000, average cost 95.533752
[2016-11-09 07:06:20,510] >> epoch 5/1730000, average cost 95.173515
[2016-11-09 07:07:58,736] >> epoch 5/1740000, average cost 95.211685
[2016-11-09 07:09:34,227] >> epoch 5/1750000, average cost 95.660271
[2016-11-09 07:11:13,509] >> epoch 5/1760000, average cost 95.663918
[2016-11-09 07:12:47,546] >> epoch 5/1770000, average cost 95.801201
[2016-11-09 07:14:29,478] >> epoch 5/1780000, average cost 95.301178
[2016-11-09 07:16:11,038] >> epoch 5/1790000, average cost 95.066277
[2016-11-09 07:17:52,666] >> epoch 5/1800000, average cost 95.429787
[2016-11-09 07:19:31,683] >> epoch 5/1810000, average cost 95.391327
[2016-11-09 07:20:50,401] >> epoch 5/1820000, average cost 95.468750
[2016-11-09 07:22:30,880] >> epoch 5/1830000, average cost 95.516159
[2016-11-09 07:24:09,940] >> epoch 5/1840000, average cost 95.085960
[2016-11-09 07:25:46,992] >> epoch 5/1850000, average cost 95.345589
[2016-11-09 07:27:26,246] >> epoch 5/1860000, average cost 95.440598
[2016-11-09 07:29:08,783] >> epoch 5/1870000, average cost 95.374512
[2016-11-09 07:30:49,941] >> epoch 5/1880000, average cost 94.918633
[2016-11-09 07:32:27,697] >> epoch 5/1890000, average cost 95.046715
[2016-11-09 07:34:03,249] >> epoch 5/1900000, average cost 95.193756
[2016-11-09 07:35:27,464] >> epoch 5/1910000, average cost 94.939972
[2016-11-09 07:36:58,456] >> epoch 5/1920000, average cost 95.140564
[2016-11-09 07:38:26,763] >> epoch 5/1930000, average cost 94.860794
[2016-11-09 07:39:51,625] >> epoch 5/1940000, average cost 94.896004
[2016-11-09 07:41:17,303] >> epoch 5/1950000, average cost 95.117393
[2016-11-09 07:42:41,696] >> epoch 5/1960000, average cost 95.070801
[2016-11-09 07:44:07,583] >> epoch 5/1970000, average cost 95.148087
[2016-11-09 07:45:32,564] >> epoch 5/1980000, average cost 95.518692
[2016-11-09 07:46:58,012] >> epoch 5/1990000, average cost 94.951378
[2016-11-09 07:48:23,176] >> epoch 6/1999980, average cost 95.269112
[2016-11-09 07:48:24,723] >> epoch 7/2000000, average cost 95.144089
[2016-11-09 07:48:24,723] >> Training finished in 5:06:58.181896
[2016-11-09 07:48:50,353] >> Loading model
[2016-11-09 07:48:50,732] >> Loading datasets
[2016-11-09 07:48:50,753] >> Reconstruction training started with arguments:
{'activation_noise': None,
 'adadelta': False,
 'adadelta_epsilon': '1e-6',
 'adadelta_rho': '0.95',
 'adagrad': False,
 'adagrad_decay': False,
 'batch_size': 128,
 'ce_sparsity': 0.01,
 'ce_sparsity_weight': 0.0,
 'compound': False,
 'corruption_level': 0.2,
 'datasets': (DatasetContainer [PFileStreamDataset@/home/ddraper/train.pfile],
              DatasetContainer [],
              DatasetContainer []),
 'epochs': 50,
 'fix_layers': [],
 'graph': False,
 'hooks': [],
 'l1_reg': '0.0',
 'l2_reg': '0.0',
 'layer_args': {1: {}, 2: {}, 3: {}, 4: {}},
 'layers': [5],
 'learning_rate': '0.01',
 'loss': 'crossentropy',
 'minibatches': 2000000,
 'momentum': '',
 'noise': 'mask',
 'sparsity': 0.05,
 'sparsity_weight': 0.0,
 'validate': False,
 'verbosity': 1,
 'warn': False}
[2016-11-09 07:48:50,753] >> Reconstruction training started with da:
{'hidden_activation': u'sigmoid',
 'n_hidden': 1000,
 'n_visible': 1000,
 'tied_weights': True,
 'visible_activation': u'sigmoid'}
[2016-11-09 07:48:50,753] >> Compiling theano graph
Using gpu device 0: Tesla M2075 (CNMeM is disabled, cuDNN not available)
[2016-11-09 07:49:22,625] >> Training started
[2016-11-09 07:50:39,405] >> epoch 0/10000, average cost 248.873627
[2016-11-09 07:52:18,537] >> epoch 0/20000, average cost 244.831573
[2016-11-09 07:53:55,582] >> epoch 0/30000, average cost 243.133255
[2016-11-09 07:55:35,654] >> epoch 0/40000, average cost 242.257217
[2016-11-09 07:57:18,264] >> epoch 0/50000, average cost 241.860870
[2016-11-09 07:58:57,051] >> epoch 0/60000, average cost 241.710770
[2016-11-09 08:00:36,827] >> epoch 0/70000, average cost 241.361404
[2016-11-09 08:02:16,555] >> epoch 0/80000, average cost 241.398300
[2016-11-09 08:03:39,360] >> epoch 0/90000, average cost 241.392700
[2016-11-09 08:05:17,871] >> epoch 0/100000, average cost 241.352432
[2016-11-09 08:06:56,589] >> epoch 0/110000, average cost 241.119019
[2016-11-09 08:08:37,194] >> epoch 0/120000, average cost 240.916504
[2016-11-09 08:10:20,449] >> epoch 0/130000, average cost 240.894455
[2016-11-09 08:12:04,053] >> epoch 0/140000, average cost 240.927078
[2016-11-09 08:13:42,785] >> epoch 0/150000, average cost 240.852997
[2016-11-09 08:15:22,614] >> epoch 0/160000, average cost 240.901474
[2016-11-09 08:17:02,439] >> epoch 0/170000, average cost 240.732193
[2016-11-09 08:18:23,876] >> epoch 0/180000, average cost 240.633850
[2016-11-09 08:20:02,733] >> epoch 0/190000, average cost 240.866394
[2016-11-09 08:21:42,817] >> epoch 0/200000, average cost 240.698318
[2016-11-09 08:23:21,870] >> epoch 0/210000, average cost 240.535797
[2016-11-09 08:25:00,600] >> epoch 0/220000, average cost 240.486801
[2016-11-09 08:26:41,705] >> epoch 0/230000, average cost 240.523682
[2016-11-09 08:28:20,418] >> epoch 0/240000, average cost 240.471298
[2016-11-09 08:29:53,314] >> epoch 0/250000, average cost 240.438049
[2016-11-09 08:31:24,635] >> epoch 0/260000, average cost 240.402145
[2016-11-09 08:32:55,316] >> epoch 0/270000, average cost 240.242050
[2016-11-09 08:34:26,080] >> epoch 0/280000, average cost 240.382706
[2016-11-09 08:35:55,326] >> epoch 0/290000, average cost 240.393204
[2016-11-09 08:37:25,965] >> epoch 0/300000, average cost 240.375549
[2016-11-09 08:38:56,087] >> epoch 0/310000, average cost 240.439178
[2016-11-09 08:40:25,483] >> epoch 0/320000, average cost 240.320557
[2016-11-09 08:41:54,803] >> epoch 0/330000, average cost 240.326981
[2016-11-09 08:42:25,065] >> epoch 1/333330, average cost 241.263428
[2016-11-09 08:45:01,386] >> epoch 1/350000, average cost 240.294952
[2016-11-09 08:46:40,593] >> epoch 1/360000, average cost 240.333130
[2016-11-09 08:48:01,190] >> epoch 1/370000, average cost 240.186600
[2016-11-09 08:49:42,689] >> epoch 1/380000, average cost 240.040848
[2016-11-09 08:51:23,526] >> epoch 1/390000, average cost 240.261719
[2016-11-09 08:53:02,452] >> epoch 1/400000, average cost 240.053726
[2016-11-09 08:54:40,510] >> epoch 1/410000, average cost 240.121048
[2016-11-09 08:56:21,576] >> epoch 1/420000, average cost 240.301575
[2016-11-09 08:58:00,889] >> epoch 1/430000, average cost 240.250381
[2016-11-09 08:59:39,317] >> epoch 1/440000, average cost 240.241043
[2016-11-09 09:01:20,748] >> epoch 1/450000, average cost 240.016144
[2016-11-09 09:02:44,788] >> epoch 1/460000, average cost 239.879120
[2016-11-09 09:04:25,948] >> epoch 1/470000, average cost 240.056107
[2016-11-09 09:06:07,605] >> epoch 1/480000, average cost 239.992569
[2016-11-09 09:07:51,037] >> epoch 1/490000, average cost 240.059174
[2016-11-09 09:09:30,946] >> epoch 1/500000, average cost 239.985107
[2016-11-09 09:11:11,145] >> epoch 1/510000, average cost 239.805283
[2016-11-09 09:12:52,575] >> epoch 1/520000, average cost 240.061798
[2016-11-09 09:14:35,718] >> epoch 1/530000, average cost 239.922546
[2016-11-09 09:15:57,975] >> epoch 1/540000, average cost 239.882370
[2016-11-09 09:17:37,274] >> epoch 1/550000, average cost 239.754700
[2016-11-09 09:19:15,868] >> epoch 1/560000, average cost 239.794693
[2016-11-09 09:20:54,519] >> epoch 1/570000, average cost 239.807755
[2016-11-09 09:22:32,268] >> epoch 1/580000, average cost 239.740097
[2016-11-09 09:24:06,806] >> epoch 1/590000, average cost 239.774399
[2016-11-09 09:25:36,759] >> epoch 1/600000, average cost 239.574127
[2016-11-09 09:27:06,975] >> epoch 1/610000, average cost 239.715103
[2016-11-09 09:28:36,428] >> epoch 1/620000, average cost 239.789001
[2016-11-09 09:30:08,047] >> epoch 1/630000, average cost 239.789703
[2016-11-09 09:31:39,016] >> epoch 1/640000, average cost 239.767105
[2016-11-09 09:33:08,582] >> epoch 1/650000, average cost 239.798431
[2016-11-09 09:34:31,476] >> epoch 1/660000, average cost 239.746353
[2016-11-09 09:35:37,164] >> epoch 2/666660, average cost 239.961990
[2016-11-09 09:37:32,630] >> epoch 2/680000, average cost 239.684372
[2016-11-09 09:39:11,211] >> epoch 2/690000, average cost 239.865005
[2016-11-09 09:40:50,210] >> epoch 2/700000, average cost 239.697845
[2016-11-09 09:42:32,467] >> epoch 2/710000, average cost 239.573502
[2016-11-09 09:44:14,874] >> epoch 2/720000, average cost 239.727051
[2016-11-09 09:45:37,738] >> epoch 2/730000, average cost 239.640472
[2016-11-09 09:47:19,497] >> epoch 2/740000, average cost 239.599792
[2016-11-09 09:48:59,304] >> epoch 2/750000, average cost 239.822525
[2016-11-09 09:50:40,563] >> epoch 2/760000, average cost 239.800797
[2016-11-09 09:52:19,700] >> epoch 2/770000, average cost 239.841248
[2016-11-09 09:54:02,253] >> epoch 2/780000, average cost 239.627670
[2016-11-09 09:55:43,645] >> epoch 2/790000, average cost 239.506943
[2016-11-09 09:57:41,232] >> epoch 2/800000, average cost 239.653793
[2016-11-09 09:59:30,536] >> epoch 2/810000, average cost 239.632004
[2016-11-09 10:00:55,458] >> epoch 2/820000, average cost 239.646027
[2016-11-09 10:02:40,705] >> epoch 2/830000, average cost 239.668152
[2016-11-09 10:04:28,263] >> epoch 2/840000, average cost 239.476944
[2016-11-09 10:06:10,869] >> epoch 2/850000, average cost 239.622650
[2016-11-09 10:07:53,975] >> epoch 2/860000, average cost 239.658157
[2016-11-09 10:09:41,761] >> epoch 2/870000, average cost 239.587143
[2016-11-09 10:11:25,868] >> epoch 2/880000, average cost 239.437943
[2016-11-09 10:13:10,244] >> epoch 2/890000, average cost 239.458755
[2016-11-09 10:14:58,921] >> epoch 2/900000, average cost 239.528946
[2016-11-09 10:16:28,911] >> epoch 2/910000, average cost 239.433655
[2016-11-09 10:18:08,631] >> epoch 2/920000, average cost 239.497681
[2016-11-09 10:19:45,365] >> epoch 2/930000, average cost 239.334747
[2016-11-09 10:21:19,140] >> epoch 2/940000, average cost 239.386581
[2016-11-09 10:22:53,494] >> epoch 2/950000, average cost 239.507278
[2016-11-09 10:24:26,039] >> epoch 2/960000, average cost 239.499023
[2016-11-09 10:25:59,415] >> epoch 2/970000, average cost 239.482529
[2016-11-09 10:27:32,090] >> epoch 2/980000, average cost 239.618103
[2016-11-09 10:29:06,653] >> epoch 2/990000, average cost 239.453857
[2016-11-09 10:30:40,624] >> epoch 3/999990, average cost 239.590790
[2016-11-09 10:32:01,064] >> epoch 3/1010000, average cost 239.399033
[2016-11-09 10:33:56,535] >> epoch 3/1020000, average cost 239.638443
[2016-11-09 10:35:39,907] >> epoch 3/1030000, average cost 239.505707
[2016-11-09 10:37:25,436] >> epoch 3/1040000, average cost 239.393829
[2016-11-09 10:39:17,278] >> epoch 3/1050000, average cost 239.400574
[2016-11-09 10:40:58,363] >> epoch 3/1060000, average cost 239.516693
[2016-11-09 10:42:45,305] >> epoch 3/1070000, average cost 239.357468
[2016-11-09 10:44:26,437] >> epoch 3/1080000, average cost 239.516281
[2016-11-09 10:46:05,118] >> epoch 3/1090000, average cost 239.619553
[2016-11-09 10:47:46,557] >> epoch 3/1100000, average cost 239.651505
[2016-11-09 10:49:35,630] >> epoch 3/1110000, average cost 239.500549
[2016-11-09 10:51:25,895] >> epoch 3/1120000, average cost 239.364380
[2016-11-09 10:53:21,534] >> epoch 3/1130000, average cost 239.389023
[2016-11-09 10:55:28,363] >> epoch 3/1140000, average cost 239.464905
[2016-11-09 10:57:11,884] >> epoch 3/1150000, average cost 239.428543
[2016-11-09 10:59:01,859] >> epoch 3/1160000, average cost 239.512268
[2016-11-09 11:00:45,168] >> epoch 3/1170000, average cost 239.376724
[2016-11-09 11:02:08,456] >> epoch 3/1180000, average cost 239.312500
[2016-11-09 11:03:52,743] >> epoch 3/1190000, average cost 239.571457
[2016-11-09 11:05:36,012] >> epoch 3/1200000, average cost 239.424469
[2016-11-09 11:07:17,984] >> epoch 3/1210000, average cost 239.302002
[2016-11-09 11:08:58,810] >> epoch 3/1220000, average cost 239.290054
[2016-11-09 11:10:38,698] >> epoch 3/1230000, average cost 239.344131
[2016-11-09 11:12:18,841] >> epoch 3/1240000, average cost 239.311401
[2016-11-09 11:13:52,014] >> epoch 3/1250000, average cost 239.302002
[2016-11-09 11:15:24,003] >> epoch 3/1260000, average cost 239.291977
[2016-11-09 11:16:54,456] >> epoch 3/1270000, average cost 239.164307
[2016-11-09 11:18:25,313] >> epoch 3/1280000, average cost 239.320206
[2016-11-09 11:19:38,415] >> epoch 3/1290000, average cost 239.346481
[2016-11-09 11:20:52,880] >> epoch 3/1300000, average cost 239.355179
[2016-11-09 11:22:07,451] >> epoch 3/1310000, average cost 239.436356
[2016-11-09 11:23:20,152] >> epoch 3/1320000, average cost 239.345505
[2016-11-09 11:24:31,680] >> epoch 3/1330000, average cost 239.371674
[2016-11-09 11:24:54,316] >> epoch 4/1333320, average cost 239.408279
[2016-11-09 11:27:05,948] >> epoch 4/1350000, average cost 239.376678
[2016-11-09 11:28:25,682] >> epoch 4/1360000, average cost 239.433670
[2016-11-09 11:29:38,311] >> epoch 4/1370000, average cost 239.311447
[2016-11-09 11:31:00,487] >> epoch 4/1380000, average cost 239.191101
[2016-11-09 11:32:37,853] >> epoch 4/1390000, average cost 239.422195
[2016-11-09 11:34:05,218] >> epoch 4/1400000, average cost 239.236206
[2016-11-09 11:35:22,800] >> epoch 4/1410000, average cost 239.320908
[2016-11-09 11:36:45,137] >> epoch 4/1420000, average cost 239.505249
[2016-11-09 11:38:05,701] >> epoch 4/1430000, average cost 239.475204
[2016-11-09 11:39:26,993] >> epoch 4/1440000, average cost 239.478806
[2016-11-09 11:40:51,799] >> epoch 4/1450000, average cost 239.282104
[2016-11-09 11:42:01,844] >> epoch 4/1460000, average cost 239.165344
[2016-11-09 11:43:29,928] >> epoch 4/1470000, average cost 239.347702
[2016-11-09 11:45:13,697] >> epoch 4/1480000, average cost 239.303024
[2016-11-09 11:46:51,649] >> epoch 4/1490000, average cost 239.379501
[2016-11-09 11:48:31,236] >> epoch 4/1500000, average cost 239.313904
[2016-11-09 11:50:13,186] >> epoch 4/1510000, average cost 239.171555
[2016-11-09 11:51:57,393] >> epoch 4/1520000, average cost 239.416046
[2016-11-09 11:53:39,726] >> epoch 4/1530000, average cost 239.293793
[2016-11-09 11:55:03,284] >> epoch 4/1540000, average cost 239.271545
[2016-11-09 11:56:44,132] >> epoch 4/1550000, average cost 239.159546
[2016-11-09 11:58:25,059] >> epoch 4/1560000, average cost 239.211823
[2016-11-09 12:00:07,079] >> epoch 4/1570000, average cost 239.225647
[2016-11-09 12:01:44,959] >> epoch 4/1580000, average cost 239.178177
[2016-11-09 12:03:12,899] >> epoch 4/1590000, average cost 239.226944
[2016-11-09 12:04:54,388] >> epoch 4/1600000, average cost 239.033051
[2016-11-09 12:06:22,412] >> epoch 4/1610000, average cost 239.177994
[2016-11-09 12:07:49,870] >> epoch 4/1620000, average cost 239.263168
[2016-11-09 12:09:17,205] >> epoch 4/1630000, average cost 239.271698
[2016-11-09 12:10:47,119] >> epoch 4/1640000, average cost 239.251450
[2016-11-09 12:12:13,282] >> epoch 4/1650000, average cost 239.297150
[2016-11-09 12:13:33,982] >> epoch 4/1660000, average cost 239.246170
[2016-11-09 12:14:37,747] >> epoch 5/1666650, average cost 239.287018
[2016-11-09 12:17:12,560] >> epoch 5/1680000, average cost 239.201355
[2016-11-09 12:19:11,222] >> epoch 5/1690000, average cost 239.379303
[2016-11-09 12:20:48,008] >> epoch 5/1700000, average cost 239.231644
[2016-11-09 12:22:25,325] >> epoch 5/1710000, average cost 239.113831
[2016-11-09 12:24:58,512] >> epoch 5/1720000, average cost 239.264206
[2016-11-09 12:26:46,271] >> epoch 5/1730000, average cost 239.186752
[2016-11-09 12:29:19,379] >> epoch 5/1740000, average cost 239.158997
[2016-11-09 12:31:45,786] >> epoch 5/1750000, average cost 239.380249
[2016-11-09 12:34:21,591] >> epoch 5/1760000, average cost 239.353653
[2016-11-09 12:36:00,338] >> epoch 5/1770000, average cost 239.406921
[2016-11-09 12:37:42,027] >> epoch 5/1780000, average cost 239.207993
[2016-11-09 12:40:08,789] >> epoch 5/1790000, average cost 239.083923
[2016-11-09 12:42:43,110] >> epoch 5/1800000, average cost 239.234573
[2016-11-09 12:45:20,568] >> epoch 5/1810000, average cost 239.225967
[2016-11-09 12:47:16,582] >> epoch 5/1820000, average cost 239.236206
[2016-11-09 12:49:03,239] >> epoch 5/1830000, average cost 239.264099
[2016-11-09 12:50:46,415] >> epoch 5/1840000, average cost 239.080032
[2016-11-09 12:53:20,723] >> epoch 5/1850000, average cost 239.227219
[2016-11-09 12:56:05,828] >> epoch 5/1860000, average cost 239.267944
[2016-11-09 12:58:47,417] >> epoch 5/1870000, average cost 239.206146
[2016-11-09 13:01:33,801] >> epoch 5/1880000, average cost 239.060394
[2016-11-09 13:04:12,963] >> epoch 5/1890000, average cost 239.087250
[2016-11-09 13:06:52,470] >> epoch 5/1900000, average cost 239.156921
[2016-11-09 13:08:49,343] >> epoch 5/1910000, average cost 239.064545
[2016-11-09 13:11:17,573] >> epoch 5/1920000, average cost 239.135345
[2016-11-09 13:13:44,201] >> epoch 5/1930000, average cost 238.975647
[2016-11-09 13:16:07,361] >> epoch 5/1940000, average cost 239.037643
[2016-11-09 13:18:29,171] >> epoch 5/1950000, average cost 239.144699
[2016-11-09 13:20:24,416] >> epoch 5/1960000, average cost 239.144699
[2016-11-09 13:21:55,197] >> epoch 5/1970000, average cost 239.136368
[2016-11-09 13:23:38,449] >> epoch 5/1980000, average cost 239.271530
[2016-11-09 13:25:43,505] >> epoch 5/1990000, average cost 239.112350
[2016-11-09 13:28:01,640] >> epoch 6/1999980, average cost 239.187851
[2016-11-09 13:28:26,020] >> epoch 7/2000000, average cost 239.225250
[2016-11-09 13:28:26,026] >> Training finished in 5:39:03.392071
[2016-11-09 13:29:17,856] >> Loading model
[2016-11-09 13:29:19,055] >> Loading datasets
Using gpu device 0: Tesla M2075 (CNMeM is disabled, cuDNN not available)
[2016-11-09 13:30:20,396] >> Supervised training started with arguments:
{'activation_noise': None,
 'adadelta': False,
 'adadelta_epsilon': '1e-6',
 'adadelta_rho': '0.95',
 'adagrad': False,
 'adagrad_decay': False,
 'batch_size': 256,
 'datasets': (DatasetContainer [PFileStreamDataset@/home/ddraper/train.pfile],
              DatasetContainer [PFileDataset@/home/ddraper/valid.pfile,1, PFileDataset@/home/ddraper/valid.pfile,2, PFileDataset@/home/ddraper/valid.pfile,3, PFileDataset@/home/ddraper/valid.pfile,4, PFileDataset@/home/ddraper/valid.pfile,5],
              DatasetContainer []),
 'epochs': 50,
 'fix_layers': [],
 'graph': False,
 'hooks': [<functools.partial object at 0x7f9a73695520>],
 'l1_reg': '0.0',
 'l2_reg': '0.0',
 'layer_args': [],
 'learning_rate': '1',
 'minibatches': -1,
 'momentum': '',
 'newbob': True,
 'newbob_decay': 0.5,
 'newbob_threshold': [0.005, 0.0001],
 'patience': -1,
 'patience_improve_threshold': 0.995,
 'patience_increase': 1.5,
 'pre_validate': False,
 'print_errors': True,
 'validation_interval': -1,
 'verbosity': 0,
 'warn': False}
[2016-11-09 13:30:20,396] >> Compiling theano graph
[2016-11-09 13:33:04,948] >> Training started
[2016-11-09 15:17:22,451] >  epoch 1/166665, training error 0.385690
[2016-11-09 15:17:38,187] >  epoch 1/166665, validation error 0.374610
[2016-11-09 17:00:01,588] >  epoch 2/333330, training error 0.246952
[2016-11-09 17:00:17,137] >  epoch 2/333330, validation error 0.351232
[2016-11-09 18:18:34,545] >  epoch 3/499995, training error 0.212071
[2016-11-09 18:18:50,185] >  epoch 3/499995, validation error 0.340182
[2016-11-09 19:57:53,935] >  epoch 4/666660, training error 0.193327
[2016-11-09 19:58:09,849] >  epoch 4/666660, validation error 0.330645
[2016-11-09 21:41:56,188] >  epoch 5/833325, training error 0.174988
[2016-11-09 21:42:11,909] >  epoch 5/833325, validation error 0.331226
[2016-11-09 21:42:11,909] >  epoch 5/833325, learning rate set to 0.500000
[2016-11-09 23:00:22,210] >  epoch 6/999990, training error 0.173383
[2016-11-09 23:00:37,834] >  epoch 6/999990, validation error 0.316743
[2016-11-09 23:00:37,958] >  epoch 6/999990, learning rate set to 0.250000
[2016-11-10 00:13:25,476] >  epoch 7/1166655, training error 0.174272
[2016-11-10 00:13:40,972] >  epoch 7/1166655, validation error 0.307617
[2016-11-10 00:13:41,092] >  epoch 7/1166655, learning rate set to 0.125000
[2016-11-10 01:28:21,353] >  epoch 8/1333320, training error 0.179140
[2016-11-10 01:28:36,854] >  epoch 8/1333320, validation error 0.300332
[2016-11-10 01:28:36,967] >  epoch 8/1333320, learning rate set to 0.062500
[2016-11-10 02:44:18,818] >  epoch 9/1499985, training error 0.187073
[2016-11-10 02:44:34,331] >  epoch 9/1499985, validation error 0.294251
[2016-11-10 02:44:34,445] >  epoch 9/1499985, learning rate set to 0.031250
[2016-11-10 04:03:10,017] >  epoch 10/1666650, training error 0.194906
[2016-11-10 04:03:25,534] >  epoch 10/1666650, validation error 0.291068
[2016-11-10 04:03:25,648] >  epoch 10/1666650, learning rate set to 0.015625
[2016-11-10 05:23:38,752] >  epoch 11/1833315, training error 0.201420
[2016-11-10 05:23:54,275] >  epoch 11/1833315, validation error 0.286742
[2016-11-10 05:23:54,388] >  epoch 11/1833315, learning rate set to 0.007812
[2016-11-10 06:44:22,328] >  epoch 12/1999980, training error 0.209811
[2016-11-10 06:44:37,825] >  epoch 12/1999980, validation error 0.282615
[2016-11-10 06:44:37,938] >  epoch 12/1999980, learning rate set to 0.003906
[2016-11-10 07:56:35,042] >  epoch 13/2166645, training error 0.217379
[2016-11-10 07:56:50,544] >  epoch 13/2166645, validation error 0.280230
[2016-11-10 07:56:50,657] >  epoch 13/2166645, learning rate set to 0.001953
[2016-11-10 08:59:02,602] >  epoch 14/2333310, training error 0.222804
[2016-11-10 08:59:18,104] >  epoch 14/2333310, validation error 0.278657
[2016-11-10 08:59:18,216] >  epoch 14/2333310, learning rate set to 0.000977
[2016-11-10 10:05:16,330] >  epoch 15/2499975, training error 0.226430
[2016-11-10 10:05:31,825] >  epoch 15/2499975, validation error 0.277281
[2016-11-10 10:05:31,938] >  epoch 15/2499975, learning rate set to 0.000488
[2016-11-10 11:17:15,709] >  epoch 16/2666640, training error 0.228484
[2016-11-10 11:17:31,612] >  epoch 16/2666640, validation error 0.275342
[2016-11-10 11:17:31,730] >  epoch 16/2666640, learning rate set to 0.000244
[2016-11-10 12:32:24,779] >  epoch 17/2833305, training error 0.229387
[2016-11-10 12:32:40,705] >  epoch 17/2833305, validation error 0.274434
[2016-11-10 12:32:40,828] >  epoch 17/2833305, learning rate set to 0.000122
[2016-11-10 13:51:53,532] >  epoch 18/2999970, training error 0.229690
[2016-11-10 13:52:28,959] >  epoch 18/2999970, validation error 0.274272
[2016-11-10 13:52:29,114] >  epoch 18/2999970, learning rate set to 0.000061
[2016-11-10 15:39:03,524] >  epoch 19/3166635, training error 0.229803
[2016-11-10 15:39:18,965] >  epoch 19/3166635, validation error 0.274144
[2016-11-10 15:39:19,084] >  epoch 19/3166635, learning rate set to 0.000031
[2016-11-10 17:22:51,033] >  epoch 20/3333300, training error 0.229864
[2016-11-10 17:23:06,902] >  epoch 20/3333300, validation error 0.274114
[2016-11-10 17:23:07,020] >> Training finished in 1 day, 3:50:02.071699
