[2016-11-25 13:41:24,025] >> Loading model
[2016-11-25 13:41:24,727] >> Loading datasets
[2016-11-25 13:41:24,768] >> Reconstruction training started with arguments:
{'activation_noise': None,
 'adadelta': False,
 'adadelta_epsilon': '1e-6',
 'adadelta_rho': '0.95',
 'adagrad': False,
 'adagrad_decay': False,
 'batch_size': 128,
 'ce_sparsity': 0.01,
 'ce_sparsity_weight': 0.0,
 'compound': False,
 'corruption_level': 0.2,
 'datasets': (DatasetContainer [PFileStreamDataset@/export/data1/data/ddraper/train.5.pfile],
              DatasetContainer [],
              DatasetContainer []),
 'epochs': 50,
 'fix_layers': [],
 'graph': False,
 'hooks': [],
 'l1_reg': '0.0',
 'l2_reg': '0.0',
 'layer_args': {},
 'layers': [1],
 'learning_rate': '0.01',
 'loss': u'mse',
 'minibatches': 2000000,
 'momentum': '',
 'noise': 'mask',
 'sparsity': 0.05,
 'sparsity_weight': 0.0,
 'validate': False,
 'verbosity': 1,
 'warn': False}
[2016-11-25 13:41:24,768] >> Reconstruction training started with da:
{'hidden_activation': u'sigmoid',
 u'loss': u'mse',
 'n_hidden': 1000,
 'n_visible': 966,
 'tied_weights': True,
 'visible_activation': u'tanh'}
[2016-11-25 13:41:24,768] >> Compiling theano graph
Using gpu device 0: Tesla M2075 (CNMeM is disabled, cuDNN not available)
[2016-11-25 13:42:53,781] >> Training started
[2016-11-25 13:44:32,434] >> epoch 0/10000, average cost 94.262962
[2016-11-25 13:47:07,674] >> epoch 0/20000, average cost 42.861282
[2016-11-25 13:48:41,427] >> epoch 0/30000, average cost 29.243706
[2016-11-25 13:51:05,723] >> epoch 0/40000, average cost 23.470003
[2016-11-25 13:52:16,696] >> epoch 0/50000, average cost 21.271965
[2016-11-25 13:54:21,542] >> epoch 0/60000, average cost 20.205307
[2016-11-25 13:56:27,605] >> epoch 0/70000, average cost 19.505096
[2016-11-25 13:58:01,958] >> epoch 0/80000, average cost 19.204786
[2016-11-25 14:00:44,219] >> epoch 0/90000, average cost 18.845789
[2016-11-25 14:02:11,909] >> epoch 0/100000, average cost 18.724566
[2016-11-25 14:04:02,438] >> epoch 0/110000, average cost 18.583090
[2016-11-25 14:05:33,701] >> epoch 0/120000, average cost 18.468824
[2016-11-25 14:07:51,649] >> epoch 0/130000, average cost 18.384756
[2016-11-25 14:09:38,532] >> epoch 0/140000, average cost 18.377054
[2016-11-25 14:11:28,725] >> epoch 0/150000, average cost 18.281387
[2016-11-25 14:13:27,724] >> epoch 0/160000, average cost 18.170078
[2016-11-25 14:15:16,561] >> epoch 0/170000, average cost 18.120691
[2016-11-25 14:17:08,753] >> epoch 1/178960, average cost 25.265087
[2016-11-25 14:21:12,170] >> epoch 1/190000, average cost 17.895363
[2016-11-25 14:23:53,582] >> epoch 1/200000, average cost 17.943060
[2016-11-25 14:25:24,862] >> epoch 1/210000, average cost 17.793077
[2016-11-25 14:28:33,526] >> epoch 1/220000, average cost 17.747032
[2016-11-25 14:31:05,184] >> epoch 1/230000, average cost 17.657282
[2016-11-25 14:32:34,365] >> epoch 1/240000, average cost 17.548691
[2016-11-25 14:35:14,161] >> epoch 1/250000, average cost 17.510660
[2016-11-25 14:36:44,866] >> epoch 1/260000, average cost 17.488411
[2016-11-25 14:39:15,133] >> epoch 1/270000, average cost 17.436380
[2016-11-25 14:40:51,611] >> epoch 1/280000, average cost 17.384226
[2016-11-25 14:42:58,564] >> epoch 1/290000, average cost 17.263376
[2016-11-25 14:44:56,373] >> epoch 1/300000, average cost 17.222307
[2016-11-25 14:46:27,326] >> epoch 1/310000, average cost 17.171328
[2016-11-25 14:48:53,260] >> epoch 1/320000, average cost 17.191971
[2016-11-25 14:50:27,843] >> epoch 1/330000, average cost 17.133394
[2016-11-25 14:52:27,911] >> epoch 1/340000, average cost 17.080065
[2016-11-25 14:53:41,534] >> epoch 1/350000, average cost 17.061714
[2016-11-25 14:54:31,753] >> epoch 2/357920, average cost 17.426853
[2016-11-25 14:56:40,134] >> epoch 2/370000, average cost 16.939293
[2016-11-25 14:58:47,780] >> epoch 2/380000, average cost 16.990301
[2016-11-25 15:01:35,649] >> epoch 2/390000, average cost 16.907246
[2016-11-25 15:03:20,263] >> epoch 2/400000, average cost 16.890665
[2016-11-25 15:05:55,707] >> epoch 2/410000, average cost 16.812954
[2016-11-25 15:07:30,343] >> epoch 2/420000, average cost 16.765755
[2016-11-25 15:10:04,010] >> epoch 2/430000, average cost 16.743132
[2016-11-25 15:11:41,912] >> epoch 2/440000, average cost 16.763573
[2016-11-25 15:14:37,050] >> epoch 2/450000, average cost 16.716816
[2016-11-25 15:17:19,754] >> epoch 2/460000, average cost 16.702414
[2016-11-25 15:18:54,525] >> epoch 2/470000, average cost 16.580404
[2016-11-25 15:21:36,733] >> epoch 2/480000, average cost 16.584667
[2016-11-25 15:23:18,161] >> epoch 2/490000, average cost 16.560179
[2016-11-25 15:26:06,455] >> epoch 2/500000, average cost 16.567198
[2016-11-25 15:27:38,954] >> epoch 2/510000, average cost 16.532539
[2016-11-25 15:30:18,966] >> epoch 2/520000, average cost 16.499878
[2016-11-25 15:32:53,725] >> epoch 2/530000, average cost 16.482706
[2016-11-25 15:33:19,991] >> epoch 3/536880, average cost 16.700994
[2016-11-25 15:37:04,805] >> epoch 3/550000, average cost 16.409357
[2016-11-25 15:38:35,839] >> epoch 3/560000, average cost 16.446060
[2016-11-25 15:40:59,017] >> epoch 3/570000, average cost 16.389273
[2016-11-25 15:42:15,247] >> epoch 3/580000, average cost 16.389498
[2016-11-25 15:44:19,766] >> epoch 3/590000, average cost 16.309248
[2016-11-25 15:45:42,339] >> epoch 3/600000, average cost 16.304445
[2016-11-25 15:47:40,804] >> epoch 3/610000, average cost 16.271889
[2016-11-25 15:49:37,842] >> epoch 3/620000, average cost 16.321493
[2016-11-25 15:50:51,474] >> epoch 3/630000, average cost 16.271315
[2016-11-25 15:52:25,239] >> epoch 3/640000, average cost 16.270876
[2016-11-25 15:53:36,568] >> epoch 3/650000, average cost 16.154621
[2016-11-25 15:55:06,580] >> epoch 3/660000, average cost 16.176825
[2016-11-25 15:56:15,913] >> epoch 3/670000, average cost 16.171978
[2016-11-25 15:57:46,574] >> epoch 3/680000, average cost 16.171844
[2016-11-25 15:59:20,316] >> epoch 3/690000, average cost 16.145922
[2016-11-25 16:00:28,368] >> epoch 3/700000, average cost 16.119741
[2016-11-25 16:01:51,250] >> epoch 3/710000, average cost 16.112120
[2016-11-25 16:02:14,103] >> epoch 4/715840, average cost 16.257086
[2016-11-25 16:04:48,760] >> epoch 4/730000, average cost 16.072838
[2016-11-25 16:05:52,636] >> epoch 4/740000, average cost 16.077034
[2016-11-25 16:07:22,856] >> epoch 4/750000, average cost 16.047132
[2016-11-25 16:08:29,171] >> epoch 4/760000, average cost 16.045799
[2016-11-25 16:09:56,361] >> epoch 4/770000, average cost 15.960822
[2016-11-25 16:11:30,190] >> epoch 4/780000, average cost 15.972387
[2016-11-25 16:12:38,961] >> epoch 4/790000, average cost 15.946106
[2016-11-25 16:14:08,005] >> epoch 4/800000, average cost 15.989735
[2016-11-25 16:15:12,016] >> epoch 4/810000, average cost 15.941578
[2016-11-25 16:16:47,860] >> epoch 4/820000, average cost 15.944556
[2016-11-25 16:17:53,729] >> epoch 4/830000, average cost 15.819710
[2016-11-25 16:19:13,358] >> epoch 4/840000, average cost 15.861950
[2016-11-25 16:20:37,619] >> epoch 4/850000, average cost 15.864731
[2016-11-25 16:21:44,505] >> epoch 4/860000, average cost 15.857709
[2016-11-25 16:23:14,091] >> epoch 4/870000, average cost 15.830715
[2016-11-25 16:24:23,401] >> epoch 4/880000, average cost 15.813744
[2016-11-25 16:25:39,379] >> epoch 4/890000, average cost 15.807544
[2016-11-25 16:25:57,324] >> epoch 5/894800, average cost 15.929644
[2016-11-25 16:28:26,647] >> epoch 5/910000, average cost 15.791478
[2016-11-25 16:29:32,867] >> epoch 5/920000, average cost 15.762184
[2016-11-25 16:30:58,746] >> epoch 5/930000, average cost 15.751147
[2016-11-25 16:32:21,407] >> epoch 5/940000, average cost 15.755047
[2016-11-25 16:33:23,091] >> epoch 5/950000, average cost 15.656262
[2016-11-25 16:34:55,755] >> epoch 5/960000, average cost 15.686425
[2016-11-25 16:36:01,986] >> epoch 5/970000, average cost 15.649255
[2016-11-25 16:37:34,102] >> epoch 5/980000, average cost 15.699278
[2016-11-25 16:38:42,177] >> epoch 5/990000, average cost 15.648864
[2016-11-25 16:40:10,815] >> epoch 5/1000000, average cost 15.645425
[2016-11-25 16:41:34,236] >> epoch 5/1010000, average cost 15.528875
[2016-11-25 16:42:28,469] >> epoch 5/1020000, average cost 15.564828
[2016-11-25 16:43:52,952] >> epoch 5/1030000, average cost 15.579625
[2016-11-25 16:44:56,343] >> epoch 5/1040000, average cost 15.564872
[2016-11-25 16:46:20,013] >> epoch 5/1050000, average cost 15.526161
[2016-11-25 16:47:30,816] >> epoch 5/1060000, average cost 15.523897
[2016-11-25 16:48:50,465] >> epoch 5/1070000, average cost 15.517744
[2016-11-25 16:49:04,374] >> epoch 6/1073760, average cost 15.636309
[2016-11-25 16:51:43,066] >> epoch 6/1090000, average cost 15.519815
[2016-11-25 16:53:11,814] >> epoch 6/1100000, average cost 15.469560
[2016-11-25 16:54:17,625] >> epoch 6/1110000, average cost 15.465991
[2016-11-25 16:55:45,905] >> epoch 6/1120000, average cost 15.464198
[2016-11-25 16:56:53,964] >> epoch 6/1130000, average cost 15.368560
[2016-11-25 16:58:24,924] >> epoch 6/1140000, average cost 15.411936
[2016-11-25 16:59:34,775] >> epoch 6/1150000, average cost 15.372853
[2016-11-25 17:01:03,246] >> epoch 6/1160000, average cost 15.428742
[2016-11-25 17:02:33,263] >> epoch 6/1170000, average cost 15.377361
[2016-11-25 17:03:43,487] >> epoch 6/1180000, average cost 15.370625
[2016-11-25 17:05:12,043] >> epoch 6/1190000, average cost 15.270339
[2016-11-25 17:06:16,852] >> epoch 6/1200000, average cost 15.293956
[2016-11-25 17:07:46,700] >> epoch 6/1210000, average cost 15.332829
[2016-11-25 17:08:54,181] >> epoch 6/1220000, average cost 15.307084
[2016-11-25 17:10:19,102] >> epoch 6/1230000, average cost 15.277344
[2016-11-25 17:11:30,679] >> epoch 6/1240000, average cost 15.276563
[2016-11-25 17:12:33,487] >> epoch 6/1250000, average cost 15.270144
[2016-11-25 17:12:43,688] >> epoch 7/1252720, average cost 15.367886
[2016-11-25 17:15:26,521] >> epoch 7/1270000, average cost 15.284877
[2016-11-25 17:16:51,278] >> epoch 7/1280000, average cost 15.227906
[2016-11-25 17:17:53,854] >> epoch 7/1290000, average cost 15.228345
[2016-11-25 17:19:18,113] >> epoch 7/1300000, average cost 15.233547
[2016-11-25 17:20:47,549] >> epoch 7/1310000, average cost 15.135463
[2016-11-25 17:21:51,682] >> epoch 7/1320000, average cost 15.186513
[2016-11-25 17:23:21,695] >> epoch 7/1330000, average cost 15.158661
[2016-11-25 17:24:23,346] >> epoch 7/1340000, average cost 15.197670
[2016-11-25 17:25:51,071] >> epoch 7/1350000, average cost 15.163791
[2016-11-25 17:27:02,986] >> epoch 7/1360000, average cost 15.142412
[2016-11-25 17:28:26,466] >> epoch 7/1370000, average cost 15.057995
[2016-11-25 17:29:50,661] >> epoch 7/1380000, average cost 15.066957
[2016-11-25 17:30:56,336] >> epoch 7/1390000, average cost 15.125400
[2016-11-25 17:32:15,093] >> epoch 7/1400000, average cost 15.097231
[2016-11-25 17:33:19,159] >> epoch 7/1410000, average cost 15.062025
[2016-11-25 17:34:37,431] >> epoch 7/1420000, average cost 15.072661
[2016-11-25 17:35:41,800] >> epoch 7/1430000, average cost 15.064692
[2016-11-25 17:35:48,214] >> epoch 8/1431680, average cost 15.146850
[2016-11-25 17:38:36,314] >> epoch 8/1450000, average cost 15.090742
[2016-11-25 17:40:01,172] >> epoch 8/1460000, average cost 15.019875
[2016-11-25 17:41:28,187] >> epoch 8/1470000, average cost 15.029412
[2016-11-25 17:42:29,514] >> epoch 8/1480000, average cost 15.037653
[2016-11-25 17:44:00,021] >> epoch 8/1490000, average cost 14.947489
[2016-11-25 17:45:04,426] >> epoch 8/1500000, average cost 14.991030
[2016-11-25 17:46:30,749] >> epoch 8/1510000, average cost 14.981022
[2016-11-25 17:47:37,120] >> epoch 8/1520000, average cost 15.003549
[2016-11-25 17:49:03,687] >> epoch 8/1530000, average cost 14.979957
[2016-11-25 17:50:30,344] >> epoch 8/1540000, average cost 14.952481
[2016-11-25 17:51:36,026] >> epoch 8/1550000, average cost 14.884369
[2016-11-25 17:53:01,234] >> epoch 8/1560000, average cost 14.893721
[2016-11-25 17:54:08,260] >> epoch 8/1570000, average cost 14.942126
[2016-11-25 17:55:21,427] >> epoch 8/1580000, average cost 14.919259
[2016-11-25 17:56:29,245] >> epoch 8/1590000, average cost 14.884315
[2016-11-25 17:57:48,653] >> epoch 8/1600000, average cost 14.905459
[2016-11-25 17:58:51,565] >> epoch 8/1610000, average cost 14.896266
[2016-11-25 17:58:53,911] >> epoch 9/1610640, average cost 14.962292
[2016-11-25 18:02:02,771] >> epoch 9/1630000, average cost 14.928453
[2016-11-25 18:03:06,757] >> epoch 9/1640000, average cost 14.849233
[2016-11-25 18:04:34,471] >> epoch 9/1650000, average cost 14.867703
[2016-11-25 18:05:39,681] >> epoch 9/1660000, average cost 14.862549
[2016-11-25 18:07:10,461] >> epoch 9/1670000, average cost 14.793869
[2016-11-25 18:08:14,688] >> epoch 9/1680000, average cost 14.820053
[2016-11-25 18:09:38,975] >> epoch 9/1690000, average cost 14.830317
[2016-11-25 18:11:07,651] >> epoch 9/1700000, average cost 14.836936
[2016-11-25 18:12:14,362] >> epoch 9/1710000, average cost 14.823925
[2016-11-25 18:13:42,085] >> epoch 9/1720000, average cost 14.782795
[2016-11-25 18:14:47,668] >> epoch 9/1730000, average cost 14.740785
[2016-11-25 18:16:06,971] >> epoch 9/1740000, average cost 14.737347
[2016-11-25 18:17:01,013] >> epoch 9/1750000, average cost 14.785068
[2016-11-25 18:18:22,548] >> epoch 9/1760000, average cost 14.773531
[2016-11-25 18:19:43,650] >> epoch 9/1770000, average cost 14.733470
[2016-11-25 18:20:42,114] >> epoch 9/1780000, average cost 14.753775
[2016-11-25 18:21:44,492] >> epoch 10/1789600, average cost 14.804473
[2016-11-25 18:23:31,285] >> epoch 10/1800000, average cost 14.678346
[2016-11-25 18:24:56,472] >> epoch 10/1810000, average cost 14.778291
[2016-11-25 18:25:59,847] >> epoch 10/1820000, average cost 14.712815
[2016-11-25 18:27:26,659] >> epoch 10/1830000, average cost 14.729840
[2016-11-25 18:28:33,402] >> epoch 10/1840000, average cost 14.715055
[2016-11-25 18:29:56,599] >> epoch 10/1850000, average cost 14.662381
[2016-11-25 18:31:23,391] >> epoch 10/1860000, average cost 14.685380
[2016-11-25 18:32:28,984] >> epoch 10/1870000, average cost 14.706268
[2016-11-25 18:34:39,811] >> epoch 10/1880000, average cost 14.696759
[2016-11-25 18:36:15,726] >> epoch 10/1890000, average cost 14.699730
[2016-11-25 18:38:24,839] >> epoch 10/1900000, average cost 14.639166
[2016-11-25 18:39:54,032] >> epoch 10/1910000, average cost 14.628269
[2016-11-25 18:41:53,160] >> epoch 10/1920000, average cost 14.622528
[2016-11-25 18:43:36,042] >> epoch 10/1930000, average cost 14.657725
[2016-11-25 18:44:56,094] >> epoch 10/1940000, average cost 14.649736
[2016-11-25 18:47:00,388] >> epoch 10/1950000, average cost 14.616792
[2016-11-25 18:48:28,795] >> epoch 10/1960000, average cost 14.637714
[2016-11-25 18:49:44,181] >> epoch 11/1968560, average cost 14.675115
[2016-11-25 18:51:35,693] >> epoch 11/1980000, average cost 14.577159
[2016-11-25 18:53:02,224] >> epoch 11/1990000, average cost 14.658467
[2016-11-25 18:54:09,820] >> epoch 11/2000000, average cost 14.608279
[2016-11-25 18:54:09,825] >> epoch 12/2000000, average cost 14.611184
[2016-11-25 18:54:09,828] >> Training finished in 5:11:16.046415
[2016-11-25 18:54:31,695] >> Loading model
[2016-11-25 18:54:32,226] >> Loading datasets
[2016-11-25 18:54:33,492] >> Reconstruction training started with arguments:
{'activation_noise': None,
 'adadelta': False,
 'adadelta_epsilon': '1e-6',
 'adadelta_rho': '0.95',
 'adagrad': False,
 'adagrad_decay': False,
 'batch_size': 128,
 'ce_sparsity': 0.01,
 'ce_sparsity_weight': 0.0,
 'compound': False,
 'corruption_level': 0.2,
 'datasets': (DatasetContainer [PFileStreamDataset@/export/data1/data/ddraper/train.5.pfile],
              DatasetContainer [],
              DatasetContainer []),
 'epochs': 50,
 'fix_layers': [],
 'graph': False,
 'hooks': [],
 'l1_reg': '0.0',
 'l2_reg': '0.0',
 'layer_args': {1: {}},
 'layers': [2],
 'learning_rate': '0.01',
 'loss': 'crossentropy',
 'minibatches': 2000000,
 'momentum': '',
 'noise': 'mask',
 'sparsity': 0.05,
 'sparsity_weight': 0.0,
 'validate': False,
 'verbosity': 1,
 'warn': False}
[2016-11-25 18:54:33,492] >> Reconstruction training started with da:
{'hidden_activation': u'sigmoid',
 'n_hidden': 1000,
 'n_visible': 1000,
 'tied_weights': True,
 'visible_activation': u'sigmoid'}
[2016-11-25 18:54:33,492] >> Compiling theano graph
Using gpu device 0: Tesla M2075 (CNMeM is disabled, cuDNN not available)
[2016-11-25 18:56:01,898] >> Training started
[2016-11-25 18:57:13,211] >> epoch 0/10000, average cost 289.487976
[2016-11-25 18:59:27,437] >> epoch 0/20000, average cost 285.760010
[2016-11-25 19:01:06,665] >> epoch 0/30000, average cost 283.658264
[2016-11-25 19:03:36,278] >> epoch 0/40000, average cost 283.420013
[2016-11-25 19:05:19,253] >> epoch 0/50000, average cost 283.165619
[2016-11-25 19:07:50,838] >> epoch 0/60000, average cost 282.470795
[2016-11-25 19:10:50,831] >> epoch 0/70000, average cost 282.584351
[2016-11-25 19:12:38,324] >> epoch 0/80000, average cost 282.647217
[2016-11-25 19:15:45,040] >> epoch 0/90000, average cost 282.716461
[2016-11-25 19:17:38,099] >> epoch 0/100000, average cost 282.498169
[2016-11-25 19:20:39,870] >> epoch 0/110000, average cost 282.100952
[2016-11-25 19:22:34,727] >> epoch 0/120000, average cost 282.232391
[2016-11-25 19:25:52,144] >> epoch 0/130000, average cost 282.210358
[2016-11-25 19:28:59,051] >> epoch 0/140000, average cost 282.743286
[2016-11-25 19:30:49,952] >> epoch 0/150000, average cost 282.435364
[2016-11-25 19:33:30,182] >> epoch 0/160000, average cost 282.113342
[2016-11-25 19:34:54,919] >> epoch 0/170000, average cost 282.402588
[2016-11-25 19:36:20,513] >> epoch 1/178960, average cost 283.177551
[2016-11-25 19:38:39,661] >> epoch 1/190000, average cost 281.980286
[2016-11-25 19:41:12,136] >> epoch 1/200000, average cost 282.903412
[2016-11-25 19:42:49,648] >> epoch 1/210000, average cost 281.972137
[2016-11-25 19:45:10,676] >> epoch 1/220000, average cost 282.287476
[2016-11-25 19:47:45,894] >> epoch 1/230000, average cost 282.173492
[2016-11-25 19:49:29,790] >> epoch 1/240000, average cost 281.750732
[2016-11-25 19:52:05,917] >> epoch 1/250000, average cost 281.932312
[2016-11-25 19:53:40,143] >> epoch 1/260000, average cost 282.212189
[2016-11-25 19:56:03,740] >> epoch 1/270000, average cost 282.157410
[2016-11-25 19:57:34,771] >> epoch 1/280000, average cost 282.147552
[2016-11-25 19:59:56,634] >> epoch 1/290000, average cost 281.599243
[2016-11-25 20:02:04,279] >> epoch 1/300000, average cost 282.010773
[2016-11-25 20:03:35,083] >> epoch 1/310000, average cost 281.920563
[2016-11-25 20:05:36,862] >> epoch 1/320000, average cost 282.420135
[2016-11-25 20:07:06,650] >> epoch 1/330000, average cost 282.130951
[2016-11-25 20:09:47,527] >> epoch 1/340000, average cost 281.911743
[2016-11-25 20:11:27,295] >> epoch 1/350000, average cost 282.135803
[2016-11-25 20:12:55,098] >> epoch 2/357920, average cost 282.101685
[2016-11-25 20:14:29,843] >> epoch 2/370000, average cost 281.927795
[2016-11-25 20:15:52,074] >> epoch 2/380000, average cost 282.638763
[2016-11-25 20:17:17,280] >> epoch 2/390000, average cost 281.793884
[2016-11-25 20:18:21,262] >> epoch 2/400000, average cost 282.171753
[2016-11-25 20:19:46,538] >> epoch 2/410000, average cost 281.911438
[2016-11-25 20:20:54,420] >> epoch 2/420000, average cost 281.681091
[2016-11-25 20:22:19,945] >> epoch 2/430000, average cost 281.735931
[2016-11-25 20:23:25,203] >> epoch 2/440000, average cost 282.179718
[2016-11-25 20:24:51,132] >> epoch 2/450000, average cost 281.915436
[2016-11-25 20:26:18,320] >> epoch 2/460000, average cost 282.078857
[2016-11-25 20:27:23,595] >> epoch 2/470000, average cost 281.396423
[2016-11-25 20:28:51,016] >> epoch 2/480000, average cost 281.912445
[2016-11-25 20:29:59,851] >> epoch 2/490000, average cost 281.921997
[2016-11-25 20:31:18,315] >> epoch 2/500000, average cost 282.287750
[2016-11-25 20:32:30,394] >> epoch 2/510000, average cost 281.982544
[2016-11-25 20:33:47,779] >> epoch 2/520000, average cost 281.869812
[2016-11-25 20:35:02,194] >> epoch 2/530000, average cost 282.011993
[2016-11-25 20:35:34,374] >> epoch 3/536880, average cost 281.967224
[2016-11-25 20:37:29,062] >> epoch 3/550000, average cost 282.017090
[2016-11-25 20:38:33,036] >> epoch 3/560000, average cost 282.440521
[2016-11-25 20:39:56,177] >> epoch 3/570000, average cost 281.752563
[2016-11-25 20:41:01,091] >> epoch 3/580000, average cost 282.130402
[2016-11-25 20:42:24,210] >> epoch 3/590000, average cost 281.712585
[2016-11-25 20:43:32,098] >> epoch 3/600000, average cost 281.676971
[2016-11-25 20:44:51,773] >> epoch 3/610000, average cost 281.620056
[2016-11-25 20:46:18,603] >> epoch 3/620000, average cost 282.182434
[2016-11-25 20:47:24,325] >> epoch 3/630000, average cost 281.784607
[2016-11-25 20:48:46,618] >> epoch 3/640000, average cost 281.998230
[2016-11-25 20:49:58,463] >> epoch 3/650000, average cost 281.272614
[2016-11-25 20:51:15,194] >> epoch 3/660000, average cost 281.878876
[2016-11-25 20:52:33,079] >> epoch 3/670000, average cost 281.961639
[2016-11-25 20:53:53,352] >> epoch 3/680000, average cost 282.229218
[2016-11-25 20:55:17,079] >> epoch 3/690000, average cost 281.868958
[2016-11-25 20:56:26,983] >> epoch 3/700000, average cost 281.852661
[2016-11-25 20:57:40,102] >> epoch 3/710000, average cost 281.959167
[2016-11-25 20:58:08,041] >> epoch 4/715840, average cost 281.896423
[2016-11-25 21:00:12,821] >> epoch 4/730000, average cost 282.153534
[2016-11-25 21:01:22,952] >> epoch 4/740000, average cost 282.273560
[2016-11-25 21:02:47,056] >> epoch 4/750000, average cost 281.698517
[2016-11-25 21:04:00,331] >> epoch 4/760000, average cost 282.127289
[2016-11-25 21:05:19,007] >> epoch 4/770000, average cost 281.566254
[2016-11-25 21:06:45,256] >> epoch 4/780000, average cost 281.672394
[2016-11-25 21:07:54,056] >> epoch 4/790000, average cost 281.547302
[2016-11-25 21:09:18,683] >> epoch 4/800000, average cost 282.182770
[2016-11-25 21:10:31,311] >> epoch 4/810000, average cost 281.664520
[2016-11-25 21:11:55,148] >> epoch 4/820000, average cost 281.968994
[2016-11-25 21:13:02,394] >> epoch 4/830000, average cost 281.203461
[2016-11-25 21:14:21,525] >> epoch 4/840000, average cost 281.855499
[2016-11-25 21:15:47,531] >> epoch 4/850000, average cost 282.004395
[2016-11-25 21:16:52,288] >> epoch 4/860000, average cost 282.159363
[2016-11-25 21:18:20,030] >> epoch 4/870000, average cost 281.779633
[2016-11-25 21:19:35,275] >> epoch 4/880000, average cost 281.863312
[2016-11-25 21:20:41,661] >> epoch 4/890000, average cost 281.901978
[2016-11-25 21:21:05,198] >> epoch 5/894800, average cost 281.847748
[2016-11-25 21:23:10,556] >> epoch 5/910000, average cost 282.286438
[2016-11-25 21:24:16,183] >> epoch 5/920000, average cost 282.104401
[2016-11-25 21:25:36,365] >> epoch 5/930000, average cost 281.703247
[2016-11-25 21:27:01,466] >> epoch 5/940000, average cost 282.071106
[2016-11-25 21:28:08,716] >> epoch 5/950000, average cost 281.440613
[2016-11-25 21:29:31,994] >> epoch 5/960000, average cost 281.669861
[2016-11-25 21:30:42,159] >> epoch 5/970000, average cost 281.488983
[2016-11-25 21:32:02,653] >> epoch 5/980000, average cost 282.183044
[2016-11-25 21:33:17,383] >> epoch 5/990000, average cost 281.600189
[2016-11-25 21:34:38,603] >> epoch 5/1000000, average cost 281.902039
[2016-11-25 21:35:55,011] >> epoch 5/1010000, average cost 281.197540
[2016-11-25 21:37:02,127] >> epoch 5/1020000, average cost 281.770508
[2016-11-25 21:38:23,523] >> epoch 5/1030000, average cost 282.062195
[2016-11-25 21:39:32,551] >> epoch 5/1040000, average cost 282.099396
[2016-11-25 21:40:56,269] >> epoch 5/1050000, average cost 281.681244
[2016-11-25 21:42:08,367] >> epoch 5/1060000, average cost 281.888306
[2016-11-25 21:43:12,820] >> epoch 5/1070000, average cost 281.873199
[2016-11-25 21:43:32,066] >> epoch 6/1073760, average cost 281.805908
[2016-11-25 21:45:41,281] >> epoch 6/1090000, average cost 282.454071
[2016-11-25 21:47:01,462] >> epoch 6/1100000, average cost 281.935150
[2016-11-25 21:48:04,575] >> epoch 6/1110000, average cost 281.683167
[2016-11-25 21:49:25,216] >> epoch 6/1120000, average cost 282.025146
[2016-11-25 21:50:35,075] >> epoch 6/1130000, average cost 281.357971
[2016-11-25 21:51:57,428] >> epoch 6/1140000, average cost 281.664398
[2016-11-25 21:53:12,147] >> epoch 6/1150000, average cost 281.427704
[2016-11-25 21:54:30,551] >> epoch 6/1160000, average cost 282.182983
[2016-11-25 21:55:57,709] >> epoch 6/1170000, average cost 281.589294
[2016-11-25 21:57:11,195] >> epoch 6/1180000, average cost 281.789764
[2016-11-25 21:58:26,974] >> epoch 6/1190000, average cost 281.255737
[2016-11-25 21:59:40,043] >> epoch 6/1200000, average cost 281.639099
[2016-11-25 22:00:55,935] >> epoch 6/1210000, average cost 282.115631
[2016-11-25 22:02:10,235] >> epoch 6/1220000, average cost 282.056335
[2016-11-25 22:03:31,811] >> epoch 6/1230000, average cost 281.576996
[2016-11-25 22:04:47,999] >> epoch 6/1240000, average cost 281.887878
[2016-11-25 22:05:45,962] >> epoch 6/1250000, average cost 281.862854
[2016-11-25 22:06:00,794] >> epoch 7/1252720, average cost 281.768585
[2016-11-25 22:08:12,129] >> epoch 7/1270000, average cost 282.485413
[2016-11-25 22:09:33,140] >> epoch 7/1280000, average cost 281.767975
[2016-11-25 22:10:37,342] >> epoch 7/1290000, average cost 281.662659
[2016-11-25 22:11:58,000] >> epoch 7/1300000, average cost 281.964539
[2016-11-25 22:13:23,795] >> epoch 7/1310000, average cost 281.276917
[2016-11-25 22:14:29,719] >> epoch 7/1320000, average cost 281.666260
[2016-11-25 22:15:54,922] >> epoch 7/1330000, average cost 281.473999
[2016-11-25 22:17:01,024] >> epoch 7/1340000, average cost 282.097290
[2016-11-25 22:18:27,169] >> epoch 7/1350000, average cost 281.576172
[2016-11-25 22:19:39,819] >> epoch 7/1360000, average cost 281.635803
[2016-11-25 22:21:00,460] >> epoch 7/1370000, average cost 281.317780
[2016-11-25 22:22:27,759] >> epoch 7/1380000, average cost 281.511536
[2016-11-25 22:23:37,991] >> epoch 7/1390000, average cost 282.155640
[2016-11-25 22:25:08,219] >> epoch 7/1400000, average cost 281.976868
[2016-11-25 22:26:21,491] >> epoch 7/1410000, average cost 281.525665
[2016-11-25 22:27:36,607] >> epoch 7/1420000, average cost 281.862152
[2016-11-25 22:28:33,408] >> epoch 7/1430000, average cost 281.854736
[2016-11-25 22:28:43,946] >> epoch 8/1431680, average cost 281.727661
[2016-11-25 22:31:07,064] >> epoch 8/1450000, average cost 282.509247
[2016-11-25 22:32:27,792] >> epoch 8/1460000, average cost 281.595276
[2016-11-25 22:33:49,954] >> epoch 8/1470000, average cost 281.662323
[2016-11-25 22:34:54,881] >> epoch 8/1480000, average cost 281.881958
[2016-11-25 22:36:17,875] >> epoch 8/1490000, average cost 281.271149
[2016-11-25 22:37:22,640] >> epoch 8/1500000, average cost 281.591064
[2016-11-25 22:38:43,025] >> epoch 8/1510000, average cost 281.535492
[2016-11-25 22:39:53,927] >> epoch 8/1520000, average cost 281.987854
[2016-11-25 22:41:11,879] >> epoch 8/1530000, average cost 281.575989
[2016-11-25 22:42:33,552] >> epoch 8/1540000, average cost 281.522400
[2016-11-25 22:43:37,795] >> epoch 8/1550000, average cost 281.346832
[2016-11-25 22:44:58,675] >> epoch 8/1560000, average cost 281.479431
[2016-11-25 22:46:05,987] >> epoch 8/1570000, average cost 282.114410
[2016-11-25 22:47:23,452] >> epoch 8/1580000, average cost 281.873749
[2016-11-25 22:48:39,371] >> epoch 8/1590000, average cost 281.485321
[2016-11-25 22:49:51,525] >> epoch 8/1600000, average cost 281.839722
[2016-11-25 22:50:47,995] >> epoch 8/1610000, average cost 281.854675
[2016-11-25 22:50:52,974] >> epoch 9/1610640, average cost 281.688232
[2016-11-25 22:53:29,457] >> epoch 9/1630000, average cost 282.479065
[2016-11-25 22:54:31,956] >> epoch 9/1640000, average cost 281.462891
[2016-11-25 22:55:54,404] >> epoch 9/1650000, average cost 281.675201
[2016-11-25 22:56:58,198] >> epoch 9/1660000, average cost 281.813263
[2016-11-25 22:58:17,740] >> epoch 9/1670000, average cost 281.220490
[2016-11-25 22:59:27,271] >> epoch 9/1680000, average cost 281.536438
[2016-11-25 23:00:46,738] >> epoch 9/1690000, average cost 281.594635
[2016-11-25 23:02:10,913] >> epoch 9/1700000, average cost 281.870789
[2016-11-25 23:03:17,571] >> epoch 9/1710000, average cost 281.595978
[2016-11-25 23:04:31,719] >> epoch 9/1720000, average cost 281.351929
[2016-11-25 23:05:43,799] >> epoch 9/1730000, average cost 281.419464
[2016-11-25 23:07:00,695] >> epoch 9/1740000, average cost 281.471985
[2016-11-25 23:08:11,095] >> epoch 9/1750000, average cost 282.062714
[2016-11-25 23:09:25,585] >> epoch 9/1760000, average cost 281.790253
[2016-11-25 23:10:46,010] >> epoch 9/1770000, average cost 281.451782
[2016-11-25 23:11:53,347] >> epoch 9/1780000, average cost 281.785065
[2016-11-25 23:12:48,150] >> epoch 10/1789600, average cost 281.650269
[2016-11-25 23:14:10,440] >> epoch 10/1800000, average cost 281.322449
[2016-11-25 23:15:33,877] >> epoch 10/1810000, average cost 282.377594
[2016-11-25 23:16:37,116] >> epoch 10/1820000, average cost 281.417664
[2016-11-25 23:17:58,959] >> epoch 10/1830000, average cost 281.699097
[2016-11-25 23:19:07,207] >> epoch 10/1840000, average cost 281.692230
[2016-11-25 23:20:22,670] >> epoch 10/1850000, average cost 281.241241
[2016-11-25 23:21:43,930] >> epoch 10/1860000, average cost 281.438263
[2016-11-25 23:22:45,923] >> epoch 10/1870000, average cost 281.645813
[2016-11-25 23:24:07,014] >> epoch 10/1880000, average cost 281.725433
[2016-11-25 23:25:13,227] >> epoch 10/1890000, average cost 281.636200
[2016-11-25 23:26:28,216] >> epoch 10/1900000, average cost 281.193787
[2016-11-25 23:27:42,471] >> epoch 10/1910000, average cost 281.509064
[2016-11-25 23:28:57,735] >> epoch 10/1920000, average cost 281.448120
[2016-11-25 23:30:18,710] >> epoch 10/1930000, average cost 281.990570
[2016-11-25 23:31:27,897] >> epoch 10/1940000, average cost 281.709045
[2016-11-25 23:32:44,691] >> epoch 10/1950000, average cost 281.438110
[2016-11-25 23:33:58,319] >> epoch 10/1960000, average cost 281.717255
[2016-11-25 23:34:42,519] >> epoch 11/1968560, average cost 281.610352
[2016-11-25 23:36:12,651] >> epoch 11/1980000, average cost 281.421265
[2016-11-25 23:37:34,490] >> epoch 11/1990000, average cost 282.264343
[2016-11-25 23:38:43,179] >> epoch 11/2000000, average cost 281.380615
[2016-11-25 23:38:43,188] >> epoch 12/2000000, average cost 281.642151
[2016-11-25 23:38:43,197] >> Training finished in 4:42:41.298123
[2016-11-25 23:39:02,896] >> Loading model
[2016-11-25 23:39:03,398] >> Loading datasets
[2016-11-25 23:39:04,913] >> Reconstruction training started with arguments:
{'activation_noise': None,
 'adadelta': False,
 'adadelta_epsilon': '1e-6',
 'adadelta_rho': '0.95',
 'adagrad': False,
 'adagrad_decay': False,
 'batch_size': 128,
 'ce_sparsity': 0.01,
 'ce_sparsity_weight': 0.0,
 'compound': False,
 'corruption_level': 0.2,
 'datasets': (DatasetContainer [PFileStreamDataset@/export/data1/data/ddraper/train.5.pfile],
              DatasetContainer [],
              DatasetContainer []),
 'epochs': 50,
 'fix_layers': [],
 'graph': False,
 'hooks': [],
 'l1_reg': '0.0',
 'l2_reg': '0.0',
 'layer_args': {1: {}, 2: {}},
 'layers': [3],
 'learning_rate': '0.01',
 'loss': 'crossentropy',
 'minibatches': 2000000,
 'momentum': '',
 'noise': 'mask',
 'sparsity': 0.05,
 'sparsity_weight': 0.0,
 'validate': False,
 'verbosity': 1,
 'warn': False}
[2016-11-25 23:39:04,914] >> Reconstruction training started with da:
{'hidden_activation': u'sigmoid',
 'n_hidden': 1000,
 'n_visible': 1000,
 'tied_weights': True,
 'visible_activation': u'sigmoid'}
[2016-11-25 23:39:04,914] >> Compiling theano graph
Using gpu device 0: Tesla M2075 (CNMeM is disabled, cuDNN not available)
[2016-11-25 23:40:54,267] >> Training started
[2016-11-25 23:42:26,174] >> epoch 0/10000, average cost 528.606079
[2016-11-25 23:45:05,241] >> epoch 0/20000, average cost 522.278320
[2016-11-25 23:46:48,360] >> epoch 0/30000, average cost 520.631775
[2016-11-25 23:49:15,737] >> epoch 0/40000, average cost 520.078552
[2016-11-25 23:50:48,261] >> epoch 0/50000, average cost 519.671692
[2016-11-25 23:53:16,876] >> epoch 0/60000, average cost 519.446838
[2016-11-25 23:58:26,698] >> epoch 0/70000, average cost 519.329224
[2016-11-25 23:59:57,592] >> epoch 0/80000, average cost 519.065918
[2016-11-26 00:02:23,231] >> epoch 0/90000, average cost 518.914490
[2016-11-26 00:04:01,507] >> epoch 0/100000, average cost 518.831421
[2016-11-26 00:06:26,086] >> epoch 0/110000, average cost 518.713318
[2016-11-26 00:07:56,336] >> epoch 0/120000, average cost 518.733948
[2016-11-26 00:10:20,806] >> epoch 0/130000, average cost 518.663635
[2016-11-26 00:12:45,201] >> epoch 0/140000, average cost 518.644104
[2016-11-26 00:14:28,141] >> epoch 0/150000, average cost 518.481201
[2016-11-26 00:16:53,538] >> epoch 0/160000, average cost 518.257507
[2016-11-26 00:18:23,785] >> epoch 0/170000, average cost 518.285156
[2016-11-26 00:19:59,978] >> epoch 1/178960, average cost 519.724792
[2016-11-26 00:22:15,577] >> epoch 1/190000, average cost 518.203796
[2016-11-26 00:24:59,917] >> epoch 1/200000, average cost 518.200684
[2016-11-26 00:26:51,364] >> epoch 1/210000, average cost 518.027161
[2016-11-26 00:29:41,282] >> epoch 1/220000, average cost 518.037903
[2016-11-26 00:32:12,364] >> epoch 1/230000, average cost 517.927429
[2016-11-26 00:33:52,900] >> epoch 1/240000, average cost 517.877930
[2016-11-26 00:36:22,861] >> epoch 1/250000, average cost 517.872314
[2016-11-26 00:37:55,376] >> epoch 1/260000, average cost 517.707520
[2016-11-26 00:40:15,569] >> epoch 1/270000, average cost 517.599731
[2016-11-26 00:41:48,666] >> epoch 1/280000, average cost 517.611328
[2016-11-26 00:44:04,147] >> epoch 1/290000, average cost 517.528992
[2016-11-26 00:46:27,730] >> epoch 1/300000, average cost 517.595703
[2016-11-26 00:48:04,017] >> epoch 1/310000, average cost 517.563110
[2016-11-26 00:50:30,226] >> epoch 1/320000, average cost 517.586243
[2016-11-26 00:52:19,057] >> epoch 1/330000, average cost 517.443970
[2016-11-26 00:54:06,889] >> epoch 1/340000, average cost 517.273438
[2016-11-26 00:55:25,766] >> epoch 1/350000, average cost 517.317444
[2016-11-26 00:56:46,246] >> epoch 2/357920, average cost 517.713745
[2016-11-26 00:59:13,411] >> epoch 2/370000, average cost 517.338379
[2016-11-26 01:01:23,429] >> epoch 2/380000, average cost 517.315979
[2016-11-26 01:03:55,585] >> epoch 2/390000, average cost 517.213318
[2016-11-26 01:05:32,468] >> epoch 2/400000, average cost 517.234497
[2016-11-26 01:07:59,069] >> epoch 2/410000, average cost 517.168579
[2016-11-26 01:09:40,482] >> epoch 2/420000, average cost 517.152771
[2016-11-26 01:12:08,565] >> epoch 2/430000, average cost 517.159546
[2016-11-26 01:13:42,675] >> epoch 2/440000, average cost 517.039795
[2016-11-26 01:15:57,881] >> epoch 2/450000, average cost 516.931213
[2016-11-26 01:18:19,766] >> epoch 2/460000, average cost 517.004028
[2016-11-26 01:19:51,669] >> epoch 2/470000, average cost 516.929932
[2016-11-26 01:22:10,375] >> epoch 2/480000, average cost 517.024597
[2016-11-26 01:23:49,736] >> epoch 2/490000, average cost 517.009827
[2016-11-26 01:26:08,973] >> epoch 2/500000, average cost 517.055725
[2016-11-26 01:27:43,259] >> epoch 2/510000, average cost 516.913574
[2016-11-26 01:29:41,687] >> epoch 2/520000, average cost 516.800171
[2016-11-26 01:32:10,074] >> epoch 2/530000, average cost 516.834106
[2016-11-26 01:32:43,841] >> epoch 3/536880, average cost 517.062622
[2016-11-26 01:36:08,979] >> epoch 3/550000, average cost 516.917542
[2016-11-26 01:37:52,202] >> epoch 3/560000, average cost 516.872803
[2016-11-26 01:40:30,756] >> epoch 3/570000, average cost 516.832703
[2016-11-26 01:42:13,310] >> epoch 3/580000, average cost 516.839478
[2016-11-26 01:44:31,441] >> epoch 3/590000, average cost 516.800720
[2016-11-26 01:46:22,721] >> epoch 3/600000, average cost 516.803772
[2016-11-26 01:48:53,472] >> epoch 3/610000, average cost 516.805054
[2016-11-26 01:50:57,640] >> epoch 3/620000, average cost 516.712341
[2016-11-26 01:52:36,662] >> epoch 3/630000, average cost 516.598999
[2016-11-26 01:54:38,903] >> epoch 3/640000, average cost 516.705139
[2016-11-26 01:55:57,122] >> epoch 3/650000, average cost 516.649292
[2016-11-26 01:58:24,760] >> epoch 3/660000, average cost 516.746277
[2016-11-26 01:59:46,585] >> epoch 3/670000, average cost 516.723267
[2016-11-26 02:01:54,719] >> epoch 3/680000, average cost 516.796265
[2016-11-26 02:04:03,979] >> epoch 3/690000, average cost 516.633911
[2016-11-26 02:05:19,835] >> epoch 3/700000, average cost 516.552734
[2016-11-26 02:07:14,801] >> epoch 3/710000, average cost 516.595520
[2016-11-26 02:07:43,466] >> epoch 4/715840, average cost 516.739746
[2016-11-26 02:11:30,695] >> epoch 4/730000, average cost 516.688416
[2016-11-26 02:13:14,230] >> epoch 4/740000, average cost 516.631226
[2016-11-26 02:15:51,954] >> epoch 4/750000, average cost 516.622925
[2016-11-26 02:17:30,153] >> epoch 4/760000, average cost 516.610901
[2016-11-26 02:19:55,031] >> epoch 4/770000, average cost 516.592590
[2016-11-26 02:22:27,257] >> epoch 4/780000, average cost 516.601440
[2016-11-26 02:23:56,823] >> epoch 4/790000, average cost 516.583557
[2016-11-26 02:26:08,905] >> epoch 4/800000, average cost 516.504272
[2016-11-26 02:27:50,560] >> epoch 4/810000, average cost 516.403320
[2016-11-26 02:29:52,025] >> epoch 4/820000, average cost 516.509094
[2016-11-26 02:31:13,082] >> epoch 4/830000, average cost 516.481201
[2016-11-26 02:33:09,039] >> epoch 4/840000, average cost 516.556702
[2016-11-26 02:35:17,481] >> epoch 4/850000, average cost 516.550598
[2016-11-26 02:36:54,405] >> epoch 4/860000, average cost 516.609314
[2016-11-26 02:39:15,246] >> epoch 4/870000, average cost 516.436890
[2016-11-26 02:40:23,728] >> epoch 4/880000, average cost 516.399719
[2016-11-26 02:42:05,980] >> epoch 4/890000, average cost 516.422913
[2016-11-26 02:42:29,662] >> epoch 5/894800, average cost 516.542603
[2016-11-26 02:46:03,846] >> epoch 5/910000, average cost 516.545776
[2016-11-26 02:47:51,127] >> epoch 5/920000, average cost 516.452576
[2016-11-26 02:50:22,603] >> epoch 5/930000, average cost 516.484619
[2016-11-26 02:53:01,421] >> epoch 5/940000, average cost 516.454346
[2016-11-26 02:54:32,753] >> epoch 5/950000, average cost 516.454224
[2016-11-26 02:56:56,828] >> epoch 5/960000, average cost 516.463257
[2016-11-26 02:58:23,447] >> epoch 5/970000, average cost 516.429077
[2016-11-26 03:00:46,113] >> epoch 5/980000, average cost 516.363220
[2016-11-26 03:02:15,274] >> epoch 5/990000, average cost 516.270508
[2016-11-26 03:04:22,168] >> epoch 5/1000000, average cost 516.381592
[2016-11-26 03:06:02,082] >> epoch 5/1010000, average cost 516.373474
[2016-11-26 03:07:15,867] >> epoch 5/1020000, average cost 516.443726
[2016-11-26 03:09:00,879] >> epoch 5/1030000, average cost 516.439026
[2016-11-26 03:10:24,462] >> epoch 5/1040000, average cost 516.485901
[2016-11-26 03:12:18,524] >> epoch 5/1050000, average cost 516.298828
[2016-11-26 03:13:28,619] >> epoch 5/1060000, average cost 516.304626
[2016-11-26 03:15:36,395] >> epoch 5/1070000, average cost 516.320557
[2016-11-26 03:15:54,667] >> epoch 6/1073760, average cost 516.411194
[2016-11-26 03:19:23,716] >> epoch 6/1090000, average cost 516.454468
[2016-11-26 03:21:56,781] >> epoch 6/1100000, average cost 516.340881
[2016-11-26 03:23:20,919] >> epoch 6/1110000, average cost 516.398682
[2016-11-26 03:25:49,251] >> epoch 6/1120000, average cost 516.345520
[2016-11-26 03:27:15,649] >> epoch 6/1130000, average cost 516.357788
[2016-11-26 03:29:34,643] >> epoch 6/1140000, average cost 516.387329
[2016-11-26 03:30:58,165] >> epoch 6/1150000, average cost 516.313721
[2016-11-26 03:33:21,905] >> epoch 6/1160000, average cost 516.270020
[2016-11-26 03:35:39,659] >> epoch 6/1170000, average cost 516.193237
[2016-11-26 03:37:07,776] >> epoch 6/1180000, average cost 516.276855
[2016-11-26 03:38:53,024] >> epoch 6/1190000, average cost 516.307312
[2016-11-26 03:40:04,369] >> epoch 6/1200000, average cost 516.362244
[2016-11-26 03:41:55,972] >> epoch 6/1210000, average cost 516.361267
[2016-11-26 03:43:35,606] >> epoch 6/1220000, average cost 516.396973
[2016-11-26 03:45:57,099] >> epoch 6/1230000, average cost 516.188477
[2016-11-26 03:47:14,403] >> epoch 6/1240000, average cost 516.237671
[2016-11-26 03:49:03,068] >> epoch 6/1250000, average cost 516.247986
[2016-11-26 03:49:16,379] >> epoch 7/1252720, average cost 516.321716
[2016-11-26 03:52:32,464] >> epoch 7/1270000, average cost 516.382019
[2016-11-26 03:54:42,511] >> epoch 7/1280000, average cost 516.256592
[2016-11-26 03:56:20,536] >> epoch 7/1290000, average cost 516.328613
[2016-11-26 03:58:51,536] >> epoch 7/1300000, average cost 516.264587
[2016-11-26 04:01:19,348] >> epoch 7/1310000, average cost 516.286987
[2016-11-26 04:02:41,294] >> epoch 7/1320000, average cost 516.323303
[2016-11-26 04:05:07,520] >> epoch 7/1330000, average cost 516.233154
[2016-11-26 04:06:48,032] >> epoch 7/1340000, average cost 516.192871
[2016-11-26 04:09:12,802] >> epoch 7/1350000, average cost 516.145508
[2016-11-26 04:10:56,152] >> epoch 7/1360000, average cost 516.187622
[2016-11-26 04:12:35,861] >> epoch 7/1370000, average cost 516.258545
[2016-11-26 04:14:37,796] >> epoch 7/1380000, average cost 516.301086
[2016-11-26 04:16:00,040] >> epoch 7/1390000, average cost 516.308655
[2016-11-26 04:18:08,846] >> epoch 7/1400000, average cost 516.312622
[2016-11-26 04:19:46,691] >> epoch 7/1410000, average cost 516.117371
[2016-11-26 04:20:59,961] >> epoch 7/1420000, average cost 516.187805
[2016-11-26 04:22:16,595] >> epoch 7/1430000, average cost 516.196350
[2016-11-26 04:22:26,090] >> epoch 8/1431680, average cost 516.254517
[2016-11-26 04:26:22,928] >> epoch 8/1450000, average cost 516.325195
[2016-11-26 04:28:56,247] >> epoch 8/1460000, average cost 516.193970
[2016-11-26 04:31:24,216] >> epoch 8/1470000, average cost 516.280396
[2016-11-26 04:33:01,144] >> epoch 8/1480000, average cost 516.212585
[2016-11-26 04:35:16,154] >> epoch 8/1490000, average cost 516.228149
[2016-11-26 04:36:50,840] >> epoch 8/1500000, average cost 516.279419
[2016-11-26 04:39:14,805] >> epoch 8/1510000, average cost 516.171936
[2016-11-26 04:40:58,249] >> epoch 8/1520000, average cost 516.125671
[2016-11-26 04:43:35,592] >> epoch 8/1530000, average cost 516.113525
[2016-11-26 04:45:13,168] >> epoch 8/1540000, average cost 516.124329
[2016-11-26 04:46:57,151] >> epoch 8/1550000, average cost 516.230652
[2016-11-26 04:49:11,971] >> epoch 8/1560000, average cost 516.252441
[2016-11-26 04:50:46,103] >> epoch 8/1570000, average cost 516.278137
[2016-11-26 04:53:25,167] >> epoch 8/1580000, average cost 516.243530
[2016-11-26 04:55:00,383] >> epoch 8/1590000, average cost 516.063721
[2016-11-26 04:56:18,613] >> epoch 8/1600000, average cost 516.158508
[2016-11-26 04:57:59,983] >> epoch 8/1610000, average cost 516.165771
[2016-11-26 04:58:03,410] >> epoch 9/1610640, average cost 516.205139
[2016-11-26 05:02:44,549] >> epoch 9/1630000, average cost 516.274780
[2016-11-26 05:04:23,776] >> epoch 9/1640000, average cost 516.146973
[2016-11-26 05:06:54,692] >> epoch 9/1650000, average cost 516.234497
[2016-11-26 05:08:26,120] >> epoch 9/1660000, average cost 516.178772
[2016-11-26 05:10:43,378] >> epoch 9/1670000, average cost 516.197998
[2016-11-26 05:12:25,220] >> epoch 9/1680000, average cost 516.246155
[2016-11-26 05:14:43,241] >> epoch 9/1690000, average cost 516.121155
[2016-11-26 05:17:05,261] >> epoch 9/1700000, average cost 516.077209
[2016-11-26 05:18:18,900] >> epoch 9/1710000, average cost 516.097473
[2016-11-26 05:20:08,212] >> epoch 9/1720000, average cost 516.086304
[2016-11-26 05:21:33,053] >> epoch 9/1730000, average cost 516.193970
[2016-11-26 05:23:58,892] >> epoch 9/1740000, average cost 516.218323
[2016-11-26 05:25:32,220] >> epoch 9/1750000, average cost 516.251770
[2016-11-26 05:27:54,066] >> epoch 9/1760000, average cost 516.188660
[2016-11-26 05:29:36,383] >> epoch 9/1770000, average cost 516.022339
[2016-11-26 05:30:48,609] >> epoch 9/1780000, average cost 516.125977
[2016-11-26 05:32:31,781] >> epoch 10/1789600, average cost 516.168030
[2016-11-26 05:34:47,535] >> epoch 10/1800000, average cost 516.187134
[2016-11-26 05:37:09,303] >> epoch 10/1810000, average cost 516.220093
[2016-11-26 05:38:40,206] >> epoch 10/1820000, average cost 516.130066
[2016-11-26 05:40:49,571] >> epoch 10/1830000, average cost 516.199036
[2016-11-26 05:42:19,923] >> epoch 10/1840000, average cost 516.145508
[2016-11-26 05:44:23,585] >> epoch 10/1850000, average cost 516.168518
[2016-11-26 05:46:43,017] >> epoch 10/1860000, average cost 516.209534
[2016-11-26 05:48:10,642] >> epoch 10/1870000, average cost 516.083679
[2016-11-26 05:50:23,545] >> epoch 10/1880000, average cost 516.030823
[2016-11-26 05:51:46,952] >> epoch 10/1890000, average cost 516.084473
[2016-11-26 05:53:28,631] >> epoch 10/1900000, average cost 516.061218
[2016-11-26 05:55:06,073] >> epoch 10/1910000, average cost 516.165100
[2016-11-26 05:57:39,066] >> epoch 10/1920000, average cost 516.178528
[2016-11-26 05:59:49,046] >> epoch 10/1930000, average cost 516.232178
[2016-11-26 06:01:19,398] >> epoch 10/1940000, average cost 516.140442
[2016-11-26 06:02:59,148] >> epoch 10/1950000, average cost 515.997986
[2016-11-26 06:04:12,225] >> epoch 10/1960000, average cost 516.084106
[2016-11-26 06:05:38,682] >> epoch 11/1968560, average cost 516.136597
[2016-11-26 06:08:12,508] >> epoch 11/1980000, average cost 516.163269
[2016-11-26 06:10:42,173] >> epoch 11/1990000, average cost 516.185852
[2016-11-26 06:12:17,844] >> epoch 11/2000000, average cost 516.106567
[2016-11-26 06:12:17,847] >> epoch 12/2000000, average cost 516.150330
[2016-11-26 06:12:17,850] >> Training finished in 6:31:23.582046
[2016-11-26 06:13:09,992] >> Loading model
[2016-11-26 06:13:10,439] >> Loading datasets
[2016-11-26 06:13:10,458] >> Reconstruction training started with arguments:
{'activation_noise': None,
 'adadelta': False,
 'adadelta_epsilon': '1e-6',
 'adadelta_rho': '0.95',
 'adagrad': False,
 'adagrad_decay': False,
 'batch_size': 128,
 'ce_sparsity': 0.01,
 'ce_sparsity_weight': 0.0,
 'compound': False,
 'corruption_level': 0.2,
 'datasets': (DatasetContainer [PFileStreamDataset@/export/data1/data/ddraper/train.5.pfile],
              DatasetContainer [],
              DatasetContainer []),
 'epochs': 50,
 'fix_layers': [],
 'graph': False,
 'hooks': [],
 'l1_reg': '0.0',
 'l2_reg': '0.0',
 'layer_args': {1: {}, 2: {}, 3: {}},
 'layers': [4],
 'learning_rate': '0.01',
 'loss': 'crossentropy',
 'minibatches': 2000000,
 'momentum': '',
 'noise': 'mask',
 'sparsity': 0.05,
 'sparsity_weight': 0.0,
 'validate': False,
 'verbosity': 1,
 'warn': False}
[2016-11-26 06:13:10,459] >> Reconstruction training started with da:
{'hidden_activation': u'sigmoid',
 'n_hidden': 1000,
 'n_visible': 1000,
 'tied_weights': True,
 'visible_activation': u'sigmoid'}
[2016-11-26 06:13:10,459] >> Compiling theano graph
Using gpu device 0: Tesla M2075 (CNMeM is disabled, cuDNN not available)
[2016-11-26 06:14:22,116] >> Training started
[2016-11-26 06:15:45,868] >> epoch 0/10000, average cost 103.231522
[2016-11-26 06:18:03,234] >> epoch 0/20000, average cost 100.495819
[2016-11-26 06:19:51,037] >> epoch 0/30000, average cost 99.092239
[2016-11-26 06:21:46,121] >> epoch 0/40000, average cost 99.049660
[2016-11-26 06:23:11,492] >> epoch 0/50000, average cost 98.906853
[2016-11-26 06:25:17,609] >> epoch 0/60000, average cost 98.379601
[2016-11-26 06:27:53,293] >> epoch 0/70000, average cost 98.481667
[2016-11-26 06:29:35,523] >> epoch 0/80000, average cost 98.467674
[2016-11-26 06:32:23,332] >> epoch 0/90000, average cost 98.618301
[2016-11-26 06:34:19,367] >> epoch 0/100000, average cost 98.391022
[2016-11-26 06:37:11,081] >> epoch 0/110000, average cost 98.096878
[2016-11-26 06:39:04,391] >> epoch 0/120000, average cost 98.161278
[2016-11-26 06:42:14,180] >> epoch 0/130000, average cost 98.093178
[2016-11-26 06:45:05,388] >> epoch 0/140000, average cost 98.573753
[2016-11-26 06:46:49,402] >> epoch 0/150000, average cost 98.284195
[2016-11-26 06:48:39,316] >> epoch 0/160000, average cost 98.056778
[2016-11-26 06:49:57,057] >> epoch 0/170000, average cost 98.256584
[2016-11-26 06:51:36,928] >> epoch 1/178960, average cost 98.835228
[2016-11-26 06:53:54,359] >> epoch 1/190000, average cost 97.965103
[2016-11-26 06:56:49,842] >> epoch 1/200000, average cost 98.740532
[2016-11-26 06:58:42,390] >> epoch 1/210000, average cost 97.901840
[2016-11-26 07:01:02,321] >> epoch 1/220000, average cost 98.163742
[2016-11-26 07:03:18,199] >> epoch 1/230000, average cost 98.019073
[2016-11-26 07:04:51,675] >> epoch 1/240000, average cost 97.706490
[2016-11-26 07:07:47,113] >> epoch 1/250000, average cost 97.804543
[2016-11-26 07:09:47,177] >> epoch 1/260000, average cost 98.018585
[2016-11-26 07:12:26,306] >> epoch 1/270000, average cost 98.002731
[2016-11-26 07:14:22,989] >> epoch 1/280000, average cost 98.013802
[2016-11-26 07:17:30,883] >> epoch 1/290000, average cost 97.559502
[2016-11-26 07:19:56,575] >> epoch 1/300000, average cost 97.858871
[2016-11-26 07:21:11,517] >> epoch 1/310000, average cost 97.771500
[2016-11-26 07:24:03,595] >> epoch 1/320000, average cost 98.223198
[2016-11-26 07:25:42,863] >> epoch 1/330000, average cost 97.961372
[2016-11-26 07:27:35,754] >> epoch 1/340000, average cost 97.815613
[2016-11-26 07:28:54,551] >> epoch 1/350000, average cost 97.939354
[2016-11-26 07:30:26,801] >> epoch 2/357920, average cost 97.973434
[2016-11-26 07:32:33,508] >> epoch 2/370000, average cost 97.841934
[2016-11-26 07:34:50,694] >> epoch 2/380000, average cost 98.449249
[2016-11-26 07:37:20,041] >> epoch 2/390000, average cost 97.651649
[2016-11-26 07:39:04,744] >> epoch 2/400000, average cost 98.014915
[2016-11-26 07:41:29,563] >> epoch 2/410000, average cost 97.722885
[2016-11-26 07:43:22,795] >> epoch 2/420000, average cost 97.550964
[2016-11-26 07:46:07,189] >> epoch 2/430000, average cost 97.563591
[2016-11-26 07:48:06,778] >> epoch 2/440000, average cost 97.916420
[2016-11-26 07:51:13,275] >> epoch 2/450000, average cost 97.716354
[2016-11-26 07:53:53,766] >> epoch 2/460000, average cost 97.883476
[2016-11-26 07:55:51,182] >> epoch 2/470000, average cost 97.301727
[2016-11-26 07:59:13,829] >> epoch 2/480000, average cost 97.684921
[2016-11-26 08:01:06,554] >> epoch 2/490000, average cost 97.674049
[2016-11-26 08:03:48,883] >> epoch 2/500000, average cost 98.033783
[2016-11-26 08:05:52,683] >> epoch 2/510000, average cost 97.764984
[2016-11-26 08:08:04,542] >> epoch 2/520000, average cost 97.659134
[2016-11-26 08:10:50,739] >> epoch 2/530000, average cost 97.783012
[2016-11-26 08:11:30,517] >> epoch 3/536880, average cost 97.779518
[2016-11-26 08:15:54,400] >> epoch 3/550000, average cost 97.816772
[2016-11-26 08:17:58,848] >> epoch 3/560000, average cost 98.210472
[2016-11-26 08:21:15,653] >> epoch 3/570000, average cost 97.508751
[2016-11-26 08:23:04,944] >> epoch 3/580000, average cost 97.892799
[2016-11-26 08:25:42,532] >> epoch 3/590000, average cost 97.458511
[2016-11-26 08:28:00,382] >> epoch 3/600000, average cost 97.457176
[2016-11-26 08:31:15,034] >> epoch 3/610000, average cost 97.341484
[2016-11-26 08:34:41,514] >> epoch 3/620000, average cost 97.846878
[2016-11-26 08:36:56,443] >> epoch 3/630000, average cost 97.476303
[2016-11-26 08:40:11,888] >> epoch 3/640000, average cost 97.721504
[2016-11-26 08:42:09,492] >> epoch 3/650000, average cost 97.119667
[2016-11-26 08:45:32,340] >> epoch 3/660000, average cost 97.525909
[2016-11-26 08:47:38,536] >> epoch 3/670000, average cost 97.581970
[2016-11-26 08:50:54,647] >> epoch 3/680000, average cost 97.857674
[2016-11-26 08:54:06,103] >> epoch 3/690000, average cost 97.574699
[2016-11-26 08:55:17,771] >> epoch 3/700000, average cost 97.509071
[2016-11-26 08:57:09,149] >> epoch 3/710000, average cost 97.624046
[2016-11-26 08:57:41,049] >> epoch 4/715840, average cost 97.615257
[2016-11-26 09:01:06,112] >> epoch 4/730000, average cost 97.804832
[2016-11-26 09:02:53,442] >> epoch 4/740000, average cost 97.915443
[2016-11-26 09:05:00,149] >> epoch 4/750000, average cost 97.347290
[2016-11-26 09:06:28,971] >> epoch 4/760000, average cost 97.751236
[2016-11-26 09:08:38,107] >> epoch 4/770000, average cost 97.157509
[2016-11-26 09:10:47,493] >> epoch 4/780000, average cost 97.315125
[2016-11-26 09:12:38,627] >> epoch 4/790000, average cost 97.114624
[2016-11-26 09:15:01,055] >> epoch 4/800000, average cost 97.685410
[2016-11-26 09:16:47,523] >> epoch 4/810000, average cost 97.237625
[2016-11-26 09:18:56,797] >> epoch 4/820000, average cost 97.523010
[2016-11-26 09:20:22,068] >> epoch 4/830000, average cost 96.878586
[2016-11-26 09:22:43,156] >> epoch 4/840000, average cost 97.348053
[2016-11-26 09:24:59,156] >> epoch 4/850000, average cost 97.446571
[2016-11-26 09:26:36,855] >> epoch 4/860000, average cost 97.603981
[2016-11-26 09:28:48,777] >> epoch 4/870000, average cost 97.327888
[2016-11-26 09:30:07,859] >> epoch 4/880000, average cost 97.342812
[2016-11-26 09:31:52,416] >> epoch 4/890000, average cost 97.404846
[2016-11-26 09:32:18,797] >> epoch 5/894800, average cost 97.415176
[2016-11-26 09:36:03,697] >> epoch 5/910000, average cost 97.733871
[2016-11-26 09:37:51,051] >> epoch 5/920000, average cost 97.585190
[2016-11-26 09:39:27,840] >> epoch 5/930000, average cost 97.151825
[2016-11-26 09:41:32,084] >> epoch 5/940000, average cost 97.512428
[2016-11-26 09:43:17,373] >> epoch 5/950000, average cost 96.895035
[2016-11-26 09:45:34,078] >> epoch 5/960000, average cost 97.118118
[2016-11-26 09:47:22,732] >> epoch 5/970000, average cost 96.885300
[2016-11-26 09:49:43,552] >> epoch 5/980000, average cost 97.526985
[2016-11-26 09:51:20,808] >> epoch 5/990000, average cost 96.972031
[2016-11-26 09:53:35,021] >> epoch 5/1000000, average cost 97.319405
[2016-11-26 09:55:28,303] >> epoch 5/1010000, average cost 96.706032
[2016-11-26 09:56:57,687] >> epoch 5/1020000, average cost 97.104210
[2016-11-26 09:59:07,047] >> epoch 5/1030000, average cost 97.319763
[2016-11-26 10:00:42,166] >> epoch 5/1040000, average cost 97.401207
[2016-11-26 10:02:42,604] >> epoch 5/1050000, average cost 97.082512
[2016-11-26 10:03:47,867] >> epoch 5/1060000, average cost 97.206253
[2016-11-26 10:05:41,982] >> epoch 5/1070000, average cost 97.215279
[2016-11-26 10:06:03,852] >> epoch 6/1073760, average cost 97.207466
[2016-11-26 10:09:21,678] >> epoch 6/1090000, average cost 97.720490
[2016-11-26 10:11:10,419] >> epoch 6/1100000, average cost 97.285965
[2016-11-26 10:12:35,799] >> epoch 6/1110000, average cost 96.981377
[2016-11-26 10:14:48,930] >> epoch 6/1120000, average cost 97.323334
[2016-11-26 10:16:27,239] >> epoch 6/1130000, average cost 96.690491
[2016-11-26 10:18:44,192] >> epoch 6/1140000, average cost 96.983658
[2016-11-26 10:20:34,357] >> epoch 6/1150000, average cost 96.682999
[2016-11-26 10:22:58,693] >> epoch 6/1160000, average cost 97.407036
[2016-11-26 10:25:23,857] >> epoch 6/1170000, average cost 96.829170
[2016-11-26 10:26:53,862] >> epoch 6/1180000, average cost 97.087273
[2016-11-26 10:29:00,357] >> epoch 6/1190000, average cost 96.610962
[2016-11-26 10:30:52,679] >> epoch 6/1200000, average cost 96.863884
[2016-11-26 10:32:48,409] >> epoch 6/1210000, average cost 97.242065
[2016-11-26 10:34:11,744] >> epoch 6/1220000, average cost 97.219597
[2016-11-26 10:36:35,416] >> epoch 6/1230000, average cost 96.894836
[2016-11-26 10:38:03,981] >> epoch 6/1240000, average cost 97.054726
[2016-11-26 10:39:41,474] >> epoch 6/1250000, average cost 97.078865
[2016-11-26 10:39:56,871] >> epoch 7/1252720, average cost 97.039383
[2016-11-26 10:43:12,016] >> epoch 7/1270000, average cost 97.605423
[2016-11-26 10:45:23,971] >> epoch 7/1280000, average cost 97.009888
[2016-11-26 10:46:49,253] >> epoch 7/1290000, average cost 96.847275
[2016-11-26 10:49:02,909] >> epoch 7/1300000, average cost 97.137688
[2016-11-26 10:51:26,674] >> epoch 7/1310000, average cost 96.509979
[2016-11-26 10:53:05,744] >> epoch 7/1320000, average cost 96.870285
[2016-11-26 10:55:30,982] >> epoch 7/1330000, average cost 96.593513
[2016-11-26 10:58:38,452] >> epoch 7/1340000, average cost 97.219887
[2016-11-26 11:01:22,831] >> epoch 7/1350000, average cost 96.731491
[2016-11-26 11:03:02,974] >> epoch 7/1360000, average cost 96.860878
[2016-11-26 11:05:03,433] >> epoch 7/1370000, average cost 96.522926
[2016-11-26 11:07:31,389] >> epoch 7/1380000, average cost 96.679962
[2016-11-26 11:09:01,831] >> epoch 7/1390000, average cost 97.172966
[2016-11-26 11:11:39,156] >> epoch 7/1400000, average cost 97.061844
[2016-11-26 11:13:10,519] >> epoch 7/1410000, average cost 96.737816
[2016-11-26 11:15:02,392] >> epoch 7/1420000, average cost 96.956993
[2016-11-26 11:16:35,887] >> epoch 7/1430000, average cost 96.984238
[2016-11-26 11:16:45,736] >> epoch 8/1431680, average cost 96.895767
[2016-11-26 11:20:30,112] >> epoch 8/1450000, average cost 97.541084
[2016-11-26 11:22:39,401] >> epoch 8/1460000, average cost 96.770836
[2016-11-26 11:25:05,886] >> epoch 8/1470000, average cost 96.760674
[2016-11-26 11:26:47,735] >> epoch 8/1480000, average cost 96.992523
[2016-11-26 11:29:25,516] >> epoch 8/1490000, average cost 96.422226
[2016-11-26 11:31:12,239] >> epoch 8/1500000, average cost 96.714676
[2016-11-26 11:33:46,183] >> epoch 8/1510000, average cost 96.572960
[2016-11-26 11:35:30,247] >> epoch 8/1520000, average cost 97.046593
[2016-11-26 11:37:56,930] >> epoch 8/1530000, average cost 96.639641
[2016-11-26 11:40:10,427] >> epoch 8/1540000, average cost 96.664101
[2016-11-26 11:41:48,848] >> epoch 8/1550000, average cost 96.486076
[2016-11-26 11:44:11,515] >> epoch 8/1560000, average cost 96.570763
[2016-11-26 11:45:54,096] >> epoch 8/1570000, average cost 97.075157
[2016-11-26 11:48:21,155] >> epoch 8/1580000, average cost 96.902939
[2016-11-26 11:49:58,349] >> epoch 8/1590000, average cost 96.606323
[2016-11-26 11:52:10,045] >> epoch 8/1600000, average cost 96.845596
[2016-11-26 11:53:46,615] >> epoch 8/1610000, average cost 96.906540
[2016-11-26 11:53:50,440] >> epoch 9/1610640, average cost 96.780495
[2016-11-26 11:58:05,793] >> epoch 9/1630000, average cost 97.457497
[2016-11-26 11:59:50,895] >> epoch 9/1640000, average cost 96.559990
[2016-11-26 12:02:00,893] >> epoch 9/1650000, average cost 96.715248
[2016-11-26 12:03:47,617] >> epoch 9/1660000, average cost 96.811928
[2016-11-26 12:06:03,511] >> epoch 9/1670000, average cost 96.340027
[2016-11-26 12:07:39,184] >> epoch 9/1680000, average cost 96.576187
[2016-11-26 12:09:51,743] >> epoch 9/1690000, average cost 96.544662
[2016-11-26 12:11:59,828] >> epoch 9/1700000, average cost 96.871872
[2016-11-26 12:13:25,890] >> epoch 9/1710000, average cost 96.590752
[2016-11-26 12:15:06,055] >> epoch 9/1720000, average cost 96.452133
[2016-11-26 12:16:29,159] >> epoch 9/1730000, average cost 96.445038
[2016-11-26 12:18:06,791] >> epoch 9/1740000, average cost 96.489113
[2016-11-26 12:19:28,696] >> epoch 9/1750000, average cost 96.957253
[2016-11-26 12:20:59,229] >> epoch 9/1760000, average cost 96.758652
[2016-11-26 12:22:33,056] >> epoch 9/1770000, average cost 96.504929
[2016-11-26 12:23:53,209] >> epoch 9/1780000, average cost 96.754700
[2016-11-26 12:25:01,583] >> epoch 10/1789600, average cost 96.672287
[2016-11-26 12:27:06,100] >> epoch 10/1800000, average cost 96.428841
[2016-11-26 12:28:41,498] >> epoch 10/1810000, average cost 97.289345
[2016-11-26 12:30:03,269] >> epoch 10/1820000, average cost 96.457985
[2016-11-26 12:31:32,941] >> epoch 10/1830000, average cost 96.677505
[2016-11-26 12:32:55,367] >> epoch 10/1840000, average cost 96.654366
[2016-11-26 12:34:22,528] >> epoch 10/1850000, average cost 96.275993
[2016-11-26 12:35:55,107] >> epoch 10/1860000, average cost 96.454475
[2016-11-26 12:37:11,949] >> epoch 10/1870000, average cost 96.541138
[2016-11-26 12:38:39,461] >> epoch 10/1880000, average cost 96.703606
[2016-11-26 12:39:58,742] >> epoch 10/1890000, average cost 96.569580
[2016-11-26 12:41:23,130] >> epoch 10/1900000, average cost 96.262947
[2016-11-26 12:42:46,096] >> epoch 10/1910000, average cost 96.449944
[2016-11-26 12:44:12,071] >> epoch 10/1920000, average cost 96.405426
[2016-11-26 12:45:39,258] >> epoch 10/1930000, average cost 96.880493
[2016-11-26 12:46:59,879] >> epoch 10/1940000, average cost 96.645622
[2016-11-26 12:48:25,888] >> epoch 10/1950000, average cost 96.464287
[2016-11-26 12:49:48,118] >> epoch 10/1960000, average cost 96.647110
[2016-11-26 12:50:40,715] >> epoch 11/1968560, average cost 96.585274
[2016-11-26 12:52:29,032] >> epoch 11/1980000, average cost 96.457146
[2016-11-26 12:54:01,032] >> epoch 11/1990000, average cost 97.168938
[2016-11-26 12:55:23,375] >> epoch 11/2000000, average cost 96.368652
[2016-11-26 12:55:23,378] >> epoch 12/2000000, average cost 96.632721
[2016-11-26 12:55:23,380] >> Training finished in 6:41:01.263194
[2016-11-26 12:56:01,050] >> Loading model
[2016-11-26 12:56:02,034] >> Loading datasets
[2016-11-26 12:56:02,051] >> Reconstruction training started with arguments:
{'activation_noise': None,
 'adadelta': False,
 'adadelta_epsilon': '1e-6',
 'adadelta_rho': '0.95',
 'adagrad': False,
 'adagrad_decay': False,
 'batch_size': 128,
 'ce_sparsity': 0.01,
 'ce_sparsity_weight': 0.0,
 'compound': False,
 'corruption_level': 0.2,
 'datasets': (DatasetContainer [PFileStreamDataset@/export/data1/data/ddraper/train.5.pfile],
              DatasetContainer [],
              DatasetContainer []),
 'epochs': 50,
 'fix_layers': [],
 'graph': False,
 'hooks': [],
 'l1_reg': '0.0',
 'l2_reg': '0.0',
 'layer_args': {1: {}, 2: {}, 3: {}, 4: {}},
 'layers': [5],
 'learning_rate': '0.01',
 'loss': 'crossentropy',
 'minibatches': 2000000,
 'momentum': '',
 'noise': 'mask',
 'sparsity': 0.05,
 'sparsity_weight': 0.0,
 'validate': False,
 'verbosity': 1,
 'warn': False}
[2016-11-26 12:56:02,051] >> Reconstruction training started with da:
{'hidden_activation': u'sigmoid',
 'n_hidden': 1000,
 'n_visible': 1000,
 'tied_weights': True,
 'visible_activation': u'sigmoid'}
[2016-11-26 12:56:02,051] >> Compiling theano graph
Using gpu device 0: Tesla M2075 (CNMeM is disabled, cuDNN not available)
[2016-11-26 12:56:47,250] >> Training started
[2016-11-26 12:58:08,786] >> epoch 0/10000, average cost 299.473389
[2016-11-26 13:00:09,076] >> epoch 0/20000, average cost 295.806396
[2016-11-26 13:01:45,254] >> epoch 0/30000, average cost 294.120361
[2016-11-26 13:04:06,711] >> epoch 0/40000, average cost 293.613739
[2016-11-26 13:05:47,347] >> epoch 0/50000, average cost 293.244568
[2016-11-26 13:08:07,891] >> epoch 0/60000, average cost 292.838440
[2016-11-26 13:10:27,229] >> epoch 0/70000, average cost 292.746887
[2016-11-26 13:12:03,282] >> epoch 0/80000, average cost 292.575989
[2016-11-26 13:14:19,693] >> epoch 0/90000, average cost 292.612701
[2016-11-26 13:15:51,388] >> epoch 0/100000, average cost 292.434906
[2016-11-26 13:18:15,304] >> epoch 0/110000, average cost 292.278412
[2016-11-26 13:19:45,478] >> epoch 0/120000, average cost 292.314514
[2016-11-26 13:22:06,473] >> epoch 0/130000, average cost 292.230438
[2016-11-26 13:24:11,012] >> epoch 0/140000, average cost 292.378754
[2016-11-26 13:25:50,957] >> epoch 0/150000, average cost 292.202576
[2016-11-26 13:27:48,173] >> epoch 0/160000, average cost 292.070801
[2016-11-26 13:29:03,166] >> epoch 0/170000, average cost 292.111542
[2016-11-26 13:30:39,230] >> epoch 1/178960, average cost 293.183929
[2016-11-26 13:32:30,699] >> epoch 1/190000, average cost 291.955444
[2016-11-26 13:33:52,025] >> epoch 1/200000, average cost 292.239594
[2016-11-26 13:35:17,473] >> epoch 1/210000, average cost 291.852814
[2016-11-26 13:36:42,609] >> epoch 1/220000, average cost 291.953552
[2016-11-26 13:38:16,399] >> epoch 1/230000, average cost 291.859192
[2016-11-26 13:39:37,346] >> epoch 1/240000, average cost 291.688904
[2016-11-26 13:41:11,139] >> epoch 1/250000, average cost 291.692474
[2016-11-26 13:42:38,639] >> epoch 1/260000, average cost 291.699524
[2016-11-26 13:44:05,627] >> epoch 1/270000, average cost 291.704071
[2016-11-26 13:45:34,833] >> epoch 1/280000, average cost 291.673950
[2016-11-26 13:47:02,639] >> epoch 1/290000, average cost 291.482666
[2016-11-26 13:48:38,285] >> epoch 1/300000, average cost 291.620941
[2016-11-26 13:50:07,835] >> epoch 1/310000, average cost 291.534058
[2016-11-26 13:51:40,088] >> epoch 1/320000, average cost 291.711365
[2016-11-26 13:53:10,967] >> epoch 1/330000, average cost 291.548004
[2016-11-26 13:54:44,603] >> epoch 1/340000, average cost 291.460907
[2016-11-26 13:56:16,540] >> epoch 1/350000, average cost 291.485199
[2016-11-26 13:57:08,587] >> epoch 2/357920, average cost 291.709534
[2016-11-26 13:59:09,551] >> epoch 2/370000, average cost 291.425110
[2016-11-26 14:00:30,645] >> epoch 2/380000, average cost 291.652557
[2016-11-26 14:02:05,780] >> epoch 2/390000, average cost 291.309845
[2016-11-26 14:03:27,215] >> epoch 2/400000, average cost 291.445831
[2016-11-26 14:05:02,043] >> epoch 2/410000, average cost 291.300507
[2016-11-26 14:06:27,522] >> epoch 2/420000, average cost 291.213104
[2016-11-26 14:07:57,749] >> epoch 2/430000, average cost 291.178314
[2016-11-26 14:09:28,739] >> epoch 2/440000, average cost 291.266235
[2016-11-26 14:10:55,209] >> epoch 2/450000, average cost 291.190277
[2016-11-26 14:12:31,520] >> epoch 2/460000, average cost 291.250092
[2016-11-26 14:13:58,899] >> epoch 2/470000, average cost 291.022614
[2016-11-26 14:15:27,074] >> epoch 2/480000, average cost 291.196106
[2016-11-26 14:16:56,523] >> epoch 2/490000, average cost 291.147705
[2016-11-26 14:18:21,596] >> epoch 2/500000, average cost 291.308105
[2016-11-26 14:19:54,041] >> epoch 2/510000, average cost 291.158295
[2016-11-26 14:21:25,207] >> epoch 2/520000, average cost 291.102753
[2016-11-26 14:22:53,080] >> epoch 2/530000, average cost 291.124908
[2016-11-26 14:23:36,829] >> epoch 3/536880, average cost 291.252014
[2016-11-26 14:25:48,044] >> epoch 3/550000, average cost 291.149506
[2016-11-26 14:27:12,815] >> epoch 3/560000, average cost 291.306122
[2016-11-26 14:28:41,811] >> epoch 3/570000, average cost 291.008850
[2016-11-26 14:30:04,745] >> epoch 3/580000, average cost 291.156189
[2016-11-26 14:31:35,153] >> epoch 3/590000, average cost 290.984955
[2016-11-26 14:33:03,473] >> epoch 3/600000, average cost 290.965149
[2016-11-26 14:34:30,821] >> epoch 3/610000, average cost 290.879059
[2016-11-26 14:36:01,455] >> epoch 3/620000, average cost 291.055939
[2016-11-26 14:37:27,717] >> epoch 3/630000, average cost 290.899506
[2016-11-26 14:38:59,435] >> epoch 3/640000, average cost 291.020111
[2016-11-26 14:40:29,462] >> epoch 3/650000, average cost 290.790771
[2016-11-26 14:41:56,798] >> epoch 3/660000, average cost 290.978699
[2016-11-26 14:43:26,266] >> epoch 3/670000, average cost 290.951202
[2016-11-26 14:44:50,746] >> epoch 3/680000, average cost 291.094116
[2016-11-26 14:46:19,392] >> epoch 3/690000, average cost 290.939728
[2016-11-26 14:47:47,325] >> epoch 3/700000, average cost 290.915863
[2016-11-26 14:49:06,306] >> epoch 3/710000, average cost 290.936890
[2016-11-26 14:49:44,054] >> epoch 4/715840, average cost 291.001648
[2016-11-26 14:51:54,286] >> epoch 4/730000, average cost 291.028107
[2016-11-26 14:53:12,008] >> epoch 4/740000, average cost 291.081909
[2016-11-26 14:54:38,167] >> epoch 4/750000, average cost 290.846313
[2016-11-26 14:56:02,523] >> epoch 4/760000, average cost 290.990326
[2016-11-26 14:57:26,399] >> epoch 4/770000, average cost 290.781433
[2016-11-26 14:58:59,939] >> epoch 4/780000, average cost 290.817932
[2016-11-26 15:00:19,847] >> epoch 4/790000, average cost 290.699097
[2016-11-26 15:01:46,364] >> epoch 4/800000, average cost 290.927704
[2016-11-26 15:03:11,075] >> epoch 4/810000, average cost 290.719788
[2016-11-26 15:04:36,449] >> epoch 4/820000, average cost 290.877533
[2016-11-26 15:05:57,839] >> epoch 4/830000, average cost 290.644989
[2016-11-26 15:07:18,927] >> epoch 4/840000, average cost 290.842163
[2016-11-26 15:08:47,537] >> epoch 4/850000, average cost 290.834015
[2016-11-26 15:10:10,779] >> epoch 4/860000, average cost 290.947388
[2016-11-26 15:11:40,496] >> epoch 4/870000, average cost 290.792908
[2016-11-26 15:13:05,025] >> epoch 4/880000, average cost 290.795837
[2016-11-26 15:14:25,320] >> epoch 4/890000, average cost 290.810852
[2016-11-26 15:14:56,891] >> epoch 5/894800, average cost 290.847748
[2016-11-26 15:17:22,727] >> epoch 5/910000, average cost 290.965607
[2016-11-26 15:18:44,687] >> epoch 5/920000, average cost 290.914886
[2016-11-26 15:20:14,963] >> epoch 5/930000, average cost 290.726562
[2016-11-26 15:21:53,995] >> epoch 5/940000, average cost 290.872894
[2016-11-26 15:23:17,537] >> epoch 5/950000, average cost 290.645325
[2016-11-26 15:24:52,484] >> epoch 5/960000, average cost 290.712036
[2016-11-26 15:26:18,767] >> epoch 5/970000, average cost 290.570587
[2016-11-26 15:27:49,769] >> epoch 5/980000, average cost 290.837555
[2016-11-26 15:29:20,893] >> epoch 5/990000, average cost 290.587036
[2016-11-26 15:30:53,679] >> epoch 5/1000000, average cost 290.775360
[2016-11-26 15:32:19,244] >> epoch 5/1010000, average cost 290.559479
[2016-11-26 15:33:44,957] >> epoch 5/1020000, average cost 290.726044
[2016-11-26 15:35:11,795] >> epoch 5/1030000, average cost 290.761353
[2016-11-26 15:36:38,563] >> epoch 5/1040000, average cost 290.833344
[2016-11-26 15:38:06,599] >> epoch 5/1050000, average cost 290.675812
[2016-11-26 15:39:33,549] >> epoch 5/1060000, average cost 290.718719
[2016-11-26 15:40:52,419] >> epoch 5/1070000, average cost 290.721191
[2016-11-26 15:41:18,001] >> epoch 6/1073760, average cost 290.738007
[2016-11-26 15:43:51,055] >> epoch 6/1090000, average cost 290.938354
[2016-11-26 15:45:15,997] >> epoch 6/1100000, average cost 290.771240
[2016-11-26 15:46:36,313] >> epoch 6/1110000, average cost 290.653809
[2016-11-26 15:48:10,889] >> epoch 6/1120000, average cost 290.765778
[2016-11-26 15:49:34,287] >> epoch 6/1130000, average cost 290.547363
[2016-11-26 15:51:02,230] >> epoch 6/1140000, average cost 290.632843
[2016-11-26 15:52:31,691] >> epoch 6/1150000, average cost 290.463989
[2016-11-26 15:53:56,985] >> epoch 6/1160000, average cost 290.784790
[2016-11-26 15:55:27,555] >> epoch 6/1170000, average cost 290.505096
[2016-11-26 15:57:01,634] >> epoch 6/1180000, average cost 290.663055
[2016-11-26 15:58:30,509] >> epoch 6/1190000, average cost 290.508881
[2016-11-26 16:00:01,000] >> epoch 6/1200000, average cost 290.621185
[2016-11-26 16:01:31,077] >> epoch 6/1210000, average cost 290.722626
[2016-11-26 16:03:00,447] >> epoch 6/1220000, average cost 290.737610
[2016-11-26 16:04:35,803] >> epoch 6/1230000, average cost 290.580292
[2016-11-26 16:06:02,483] >> epoch 6/1240000, average cost 290.652893
[2016-11-26 16:07:16,692] >> epoch 6/1250000, average cost 290.658142
[2016-11-26 16:07:36,267] >> epoch 7/1252720, average cost 290.654327
[2016-11-26 16:10:24,347] >> epoch 7/1270000, average cost 290.893036
[2016-11-26 16:11:47,108] >> epoch 7/1280000, average cost 290.652954
[2016-11-26 16:13:11,656] >> epoch 7/1290000, average cost 290.597137
[2016-11-26 16:14:41,372] >> epoch 7/1300000, average cost 290.692413
[2016-11-26 16:16:15,592] >> epoch 7/1310000, average cost 290.469238
[2016-11-26 16:17:39,437] >> epoch 7/1320000, average cost 290.589417
[2016-11-26 16:19:13,306] >> epoch 7/1330000, average cost 290.421631
[2016-11-26 16:20:36,978] >> epoch 7/1340000, average cost 290.710052
[2016-11-26 16:22:09,609] >> epoch 7/1350000, average cost 290.463043
[2016-11-26 16:23:42,015] >> epoch 7/1360000, average cost 290.568726
[2016-11-26 16:25:07,253] >> epoch 7/1370000, average cost 290.483765
[2016-11-26 16:26:35,321] >> epoch 7/1380000, average cost 290.542450
[2016-11-26 16:27:57,622] >> epoch 7/1390000, average cost 290.702637
[2016-11-26 16:29:23,089] >> epoch 7/1400000, average cost 290.658844
[2016-11-26 16:30:49,858] >> epoch 7/1410000, average cost 290.523865
[2016-11-26 16:32:13,007] >> epoch 7/1420000, average cost 290.603882
[2016-11-26 16:33:23,677] >> epoch 7/1430000, average cost 290.628204
[2016-11-26 16:33:37,145] >> epoch 8/1431680, average cost 290.594940
[2016-11-26 16:36:28,039] >> epoch 8/1450000, average cost 290.861084
[2016-11-26 16:37:45,311] >> epoch 8/1460000, average cost 290.550537
[2016-11-26 16:39:16,243] >> epoch 8/1470000, average cost 290.568817
[2016-11-26 16:40:35,924] >> epoch 8/1480000, average cost 290.627045
[2016-11-26 16:42:04,101] >> epoch 8/1490000, average cost 290.433319
[2016-11-26 16:43:24,857] >> epoch 8/1500000, average cost 290.524139
[2016-11-26 16:44:55,097] >> epoch 8/1510000, average cost 290.412109
[2016-11-26 16:46:20,047] >> epoch 8/1520000, average cost 290.636108
[2016-11-26 16:47:43,419] >> epoch 8/1530000, average cost 290.444794
[2016-11-26 16:49:12,151] >> epoch 8/1540000, average cost 290.477264
[2016-11-26 16:50:36,803] >> epoch 8/1550000, average cost 290.470886
[2016-11-26 16:52:04,592] >> epoch 8/1560000, average cost 290.492737
[2016-11-26 16:53:32,103] >> epoch 8/1570000, average cost 290.668640
[2016-11-26 16:54:56,211] >> epoch 8/1580000, average cost 290.591553
[2016-11-26 16:56:20,652] >> epoch 8/1590000, average cost 290.470703
[2016-11-26 16:57:43,606] >> epoch 8/1600000, average cost 290.558228
[2016-11-26 16:58:52,619] >> epoch 8/1610000, average cost 290.603363
[2016-11-26 16:58:58,665] >> epoch 9/1610640, average cost 290.547638
[2016-11-26 17:01:58,028] >> epoch 9/1630000, average cost 290.820862
[2016-11-26 17:03:14,860] >> epoch 9/1640000, average cost 290.472809
[2016-11-26 17:04:39,667] >> epoch 9/1650000, average cost 290.542511
[2016-11-26 17:05:58,515] >> epoch 9/1660000, average cost 290.558960
[2016-11-26 17:07:24,312] >> epoch 9/1670000, average cost 290.394836
[2016-11-26 17:08:51,377] >> epoch 9/1680000, average cost 290.471863
[2016-11-26 17:10:19,613] >> epoch 9/1690000, average cost 290.390839
[2016-11-26 17:11:49,906] >> epoch 9/1700000, average cost 290.560394
[2016-11-26 17:13:10,689] >> epoch 9/1710000, average cost 290.423492
[2016-11-26 17:14:38,850] >> epoch 9/1720000, average cost 290.395447
[2016-11-26 17:16:04,322] >> epoch 9/1730000, average cost 290.454010
[2016-11-26 17:17:29,887] >> epoch 9/1740000, average cost 290.447998
[2016-11-26 17:18:57,281] >> epoch 9/1750000, average cost 290.635864
[2016-11-26 17:20:27,106] >> epoch 9/1760000, average cost 290.525116
[2016-11-26 17:22:00,072] >> epoch 9/1770000, average cost 290.426636
[2016-11-26 17:23:26,195] >> epoch 9/1780000, average cost 290.520111
[2016-11-26 17:24:34,889] >> epoch 10/1789600, average cost 290.502991
[2016-11-26 17:26:16,355] >> epoch 10/1800000, average cost 290.417206
[2016-11-26 17:27:46,727] >> epoch 10/1810000, average cost 290.763306
[2016-11-26 17:29:07,115] >> epoch 10/1820000, average cost 290.423248
[2016-11-26 17:30:37,860] >> epoch 10/1830000, average cost 290.531464
[2016-11-26 17:31:59,231] >> epoch 10/1840000, average cost 290.503601
[2016-11-26 17:33:21,863] >> epoch 10/1850000, average cost 290.359711
[2016-11-26 17:34:53,863] >> epoch 10/1860000, average cost 290.412903
[2016-11-26 17:36:14,999] >> epoch 10/1870000, average cost 290.396240
[2016-11-26 17:37:39,003] >> epoch 10/1880000, average cost 290.482513
[2016-11-26 17:39:03,045] >> epoch 10/1890000, average cost 290.428864
[2016-11-26 17:40:23,381] >> epoch 10/1900000, average cost 290.324005
[2016-11-26 17:41:50,542] >> epoch 10/1910000, average cost 290.448486
[2016-11-26 17:43:17,158] >> epoch 10/1920000, average cost 290.409851
[2016-11-26 17:44:46,078] >> epoch 10/1930000, average cost 290.604553
[2016-11-26 17:46:10,837] >> epoch 10/1940000, average cost 290.478363
[2016-11-26 17:47:36,557] >> epoch 10/1950000, average cost 290.400513
[2016-11-26 17:49:04,469] >> epoch 10/1960000, average cost 290.474548
[2016-11-26 17:50:00,260] >> epoch 11/1968560, average cost 290.466797
[2016-11-26 17:51:54,863] >> epoch 11/1980000, average cost 290.429352
[2016-11-26 17:53:14,535] >> epoch 11/1990000, average cost 290.707611
[2016-11-26 17:54:40,031] >> epoch 11/2000000, average cost 290.385315
[2016-11-26 17:54:40,061] >> epoch 12/2000000, average cost 290.494995
[2016-11-26 17:54:40,078] >> Training finished in 4:57:52.817020
[2016-11-26 17:55:32,241] >> Loading model
[2016-11-26 17:55:33,990] >> Loading datasets
Using gpu device 0: Tesla M2075 (CNMeM is disabled, cuDNN not available)
[2016-11-26 17:56:21,827] >> Supervised training started with arguments:
{'activation_noise': None,
 'adadelta': False,
 'adadelta_epsilon': '1e-6',
 'adadelta_rho': '0.95',
 'adagrad': False,
 'adagrad_decay': False,
 'batch_size': 256,
 'datasets': (DatasetContainer [PFileStreamDataset@/export/data1/data/ddraper/train.5.pfile],
              DatasetContainer [PFileDataset@/export/data1/data/ddraper/valid.5.pfile,1, PFileDataset@/export/data1/data/ddraper/valid.5.pfile,2, PFileDataset@/export/data1/data/ddraper/valid.5.pfile,3],
              DatasetContainer []),
 'epochs': 50,
 'fix_layers': [],
 'graph': False,
 'hooks': [<functools.partial object at 0x7f3aadb864c8>],
 'l1_reg': '0.0',
 'l2_reg': '0.0',
 'layer_args': [],
 'learning_rate': '1',
 'minibatches': -1,
 'momentum': '',
 'newbob': True,
 'newbob_decay': 0.5,
 'newbob_threshold': [0.005, 0.0001],
 'patience': -1,
 'patience_improve_threshold': 0.995,
 'patience_increase': 1.5,
 'pre_validate': False,
 'print_errors': True,
 'validation_interval': -1,
 'verbosity': 0,
 'warn': False}
[2016-11-26 17:56:21,828] >> Compiling theano graph
[2016-11-26 17:56:41,764] >> Training started
[2016-11-26 18:30:22,034] >  epoch 1/89480, training error 0.444074
[2016-11-26 18:30:35,825] >  epoch 1/89480, validation error 0.427283
[2016-11-26 19:04:20,792] >  epoch 2/178960, training error 0.246510
[2016-11-26 19:04:29,813] >  epoch 2/178960, validation error 0.389326
[2016-11-26 19:41:30,872] >  epoch 3/268440, training error 0.194521
[2016-11-26 19:41:39,540] >  epoch 3/268440, validation error 0.376681
[2016-11-26 20:24:54,525] >  epoch 4/357920, training error 0.158805
[2016-11-26 20:25:07,469] >  epoch 4/357920, validation error 0.369612
[2016-11-26 21:11:48,338] >  epoch 5/447400, training error 0.131059
[2016-11-26 21:12:01,325] >  epoch 5/447400, validation error 0.370147
[2016-11-26 21:12:02,901] >  epoch 5/447400, learning rate set to 0.500000
[2016-11-26 22:00:30,694] >  epoch 6/536880, training error 0.115471
[2016-11-26 22:00:43,986] >  epoch 6/536880, validation error 0.357366
[2016-11-26 22:00:44,274] >  epoch 6/536880, learning rate set to 0.250000
[2016-11-26 22:45:25,895] >  epoch 7/626360, training error 0.103530
[2016-11-26 22:45:38,897] >  epoch 7/626360, validation error 0.347257
[2016-11-26 22:45:39,142] >  epoch 7/626360, learning rate set to 0.125000
[2016-11-26 23:33:18,205] >  epoch 8/715840, training error 0.086792
[2016-11-26 23:33:31,133] >  epoch 8/715840, validation error 0.341352
[2016-11-26 23:33:31,379] >  epoch 8/715840, learning rate set to 0.062500
[2016-11-27 00:22:18,649] >  epoch 9/805320, training error 0.081866
[2016-11-27 00:22:31,601] >  epoch 9/805320, validation error 0.337973
[2016-11-27 00:22:31,855] >  epoch 9/805320, learning rate set to 0.031250
[2016-11-27 01:00:07,031] >  epoch 10/894800, training error 0.090221
[2016-11-27 01:00:19,445] >  epoch 10/894800, validation error 0.332985
[2016-11-27 01:00:19,716] >  epoch 10/894800, learning rate set to 0.015625
[2016-11-27 01:35:52,662] >  epoch 11/984280, training error 0.107601
[2016-11-27 01:36:03,108] >  epoch 11/984280, validation error 0.328751
[2016-11-27 01:36:03,378] >  epoch 11/984280, learning rate set to 0.007812
[2016-11-27 02:10:55,650] >  epoch 12/1073760, training error 0.131959
[2016-11-27 02:11:04,361] >  epoch 12/1073760, validation error 0.326032
[2016-11-27 02:11:04,497] >  epoch 12/1073760, learning rate set to 0.003906
[2016-11-27 02:47:36,048] >  epoch 13/1163240, training error 0.158298
[2016-11-27 02:47:45,276] >  epoch 13/1163240, validation error 0.322511
[2016-11-27 02:47:45,440] >  epoch 13/1163240, learning rate set to 0.001953
[2016-11-27 03:25:18,466] >  epoch 14/1252720, training error 0.180252
[2016-11-27 03:25:28,179] >  epoch 14/1252720, validation error 0.319220
[2016-11-27 03:25:28,315] >  epoch 14/1252720, learning rate set to 0.000977
[2016-11-27 04:00:43,703] >  epoch 15/1342200, training error 0.194957
[2016-11-27 04:00:52,246] >  epoch 15/1342200, validation error 0.316339
[2016-11-27 04:00:52,383] >  epoch 15/1342200, learning rate set to 0.000488
[2016-11-27 04:36:42,470] >  epoch 16/1431680, training error 0.203613
[2016-11-27 04:36:51,921] >  epoch 16/1431680, validation error 0.312923
[2016-11-27 04:36:52,057] >  epoch 16/1431680, learning rate set to 0.000244
[2016-11-27 05:12:13,615] >  epoch 17/1521160, training error 0.207680
[2016-11-27 05:12:23,510] >  epoch 17/1521160, validation error 0.309835
[2016-11-27 05:12:23,644] >  epoch 17/1521160, learning rate set to 0.000122
[2016-11-27 05:45:30,594] >  epoch 18/1610640, training error 0.208971
[2016-11-27 05:45:39,605] >  epoch 18/1610640, validation error 0.309206
[2016-11-27 05:45:39,887] >  epoch 18/1610640, learning rate set to 0.000061
[2016-11-27 06:15:57,307] >  epoch 19/1700120, training error 0.209078
[2016-11-27 06:16:10,469] >  epoch 19/1700120, validation error 0.308905
[2016-11-27 06:16:10,734] >  epoch 19/1700120, learning rate set to 0.000031
[2016-11-27 06:46:42,518] >  epoch 20/1789600, training error 0.208988
[2016-11-27 06:46:55,598] >  epoch 20/1789600, validation error 0.308854
[2016-11-27 06:46:55,871] >> Training finished in 12:50:14.088971
