[2016-11-23 16:39:50,121] >> Loading model
[2016-11-23 16:39:50,702] >> Loading datasets
[2016-11-23 16:39:52,238] >> Reconstruction training started with arguments:
{'activation_noise': None,
 'adadelta': False,
 'adadelta_epsilon': '1e-6',
 'adadelta_rho': '0.95',
 'adagrad': False,
 'adagrad_decay': False,
 'batch_size': 128,
 'ce_sparsity': 0.01,
 'ce_sparsity_weight': 0.0,
 'compound': False,
 'corruption_level': 0.2,
 'datasets': (DatasetContainer [PFileStreamDataset@/export/data1/data/ddraper/train.4.pfile],
              DatasetContainer [],
              DatasetContainer []),
 'epochs': 50,
 'fix_layers': [],
 'graph': False,
 'hooks': [],
 'l1_reg': '0.0',
 'l2_reg': '0.0',
 'layer_args': {},
 'layers': [1],
 'learning_rate': '0.01',
 'loss': u'mse',
 'minibatches': 2000000,
 'momentum': '',
 'noise': 'mask',
 'sparsity': 0.05,
 'sparsity_weight': 0.0,
 'validate': False,
 'verbosity': 1,
 'warn': False}
[2016-11-23 16:39:52,238] >> Reconstruction training started with da:
{'hidden_activation': u'sigmoid',
 u'loss': u'mse',
 'n_hidden': 1000,
 'n_visible': 966,
 'tied_weights': True,
 'visible_activation': u'tanh'}
[2016-11-23 16:39:52,238] >> Compiling theano graph
Using gpu device 0: Tesla M2075 (CNMeM is disabled, cuDNN not available)
[2016-11-23 16:41:58,947] >> Training started
[2016-11-23 16:43:24,511] >> epoch 0/10000, average cost 85.167656
[2016-11-23 16:46:21,778] >> epoch 0/20000, average cost 42.787724
[2016-11-23 16:48:29,167] >> epoch 0/30000, average cost 32.160591
[2016-11-23 16:52:05,987] >> epoch 0/40000, average cost 27.232006
[2016-11-23 16:53:58,045] >> epoch 0/50000, average cost 23.072084
[2016-11-23 16:56:53,737] >> epoch 0/60000, average cost 21.705500
[2016-11-23 16:58:33,477] >> epoch 0/70000, average cost 20.129606
[2016-11-23 16:59:48,595] >> epoch 0/80000, average cost 19.637377
[2016-11-23 17:02:45,345] >> epoch 0/90000, average cost 19.169800
[2016-11-23 17:04:30,990] >> epoch 0/100000, average cost 18.073738
[2016-11-23 17:07:11,606] >> epoch 0/110000, average cost 17.699644
[2016-11-23 17:08:48,926] >> epoch 0/120000, average cost 17.427301
[2016-11-23 17:10:56,508] >> epoch 0/130000, average cost 17.260687
[2016-11-23 17:14:02,398] >> epoch 0/140000, average cost 17.197813
[2016-11-23 17:15:26,681] >> epoch 0/150000, average cost 17.168390
[2016-11-23 17:17:31,418] >> epoch 0/160000, average cost 17.034235
[2016-11-23 17:18:57,073] >> epoch 0/170000, average cost 17.009716
[2016-11-23 17:21:07,405] >> epoch 0/180000, average cost 16.863882
[2016-11-23 17:21:19,901] >> epoch 1/183474, average cost 24.670567
[2016-11-23 17:25:38,113] >> epoch 1/200000, average cost 16.740652
[2016-11-23 17:28:59,505] >> epoch 1/210000, average cost 16.654898
[2016-11-23 17:30:54,671] >> epoch 1/220000, average cost 16.582623
[2016-11-23 17:34:28,848] >> epoch 1/230000, average cost 16.537081
[2016-11-23 17:36:35,244] >> epoch 1/240000, average cost 16.486286
[2016-11-23 17:38:32,527] >> epoch 1/250000, average cost 16.464378
[2016-11-23 17:40:17,545] >> epoch 1/260000, average cost 16.378124
[2016-11-23 17:41:41,769] >> epoch 1/270000, average cost 16.286751
[2016-11-23 17:43:58,990] >> epoch 1/280000, average cost 16.248827
[2016-11-23 17:45:09,040] >> epoch 1/290000, average cost 16.231003
[2016-11-23 17:48:18,131] >> epoch 1/300000, average cost 16.183815
[2016-11-23 17:49:38,233] >> epoch 1/310000, average cost 16.070572
[2016-11-23 17:52:11,143] >> epoch 1/320000, average cost 16.037209
[2016-11-23 17:54:32,455] >> epoch 1/330000, average cost 16.080587
[2016-11-23 17:55:48,357] >> epoch 1/340000, average cost 15.995685
[2016-11-23 17:57:53,355] >> epoch 1/350000, average cost 16.007271
[2016-11-23 17:59:15,110] >> epoch 1/360000, average cost 15.939603
[2016-11-23 18:00:22,473] >> epoch 2/366948, average cost 16.293955
[2016-11-23 18:04:01,147] >> epoch 2/380000, average cost 15.902328
[2016-11-23 18:05:58,774] >> epoch 2/390000, average cost 15.834391
[2016-11-23 18:09:20,580] >> epoch 2/400000, average cost 15.826542
[2016-11-23 18:11:27,295] >> epoch 2/410000, average cost 15.774509
[2016-11-23 18:14:47,338] >> epoch 2/420000, average cost 15.770523
[2016-11-23 18:16:13,650] >> epoch 2/430000, average cost 15.787229
[2016-11-23 18:17:40,113] >> epoch 2/440000, average cost 15.730569
[2016-11-23 18:20:05,596] >> epoch 2/450000, average cost 15.697060
[2016-11-23 18:21:37,529] >> epoch 2/460000, average cost 15.612464
[2016-11-23 18:23:38,437] >> epoch 2/470000, average cost 15.652843
[2016-11-23 18:25:19,322] >> epoch 2/480000, average cost 15.641949
[2016-11-23 18:27:48,237] >> epoch 2/490000, average cost 15.566747
[2016-11-23 18:29:16,035] >> epoch 2/500000, average cost 15.507225
[2016-11-23 18:32:17,555] >> epoch 2/510000, average cost 15.565708
[2016-11-23 18:34:12,832] >> epoch 2/520000, average cost 15.548009
[2016-11-23 18:35:33,490] >> epoch 2/530000, average cost 15.533570
[2016-11-23 18:37:33,471] >> epoch 2/540000, average cost 15.530352
[2016-11-23 18:38:42,439] >> epoch 2/550000, average cost 15.469217
[2016-11-23 18:38:43,969] >> epoch 3/550422, average cost 15.667905
[2016-11-23 18:44:35,745] >> epoch 3/570000, average cost 15.454750
[2016-11-23 18:46:22,463] >> epoch 3/580000, average cost 15.449772
[2016-11-23 18:49:32,957] >> epoch 3/590000, average cost 15.401211
[2016-11-23 18:51:30,381] >> epoch 3/600000, average cost 15.418591
[2016-11-23 18:54:41,846] >> epoch 3/610000, average cost 15.424928
[2016-11-23 18:56:07,599] >> epoch 3/620000, average cost 15.408097
[2016-11-23 18:58:04,312] >> epoch 3/630000, average cost 15.380852
[2016-11-23 19:00:52,094] >> epoch 3/640000, average cost 15.290517
[2016-11-23 19:02:19,993] >> epoch 3/650000, average cost 15.343733
[2016-11-23 19:05:15,224] >> epoch 3/660000, average cost 15.333155
[2016-11-23 19:06:59,483] >> epoch 3/670000, average cost 15.286963
[2016-11-23 19:10:14,595] >> epoch 3/680000, average cost 15.217103
[2016-11-23 19:12:14,812] >> epoch 3/690000, average cost 15.230917
[2016-11-23 19:14:54,502] >> epoch 3/700000, average cost 15.277055
[2016-11-23 19:17:06,869] >> epoch 3/710000, average cost 15.219702
[2016-11-23 19:18:50,613] >> epoch 3/720000, average cost 15.259871
[2016-11-23 19:21:17,241] >> epoch 3/730000, average cost 15.185403
[2016-11-23 19:21:31,259] >> epoch 4/733896, average cost 15.334478
[2016-11-23 19:26:12,265] >> epoch 4/750000, average cost 15.184465
[2016-11-23 19:29:16,765] >> epoch 4/760000, average cost 15.156028
[2016-11-23 19:31:02,722] >> epoch 4/770000, average cost 15.140821
[2016-11-23 19:33:56,758] >> epoch 4/780000, average cost 15.129745
[2016-11-23 19:36:15,171] >> epoch 4/790000, average cost 15.121647
[2016-11-23 19:38:25,880] >> epoch 4/800000, average cost 15.143011
[2016-11-23 19:39:20,204] >> epoch 4/810000, average cost 15.097575
[2016-11-23 19:41:38,350] >> epoch 4/820000, average cost 15.042553
[2016-11-23 19:43:47,774] >> epoch 4/830000, average cost 15.036282
[2016-11-23 19:45:00,880] >> epoch 4/840000, average cost 15.053848
[2016-11-23 19:47:01,494] >> epoch 4/850000, average cost 15.029175
[2016-11-23 19:48:40,483] >> epoch 4/860000, average cost 14.958694
[2016-11-23 19:51:47,644] >> epoch 4/870000, average cost 14.943261
[2016-11-23 19:53:52,446] >> epoch 4/880000, average cost 15.008094
[2016-11-23 19:56:56,219] >> epoch 4/890000, average cost 14.954645
[2016-11-23 19:59:42,369] >> epoch 4/900000, average cost 14.985103
[2016-11-23 20:01:26,882] >> epoch 4/910000, average cost 14.948492
[2016-11-23 20:03:00,580] >> epoch 5/917370, average cost 15.054627
[2016-11-23 20:06:37,709] >> epoch 5/930000, average cost 14.943644
[2016-11-23 20:10:48,291] >> epoch 5/940000, average cost 14.897595
[2016-11-23 20:15:10,496] >> epoch 5/950000, average cost 14.905653
[2016-11-23 20:17:27,834] >> epoch 5/960000, average cost 14.862143
[2016-11-23 20:21:57,545] >> epoch 5/970000, average cost 14.873872
[2016-11-23 20:23:56,848] >> epoch 5/980000, average cost 14.901526
[2016-11-23 20:27:09,210] >> epoch 5/990000, average cost 14.862542
[2016-11-23 20:29:12,952] >> epoch 5/1000000, average cost 14.845490
[2016-11-23 20:31:29,731] >> epoch 5/1010000, average cost 14.767473
[2016-11-23 20:34:37,182] >> epoch 5/1020000, average cost 14.818181
[2016-11-23 20:37:08,471] >> epoch 5/1030000, average cost 14.815980
[2016-11-23 20:40:41,983] >> epoch 5/1040000, average cost 14.753519
[2016-11-23 20:42:27,578] >> epoch 5/1050000, average cost 14.706263
[2016-11-23 20:44:35,518] >> epoch 5/1060000, average cost 14.756220
[2016-11-23 20:46:47,634] >> epoch 5/1070000, average cost 14.752188
[2016-11-23 20:49:16,305] >> epoch 5/1080000, average cost 14.739857
[2016-11-23 20:51:42,261] >> epoch 5/1090000, average cost 14.754176
[2016-11-23 20:53:04,532] >> epoch 5/1100000, average cost 14.690642
[2016-11-23 20:53:07,580] >> epoch 6/1100844, average cost 14.815161
[2016-11-23 20:59:20,180] >> epoch 6/1120000, average cost 14.681581
[2016-11-23 21:01:27,064] >> epoch 6/1130000, average cost 14.682363
[2016-11-23 21:04:42,078] >> epoch 6/1140000, average cost 14.637490
[2016-11-23 21:06:59,412] >> epoch 6/1150000, average cost 14.656364
[2016-11-23 21:09:58,584] >> epoch 6/1160000, average cost 14.660832
[2016-11-23 21:11:24,750] >> epoch 6/1170000, average cost 14.655842
[2016-11-23 21:13:38,612] >> epoch 6/1180000, average cost 14.625277
[2016-11-23 21:15:33,884] >> epoch 6/1190000, average cost 14.545536
[2016-11-23 21:16:57,455] >> epoch 6/1200000, average cost 14.597088
[2016-11-23 21:19:41,507] >> epoch 6/1210000, average cost 14.591369
[2016-11-23 21:20:59,845] >> epoch 6/1220000, average cost 14.548789
[2016-11-23 21:23:50,920] >> epoch 6/1230000, average cost 14.489203
[2016-11-23 21:25:13,998] >> epoch 6/1240000, average cost 14.498463
[2016-11-23 21:27:18,799] >> epoch 6/1250000, average cost 14.546488
[2016-11-23 21:30:14,062] >> epoch 6/1260000, average cost 14.492481
[2016-11-23 21:31:42,788] >> epoch 6/1270000, average cost 14.538309
[2016-11-23 21:33:56,765] >> epoch 6/1280000, average cost 14.471367
[2016-11-23 21:34:12,315] >> epoch 7/1284318, average cost 14.587820
[2016-11-23 21:37:59,462] >> epoch 7/1300000, average cost 14.474093
[2016-11-23 21:41:29,851] >> epoch 7/1310000, average cost 14.445439
[2016-11-23 21:43:33,595] >> epoch 7/1320000, average cost 14.438795
[2016-11-23 21:47:07,937] >> epoch 7/1330000, average cost 14.423965
[2016-11-23 21:49:26,386] >> epoch 7/1340000, average cost 14.419614
[2016-11-23 21:51:38,325] >> epoch 7/1350000, average cost 14.449014
[2016-11-23 21:52:58,208] >> epoch 7/1360000, average cost 14.403236
[2016-11-23 21:55:05,522] >> epoch 7/1370000, average cost 14.357092
[2016-11-23 21:57:03,750] >> epoch 7/1380000, average cost 14.344522
[2016-11-23 21:58:24,625] >> epoch 7/1390000, average cost 14.366303
[2016-11-23 22:01:06,992] >> epoch 7/1400000, average cost 14.351731
[2016-11-23 22:02:18,529] >> epoch 7/1410000, average cost 14.283343
[2016-11-23 22:05:30,480] >> epoch 7/1420000, average cost 14.272143
[2016-11-23 22:07:03,803] >> epoch 7/1430000, average cost 14.328081
[2016-11-23 22:08:59,814] >> epoch 7/1440000, average cost 14.283842
[2016-11-23 22:12:18,508] >> epoch 7/1450000, average cost 14.309850
[2016-11-23 22:13:40,251] >> epoch 7/1460000, average cost 14.286870
[2016-11-23 22:14:51,523] >> epoch 8/1467792, average cost 14.365920
[2016-11-23 22:17:36,543] >> epoch 8/1480000, average cost 14.279226
[2016-11-23 22:20:53,530] >> epoch 8/1490000, average cost 14.234652
[2016-11-23 22:24:45,025] >> epoch 8/1500000, average cost 14.248475
[2016-11-23 22:26:50,446] >> epoch 8/1510000, average cost 14.210460
[2016-11-23 22:30:24,389] >> epoch 8/1520000, average cost 14.217264
[2016-11-23 22:31:34,617] >> epoch 8/1530000, average cost 14.248693
[2016-11-23 22:33:55,358] >> epoch 8/1540000, average cost 14.209478
[2016-11-23 22:35:23,630] >> epoch 8/1550000, average cost 14.194389
[2016-11-23 22:37:38,977] >> epoch 8/1560000, average cost 14.121740
[2016-11-23 22:39:30,995] >> epoch 8/1570000, average cost 14.170855
[2016-11-23 22:40:53,533] >> epoch 8/1580000, average cost 14.172284
[2016-11-23 22:43:31,084] >> epoch 8/1590000, average cost 14.120764
[2016-11-23 22:44:40,657] >> epoch 8/1600000, average cost 14.068517
[2016-11-23 22:48:14,483] >> epoch 8/1610000, average cost 14.119186
[2016-11-23 22:49:53,205] >> epoch 8/1620000, average cost 14.122828
[2016-11-23 22:52:12,655] >> epoch 8/1630000, average cost 14.110589
[2016-11-23 22:55:11,744] >> epoch 8/1640000, average cost 14.134775
[2016-11-23 22:56:35,325] >> epoch 8/1650000, average cost 14.070186
[2016-11-23 22:56:39,893] >> epoch 9/1651266, average cost 14.170382
[2016-11-23 23:00:32,074] >> epoch 9/1670000, average cost 14.073676
[2016-11-23 23:04:13,198] >> epoch 9/1680000, average cost 14.075781
[2016-11-23 23:07:41,283] >> epoch 9/1690000, average cost 14.040445
[2016-11-23 23:09:48,088] >> epoch 9/1700000, average cost 14.060503
[2016-11-23 23:12:22,510] >> epoch 9/1710000, average cost 14.064813
[2016-11-23 23:13:50,560] >> epoch 9/1720000, average cost 14.066561
[2016-11-23 23:16:00,267] >> epoch 9/1730000, average cost 14.044678
[2016-11-23 23:17:23,768] >> epoch 9/1740000, average cost 13.966855
[2016-11-23 23:19:42,555] >> epoch 9/1750000, average cost 14.017847
[2016-11-23 23:21:43,129] >> epoch 9/1760000, average cost 14.020772
[2016-11-23 23:23:02,160] >> epoch 9/1770000, average cost 13.990258
[2016-11-23 23:25:23,767] >> epoch 9/1780000, average cost 13.934944
[2016-11-23 23:26:35,886] >> epoch 9/1790000, average cost 13.948768
[2016-11-23 23:29:28,829] >> epoch 9/1800000, average cost 14.002305
[2016-11-23 23:31:11,202] >> epoch 9/1810000, average cost 13.952922
[2016-11-23 23:32:58,087] >> epoch 9/1820000, average cost 14.002717
[2016-11-23 23:35:40,174] >> epoch 9/1830000, average cost 13.950214
[2016-11-23 23:35:57,287] >> epoch 10/1834740, average cost 14.015098
[2016-11-23 23:39:47,418] >> epoch 10/1850000, average cost 13.957497
[2016-11-23 23:41:40,314] >> epoch 10/1860000, average cost 13.933410
[2016-11-23 23:45:00,465] >> epoch 10/1870000, average cost 13.934200
[2016-11-23 23:48:20,104] >> epoch 10/1880000, average cost 13.932177
[2016-11-23 23:50:30,808] >> epoch 10/1890000, average cost 13.930650
[2016-11-23 23:52:39,947] >> epoch 10/1900000, average cost 13.962910
[2016-11-23 23:54:03,081] >> epoch 10/1910000, average cost 13.923552
[2016-11-23 23:56:06,399] >> epoch 10/1920000, average cost 13.892673
[2016-11-23 23:57:31,014] >> epoch 10/1930000, average cost 13.871679
[2016-11-23 23:59:11,647] >> epoch 10/1940000, average cost 13.909346
[2016-11-24 00:01:54,315] >> epoch 10/1950000, average cost 13.900773
[2016-11-24 00:03:41,895] >> epoch 10/1960000, average cost 13.838265
[2016-11-24 00:06:31,387] >> epoch 10/1970000, average cost 13.829966
[2016-11-24 00:07:38,038] >> epoch 10/1980000, average cost 13.895368
[2016-11-24 00:10:54,072] >> epoch 10/1990000, average cost 13.866756
[2016-11-24 00:12:43,617] >> epoch 10/2000000, average cost 13.883948
[2016-11-24 00:12:43,640] >> epoch 11/2000000, average cost 13.906098
[2016-11-24 00:12:43,666] >> Training finished in 7:30:44.719198
[2016-11-24 00:13:37,731] >> Loading model
[2016-11-24 00:13:38,245] >> Loading datasets
[2016-11-24 00:13:39,762] >> Reconstruction training started with arguments:
{'activation_noise': None,
 'adadelta': False,
 'adadelta_epsilon': '1e-6',
 'adadelta_rho': '0.95',
 'adagrad': False,
 'adagrad_decay': False,
 'batch_size': 128,
 'ce_sparsity': 0.01,
 'ce_sparsity_weight': 0.0,
 'compound': False,
 'corruption_level': 0.2,
 'datasets': (DatasetContainer [PFileStreamDataset@/export/data1/data/ddraper/train.4.pfile],
              DatasetContainer [],
              DatasetContainer []),
 'epochs': 50,
 'fix_layers': [],
 'graph': False,
 'hooks': [],
 'l1_reg': '0.0',
 'l2_reg': '0.0',
 'layer_args': {1: {}},
 'layers': [2],
 'learning_rate': '0.01',
 'loss': 'crossentropy',
 'minibatches': 2000000,
 'momentum': '',
 'noise': 'mask',
 'sparsity': 0.05,
 'sparsity_weight': 0.0,
 'validate': False,
 'verbosity': 1,
 'warn': False}
[2016-11-24 00:13:39,762] >> Reconstruction training started with da:
{'hidden_activation': u'sigmoid',
 'n_hidden': 1000,
 'n_visible': 1000,
 'tied_weights': True,
 'visible_activation': u'sigmoid'}
[2016-11-24 00:13:39,763] >> Compiling theano graph
Using gpu device 0: Tesla M2075 (CNMeM is disabled, cuDNN not available)
[2016-11-24 00:15:40,675] >> Training started
[2016-11-24 00:16:56,964] >> epoch 0/10000, average cost 283.617859
[2016-11-24 00:20:18,550] >> epoch 0/20000, average cost 278.594025
[2016-11-24 00:22:21,568] >> epoch 0/30000, average cost 277.916687
[2016-11-24 00:25:38,237] >> epoch 0/40000, average cost 276.991211
[2016-11-24 00:27:54,389] >> epoch 0/50000, average cost 276.979736
[2016-11-24 00:30:29,159] >> epoch 0/60000, average cost 276.960388
[2016-11-24 00:32:34,665] >> epoch 0/70000, average cost 276.479187
[2016-11-24 00:34:09,205] >> epoch 0/80000, average cost 276.479218
[2016-11-24 00:36:21,081] >> epoch 0/90000, average cost 275.802765
[2016-11-24 00:37:56,939] >> epoch 0/100000, average cost 276.229675
[2016-11-24 00:39:58,542] >> epoch 0/110000, average cost 276.455902
[2016-11-24 00:41:42,344] >> epoch 0/120000, average cost 276.011200
[2016-11-24 00:43:31,035] >> epoch 0/130000, average cost 275.772125
[2016-11-24 00:46:38,347] >> epoch 0/140000, average cost 275.892639
[2016-11-24 00:48:38,836] >> epoch 0/150000, average cost 276.162415
[2016-11-24 00:50:26,662] >> epoch 0/160000, average cost 275.983002
[2016-11-24 00:52:53,762] >> epoch 0/170000, average cost 276.436401
[2016-11-24 00:55:36,838] >> epoch 0/180000, average cost 276.160706
[2016-11-24 00:55:51,286] >> epoch 1/183474, average cost 276.931458
[2016-11-24 01:00:05,357] >> epoch 1/200000, average cost 276.117920
[2016-11-24 01:03:38,859] >> epoch 1/210000, average cost 276.261169
[2016-11-24 01:05:38,654] >> epoch 1/220000, average cost 276.015350
[2016-11-24 01:08:54,343] >> epoch 1/230000, average cost 275.969818
[2016-11-24 01:11:09,182] >> epoch 1/240000, average cost 276.191040
[2016-11-24 01:13:02,144] >> epoch 1/250000, average cost 276.097931
[2016-11-24 01:14:53,810] >> epoch 1/260000, average cost 275.864227
[2016-11-24 01:16:08,715] >> epoch 1/270000, average cost 275.531189
[2016-11-24 01:18:12,392] >> epoch 1/280000, average cost 275.625732
[2016-11-24 01:19:12,070] >> epoch 1/290000, average cost 275.942902
[2016-11-24 01:21:41,065] >> epoch 1/300000, average cost 275.947113
[2016-11-24 01:23:35,552] >> epoch 1/310000, average cost 275.482361
[2016-11-24 01:25:27,457] >> epoch 1/320000, average cost 275.343201
[2016-11-24 01:28:43,825] >> epoch 1/330000, average cost 275.966888
[2016-11-24 01:30:18,665] >> epoch 1/340000, average cost 275.692566
[2016-11-24 01:32:08,787] >> epoch 1/350000, average cost 276.055176
[2016-11-24 01:34:13,643] >> epoch 1/360000, average cost 276.017487
[2016-11-24 01:35:26,892] >> epoch 2/366948, average cost 275.913940
[2016-11-24 01:39:11,888] >> epoch 2/380000, average cost 276.041687
[2016-11-24 01:41:08,863] >> epoch 2/390000, average cost 275.932465
[2016-11-24 01:44:49,201] >> epoch 2/400000, average cost 276.066345
[2016-11-24 01:46:33,924] >> epoch 2/410000, average cost 275.659760
[2016-11-24 01:50:16,827] >> epoch 2/420000, average cost 276.045410
[2016-11-24 01:51:52,692] >> epoch 2/430000, average cost 276.073425
[2016-11-24 01:54:06,977] >> epoch 2/440000, average cost 275.667236
[2016-11-24 01:56:06,828] >> epoch 2/450000, average cost 275.753540
[2016-11-24 01:57:30,079] >> epoch 2/460000, average cost 275.225525
[2016-11-24 01:59:17,671] >> epoch 2/470000, average cost 275.715790
[2016-11-24 02:01:06,246] >> epoch 2/480000, average cost 276.031525
[2016-11-24 02:03:28,920] >> epoch 2/490000, average cost 275.376434
[2016-11-24 02:05:16,816] >> epoch 2/500000, average cost 275.179291
[2016-11-24 02:07:12,150] >> epoch 2/510000, average cost 275.797485
[2016-11-24 02:10:16,791] >> epoch 2/520000, average cost 275.730438
[2016-11-24 02:12:28,131] >> epoch 2/530000, average cost 275.781952
[2016-11-24 02:14:25,412] >> epoch 2/540000, average cost 276.078979
[2016-11-24 02:15:33,189] >> epoch 2/550000, average cost 275.919647
[2016-11-24 02:15:34,941] >> epoch 3/550422, average cost 275.788605
[2016-11-24 02:20:23,836] >> epoch 3/570000, average cost 275.779388
[2016-11-24 02:22:26,488] >> epoch 3/580000, average cost 276.080994
[2016-11-24 02:25:49,980] >> epoch 3/590000, average cost 275.637390
[2016-11-24 02:27:52,499] >> epoch 3/600000, average cost 275.867462
[2016-11-24 02:30:41,297] >> epoch 3/610000, average cost 275.986908
[2016-11-24 02:32:04,796] >> epoch 3/620000, average cost 275.689575
[2016-11-24 02:34:09,818] >> epoch 3/630000, average cost 275.763550
[2016-11-24 02:36:13,413] >> epoch 3/640000, average cost 275.114288
[2016-11-24 02:37:33,050] >> epoch 3/650000, average cost 275.624756
[2016-11-24 02:39:35,887] >> epoch 3/660000, average cost 275.883423
[2016-11-24 02:40:51,446] >> epoch 3/670000, average cost 275.532135
[2016-11-24 02:43:34,163] >> epoch 3/680000, average cost 275.276245
[2016-11-24 02:44:48,990] >> epoch 3/690000, average cost 275.420288
[2016-11-24 02:47:49,034] >> epoch 3/700000, average cost 275.746582
[2016-11-24 02:50:01,543] >> epoch 3/710000, average cost 275.550812
[2016-11-24 02:51:28,106] >> epoch 3/720000, average cost 276.060638
[2016-11-24 02:54:04,045] >> epoch 3/730000, average cost 275.796692
[2016-11-24 02:54:20,152] >> epoch 4/733896, average cost 275.719543
[2016-11-24 02:58:21,243] >> epoch 4/750000, average cost 275.808899
[2016-11-24 03:01:16,596] >> epoch 4/760000, average cost 275.909180
[2016-11-24 03:02:54,001] >> epoch 4/770000, average cost 275.756042
[2016-11-24 03:06:26,314] >> epoch 4/780000, average cost 275.636688
[2016-11-24 03:08:20,535] >> epoch 4/790000, average cost 275.922302
[2016-11-24 03:10:02,373] >> epoch 4/800000, average cost 275.853058
[2016-11-24 03:11:34,344] >> epoch 4/810000, average cost 275.603790
[2016-11-24 03:13:41,271] >> epoch 4/820000, average cost 275.326233
[2016-11-24 03:15:52,831] >> epoch 4/830000, average cost 275.351318
[2016-11-24 03:17:18,374] >> epoch 4/840000, average cost 275.706421
[2016-11-24 03:19:02,618] >> epoch 4/850000, average cost 275.773834
[2016-11-24 03:20:29,467] >> epoch 4/860000, average cost 275.240204
[2016-11-24 03:23:19,360] >> epoch 4/870000, average cost 275.122681
[2016-11-24 03:25:11,542] >> epoch 4/880000, average cost 275.750275
[2016-11-24 03:27:22,386] >> epoch 4/890000, average cost 275.504608
[2016-11-24 03:30:27,019] >> epoch 4/900000, average cost 275.829529
[2016-11-24 03:32:21,114] >> epoch 4/910000, average cost 275.830536
[2016-11-24 03:33:32,382] >> epoch 5/917370, average cost 275.665131
[2016-11-24 03:36:17,849] >> epoch 5/930000, average cost 275.878387
[2016-11-24 03:39:27,455] >> epoch 5/940000, average cost 275.714539
[2016-11-24 03:43:07,670] >> epoch 5/950000, average cost 275.910858
[2016-11-24 03:45:18,603] >> epoch 5/960000, average cost 275.468109
[2016-11-24 03:48:58,299] >> epoch 5/970000, average cost 275.846436
[2016-11-24 03:50:23,411] >> epoch 5/980000, average cost 275.919312
[2016-11-24 03:52:43,991] >> epoch 5/990000, average cost 275.491364
[2016-11-24 03:54:12,698] >> epoch 5/1000000, average cost 275.615814
[2016-11-24 03:56:26,544] >> epoch 5/1010000, average cost 275.015350
[2016-11-24 03:58:49,128] >> epoch 5/1020000, average cost 275.541565
[2016-11-24 03:59:56,775] >> epoch 5/1030000, average cost 275.868256
[2016-11-24 04:02:01,159] >> epoch 5/1040000, average cost 275.229065
[2016-11-24 04:03:58,852] >> epoch 5/1050000, average cost 275.056580
[2016-11-24 04:07:09,806] >> epoch 5/1060000, average cost 275.605988
[2016-11-24 04:08:24,612] >> epoch 5/1070000, average cost 275.568146
[2016-11-24 04:11:17,462] >> epoch 5/1080000, average cost 275.597137
[2016-11-24 04:14:24,528] >> epoch 5/1090000, average cost 275.939240
[2016-11-24 04:15:43,101] >> epoch 5/1100000, average cost 275.751282
[2016-11-24 04:15:46,688] >> epoch 6/1100844, average cost 275.618195
[2016-11-24 04:21:13,492] >> epoch 6/1120000, average cost 275.614807
[2016-11-24 04:23:26,459] >> epoch 6/1130000, average cost 275.949738
[2016-11-24 04:26:45,607] >> epoch 6/1140000, average cost 275.487152
[2016-11-24 04:28:25,612] >> epoch 6/1150000, average cost 275.706329
[2016-11-24 04:31:07,471] >> epoch 6/1160000, average cost 275.847443
[2016-11-24 04:32:24,453] >> epoch 6/1170000, average cost 275.561310
[2016-11-24 04:34:33,292] >> epoch 6/1180000, average cost 275.588684
[2016-11-24 04:36:37,167] >> epoch 6/1190000, average cost 274.988708
[2016-11-24 04:38:00,258] >> epoch 6/1200000, average cost 275.485382
[2016-11-24 04:39:41,339] >> epoch 6/1210000, average cost 275.726410
[2016-11-24 04:41:27,139] >> epoch 6/1220000, average cost 275.425415
[2016-11-24 04:43:52,642] >> epoch 6/1230000, average cost 275.145935
[2016-11-24 04:45:11,652] >> epoch 6/1240000, average cost 275.224060
[2016-11-24 04:47:33,588] >> epoch 6/1250000, average cost 275.638245
[2016-11-24 04:49:48,381] >> epoch 6/1260000, average cost 275.397461
[2016-11-24 04:50:59,479] >> epoch 6/1270000, average cost 275.909393
[2016-11-24 04:53:36,975] >> epoch 6/1280000, average cost 275.659393
[2016-11-24 04:53:54,845] >> epoch 7/1284318, average cost 275.575714
[2016-11-24 04:58:07,857] >> epoch 7/1300000, average cost 275.697235
[2016-11-24 05:01:22,562] >> epoch 7/1310000, average cost 275.761688
[2016-11-24 05:03:11,699] >> epoch 7/1320000, average cost 275.623383
[2016-11-24 05:06:44,531] >> epoch 7/1330000, average cost 275.489410
[2016-11-24 05:09:02,435] >> epoch 7/1340000, average cost 275.803558
[2016-11-24 05:12:03,929] >> epoch 7/1350000, average cost 275.737762
[2016-11-24 05:13:46,199] >> epoch 7/1360000, average cost 275.445312
[2016-11-24 05:16:37,851] >> epoch 7/1370000, average cost 275.245361
[2016-11-24 05:19:44,155] >> epoch 7/1380000, average cost 275.189026
[2016-11-24 05:21:31,542] >> epoch 7/1390000, average cost 275.550659
[2016-11-24 05:24:26,510] >> epoch 7/1400000, average cost 275.665314
[2016-11-24 05:26:18,789] >> epoch 7/1410000, average cost 275.116180
[2016-11-24 05:28:34,629] >> epoch 7/1420000, average cost 274.952698
[2016-11-24 05:30:30,861] >> epoch 7/1430000, average cost 275.631439
[2016-11-24 05:33:49,798] >> epoch 7/1440000, average cost 275.373657
[2016-11-24 05:37:03,947] >> epoch 7/1450000, average cost 275.693115
[2016-11-24 05:38:16,428] >> epoch 7/1460000, average cost 275.727661
[2016-11-24 05:39:51,115] >> epoch 8/1467792, average cost 275.532471
[2016-11-24 05:42:41,638] >> epoch 8/1480000, average cost 275.740265
[2016-11-24 05:45:24,395] >> epoch 8/1490000, average cost 275.576965
[2016-11-24 05:48:47,503] >> epoch 8/1500000, average cost 275.816040
[2016-11-24 05:50:41,781] >> epoch 8/1510000, average cost 275.331512
[2016-11-24 05:54:12,594] >> epoch 8/1520000, average cost 275.698761
[2016-11-24 05:55:58,922] >> epoch 8/1530000, average cost 275.783905
[2016-11-24 05:58:47,471] >> epoch 8/1540000, average cost 275.372498
[2016-11-24 06:00:30,738] >> epoch 8/1550000, average cost 275.488831
[2016-11-24 06:03:21,648] >> epoch 8/1560000, average cost 274.890472
[2016-11-24 06:06:21,015] >> epoch 8/1570000, average cost 275.387299
[2016-11-24 06:08:07,761] >> epoch 8/1580000, average cost 275.736938
[2016-11-24 06:10:52,006] >> epoch 8/1590000, average cost 275.122589
[2016-11-24 06:12:53,805] >> epoch 8/1600000, average cost 274.943054
[2016-11-24 06:15:11,552] >> epoch 8/1610000, average cost 275.441498
[2016-11-24 06:17:01,586] >> epoch 8/1620000, average cost 275.453796
[2016-11-24 06:20:21,983] >> epoch 8/1630000, average cost 275.434113
[2016-11-24 06:24:12,189] >> epoch 8/1640000, average cost 275.825928
[2016-11-24 06:25:36,828] >> epoch 8/1650000, average cost 275.605438
[2016-11-24 06:25:42,079] >> epoch 9/1651266, average cost 275.486633
[2016-11-24 06:30:35,431] >> epoch 9/1670000, average cost 275.504547
[2016-11-24 06:34:03,231] >> epoch 9/1680000, average cost 275.799957
[2016-11-24 06:37:45,248] >> epoch 9/1690000, average cost 275.371918
[2016-11-24 06:39:53,160] >> epoch 9/1700000, average cost 275.547821
[2016-11-24 06:43:23,039] >> epoch 9/1710000, average cost 275.701019
[2016-11-24 06:45:06,296] >> epoch 9/1720000, average cost 275.462128
[2016-11-24 06:48:04,387] >> epoch 9/1730000, average cost 275.431061
[2016-11-24 06:49:56,479] >> epoch 9/1740000, average cost 274.883301
[2016-11-24 06:52:58,114] >> epoch 9/1750000, average cost 275.328125
[2016-11-24 06:55:56,560] >> epoch 9/1760000, average cost 275.560455
[2016-11-24 06:57:54,988] >> epoch 9/1770000, average cost 275.321991
[2016-11-24 07:00:54,204] >> epoch 9/1780000, average cost 275.020264
[2016-11-24 07:02:51,243] >> epoch 9/1790000, average cost 275.055511
[2016-11-24 07:06:05,380] >> epoch 9/1800000, average cost 275.479187
[2016-11-24 07:07:55,136] >> epoch 9/1810000, average cost 275.264160
[2016-11-24 07:11:24,814] >> epoch 9/1820000, average cost 275.756012
[2016-11-24 07:14:19,693] >> epoch 9/1830000, average cost 275.508636
[2016-11-24 07:14:45,547] >> epoch 10/1834740, average cost 275.436768
[2016-11-24 07:18:56,928] >> epoch 10/1850000, average cost 275.566833
[2016-11-24 07:20:48,389] >> epoch 10/1860000, average cost 275.604340
[2016-11-24 07:23:58,527] >> epoch 10/1870000, average cost 275.511230
[2016-11-24 07:27:21,781] >> epoch 10/1880000, average cost 275.320679
[2016-11-24 07:29:40,741] >> epoch 10/1890000, average cost 275.657654
[2016-11-24 07:32:43,245] >> epoch 10/1900000, average cost 275.630157
[2016-11-24 07:34:34,796] >> epoch 10/1910000, average cost 275.290436
[2016-11-24 07:37:29,546] >> epoch 10/1920000, average cost 275.142365
[2016-11-24 07:39:11,356] >> epoch 10/1930000, average cost 275.003143
[2016-11-24 07:41:58,946] >> epoch 10/1940000, average cost 275.412201
[2016-11-24 07:44:58,715] >> epoch 10/1950000, average cost 275.560089
[2016-11-24 07:46:45,384] >> epoch 10/1960000, average cost 274.937988
[2016-11-24 07:49:40,239] >> epoch 10/1970000, average cost 274.848480
[2016-11-24 07:51:00,559] >> epoch 10/1980000, average cost 275.474762
[2016-11-24 07:53:55,732] >> epoch 10/1990000, average cost 275.250214
[2016-11-24 07:56:01,256] >> epoch 10/2000000, average cost 275.525513
[2016-11-24 07:56:01,271] >> epoch 11/2000000, average cost 275.368622
[2016-11-24 07:56:01,288] >> Training finished in 7:40:20.611984
[2016-11-24 07:57:36,448] >> Loading model
[2016-11-24 07:57:38,094] >> Loading datasets
[2016-11-24 07:57:38,107] >> Reconstruction training started with arguments:
{'activation_noise': None,
 'adadelta': False,
 'adadelta_epsilon': '1e-6',
 'adadelta_rho': '0.95',
 'adagrad': False,
 'adagrad_decay': False,
 'batch_size': 128,
 'ce_sparsity': 0.01,
 'ce_sparsity_weight': 0.0,
 'compound': False,
 'corruption_level': 0.2,
 'datasets': (DatasetContainer [PFileStreamDataset@/export/data1/data/ddraper/train.4.pfile],
              DatasetContainer [],
              DatasetContainer []),
 'epochs': 50,
 'fix_layers': [],
 'graph': False,
 'hooks': [],
 'l1_reg': '0.0',
 'l2_reg': '0.0',
 'layer_args': {1: {}, 2: {}},
 'layers': [3],
 'learning_rate': '0.01',
 'loss': 'crossentropy',
 'minibatches': 2000000,
 'momentum': '',
 'noise': 'mask',
 'sparsity': 0.05,
 'sparsity_weight': 0.0,
 'validate': False,
 'verbosity': 1,
 'warn': False}
[2016-11-24 07:57:38,108] >> Reconstruction training started with da:
{'hidden_activation': u'sigmoid',
 'n_hidden': 1000,
 'n_visible': 1000,
 'tied_weights': True,
 'visible_activation': u'sigmoid'}
[2016-11-24 07:57:38,108] >> Compiling theano graph
Using gpu device 0: Tesla M2075 (CNMeM is disabled, cuDNN not available)
[2016-11-24 07:59:46,065] >> Training started
[2016-11-24 08:01:01,429] >> epoch 0/10000, average cost 508.056244
[2016-11-24 08:04:31,395] >> epoch 0/20000, average cost 501.570038
[2016-11-24 08:06:40,832] >> epoch 0/30000, average cost 500.312256
[2016-11-24 08:09:57,555] >> epoch 0/40000, average cost 499.778015
[2016-11-24 08:12:03,549] >> epoch 0/50000, average cost 499.468994
[2016-11-24 08:14:35,350] >> epoch 0/60000, average cost 499.213806
[2016-11-24 08:16:22,457] >> epoch 0/70000, average cost 499.099640
[2016-11-24 08:17:52,903] >> epoch 0/80000, average cost 498.968414
[2016-11-24 08:19:59,428] >> epoch 0/90000, average cost 498.875244
[2016-11-24 08:21:28,014] >> epoch 0/100000, average cost 498.765686
[2016-11-24 08:23:44,890] >> epoch 0/110000, average cost 498.665649
[2016-11-24 08:25:19,905] >> epoch 0/120000, average cost 498.634491
[2016-11-24 08:27:31,533] >> epoch 0/130000, average cost 498.545197
[2016-11-24 08:29:13,349] >> epoch 0/140000, average cost 498.439362
[2016-11-24 08:30:52,776] >> epoch 0/150000, average cost 498.276703
[2016-11-24 08:33:21,234] >> epoch 0/160000, average cost 498.324585
[2016-11-24 08:34:56,085] >> epoch 0/170000, average cost 498.157562
[2016-11-24 08:36:54,921] >> epoch 0/180000, average cost 498.140289
[2016-11-24 08:37:11,773] >> epoch 1/183474, average cost 499.488464
[2016-11-24 08:41:33,464] >> epoch 1/200000, average cost 497.890656
[2016-11-24 08:45:01,862] >> epoch 1/210000, average cost 497.863892
[2016-11-24 08:46:49,878] >> epoch 1/220000, average cost 497.736053
[2016-11-24 08:50:02,704] >> epoch 1/230000, average cost 497.697052
[2016-11-24 08:52:35,825] >> epoch 1/240000, average cost 497.594604
[2016-11-24 08:54:35,192] >> epoch 1/250000, average cost 497.532410
[2016-11-24 08:56:42,944] >> epoch 1/260000, average cost 497.511963
[2016-11-24 08:57:58,751] >> epoch 1/270000, average cost 497.432404
[2016-11-24 09:00:00,830] >> epoch 1/280000, average cost 497.425201
[2016-11-24 09:01:33,984] >> epoch 1/290000, average cost 497.360046
[2016-11-24 09:03:42,687] >> epoch 1/300000, average cost 497.403107
[2016-11-24 09:04:57,901] >> epoch 1/310000, average cost 497.366760
[2016-11-24 09:06:40,876] >> epoch 1/320000, average cost 497.311615
[2016-11-24 09:08:59,861] >> epoch 1/330000, average cost 497.216339
[2016-11-24 09:10:43,531] >> epoch 1/340000, average cost 497.261108
[2016-11-24 09:12:40,975] >> epoch 1/350000, average cost 497.192657
[2016-11-24 09:14:43,199] >> epoch 1/360000, average cost 497.214111
[2016-11-24 09:15:44,998] >> epoch 2/366948, average cost 497.472900
[2016-11-24 09:19:22,504] >> epoch 2/380000, average cost 497.004639
[2016-11-24 09:21:45,692] >> epoch 2/390000, average cost 497.039307
[2016-11-24 09:25:25,039] >> epoch 2/400000, average cost 496.958344
[2016-11-24 09:27:05,914] >> epoch 2/410000, average cost 496.974854
[2016-11-24 09:30:28,386] >> epoch 2/420000, average cost 496.914062
[2016-11-24 09:31:52,884] >> epoch 2/430000, average cost 496.830811
[2016-11-24 09:34:02,732] >> epoch 2/440000, average cost 496.871063
[2016-11-24 09:36:06,541] >> epoch 2/450000, average cost 496.798859
[2016-11-24 09:37:37,471] >> epoch 2/460000, average cost 496.847839
[2016-11-24 09:39:41,244] >> epoch 2/470000, average cost 496.797302
[2016-11-24 09:41:06,082] >> epoch 2/480000, average cost 496.817993
[2016-11-24 09:43:15,542] >> epoch 2/490000, average cost 496.838196
[2016-11-24 09:44:44,111] >> epoch 2/500000, average cost 496.822113
[2016-11-24 09:46:51,120] >> epoch 2/510000, average cost 496.765137
[2016-11-24 09:49:16,442] >> epoch 2/520000, average cost 496.724915
[2016-11-24 09:50:35,754] >> epoch 2/530000, average cost 496.795197
[2016-11-24 09:53:03,735] >> epoch 2/540000, average cost 496.746704
[2016-11-24 09:54:37,432] >> epoch 2/550000, average cost 496.742401
[2016-11-24 09:54:39,437] >> epoch 3/550422, average cost 496.851379
[2016-11-24 10:00:15,443] >> epoch 3/570000, average cost 496.616943
[2016-11-24 10:02:13,209] >> epoch 3/580000, average cost 496.627502
[2016-11-24 10:05:38,999] >> epoch 3/590000, average cost 496.607391
[2016-11-24 10:07:25,389] >> epoch 3/600000, average cost 496.578064
[2016-11-24 10:10:02,999] >> epoch 3/610000, average cost 496.500000
[2016-11-24 10:11:28,429] >> epoch 3/620000, average cost 496.522095
[2016-11-24 10:13:44,731] >> epoch 3/630000, average cost 496.505615
[2016-11-24 10:15:53,146] >> epoch 3/640000, average cost 496.522644
[2016-11-24 10:17:29,187] >> epoch 3/650000, average cost 496.505402
[2016-11-24 10:19:48,951] >> epoch 3/660000, average cost 496.490814
[2016-11-24 10:21:21,707] >> epoch 3/670000, average cost 496.575287
[2016-11-24 10:23:40,868] >> epoch 3/680000, average cost 496.558105
[2016-11-24 10:25:10,384] >> epoch 3/690000, average cost 496.542206
[2016-11-24 10:27:01,268] >> epoch 3/700000, average cost 496.450287
[2016-11-24 10:29:23,445] >> epoch 3/710000, average cost 496.569550
[2016-11-24 10:31:25,797] >> epoch 3/720000, average cost 496.476013
[2016-11-24 10:33:19,952] >> epoch 3/730000, average cost 496.538696
[2016-11-24 10:33:38,343] >> epoch 4/733896, average cost 496.540802
[2016-11-24 10:38:11,760] >> epoch 4/750000, average cost 496.401703
[2016-11-24 10:41:32,840] >> epoch 4/760000, average cost 496.449890
[2016-11-24 10:43:24,556] >> epoch 4/770000, average cost 496.375488
[2016-11-24 10:46:39,517] >> epoch 4/780000, average cost 496.388000
[2016-11-24 10:48:49,273] >> epoch 4/790000, average cost 496.334137
[2016-11-24 10:50:47,842] >> epoch 4/800000, average cost 496.319611
[2016-11-24 10:52:23,505] >> epoch 4/810000, average cost 496.352692
[2016-11-24 10:54:27,619] >> epoch 4/820000, average cost 496.314789
[2016-11-24 10:56:40,714] >> epoch 4/830000, average cost 496.346436
[2016-11-24 10:58:07,695] >> epoch 4/840000, average cost 496.318665
[2016-11-24 11:00:17,117] >> epoch 4/850000, average cost 496.400208
[2016-11-24 11:01:47,067] >> epoch 4/860000, average cost 496.406403
[2016-11-24 11:03:55,303] >> epoch 4/870000, average cost 496.381104
[2016-11-24 11:04:57,751] >> epoch 4/880000, average cost 496.317352
[2016-11-24 11:07:16,887] >> epoch 4/890000, average cost 496.386902
[2016-11-24 11:10:01,522] >> epoch 4/900000, average cost 496.346741
[2016-11-24 11:11:23,115] >> epoch 4/910000, average cost 496.402344
[2016-11-24 11:12:25,505] >> epoch 5/917370, average cost 496.365143
[2016-11-24 11:15:25,948] >> epoch 5/930000, average cost 496.242004
[2016-11-24 11:18:50,347] >> epoch 5/940000, average cost 496.294556
[2016-11-24 11:21:47,043] >> epoch 5/950000, average cost 496.249359
[2016-11-24 11:24:06,478] >> epoch 5/960000, average cost 496.289490
[2016-11-24 11:27:51,282] >> epoch 5/970000, average cost 496.245239
[2016-11-24 11:29:18,392] >> epoch 5/980000, average cost 496.175293
[2016-11-24 11:31:33,883] >> epoch 5/990000, average cost 496.233795
[2016-11-24 11:33:03,603] >> epoch 5/1000000, average cost 496.188110
[2016-11-24 11:35:15,064] >> epoch 5/1010000, average cost 496.256439
[2016-11-24 11:37:20,214] >> epoch 5/1020000, average cost 496.216064
[2016-11-24 11:38:54,917] >> epoch 5/1030000, average cost 496.246399
[2016-11-24 11:41:06,429] >> epoch 5/1040000, average cost 496.296387
[2016-11-24 11:42:30,354] >> epoch 5/1050000, average cost 496.294159
[2016-11-24 11:44:23,719] >> epoch 5/1060000, average cost 496.254364
[2016-11-24 11:45:50,983] >> epoch 5/1070000, average cost 496.207703
[2016-11-24 11:48:26,753] >> epoch 5/1080000, average cost 496.302338
[2016-11-24 11:50:23,774] >> epoch 5/1090000, average cost 496.271210
[2016-11-24 11:52:01,814] >> epoch 5/1100000, average cost 496.276337
[2016-11-24 11:52:05,914] >> epoch 6/1100844, average cost 496.251099
[2016-11-24 11:57:37,915] >> epoch 6/1120000, average cost 496.174835
[2016-11-24 11:59:35,745] >> epoch 6/1130000, average cost 496.197601
[2016-11-24 12:02:56,979] >> epoch 6/1140000, average cost 496.188965
[2016-11-24 12:04:39,213] >> epoch 6/1150000, average cost 496.167542
[2016-11-24 12:07:45,204] >> epoch 6/1160000, average cost 496.096039
[2016-11-24 12:09:00,403] >> epoch 6/1170000, average cost 496.126007
[2016-11-24 12:11:13,146] >> epoch 6/1180000, average cost 496.126343
[2016-11-24 12:13:16,363] >> epoch 6/1190000, average cost 496.146515
[2016-11-24 12:14:39,802] >> epoch 6/1200000, average cost 496.137665
[2016-11-24 12:16:41,564] >> epoch 6/1210000, average cost 496.131714
[2016-11-24 12:18:13,949] >> epoch 6/1220000, average cost 496.223511
[2016-11-24 12:20:14,676] >> epoch 6/1230000, average cost 496.222107
[2016-11-24 12:21:17,167] >> epoch 6/1240000, average cost 496.201050
[2016-11-24 12:23:30,478] >> epoch 6/1250000, average cost 496.114563
[2016-11-24 12:25:58,267] >> epoch 6/1260000, average cost 496.250702
[2016-11-24 12:27:07,427] >> epoch 6/1270000, average cost 496.155548
[2016-11-24 12:29:59,875] >> epoch 6/1280000, average cost 496.219086
[2016-11-24 12:30:23,361] >> epoch 7/1284318, average cost 496.166687
[2016-11-24 12:34:06,631] >> epoch 7/1300000, average cost 496.093048
[2016-11-24 12:37:55,915] >> epoch 7/1310000, average cost 496.157562
[2016-11-24 12:40:05,027] >> epoch 7/1320000, average cost 496.073792
[2016-11-24 12:43:24,551] >> epoch 7/1330000, average cost 496.112305
[2016-11-24 12:45:21,769] >> epoch 7/1340000, average cost 496.057098
[2016-11-24 12:47:26,492] >> epoch 7/1350000, average cost 496.035797
[2016-11-24 12:48:51,405] >> epoch 7/1360000, average cost 496.085602
[2016-11-24 12:50:45,821] >> epoch 7/1370000, average cost 496.051544
[2016-11-24 12:52:56,706] >> epoch 7/1380000, average cost 496.083405
[2016-11-24 12:54:14,350] >> epoch 7/1390000, average cost 496.065186
[2016-11-24 12:56:25,357] >> epoch 7/1400000, average cost 496.138855
[2016-11-24 12:57:54,596] >> epoch 7/1410000, average cost 496.155701
[2016-11-24 12:59:30,483] >> epoch 7/1420000, average cost 496.137054
[2016-11-24 13:01:10,409] >> epoch 7/1430000, average cost 496.085846
[2016-11-24 13:03:19,470] >> epoch 7/1440000, average cost 496.131348
[2016-11-24 13:05:24,483] >> epoch 7/1450000, average cost 496.122192
[2016-11-24 13:07:03,987] >> epoch 7/1460000, average cost 496.169708
[2016-11-24 13:08:12,391] >> epoch 8/1467792, average cost 496.101715
[2016-11-24 13:10:43,705] >> epoch 8/1480000, average cost 496.011047
[2016-11-24 13:13:50,607] >> epoch 8/1490000, average cost 496.068207
[2016-11-24 13:17:03,634] >> epoch 8/1500000, average cost 496.027039
[2016-11-24 13:19:30,377] >> epoch 8/1510000, average cost 496.077545
[2016-11-24 13:23:02,876] >> epoch 8/1520000, average cost 496.030457
[2016-11-24 13:24:25,206] >> epoch 8/1530000, average cost 495.961243
[2016-11-24 13:26:49,720] >> epoch 8/1540000, average cost 496.019409
[2016-11-24 13:28:09,820] >> epoch 8/1550000, average cost 495.980743
[2016-11-24 13:30:22,659] >> epoch 8/1560000, average cost 496.042999
[2016-11-24 13:32:35,496] >> epoch 8/1570000, average cost 496.020691
[2016-11-24 13:34:04,520] >> epoch 8/1580000, average cost 496.046112
[2016-11-24 13:36:22,927] >> epoch 8/1590000, average cost 496.098541
[2016-11-24 13:37:51,349] >> epoch 8/1600000, average cost 496.101135
[2016-11-24 13:40:03,336] >> epoch 8/1610000, average cost 496.064148
[2016-11-24 13:41:25,473] >> epoch 8/1620000, average cost 496.017395
[2016-11-24 13:44:07,557] >> epoch 8/1630000, average cost 496.121948
[2016-11-24 13:46:08,251] >> epoch 8/1640000, average cost 496.073914
[2016-11-24 13:47:49,918] >> epoch 8/1650000, average cost 496.099243
[2016-11-24 13:47:55,907] >> epoch 9/1651266, average cost 496.046967
[2016-11-24 13:51:50,005] >> epoch 9/1670000, average cost 495.992004
[2016-11-24 13:55:23,038] >> epoch 9/1680000, average cost 496.029541
[2016-11-24 13:58:41,478] >> epoch 9/1690000, average cost 496.012604
[2016-11-24 14:00:46,859] >> epoch 9/1700000, average cost 495.991760
[2016-11-24 14:03:42,040] >> epoch 9/1710000, average cost 495.930115
[2016-11-24 14:05:14,630] >> epoch 9/1720000, average cost 495.954163
[2016-11-24 14:07:35,260] >> epoch 9/1730000, average cost 495.968964
[2016-11-24 14:08:58,863] >> epoch 9/1740000, average cost 495.977356
[2016-11-24 14:11:13,282] >> epoch 9/1750000, average cost 495.977753
[2016-11-24 14:13:36,677] >> epoch 9/1760000, average cost 495.969849
[2016-11-24 14:15:02,873] >> epoch 9/1770000, average cost 496.060852
[2016-11-24 14:17:13,526] >> epoch 9/1780000, average cost 496.064056
[2016-11-24 14:18:20,559] >> epoch 9/1790000, average cost 496.049744
[2016-11-24 14:20:27,751] >> epoch 9/1800000, average cost 495.968201
[2016-11-24 14:21:56,442] >> epoch 9/1810000, average cost 496.091400
[2016-11-24 14:24:17,112] >> epoch 9/1820000, average cost 496.006165
[2016-11-24 14:26:46,801] >> epoch 9/1830000, average cost 496.082886
[2016-11-24 14:27:10,384] >> epoch 10/1834740, average cost 496.004181
[2016-11-24 14:30:45,420] >> epoch 10/1850000, average cost 495.946106
[2016-11-24 14:33:02,472] >> epoch 10/1860000, average cost 496.016388
[2016-11-24 14:36:48,722] >> epoch 10/1870000, average cost 495.935486
[2016-11-24 14:39:50,326] >> epoch 10/1880000, average cost 495.969299
[2016-11-24 14:41:56,203] >> epoch 10/1890000, average cost 495.922089
[2016-11-24 14:43:40,377] >> epoch 10/1900000, average cost 495.904297
[2016-11-24 14:45:11,193] >> epoch 10/1910000, average cost 495.947052
[2016-11-24 14:47:15,825] >> epoch 10/1920000, average cost 495.907990
[2016-11-24 14:48:44,046] >> epoch 10/1930000, average cost 495.960663
[2016-11-24 14:50:52,403] >> epoch 10/1940000, average cost 495.941406
[2016-11-24 14:53:11,389] >> epoch 10/1950000, average cost 495.997253
[2016-11-24 14:54:37,782] >> epoch 10/1960000, average cost 496.030396
[2016-11-24 14:56:26,172] >> epoch 10/1970000, average cost 496.015594
[2016-11-24 14:58:11,054] >> epoch 10/1980000, average cost 495.958649
[2016-11-24 15:00:13,734] >> epoch 10/1990000, average cost 496.005859
[2016-11-24 15:01:55,305] >> epoch 10/2000000, average cost 495.997437
[2016-11-24 15:01:55,330] >> epoch 11/2000000, average cost 495.963165
[2016-11-24 15:01:55,357] >> Training finished in 7:02:09.291746
[2016-11-24 15:02:18,900] >> Loading model
[2016-11-24 15:02:19,312] >> Loading datasets
[2016-11-24 15:02:20,829] >> Reconstruction training started with arguments:
{'activation_noise': None,
 'adadelta': False,
 'adadelta_epsilon': '1e-6',
 'adadelta_rho': '0.95',
 'adagrad': False,
 'adagrad_decay': False,
 'batch_size': 128,
 'ce_sparsity': 0.01,
 'ce_sparsity_weight': 0.0,
 'compound': False,
 'corruption_level': 0.2,
 'datasets': (DatasetContainer [PFileStreamDataset@/export/data1/data/ddraper/train.4.pfile],
              DatasetContainer [],
              DatasetContainer []),
 'epochs': 50,
 'fix_layers': [],
 'graph': False,
 'hooks': [],
 'l1_reg': '0.0',
 'l2_reg': '0.0',
 'layer_args': {1: {}, 2: {}, 3: {}},
 'layers': [4],
 'learning_rate': '0.01',
 'loss': 'crossentropy',
 'minibatches': 2000000,
 'momentum': '',
 'noise': 'mask',
 'sparsity': 0.05,
 'sparsity_weight': 0.0,
 'validate': False,
 'verbosity': 1,
 'warn': False}
[2016-11-24 15:02:20,829] >> Reconstruction training started with da:
{'hidden_activation': u'sigmoid',
 'n_hidden': 1000,
 'n_visible': 1000,
 'tied_weights': True,
 'visible_activation': u'sigmoid'}
[2016-11-24 15:02:20,829] >> Compiling theano graph
Using gpu device 0: Tesla M2075 (CNMeM is disabled, cuDNN not available)
[2016-11-24 15:04:04,284] >> Training started
[2016-11-24 15:05:38,628] >> epoch 0/10000, average cost 97.950615
[2016-11-24 15:09:10,683] >> epoch 0/20000, average cost 94.137535
[2016-11-24 15:11:42,212] >> epoch 0/30000, average cost 93.882591
[2016-11-24 15:14:40,303] >> epoch 0/40000, average cost 93.270309
[2016-11-24 15:16:43,131] >> epoch 0/50000, average cost 93.294090
[2016-11-24 15:19:34,473] >> epoch 0/60000, average cost 93.295006
[2016-11-24 15:21:42,615] >> epoch 0/70000, average cost 92.930359
[2016-11-24 15:23:20,239] >> epoch 0/80000, average cost 92.890404
[2016-11-24 15:25:36,154] >> epoch 0/90000, average cost 92.375427
[2016-11-24 15:27:08,056] >> epoch 0/100000, average cost 92.738808
[2016-11-24 15:29:26,704] >> epoch 0/110000, average cost 92.870491
[2016-11-24 15:30:56,261] >> epoch 0/120000, average cost 92.500191
[2016-11-24 15:33:05,836] >> epoch 0/130000, average cost 92.208153
[2016-11-24 15:34:54,349] >> epoch 0/140000, average cost 92.330017
[2016-11-24 15:36:07,566] >> epoch 0/150000, average cost 92.581223
[2016-11-24 15:38:24,913] >> epoch 0/160000, average cost 92.431198
[2016-11-24 15:40:28,451] >> epoch 0/170000, average cost 92.729309
[2016-11-24 15:42:05,253] >> epoch 0/180000, average cost 92.489845
[2016-11-24 15:42:24,661] >> epoch 1/183474, average cost 93.153862
[2016-11-24 15:47:14,766] >> epoch 1/200000, average cost 92.479912
[2016-11-24 15:50:44,366] >> epoch 1/210000, average cost 92.587997
[2016-11-24 15:52:45,677] >> epoch 1/220000, average cost 92.440529
[2016-11-24 15:56:04,488] >> epoch 1/230000, average cost 92.337914
[2016-11-24 15:58:16,197] >> epoch 1/240000, average cost 92.552109
[2016-11-24 15:59:54,529] >> epoch 1/250000, average cost 92.438850
[2016-11-24 16:02:12,227] >> epoch 1/260000, average cost 92.241318
[2016-11-24 16:03:45,923] >> epoch 1/270000, average cost 91.997879
[2016-11-24 16:05:59,491] >> epoch 1/280000, average cost 92.108871
[2016-11-24 16:07:33,985] >> epoch 1/290000, average cost 92.321327
[2016-11-24 16:09:43,728] >> epoch 1/300000, average cost 92.349060
[2016-11-24 16:11:20,936] >> epoch 1/310000, average cost 91.872551
[2016-11-24 16:13:30,232] >> epoch 1/320000, average cost 91.722755
[2016-11-24 16:15:35,457] >> epoch 1/330000, average cost 92.311409
[2016-11-24 16:16:58,235] >> epoch 1/340000, average cost 92.079384
[2016-11-24 16:20:04,500] >> epoch 1/350000, average cost 92.325203
[2016-11-24 16:21:36,998] >> epoch 1/360000, average cost 92.260117
[2016-11-24 16:22:27,076] >> epoch 2/366948, average cost 92.278259
[2016-11-24 16:26:24,263] >> epoch 2/380000, average cost 92.330437
[2016-11-24 16:28:50,644] >> epoch 2/390000, average cost 92.203712
[2016-11-24 16:32:12,091] >> epoch 2/400000, average cost 92.351173
[2016-11-24 16:34:13,584] >> epoch 2/410000, average cost 92.000847
[2016-11-24 16:37:52,428] >> epoch 2/420000, average cost 92.296761
[2016-11-24 16:39:27,524] >> epoch 2/430000, average cost 92.328239
[2016-11-24 16:41:43,063] >> epoch 2/440000, average cost 91.967224
[2016-11-24 16:43:54,863] >> epoch 2/450000, average cost 92.028214
[2016-11-24 16:45:23,036] >> epoch 2/460000, average cost 91.685577
[2016-11-24 16:47:44,300] >> epoch 2/470000, average cost 92.035217
[2016-11-24 16:49:19,807] >> epoch 2/480000, average cost 92.297173
[2016-11-24 16:51:33,802] >> epoch 2/490000, average cost 91.725906
[2016-11-24 16:53:05,452] >> epoch 2/500000, average cost 91.480774
[2016-11-24 16:54:52,606] >> epoch 2/510000, average cost 92.057556
[2016-11-24 16:56:53,687] >> epoch 2/520000, average cost 92.001732
[2016-11-24 16:58:40,711] >> epoch 2/530000, average cost 92.030350
[2016-11-24 17:00:27,785] >> epoch 2/540000, average cost 92.212547
[2016-11-24 17:02:09,015] >> epoch 2/550000, average cost 92.083916
[2016-11-24 17:02:11,251] >> epoch 3/550422, average cost 92.067429
[2016-11-24 17:07:40,613] >> epoch 3/570000, average cost 91.990822
[2016-11-24 17:10:00,363] >> epoch 3/580000, average cost 92.267799
[2016-11-24 17:12:38,870] >> epoch 3/590000, average cost 91.890663
[2016-11-24 17:14:35,088] >> epoch 3/600000, average cost 92.054581
[2016-11-24 17:17:08,906] >> epoch 3/610000, average cost 92.160240
[2016-11-24 17:18:37,578] >> epoch 3/620000, average cost 91.898087
[2016-11-24 17:20:49,726] >> epoch 3/630000, average cost 91.912804
[2016-11-24 17:22:40,665] >> epoch 3/640000, average cost 91.462646
[2016-11-24 17:24:14,102] >> epoch 3/650000, average cost 91.902229
[2016-11-24 17:26:15,571] >> epoch 3/660000, average cost 92.060165
[2016-11-24 17:27:44,975] >> epoch 3/670000, average cost 91.766991
[2016-11-24 17:29:41,183] >> epoch 3/680000, average cost 91.476753
[2016-11-24 17:31:07,636] >> epoch 3/690000, average cost 91.590576
[2016-11-24 17:33:00,971] >> epoch 3/700000, average cost 91.908524
[2016-11-24 17:35:26,943] >> epoch 3/710000, average cost 91.751709
[2016-11-24 17:36:53,915] >> epoch 3/720000, average cost 92.074448
[2016-11-24 17:38:49,770] >> epoch 3/730000, average cost 91.847206
[2016-11-24 17:39:10,294] >> epoch 4/733896, average cost 91.903946
[2016-11-24 17:43:08,931] >> epoch 4/750000, average cost 91.866951
[2016-11-24 17:46:32,976] >> epoch 4/760000, average cost 91.968460
[2016-11-24 17:48:34,245] >> epoch 4/770000, average cost 91.859108
[2016-11-24 17:51:43,394] >> epoch 4/780000, average cost 91.722748
[2016-11-24 17:53:35,358] >> epoch 4/790000, average cost 91.975227
[2016-11-24 17:55:21,820] >> epoch 4/800000, average cost 91.861916
[2016-11-24 17:56:49,070] >> epoch 4/810000, average cost 91.654930
[2016-11-24 17:58:50,037] >> epoch 4/820000, average cost 91.444679
[2016-11-24 18:01:33,741] >> epoch 4/830000, average cost 91.529022
[2016-11-24 18:03:20,070] >> epoch 4/840000, average cost 91.744812
[2016-11-24 18:05:51,520] >> epoch 4/850000, average cost 91.807411
[2016-11-24 18:07:36,713] >> epoch 4/860000, average cost 91.315079
[2016-11-24 18:10:28,656] >> epoch 4/870000, average cost 91.157928
[2016-11-24 18:12:24,991] >> epoch 4/880000, average cost 91.754807
[2016-11-24 18:15:38,922] >> epoch 4/890000, average cost 91.530350
[2016-11-24 18:19:16,933] >> epoch 4/900000, average cost 91.739784
[2016-11-24 18:21:33,172] >> epoch 4/910000, average cost 91.715515
[2016-11-24 18:23:10,185] >> epoch 5/917370, average cost 91.700470
[2016-11-24 18:26:20,832] >> epoch 5/930000, average cost 91.758690
[2016-11-24 18:29:53,182] >> epoch 5/940000, average cost 91.620316
[2016-11-24 18:33:38,830] >> epoch 5/950000, average cost 91.812012
[2016-11-24 18:36:04,297] >> epoch 5/960000, average cost 91.438309
[2016-11-24 18:39:50,340] >> epoch 5/970000, average cost 91.706184
[2016-11-24 18:41:54,776] >> epoch 5/980000, average cost 91.759804
[2016-11-24 18:44:50,210] >> epoch 5/990000, average cost 91.396210
[2016-11-24 18:46:30,777] >> epoch 5/1000000, average cost 91.484337
[2016-11-24 18:48:39,213] >> epoch 5/1010000, average cost 91.072197
[2016-11-24 18:51:17,466] >> epoch 5/1020000, average cost 91.457062
[2016-11-24 18:53:11,665] >> epoch 5/1030000, average cost 91.715096
[2016-11-24 18:56:07,805] >> epoch 5/1040000, average cost 91.168953
[2016-11-24 18:58:06,011] >> epoch 5/1050000, average cost 90.926659
[2016-11-24 19:00:34,555] >> epoch 5/1060000, average cost 91.438934
[2016-11-24 19:02:29,103] >> epoch 5/1070000, average cost 91.405128
[2016-11-24 19:05:45,860] >> epoch 5/1080000, average cost 91.422318
[2016-11-24 19:09:28,820] >> epoch 5/1090000, average cost 91.621201
[2016-11-24 19:11:26,498] >> epoch 5/1100000, average cost 91.471947
[2016-11-24 19:11:30,955] >> epoch 6/1100844, average cost 91.487732
[2016-11-24 19:18:22,366] >> epoch 6/1120000, average cost 91.377190
[2016-11-24 19:20:23,163] >> epoch 6/1130000, average cost 91.654068
[2016-11-24 19:24:00,782] >> epoch 6/1140000, average cost 91.290184
[2016-11-24 19:26:03,316] >> epoch 6/1150000, average cost 91.439629
[2016-11-24 19:29:23,394] >> epoch 6/1160000, average cost 91.539688
[2016-11-24 19:31:08,566] >> epoch 6/1170000, average cost 91.308250
[2016-11-24 19:34:00,425] >> epoch 6/1180000, average cost 91.305916
[2016-11-24 19:36:42,832] >> epoch 6/1190000, average cost 90.850243
[2016-11-24 19:38:46,081] >> epoch 6/1200000, average cost 91.294456
[2016-11-24 19:41:38,641] >> epoch 6/1210000, average cost 91.433022
[2016-11-24 19:43:34,243] >> epoch 6/1220000, average cost 91.194969
[2016-11-24 19:46:38,822] >> epoch 6/1230000, average cost 90.895332
[2016-11-24 19:48:32,997] >> epoch 6/1240000, average cost 90.953011
[2016-11-24 19:50:57,278] >> epoch 6/1250000, average cost 91.312820
[2016-11-24 19:54:03,181] >> epoch 6/1260000, average cost 91.132271
[2016-11-24 19:56:25,239] >> epoch 6/1270000, average cost 91.467316
[2016-11-24 19:59:47,014] >> epoch 6/1280000, average cost 91.256599
[2016-11-24 20:00:12,527] >> epoch 7/1284318, average cost 91.297401
[2016-11-24 20:04:17,477] >> epoch 7/1300000, average cost 91.296074
[2016-11-24 20:07:59,665] >> epoch 7/1310000, average cost 91.347488
[2016-11-24 20:10:07,745] >> epoch 7/1320000, average cost 91.304588
[2016-11-24 20:13:32,981] >> epoch 7/1330000, average cost 91.130562
[2016-11-24 20:15:41,483] >> epoch 7/1340000, average cost 91.386917
[2016-11-24 20:18:42,364] >> epoch 7/1350000, average cost 91.324516
[2016-11-24 20:20:36,915] >> epoch 7/1360000, average cost 91.077126
[2016-11-24 20:23:36,680] >> epoch 7/1370000, average cost 90.915321
[2016-11-24 20:26:33,326] >> epoch 7/1380000, average cost 90.954544
[2016-11-24 20:28:28,337] >> epoch 7/1390000, average cost 91.180397
[2016-11-24 20:31:25,078] >> epoch 7/1400000, average cost 91.293167
[2016-11-24 20:33:17,639] >> epoch 7/1410000, average cost 90.765610
[2016-11-24 20:36:16,232] >> epoch 7/1420000, average cost 90.617523
[2016-11-24 20:38:05,714] >> epoch 7/1430000, average cost 91.215324
[2016-11-24 20:40:37,298] >> epoch 7/1440000, average cost 91.016335
[2016-11-24 20:43:44,628] >> epoch 7/1450000, average cost 91.209579
[2016-11-24 20:45:40,304] >> epoch 7/1460000, average cost 91.203964
[2016-11-24 20:47:15,588] >> epoch 8/1467792, average cost 91.147171
[2016-11-24 20:50:07,979] >> epoch 8/1480000, average cost 91.272095
[2016-11-24 20:54:02,714] >> epoch 8/1490000, average cost 91.124489
[2016-11-24 20:57:51,328] >> epoch 8/1500000, average cost 91.328346
[2016-11-24 20:59:53,625] >> epoch 8/1510000, average cost 90.919266
[2016-11-24 21:03:25,010] >> epoch 8/1520000, average cost 91.235611
[2016-11-24 21:05:14,543] >> epoch 8/1530000, average cost 91.270691
[2016-11-24 21:08:12,645] >> epoch 8/1540000, average cost 90.941673
[2016-11-24 21:09:53,426] >> epoch 8/1550000, average cost 91.016853
[2016-11-24 21:12:42,201] >> epoch 8/1560000, average cost 90.615883
[2016-11-24 21:15:34,015] >> epoch 8/1570000, average cost 90.996239
[2016-11-24 21:17:34,465] >> epoch 8/1580000, average cost 91.262459
[2016-11-24 21:20:19,949] >> epoch 8/1590000, average cost 90.738335
[2016-11-24 21:22:06,551] >> epoch 8/1600000, average cost 90.509926
[2016-11-24 21:25:01,765] >> epoch 8/1610000, average cost 90.976570
[2016-11-24 21:26:58,444] >> epoch 8/1620000, average cost 90.978653
[2016-11-24 21:29:18,765] >> epoch 8/1630000, average cost 90.994072
[2016-11-24 21:32:30,432] >> epoch 8/1640000, average cost 91.208244
[2016-11-24 21:34:01,652] >> epoch 8/1650000, average cost 91.032753
[2016-11-24 21:34:11,552] >> epoch 9/1651266, average cost 91.027557
[2016-11-24 21:39:28,194] >> epoch 9/1670000, average cost 90.972740
[2016-11-24 21:43:43,886] >> epoch 9/1680000, average cost 91.233284
[2016-11-24 21:47:25,034] >> epoch 9/1690000, average cost 90.909119
[2016-11-24 21:50:00,881] >> epoch 9/1700000, average cost 91.026360
[2016-11-24 21:53:18,189] >> epoch 9/1710000, average cost 91.138809
[2016-11-24 21:54:42,390] >> epoch 9/1720000, average cost 90.946228
[2016-11-24 21:56:49,811] >> epoch 9/1730000, average cost 90.901794
[2016-11-24 21:58:11,512] >> epoch 9/1740000, average cost 90.496284
[2016-11-24 22:00:36,975] >> epoch 9/1750000, average cost 90.887436
[2016-11-24 22:02:36,383] >> epoch 9/1760000, average cost 91.057411
[2016-11-24 22:04:11,944] >> epoch 9/1770000, average cost 90.846382
[2016-11-24 22:06:16,678] >> epoch 9/1780000, average cost 90.541603
[2016-11-24 22:07:45,338] >> epoch 9/1790000, average cost 90.556862
[2016-11-24 22:10:01,231] >> epoch 9/1800000, average cost 90.967888
[2016-11-24 22:11:24,213] >> epoch 9/1810000, average cost 90.772850
[2016-11-24 22:13:33,228] >> epoch 9/1820000, average cost 91.098785
[2016-11-24 22:15:20,840] >> epoch 9/1830000, average cost 90.895981
[2016-11-24 22:15:48,317] >> epoch 10/1834740, average cost 90.917587
[2016-11-24 22:19:06,324] >> epoch 10/1850000, average cost 90.957779
[2016-11-24 22:21:26,297] >> epoch 10/1860000, average cost 91.007523
[2016-11-24 22:25:01,817] >> epoch 10/1870000, average cost 90.979973
[2016-11-24 22:28:16,312] >> epoch 10/1880000, average cost 90.775978
[2016-11-24 22:30:12,133] >> epoch 10/1890000, average cost 91.064072
[2016-11-24 22:32:09,271] >> epoch 10/1900000, average cost 91.008049
[2016-11-24 22:33:32,832] >> epoch 10/1910000, average cost 90.729103
[2016-11-24 22:35:42,300] >> epoch 10/1920000, average cost 90.625031
[2016-11-24 22:37:09,527] >> epoch 10/1930000, average cost 90.598473
[2016-11-24 22:39:23,673] >> epoch 10/1940000, average cost 90.841217
[2016-11-24 22:41:41,135] >> epoch 10/1950000, average cost 91.006111
[2016-11-24 22:43:18,739] >> epoch 10/1960000, average cost 90.455948
[2016-11-24 22:45:32,042] >> epoch 10/1970000, average cost 90.286522
[2016-11-24 22:47:07,401] >> epoch 10/1980000, average cost 90.901321
[2016-11-24 22:49:20,550] >> epoch 10/1990000, average cost 90.719048
[2016-11-24 22:50:55,391] >> epoch 10/2000000, average cost 90.874924
[2016-11-24 22:50:55,417] >> epoch 11/2000000, average cost 90.810745
[2016-11-24 22:50:55,444] >> Training finished in 7:46:51.159592
[2016-11-24 22:51:44,906] >> Loading model
[2016-11-24 22:51:45,854] >> Loading datasets
[2016-11-24 22:51:45,879] >> Reconstruction training started with arguments:
{'activation_noise': None,
 'adadelta': False,
 'adadelta_epsilon': '1e-6',
 'adadelta_rho': '0.95',
 'adagrad': False,
 'adagrad_decay': False,
 'batch_size': 128,
 'ce_sparsity': 0.01,
 'ce_sparsity_weight': 0.0,
 'compound': False,
 'corruption_level': 0.2,
 'datasets': (DatasetContainer [PFileStreamDataset@/export/data1/data/ddraper/train.4.pfile],
              DatasetContainer [],
              DatasetContainer []),
 'epochs': 50,
 'fix_layers': [],
 'graph': False,
 'hooks': [],
 'l1_reg': '0.0',
 'l2_reg': '0.0',
 'layer_args': {1: {}, 2: {}, 3: {}, 4: {}},
 'layers': [5],
 'learning_rate': '0.01',
 'loss': 'crossentropy',
 'minibatches': 2000000,
 'momentum': '',
 'noise': 'mask',
 'sparsity': 0.05,
 'sparsity_weight': 0.0,
 'validate': False,
 'verbosity': 1,
 'warn': False}
[2016-11-24 22:51:45,879] >> Reconstruction training started with da:
{'hidden_activation': u'sigmoid',
 'n_hidden': 1000,
 'n_visible': 1000,
 'tied_weights': True,
 'visible_activation': u'sigmoid'}
[2016-11-24 22:51:45,879] >> Compiling theano graph
Using gpu device 0: Tesla M2075 (CNMeM is disabled, cuDNN not available)
[2016-11-24 22:52:16,308] >> Training started
[2016-11-24 22:53:33,421] >> epoch 0/10000, average cost 295.975403
[2016-11-24 22:55:17,729] >> epoch 0/20000, average cost 291.925293
[2016-11-24 22:56:49,695] >> epoch 0/30000, average cost 290.662354
[2016-11-24 22:58:47,522] >> epoch 0/40000, average cost 289.868011
[2016-11-24 23:00:20,596] >> epoch 0/50000, average cost 289.492889
[2016-11-24 23:02:20,638] >> epoch 0/60000, average cost 289.221741
[2016-11-24 23:04:02,667] >> epoch 0/70000, average cost 288.980988
[2016-11-24 23:05:28,918] >> epoch 0/80000, average cost 288.806610
[2016-11-24 23:07:10,918] >> epoch 0/90000, average cost 288.663635
[2016-11-24 23:08:38,267] >> epoch 0/100000, average cost 288.663147
[2016-11-24 23:10:20,147] >> epoch 0/110000, average cost 288.625977
[2016-11-24 23:11:48,316] >> epoch 0/120000, average cost 288.510071
[2016-11-24 23:13:28,443] >> epoch 0/130000, average cost 288.397858
[2016-11-24 23:15:11,123] >> epoch 0/140000, average cost 288.370056
[2016-11-24 23:16:36,191] >> epoch 0/150000, average cost 288.372864
[2016-11-24 23:18:19,687] >> epoch 0/160000, average cost 288.362549
[2016-11-24 23:19:41,681] >> epoch 0/170000, average cost 288.308899
[2016-11-24 23:21:31,191] >> epoch 0/180000, average cost 288.231201
[2016-11-24 23:21:56,962] >> epoch 1/183474, average cost 289.390900
[2016-11-24 23:24:42,736] >> epoch 1/200000, average cost 288.133759
[2016-11-24 23:26:46,941] >> epoch 1/210000, average cost 288.169525
[2016-11-24 23:28:17,870] >> epoch 1/220000, average cost 288.103180
[2016-11-24 23:30:19,561] >> epoch 1/230000, average cost 288.015015
[2016-11-24 23:31:59,092] >> epoch 1/240000, average cost 288.055084
[2016-11-24 23:33:33,590] >> epoch 1/250000, average cost 287.971497
[2016-11-24 23:35:18,412] >> epoch 1/260000, average cost 287.886658
[2016-11-24 23:36:53,846] >> epoch 1/270000, average cost 287.818237
[2016-11-24 23:38:29,039] >> epoch 1/280000, average cost 287.847626
[2016-11-24 23:39:53,410] >> epoch 1/290000, average cost 287.846802
[2016-11-24 23:42:13,008] >> epoch 1/300000, average cost 287.873260
[2016-11-24 23:43:48,499] >> epoch 1/310000, average cost 287.739014
[2016-11-24 23:45:48,743] >> epoch 1/320000, average cost 287.659302
[2016-11-24 23:47:19,411] >> epoch 1/330000, average cost 287.755890
[2016-11-24 23:49:01,683] >> epoch 1/340000, average cost 287.730225
[2016-11-24 23:51:20,673] >> epoch 1/350000, average cost 287.729462
[2016-11-24 23:52:54,905] >> epoch 1/360000, average cost 287.671417
[2016-11-24 23:53:55,962] >> epoch 2/366948, average cost 287.885223
[2016-11-24 23:56:33,602] >> epoch 2/380000, average cost 287.615479
[2016-11-24 23:58:01,799] >> epoch 2/390000, average cost 287.596741
[2016-11-25 00:00:46,229] >> epoch 2/400000, average cost 287.621948
[2016-11-25 00:02:44,119] >> epoch 2/410000, average cost 287.507294
[2016-11-25 00:05:52,542] >> epoch 2/420000, average cost 287.578461
[2016-11-25 00:07:15,214] >> epoch 2/430000, average cost 287.518860
[2016-11-25 00:09:39,487] >> epoch 2/440000, average cost 287.433685
[2016-11-25 00:11:22,146] >> epoch 2/450000, average cost 287.390411
[2016-11-25 00:13:19,688] >> epoch 2/460000, average cost 287.381897
[2016-11-25 00:15:06,123] >> epoch 2/470000, average cost 287.410553
[2016-11-25 00:16:23,557] >> epoch 2/480000, average cost 287.480896
[2016-11-25 00:18:11,449] >> epoch 2/490000, average cost 287.330353
[2016-11-25 00:19:33,509] >> epoch 2/500000, average cost 287.271454
[2016-11-25 00:21:15,436] >> epoch 2/510000, average cost 287.363403
[2016-11-25 00:22:58,108] >> epoch 2/520000, average cost 287.340851
[2016-11-25 00:24:40,726] >> epoch 2/530000, average cost 287.381012
[2016-11-25 00:27:02,414] >> epoch 2/540000, average cost 287.339233
[2016-11-25 00:28:19,974] >> epoch 2/550000, average cost 287.300781
[2016-11-25 00:28:22,445] >> epoch 3/550422, average cost 287.440155
[2016-11-25 00:32:47,366] >> epoch 3/570000, average cost 287.239105
[2016-11-25 00:34:41,999] >> epoch 3/580000, average cost 287.328979
[2016-11-25 00:37:07,273] >> epoch 3/590000, average cost 287.243988
[2016-11-25 00:38:53,808] >> epoch 3/600000, average cost 287.244324
[2016-11-25 00:40:53,617] >> epoch 3/610000, average cost 287.235107
[2016-11-25 00:42:25,660] >> epoch 3/620000, average cost 287.177307
[2016-11-25 00:45:06,272] >> epoch 3/630000, average cost 287.131409
[2016-11-25 00:46:57,235] >> epoch 3/640000, average cost 287.090637
[2016-11-25 00:48:58,081] >> epoch 3/650000, average cost 287.164001
[2016-11-25 00:51:57,828] >> epoch 3/660000, average cost 287.186859
[2016-11-25 00:53:57,009] >> epoch 3/670000, average cost 287.154114
[2016-11-25 00:55:42,482] >> epoch 3/680000, average cost 287.077637
[2016-11-25 00:57:10,145] >> epoch 3/690000, average cost 287.075348
[2016-11-25 00:58:58,518] >> epoch 3/700000, average cost 287.123077
[2016-11-25 01:01:09,616] >> epoch 3/710000, average cost 287.156311
[2016-11-25 01:02:55,907] >> epoch 3/720000, average cost 287.130280
[2016-11-25 01:05:00,065] >> epoch 3/730000, average cost 287.094910
[2016-11-25 01:05:24,750] >> epoch 4/733896, average cost 287.173004
[2016-11-25 01:08:14,421] >> epoch 4/750000, average cost 287.051910
[2016-11-25 01:11:18,131] >> epoch 4/760000, average cost 287.108459
[2016-11-25 01:13:11,806] >> epoch 4/770000, average cost 287.073914
[2016-11-25 01:15:40,696] >> epoch 4/780000, average cost 287.013336
[2016-11-25 01:17:41,843] >> epoch 4/790000, average cost 287.081604
[2016-11-25 01:19:21,227] >> epoch 4/800000, average cost 287.016846
[2016-11-25 01:20:39,951] >> epoch 4/810000, average cost 286.960449
[2016-11-25 01:22:53,631] >> epoch 4/820000, average cost 286.912323
[2016-11-25 01:24:28,866] >> epoch 4/830000, average cost 286.959290
[2016-11-25 01:26:26,675] >> epoch 4/840000, average cost 286.982880
[2016-11-25 01:29:37,576] >> epoch 4/850000, average cost 287.037415
[2016-11-25 01:31:21,268] >> epoch 4/860000, average cost 286.912476
[2016-11-25 01:33:07,920] >> epoch 4/870000, average cost 286.854736
[2016-11-25 01:35:19,498] >> epoch 4/880000, average cost 286.969513
[2016-11-25 01:37:15,653] >> epoch 4/890000, average cost 286.959595
[2016-11-25 01:38:59,671] >> epoch 4/900000, average cost 286.975006
[2016-11-25 01:40:21,225] >> epoch 4/910000, average cost 286.940643
[2016-11-25 01:41:27,080] >> epoch 5/917370, average cost 286.990051
[2016-11-25 01:44:14,275] >> epoch 5/930000, average cost 286.913971
[2016-11-25 01:47:11,774] >> epoch 5/940000, average cost 286.901337
[2016-11-25 01:50:35,259] >> epoch 5/950000, average cost 286.949524
[2016-11-25 01:52:28,844] >> epoch 5/960000, average cost 286.855896
[2016-11-25 01:55:50,620] >> epoch 5/970000, average cost 286.923096
[2016-11-25 01:57:05,878] >> epoch 5/980000, average cost 286.889374
[2016-11-25 01:58:54,279] >> epoch 5/990000, average cost 286.816162
[2016-11-25 02:00:07,150] >> epoch 5/1000000, average cost 286.779510
[2016-11-25 02:02:05,691] >> epoch 5/1010000, average cost 286.786407
[2016-11-25 02:03:31,925] >> epoch 5/1020000, average cost 286.830170
[2016-11-25 02:04:52,038] >> epoch 5/1030000, average cost 286.897614
[2016-11-25 02:06:46,884] >> epoch 5/1040000, average cost 286.785736
[2016-11-25 02:08:10,684] >> epoch 5/1050000, average cost 286.727753
[2016-11-25 02:10:18,316] >> epoch 5/1060000, average cost 286.816498
[2016-11-25 02:12:19,180] >> epoch 5/1070000, average cost 286.803589
[2016-11-25 02:14:29,859] >> epoch 5/1080000, average cost 286.861359
[2016-11-25 02:16:32,870] >> epoch 5/1090000, average cost 286.823853
[2016-11-25 02:17:47,240] >> epoch 5/1100000, average cost 286.796295
[2016-11-25 02:17:53,339] >> epoch 6/1100844, average cost 286.843140
[2016-11-25 02:22:02,727] >> epoch 6/1120000, average cost 286.746704
[2016-11-25 02:23:53,428] >> epoch 6/1130000, average cost 286.852264
[2016-11-25 02:26:36,902] >> epoch 6/1140000, average cost 286.779144
[2016-11-25 02:28:40,840] >> epoch 6/1150000, average cost 286.771729
[2016-11-25 02:31:07,346] >> epoch 6/1160000, average cost 286.781311
[2016-11-25 02:32:34,282] >> epoch 6/1170000, average cost 286.723785
[2016-11-25 02:34:08,068] >> epoch 6/1180000, average cost 286.685760
[2016-11-25 02:36:03,801] >> epoch 6/1190000, average cost 286.654694
[2016-11-25 02:37:28,555] >> epoch 6/1200000, average cost 286.725616
[2016-11-25 02:39:12,058] >> epoch 6/1210000, average cost 286.756012
[2016-11-25 02:40:31,894] >> epoch 6/1220000, average cost 286.744324
[2016-11-25 02:42:35,562] >> epoch 6/1230000, average cost 286.669922
[2016-11-25 02:43:58,871] >> epoch 6/1240000, average cost 286.652832
[2016-11-25 02:45:25,247] >> epoch 6/1250000, average cost 286.720764
[2016-11-25 02:47:27,794] >> epoch 6/1260000, average cost 286.752625
[2016-11-25 02:49:21,448] >> epoch 6/1270000, average cost 286.731171
[2016-11-25 02:51:04,717] >> epoch 6/1280000, average cost 286.704895
[2016-11-25 02:51:29,869] >> epoch 7/1284318, average cost 286.735229
[2016-11-25 02:55:15,881] >> epoch 7/1300000, average cost 286.676666
[2016-11-25 02:58:06,632] >> epoch 7/1310000, average cost 286.728455
[2016-11-25 02:59:47,021] >> epoch 7/1320000, average cost 286.712372
[2016-11-25 03:02:38,272] >> epoch 7/1330000, average cost 286.644501
[2016-11-25 03:04:25,783] >> epoch 7/1340000, average cost 286.727509
[2016-11-25 03:06:14,585] >> epoch 7/1350000, average cost 286.666534
[2016-11-25 03:07:46,165] >> epoch 7/1360000, average cost 286.612305
[2016-11-25 03:09:18,030] >> epoch 7/1370000, average cost 286.572968
[2016-11-25 03:11:14,759] >> epoch 7/1380000, average cost 286.624054
[2016-11-25 03:12:44,582] >> epoch 7/1390000, average cost 286.653931
[2016-11-25 03:14:17,461] >> epoch 7/1400000, average cost 286.713898
[2016-11-25 03:15:53,805] >> epoch 7/1410000, average cost 286.593475
[2016-11-25 03:17:45,724] >> epoch 7/1420000, average cost 286.541168
[2016-11-25 03:19:06,719] >> epoch 7/1430000, average cost 286.653381
[2016-11-25 03:20:57,496] >> epoch 7/1440000, average cost 286.648315
[2016-11-25 03:22:35,688] >> epoch 7/1450000, average cost 286.675018
[2016-11-25 03:23:47,769] >> epoch 7/1460000, average cost 286.640350
[2016-11-25 03:24:55,389] >> epoch 8/1467792, average cost 286.653015
[2016-11-25 03:27:24,037] >> epoch 8/1480000, average cost 286.622894
[2016-11-25 03:29:59,255] >> epoch 8/1490000, average cost 286.611755
[2016-11-25 03:32:45,545] >> epoch 8/1500000, average cost 286.669891
[2016-11-25 03:34:49,860] >> epoch 8/1510000, average cost 286.585388
[2016-11-25 03:37:30,975] >> epoch 8/1520000, average cost 286.648804
[2016-11-25 03:38:52,198] >> epoch 8/1530000, average cost 286.612061
[2016-11-25 03:40:43,055] >> epoch 8/1540000, average cost 286.552338
[2016-11-25 03:42:05,709] >> epoch 8/1550000, average cost 286.524841
[2016-11-25 03:43:38,529] >> epoch 8/1560000, average cost 286.525604
[2016-11-25 03:45:11,466] >> epoch 8/1570000, average cost 286.579071
[2016-11-25 03:46:24,070] >> epoch 8/1580000, average cost 286.642426
[2016-11-25 03:48:08,831] >> epoch 8/1590000, average cost 286.546143
[2016-11-25 03:49:29,583] >> epoch 8/1600000, average cost 286.497192
[2016-11-25 03:51:11,593] >> epoch 8/1610000, average cost 286.566711
[2016-11-25 03:52:37,398] >> epoch 8/1620000, average cost 286.572235
[2016-11-25 03:54:07,453] >> epoch 8/1630000, average cost 286.626465
[2016-11-25 03:56:03,778] >> epoch 8/1640000, average cost 286.593140
[2016-11-25 03:57:11,356] >> epoch 8/1650000, average cost 286.570007
[2016-11-25 03:57:21,266] >> epoch 9/1651266, average cost 286.586426
[2016-11-25 04:00:38,162] >> epoch 9/1670000, average cost 286.523712
[2016-11-25 04:03:05,020] >> epoch 9/1680000, average cost 286.624573
[2016-11-25 04:05:37,175] >> epoch 9/1690000, average cost 286.567047
[2016-11-25 04:07:19,169] >> epoch 9/1700000, average cost 286.550598
[2016-11-25 04:09:40,509] >> epoch 9/1710000, average cost 286.572571
[2016-11-25 04:10:59,571] >> epoch 9/1720000, average cost 286.521362
[2016-11-25 04:13:01,760] >> epoch 9/1730000, average cost 286.481262
[2016-11-25 04:14:53,453] >> epoch 9/1740000, average cost 286.448792
[2016-11-25 04:16:35,910] >> epoch 9/1750000, average cost 286.524353
[2016-11-25 04:18:10,225] >> epoch 9/1760000, average cost 286.547913
[2016-11-25 04:19:34,345] >> epoch 9/1770000, average cost 286.554901
[2016-11-25 04:21:27,022] >> epoch 9/1780000, average cost 286.480286
[2016-11-25 04:22:48,905] >> epoch 9/1790000, average cost 286.456848
[2016-11-25 04:24:21,638] >> epoch 9/1800000, average cost 286.530029
[2016-11-25 04:25:59,009] >> epoch 9/1810000, average cost 286.565338
[2016-11-25 04:27:22,750] >> epoch 9/1820000, average cost 286.546600
[2016-11-25 04:29:07,210] >> epoch 9/1830000, average cost 286.521210
[2016-11-25 04:29:36,030] >> epoch 10/1834740, average cost 286.532318
[2016-11-25 04:32:23,752] >> epoch 10/1850000, average cost 286.492859
[2016-11-25 04:34:18,779] >> epoch 10/1860000, average cost 286.550690
[2016-11-25 04:36:50,630] >> epoch 10/1870000, average cost 286.532837
[2016-11-25 04:39:38,439] >> epoch 10/1880000, average cost 286.471893
[2016-11-25 04:41:06,281] >> epoch 10/1890000, average cost 286.555084
[2016-11-25 04:43:01,252] >> epoch 10/1900000, average cost 286.494965
[2016-11-25 04:44:42,013] >> epoch 10/1910000, average cost 286.444244
[2016-11-25 04:46:14,313] >> epoch 10/1920000, average cost 286.410187
[2016-11-25 04:48:07,425] >> epoch 10/1930000, average cost 286.451508
[2016-11-25 04:50:39,125] >> epoch 10/1940000, average cost 286.484589
[2016-11-25 04:52:35,819] >> epoch 10/1950000, average cost 286.559937
[2016-11-25 04:54:05,191] >> epoch 10/1960000, average cost 286.428986
[2016-11-25 04:55:42,851] >> epoch 10/1970000, average cost 286.384918
[2016-11-25 04:57:12,317] >> epoch 10/1980000, average cost 286.497589
[2016-11-25 04:58:43,976] >> epoch 10/1990000, average cost 286.491577
[2016-11-25 05:00:07,175] >> epoch 10/2000000, average cost 286.521606
[2016-11-25 05:00:07,189] >> epoch 11/2000000, average cost 286.486816
[2016-11-25 05:00:07,204] >> Training finished in 6:07:50.896309
[2016-11-25 05:00:36,841] >> Loading model
[2016-11-25 05:00:38,518] >> Loading datasets
Using gpu device 0: Tesla M2075 (CNMeM is disabled, cuDNN not available)
[2016-11-25 05:00:58,036] >> Supervised training started with arguments:
{'activation_noise': None,
 'adadelta': False,
 'adadelta_epsilon': '1e-6',
 'adadelta_rho': '0.95',
 'adagrad': False,
 'adagrad_decay': False,
 'batch_size': 256,
 'datasets': (DatasetContainer [PFileStreamDataset@/export/data1/data/ddraper/train.4.pfile],
              DatasetContainer [PFileDataset@/export/data1/data/ddraper/valid.4.pfile,1, PFileDataset@/export/data1/data/ddraper/valid.4.pfile,2],
              DatasetContainer []),
 'epochs': 50,
 'fix_layers': [],
 'graph': False,
 'hooks': [<functools.partial object at 0x7f0c8e7444c8>],
 'l1_reg': '0.0',
 'l2_reg': '0.0',
 'layer_args': [],
 'learning_rate': '1',
 'minibatches': -1,
 'momentum': '',
 'newbob': True,
 'newbob_decay': 0.5,
 'newbob_threshold': [0.005, 0.0001],
 'patience': -1,
 'patience_improve_threshold': 0.995,
 'patience_increase': 1.5,
 'pre_validate': False,
 'print_errors': True,
 'validation_interval': -1,
 'verbosity': 0,
 'warn': False}
[2016-11-25 05:00:58,036] >> Compiling theano graph
[2016-11-25 05:02:54,302] >> Training started
[2016-11-25 05:41:08,388] >  epoch 1/91737, training error 0.448302
[2016-11-25 05:41:15,989] >  epoch 1/91737, validation error 0.430308
[2016-11-25 06:26:43,554] >  epoch 2/183474, training error 0.257359
[2016-11-25 06:26:54,862] >  epoch 2/183474, validation error 0.400873
[2016-11-25 07:15:17,683] >  epoch 3/275211, training error 0.197919
[2016-11-25 07:15:29,693] >  epoch 3/275211, validation error 0.382691
[2016-11-25 08:01:08,763] >  epoch 4/366948, training error 0.160707
[2016-11-25 08:01:20,220] >  epoch 4/366948, validation error 0.376807
[2016-11-25 08:48:57,098] >  epoch 5/458685, training error 0.132179
[2016-11-25 08:49:09,425] >  epoch 5/458685, validation error 0.373112
[2016-11-25 08:49:09,701] >  epoch 5/458685, learning rate set to 0.500000
[2016-11-25 09:38:41,772] >  epoch 6/550422, training error 0.108972
[2016-11-25 09:38:53,285] >  epoch 6/550422, validation error 0.360539
[2016-11-25 09:38:53,541] >  epoch 6/550422, learning rate set to 0.250000
[2016-11-25 10:26:13,872] >  epoch 7/642159, training error 0.085763
[2016-11-25 10:26:26,254] >  epoch 7/642159, validation error 0.357110
[2016-11-25 10:26:26,453] >  epoch 7/642159, learning rate set to 0.125000
[2016-11-25 11:11:53,496] >  epoch 8/733896, training error 0.071985
[2016-11-25 11:12:01,852] >  epoch 8/733896, validation error 0.352675
[2016-11-25 11:12:01,983] >  epoch 8/733896, learning rate set to 0.062500
[2016-11-25 11:47:25,150] >  epoch 9/825633, training error 0.072697
[2016-11-25 11:47:37,126] >  epoch 9/825633, validation error 0.352874
[2016-11-25 11:47:37,127] >> Training finished in 6:44:42.824338
