[2017-01-20 18:52:19,894] >> Loading model
[2017-01-20 18:52:20,196] >> Loading datasets
[2017-01-20 18:52:20,198] >> Reconstruction training started with arguments:
{'activation_noise': None,
 'adadelta': False,
 'adadelta_epsilon': '1e-6',
 'adadelta_rho': '0.95',
 'adagrad': False,
 'adagrad_decay': False,
 'batch_size': 128,
 'ce_sparsity': 0.01,
 'ce_sparsity_weight': 0.0,
 'compound': False,
 'corruption_level': 0.2,
 'datasets': (DatasetContainer [PFileStreamDataset@/export/data1/data/ddraper/train.split.pfile],
              DatasetContainer [],
              DatasetContainer []),
 'epochs': 50,
 'fix_layers': [],
 'graph': False,
 'hooks': [],
 'l1_reg': '0.0',
 'l2_reg': '0.0',
 'layer_args': {},
 'layers': [1],
 'learning_rate': '0.01',
 'loss': u'mse',
 'minibatches': 2000000,
 'momentum': '',
 'noise': 'mask',
 'sparsity': 0.05,
 'sparsity_weight': 0.0,
 'validate': False,
 'verbosity': 1,
 'warn': False}
[2017-01-20 18:52:20,198] >> Reconstruction training started with da:
{'hidden_activation': u'sigmoid',
 u'loss': u'mse',
 'n_hidden': 1000,
 'n_visible': 966,
 'tied_weights': True,
 'visible_activation': u'tanh'}
[2017-01-20 18:52:20,198] >> Compiling theano graph
ERROR (theano.sandbox.cuda): ERROR: Not using GPU. Initialisation of device 1 failed:
Bad device number 1. Only 1 devices available.
Using gpu device 0: Tesla M2075 (CNMeM is disabled, cuDNN not available)
[2017-01-20 18:52:52,318] >> Training started
[2017-01-20 18:53:48,544] >> epoch 0/10000, average cost 80.811600
[2017-01-20 18:55:48,253] >> epoch 0/20000, average cost 42.317825
[2017-01-20 18:56:59,954] >> epoch 0/30000, average cost 31.971535
[2017-01-20 18:58:22,216] >> epoch 0/40000, average cost 26.689257
[2017-01-20 19:00:12,916] >> epoch 0/50000, average cost 22.667646
[2017-01-20 19:02:23,452] >> epoch 0/60000, average cost 20.467337
[2017-01-20 19:03:21,716] >> epoch 0/70000, average cost 18.604349
[2017-01-20 19:04:51,271] >> epoch 0/80000, average cost 17.784536
[2017-01-20 19:05:51,622] >> epoch 0/90000, average cost 17.172550
[2017-01-20 19:07:16,790] >> epoch 0/100000, average cost 16.703718
[2017-01-20 19:08:11,835] >> epoch 0/110000, average cost 16.477140
[2017-01-20 19:10:07,036] >> epoch 0/120000, average cost 16.375774
[2017-01-20 19:11:13,372] >> epoch 0/130000, average cost 16.333921
[2017-01-20 19:12:40,448] >> epoch 0/140000, average cost 16.210478
[2017-01-20 19:14:04,352] >> epoch 0/150000, average cost 16.105003
[2017-01-20 19:15:17,579] >> epoch 0/160000, average cost 16.034744
[2017-01-20 19:16:48,477] >> epoch 0/170000, average cost 15.950555
[2017-01-20 19:18:08,533] >> epoch 0/180000, average cost 15.892394
[2017-01-20 19:19:47,857] >> epoch 0/190000, average cost 15.794090
[2017-01-20 19:20:47,027] >> epoch 0/200000, average cost 15.770099
[2017-01-20 19:22:12,694] >> epoch 0/210000, average cost 15.682833
[2017-01-20 19:23:20,895] >> epoch 0/220000, average cost 15.640247
[2017-01-20 19:25:17,859] >> epoch 0/230000, average cost 15.590811
[2017-01-20 19:26:12,864] >> epoch 0/240000, average cost 15.510094
[2017-01-20 19:28:08,351] >> epoch 0/250000, average cost 15.464820
[2017-01-20 19:29:26,465] >> epoch 0/260000, average cost 15.373431
[2017-01-20 19:31:04,628] >> epoch 0/270000, average cost 15.342741
[2017-01-20 19:32:09,509] >> epoch 0/280000, average cost 15.345675
[2017-01-20 19:33:46,645] >> epoch 0/290000, average cost 15.297622
[2017-01-20 19:35:04,075] >> epoch 0/300000, average cost 15.220964
[2017-01-20 19:36:10,077] >> epoch 0/310000, average cost 15.180547
[2017-01-20 19:37:38,051] >> epoch 0/320000, average cost 15.201706
[2017-01-20 19:38:52,223] >> epoch 0/330000, average cost 15.078115
[2017-01-20 19:40:03,189] >> epoch 0/340000, average cost 15.067720
[2017-01-20 19:41:02,336] >> epoch 0/350000, average cost 15.068575
[2017-01-20 19:43:25,419] >> epoch 0/360000, average cost 14.997445
[2017-01-20 19:44:50,958] >> epoch 0/370000, average cost 14.929489
[2017-01-20 19:46:51,518] >> epoch 0/380000, average cost 14.938975
[2017-01-20 19:47:46,033] >> epoch 0/390000, average cost 14.949637
[2017-01-20 19:48:10,037] >> epoch 1/392804, average cost 19.098347
[2017-01-20 19:50:58,196] >> epoch 1/410000, average cost 14.849156
[2017-01-20 19:52:30,413] >> epoch 1/420000, average cost 14.834003
[2017-01-20 19:54:04,042] >> epoch 1/430000, average cost 14.773936
[2017-01-20 19:55:20,421] >> epoch 1/440000, average cost 14.781356
[2017-01-20 19:56:31,035] >> epoch 1/450000, average cost 14.765081
[2017-01-20 19:58:12,291] >> epoch 1/460000, average cost 14.760297
[2017-01-20 19:59:14,581] >> epoch 1/470000, average cost 14.750081
[2017-01-20 20:01:11,334] >> epoch 1/480000, average cost 14.760053
[2017-01-20 20:02:03,939] >> epoch 1/490000, average cost 14.735686
[2017-01-20 20:03:52,813] >> epoch 1/500000, average cost 14.641538
[2017-01-20 20:04:47,767] >> epoch 1/510000, average cost 14.614065
[2017-01-20 20:06:48,800] >> epoch 1/520000, average cost 14.653500
[2017-01-20 20:08:30,452] >> epoch 1/530000, average cost 14.624790
[2017-01-20 20:09:34,703] >> epoch 1/540000, average cost 14.575794
[2017-01-20 20:11:30,498] >> epoch 1/550000, average cost 14.560286
[2017-01-20 20:12:34,427] >> epoch 1/560000, average cost 14.560650
[2017-01-20 20:14:30,300] >> epoch 1/570000, average cost 14.538586
[2017-01-20 20:15:49,374] >> epoch 1/580000, average cost 14.507111
[2017-01-20 20:17:19,777] >> epoch 1/590000, average cost 14.529764
[2017-01-20 20:18:30,308] >> epoch 1/600000, average cost 14.486175
[2017-01-20 20:19:55,173] >> epoch 1/610000, average cost 14.497219
[2017-01-20 20:21:14,441] >> epoch 1/620000, average cost 14.490611
[2017-01-20 20:22:27,226] >> epoch 1/630000, average cost 14.431467
[2017-01-20 20:23:26,850] >> epoch 1/640000, average cost 14.449118
[2017-01-20 20:24:29,020] >> epoch 1/650000, average cost 14.389628
[2017-01-20 20:25:38,110] >> epoch 1/660000, average cost 14.365122
[2017-01-20 20:26:38,051] >> epoch 1/670000, average cost 14.405839
[2017-01-20 20:27:56,775] >> epoch 1/680000, average cost 14.396379
[2017-01-20 20:29:10,014] >> epoch 1/690000, average cost 14.371062
[2017-01-20 20:30:30,371] >> epoch 1/700000, average cost 14.327719
[2017-01-20 20:31:38,245] >> epoch 1/710000, average cost 14.374484
[2017-01-20 20:32:58,989] >> epoch 1/720000, average cost 14.322138
[2017-01-20 20:33:59,607] >> epoch 1/730000, average cost 14.288776
[2017-01-20 20:35:23,859] >> epoch 1/740000, average cost 14.324750
[2017-01-20 20:36:27,291] >> epoch 1/750000, average cost 14.291216
[2017-01-20 20:37:56,250] >> epoch 1/760000, average cost 14.221388
[2017-01-20 20:39:18,244] >> epoch 1/770000, average cost 14.252711
[2017-01-20 20:41:27,622] >> epoch 1/780000, average cost 14.253057
[2017-01-20 20:41:50,808] >> epoch 2/785608, average cost 14.522466
[2017-01-20 20:45:45,792] >> epoch 2/800000, average cost 14.211740
[2017-01-20 20:47:36,246] >> epoch 2/810000, average cost 14.206120
[2017-01-20 20:50:26,380] >> epoch 2/820000, average cost 14.172783
[2017-01-20 20:51:58,885] >> epoch 2/830000, average cost 14.168681
[2017-01-20 20:54:11,772] >> epoch 2/840000, average cost 14.178322
[2017-01-20 20:56:01,180] >> epoch 2/850000, average cost 14.173162
[2017-01-20 20:57:45,737] >> epoch 2/860000, average cost 14.158827
[2017-01-20 20:59:33,140] >> epoch 2/870000, average cost 14.199777
[2017-01-20 21:01:16,712] >> epoch 2/880000, average cost 14.174425
[2017-01-20 21:03:15,334] >> epoch 2/890000, average cost 14.123887
[2017-01-20 21:04:10,882] >> epoch 2/900000, average cost 14.084269
[2017-01-20 21:06:28,222] >> epoch 2/910000, average cost 14.099715
[2017-01-20 21:07:47,953] >> epoch 2/920000, average cost 14.114223
[2017-01-20 21:09:41,077] >> epoch 2/930000, average cost 14.063622
[2017-01-20 21:10:39,158] >> epoch 2/940000, average cost 14.049197
[2017-01-20 21:12:48,031] >> epoch 2/950000, average cost 14.066200
[2017-01-20 21:14:05,045] >> epoch 2/960000, average cost 14.031837
[2017-01-20 21:15:35,729] >> epoch 2/970000, average cost 14.027593
[2017-01-20 21:16:51,409] >> epoch 2/980000, average cost 14.024598
[2017-01-20 21:18:39,925] >> epoch 2/990000, average cost 14.013156
[2017-01-20 21:19:42,214] >> epoch 2/1000000, average cost 14.009311
[2017-01-20 21:21:56,375] >> epoch 2/1010000, average cost 14.006628
[2017-01-20 21:23:24,396] >> epoch 2/1020000, average cost 13.965014
[2017-01-20 21:25:29,212] >> epoch 2/1030000, average cost 13.999692
[2017-01-20 21:27:08,895] >> epoch 2/1040000, average cost 13.944550
[2017-01-20 21:28:34,789] >> epoch 2/1050000, average cost 13.909277
[2017-01-20 21:30:53,572] >> epoch 2/1060000, average cost 13.935834
[2017-01-20 21:32:15,660] >> epoch 2/1070000, average cost 13.959384
[2017-01-20 21:33:37,448] >> epoch 2/1080000, average cost 13.938915
[2017-01-20 21:34:53,140] >> epoch 2/1090000, average cost 13.887128
[2017-01-20 21:36:14,595] >> epoch 2/1100000, average cost 13.914790
[2017-01-20 21:37:36,325] >> epoch 2/1110000, average cost 13.923187
[2017-01-20 21:39:38,034] >> epoch 2/1120000, average cost 13.854023
[2017-01-20 21:40:44,752] >> epoch 2/1130000, average cost 13.897116
[2017-01-20 21:41:51,742] >> epoch 2/1140000, average cost 13.882940
[2017-01-20 21:42:44,487] >> epoch 2/1150000, average cost 13.810187
[2017-01-20 21:44:21,871] >> epoch 2/1160000, average cost 13.827099
[2017-01-20 21:46:25,299] >> epoch 2/1170000, average cost 13.821622
[2017-01-20 21:46:58,925] >> epoch 3/1178412, average cost 14.020756
[2017-01-20 21:49:08,865] >> epoch 3/1190000, average cost 13.795265
[2017-01-20 21:52:01,883] >> epoch 3/1200000, average cost 13.798561
[2017-01-20 21:53:11,130] >> epoch 3/1210000, average cost 13.786573
[2017-01-20 21:56:08,432] >> epoch 3/1220000, average cost 13.760113
[2017-01-20 21:58:01,233] >> epoch 3/1230000, average cost 13.781833
[2017-01-20 22:00:06,713] >> epoch 3/1240000, average cost 13.768900
[2017-01-20 22:01:18,850] >> epoch 3/1250000, average cost 13.752408
[2017-01-20 22:02:33,530] >> epoch 3/1260000, average cost 13.811991
[2017-01-20 22:03:57,007] >> epoch 3/1270000, average cost 13.782518
[2017-01-20 22:05:04,748] >> epoch 3/1280000, average cost 13.760822
[2017-01-20 22:06:27,802] >> epoch 3/1290000, average cost 13.696352
[2017-01-20 22:07:43,905] >> epoch 3/1300000, average cost 13.702577
[2017-01-20 22:08:59,901] >> epoch 3/1310000, average cost 13.733846
[2017-01-20 22:10:19,264] >> epoch 3/1320000, average cost 13.686144
[2017-01-20 22:11:54,363] >> epoch 3/1330000, average cost 13.671653
[2017-01-20 22:12:59,309] >> epoch 3/1340000, average cost 13.680170
[2017-01-20 22:15:08,200] >> epoch 3/1350000, average cost 13.653539
[2017-01-20 22:16:29,187] >> epoch 3/1360000, average cost 13.659202
[2017-01-20 22:18:24,461] >> epoch 3/1370000, average cost 13.634362
[2017-01-20 22:20:00,240] >> epoch 3/1380000, average cost 13.650100
[2017-01-20 22:21:55,271] >> epoch 3/1390000, average cost 13.624522
[2017-01-20 22:23:41,956] >> epoch 3/1400000, average cost 13.625244
[2017-01-20 22:25:15,775] >> epoch 3/1410000, average cost 13.619156
[2017-01-20 22:27:26,315] >> epoch 3/1420000, average cost 13.608171
[2017-01-20 22:28:37,523] >> epoch 3/1430000, average cost 13.577824
[2017-01-20 22:30:25,173] >> epoch 3/1440000, average cost 13.540534
[2017-01-20 22:31:37,000] >> epoch 3/1450000, average cost 13.547484
[2017-01-20 22:33:06,155] >> epoch 3/1460000, average cost 13.585671
[2017-01-20 22:34:23,185] >> epoch 3/1470000, average cost 13.567122
[2017-01-20 22:35:39,561] >> epoch 3/1480000, average cost 13.517884
[2017-01-20 22:36:53,577] >> epoch 3/1490000, average cost 13.520077
[2017-01-20 22:38:27,234] >> epoch 3/1500000, average cost 13.564294
[2017-01-20 22:39:43,467] >> epoch 3/1510000, average cost 13.476739
[2017-01-20 22:41:30,447] >> epoch 3/1520000, average cost 13.510792
[2017-01-20 22:42:42,730] >> epoch 3/1530000, average cost 13.516200
[2017-01-20 22:43:40,634] >> epoch 3/1540000, average cost 13.455447
[2017-01-20 22:45:13,637] >> epoch 3/1550000, average cost 13.436391
[2017-01-20 22:46:18,272] >> epoch 3/1560000, average cost 13.455806
[2017-01-20 22:47:44,259] >> epoch 3/1570000, average cost 13.495022
[2017-01-20 22:47:48,634] >> epoch 4/1571216, average cost 13.636214
[2017-01-20 22:51:51,903] >> epoch 4/1590000, average cost 13.424388
[2017-01-20 22:54:23,040] >> epoch 4/1600000, average cost 13.431359
[2017-01-20 22:56:21,427] >> epoch 4/1610000, average cost 13.385069
[2017-01-20 22:58:39,964] >> epoch 4/1620000, average cost 13.416961
[2017-01-20 23:00:28,486] >> epoch 4/1630000, average cost 13.400586
[2017-01-20 23:01:38,845] >> epoch 4/1640000, average cost 13.405790
[2017-01-20 23:03:24,285] >> epoch 4/1650000, average cost 13.430983
[2017-01-20 23:04:44,875] >> epoch 4/1660000, average cost 13.426653
[2017-01-20 23:06:06,126] >> epoch 4/1670000, average cost 13.423316
[2017-01-20 23:07:31,621] >> epoch 4/1680000, average cost 13.343043
[2017-01-20 23:09:36,360] >> epoch 4/1690000, average cost 13.335867
[2017-01-20 23:10:50,078] >> epoch 4/1700000, average cost 13.383731
[2017-01-20 23:12:37,556] >> epoch 4/1710000, average cost 13.349458
[2017-01-20 23:13:52,801] >> epoch 4/1720000, average cost 13.321394
[2017-01-20 23:15:26,289] >> epoch 4/1730000, average cost 13.321681
[2017-01-20 23:16:35,877] >> epoch 4/1740000, average cost 13.320770
[2017-01-20 23:18:15,775] >> epoch 4/1750000, average cost 13.322483
[2017-01-20 23:19:20,790] >> epoch 4/1760000, average cost 13.287362
[2017-01-20 23:21:31,189] >> epoch 4/1770000, average cost 13.328766
[2017-01-20 23:22:57,149] >> epoch 4/1780000, average cost 13.289275
[2017-01-20 23:23:56,202] >> epoch 4/1790000, average cost 13.300287
[2017-01-20 23:25:22,892] >> epoch 4/1800000, average cost 13.302127
[2017-01-20 23:26:26,441] >> epoch 4/1810000, average cost 13.266503
[2017-01-20 23:27:51,168] >> epoch 4/1820000, average cost 13.271504
[2017-01-20 23:29:15,799] >> epoch 4/1830000, average cost 13.229343
[2017-01-20 23:30:38,980] >> epoch 4/1840000, average cost 13.226758
[2017-01-20 23:32:11,171] >> epoch 4/1850000, average cost 13.269811
[2017-01-20 23:34:12,422] >> epoch 4/1860000, average cost 13.257140
[2017-01-20 23:35:05,264] >> epoch 4/1870000, average cost 13.226556
[2017-01-20 23:36:32,733] >> epoch 4/1880000, average cost 13.215896
[2017-01-20 23:37:44,665] >> epoch 4/1890000, average cost 13.266006
[2017-01-20 23:40:07,445] >> epoch 4/1900000, average cost 13.198031
[2017-01-20 23:41:49,554] >> epoch 4/1910000, average cost 13.197555
[2017-01-20 23:43:04,705] >> epoch 4/1920000, average cost 13.231233
[2017-01-20 23:44:05,527] >> epoch 4/1930000, average cost 13.193972
[2017-01-20 23:44:57,191] >> epoch 4/1940000, average cost 13.138650
[2017-01-20 23:46:25,704] >> epoch 4/1950000, average cost 13.176070
[2017-01-20 23:47:34,983] >> epoch 4/1960000, average cost 13.193180
[2017-01-20 23:48:02,592] >> epoch 5/1964020, average cost 13.304414
[2017-01-20 23:50:02,511] >> epoch 5/1980000, average cost 13.155301
[2017-01-20 23:51:11,920] >> epoch 5/1990000, average cost 13.156531
[2017-01-20 23:52:18,606] >> epoch 5/2000000, average cost 13.120548
[2017-01-20 23:52:18,610] >> epoch 6/2000000, average cost 13.142390
[2017-01-20 23:52:18,614] >> Training finished in 4:59:26.295178
[2017-01-20 23:53:23,741] >> Loading model
[2017-01-20 23:53:23,998] >> Loading datasets
[2017-01-20 23:53:24,013] >> Reconstruction training started with arguments:
{'activation_noise': None,
 'adadelta': False,
 'adadelta_epsilon': '1e-6',
 'adadelta_rho': '0.95',
 'adagrad': False,
 'adagrad_decay': False,
 'batch_size': 128,
 'ce_sparsity': 0.01,
 'ce_sparsity_weight': 0.0,
 'compound': False,
 'corruption_level': 0.2,
 'datasets': (DatasetContainer [PFileStreamDataset@/export/data1/data/ddraper/train.split.pfile],
              DatasetContainer [],
              DatasetContainer []),
 'epochs': 50,
 'fix_layers': [],
 'graph': False,
 'hooks': [],
 'l1_reg': '0.0',
 'l2_reg': '0.0',
 'layer_args': {1: {}},
 'layers': [2],
 'learning_rate': '0.01',
 'loss': 'crossentropy',
 'minibatches': 2000000,
 'momentum': '',
 'noise': 'mask',
 'sparsity': 0.05,
 'sparsity_weight': 0.0,
 'validate': False,
 'verbosity': 1,
 'warn': False}
[2017-01-20 23:53:24,013] >> Reconstruction training started with da:
{'hidden_activation': u'sigmoid',
 'n_hidden': 800,
 'n_visible': 1000,
 'tied_weights': True,
 'visible_activation': u'sigmoid'}
[2017-01-20 23:53:24,013] >> Compiling theano graph
ERROR (theano.sandbox.cuda): ERROR: Not using GPU. Initialisation of device 1 failed:
Bad device number 1. Only 1 devices available.
Using gpu device 0: Tesla M2075 (CNMeM is disabled, cuDNN not available)
[2017-01-20 23:54:35,994] >> Training started
[2017-01-20 23:55:33,644] >> epoch 0/10000, average cost 261.246338
[2017-01-20 23:56:45,100] >> epoch 0/20000, average cost 256.161713
[2017-01-20 23:57:48,723] >> epoch 0/30000, average cost 255.548157
[2017-01-20 23:58:55,192] >> epoch 0/40000, average cost 254.796143
[2017-01-20 23:59:52,376] >> epoch 0/50000, average cost 254.991745
[2017-01-21 00:01:38,111] >> epoch 0/60000, average cost 254.719696
[2017-01-21 00:02:26,149] >> epoch 0/70000, average cost 254.803406
[2017-01-21 00:03:52,088] >> epoch 0/80000, average cost 255.024597
[2017-01-21 00:04:56,884] >> epoch 0/90000, average cost 254.796951
[2017-01-21 00:06:07,431] >> epoch 0/100000, average cost 254.624222
[2017-01-21 00:07:06,248] >> epoch 0/110000, average cost 254.130920
[2017-01-21 00:08:16,692] >> epoch 0/120000, average cost 254.385056
[2017-01-21 00:09:15,956] >> epoch 0/130000, average cost 254.650269
[2017-01-21 00:10:33,236] >> epoch 0/140000, average cost 254.050995
[2017-01-21 00:11:49,240] >> epoch 0/150000, average cost 254.114944
[2017-01-21 00:12:58,587] >> epoch 0/160000, average cost 254.069168
[2017-01-21 00:14:27,599] >> epoch 0/170000, average cost 253.954025
[2017-01-21 00:15:22,432] >> epoch 0/180000, average cost 254.267426
[2017-01-21 00:16:45,581] >> epoch 0/190000, average cost 254.158707
[2017-01-21 00:18:06,652] >> epoch 0/200000, average cost 254.567947
[2017-01-21 00:19:49,046] >> epoch 0/210000, average cost 254.390747
[2017-01-21 00:20:44,570] >> epoch 0/220000, average cost 254.084702
[2017-01-21 00:22:54,458] >> epoch 0/230000, average cost 254.232620
[2017-01-21 00:24:19,416] >> epoch 0/240000, average cost 254.186554
[2017-01-21 00:25:44,768] >> epoch 0/250000, average cost 254.090652
[2017-01-21 00:27:00,201] >> epoch 0/260000, average cost 253.869354
[2017-01-21 00:29:09,442] >> epoch 0/270000, average cost 253.704697
[2017-01-21 00:30:18,336] >> epoch 0/280000, average cost 254.248398
[2017-01-21 00:31:58,732] >> epoch 0/290000, average cost 254.175644
[2017-01-21 00:33:16,773] >> epoch 0/300000, average cost 253.930099
[2017-01-21 00:34:36,974] >> epoch 0/310000, average cost 253.963943
[2017-01-21 00:36:31,617] >> epoch 0/320000, average cost 254.443497
[2017-01-21 00:37:26,328] >> epoch 0/330000, average cost 253.470306
[2017-01-21 00:39:40,670] >> epoch 0/340000, average cost 253.872955
[2017-01-21 00:41:07,358] >> epoch 0/350000, average cost 254.186157
[2017-01-21 00:43:08,796] >> epoch 0/360000, average cost 253.673553
[2017-01-21 00:44:15,808] >> epoch 0/370000, average cost 253.491226
[2017-01-21 00:45:50,767] >> epoch 0/380000, average cost 253.585754
[2017-01-21 00:47:18,005] >> epoch 0/390000, average cost 254.102219
[2017-01-21 00:47:28,518] >> epoch 1/392804, average cost 254.477859
[2017-01-21 00:51:26,663] >> epoch 1/410000, average cost 253.849625
[2017-01-21 00:54:14,797] >> epoch 1/420000, average cost 253.951355
[2017-01-21 00:55:59,863] >> epoch 1/430000, average cost 253.502777
[2017-01-21 00:58:33,149] >> epoch 1/440000, average cost 254.040695
[2017-01-21 00:59:56,353] >> epoch 1/450000, average cost 253.748199
[2017-01-21 01:02:11,761] >> epoch 1/460000, average cost 254.140656
[2017-01-21 01:03:16,540] >> epoch 1/470000, average cost 254.123169
[2017-01-21 01:05:08,476] >> epoch 1/480000, average cost 254.382507
[2017-01-21 01:06:11,432] >> epoch 1/490000, average cost 254.057556
[2017-01-21 01:07:54,818] >> epoch 1/500000, average cost 253.631744
[2017-01-21 01:09:00,911] >> epoch 1/510000, average cost 253.681549
[2017-01-21 01:11:27,980] >> epoch 1/520000, average cost 254.207123
[2017-01-21 01:13:26,417] >> epoch 1/530000, average cost 253.655807
[2017-01-21 01:14:55,292] >> epoch 1/540000, average cost 253.747131
[2017-01-21 01:17:17,041] >> epoch 1/550000, average cost 253.525330
[2017-01-21 01:18:22,495] >> epoch 1/560000, average cost 253.706223
[2017-01-21 01:20:20,660] >> epoch 1/570000, average cost 253.618179
[2017-01-21 01:21:15,400] >> epoch 1/580000, average cost 253.917297
[2017-01-21 01:22:17,667] >> epoch 1/590000, average cost 254.131943
[2017-01-21 01:23:09,677] >> epoch 1/600000, average cost 254.051544
[2017-01-21 01:24:56,319] >> epoch 1/610000, average cost 253.757874
[2017-01-21 01:25:54,198] >> epoch 1/620000, average cost 253.902969
[2017-01-21 01:27:49,969] >> epoch 1/630000, average cost 253.744995
[2017-01-21 01:28:56,859] >> epoch 1/640000, average cost 253.894852
[2017-01-21 01:30:21,579] >> epoch 1/650000, average cost 253.552155
[2017-01-21 01:31:55,661] >> epoch 1/660000, average cost 253.368149
[2017-01-21 01:33:20,979] >> epoch 1/670000, average cost 253.783752
[2017-01-21 01:35:26,451] >> epoch 1/680000, average cost 253.952545
[2017-01-21 01:36:19,503] >> epoch 1/690000, average cost 253.726105
[2017-01-21 01:37:45,874] >> epoch 1/700000, average cost 253.532043
[2017-01-21 01:38:48,574] >> epoch 1/710000, average cost 254.152054
[2017-01-21 01:40:49,701] >> epoch 1/720000, average cost 253.490173
[2017-01-21 01:42:18,797] >> epoch 1/730000, average cost 253.350800
[2017-01-21 01:43:38,165] >> epoch 1/740000, average cost 253.921356
[2017-01-21 01:44:36,548] >> epoch 1/750000, average cost 253.588074
[2017-01-21 01:46:09,157] >> epoch 1/760000, average cost 253.170273
[2017-01-21 01:47:13,862] >> epoch 1/770000, average cost 253.384918
[2017-01-21 01:48:48,553] >> epoch 1/780000, average cost 253.542480
[2017-01-21 01:49:13,827] >> epoch 2/785608, average cost 253.777023
[2017-01-21 01:52:29,465] >> epoch 2/800000, average cost 253.700897
[2017-01-21 01:54:05,243] >> epoch 2/810000, average cost 253.558899
[2017-01-21 01:56:37,197] >> epoch 2/820000, average cost 253.391495
[2017-01-21 01:58:12,791] >> epoch 2/830000, average cost 253.715454
[2017-01-21 02:00:33,694] >> epoch 2/840000, average cost 253.554657
[2017-01-21 02:02:04,712] >> epoch 2/850000, average cost 253.917770
[2017-01-21 02:04:15,399] >> epoch 2/860000, average cost 253.766144
[2017-01-21 02:05:22,218] >> epoch 2/870000, average cost 254.328049
[2017-01-21 02:06:47,717] >> epoch 2/880000, average cost 253.774551
[2017-01-21 02:08:09,704] >> epoch 2/890000, average cost 253.621948
[2017-01-21 02:09:30,040] >> epoch 2/900000, average cost 253.438370
[2017-01-21 02:11:02,416] >> epoch 2/910000, average cost 253.924652
[2017-01-21 02:12:17,195] >> epoch 2/920000, average cost 253.634018
[2017-01-21 02:14:21,711] >> epoch 2/930000, average cost 253.535843
[2017-01-21 02:15:44,112] >> epoch 2/940000, average cost 253.361099
[2017-01-21 02:17:20,608] >> epoch 2/950000, average cost 253.595749
[2017-01-21 02:18:37,366] >> epoch 2/960000, average cost 253.280930
[2017-01-21 02:20:19,918] >> epoch 2/970000, average cost 253.878693
[2017-01-21 02:21:27,640] >> epoch 2/980000, average cost 253.786926
[2017-01-21 02:22:27,453] >> epoch 2/990000, average cost 253.896347
[2017-01-21 02:23:35,248] >> epoch 2/1000000, average cost 253.706802
[2017-01-21 02:24:34,455] >> epoch 2/1010000, average cost 253.670700
[2017-01-21 02:25:29,539] >> epoch 2/1020000, average cost 253.582748
[2017-01-21 02:27:35,263] >> epoch 2/1030000, average cost 253.811005
[2017-01-21 02:29:19,839] >> epoch 2/1040000, average cost 253.482193
[2017-01-21 02:30:39,308] >> epoch 2/1050000, average cost 253.300125
[2017-01-21 02:32:33,053] >> epoch 2/1060000, average cost 253.398895
[2017-01-21 02:34:25,262] >> epoch 2/1070000, average cost 253.881195
[2017-01-21 02:36:09,354] >> epoch 2/1080000, average cost 253.667328
[2017-01-21 02:37:22,384] >> epoch 2/1090000, average cost 253.383423
[2017-01-21 02:38:44,422] >> epoch 2/1100000, average cost 253.809128
[2017-01-21 02:40:08,263] >> epoch 2/1110000, average cost 253.692444
[2017-01-21 02:42:32,000] >> epoch 2/1120000, average cost 253.054871
[2017-01-21 02:43:57,623] >> epoch 2/1130000, average cost 253.749527
[2017-01-21 02:46:06,378] >> epoch 2/1140000, average cost 253.609497
[2017-01-21 02:47:20,915] >> epoch 2/1150000, average cost 253.046082
[2017-01-21 02:48:56,913] >> epoch 2/1160000, average cost 253.258972
[2017-01-21 02:51:09,247] >> epoch 2/1170000, average cost 253.142502
[2017-01-21 02:51:42,022] >> epoch 3/1178412, average cost 253.608917
[2017-01-21 02:54:19,669] >> epoch 3/1190000, average cost 253.510620
[2017-01-21 02:57:10,613] >> epoch 3/1200000, average cost 253.326080
[2017-01-21 02:58:50,136] >> epoch 3/1210000, average cost 253.477829
[2017-01-21 03:01:45,551] >> epoch 3/1220000, average cost 253.357407
[2017-01-21 03:03:08,644] >> epoch 3/1230000, average cost 253.571747
[2017-01-21 03:04:58,217] >> epoch 3/1240000, average cost 253.661545
[2017-01-21 03:06:02,564] >> epoch 3/1250000, average cost 253.615799
[2017-01-21 03:07:23,959] >> epoch 3/1260000, average cost 254.167725
[2017-01-21 03:08:53,031] >> epoch 3/1270000, average cost 253.753845
[2017-01-21 03:09:41,107] >> epoch 3/1280000, average cost 253.679520
[2017-01-21 03:11:17,021] >> epoch 3/1290000, average cost 253.302597
[2017-01-21 03:12:08,943] >> epoch 3/1300000, average cost 253.676346
[2017-01-21 03:13:29,384] >> epoch 3/1310000, average cost 253.754425
[2017-01-21 03:14:32,273] >> epoch 3/1320000, average cost 253.327301
[2017-01-21 03:16:24,924] >> epoch 3/1330000, average cost 253.321854
[2017-01-21 03:17:15,299] >> epoch 3/1340000, average cost 253.438248
[2017-01-21 03:19:23,294] >> epoch 3/1350000, average cost 253.207626
[2017-01-21 03:21:04,557] >> epoch 3/1360000, average cost 253.709244
[2017-01-21 03:22:14,936] >> epoch 3/1370000, average cost 253.513977
[2017-01-21 03:23:09,699] >> epoch 3/1380000, average cost 253.866257
[2017-01-21 03:24:32,583] >> epoch 3/1390000, average cost 253.710022
[2017-01-21 03:25:56,775] >> epoch 3/1400000, average cost 253.491226
[2017-01-21 03:27:03,327] >> epoch 3/1410000, average cost 253.604828
[2017-01-21 03:28:33,604] >> epoch 3/1420000, average cost 253.650299
[2017-01-21 03:29:44,685] >> epoch 3/1430000, average cost 253.457428
[2017-01-21 03:31:07,698] >> epoch 3/1440000, average cost 253.257156
[2017-01-21 03:32:27,016] >> epoch 3/1450000, average cost 253.184753
[2017-01-21 03:34:51,266] >> epoch 3/1460000, average cost 253.743103
[2017-01-21 03:36:03,644] >> epoch 3/1470000, average cost 253.612503
[2017-01-21 03:37:24,379] >> epoch 3/1480000, average cost 253.345779
[2017-01-21 03:38:23,686] >> epoch 3/1490000, average cost 253.525253
[2017-01-21 03:40:10,571] >> epoch 3/1500000, average cost 253.819946
[2017-01-21 03:41:31,967] >> epoch 3/1510000, average cost 252.923325
[2017-01-21 03:43:42,382] >> epoch 3/1520000, average cost 253.522842
[2017-01-21 03:44:54,260] >> epoch 3/1530000, average cost 253.672119
[2017-01-21 03:46:23,541] >> epoch 3/1540000, average cost 253.068222
[2017-01-21 03:48:19,602] >> epoch 3/1550000, average cost 253.072403
[2017-01-21 03:49:20,610] >> epoch 3/1560000, average cost 253.104568
[2017-01-21 03:51:05,189] >> epoch 3/1570000, average cost 253.758331
[2017-01-21 03:51:09,554] >> epoch 4/1571216, average cost 253.504745
[2017-01-21 03:55:20,404] >> epoch 4/1590000, average cost 253.281570
[2017-01-21 03:56:25,328] >> epoch 4/1600000, average cost 253.536957
[2017-01-21 03:57:20,963] >> epoch 4/1610000, average cost 253.066269
[2017-01-21 03:58:21,148] >> epoch 4/1620000, average cost 253.643356
[2017-01-21 03:59:41,582] >> epoch 4/1630000, average cost 253.382904
[2017-01-21 04:00:43,373] >> epoch 4/1640000, average cost 253.716797
[2017-01-21 04:02:01,455] >> epoch 4/1650000, average cost 253.820648
[2017-01-21 04:02:59,779] >> epoch 4/1660000, average cost 253.880051
[2017-01-21 04:04:28,433] >> epoch 4/1670000, average cost 253.655548
[2017-01-21 04:05:31,801] >> epoch 4/1680000, average cost 253.217621
[2017-01-21 04:06:54,176] >> epoch 4/1690000, average cost 253.409225
[2017-01-21 04:07:59,784] >> epoch 4/1700000, average cost 253.808044
[2017-01-21 04:09:24,137] >> epoch 4/1710000, average cost 253.221802
[2017-01-21 04:10:34,681] >> epoch 4/1720000, average cost 253.344223
[2017-01-21 04:12:05,642] >> epoch 4/1730000, average cost 253.234619
[2017-01-21 04:13:28,213] >> epoch 4/1740000, average cost 253.228729
[2017-01-21 04:15:46,338] >> epoch 4/1750000, average cost 253.423599
[2017-01-21 04:16:55,615] >> epoch 4/1760000, average cost 253.429443
[2017-01-21 04:18:47,342] >> epoch 4/1770000, average cost 253.880493
[2017-01-21 04:20:28,222] >> epoch 4/1780000, average cost 253.708893
[2017-01-21 04:21:25,668] >> epoch 4/1790000, average cost 253.389328
[2017-01-21 04:23:41,020] >> epoch 4/1800000, average cost 253.574203
[2017-01-21 04:25:08,346] >> epoch 4/1810000, average cost 253.447830
[2017-01-21 04:26:32,042] >> epoch 4/1820000, average cost 253.504257
[2017-01-21 04:28:06,956] >> epoch 4/1830000, average cost 253.209625
[2017-01-21 04:30:09,197] >> epoch 4/1840000, average cost 253.072800
[2017-01-21 04:31:35,562] >> epoch 4/1850000, average cost 253.554321
[2017-01-21 04:33:05,608] >> epoch 4/1860000, average cost 253.583420
[2017-01-21 04:34:17,019] >> epoch 4/1870000, average cost 253.366776
[2017-01-21 04:35:35,807] >> epoch 4/1880000, average cost 253.307846
[2017-01-21 04:37:04,199] >> epoch 4/1890000, average cost 253.885406
[2017-01-21 04:39:10,323] >> epoch 4/1900000, average cost 252.979782
[2017-01-21 04:40:36,434] >> epoch 4/1910000, average cost 253.175049
[2017-01-21 04:42:04,452] >> epoch 4/1920000, average cost 253.642670
[2017-01-21 04:44:17,699] >> epoch 4/1930000, average cost 253.214355
[2017-01-21 04:45:36,506] >> epoch 4/1940000, average cost 252.900223
[2017-01-21 04:46:55,665] >> epoch 4/1950000, average cost 253.075302
[2017-01-21 04:48:18,307] >> epoch 4/1960000, average cost 253.432449
[2017-01-21 04:48:33,292] >> epoch 5/1964020, average cost 253.425034
[2017-01-21 04:52:13,785] >> epoch 5/1980000, average cost 253.391647
[2017-01-21 04:54:00,653] >> epoch 5/1990000, average cost 253.430450
[2017-01-21 04:56:49,009] >> epoch 5/2000000, average cost 253.001877
[2017-01-21 04:56:49,013] >> epoch 6/2000000, average cost 253.229492
[2017-01-21 04:56:50,553] >> Training finished in 5:02:13.021988
[2017-01-21 04:58:21,904] >> Loading model
[2017-01-21 04:58:22,121] >> Loading datasets
[2017-01-21 04:58:22,145] >> Reconstruction training started with arguments:
{'activation_noise': None,
 'adadelta': False,
 'adadelta_epsilon': '1e-6',
 'adadelta_rho': '0.95',
 'adagrad': False,
 'adagrad_decay': False,
 'batch_size': 128,
 'ce_sparsity': 0.01,
 'ce_sparsity_weight': 0.0,
 'compound': False,
 'corruption_level': 0.2,
 'datasets': (DatasetContainer [PFileStreamDataset@/export/data1/data/ddraper/train.split.pfile],
              DatasetContainer [],
              DatasetContainer []),
 'epochs': 50,
 'fix_layers': [],
 'graph': False,
 'hooks': [],
 'l1_reg': '0.0',
 'l2_reg': '0.0',
 'layer_args': {1: {}, 2: {}},
 'layers': [3],
 'learning_rate': '0.01',
 'loss': 'crossentropy',
 'minibatches': 2000000,
 'momentum': '',
 'noise': 'mask',
 'sparsity': 0.05,
 'sparsity_weight': 0.0,
 'validate': False,
 'verbosity': 1,
 'warn': False}
[2017-01-21 04:58:22,145] >> Reconstruction training started with da:
{'hidden_activation': u'sigmoid',
 'n_hidden': 600,
 'n_visible': 800,
 'tied_weights': True,
 'visible_activation': u'sigmoid'}
[2017-01-21 04:58:22,145] >> Compiling theano graph
ERROR (theano.sandbox.cuda): ERROR: Not using GPU. Initialisation of device 1 failed:
Bad device number 1. Only 1 devices available.
Using gpu device 0: Tesla M2075 (CNMeM is disabled, cuDNN not available)
[2017-01-21 04:59:33,687] >> Training started
[2017-01-21 05:00:34,417] >> epoch 0/10000, average cost 398.192657
[2017-01-21 05:03:19,497] >> epoch 0/20000, average cost 390.989899
[2017-01-21 05:05:13,450] >> epoch 0/30000, average cost 389.801239
[2017-01-21 05:07:53,745] >> epoch 0/40000, average cost 389.340698
[2017-01-21 05:09:38,907] >> epoch 0/50000, average cost 389.129059
[2017-01-21 05:12:17,538] >> epoch 0/60000, average cost 388.920135
[2017-01-21 05:13:25,747] >> epoch 0/70000, average cost 388.775330
[2017-01-21 05:15:38,345] >> epoch 0/80000, average cost 388.687561
[2017-01-21 05:16:42,690] >> epoch 0/90000, average cost 388.536713
[2017-01-21 05:18:50,104] >> epoch 0/100000, average cost 388.398254
[2017-01-21 05:19:41,764] >> epoch 0/110000, average cost 388.337952
[2017-01-21 05:21:45,707] >> epoch 0/120000, average cost 388.239868
[2017-01-21 05:23:06,333] >> epoch 0/130000, average cost 388.152252
[2017-01-21 05:24:34,887] >> epoch 0/140000, average cost 388.008789
[2017-01-21 05:26:06,292] >> epoch 0/150000, average cost 387.893860
[2017-01-21 05:27:05,456] >> epoch 0/160000, average cost 387.868958
[2017-01-21 05:29:14,036] >> epoch 0/170000, average cost 387.703003
[2017-01-21 05:30:40,824] >> epoch 0/180000, average cost 387.670715
[2017-01-21 05:32:03,752] >> epoch 0/190000, average cost 387.688446
[2017-01-21 05:33:35,485] >> epoch 0/200000, average cost 387.654144
[2017-01-21 05:35:31,618] >> epoch 0/210000, average cost 387.642639
[2017-01-21 05:36:32,101] >> epoch 0/220000, average cost 387.430237
[2017-01-21 05:37:55,467] >> epoch 0/230000, average cost 387.464935
[2017-01-21 05:38:55,141] >> epoch 0/240000, average cost 387.382538
[2017-01-21 05:40:53,748] >> epoch 0/250000, average cost 387.316711
[2017-01-21 05:42:13,991] >> epoch 0/260000, average cost 387.345001
[2017-01-21 05:43:47,047] >> epoch 0/270000, average cost 387.158508
[2017-01-21 05:45:16,771] >> epoch 0/280000, average cost 387.179260
[2017-01-21 05:47:18,911] >> epoch 0/290000, average cost 387.094635
[2017-01-21 05:48:51,840] >> epoch 0/300000, average cost 387.019836
[2017-01-21 05:49:48,853] >> epoch 0/310000, average cost 387.027100
[2017-01-21 05:51:22,515] >> epoch 0/320000, average cost 386.956055
[2017-01-21 05:52:46,840] >> epoch 0/330000, average cost 386.823608
[2017-01-21 05:54:59,201] >> epoch 0/340000, average cost 386.838287
[2017-01-21 05:56:16,560] >> epoch 0/350000, average cost 386.843231
[2017-01-21 05:57:51,083] >> epoch 0/360000, average cost 386.770111
[2017-01-21 05:59:12,347] >> epoch 0/370000, average cost 386.716766
[2017-01-21 06:01:29,986] >> epoch 0/380000, average cost 386.605103
[2017-01-21 06:02:57,309] >> epoch 0/390000, average cost 386.723480
[2017-01-21 06:03:12,688] >> epoch 1/392804, average cost 388.050842
[2017-01-21 06:05:59,910] >> epoch 1/410000, average cost 386.623138
[2017-01-21 06:07:26,022] >> epoch 1/420000, average cost 386.572723
[2017-01-21 06:08:51,773] >> epoch 1/430000, average cost 386.562347
[2017-01-21 06:10:49,419] >> epoch 1/440000, average cost 386.685852
[2017-01-21 06:12:18,144] >> epoch 1/450000, average cost 386.542114
[2017-01-21 06:14:13,803] >> epoch 1/460000, average cost 386.611603
[2017-01-21 06:15:04,697] >> epoch 1/470000, average cost 386.522064
[2017-01-21 06:17:23,461] >> epoch 1/480000, average cost 386.594360
[2017-01-21 06:18:40,385] >> epoch 1/490000, average cost 386.445709
[2017-01-21 06:20:02,881] >> epoch 1/500000, average cost 386.518707
[2017-01-21 06:21:13,943] >> epoch 1/510000, average cost 386.487335
[2017-01-21 06:22:42,974] >> epoch 1/520000, average cost 386.461548
[2017-01-21 06:24:33,911] >> epoch 1/530000, average cost 386.403351
[2017-01-21 06:25:26,402] >> epoch 1/540000, average cost 386.371765
[2017-01-21 06:27:37,508] >> epoch 1/550000, average cost 386.348206
[2017-01-21 06:28:43,430] >> epoch 1/560000, average cost 386.319855
[2017-01-21 06:29:59,743] >> epoch 1/570000, average cost 386.230438
[2017-01-21 06:31:28,805] >> epoch 1/580000, average cost 386.386200
[2017-01-21 06:33:20,461] >> epoch 1/590000, average cost 386.333191
[2017-01-21 06:34:11,630] >> epoch 1/600000, average cost 386.437469
[2017-01-21 06:36:03,779] >> epoch 1/610000, average cost 386.242310
[2017-01-21 06:37:15,174] >> epoch 1/620000, average cost 386.303528
[2017-01-21 06:38:33,932] >> epoch 1/630000, average cost 386.326660
[2017-01-21 06:39:34,020] >> epoch 1/640000, average cost 386.257111
[2017-01-21 06:41:32,772] >> epoch 1/650000, average cost 386.281494
[2017-01-21 06:42:51,504] >> epoch 1/660000, average cost 386.262054
[2017-01-21 06:44:42,606] >> epoch 1/670000, average cost 386.220612
[2017-01-21 06:46:57,355] >> epoch 1/680000, average cost 386.236786
[2017-01-21 06:47:47,914] >> epoch 1/690000, average cost 386.149536
[2017-01-21 06:49:19,425] >> epoch 1/700000, average cost 386.184296
[2017-01-21 06:50:18,239] >> epoch 1/710000, average cost 386.195160
[2017-01-21 06:52:36,623] >> epoch 1/720000, average cost 386.098663
[2017-01-21 06:54:01,517] >> epoch 1/730000, average cost 386.088135
[2017-01-21 06:56:08,450] >> epoch 1/740000, average cost 386.174835
[2017-01-21 06:57:22,691] >> epoch 1/750000, average cost 386.096069
[2017-01-21 06:58:51,406] >> epoch 1/760000, average cost 386.061615
[2017-01-21 07:00:08,544] >> epoch 1/770000, average cost 386.021057
[2017-01-21 07:02:30,989] >> epoch 1/780000, average cost 386.064331
[2017-01-21 07:02:56,971] >> epoch 2/785608, average cost 386.338837
[2017-01-21 07:05:42,664] >> epoch 2/800000, average cost 386.107239
[2017-01-21 07:06:37,493] >> epoch 2/810000, average cost 386.002747
[2017-01-21 07:07:57,644] >> epoch 2/820000, average cost 386.027435
[2017-01-21 07:09:14,235] >> epoch 2/830000, average cost 386.181641
[2017-01-21 07:11:42,492] >> epoch 2/840000, average cost 386.056732
[2017-01-21 07:13:06,389] >> epoch 2/850000, average cost 386.151733
[2017-01-21 07:14:53,331] >> epoch 2/860000, average cost 386.055450
[2017-01-21 07:15:41,740] >> epoch 2/870000, average cost 386.189911
[2017-01-21 07:17:46,436] >> epoch 2/880000, average cost 385.998901
[2017-01-21 07:19:07,452] >> epoch 2/890000, average cost 386.092163
[2017-01-21 07:20:15,179] >> epoch 2/900000, average cost 386.091736
[2017-01-21 07:21:41,515] >> epoch 2/910000, average cost 386.063812
[2017-01-21 07:22:58,911] >> epoch 2/920000, average cost 386.042694
[2017-01-21 07:24:44,855] >> epoch 2/930000, average cost 386.018158
[2017-01-21 07:25:41,976] >> epoch 2/940000, average cost 385.962036
[2017-01-21 07:27:48,098] >> epoch 2/950000, average cost 385.997040
[2017-01-21 07:29:11,409] >> epoch 2/960000, average cost 385.868103
[2017-01-21 07:30:58,200] >> epoch 2/970000, average cost 386.026093
[2017-01-21 07:31:58,284] >> epoch 2/980000, average cost 385.990540
[2017-01-21 07:34:02,198] >> epoch 2/990000, average cost 386.094238
[2017-01-21 07:35:08,648] >> epoch 2/1000000, average cost 385.965088
[2017-01-21 07:36:38,458] >> epoch 2/1010000, average cost 385.975555
[2017-01-21 07:37:50,385] >> epoch 2/1020000, average cost 386.044922
[2017-01-21 07:39:16,695] >> epoch 2/1030000, average cost 385.938446
[2017-01-21 07:41:12,505] >> epoch 2/1040000, average cost 385.957428
[2017-01-21 07:42:20,632] >> epoch 2/1050000, average cost 386.034851
[2017-01-21 07:44:13,181] >> epoch 2/1060000, average cost 385.907562
[2017-01-21 07:45:29,269] >> epoch 2/1070000, average cost 385.985809
[2017-01-21 07:46:52,819] >> epoch 2/1080000, average cost 385.889862
[2017-01-21 07:48:04,710] >> epoch 2/1090000, average cost 385.915955
[2017-01-21 07:49:18,812] >> epoch 2/1100000, average cost 385.952698
[2017-01-21 07:50:42,367] >> epoch 2/1110000, average cost 385.860199
[2017-01-21 07:52:59,228] >> epoch 2/1120000, average cost 385.829926
[2017-01-21 07:54:10,238] >> epoch 2/1130000, average cost 385.927551
[2017-01-21 07:55:45,146] >> epoch 2/1140000, average cost 385.851501
[2017-01-21 07:57:06,863] >> epoch 2/1150000, average cost 385.835754
[2017-01-21 07:58:31,217] >> epoch 2/1160000, average cost 385.827209
[2017-01-21 08:00:02,197] >> epoch 2/1170000, average cost 385.766693
[2017-01-21 08:00:38,977] >> epoch 3/1178412, average cost 385.987427
[2017-01-21 08:02:32,571] >> epoch 3/1190000, average cost 385.885101
[2017-01-21 08:04:03,615] >> epoch 3/1200000, average cost 385.771729
[2017-01-21 08:04:56,114] >> epoch 3/1210000, average cost 385.822479
[2017-01-21 08:06:12,291] >> epoch 3/1220000, average cost 385.915985
[2017-01-21 08:07:11,442] >> epoch 3/1230000, average cost 385.886414
[2017-01-21 08:08:23,715] >> epoch 3/1240000, average cost 385.929413
[2017-01-21 08:09:16,196] >> epoch 3/1250000, average cost 385.861664
[2017-01-21 08:10:20,908] >> epoch 3/1260000, average cost 385.962463
[2017-01-21 08:11:34,911] >> epoch 3/1270000, average cost 385.840149
[2017-01-21 08:12:24,860] >> epoch 3/1280000, average cost 385.888794
[2017-01-21 08:13:35,996] >> epoch 3/1290000, average cost 385.901062
[2017-01-21 08:14:40,129] >> epoch 3/1300000, average cost 385.880280
[2017-01-21 08:15:56,224] >> epoch 3/1310000, average cost 385.874359
[2017-01-21 08:16:50,779] >> epoch 3/1320000, average cost 385.828766
[2017-01-21 08:18:15,014] >> epoch 3/1330000, average cost 385.777161
[2017-01-21 08:19:45,313] >> epoch 3/1340000, average cost 385.829987
[2017-01-21 08:21:53,451] >> epoch 3/1350000, average cost 385.714569
[2017-01-21 08:23:16,864] >> epoch 3/1360000, average cost 385.792847
[2017-01-21 08:24:41,017] >> epoch 3/1370000, average cost 385.826294
[2017-01-21 08:26:07,850] >> epoch 3/1380000, average cost 385.872192
[2017-01-21 08:28:00,296] >> epoch 3/1390000, average cost 385.866730
[2017-01-21 08:29:39,959] >> epoch 3/1400000, average cost 385.765839
[2017-01-21 08:30:58,104] >> epoch 3/1410000, average cost 385.852386
[2017-01-21 08:33:00,864] >> epoch 3/1420000, average cost 385.790619
[2017-01-21 08:34:02,531] >> epoch 3/1430000, average cost 385.798157
[2017-01-21 08:35:48,114] >> epoch 3/1440000, average cost 385.887665
[2017-01-21 08:37:12,021] >> epoch 3/1450000, average cost 385.737946
[2017-01-21 08:39:28,146] >> epoch 3/1460000, average cost 385.815948
[2017-01-21 08:40:49,499] >> epoch 3/1470000, average cost 385.751587
[2017-01-21 08:42:01,482] >> epoch 3/1480000, average cost 385.747467
[2017-01-21 08:42:57,587] >> epoch 3/1490000, average cost 385.799744
[2017-01-21 08:44:33,880] >> epoch 3/1500000, average cost 385.724609
[2017-01-21 08:46:08,661] >> epoch 3/1510000, average cost 385.666687
[2017-01-21 08:48:30,278] >> epoch 3/1520000, average cost 385.751709
[2017-01-21 08:49:55,259] >> epoch 3/1530000, average cost 385.729156
[2017-01-21 08:51:52,560] >> epoch 3/1540000, average cost 385.712006
[2017-01-21 08:53:18,980] >> epoch 3/1550000, average cost 385.702942
[2017-01-21 08:54:35,797] >> epoch 3/1560000, average cost 385.604889
[2017-01-21 08:55:57,491] >> epoch 3/1570000, average cost 385.788177
[2017-01-21 08:56:01,723] >> epoch 4/1571216, average cost 385.809418
[2017-01-21 09:00:20,840] >> epoch 4/1590000, average cost 385.665009
[2017-01-21 09:03:05,333] >> epoch 4/1600000, average cost 385.696106
[2017-01-21 09:04:56,942] >> epoch 4/1610000, average cost 385.719482
[2017-01-21 09:07:49,218] >> epoch 4/1620000, average cost 385.821045
[2017-01-21 09:09:31,400] >> epoch 4/1630000, average cost 385.738983
[2017-01-21 09:10:39,577] >> epoch 4/1640000, average cost 385.782013
[2017-01-21 09:11:58,022] >> epoch 4/1650000, average cost 385.766510
[2017-01-21 09:13:34,226] >> epoch 4/1660000, average cost 385.795288
[2017-01-21 09:14:50,816] >> epoch 4/1670000, average cost 385.714905
[2017-01-21 09:16:07,800] >> epoch 4/1680000, average cost 385.787476
[2017-01-21 09:17:49,229] >> epoch 4/1690000, average cost 385.772003
[2017-01-21 09:19:39,899] >> epoch 4/1700000, average cost 385.752747
[2017-01-21 09:21:29,559] >> epoch 4/1710000, average cost 385.710236
[2017-01-21 09:23:07,268] >> epoch 4/1720000, average cost 385.678436
[2017-01-21 09:24:43,494] >> epoch 4/1730000, average cost 385.702057
[2017-01-21 09:26:13,089] >> epoch 4/1740000, average cost 385.650635
[2017-01-21 09:27:11,588] >> epoch 4/1750000, average cost 385.627441
[2017-01-21 09:28:31,469] >> epoch 4/1760000, average cost 385.744965
[2017-01-21 09:30:03,556] >> epoch 4/1770000, average cost 385.730164
[2017-01-21 09:31:20,890] >> epoch 4/1780000, average cost 385.823547
[2017-01-21 09:32:16,631] >> epoch 4/1790000, average cost 385.636841
[2017-01-21 09:33:49,834] >> epoch 4/1800000, average cost 385.722809
[2017-01-21 09:34:46,812] >> epoch 4/1810000, average cost 385.728943
[2017-01-21 09:36:29,921] >> epoch 4/1820000, average cost 385.696716
[2017-01-21 09:37:29,626] >> epoch 4/1830000, average cost 385.756653
[2017-01-21 09:39:26,748] >> epoch 4/1840000, average cost 385.675049
[2017-01-21 09:40:54,654] >> epoch 4/1850000, average cost 385.693268
[2017-01-21 09:42:55,842] >> epoch 4/1860000, average cost 385.682739
[2017-01-21 09:43:44,278] >> epoch 4/1870000, average cost 385.635956
[2017-01-21 09:45:19,575] >> epoch 4/1880000, average cost 385.679901
[2017-01-21 09:46:24,471] >> epoch 4/1890000, average cost 385.666748
[2017-01-21 09:47:46,761] >> epoch 4/1900000, average cost 385.585846
[2017-01-21 09:49:12,942] >> epoch 4/1910000, average cost 385.605438
[2017-01-21 09:50:38,435] >> epoch 4/1920000, average cost 385.676392
[2017-01-21 09:52:18,861] >> epoch 4/1930000, average cost 385.618408
[2017-01-21 09:53:18,818] >> epoch 4/1940000, average cost 385.601562
[2017-01-21 09:54:43,038] >> epoch 4/1950000, average cost 385.533325
[2017-01-21 09:55:47,070] >> epoch 4/1960000, average cost 385.634186
[2017-01-21 09:56:12,429] >> epoch 5/1964020, average cost 385.698975
[2017-01-21 09:59:19,863] >> epoch 5/1980000, average cost 385.635773
[2017-01-21 10:00:38,341] >> epoch 5/1990000, average cost 385.585754
[2017-01-21 10:03:37,244] >> epoch 5/2000000, average cost 385.598450
[2017-01-21 10:03:38,888] >> epoch 6/2000000, average cost 385.605621
[2017-01-21 10:03:45,030] >> Training finished in 5:04:05.202872
[2017-01-21 10:05:33,608] >> Loading model
[2017-01-21 10:05:33,795] >> Loading datasets
[2017-01-21 10:05:33,802] >> Reconstruction training started with arguments:
{'activation_noise': None,
 'adadelta': False,
 'adadelta_epsilon': '1e-6',
 'adadelta_rho': '0.95',
 'adagrad': False,
 'adagrad_decay': False,
 'batch_size': 128,
 'ce_sparsity': 0.01,
 'ce_sparsity_weight': 0.0,
 'compound': False,
 'corruption_level': 0.2,
 'datasets': (DatasetContainer [PFileStreamDataset@/export/data1/data/ddraper/train.split.pfile],
              DatasetContainer [],
              DatasetContainer []),
 'epochs': 50,
 'fix_layers': [],
 'graph': False,
 'hooks': [],
 'l1_reg': '0.0',
 'l2_reg': '0.0',
 'layer_args': {1: {}, 2: {}, 3: {}},
 'layers': [4],
 'learning_rate': '0.01',
 'loss': 'crossentropy',
 'minibatches': 2000000,
 'momentum': '',
 'noise': 'mask',
 'sparsity': 0.05,
 'sparsity_weight': 0.0,
 'validate': False,
 'verbosity': 1,
 'warn': False}
[2017-01-21 10:05:33,802] >> Reconstruction training started with da:
{'hidden_activation': u'sigmoid',
 'n_hidden': 400,
 'n_visible': 600,
 'tied_weights': True,
 'visible_activation': u'sigmoid'}
[2017-01-21 10:05:33,802] >> Compiling theano graph
ERROR (theano.sandbox.cuda): ERROR: Not using GPU. Initialisation of device 1 failed:
Bad device number 1. Only 1 devices available.
Using gpu device 0: Tesla M2075 (CNMeM is disabled, cuDNN not available)
[2017-01-21 10:07:03,950] >> Training started
[2017-01-21 10:08:40,674] >> epoch 0/10000, average cost 90.597221
[2017-01-21 10:11:13,882] >> epoch 0/20000, average cost 86.136879
[2017-01-21 10:12:48,095] >> epoch 0/30000, average cost 85.631363
[2017-01-21 10:15:10,173] >> epoch 0/40000, average cost 85.143646
[2017-01-21 10:16:56,022] >> epoch 0/50000, average cost 85.288940
[2017-01-21 10:19:15,210] >> epoch 0/60000, average cost 85.168327
[2017-01-21 10:20:23,661] >> epoch 0/70000, average cost 85.225311
[2017-01-21 10:21:55,783] >> epoch 0/80000, average cost 85.418587
[2017-01-21 10:23:17,489] >> epoch 0/90000, average cost 85.237366
[2017-01-21 10:24:46,681] >> epoch 0/100000, average cost 85.021446
[2017-01-21 10:25:51,941] >> epoch 0/110000, average cost 84.665390
[2017-01-21 10:27:47,485] >> epoch 0/120000, average cost 84.814377
[2017-01-21 10:28:47,545] >> epoch 0/130000, average cost 85.026535
[2017-01-21 10:30:48,036] >> epoch 0/140000, average cost 84.552635
[2017-01-21 10:32:21,210] >> epoch 0/150000, average cost 84.542465
[2017-01-21 10:33:21,809] >> epoch 0/160000, average cost 84.533699
[2017-01-21 10:35:08,627] >> epoch 0/170000, average cost 84.397209
[2017-01-21 10:35:53,581] >> epoch 0/180000, average cost 84.610237
[2017-01-21 10:37:38,479] >> epoch 0/190000, average cost 84.526245
[2017-01-21 10:38:37,162] >> epoch 0/200000, average cost 84.804253
[2017-01-21 10:40:14,631] >> epoch 0/210000, average cost 84.662621
[2017-01-21 10:41:29,145] >> epoch 0/220000, average cost 84.498566
[2017-01-21 10:42:56,397] >> epoch 0/230000, average cost 84.558464
[2017-01-21 10:43:55,103] >> epoch 0/240000, average cost 84.486176
[2017-01-21 10:45:34,497] >> epoch 0/250000, average cost 84.385704
[2017-01-21 10:46:55,960] >> epoch 0/260000, average cost 84.248360
[2017-01-21 10:48:56,951] >> epoch 0/270000, average cost 84.114059
[2017-01-21 10:50:08,324] >> epoch 0/280000, average cost 84.514053
[2017-01-21 10:51:41,074] >> epoch 0/290000, average cost 84.451012
[2017-01-21 10:52:58,146] >> epoch 0/300000, average cost 84.254631
[2017-01-21 10:54:12,777] >> epoch 0/310000, average cost 84.222984
[2017-01-21 10:56:19,073] >> epoch 0/320000, average cost 84.626839
[2017-01-21 10:57:48,461] >> epoch 0/330000, average cost 83.826851
[2017-01-21 11:00:14,835] >> epoch 0/340000, average cost 84.070930
[2017-01-21 11:01:34,913] >> epoch 0/350000, average cost 84.397835
[2017-01-21 11:03:00,047] >> epoch 0/360000, average cost 83.972801
[2017-01-21 11:04:21,803] >> epoch 0/370000, average cost 83.780525
[2017-01-21 11:06:06,273] >> epoch 0/380000, average cost 83.955093
[2017-01-21 11:06:57,768] >> epoch 0/390000, average cost 84.293831
[2017-01-21 11:07:30,102] >> epoch 1/392804, average cost 84.781975
[2017-01-21 11:09:46,289] >> epoch 1/410000, average cost 84.103996
[2017-01-21 11:11:39,268] >> epoch 1/420000, average cost 84.113060
[2017-01-21 11:13:16,848] >> epoch 1/430000, average cost 83.792572
[2017-01-21 11:15:48,089] >> epoch 1/440000, average cost 84.168831
[2017-01-21 11:16:58,133] >> epoch 1/450000, average cost 83.948402
[2017-01-21 11:18:26,618] >> epoch 1/460000, average cost 84.268120
[2017-01-21 11:19:34,035] >> epoch 1/470000, average cost 84.253281
[2017-01-21 11:21:08,880] >> epoch 1/480000, average cost 84.465546
[2017-01-21 11:22:09,658] >> epoch 1/490000, average cost 84.133598
[2017-01-21 11:23:42,638] >> epoch 1/500000, average cost 83.879898
[2017-01-21 11:24:38,106] >> epoch 1/510000, average cost 83.853508
[2017-01-21 11:27:02,267] >> epoch 1/520000, average cost 84.273880
[2017-01-21 11:29:04,028] >> epoch 1/530000, average cost 83.887688
[2017-01-21 11:30:03,206] >> epoch 1/540000, average cost 83.849937
[2017-01-21 11:31:39,264] >> epoch 1/550000, average cost 83.779716
[2017-01-21 11:33:08,290] >> epoch 1/560000, average cost 83.821678
[2017-01-21 11:34:30,712] >> epoch 1/570000, average cost 83.763222
[2017-01-21 11:36:02,360] >> epoch 1/580000, average cost 83.988174
[2017-01-21 11:37:20,594] >> epoch 1/590000, average cost 84.142883
[2017-01-21 11:38:05,246] >> epoch 1/600000, average cost 84.060638
[2017-01-21 11:39:47,902] >> epoch 1/610000, average cost 83.911545
[2017-01-21 11:41:15,456] >> epoch 1/620000, average cost 83.995422
[2017-01-21 11:42:38,479] >> epoch 1/630000, average cost 83.818871
[2017-01-21 11:43:48,900] >> epoch 1/640000, average cost 83.907051
[2017-01-21 11:45:45,509] >> epoch 1/650000, average cost 83.724037
[2017-01-21 11:47:16,537] >> epoch 1/660000, average cost 83.552582
[2017-01-21 11:48:28,644] >> epoch 1/670000, average cost 83.865387
[2017-01-21 11:49:44,224] >> epoch 1/680000, average cost 83.970703
[2017-01-21 11:50:34,751] >> epoch 1/690000, average cost 83.804947
[2017-01-21 11:52:03,882] >> epoch 1/700000, average cost 83.631599
[2017-01-21 11:53:16,030] >> epoch 1/710000, average cost 84.085197
[2017-01-21 11:56:18,848] >> epoch 1/720000, average cost 83.605576
[2017-01-21 11:58:05,181] >> epoch 1/730000, average cost 83.392448
[2017-01-21 12:00:31,162] >> epoch 1/740000, average cost 83.893814
[2017-01-21 12:01:44,675] >> epoch 1/750000, average cost 83.640778
[2017-01-21 12:03:12,397] >> epoch 1/760000, average cost 83.286697
[2017-01-21 12:04:40,956] >> epoch 1/770000, average cost 83.485611
[2017-01-21 12:06:59,174] >> epoch 1/780000, average cost 83.640976
[2017-01-21 12:07:27,064] >> epoch 2/785608, average cost 83.889259
[2017-01-21 12:09:27,265] >> epoch 2/800000, average cost 83.710976
[2017-01-21 12:11:06,403] >> epoch 2/810000, average cost 83.585327
[2017-01-21 12:14:02,239] >> epoch 2/820000, average cost 83.426353
[2017-01-21 12:15:09,462] >> epoch 2/830000, average cost 83.662354
[2017-01-21 12:17:32,872] >> epoch 2/840000, average cost 83.536194
[2017-01-21 12:18:53,185] >> epoch 2/850000, average cost 83.832642
[2017-01-21 12:20:49,150] >> epoch 2/860000, average cost 83.735214
[2017-01-21 12:21:37,295] >> epoch 2/870000, average cost 84.175522
[2017-01-21 12:23:33,288] >> epoch 2/880000, average cost 83.666084
[2017-01-21 12:24:56,657] >> epoch 2/890000, average cost 83.612732
[2017-01-21 12:26:10,111] >> epoch 2/900000, average cost 83.439377
[2017-01-21 12:27:36,665] >> epoch 2/910000, average cost 83.791695
[2017-01-21 12:28:41,998] >> epoch 2/920000, average cost 83.626831
[2017-01-21 12:29:57,070] >> epoch 2/930000, average cost 83.467949
[2017-01-21 12:31:18,128] >> epoch 2/940000, average cost 83.394493
[2017-01-21 12:33:41,030] >> epoch 2/950000, average cost 83.502235
[2017-01-21 12:35:03,854] >> epoch 2/960000, average cost 83.303040
[2017-01-21 12:36:02,731] >> epoch 2/970000, average cost 83.705605
[2017-01-21 12:37:08,486] >> epoch 2/980000, average cost 83.663437
[2017-01-21 12:38:24,294] >> epoch 2/990000, average cost 83.704002
[2017-01-21 12:39:15,195] >> epoch 2/1000000, average cost 83.626251
[2017-01-21 12:41:20,519] >> epoch 2/1010000, average cost 83.608940
[2017-01-21 12:42:27,688] >> epoch 2/1020000, average cost 83.485985
[2017-01-21 12:43:57,863] >> epoch 2/1030000, average cost 83.655060
[2017-01-21 12:45:42,065] >> epoch 2/1040000, average cost 83.432976
[2017-01-21 12:46:33,167] >> epoch 2/1050000, average cost 83.270691
[2017-01-21 12:48:20,878] >> epoch 2/1060000, average cost 83.385262
[2017-01-21 12:49:28,198] >> epoch 2/1070000, average cost 83.716888
[2017-01-21 12:50:34,990] >> epoch 2/1080000, average cost 83.571075
[2017-01-21 12:51:33,386] >> epoch 2/1090000, average cost 83.321815
[2017-01-21 12:52:34,234] >> epoch 2/1100000, average cost 83.634537
[2017-01-21 12:53:22,687] >> epoch 2/1110000, average cost 83.571838
[2017-01-21 12:54:38,243] >> epoch 2/1120000, average cost 83.017670
[2017-01-21 12:55:38,893] >> epoch 2/1130000, average cost 83.561432
[2017-01-21 12:56:56,901] >> epoch 2/1140000, average cost 83.471512
[2017-01-21 12:58:07,294] >> epoch 2/1150000, average cost 83.033829
[2017-01-21 12:59:29,170] >> epoch 2/1160000, average cost 83.202232
[2017-01-21 13:00:49,138] >> epoch 2/1170000, average cost 83.180992
[2017-01-21 13:01:18,032] >> epoch 3/1178412, average cost 83.537567
[2017-01-21 13:03:05,070] >> epoch 3/1190000, average cost 83.405045
[2017-01-21 13:05:01,718] >> epoch 3/1200000, average cost 83.269707
[2017-01-21 13:06:40,135] >> epoch 3/1210000, average cost 83.316917
[2017-01-21 13:10:01,662] >> epoch 3/1220000, average cost 83.268532
[2017-01-21 13:12:07,273] >> epoch 3/1230000, average cost 83.386421
[2017-01-21 13:14:59,747] >> epoch 3/1240000, average cost 83.486603
[2017-01-21 13:15:54,043] >> epoch 3/1250000, average cost 83.480034
[2017-01-21 13:18:00,652] >> epoch 3/1260000, average cost 83.898422
[2017-01-21 13:19:23,276] >> epoch 3/1270000, average cost 83.552139
[2017-01-21 13:20:20,684] >> epoch 3/1280000, average cost 83.473946
[2017-01-21 13:21:33,091] >> epoch 3/1290000, average cost 83.202484
[2017-01-21 13:22:38,748] >> epoch 3/1300000, average cost 83.452003
[2017-01-21 13:24:01,697] >> epoch 3/1310000, average cost 83.554962
[2017-01-21 13:25:03,551] >> epoch 3/1320000, average cost 83.221527
[2017-01-21 13:26:18,808] >> epoch 3/1330000, average cost 83.194839
[2017-01-21 13:27:57,502] >> epoch 3/1340000, average cost 83.258827
[2017-01-21 13:30:20,857] >> epoch 3/1350000, average cost 83.096581
[2017-01-21 13:31:45,309] >> epoch 3/1360000, average cost 83.441673
[2017-01-21 13:33:26,079] >> epoch 3/1370000, average cost 83.305077
[2017-01-21 13:34:23,553] >> epoch 3/1380000, average cost 83.539162
[2017-01-21 13:36:34,008] >> epoch 3/1390000, average cost 83.450790
[2017-01-21 13:38:34,403] >> epoch 3/1400000, average cost 83.338585
[2017-01-21 13:39:42,197] >> epoch 3/1410000, average cost 83.345718
[2017-01-21 13:41:30,244] >> epoch 3/1420000, average cost 83.383125
[2017-01-21 13:42:48,114] >> epoch 3/1430000, average cost 83.231857
[2017-01-21 13:44:40,799] >> epoch 3/1440000, average cost 83.113029
[2017-01-21 13:45:30,544] >> epoch 3/1450000, average cost 83.052628
[2017-01-21 13:47:54,882] >> epoch 3/1460000, average cost 83.461037
[2017-01-21 13:49:11,483] >> epoch 3/1470000, average cost 83.374092
[2017-01-21 13:50:29,767] >> epoch 3/1480000, average cost 83.153206
[2017-01-21 13:51:40,483] >> epoch 3/1490000, average cost 83.240524
[2017-01-21 13:53:35,073] >> epoch 3/1500000, average cost 83.507088
[2017-01-21 13:54:32,360] >> epoch 3/1510000, average cost 82.765694
[2017-01-21 13:56:49,023] >> epoch 3/1520000, average cost 83.215034
[2017-01-21 13:58:10,377] >> epoch 3/1530000, average cost 83.356850
[2017-01-21 14:00:15,581] >> epoch 3/1540000, average cost 82.903053
[2017-01-21 14:01:47,376] >> epoch 3/1550000, average cost 82.850716
[2017-01-21 14:03:10,716] >> epoch 3/1560000, average cost 82.974876
[2017-01-21 14:04:42,996] >> epoch 3/1570000, average cost 83.415894
[2017-01-21 14:04:46,869] >> epoch 4/1571216, average cost 83.304581
[2017-01-21 14:07:51,991] >> epoch 4/1590000, average cost 83.078865
[2017-01-21 14:08:51,967] >> epoch 4/1600000, average cost 83.182289
[2017-01-21 14:09:51,312] >> epoch 4/1610000, average cost 82.885475
[2017-01-21 14:11:06,889] >> epoch 4/1620000, average cost 83.256416
[2017-01-21 14:13:14,386] >> epoch 4/1630000, average cost 83.101051
[2017-01-21 14:14:25,764] >> epoch 4/1640000, average cost 83.360901
[2017-01-21 14:15:53,884] >> epoch 4/1650000, average cost 83.451439
[2017-01-21 14:17:01,494] >> epoch 4/1660000, average cost 83.498238
[2017-01-21 14:18:21,518] >> epoch 4/1670000, average cost 83.276886
[2017-01-21 14:19:46,309] >> epoch 4/1680000, average cost 82.984329
[2017-01-21 14:21:21,856] >> epoch 4/1690000, average cost 83.095566
[2017-01-21 14:22:28,979] >> epoch 4/1700000, average cost 83.414062
[2017-01-21 14:24:48,217] >> epoch 4/1710000, average cost 83.000610
[2017-01-21 14:26:08,838] >> epoch 4/1720000, average cost 83.003441
[2017-01-21 14:27:41,562] >> epoch 4/1730000, average cost 82.984032
[2017-01-21 14:28:57,272] >> epoch 4/1740000, average cost 82.956444
[2017-01-21 14:31:07,699] >> epoch 4/1750000, average cost 83.064934
[2017-01-21 14:32:25,288] >> epoch 4/1760000, average cost 83.078835
[2017-01-21 14:33:57,995] >> epoch 4/1770000, average cost 83.414528
[2017-01-21 14:35:22,526] >> epoch 4/1780000, average cost 83.267685
[2017-01-21 14:36:26,831] >> epoch 4/1790000, average cost 83.120941
[2017-01-21 14:38:03,191] >> epoch 4/1800000, average cost 83.205910
[2017-01-21 14:39:05,294] >> epoch 4/1810000, average cost 83.090454
[2017-01-21 14:40:20,870] >> epoch 4/1820000, average cost 83.103439
[2017-01-21 14:41:28,907] >> epoch 4/1830000, average cost 82.954193
[2017-01-21 14:42:55,658] >> epoch 4/1840000, average cost 82.825516
[2017-01-21 14:43:53,918] >> epoch 4/1850000, average cost 83.189835
[2017-01-21 14:46:23,818] >> epoch 4/1860000, average cost 83.212662
[2017-01-21 14:47:16,744] >> epoch 4/1870000, average cost 83.041977
[2017-01-21 14:48:44,560] >> epoch 4/1880000, average cost 82.959175
[2017-01-21 14:50:09,675] >> epoch 4/1890000, average cost 83.418533
[2017-01-21 14:51:34,504] >> epoch 4/1900000, average cost 82.715393
[2017-01-21 14:53:53,340] >> epoch 4/1910000, average cost 82.792435
[2017-01-21 14:55:10,981] >> epoch 4/1920000, average cost 83.240211
[2017-01-21 14:56:59,341] >> epoch 4/1930000, average cost 82.879120
[2017-01-21 14:57:57,529] >> epoch 4/1940000, average cost 82.618828
[2017-01-21 15:00:20,430] >> epoch 4/1950000, average cost 82.810898
[2017-01-21 15:01:54,510] >> epoch 4/1960000, average cost 83.081909
[2017-01-21 15:02:10,691] >> epoch 5/1964020, average cost 83.094986
[2017-01-21 15:05:02,356] >> epoch 5/1980000, average cost 83.049751
[2017-01-21 15:05:59,076] >> epoch 5/1990000, average cost 83.013046
[2017-01-21 15:07:07,720] >> epoch 5/2000000, average cost 82.701309
[2017-01-21 15:07:07,734] >> epoch 6/2000000, average cost 82.891891
[2017-01-21 15:07:07,737] >> Training finished in 5:00:03.786045
[2017-01-21 15:07:23,546] >> Loading model
[2017-01-21 15:07:23,716] >> Loading datasets
[2017-01-21 15:07:23,726] >> Reconstruction training started with arguments:
{'activation_noise': None,
 'adadelta': False,
 'adadelta_epsilon': '1e-6',
 'adadelta_rho': '0.95',
 'adagrad': False,
 'adagrad_decay': False,
 'batch_size': 128,
 'ce_sparsity': 0.01,
 'ce_sparsity_weight': 0.0,
 'compound': False,
 'corruption_level': 0.2,
 'datasets': (DatasetContainer [PFileStreamDataset@/export/data1/data/ddraper/train.split.pfile],
              DatasetContainer [],
              DatasetContainer []),
 'epochs': 50,
 'fix_layers': [],
 'graph': False,
 'hooks': [],
 'l1_reg': '0.0',
 'l2_reg': '0.0',
 'layer_args': {1: {}, 2: {}, 3: {}, 4: {}},
 'layers': [5],
 'learning_rate': '0.01',
 'loss': 'crossentropy',
 'minibatches': 2000000,
 'momentum': '',
 'noise': 'mask',
 'sparsity': 0.05,
 'sparsity_weight': 0.0,
 'validate': False,
 'verbosity': 1,
 'warn': False}
[2017-01-21 15:07:23,726] >> Reconstruction training started with da:
{'hidden_activation': u'sigmoid',
 'n_hidden': 200,
 'n_visible': 400,
 'tied_weights': True,
 'visible_activation': u'sigmoid'}
[2017-01-21 15:07:23,726] >> Compiling theano graph
ERROR (theano.sandbox.cuda): ERROR: Not using GPU. Initialisation of device 1 failed:
Bad device number 1. Only 1 devices available.
Using gpu device 0: Tesla M2075 (CNMeM is disabled, cuDNN not available)
[2017-01-21 15:08:05,247] >> Training started
[2017-01-21 15:09:08,497] >> epoch 0/10000, average cost 151.960297
[2017-01-21 15:10:16,252] >> epoch 0/20000, average cost 147.095718
[2017-01-21 15:11:07,558] >> epoch 0/30000, average cost 145.795792
[2017-01-21 15:12:05,393] >> epoch 0/40000, average cost 145.168182
[2017-01-21 15:13:22,469] >> epoch 0/50000, average cost 144.959869
[2017-01-21 15:15:41,233] >> epoch 0/60000, average cost 144.708694
[2017-01-21 15:16:48,175] >> epoch 0/70000, average cost 144.651443
[2017-01-21 15:18:21,573] >> epoch 0/80000, average cost 144.611420
[2017-01-21 15:19:44,004] >> epoch 0/90000, average cost 144.483856
[2017-01-21 15:21:08,274] >> epoch 0/100000, average cost 144.350388
[2017-01-21 15:22:18,034] >> epoch 0/110000, average cost 144.226120
[2017-01-21 15:23:56,069] >> epoch 0/120000, average cost 144.219727
[2017-01-21 15:24:49,617] >> epoch 0/130000, average cost 144.236267
[2017-01-21 15:27:16,664] >> epoch 0/140000, average cost 144.046936
[2017-01-21 15:29:31,926] >> epoch 0/150000, average cost 143.998459
[2017-01-21 15:30:48,885] >> epoch 0/160000, average cost 143.968994
[2017-01-21 15:32:14,433] >> epoch 0/170000, average cost 143.875748
[2017-01-21 15:33:27,533] >> epoch 0/180000, average cost 143.904251
[2017-01-21 15:34:56,478] >> epoch 0/190000, average cost 143.867630
[2017-01-21 15:36:03,243] >> epoch 0/200000, average cost 143.957840
[2017-01-21 15:37:23,864] >> epoch 0/210000, average cost 143.875854
[2017-01-21 15:38:40,479] >> epoch 0/220000, average cost 143.774399
[2017-01-21 15:40:59,083] >> epoch 0/230000, average cost 143.790619
[2017-01-21 15:42:21,793] >> epoch 0/240000, average cost 143.703094
[2017-01-21 15:43:48,607] >> epoch 0/250000, average cost 143.649307
[2017-01-21 15:45:05,083] >> epoch 0/260000, average cost 143.632324
[2017-01-21 15:47:20,012] >> epoch 0/270000, average cost 143.514313
[2017-01-21 15:48:44,511] >> epoch 0/280000, average cost 143.623993
[2017-01-21 15:50:35,881] >> epoch 0/290000, average cost 143.562881
[2017-01-21 15:51:59,678] >> epoch 0/300000, average cost 143.461746
[2017-01-21 15:52:47,147] >> epoch 0/310000, average cost 143.443527
[2017-01-21 15:54:11,987] >> epoch 0/320000, average cost 143.560349
[2017-01-21 15:55:09,625] >> epoch 0/330000, average cost 143.271011
[2017-01-21 15:57:16,646] >> epoch 0/340000, average cost 143.339905
[2017-01-21 15:58:05,036] >> epoch 0/350000, average cost 143.439438
[2017-01-21 15:59:55,229] >> epoch 0/360000, average cost 143.277008
[2017-01-21 16:00:57,763] >> epoch 0/370000, average cost 143.198669
[2017-01-21 16:03:24,734] >> epoch 0/380000, average cost 143.201248
[2017-01-21 16:04:53,387] >> epoch 0/390000, average cost 143.342392
[2017-01-21 16:05:15,592] >> epoch 1/392804, average cost 144.218002
[2017-01-21 16:07:11,798] >> epoch 1/410000, average cost 143.240509
[2017-01-21 16:08:34,776] >> epoch 1/420000, average cost 143.222031
[2017-01-21 16:10:23,667] >> epoch 1/430000, average cost 143.113846
[2017-01-21 16:12:08,415] >> epoch 1/440000, average cost 143.245850
[2017-01-21 16:13:31,689] >> epoch 1/450000, average cost 143.137848
[2017-01-21 16:14:55,463] >> epoch 1/460000, average cost 143.251114
[2017-01-21 16:16:10,498] >> epoch 1/470000, average cost 143.225266
[2017-01-21 16:17:37,375] >> epoch 1/480000, average cost 143.288330
[2017-01-21 16:18:57,529] >> epoch 1/490000, average cost 143.129578
[2017-01-21 16:20:27,383] >> epoch 1/500000, average cost 143.087433
[2017-01-21 16:21:29,472] >> epoch 1/510000, average cost 143.054169
[2017-01-21 16:23:40,529] >> epoch 1/520000, average cost 143.153534
[2017-01-21 16:25:06,083] >> epoch 1/530000, average cost 143.029068
[2017-01-21 16:26:39,868] >> epoch 1/540000, average cost 143.001068
[2017-01-21 16:29:02,434] >> epoch 1/550000, average cost 142.969177
[2017-01-21 16:30:27,260] >> epoch 1/560000, average cost 142.948074
[2017-01-21 16:32:48,697] >> epoch 1/570000, average cost 142.904282
[2017-01-21 16:34:05,001] >> epoch 1/580000, average cost 142.994614
[2017-01-21 16:35:25,225] >> epoch 1/590000, average cost 143.055618
[2017-01-21 16:36:41,790] >> epoch 1/600000, average cost 143.027222
[2017-01-21 16:37:52,329] >> epoch 1/610000, average cost 142.945908
[2017-01-21 16:38:44,017] >> epoch 1/620000, average cost 143.000854
[2017-01-21 16:39:42,172] >> epoch 1/630000, average cost 142.923553
[2017-01-21 16:40:29,671] >> epoch 1/640000, average cost 142.916534
[2017-01-21 16:41:59,481] >> epoch 1/650000, average cost 142.892578
[2017-01-21 16:43:28,151] >> epoch 1/660000, average cost 142.831604
[2017-01-21 16:44:31,905] >> epoch 1/670000, average cost 142.896713
[2017-01-21 16:45:50,613] >> epoch 1/680000, average cost 142.934311
[2017-01-21 16:46:48,064] >> epoch 1/690000, average cost 142.829819
[2017-01-21 16:48:09,580] >> epoch 1/700000, average cost 142.784958
[2017-01-21 16:49:07,280] >> epoch 1/710000, average cost 142.943069
[2017-01-21 16:50:42,538] >> epoch 1/720000, average cost 142.773605
[2017-01-21 16:51:47,996] >> epoch 1/730000, average cost 142.694824
[2017-01-21 16:53:31,003] >> epoch 1/740000, average cost 142.884293
[2017-01-21 16:54:34,764] >> epoch 1/750000, average cost 142.768448
[2017-01-21 16:56:54,102] >> epoch 1/760000, average cost 142.656479
[2017-01-21 16:58:17,741] >> epoch 1/770000, average cost 142.685471
[2017-01-21 16:59:55,555] >> epoch 1/780000, average cost 142.751389
[2017-01-21 17:00:29,543] >> epoch 2/785608, average cost 142.981171
[2017-01-21 17:03:46,130] >> epoch 2/800000, average cost 142.775223
[2017-01-21 17:05:19,479] >> epoch 2/810000, average cost 142.712769
[2017-01-21 17:08:13,647] >> epoch 2/820000, average cost 142.672180
[2017-01-21 17:09:59,959] >> epoch 2/830000, average cost 142.778854
[2017-01-21 17:11:58,875] >> epoch 2/840000, average cost 142.704437
[2017-01-21 17:13:14,807] >> epoch 2/850000, average cost 142.815125
[2017-01-21 17:14:48,534] >> epoch 2/860000, average cost 142.773987
[2017-01-21 17:16:26,389] >> epoch 2/870000, average cost 142.925507
[2017-01-21 17:18:28,850] >> epoch 2/880000, average cost 142.719925
[2017-01-21 17:20:19,854] >> epoch 2/890000, average cost 142.734329
[2017-01-21 17:21:30,055] >> epoch 2/900000, average cost 142.685883
[2017-01-21 17:24:14,655] >> epoch 2/910000, average cost 142.768768
[2017-01-21 17:25:40,371] >> epoch 2/920000, average cost 142.724762
[2017-01-21 17:27:52,906] >> epoch 2/930000, average cost 142.655930
[2017-01-21 17:29:12,731] >> epoch 2/940000, average cost 142.632812
[2017-01-21 17:30:46,139] >> epoch 2/950000, average cost 142.649979
[2017-01-21 17:31:59,670] >> epoch 2/960000, average cost 142.559692
[2017-01-21 17:34:07,137] >> epoch 2/970000, average cost 142.706360
[2017-01-21 17:35:01,426] >> epoch 2/980000, average cost 142.709106
[2017-01-21 17:36:57,857] >> epoch 2/990000, average cost 142.735031
[2017-01-21 17:38:24,632] >> epoch 2/1000000, average cost 142.680283
[2017-01-21 17:40:21,769] >> epoch 2/1010000, average cost 142.699142
[2017-01-21 17:41:11,640] >> epoch 2/1020000, average cost 142.668747
[2017-01-21 17:43:30,500] >> epoch 2/1030000, average cost 142.661346
[2017-01-21 17:45:15,155] >> epoch 2/1040000, average cost 142.621460
[2017-01-21 17:46:15,302] >> epoch 2/1050000, average cost 142.613251
[2017-01-21 17:48:41,715] >> epoch 2/1060000, average cost 142.585312
[2017-01-21 17:50:15,187] >> epoch 2/1070000, average cost 142.714966
[2017-01-21 17:51:47,996] >> epoch 2/1080000, average cost 142.614334
[2017-01-21 17:52:54,242] >> epoch 2/1090000, average cost 142.545807
[2017-01-21 17:54:20,255] >> epoch 2/1100000, average cost 142.668732
[2017-01-21 17:55:38,174] >> epoch 2/1110000, average cost 142.624741
[2017-01-21 17:56:40,708] >> epoch 2/1120000, average cost 142.440536
[2017-01-21 17:57:32,410] >> epoch 2/1130000, average cost 142.651520
[2017-01-21 17:59:01,033] >> epoch 2/1140000, average cost 142.588440
[2017-01-21 18:00:19,102] >> epoch 2/1150000, average cost 142.455002
[2017-01-21 18:01:47,252] >> epoch 2/1160000, average cost 142.480896
[2017-01-21 18:04:00,388] >> epoch 2/1170000, average cost 142.470291
[2017-01-21 18:04:32,409] >> epoch 3/1178412, average cost 142.664703
[2017-01-21 18:05:58,224] >> epoch 3/1190000, average cost 142.561081
[2017-01-21 18:08:48,869] >> epoch 3/1200000, average cost 142.500168
[2017-01-21 18:10:36,472] >> epoch 3/1210000, average cost 142.524750
[2017-01-21 18:12:57,821] >> epoch 3/1220000, average cost 142.531281
[2017-01-21 18:14:12,087] >> epoch 3/1230000, average cost 142.564072
[2017-01-21 18:16:31,129] >> epoch 3/1240000, average cost 142.588730
[2017-01-21 18:17:32,035] >> epoch 3/1250000, average cost 142.593567
[2017-01-21 18:18:58,285] >> epoch 3/1260000, average cost 142.726959
[2017-01-21 18:20:24,349] >> epoch 3/1270000, average cost 142.595200
[2017-01-21 18:21:27,757] >> epoch 3/1280000, average cost 142.578445
[2017-01-21 18:23:01,280] >> epoch 3/1290000, average cost 142.518494
[2017-01-21 18:24:04,635] >> epoch 3/1300000, average cost 142.569489
[2017-01-21 18:25:45,463] >> epoch 3/1310000, average cost 142.597748
[2017-01-21 18:27:01,151] >> epoch 3/1320000, average cost 142.481934
[2017-01-21 18:29:21,367] >> epoch 3/1330000, average cost 142.462906
[2017-01-21 18:30:34,072] >> epoch 3/1340000, average cost 142.492477
[2017-01-21 18:32:05,030] >> epoch 3/1350000, average cost 142.412735
[2017-01-21 18:32:55,514] >> epoch 3/1360000, average cost 142.523468
[2017-01-21 18:34:56,124] >> epoch 3/1370000, average cost 142.498978
[2017-01-21 18:36:24,504] >> epoch 3/1380000, average cost 142.589539
[2017-01-21 18:38:49,883] >> epoch 3/1390000, average cost 142.548386
[2017-01-21 18:40:42,762] >> epoch 3/1400000, average cost 142.510651
[2017-01-21 18:42:40,236] >> epoch 3/1410000, average cost 142.540268
[2017-01-21 18:45:17,487] >> epoch 3/1420000, average cost 142.501434
[2017-01-21 18:46:29,292] >> epoch 3/1430000, average cost 142.471558
[2017-01-21 18:48:03,776] >> epoch 3/1440000, average cost 142.484970
[2017-01-21 18:49:26,103] >> epoch 3/1450000, average cost 142.400421
[2017-01-21 18:52:01,717] >> epoch 3/1460000, average cost 142.550430
[2017-01-21 18:53:18,667] >> epoch 3/1470000, average cost 142.479004
[2017-01-21 18:54:37,700] >> epoch 3/1480000, average cost 142.408432
[2017-01-21 18:55:52,397] >> epoch 3/1490000, average cost 142.454819
[2017-01-21 18:58:09,244] >> epoch 3/1500000, average cost 142.531067
[2017-01-21 18:59:05,371] >> epoch 3/1510000, average cost 142.286896
[2017-01-21 19:00:05,273] >> epoch 3/1520000, average cost 142.446152
[2017-01-21 19:01:17,349] >> epoch 3/1530000, average cost 142.481369
[2017-01-21 19:02:35,308] >> epoch 3/1540000, average cost 142.344131
[2017-01-21 19:04:28,265] >> epoch 3/1550000, average cost 142.316589
[2017-01-21 19:05:46,876] >> epoch 3/1560000, average cost 142.318283
[2017-01-21 19:07:08,752] >> epoch 3/1570000, average cost 142.502670
[2017-01-21 19:07:14,672] >> epoch 4/1571216, average cost 142.499374
[2017-01-21 19:10:08,183] >> epoch 4/1590000, average cost 142.364594
[2017-01-21 19:13:06,553] >> epoch 4/1600000, average cost 142.406754
[2017-01-21 19:14:58,329] >> epoch 4/1610000, average cost 142.320236
[2017-01-21 19:17:22,497] >> epoch 4/1620000, average cost 142.463150
[2017-01-21 19:19:34,897] >> epoch 4/1630000, average cost 142.387756
[2017-01-21 19:20:56,620] >> epoch 4/1640000, average cost 142.490021
[2017-01-21 19:22:29,561] >> epoch 4/1650000, average cost 142.516357
[2017-01-21 19:23:42,372] >> epoch 4/1660000, average cost 142.521317
[2017-01-21 19:25:13,581] >> epoch 4/1670000, average cost 142.428680
[2017-01-21 19:26:16,830] >> epoch 4/1680000, average cost 142.387573
[2017-01-21 19:28:18,577] >> epoch 4/1690000, average cost 142.401352
[2017-01-21 19:29:20,497] >> epoch 4/1700000, average cost 142.480530
[2017-01-21 19:31:28,783] >> epoch 4/1710000, average cost 142.356537
[2017-01-21 19:32:46,394] >> epoch 4/1720000, average cost 142.342941
[2017-01-21 19:34:43,966] >> epoch 4/1730000, average cost 142.352463
[2017-01-21 19:35:41,547] >> epoch 4/1740000, average cost 142.308182
[2017-01-21 19:37:33,442] >> epoch 4/1750000, average cost 142.331467
[2017-01-21 19:38:40,678] >> epoch 4/1760000, average cost 142.360977
[2017-01-21 19:40:04,936] >> epoch 4/1770000, average cost 142.486496
[2017-01-21 19:41:33,139] >> epoch 4/1780000, average cost 142.444977
[2017-01-21 19:42:36,821] >> epoch 4/1790000, average cost 142.368774
[2017-01-21 19:44:12,607] >> epoch 4/1800000, average cost 142.431061
[2017-01-21 19:45:15,752] >> epoch 4/1810000, average cost 142.371918
[2017-01-21 19:46:46,938] >> epoch 4/1820000, average cost 142.361237
[2017-01-21 19:48:06,512] >> epoch 4/1830000, average cost 142.365417
[2017-01-21 19:50:21,104] >> epoch 4/1840000, average cost 142.292480
[2017-01-21 19:51:47,891] >> epoch 4/1850000, average cost 142.396637
[2017-01-21 19:53:16,075] >> epoch 4/1860000, average cost 142.395721
[2017-01-21 19:54:05,569] >> epoch 4/1870000, average cost 142.315262
[2017-01-21 19:55:28,860] >> epoch 4/1880000, average cost 142.304749
[2017-01-21 19:56:35,406] >> epoch 4/1890000, average cost 142.456207
[2017-01-21 19:58:48,175] >> epoch 4/1900000, average cost 142.223068
[2017-01-21 19:59:53,563] >> epoch 4/1910000, average cost 142.248825
[2017-01-21 20:01:12,420] >> epoch 4/1920000, average cost 142.412781
[2017-01-21 20:02:46,906] >> epoch 4/1930000, average cost 142.283661
[2017-01-21 20:03:48,991] >> epoch 4/1940000, average cost 142.198456
[2017-01-21 20:05:13,331] >> epoch 4/1950000, average cost 142.222229
[2017-01-21 20:06:43,346] >> epoch 4/1960000, average cost 142.346008
[2017-01-21 20:07:00,151] >> epoch 5/1964020, average cost 142.372589
[2017-01-21 20:09:05,676] >> epoch 5/1980000, average cost 142.326355
[2017-01-21 20:09:56,419] >> epoch 5/1990000, average cost 142.302963
[2017-01-21 20:10:47,400] >> epoch 5/2000000, average cost 142.220215
[2017-01-21 20:10:49,063] >> epoch 6/2000000, average cost 142.274246
[2017-01-21 20:10:50,607] >> Training finished in 5:02:43.807012
[2017-01-21 20:12:05,810] >> Loading model
[2017-01-21 20:12:06,470] >> Loading datasets
ERROR (theano.sandbox.cuda): ERROR: Not using GPU. Initialisation of device 1 failed:
Bad device number 1. Only 1 devices available.
Using gpu device 0: Tesla M2075 (CNMeM is disabled, cuDNN not available)
[2017-01-21 20:13:24,667] >> Supervised training started with arguments:
{'activation_noise': None,
 'adadelta': False,
 'adadelta_epsilon': '1e-6',
 'adadelta_rho': '0.95',
 'adagrad': False,
 'adagrad_decay': False,
 'batch_size': 256,
 'datasets': (DatasetContainer [PFileStreamDataset@/export/data1/data/ddraper/train.split.pfile],
              DatasetContainer [PFileDataset@/home/ddraper/valid.split.pfile,1, PFileDataset@/home/ddraper/valid.split.pfile,2, PFileDataset@/home/ddraper/valid.split.pfile,3, PFileDataset@/home/ddraper/valid.split.pfile,4, PFileDataset@/home/ddraper/valid.split.pfile,5, PFileDataset@/home/ddraper/valid.split.pfile,6, PFileDataset@/home/ddraper/valid.split.pfile,7],
              DatasetContainer []),
 'epochs': 50,
 'fix_layers': [],
 'graph': False,
 'hooks': [<functools.partial object at 0x7fcaea819520>],
 'l1_reg': '0.0',
 'l2_reg': '0.0',
 'layer_args': [],
 'learning_rate': '0.1',
 'minibatches': -1,
 'momentum': '',
 'newbob': True,
 'newbob_decay': 0.5,
 'newbob_threshold': [0.005, 0.0001],
 'patience': -1,
 'patience_improve_threshold': 0.995,
 'patience_increase': 1.5,
 'pre_validate': False,
 'print_errors': True,
 'validation_interval': -1,
 'verbosity': 0,
 'warn': False}
[2017-01-21 20:13:24,668] >> Compiling theano graph
[2017-01-21 20:14:07,144] >> Training started
[2017-01-21 21:29:59,118] >  epoch 1/196402, training error 0.467227
[2017-01-21 21:30:20,580] >  epoch 1/196402, validation error 0.368385
[2017-01-21 22:47:51,757] >  epoch 2/392804, training error 0.340079
[2017-01-21 22:48:24,531] >  epoch 2/392804, validation error 0.347002
[2017-01-22 00:02:31,001] >  epoch 3/589206, training error 0.304242
[2017-01-22 00:02:46,348] >  epoch 3/589206, validation error 0.310955
[2017-01-22 01:25:18,759] >  epoch 4/785608, training error 0.282082
[2017-01-22 01:25:32,170] >  epoch 4/785608, validation error 0.299323
[2017-01-22 02:50:16,557] >  epoch 5/982010, training error 0.265973
[2017-01-22 02:50:37,097] >  epoch 5/982010, validation error 0.283094
[2017-01-22 04:12:54,369] >  epoch 6/1178412, training error 0.253257
[2017-01-22 04:13:12,409] >  epoch 6/1178412, validation error 0.277286
[2017-01-22 05:35:43,184] >  epoch 7/1374814, training error 0.242768
[2017-01-22 05:36:02,759] >  epoch 7/1374814, validation error 0.289891
[2017-01-22 05:36:07,562] >  epoch 7/1374814, learning rate set to 0.050000
[2017-01-22 06:58:13,114] >  epoch 8/1571216, training error 0.233019
[2017-01-22 06:58:35,248] >  epoch 8/1571216, validation error 0.262865
[2017-01-22 06:58:35,427] >  epoch 8/1571216, learning rate set to 0.025000
[2017-01-22 08:18:04,805] >  epoch 9/1767618, training error 0.230150
[2017-01-22 08:18:26,772] >  epoch 9/1767618, validation error 0.254011
[2017-01-22 08:18:40,389] >  epoch 9/1767618, learning rate set to 0.012500
[2017-01-22 09:38:19,167] >  epoch 10/1964020, training error 0.230688
[2017-01-22 09:38:39,255] >  epoch 10/1964020, validation error 0.250254
[2017-01-22 09:38:39,321] >  epoch 10/1964020, learning rate set to 0.006250
[2017-01-22 10:58:15,075] >  epoch 11/2160422, training error 0.232780
[2017-01-22 10:58:34,725] >  epoch 11/2160422, validation error 0.244734
[2017-01-22 10:58:34,791] >  epoch 11/2160422, learning rate set to 0.003125
[2017-01-22 12:15:36,222] >  epoch 12/2356824, training error 0.235423
[2017-01-22 12:15:52,363] >  epoch 12/2356824, validation error 0.241086
[2017-01-22 12:15:52,631] >  epoch 12/2356824, learning rate set to 0.001563
[2017-01-22 13:36:01,081] >  epoch 13/2553226, training error 0.238005
[2017-01-22 13:36:14,351] >  epoch 13/2553226, validation error 0.239604
[2017-01-22 13:36:14,473] >  epoch 13/2553226, learning rate set to 0.000781
[2017-01-22 14:55:39,246] >  epoch 14/2749628, training error 0.240307
[2017-01-22 14:55:55,924] >  epoch 14/2749628, validation error 0.238323
[2017-01-22 14:55:56,186] >  epoch 14/2749628, learning rate set to 0.000391
[2017-01-22 16:15:52,699] >  epoch 15/2946030, training error 0.242034
[2017-01-22 16:16:05,929] >  epoch 15/2946030, validation error 0.237563
[2017-01-22 16:16:06,014] >  epoch 15/2946030, learning rate set to 0.000195
[2017-01-22 17:33:02,472] >  epoch 16/3142432, training error 0.243307
[2017-01-22 17:33:22,031] >  epoch 16/3142432, validation error 0.236757
[2017-01-22 17:33:22,354] >  epoch 16/3142432, learning rate set to 0.000098
[2017-01-22 18:46:17,753] >  epoch 17/3338834, training error 0.244173
[2017-01-22 18:46:33,115] >  epoch 17/3338834, validation error 0.235540
[2017-01-22 18:46:33,215] >  epoch 17/3338834, learning rate set to 0.000049
[2017-01-22 20:11:22,199] >  epoch 18/3535236, training error 0.244680
[2017-01-22 20:11:35,521] >  epoch 18/3535236, validation error 0.234633
[2017-01-22 20:11:35,596] >  epoch 18/3535236, learning rate set to 0.000024
[2017-01-22 21:35:59,537] >  epoch 19/3731638, training error 0.244937
[2017-01-22 21:36:12,477] >  epoch 19/3731638, validation error 0.234443
[2017-01-22 21:36:12,542] >  epoch 19/3731638, learning rate set to 0.000012
[2017-01-22 23:00:01,990] >  epoch 20/3928040, training error 0.245053
[2017-01-22 23:00:15,363] >  epoch 20/3928040, validation error 0.234539
[2017-01-22 23:00:15,454] >> Training finished in 1 day, 2:46:08.219205
