[2017-01-22 18:27:12,485] >> Loading model
[2017-01-22 18:27:14,172] >> Loading datasets
[2017-01-22 18:27:14,175] >> Reconstruction training started with arguments:
{'activation_noise': None,
 'adadelta': False,
 'adadelta_epsilon': '1e-6',
 'adadelta_rho': '0.95',
 'adagrad': False,
 'adagrad_decay': False,
 'batch_size': 128,
 'ce_sparsity': 0.01,
 'ce_sparsity_weight': 0.0,
 'compound': False,
 'corruption_level': 0.2,
 'datasets': (DatasetContainer [PFileStreamDataset@/export/data1/data/ddraper/train.split.pfile],
              DatasetContainer [],
              DatasetContainer []),
 'epochs': 50,
 'fix_layers': [],
 'graph': False,
 'hooks': [],
 'l1_reg': '0.0',
 'l2_reg': '0.0',
 'layer_args': {},
 'layers': [1],
 'learning_rate': '0.01',
 'loss': u'mse',
 'minibatches': 2000000,
 'momentum': '',
 'noise': 'mask',
 'sparsity': 0.05,
 'sparsity_weight': 0.0,
 'validate': False,
 'verbosity': 1,
 'warn': False}
[2017-01-22 18:27:14,175] >> Reconstruction training started with da:
{'hidden_activation': u'sigmoid',
 u'loss': u'mse',
 'n_hidden': 1200,
 'n_visible': 966,
 'tied_weights': True,
 'visible_activation': u'tanh'}
[2017-01-22 18:27:14,175] >> Compiling theano graph
ERROR (theano.sandbox.cuda): ERROR: Not using GPU. Initialisation of device 1 failed:
Bad device number 1. Only 1 devices available.
Using gpu device 0: Tesla M2075 (CNMeM is disabled, cuDNN not available)
[2017-01-22 18:28:31,925] >> Training started
[2017-01-22 18:29:40,403] >> epoch 0/10000, average cost 83.713104
[2017-01-22 18:31:35,199] >> epoch 0/20000, average cost 40.184238
[2017-01-22 18:33:06,506] >> epoch 0/30000, average cost 30.292450
[2017-01-22 18:35:16,134] >> epoch 0/40000, average cost 24.939648
[2017-01-22 18:36:53,976] >> epoch 0/50000, average cost 22.291435
[2017-01-22 18:38:31,154] >> epoch 0/60000, average cost 20.572428
[2017-01-22 18:40:00,077] >> epoch 0/70000, average cost 19.350222
[2017-01-22 18:41:32,861] >> epoch 0/80000, average cost 18.686703
[2017-01-22 18:43:13,358] >> epoch 0/90000, average cost 18.178719
[2017-01-22 18:44:52,988] >> epoch 0/100000, average cost 17.494360
[2017-01-22 18:46:09,500] >> epoch 0/110000, average cost 17.138668
[2017-01-22 18:47:54,540] >> epoch 0/120000, average cost 16.880707
[2017-01-22 18:49:07,574] >> epoch 0/130000, average cost 16.440886
[2017-01-22 18:51:59,305] >> epoch 0/140000, average cost 16.095142
[2017-01-22 18:54:15,871] >> epoch 0/150000, average cost 15.800624
[2017-01-22 18:55:53,025] >> epoch 0/160000, average cost 15.627465
[2017-01-22 18:59:59,636] >> epoch 0/170000, average cost 15.533049
[2017-01-22 19:01:34,815] >> epoch 0/180000, average cost 15.472698
[2017-01-22 19:03:48,321] >> epoch 0/190000, average cost 15.370205
[2017-01-22 19:05:32,982] >> epoch 0/200000, average cost 15.344919
[2017-01-22 19:07:49,453] >> epoch 0/210000, average cost 15.247924
[2017-01-22 19:09:15,013] >> epoch 0/220000, average cost 15.212443
[2017-01-22 19:11:32,382] >> epoch 0/230000, average cost 15.164505
[2017-01-22 19:13:02,311] >> epoch 0/240000, average cost 15.084902
[2017-01-22 19:15:05,773] >> epoch 0/250000, average cost 15.035775
[2017-01-22 19:16:32,544] >> epoch 0/260000, average cost 14.945557
[2017-01-22 19:19:06,103] >> epoch 0/270000, average cost 14.920365
[2017-01-22 19:20:49,784] >> epoch 0/280000, average cost 14.922768
[2017-01-22 19:23:13,694] >> epoch 0/290000, average cost 14.881783
[2017-01-22 19:24:56,804] >> epoch 0/300000, average cost 14.804702
[2017-01-22 19:26:10,390] >> epoch 0/310000, average cost 14.773888
[2017-01-22 19:27:43,149] >> epoch 0/320000, average cost 14.802991
[2017-01-22 19:29:11,386] >> epoch 0/330000, average cost 14.686646
[2017-01-22 19:30:34,388] >> epoch 0/340000, average cost 14.684647
[2017-01-22 19:31:44,992] >> epoch 0/350000, average cost 14.685765
[2017-01-22 19:33:26,796] >> epoch 0/360000, average cost 14.614845
[2017-01-22 19:34:55,673] >> epoch 0/370000, average cost 14.554115
[2017-01-22 19:37:16,811] >> epoch 0/380000, average cost 14.571348
[2017-01-22 19:38:52,130] >> epoch 0/390000, average cost 14.583228
[2017-01-22 19:39:10,111] >> epoch 1/392804, average cost 18.881193
[2017-01-22 19:43:05,357] >> epoch 1/410000, average cost 14.490026
[2017-01-22 19:46:27,506] >> epoch 1/420000, average cost 14.479720
[2017-01-22 19:47:57,064] >> epoch 1/430000, average cost 14.420179
[2017-01-22 19:50:13,465] >> epoch 1/440000, average cost 14.429683
[2017-01-22 19:51:40,619] >> epoch 1/450000, average cost 14.412682
[2017-01-22 19:53:34,663] >> epoch 1/460000, average cost 14.409627
[2017-01-22 19:54:45,394] >> epoch 1/470000, average cost 14.402892
[2017-01-22 19:56:37,996] >> epoch 1/480000, average cost 14.412440
[2017-01-22 19:58:01,596] >> epoch 1/490000, average cost 14.396864
[2017-01-22 19:59:33,494] >> epoch 1/500000, average cost 14.302216
[2017-01-22 20:00:42,113] >> epoch 1/510000, average cost 14.276775
[2017-01-22 20:02:39,688] >> epoch 1/520000, average cost 14.318988
[2017-01-22 20:04:36,132] >> epoch 1/530000, average cost 14.296075
[2017-01-22 20:05:58,741] >> epoch 1/540000, average cost 14.244757
[2017-01-22 20:08:07,191] >> epoch 1/550000, average cost 14.234509
[2017-01-22 20:09:58,515] >> epoch 1/560000, average cost 14.239314
[2017-01-22 20:12:21,175] >> epoch 1/570000, average cost 14.224174
[2017-01-22 20:13:34,415] >> epoch 1/580000, average cost 14.194333
[2017-01-22 20:16:13,414] >> epoch 1/590000, average cost 14.217008
[2017-01-22 20:17:18,678] >> epoch 1/600000, average cost 14.180341
[2017-01-22 20:20:08,465] >> epoch 1/610000, average cost 14.190359
[2017-01-22 20:22:14,218] >> epoch 1/620000, average cost 14.187412
[2017-01-22 20:24:06,567] >> epoch 1/630000, average cost 14.135986
[2017-01-22 20:25:19,874] >> epoch 1/640000, average cost 14.155430
[2017-01-22 20:27:33,293] >> epoch 1/650000, average cost 14.100900
[2017-01-22 20:30:01,439] >> epoch 1/660000, average cost 14.080400
[2017-01-22 20:31:42,897] >> epoch 1/670000, average cost 14.123380
[2017-01-22 20:33:51,807] >> epoch 1/680000, average cost 14.118261
[2017-01-22 20:35:04,510] >> epoch 1/690000, average cost 14.093552
[2017-01-22 20:36:52,145] >> epoch 1/700000, average cost 14.054741
[2017-01-22 20:38:32,603] >> epoch 1/710000, average cost 14.103601
[2017-01-22 20:40:41,890] >> epoch 1/720000, average cost 14.057460
[2017-01-22 20:42:00,912] >> epoch 1/730000, average cost 14.023641
[2017-01-22 20:43:26,914] >> epoch 1/740000, average cost 14.065003
[2017-01-22 20:44:46,958] >> epoch 1/750000, average cost 14.032728
[2017-01-22 20:46:18,028] >> epoch 1/760000, average cost 13.965380
[2017-01-22 20:47:53,042] >> epoch 1/770000, average cost 13.996598
[2017-01-22 20:50:18,232] >> epoch 1/780000, average cost 14.002453
[2017-01-22 20:50:49,441] >> epoch 2/785608, average cost 14.214935
[2017-01-22 20:55:04,378] >> epoch 2/800000, average cost 13.969028
[2017-01-22 20:56:59,295] >> epoch 2/810000, average cost 13.968806
[2017-01-22 21:00:19,252] >> epoch 2/820000, average cost 13.936416
[2017-01-22 21:02:20,335] >> epoch 2/830000, average cost 13.930931
[2017-01-22 21:05:12,435] >> epoch 2/840000, average cost 13.946281
[2017-01-22 21:06:54,135] >> epoch 2/850000, average cost 13.944695
[2017-01-22 21:09:21,914] >> epoch 2/860000, average cost 13.938406
[2017-01-22 21:10:53,005] >> epoch 2/870000, average cost 13.977865
[2017-01-22 21:12:57,448] >> epoch 2/880000, average cost 13.957742
[2017-01-22 21:14:33,020] >> epoch 2/890000, average cost 13.909043
[2017-01-22 21:15:50,299] >> epoch 2/900000, average cost 13.872513
[2017-01-22 21:17:36,242] >> epoch 2/910000, average cost 13.894778
[2017-01-22 21:19:02,682] >> epoch 2/920000, average cost 13.911945
[2017-01-22 21:20:55,491] >> epoch 2/930000, average cost 13.866018
[2017-01-22 21:22:08,759] >> epoch 2/940000, average cost 13.851897
[2017-01-22 21:23:49,360] >> epoch 2/950000, average cost 13.877306
[2017-01-22 21:25:03,504] >> epoch 2/960000, average cost 13.848716
[2017-01-22 21:26:52,797] >> epoch 2/970000, average cost 13.848112
[2017-01-22 21:28:11,356] >> epoch 2/980000, average cost 13.848866
[2017-01-22 21:30:14,006] >> epoch 2/990000, average cost 13.840486
[2017-01-22 21:31:23,895] >> epoch 2/1000000, average cost 13.842703
[2017-01-22 21:33:14,524] >> epoch 2/1010000, average cost 13.839232
[2017-01-22 21:34:30,592] >> epoch 2/1020000, average cost 13.805541
[2017-01-22 21:36:16,589] >> epoch 2/1030000, average cost 13.836912
[2017-01-22 21:38:02,273] >> epoch 2/1040000, average cost 13.794400
[2017-01-22 21:39:54,302] >> epoch 2/1050000, average cost 13.755377
[2017-01-22 21:43:20,774] >> epoch 2/1060000, average cost 13.785680
[2017-01-22 21:44:51,450] >> epoch 2/1070000, average cost 13.813858
[2017-01-22 21:47:01,108] >> epoch 2/1080000, average cost 13.799699
[2017-01-22 21:48:24,212] >> epoch 2/1090000, average cost 13.748610
[2017-01-22 21:49:59,910] >> epoch 2/1100000, average cost 13.779331
[2017-01-22 21:51:29,908] >> epoch 2/1110000, average cost 13.790594
[2017-01-22 21:53:06,504] >> epoch 2/1120000, average cost 13.724996
[2017-01-22 21:54:09,844] >> epoch 2/1130000, average cost 13.770381
[2017-01-22 21:55:49,984] >> epoch 2/1140000, average cost 13.756160
[2017-01-22 21:56:57,184] >> epoch 2/1150000, average cost 13.691355
[2017-01-22 21:59:15,359] >> epoch 2/1160000, average cost 13.710255
[2017-01-22 22:02:03,731] >> epoch 2/1170000, average cost 13.704817
[2017-01-22 22:02:42,100] >> epoch 3/1178412, average cost 13.844072
[2017-01-22 22:05:02,526] >> epoch 3/1190000, average cost 13.688925
[2017-01-22 22:07:33,943] >> epoch 3/1200000, average cost 13.695592
[2017-01-22 22:09:50,776] >> epoch 3/1210000, average cost 13.687973
[2017-01-22 22:13:44,502] >> epoch 3/1220000, average cost 13.662418
[2017-01-22 22:15:38,392] >> epoch 3/1230000, average cost 13.691071
[2017-01-22 22:17:55,680] >> epoch 3/1240000, average cost 13.678552
[2017-01-22 22:19:23,212] >> epoch 3/1250000, average cost 13.670800
[2017-01-22 22:21:47,876] >> epoch 3/1260000, average cost 13.734598
[2017-01-22 22:24:08,831] >> epoch 3/1270000, average cost 13.703832
[2017-01-22 22:25:37,054] >> epoch 3/1280000, average cost 13.691078
[2017-01-22 22:27:43,521] >> epoch 3/1290000, average cost 13.628650
[2017-01-22 22:29:08,137] >> epoch 3/1300000, average cost 13.639653
[2017-01-22 22:30:37,102] >> epoch 3/1310000, average cost 13.673777
[2017-01-22 22:32:17,770] >> epoch 3/1320000, average cost 13.629435
[2017-01-22 22:34:52,932] >> epoch 3/1330000, average cost 13.617614
[2017-01-22 22:36:27,975] >> epoch 3/1340000, average cost 13.630900
[2017-01-22 22:38:42,652] >> epoch 3/1350000, average cost 13.612392
[2017-01-22 22:40:13,060] >> epoch 3/1360000, average cost 13.618181
[2017-01-22 22:41:54,734] >> epoch 3/1370000, average cost 13.600233
[2017-01-22 22:43:30,882] >> epoch 3/1380000, average cost 13.623289
[2017-01-22 22:45:18,990] >> epoch 3/1390000, average cost 13.601029
[2017-01-22 22:46:56,738] >> epoch 3/1400000, average cost 13.600001
[2017-01-22 22:48:14,210] >> epoch 3/1410000, average cost 13.600514
[2017-01-22 22:49:51,057] >> epoch 3/1420000, average cost 13.593229
[2017-01-22 22:51:06,192] >> epoch 3/1430000, average cost 13.565449
[2017-01-22 22:52:58,981] >> epoch 3/1440000, average cost 13.532268
[2017-01-22 22:54:10,150] >> epoch 3/1450000, average cost 13.547242
[2017-01-22 22:56:46,387] >> epoch 3/1460000, average cost 13.582888
[2017-01-22 22:58:20,738] >> epoch 3/1470000, average cost 13.572392
[2017-01-22 22:59:50,950] >> epoch 3/1480000, average cost 13.524125
[2017-01-22 23:01:11,706] >> epoch 3/1490000, average cost 13.535543
[2017-01-22 23:02:39,858] >> epoch 3/1500000, average cost 13.583672
[2017-01-22 23:03:50,747] >> epoch 3/1510000, average cost 13.496331
[2017-01-22 23:04:49,784] >> epoch 3/1520000, average cost 13.536172
[2017-01-22 23:05:57,068] >> epoch 3/1530000, average cost 13.543727
[2017-01-22 23:06:58,476] >> epoch 3/1540000, average cost 13.487997
[2017-01-22 23:08:15,362] >> epoch 3/1550000, average cost 13.466314
[2017-01-22 23:09:21,514] >> epoch 3/1560000, average cost 13.492050
[2017-01-22 23:10:13,268] >> epoch 3/1570000, average cost 13.534576
[2017-01-22 23:10:21,720] >> epoch 4/1571216, average cost 13.604397
[2017-01-22 23:12:40,898] >> epoch 4/1590000, average cost 13.471453
[2017-01-22 23:14:44,454] >> epoch 4/1600000, average cost 13.474216
[2017-01-22 23:16:04,791] >> epoch 4/1610000, average cost 13.435489
[2017-01-22 23:18:10,287] >> epoch 4/1620000, average cost 13.468571
[2017-01-22 23:19:27,827] >> epoch 4/1630000, average cost 13.452034
[2017-01-22 23:20:26,781] >> epoch 4/1640000, average cost 13.465075
[2017-01-22 23:21:43,936] >> epoch 4/1650000, average cost 13.486375
[2017-01-22 23:22:41,032] >> epoch 4/1660000, average cost 13.488281
[2017-01-22 23:23:57,696] >> epoch 4/1670000, average cost 13.487613
[2017-01-22 23:24:57,315] >> epoch 4/1680000, average cost 13.407080
[2017-01-22 23:26:13,674] >> epoch 4/1690000, average cost 13.402941
[2017-01-22 23:27:10,967] >> epoch 4/1700000, average cost 13.449718
[2017-01-22 23:28:28,397] >> epoch 4/1710000, average cost 13.414475
[2017-01-22 23:29:27,808] >> epoch 4/1720000, average cost 13.391384
[2017-01-22 23:30:45,511] >> epoch 4/1730000, average cost 13.393259
[2017-01-22 23:31:45,349] >> epoch 4/1740000, average cost 13.393638
[2017-01-22 23:33:04,919] >> epoch 4/1750000, average cost 13.394512
[2017-01-22 23:34:07,584] >> epoch 4/1760000, average cost 13.363810
[2017-01-22 23:35:26,401] >> epoch 4/1770000, average cost 13.406672
[2017-01-22 23:36:44,749] >> epoch 4/1780000, average cost 13.367658
[2017-01-22 23:37:42,427] >> epoch 4/1790000, average cost 13.380630
[2017-01-22 23:39:01,350] >> epoch 4/1800000, average cost 13.381021
[2017-01-22 23:40:00,936] >> epoch 4/1810000, average cost 13.346455
[2017-01-22 23:41:18,894] >> epoch 4/1820000, average cost 13.353198
[2017-01-22 23:42:16,986] >> epoch 4/1830000, average cost 13.306928
[2017-01-22 23:43:35,930] >> epoch 4/1840000, average cost 13.307378
[2017-01-22 23:44:39,597] >> epoch 4/1850000, average cost 13.349590
[2017-01-22 23:45:58,627] >> epoch 4/1860000, average cost 13.340520
[2017-01-22 23:47:02,120] >> epoch 4/1870000, average cost 13.311440
[2017-01-22 23:48:13,207] >> epoch 4/1880000, average cost 13.299991
[2017-01-22 23:49:14,786] >> epoch 4/1890000, average cost 13.350065
[2017-01-22 23:50:39,694] >> epoch 4/1900000, average cost 13.283015
[2017-01-22 23:52:04,558] >> epoch 4/1910000, average cost 13.279275
[2017-01-22 23:53:05,264] >> epoch 4/1920000, average cost 13.318725
[2017-01-22 23:54:19,412] >> epoch 4/1930000, average cost 13.276514
[2017-01-22 23:55:27,412] >> epoch 4/1940000, average cost 13.223312
[2017-01-22 23:56:33,490] >> epoch 4/1950000, average cost 13.260490
[2017-01-22 23:57:27,444] >> epoch 4/1960000, average cost 13.278050
[2017-01-22 23:57:49,610] >> epoch 5/1964020, average cost 13.376313
[2017-01-23 00:00:02,047] >> epoch 5/1980000, average cost 13.237278
[2017-01-23 00:01:15,690] >> epoch 5/1990000, average cost 13.243702
[2017-01-23 00:03:22,485] >> epoch 5/2000000, average cost 13.204069
[2017-01-23 00:03:22,489] >> epoch 6/2000000, average cost 13.226426
[2017-01-23 00:03:22,492] >> Training finished in 5:34:50.557072
[2017-01-23 00:04:28,198] >> Loading model
[2017-01-23 00:04:28,588] >> Loading datasets
[2017-01-23 00:04:28,591] >> Reconstruction training started with arguments:
{'activation_noise': None,
 'adadelta': False,
 'adadelta_epsilon': '1e-6',
 'adadelta_rho': '0.95',
 'adagrad': False,
 'adagrad_decay': False,
 'batch_size': 128,
 'ce_sparsity': 0.01,
 'ce_sparsity_weight': 0.0,
 'compound': False,
 'corruption_level': 0.2,
 'datasets': (DatasetContainer [PFileStreamDataset@/export/data1/data/ddraper/train.split.pfile],
              DatasetContainer [],
              DatasetContainer []),
 'epochs': 50,
 'fix_layers': [],
 'graph': False,
 'hooks': [],
 'l1_reg': '0.0',
 'l2_reg': '0.0',
 'layer_args': {1: {}},
 'layers': [2],
 'learning_rate': '0.01',
 'loss': 'crossentropy',
 'minibatches': 2000000,
 'momentum': '',
 'noise': 'mask',
 'sparsity': 0.05,
 'sparsity_weight': 0.0,
 'validate': False,
 'verbosity': 1,
 'warn': False}
[2017-01-23 00:04:28,591] >> Reconstruction training started with da:
{'hidden_activation': u'sigmoid',
 'n_hidden': 1000,
 'n_visible': 1200,
 'tied_weights': True,
 'visible_activation': u'sigmoid'}
[2017-01-23 00:04:28,591] >> Compiling theano graph
ERROR (theano.sandbox.cuda): ERROR: Not using GPU. Initialisation of device 1 failed:
Bad device number 1. Only 1 devices available.
Using gpu device 0: Tesla M2075 (CNMeM is disabled, cuDNN not available)
[2017-01-23 00:04:52,996] >> Training started
[2017-01-23 00:06:08,860] >> epoch 0/10000, average cost 238.050644
[2017-01-23 00:07:20,104] >> epoch 0/20000, average cost 233.764053
[2017-01-23 00:08:35,354] >> epoch 0/30000, average cost 233.304932
[2017-01-23 00:09:43,303] >> epoch 0/40000, average cost 232.656479
[2017-01-23 00:11:02,195] >> epoch 0/50000, average cost 232.872696
[2017-01-23 00:12:27,533] >> epoch 0/60000, average cost 232.647446
[2017-01-23 00:13:33,266] >> epoch 0/70000, average cost 232.728256
[2017-01-23 00:14:57,699] >> epoch 0/80000, average cost 232.967056
[2017-01-23 00:16:10,586] >> epoch 0/90000, average cost 232.766953
[2017-01-23 00:17:27,982] >> epoch 0/100000, average cost 232.574570
[2017-01-23 00:18:39,794] >> epoch 0/110000, average cost 232.124054
[2017-01-23 00:19:56,375] >> epoch 0/120000, average cost 232.355331
[2017-01-23 00:21:07,401] >> epoch 0/130000, average cost 232.612350
[2017-01-23 00:22:28,210] >> epoch 0/140000, average cost 232.017456
[2017-01-23 00:23:53,344] >> epoch 0/150000, average cost 232.093323
[2017-01-23 00:24:58,973] >> epoch 0/160000, average cost 232.052719
[2017-01-23 00:26:24,497] >> epoch 0/170000, average cost 231.940506
[2017-01-23 00:27:31,413] >> epoch 0/180000, average cost 232.224579
[2017-01-23 00:28:56,620] >> epoch 0/190000, average cost 232.158295
[2017-01-23 00:30:04,641] >> epoch 0/200000, average cost 232.524124
[2017-01-23 00:31:27,939] >> epoch 0/210000, average cost 232.376953
[2017-01-23 00:32:34,603] >> epoch 0/220000, average cost 232.067245
[2017-01-23 00:34:00,168] >> epoch 0/230000, average cost 232.217697
[2017-01-23 00:35:09,362] >> epoch 0/240000, average cost 232.164429
[2017-01-23 00:36:30,248] >> epoch 0/250000, average cost 232.087906
[2017-01-23 00:37:38,961] >> epoch 0/260000, average cost 231.849731
[2017-01-23 00:39:02,669] >> epoch 0/270000, average cost 231.683548
[2017-01-23 00:40:12,309] >> epoch 0/280000, average cost 232.232544
[2017-01-23 00:41:37,029] >> epoch 0/290000, average cost 232.159546
[2017-01-23 00:42:55,392] >> epoch 0/300000, average cost 231.925003
[2017-01-23 00:43:59,737] >> epoch 0/310000, average cost 231.960098
[2017-01-23 00:45:24,673] >> epoch 0/320000, average cost 232.427505
[2017-01-23 00:46:33,479] >> epoch 0/330000, average cost 231.480499
[2017-01-23 00:48:00,681] >> epoch 0/340000, average cost 231.841675
[2017-01-23 00:49:07,517] >> epoch 0/350000, average cost 232.184143
[2017-01-23 00:50:33,477] >> epoch 0/360000, average cost 231.682953
[2017-01-23 00:51:40,281] >> epoch 0/370000, average cost 231.480179
[2017-01-23 00:53:05,969] >> epoch 0/380000, average cost 231.604706
[2017-01-23 00:54:14,311] >> epoch 0/390000, average cost 232.113907
[2017-01-23 00:54:32,091] >> epoch 1/392804, average cost 232.406967
[2017-01-23 00:57:01,660] >> epoch 1/410000, average cost 231.892426
[2017-01-23 00:58:13,360] >> epoch 1/420000, average cost 231.964096
[2017-01-23 00:59:28,449] >> epoch 1/430000, average cost 231.521255
[2017-01-23 01:00:48,583] >> epoch 1/440000, average cost 232.063522
[2017-01-23 01:01:55,382] >> epoch 1/450000, average cost 231.787598
[2017-01-23 01:03:20,167] >> epoch 1/460000, average cost 232.177750
[2017-01-23 01:04:30,592] >> epoch 1/470000, average cost 232.148193
[2017-01-23 01:05:51,409] >> epoch 1/480000, average cost 232.420425
[2017-01-23 01:07:04,804] >> epoch 1/490000, average cost 232.080795
[2017-01-23 01:08:21,586] >> epoch 1/500000, average cost 231.698853
[2017-01-23 01:09:32,745] >> epoch 1/510000, average cost 231.714600
[2017-01-23 01:10:52,715] >> epoch 1/520000, average cost 232.264145
[2017-01-23 01:12:18,541] >> epoch 1/530000, average cost 231.702194
[2017-01-23 01:13:25,306] >> epoch 1/540000, average cost 231.779526
[2017-01-23 01:14:51,281] >> epoch 1/550000, average cost 231.587997
[2017-01-23 01:15:57,707] >> epoch 1/560000, average cost 231.746307
[2017-01-23 01:17:23,311] >> epoch 1/570000, average cost 231.659058
[2017-01-23 01:18:31,660] >> epoch 1/580000, average cost 231.972305
[2017-01-23 01:19:56,423] >> epoch 1/590000, average cost 232.189651
[2017-01-23 01:21:03,273] >> epoch 1/600000, average cost 232.112030
[2017-01-23 01:22:27,756] >> epoch 1/610000, average cost 231.835480
[2017-01-23 01:23:36,861] >> epoch 1/620000, average cost 231.947021
[2017-01-23 01:25:00,401] >> epoch 1/630000, average cost 231.808319
[2017-01-23 01:26:14,145] >> epoch 1/640000, average cost 231.959793
[2017-01-23 01:27:31,467] >> epoch 1/650000, average cost 231.632507
[2017-01-23 01:28:56,709] >> epoch 1/660000, average cost 231.421005
[2017-01-23 01:30:04,242] >> epoch 1/670000, average cost 231.848068
[2017-01-23 01:31:29,562] >> epoch 1/680000, average cost 232.021469
[2017-01-23 01:32:37,605] >> epoch 1/690000, average cost 231.785751
[2017-01-23 01:33:56,511] >> epoch 1/700000, average cost 231.619247
[2017-01-23 01:35:03,845] >> epoch 1/710000, average cost 232.190308
[2017-01-23 01:36:30,340] >> epoch 1/720000, average cost 231.569244
[2017-01-23 01:37:37,578] >> epoch 1/730000, average cost 231.394302
[2017-01-23 01:39:03,721] >> epoch 1/740000, average cost 231.992844
[2017-01-23 01:40:10,972] >> epoch 1/750000, average cost 231.659500
[2017-01-23 01:41:36,512] >> epoch 1/760000, average cost 231.234955
[2017-01-23 01:42:43,516] >> epoch 1/770000, average cost 231.445175
[2017-01-23 01:44:10,675] >> epoch 1/780000, average cost 231.621506
[2017-01-23 01:44:41,590] >> epoch 2/785608, average cost 231.828522
[2017-01-23 01:46:49,396] >> epoch 2/800000, average cost 231.778671
[2017-01-23 01:48:04,425] >> epoch 2/810000, average cost 231.633408
[2017-01-23 01:49:16,360] >> epoch 2/820000, average cost 231.464325
[2017-01-23 01:50:14,590] >> epoch 2/830000, average cost 231.769104
[2017-01-23 01:51:52,449] >> epoch 2/840000, average cost 231.612122
[2017-01-23 01:53:04,636] >> epoch 2/850000, average cost 231.990677
[2017-01-23 01:54:24,233] >> epoch 2/860000, average cost 231.832825
[2017-01-23 01:55:35,714] >> epoch 2/870000, average cost 232.401672
[2017-01-23 01:56:55,548] >> epoch 2/880000, average cost 231.811752
[2017-01-23 01:58:19,892] >> epoch 2/890000, average cost 231.724655
[2017-01-23 01:59:24,637] >> epoch 2/900000, average cost 231.493103
[2017-01-23 02:00:50,393] >> epoch 2/910000, average cost 231.998672
[2017-01-23 02:01:57,047] >> epoch 2/920000, average cost 231.706650
[2017-01-23 02:03:22,765] >> epoch 2/930000, average cost 231.585968
[2017-01-23 02:04:29,390] >> epoch 2/940000, average cost 231.430405
[2017-01-23 02:05:55,146] >> epoch 2/950000, average cost 231.657532
[2017-01-23 02:07:01,778] >> epoch 2/960000, average cost 231.344177
[2017-01-23 02:08:27,482] >> epoch 2/970000, average cost 231.931229
[2017-01-23 02:09:33,745] >> epoch 2/980000, average cost 231.857651
[2017-01-23 02:10:59,612] >> epoch 2/990000, average cost 231.950623
[2017-01-23 02:12:11,068] >> epoch 2/1000000, average cost 231.792999
[2017-01-23 02:13:32,215] >> epoch 2/1010000, average cost 231.729477
[2017-01-23 02:14:42,603] >> epoch 2/1020000, average cost 231.633972
[2017-01-23 02:16:04,280] >> epoch 2/1030000, average cost 231.879471
[2017-01-23 02:17:29,433] >> epoch 2/1040000, average cost 231.554855
[2017-01-23 02:18:36,263] >> epoch 2/1050000, average cost 231.363693
[2017-01-23 02:20:02,864] >> epoch 2/1060000, average cost 231.463272
[2017-01-23 02:21:09,361] >> epoch 2/1070000, average cost 231.930771
[2017-01-23 02:22:33,193] >> epoch 2/1080000, average cost 231.747955
[2017-01-23 02:23:44,488] >> epoch 2/1090000, average cost 231.447144
[2017-01-23 02:25:02,805] >> epoch 2/1100000, average cost 231.875549
[2017-01-23 02:26:09,137] >> epoch 2/1110000, average cost 231.729843
[2017-01-23 02:27:36,809] >> epoch 2/1120000, average cost 231.117523
[2017-01-23 02:28:46,761] >> epoch 2/1130000, average cost 231.795380
[2017-01-23 02:30:10,032] >> epoch 2/1140000, average cost 231.658371
[2017-01-23 02:31:20,811] >> epoch 2/1150000, average cost 231.112854
[2017-01-23 02:32:42,149] >> epoch 2/1160000, average cost 231.308670
[2017-01-23 02:34:08,946] >> epoch 2/1170000, average cost 231.211823
[2017-01-23 02:34:54,213] >> epoch 3/1178412, average cost 231.672318
[2017-01-23 02:36:43,016] >> epoch 3/1190000, average cost 231.556076
[2017-01-23 02:37:55,449] >> epoch 3/1200000, average cost 231.406448
[2017-01-23 02:39:08,944] >> epoch 3/1210000, average cost 231.511948
[2017-01-23 02:40:14,717] >> epoch 3/1220000, average cost 231.423676
[2017-01-23 02:41:36,549] >> epoch 3/1230000, average cost 231.621719
[2017-01-23 02:42:58,926] >> epoch 3/1240000, average cost 231.720856
[2017-01-23 02:44:11,017] >> epoch 3/1250000, average cost 231.673523
[2017-01-23 02:45:30,763] >> epoch 3/1260000, average cost 232.229050
[2017-01-23 02:46:55,202] >> epoch 3/1270000, average cost 231.801743
[2017-01-23 02:48:01,682] >> epoch 3/1280000, average cost 231.746323
[2017-01-23 02:49:24,706] >> epoch 3/1290000, average cost 231.370193
[2017-01-23 02:50:31,282] >> epoch 3/1300000, average cost 231.720200
[2017-01-23 02:51:57,496] >> epoch 3/1310000, average cost 231.810822
[2017-01-23 02:53:04,190] >> epoch 3/1320000, average cost 231.390625
[2017-01-23 02:54:29,583] >> epoch 3/1330000, average cost 231.374130
[2017-01-23 02:55:36,071] >> epoch 3/1340000, average cost 231.514679
[2017-01-23 02:57:02,282] >> epoch 3/1350000, average cost 231.249496
[2017-01-23 02:58:12,350] >> epoch 3/1360000, average cost 231.768753
[2017-01-23 02:59:33,646] >> epoch 3/1370000, average cost 231.569519
[2017-01-23 03:00:47,716] >> epoch 3/1380000, average cost 231.922318
[2017-01-23 03:02:06,735] >> epoch 3/1390000, average cost 231.773102
[2017-01-23 03:03:32,298] >> epoch 3/1400000, average cost 231.536407
[2017-01-23 03:04:38,578] >> epoch 3/1410000, average cost 231.635880
[2017-01-23 03:06:03,981] >> epoch 3/1420000, average cost 231.728500
[2017-01-23 03:07:09,870] >> epoch 3/1430000, average cost 231.505249
[2017-01-23 03:08:35,919] >> epoch 3/1440000, average cost 231.346252
[2017-01-23 03:09:42,438] >> epoch 3/1450000, average cost 231.239548
[2017-01-23 03:11:09,363] >> epoch 3/1460000, average cost 231.794357
[2017-01-23 03:12:23,709] >> epoch 3/1470000, average cost 231.674698
[2017-01-23 03:13:38,219] >> epoch 3/1480000, average cost 231.403931
[2017-01-23 03:14:42,588] >> epoch 3/1490000, average cost 231.579727
[2017-01-23 03:16:08,468] >> epoch 3/1500000, average cost 231.881104
[2017-01-23 03:17:16,314] >> epoch 3/1510000, average cost 230.966980
[2017-01-23 03:18:43,487] >> epoch 3/1520000, average cost 231.574142
[2017-01-23 03:19:54,513] >> epoch 3/1530000, average cost 231.718674
[2017-01-23 03:21:16,468] >> epoch 3/1540000, average cost 231.128601
[2017-01-23 03:22:42,366] >> epoch 3/1550000, average cost 231.111801
[2017-01-23 03:23:49,491] >> epoch 3/1560000, average cost 231.152878
[2017-01-23 03:24:57,986] >> epoch 3/1570000, average cost 231.817047
[2017-01-23 03:25:07,700] >> epoch 4/1571216, average cost 231.561264
[2017-01-23 03:27:47,113] >> epoch 4/1590000, average cost 231.352951
[2017-01-23 03:29:02,344] >> epoch 4/1600000, average cost 231.575256
[2017-01-23 03:30:13,737] >> epoch 4/1610000, average cost 231.138229
[2017-01-23 03:31:32,895] >> epoch 4/1620000, average cost 231.683197
[2017-01-23 03:32:58,864] >> epoch 4/1630000, average cost 231.423706
[2017-01-23 03:34:05,712] >> epoch 4/1640000, average cost 231.769730
[2017-01-23 03:35:31,121] >> epoch 4/1650000, average cost 231.873199
[2017-01-23 03:36:39,662] >> epoch 4/1660000, average cost 231.943832
[2017-01-23 03:38:01,569] >> epoch 4/1670000, average cost 231.703918
[2017-01-23 03:39:10,977] >> epoch 4/1680000, average cost 231.291046
[2017-01-23 03:40:32,079] >> epoch 4/1690000, average cost 231.449448
[2017-01-23 03:41:38,932] >> epoch 4/1700000, average cost 231.857193
[2017-01-23 03:43:04,798] >> epoch 4/1710000, average cost 231.292282
[2017-01-23 03:44:13,120] >> epoch 4/1720000, average cost 231.373856
[2017-01-23 03:45:36,915] >> epoch 4/1730000, average cost 231.299698
[2017-01-23 03:46:46,360] >> epoch 4/1740000, average cost 231.293381
[2017-01-23 03:48:10,494] >> epoch 4/1750000, average cost 231.465378
[2017-01-23 03:49:23,457] >> epoch 4/1760000, average cost 231.482651
[2017-01-23 03:50:43,193] >> epoch 4/1770000, average cost 231.910706
[2017-01-23 03:52:08,548] >> epoch 4/1780000, average cost 231.781052
[2017-01-23 03:53:15,012] >> epoch 4/1790000, average cost 231.440994
[2017-01-23 03:54:40,877] >> epoch 4/1800000, average cost 231.613144
[2017-01-23 03:55:47,360] >> epoch 4/1810000, average cost 231.522079
[2017-01-23 03:57:12,358] >> epoch 4/1820000, average cost 231.538956
[2017-01-23 03:58:19,416] >> epoch 4/1830000, average cost 231.295746
[2017-01-23 03:59:45,958] >> epoch 4/1840000, average cost 231.104843
[2017-01-23 04:00:53,135] >> epoch 4/1850000, average cost 231.615051
[2017-01-23 04:02:19,440] >> epoch 4/1860000, average cost 231.636749
[2017-01-23 04:03:33,669] >> epoch 4/1870000, average cost 231.426498
[2017-01-23 04:04:45,576] >> epoch 4/1880000, average cost 231.366745
[2017-01-23 04:05:56,277] >> epoch 4/1890000, average cost 231.930481
[2017-01-23 04:07:19,362] >> epoch 4/1900000, average cost 231.025269
[2017-01-23 04:08:46,663] >> epoch 4/1910000, average cost 231.213272
[2017-01-23 04:09:53,900] >> epoch 4/1920000, average cost 231.695557
[2017-01-23 04:11:19,690] >> epoch 4/1930000, average cost 231.258682
[2017-01-23 04:12:25,958] >> epoch 4/1940000, average cost 230.943802
[2017-01-23 04:13:52,248] >> epoch 4/1950000, average cost 231.116623
[2017-01-23 04:15:00,558] >> epoch 4/1960000, average cost 231.496353
[2017-01-23 04:15:24,054] >> epoch 5/1964020, average cost 231.477600
[2017-01-23 04:17:44,865] >> epoch 5/1980000, average cost 231.465393
[2017-01-23 04:18:55,618] >> epoch 5/1990000, average cost 231.468948
[2017-01-23 04:20:12,664] >> epoch 5/2000000, average cost 231.060501
[2017-01-23 04:20:12,678] >> epoch 6/2000000, average cost 231.286270
[2017-01-23 04:20:12,687] >> Training finished in 4:15:19.690702
[2017-01-23 04:20:22,918] >> Loading model
[2017-01-23 04:20:23,241] >> Loading datasets
[2017-01-23 04:20:23,261] >> Reconstruction training started with arguments:
{'activation_noise': None,
 'adadelta': False,
 'adadelta_epsilon': '1e-6',
 'adadelta_rho': '0.95',
 'adagrad': False,
 'adagrad_decay': False,
 'batch_size': 128,
 'ce_sparsity': 0.01,
 'ce_sparsity_weight': 0.0,
 'compound': False,
 'corruption_level': 0.2,
 'datasets': (DatasetContainer [PFileStreamDataset@/export/data1/data/ddraper/train.split.pfile],
              DatasetContainer [],
              DatasetContainer []),
 'epochs': 50,
 'fix_layers': [],
 'graph': False,
 'hooks': [],
 'l1_reg': '0.0',
 'l2_reg': '0.0',
 'layer_args': {1: {}, 2: {}},
 'layers': [3],
 'learning_rate': '0.01',
 'loss': 'crossentropy',
 'minibatches': 2000000,
 'momentum': '',
 'noise': 'mask',
 'sparsity': 0.05,
 'sparsity_weight': 0.0,
 'validate': False,
 'verbosity': 1,
 'warn': False}
[2017-01-23 04:20:23,261] >> Reconstruction training started with da:
{'hidden_activation': u'sigmoid',
 'n_hidden': 800,
 'n_visible': 1000,
 'tied_weights': True,
 'visible_activation': u'sigmoid'}
[2017-01-23 04:20:23,261] >> Compiling theano graph
ERROR (theano.sandbox.cuda): ERROR: Not using GPU. Initialisation of device 1 failed:
Bad device number 1. Only 1 devices available.
Using gpu device 0: Tesla M2075 (CNMeM is disabled, cuDNN not available)
[2017-01-23 04:20:52,193] >> Training started
[2017-01-23 04:22:05,400] >> epoch 0/10000, average cost 509.657257
[2017-01-23 04:23:15,068] >> epoch 0/20000, average cost 501.802490
[2017-01-23 04:24:28,592] >> epoch 0/30000, average cost 500.407898
[2017-01-23 04:25:34,643] >> epoch 0/40000, average cost 499.966309
[2017-01-23 04:26:52,009] >> epoch 0/50000, average cost 499.600708
[2017-01-23 04:28:14,618] >> epoch 0/60000, average cost 499.379303
[2017-01-23 04:29:17,134] >> epoch 0/70000, average cost 499.143738
[2017-01-23 04:30:39,567] >> epoch 0/80000, average cost 498.971344
[2017-01-23 04:31:47,593] >> epoch 0/90000, average cost 498.852997
[2017-01-23 04:33:03,848] >> epoch 0/100000, average cost 498.777191
[2017-01-23 04:34:12,832] >> epoch 0/110000, average cost 498.856995
[2017-01-23 04:35:27,815] >> epoch 0/120000, average cost 498.678741
[2017-01-23 04:36:33,707] >> epoch 0/130000, average cost 498.486603
[2017-01-23 04:37:53,261] >> epoch 0/140000, average cost 498.528900
[2017-01-23 04:39:15,876] >> epoch 0/150000, average cost 498.380890
[2017-01-23 04:40:18,031] >> epoch 0/160000, average cost 498.347687
[2017-01-23 04:41:40,579] >> epoch 0/170000, average cost 498.230255
[2017-01-23 04:42:43,287] >> epoch 0/180000, average cost 498.093414
[2017-01-23 04:44:05,994] >> epoch 0/190000, average cost 498.137787
[2017-01-23 04:45:10,585] >> epoch 0/200000, average cost 497.946564
[2017-01-23 04:46:33,348] >> epoch 0/210000, average cost 497.968750
[2017-01-23 04:47:36,061] >> epoch 0/220000, average cost 497.839905
[2017-01-23 04:48:59,081] >> epoch 0/230000, average cost 497.839691
[2017-01-23 04:50:03,349] >> epoch 0/240000, average cost 497.739807
[2017-01-23 04:51:24,166] >> epoch 0/250000, average cost 497.736938
[2017-01-23 04:52:26,954] >> epoch 0/260000, average cost 497.781403
[2017-01-23 04:53:49,807] >> epoch 0/270000, average cost 497.669098
[2017-01-23 04:54:55,837] >> epoch 0/280000, average cost 497.502014
[2017-01-23 04:56:18,997] >> epoch 0/290000, average cost 497.421539
[2017-01-23 04:57:38,919] >> epoch 0/300000, average cost 497.463043
[2017-01-23 04:58:41,287] >> epoch 0/310000, average cost 497.445892
[2017-01-23 05:00:04,183] >> epoch 0/320000, average cost 497.207214
[2017-01-23 05:01:10,200] >> epoch 0/330000, average cost 497.375549
[2017-01-23 05:02:35,930] >> epoch 0/340000, average cost 497.254059
[2017-01-23 05:03:39,029] >> epoch 0/350000, average cost 497.146912
[2017-01-23 05:05:01,796] >> epoch 0/360000, average cost 497.231812
[2017-01-23 05:06:04,556] >> epoch 0/370000, average cost 497.264862
[2017-01-23 05:07:27,445] >> epoch 0/380000, average cost 497.088593
[2017-01-23 05:08:31,189] >> epoch 0/390000, average cost 497.037659
[2017-01-23 05:08:50,790] >> epoch 1/392804, average cost 498.509918
[2017-01-23 05:11:15,592] >> epoch 1/410000, average cost 496.916290
[2017-01-23 05:12:25,772] >> epoch 1/420000, average cost 496.905792
[2017-01-23 05:13:39,637] >> epoch 1/430000, average cost 497.028290
[2017-01-23 05:14:58,255] >> epoch 1/440000, average cost 497.005554
[2017-01-23 05:16:01,083] >> epoch 1/450000, average cost 496.933594
[2017-01-23 05:17:23,779] >> epoch 1/460000, average cost 496.858490
[2017-01-23 05:18:29,332] >> epoch 1/470000, average cost 496.764587
[2017-01-23 05:19:48,557] >> epoch 1/480000, average cost 496.740204
[2017-01-23 05:20:57,656] >> epoch 1/490000, average cost 496.711090
[2017-01-23 05:22:13,282] >> epoch 1/500000, average cost 496.894989
[2017-01-23 05:23:20,132] >> epoch 1/510000, average cost 496.871552
[2017-01-23 05:24:37,679] >> epoch 1/520000, average cost 496.666748
[2017-01-23 05:26:00,334] >> epoch 1/530000, average cost 496.780548
[2017-01-23 05:27:03,304] >> epoch 1/540000, average cost 496.732300
[2017-01-23 05:28:25,298] >> epoch 1/550000, average cost 496.742035
[2017-01-23 05:29:27,356] >> epoch 1/560000, average cost 496.696655
[2017-01-23 05:30:49,973] >> epoch 1/570000, average cost 496.624207
[2017-01-23 05:31:52,479] >> epoch 1/580000, average cost 496.689453
[2017-01-23 05:33:16,734] >> epoch 1/590000, average cost 496.542786
[2017-01-23 05:34:18,912] >> epoch 1/600000, average cost 496.686859
[2017-01-23 05:35:41,797] >> epoch 1/610000, average cost 496.544159
[2017-01-23 05:36:45,109] >> epoch 1/620000, average cost 496.583710
[2017-01-23 05:38:07,051] >> epoch 1/630000, average cost 496.637848
[2017-01-23 05:39:17,135] >> epoch 1/640000, average cost 496.554443
[2017-01-23 05:40:32,256] >> epoch 1/650000, average cost 496.630463
[2017-01-23 05:41:54,841] >> epoch 1/660000, average cost 496.696289
[2017-01-23 05:42:59,333] >> epoch 1/670000, average cost 496.509644
[2017-01-23 05:44:21,309] >> epoch 1/680000, average cost 496.475494
[2017-01-23 05:45:26,055] >> epoch 1/690000, average cost 496.482635
[2017-01-23 05:46:45,022] >> epoch 1/700000, average cost 496.577362
[2017-01-23 05:47:48,470] >> epoch 1/710000, average cost 496.390045
[2017-01-23 05:49:14,596] >> epoch 1/720000, average cost 496.488190
[2017-01-23 05:50:19,848] >> epoch 1/730000, average cost 496.517456
[2017-01-23 05:51:42,946] >> epoch 1/740000, average cost 496.408142
[2017-01-23 05:52:46,278] >> epoch 1/750000, average cost 496.450836
[2017-01-23 05:54:09,110] >> epoch 1/760000, average cost 496.566498
[2017-01-23 05:55:11,608] >> epoch 1/770000, average cost 496.448364
[2017-01-23 05:56:35,892] >> epoch 1/780000, average cost 496.404785
[2017-01-23 05:57:07,363] >> epoch 2/785608, average cost 496.666565
[2017-01-23 05:59:09,896] >> epoch 2/800000, average cost 496.346100
[2017-01-23 06:00:23,848] >> epoch 2/810000, average cost 496.310547
[2017-01-23 06:01:34,008] >> epoch 2/820000, average cost 496.424591
[2017-01-23 06:02:28,642] >> epoch 2/830000, average cost 496.477112
[2017-01-23 06:04:05,661] >> epoch 2/840000, average cost 496.419006
[2017-01-23 06:05:12,709] >> epoch 2/850000, average cost 496.375214
[2017-01-23 06:06:30,549] >> epoch 2/860000, average cost 496.291107
[2017-01-23 06:07:36,325] >> epoch 2/870000, average cost 496.269043
[2017-01-23 06:08:55,024] >> epoch 2/880000, average cost 496.252258
[2017-01-23 06:10:17,531] >> epoch 2/890000, average cost 496.374664
[2017-01-23 06:11:19,962] >> epoch 2/900000, average cost 496.463196
[2017-01-23 06:12:42,439] >> epoch 2/910000, average cost 496.282654
[2017-01-23 06:13:45,144] >> epoch 2/920000, average cost 496.336395
[2017-01-23 06:15:08,035] >> epoch 2/930000, average cost 496.349640
[2017-01-23 06:16:10,730] >> epoch 2/940000, average cost 496.339996
[2017-01-23 06:17:33,389] >> epoch 2/950000, average cost 496.322296
[2017-01-23 06:18:35,945] >> epoch 2/960000, average cost 496.276794
[2017-01-23 06:19:58,631] >> epoch 2/970000, average cost 496.275146
[2017-01-23 06:21:01,379] >> epoch 2/980000, average cost 496.229248
[2017-01-23 06:22:25,953] >> epoch 2/990000, average cost 496.326202
[2017-01-23 06:23:31,688] >> epoch 2/1000000, average cost 496.215454
[2017-01-23 06:24:51,349] >> epoch 2/1010000, average cost 496.251495
[2017-01-23 06:25:56,305] >> epoch 2/1020000, average cost 496.348846
[2017-01-23 06:27:17,129] >> epoch 2/1030000, average cost 496.184814
[2017-01-23 06:28:39,527] >> epoch 2/1040000, average cost 496.283997
[2017-01-23 06:29:42,365] >> epoch 2/1050000, average cost 496.432159
[2017-01-23 06:31:07,279] >> epoch 2/1060000, average cost 496.259796
[2017-01-23 06:32:10,082] >> epoch 2/1070000, average cost 496.189941
[2017-01-23 06:33:32,142] >> epoch 2/1080000, average cost 496.155914
[2017-01-23 06:34:39,807] >> epoch 2/1090000, average cost 496.318207
[2017-01-23 06:35:56,512] >> epoch 2/1100000, average cost 496.207001
[2017-01-23 06:36:59,074] >> epoch 2/1110000, average cost 496.140289
[2017-01-23 06:38:27,307] >> epoch 2/1120000, average cost 496.308807
[2017-01-23 06:39:31,297] >> epoch 2/1130000, average cost 496.186859
[2017-01-23 06:40:53,019] >> epoch 2/1140000, average cost 496.169159
[2017-01-23 06:41:58,552] >> epoch 2/1150000, average cost 496.332214
[2017-01-23 06:43:18,332] >> epoch 2/1160000, average cost 496.276398
[2017-01-23 06:44:41,433] >> epoch 2/1170000, average cost 496.200836
[2017-01-23 06:45:25,865] >> epoch 3/1178412, average cost 496.294739
[2017-01-23 06:47:10,075] >> epoch 3/1190000, average cost 496.181458
[2017-01-23 06:48:20,725] >> epoch 3/1200000, average cost 496.121094
[2017-01-23 06:49:33,008] >> epoch 3/1210000, average cost 496.186554
[2017-01-23 06:50:34,843] >> epoch 3/1220000, average cost 496.300690
[2017-01-23 06:51:50,792] >> epoch 3/1230000, average cost 496.239563
[2017-01-23 06:53:11,862] >> epoch 3/1240000, average cost 496.224091
[2017-01-23 06:54:18,896] >> epoch 3/1250000, average cost 496.145599
[2017-01-23 06:55:37,184] >> epoch 3/1260000, average cost 496.088196
[2017-01-23 06:56:59,882] >> epoch 3/1270000, average cost 496.089600
[2017-01-23 06:58:02,774] >> epoch 3/1280000, average cost 496.168793
[2017-01-23 06:59:25,027] >> epoch 3/1290000, average cost 496.313110
[2017-01-23 07:00:27,461] >> epoch 3/1300000, average cost 496.176300
[2017-01-23 07:01:50,488] >> epoch 3/1310000, average cost 496.135345
[2017-01-23 07:02:53,444] >> epoch 3/1320000, average cost 496.230011
[2017-01-23 07:04:16,385] >> epoch 3/1330000, average cost 496.179993
[2017-01-23 07:05:19,052] >> epoch 3/1340000, average cost 496.204712
[2017-01-23 07:06:42,043] >> epoch 3/1350000, average cost 496.156250
[2017-01-23 07:07:47,032] >> epoch 3/1360000, average cost 496.095856
[2017-01-23 07:09:08,030] >> epoch 3/1370000, average cost 496.184601
[2017-01-23 07:10:18,580] >> epoch 3/1380000, average cost 496.115906
[2017-01-23 07:11:35,980] >> epoch 3/1390000, average cost 496.130737
[2017-01-23 07:12:59,087] >> epoch 3/1400000, average cost 496.109100
[2017-01-23 07:14:02,019] >> epoch 3/1410000, average cost 496.168335
[2017-01-23 07:15:24,879] >> epoch 3/1420000, average cost 496.086090
[2017-01-23 07:16:27,626] >> epoch 3/1430000, average cost 496.176605
[2017-01-23 07:17:50,920] >> epoch 3/1440000, average cost 496.285736
[2017-01-23 07:18:53,256] >> epoch 3/1450000, average cost 496.178589
[2017-01-23 07:20:17,499] >> epoch 3/1460000, average cost 496.085754
[2017-01-23 07:21:26,740] >> epoch 3/1470000, average cost 496.041687
[2017-01-23 07:22:41,274] >> epoch 3/1480000, average cost 496.174500
[2017-01-23 07:23:43,958] >> epoch 3/1490000, average cost 496.166443
[2017-01-23 07:25:07,180] >> epoch 3/1500000, average cost 495.980591
[2017-01-23 07:26:13,429] >> epoch 3/1510000, average cost 496.210754
[2017-01-23 07:27:39,761] >> epoch 3/1520000, average cost 496.093506
[2017-01-23 07:28:45,726] >> epoch 3/1530000, average cost 496.028290
[2017-01-23 07:30:05,833] >> epoch 3/1540000, average cost 496.221710
[2017-01-23 07:31:28,716] >> epoch 3/1550000, average cost 496.227692
[2017-01-23 07:32:31,537] >> epoch 3/1560000, average cost 496.083496
[2017-01-23 07:33:38,821] >> epoch 3/1570000, average cost 496.083313
[2017-01-23 07:33:48,379] >> epoch 4/1571216, average cost 496.156494
[2017-01-23 07:36:23,424] >> epoch 4/1590000, average cost 496.016907
[2017-01-23 07:37:36,889] >> epoch 4/1600000, average cost 496.055115
[2017-01-23 07:38:46,797] >> epoch 4/1610000, average cost 496.193054
[2017-01-23 07:40:04,298] >> epoch 4/1620000, average cost 496.160095
[2017-01-23 07:41:27,299] >> epoch 4/1630000, average cost 496.145264
[2017-01-23 07:42:30,390] >> epoch 4/1640000, average cost 496.066803
[2017-01-23 07:43:53,393] >> epoch 4/1650000, average cost 496.002106
[2017-01-23 07:44:57,376] >> epoch 4/1660000, average cost 496.011536
[2017-01-23 07:46:18,487] >> epoch 4/1670000, average cost 496.015015
[2017-01-23 07:47:22,912] >> epoch 4/1680000, average cost 496.218842
[2017-01-23 07:48:43,496] >> epoch 4/1690000, average cost 496.164886
[2017-01-23 07:49:46,298] >> epoch 4/1700000, average cost 496.016510
[2017-01-23 07:51:09,480] >> epoch 4/1710000, average cost 496.143799
[2017-01-23 07:52:12,174] >> epoch 4/1720000, average cost 496.086761
[2017-01-23 07:53:35,097] >> epoch 4/1730000, average cost 496.123535
[2017-01-23 07:54:38,504] >> epoch 4/1740000, average cost 496.097992
[2017-01-23 07:56:00,809] >> epoch 4/1750000, average cost 496.018707
[2017-01-23 07:57:08,967] >> epoch 4/1760000, average cost 496.140350
[2017-01-23 07:58:28,268] >> epoch 4/1770000, average cost 495.961365
[2017-01-23 07:59:51,409] >> epoch 4/1780000, average cost 496.113953
[2017-01-23 08:00:54,005] >> epoch 4/1790000, average cost 495.995087
[2017-01-23 08:02:17,270] >> epoch 4/1800000, average cost 496.048401
[2017-01-23 08:03:20,209] >> epoch 4/1810000, average cost 496.075012
[2017-01-23 08:04:43,155] >> epoch 4/1820000, average cost 496.066589
[2017-01-23 08:05:45,576] >> epoch 4/1830000, average cost 496.161957
[2017-01-23 08:07:09,078] >> epoch 4/1840000, average cost 496.162659
[2017-01-23 08:08:14,064] >> epoch 4/1850000, average cost 496.023987
[2017-01-23 08:09:37,328] >> epoch 4/1860000, average cost 495.979950
[2017-01-23 08:10:48,347] >> epoch 4/1870000, average cost 496.047485
[2017-01-23 08:12:02,060] >> epoch 4/1880000, average cost 496.106689
[2017-01-23 08:13:07,813] >> epoch 4/1890000, average cost 495.908600
[2017-01-23 08:14:31,674] >> epoch 4/1900000, average cost 496.109314
[2017-01-23 08:15:57,981] >> epoch 4/1910000, average cost 496.063904
[2017-01-23 08:17:00,815] >> epoch 4/1920000, average cost 495.968811
[2017-01-23 08:18:24,060] >> epoch 4/1930000, average cost 496.080505
[2017-01-23 08:19:26,803] >> epoch 4/1940000, average cost 496.170105
[2017-01-23 08:20:50,149] >> epoch 4/1950000, average cost 496.039459
[2017-01-23 08:21:54,324] >> epoch 4/1960000, average cost 496.013794
[2017-01-23 08:22:19,040] >> epoch 5/1964020, average cost 496.074463
[2017-01-23 08:24:35,380] >> epoch 5/1980000, average cost 495.952362
[2017-01-23 08:25:44,666] >> epoch 5/1990000, average cost 495.950989
[2017-01-23 08:27:00,076] >> epoch 5/2000000, average cost 496.109192
[2017-01-23 08:27:00,079] >> epoch 6/2000000, average cost 496.017181
[2017-01-23 08:27:00,083] >> Training finished in 4:06:07.879500
[2017-01-23 08:27:10,111] >> Loading model
[2017-01-23 08:27:10,388] >> Loading datasets
[2017-01-23 08:27:10,410] >> Reconstruction training started with arguments:
{'activation_noise': None,
 'adadelta': False,
 'adadelta_epsilon': '1e-6',
 'adadelta_rho': '0.95',
 'adagrad': False,
 'adagrad_decay': False,
 'batch_size': 128,
 'ce_sparsity': 0.01,
 'ce_sparsity_weight': 0.0,
 'compound': False,
 'corruption_level': 0.2,
 'datasets': (DatasetContainer [PFileStreamDataset@/export/data1/data/ddraper/train.split.pfile],
              DatasetContainer [],
              DatasetContainer []),
 'epochs': 50,
 'fix_layers': [],
 'graph': False,
 'hooks': [],
 'l1_reg': '0.0',
 'l2_reg': '0.0',
 'layer_args': {1: {}, 2: {}, 3: {}},
 'layers': [4],
 'learning_rate': '0.01',
 'loss': 'crossentropy',
 'minibatches': 2000000,
 'momentum': '',
 'noise': 'mask',
 'sparsity': 0.05,
 'sparsity_weight': 0.0,
 'validate': False,
 'verbosity': 1,
 'warn': False}
[2017-01-23 08:27:10,410] >> Reconstruction training started with da:
{'hidden_activation': u'sigmoid',
 'n_hidden': 600,
 'n_visible': 800,
 'tied_weights': True,
 'visible_activation': u'sigmoid'}
[2017-01-23 08:27:10,410] >> Compiling theano graph
ERROR (theano.sandbox.cuda): ERROR: Not using GPU. Initialisation of device 1 failed:
Bad device number 1. Only 1 devices available.
Using gpu device 0: Tesla M2075 (CNMeM is disabled, cuDNN not available)
[2017-01-23 08:27:38,830] >> Training started
[2017-01-23 08:28:52,588] >> epoch 0/10000, average cost 94.801315
[2017-01-23 08:30:02,704] >> epoch 0/20000, average cost 90.739090
[2017-01-23 08:31:16,768] >> epoch 0/30000, average cost 90.354187
[2017-01-23 08:32:23,243] >> epoch 0/40000, average cost 89.907028
[2017-01-23 08:33:40,369] >> epoch 0/50000, average cost 90.066261
[2017-01-23 08:35:02,885] >> epoch 0/60000, average cost 89.911865
[2017-01-23 08:36:05,683] >> epoch 0/70000, average cost 89.972153
[2017-01-23 08:37:28,827] >> epoch 0/80000, average cost 90.141144
[2017-01-23 08:38:36,556] >> epoch 0/90000, average cost 89.961197
[2017-01-23 08:39:53,556] >> epoch 0/100000, average cost 89.744347
[2017-01-23 08:41:02,732] >> epoch 0/110000, average cost 89.379578
[2017-01-23 08:42:18,655] >> epoch 0/120000, average cost 89.533012
[2017-01-23 08:43:23,804] >> epoch 0/130000, average cost 89.750824
[2017-01-23 08:44:43,744] >> epoch 0/140000, average cost 89.286751
[2017-01-23 08:46:06,477] >> epoch 0/150000, average cost 89.256836
[2017-01-23 08:47:08,656] >> epoch 0/160000, average cost 89.260315
[2017-01-23 08:48:30,937] >> epoch 0/170000, average cost 89.169495
[2017-01-23 08:49:33,159] >> epoch 0/180000, average cost 89.371078
[2017-01-23 08:50:55,775] >> epoch 0/190000, average cost 89.265999
[2017-01-23 08:52:00,401] >> epoch 0/200000, average cost 89.578140
[2017-01-23 08:53:23,096] >> epoch 0/210000, average cost 89.437691
[2017-01-23 08:54:25,176] >> epoch 0/220000, average cost 89.278336
[2017-01-23 08:55:47,891] >> epoch 0/230000, average cost 89.330482
[2017-01-23 08:56:51,388] >> epoch 0/240000, average cost 89.261635
[2017-01-23 08:58:12,719] >> epoch 0/250000, average cost 89.186584
[2017-01-23 08:59:15,124] >> epoch 0/260000, average cost 89.014046
[2017-01-23 09:00:37,997] >> epoch 0/270000, average cost 88.890350
[2017-01-23 09:01:43,828] >> epoch 0/280000, average cost 89.300339
[2017-01-23 09:03:06,916] >> epoch 0/290000, average cost 89.229744
[2017-01-23 09:04:27,391] >> epoch 0/300000, average cost 89.044083
[2017-01-23 09:05:29,155] >> epoch 0/310000, average cost 88.999107
[2017-01-23 09:06:52,036] >> epoch 0/320000, average cost 89.421684
[2017-01-23 09:07:58,356] >> epoch 0/330000, average cost 88.604248
[2017-01-23 09:09:24,733] >> epoch 0/340000, average cost 88.850311
[2017-01-23 09:10:27,520] >> epoch 0/350000, average cost 89.180374
[2017-01-23 09:11:50,443] >> epoch 0/360000, average cost 88.731491
[2017-01-23 09:12:52,843] >> epoch 0/370000, average cost 88.545448
[2017-01-23 09:14:16,014] >> epoch 0/380000, average cost 88.690849
[2017-01-23 09:15:19,597] >> epoch 0/390000, average cost 89.075836
[2017-01-23 09:15:39,092] >> epoch 1/392804, average cost 89.522095
[2017-01-23 09:18:04,912] >> epoch 1/410000, average cost 88.893372
[2017-01-23 09:19:15,433] >> epoch 1/420000, average cost 88.877487
[2017-01-23 09:20:29,676] >> epoch 1/430000, average cost 88.530609
[2017-01-23 09:21:48,913] >> epoch 1/440000, average cost 88.927643
[2017-01-23 09:22:51,433] >> epoch 1/450000, average cost 88.720078
[2017-01-23 09:24:14,519] >> epoch 1/460000, average cost 89.033813
[2017-01-23 09:25:19,744] >> epoch 1/470000, average cost 89.039276
[2017-01-23 09:26:39,283] >> epoch 1/480000, average cost 89.245590
[2017-01-23 09:27:47,536] >> epoch 1/490000, average cost 88.905861
[2017-01-23 09:29:04,080] >> epoch 1/500000, average cost 88.612503
[2017-01-23 09:30:10,708] >> epoch 1/510000, average cost 88.625671
[2017-01-23 09:31:29,050] >> epoch 1/520000, average cost 89.034698
[2017-01-23 09:32:52,047] >> epoch 1/530000, average cost 88.629013
[2017-01-23 09:33:54,548] >> epoch 1/540000, average cost 88.597298
[2017-01-23 09:35:17,422] >> epoch 1/550000, average cost 88.508316
[2017-01-23 09:36:19,649] >> epoch 1/560000, average cost 88.581413
[2017-01-23 09:37:42,641] >> epoch 1/570000, average cost 88.511047
[2017-01-23 09:38:45,399] >> epoch 1/580000, average cost 88.714912
[2017-01-23 09:40:10,195] >> epoch 1/590000, average cost 88.912170
[2017-01-23 09:41:12,573] >> epoch 1/600000, average cost 88.800636
[2017-01-23 09:42:35,783] >> epoch 1/610000, average cost 88.662865
[2017-01-23 09:43:38,613] >> epoch 1/620000, average cost 88.753540
[2017-01-23 09:45:01,502] >> epoch 1/630000, average cost 88.571098
[2017-01-23 09:46:10,608] >> epoch 1/640000, average cost 88.673012
[2017-01-23 09:47:26,168] >> epoch 1/650000, average cost 88.473000
[2017-01-23 09:48:49,404] >> epoch 1/660000, average cost 88.281914
[2017-01-23 09:49:54,197] >> epoch 1/670000, average cost 88.624153
[2017-01-23 09:51:17,138] >> epoch 1/680000, average cost 88.728264
[2017-01-23 09:52:22,058] >> epoch 1/690000, average cost 88.572441
[2017-01-23 09:53:41,373] >> epoch 1/700000, average cost 88.361115
[2017-01-23 09:54:44,072] >> epoch 1/710000, average cost 88.857124
[2017-01-23 09:56:10,231] >> epoch 1/720000, average cost 88.332153
[2017-01-23 09:57:15,935] >> epoch 1/730000, average cost 88.168312
[2017-01-23 09:58:39,127] >> epoch 1/740000, average cost 88.644859
[2017-01-23 09:59:41,630] >> epoch 1/750000, average cost 88.392410
[2017-01-23 10:01:04,418] >> epoch 1/760000, average cost 88.000534
[2017-01-23 10:02:06,686] >> epoch 1/770000, average cost 88.211098
[2017-01-23 10:03:30,633] >> epoch 1/780000, average cost 88.376160
[2017-01-23 10:04:01,885] >> epoch 2/785608, average cost 88.642845
[2017-01-23 10:06:05,273] >> epoch 2/800000, average cost 88.469696
[2017-01-23 10:07:19,396] >> epoch 2/810000, average cost 88.332527
[2017-01-23 10:08:29,752] >> epoch 2/820000, average cost 88.150307
[2017-01-23 10:09:24,068] >> epoch 2/830000, average cost 88.403664
[2017-01-23 10:11:01,538] >> epoch 2/840000, average cost 88.280403
[2017-01-23 10:12:08,336] >> epoch 2/850000, average cost 88.575264
[2017-01-23 10:13:26,788] >> epoch 2/860000, average cost 88.473000
[2017-01-23 10:14:31,872] >> epoch 2/870000, average cost 88.944710
[2017-01-23 10:15:51,273] >> epoch 2/880000, average cost 88.435829
[2017-01-23 10:17:14,110] >> epoch 2/890000, average cost 88.336380
[2017-01-23 10:18:16,147] >> epoch 2/900000, average cost 88.164375
[2017-01-23 10:19:38,966] >> epoch 2/910000, average cost 88.533073
[2017-01-23 10:20:41,322] >> epoch 2/920000, average cost 88.346634
[2017-01-23 10:22:03,876] >> epoch 2/930000, average cost 88.199104
[2017-01-23 10:23:06,286] >> epoch 2/940000, average cost 88.093475
[2017-01-23 10:24:29,004] >> epoch 2/950000, average cost 88.223969
[2017-01-23 10:25:31,303] >> epoch 2/960000, average cost 88.035896
[2017-01-23 10:26:53,885] >> epoch 2/970000, average cost 88.420540
[2017-01-23 10:27:56,332] >> epoch 2/980000, average cost 88.368774
[2017-01-23 10:29:21,257] >> epoch 2/990000, average cost 88.417412
[2017-01-23 10:30:26,884] >> epoch 2/1000000, average cost 88.323311
[2017-01-23 10:31:46,999] >> epoch 2/1010000, average cost 88.317566
[2017-01-23 10:32:51,488] >> epoch 2/1020000, average cost 88.184090
[2017-01-23 10:34:12,766] >> epoch 2/1030000, average cost 88.341835
[2017-01-23 10:35:35,238] >> epoch 2/1040000, average cost 88.148697
[2017-01-23 10:36:37,742] >> epoch 2/1050000, average cost 87.950813
[2017-01-23 10:38:03,353] >> epoch 2/1060000, average cost 88.055420
[2017-01-23 10:39:05,841] >> epoch 2/1070000, average cost 88.395103
[2017-01-23 10:40:28,040] >> epoch 2/1080000, average cost 88.256737
[2017-01-23 10:41:35,893] >> epoch 2/1090000, average cost 87.975090
[2017-01-23 10:42:53,434] >> epoch 2/1100000, average cost 88.299423
[2017-01-23 10:43:55,825] >> epoch 2/1110000, average cost 88.237938
[2017-01-23 10:45:25,699] >> epoch 2/1120000, average cost 87.666847
[2017-01-23 10:46:29,545] >> epoch 2/1130000, average cost 88.223770
[2017-01-23 10:47:51,364] >> epoch 2/1140000, average cost 88.111229
[2017-01-23 10:48:56,432] >> epoch 2/1150000, average cost 87.649086
[2017-01-23 10:50:16,591] >> epoch 2/1160000, average cost 87.814583
[2017-01-23 10:51:39,685] >> epoch 2/1170000, average cost 87.809639
[2017-01-23 10:52:23,669] >> epoch 3/1178412, average cost 88.238579
[2017-01-23 10:54:08,958] >> epoch 3/1190000, average cost 88.044243
[2017-01-23 10:55:20,012] >> epoch 3/1200000, average cost 87.893898
[2017-01-23 10:56:32,213] >> epoch 3/1210000, average cost 87.929199
[2017-01-23 10:57:35,215] >> epoch 3/1220000, average cost 87.889786
[2017-01-23 10:58:53,996] >> epoch 3/1230000, average cost 87.997650
[2017-01-23 11:00:14,767] >> epoch 3/1240000, average cost 88.114372
[2017-01-23 11:01:21,608] >> epoch 3/1250000, average cost 88.101990
[2017-01-23 11:02:39,928] >> epoch 3/1260000, average cost 88.519379
[2017-01-23 11:04:02,420] >> epoch 3/1270000, average cost 88.199013
[2017-01-23 11:05:04,940] >> epoch 3/1280000, average cost 88.110924
[2017-01-23 11:06:26,830] >> epoch 3/1290000, average cost 87.799583
[2017-01-23 11:07:29,055] >> epoch 3/1300000, average cost 88.071175
[2017-01-23 11:08:52,265] >> epoch 3/1310000, average cost 88.166328
[2017-01-23 11:09:54,738] >> epoch 3/1320000, average cost 87.827522
[2017-01-23 11:11:17,752] >> epoch 3/1330000, average cost 87.780716
[2017-01-23 11:12:19,982] >> epoch 3/1340000, average cost 87.881874
[2017-01-23 11:13:42,663] >> epoch 3/1350000, average cost 87.696938
[2017-01-23 11:14:46,784] >> epoch 3/1360000, average cost 88.073914
[2017-01-23 11:16:07,996] >> epoch 3/1370000, average cost 87.889915
[2017-01-23 11:17:18,228] >> epoch 3/1380000, average cost 88.163254
[2017-01-23 11:18:35,499] >> epoch 3/1390000, average cost 88.068085
[2017-01-23 11:19:58,522] >> epoch 3/1400000, average cost 87.936340
[2017-01-23 11:21:01,173] >> epoch 3/1410000, average cost 87.970802
[2017-01-23 11:22:24,125] >> epoch 3/1420000, average cost 88.007408
[2017-01-23 11:23:26,789] >> epoch 3/1430000, average cost 87.843140
[2017-01-23 11:24:49,733] >> epoch 3/1440000, average cost 87.707939
[2017-01-23 11:25:52,413] >> epoch 3/1450000, average cost 87.650497
[2017-01-23 11:27:17,672] >> epoch 3/1460000, average cost 88.072090
[2017-01-23 11:28:27,320] >> epoch 3/1470000, average cost 87.984573
[2017-01-23 11:29:41,586] >> epoch 3/1480000, average cost 87.748840
[2017-01-23 11:30:43,863] >> epoch 3/1490000, average cost 87.846115
[2017-01-23 11:32:07,178] >> epoch 3/1500000, average cost 88.119247
[2017-01-23 11:33:13,236] >> epoch 3/1510000, average cost 87.358032
[2017-01-23 11:34:39,500] >> epoch 3/1520000, average cost 87.811447
[2017-01-23 11:35:44,572] >> epoch 3/1530000, average cost 87.960358
[2017-01-23 11:37:04,980] >> epoch 3/1540000, average cost 87.473259
[2017-01-23 11:38:27,726] >> epoch 3/1550000, average cost 87.425209
[2017-01-23 11:39:30,226] >> epoch 3/1560000, average cost 87.547203
[2017-01-23 11:40:36,976] >> epoch 3/1570000, average cost 88.011002
[2017-01-23 11:40:46,469] >> epoch 4/1571216, average cost 87.913666
[2017-01-23 11:43:21,537] >> epoch 4/1590000, average cost 87.676826
[2017-01-23 11:44:34,748] >> epoch 4/1600000, average cost 87.758308
[2017-01-23 11:45:44,486] >> epoch 4/1610000, average cost 87.455177
[2017-01-23 11:47:02,286] >> epoch 4/1620000, average cost 87.842484
[2017-01-23 11:48:24,712] >> epoch 4/1630000, average cost 87.685928
[2017-01-23 11:49:27,464] >> epoch 4/1640000, average cost 87.932198
[2017-01-23 11:50:49,778] >> epoch 4/1650000, average cost 88.063866
[2017-01-23 11:51:53,200] >> epoch 4/1660000, average cost 88.095009
[2017-01-23 11:53:14,195] >> epoch 4/1670000, average cost 87.849800
[2017-01-23 11:54:18,592] >> epoch 4/1680000, average cost 87.570953
[2017-01-23 11:55:38,304] >> epoch 4/1690000, average cost 87.644928
[2017-01-23 11:56:40,512] >> epoch 4/1700000, average cost 87.994164
[2017-01-23 11:58:03,204] >> epoch 4/1710000, average cost 87.555984
[2017-01-23 11:59:05,485] >> epoch 4/1720000, average cost 87.560890
[2017-01-23 12:00:27,243] >> epoch 4/1730000, average cost 87.533714
[2017-01-23 12:01:29,980] >> epoch 4/1740000, average cost 87.507187
[2017-01-23 12:02:52,275] >> epoch 4/1750000, average cost 87.637489
[2017-01-23 12:03:59,892] >> epoch 4/1760000, average cost 87.612717
[2017-01-23 12:05:19,450] >> epoch 4/1770000, average cost 87.976784
[2017-01-23 12:06:42,579] >> epoch 4/1780000, average cost 87.827850
[2017-01-23 12:07:44,720] >> epoch 4/1790000, average cost 87.662819
[2017-01-23 12:09:07,591] >> epoch 4/1800000, average cost 87.762047
[2017-01-23 12:10:10,205] >> epoch 4/1810000, average cost 87.635330
[2017-01-23 12:11:33,200] >> epoch 4/1820000, average cost 87.659393
[2017-01-23 12:12:35,622] >> epoch 4/1830000, average cost 87.489944
[2017-01-23 12:13:58,855] >> epoch 4/1840000, average cost 87.340034
[2017-01-23 12:15:03,741] >> epoch 4/1850000, average cost 87.723549
[2017-01-23 12:16:26,622] >> epoch 4/1860000, average cost 87.745026
[2017-01-23 12:17:37,440] >> epoch 4/1870000, average cost 87.567085
[2017-01-23 12:18:50,917] >> epoch 4/1880000, average cost 87.482452
[2017-01-23 12:19:55,916] >> epoch 4/1890000, average cost 87.940155
[2017-01-23 12:21:19,906] >> epoch 4/1900000, average cost 87.224648
[2017-01-23 12:22:46,612] >> epoch 4/1910000, average cost 87.307732
[2017-01-23 12:23:48,880] >> epoch 4/1920000, average cost 87.746613
[2017-01-23 12:25:11,826] >> epoch 4/1930000, average cost 87.382599
[2017-01-23 12:26:13,869] >> epoch 4/1940000, average cost 87.100288
[2017-01-23 12:27:36,834] >> epoch 4/1950000, average cost 87.299858
[2017-01-23 12:28:40,485] >> epoch 4/1960000, average cost 87.574280
[2017-01-23 12:29:05,053] >> epoch 5/1964020, average cost 87.643127
[2017-01-23 12:31:21,260] >> epoch 5/1980000, average cost 87.550438
[2017-01-23 12:32:30,368] >> epoch 5/1990000, average cost 87.510902
[2017-01-23 12:33:45,577] >> epoch 5/2000000, average cost 87.179535
[2017-01-23 12:33:45,594] >> epoch 6/2000000, average cost 87.384277
[2017-01-23 12:33:45,597] >> Training finished in 4:06:06.761871
[2017-01-23 12:33:55,189] >> Loading model
[2017-01-23 12:33:55,441] >> Loading datasets
[2017-01-23 12:33:55,463] >> Reconstruction training started with arguments:
{'activation_noise': None,
 'adadelta': False,
 'adadelta_epsilon': '1e-6',
 'adadelta_rho': '0.95',
 'adagrad': False,
 'adagrad_decay': False,
 'batch_size': 128,
 'ce_sparsity': 0.01,
 'ce_sparsity_weight': 0.0,
 'compound': False,
 'corruption_level': 0.2,
 'datasets': (DatasetContainer [PFileStreamDataset@/export/data1/data/ddraper/train.split.pfile],
              DatasetContainer [],
              DatasetContainer []),
 'epochs': 50,
 'fix_layers': [],
 'graph': False,
 'hooks': [],
 'l1_reg': '0.0',
 'l2_reg': '0.0',
 'layer_args': {1: {}, 2: {}, 3: {}, 4: {}},
 'layers': [5],
 'learning_rate': '0.01',
 'loss': 'crossentropy',
 'minibatches': 2000000,
 'momentum': '',
 'noise': 'mask',
 'sparsity': 0.05,
 'sparsity_weight': 0.0,
 'validate': False,
 'verbosity': 1,
 'warn': False}
[2017-01-23 12:33:55,463] >> Reconstruction training started with da:
{'hidden_activation': u'sigmoid',
 'n_hidden': 400,
 'n_visible': 600,
 'tied_weights': True,
 'visible_activation': u'sigmoid'}
[2017-01-23 12:33:55,463] >> Compiling theano graph
ERROR (theano.sandbox.cuda): ERROR: Not using GPU. Initialisation of device 1 failed:
Bad device number 1. Only 1 devices available.
Using gpu device 0: Tesla M2075 (CNMeM is disabled, cuDNN not available)
[2017-01-23 12:34:23,862] >> Training started
[2017-01-23 12:35:26,740] >> epoch 0/10000, average cost 186.898193
[2017-01-23 12:36:31,012] >> epoch 0/20000, average cost 182.155304
[2017-01-23 12:37:34,308] >> epoch 0/30000, average cost 180.836533
[2017-01-23 12:38:35,848] >> epoch 0/40000, average cost 180.168427
[2017-01-23 12:39:51,909] >> epoch 0/50000, average cost 179.920578
[2017-01-23 12:41:10,935] >> epoch 0/60000, average cost 179.663986
[2017-01-23 12:42:09,278] >> epoch 0/70000, average cost 179.582748
[2017-01-23 12:43:27,783] >> epoch 0/80000, average cost 179.537994
[2017-01-23 12:44:29,224] >> epoch 0/90000, average cost 179.373627
[2017-01-23 12:45:43,049] >> epoch 0/100000, average cost 179.257401
[2017-01-23 12:46:44,408] >> epoch 0/110000, average cost 179.109360
[2017-01-23 12:47:57,914] >> epoch 0/120000, average cost 179.091049
[2017-01-23 12:48:57,387] >> epoch 0/130000, average cost 179.106918
[2017-01-23 12:50:15,846] >> epoch 0/140000, average cost 178.916473
[2017-01-23 12:51:34,789] >> epoch 0/150000, average cost 178.866547
[2017-01-23 12:52:33,549] >> epoch 0/160000, average cost 178.803375
[2017-01-23 12:53:52,869] >> epoch 0/170000, average cost 178.721725
[2017-01-23 12:54:52,851] >> epoch 0/180000, average cost 178.753418
[2017-01-23 12:56:11,137] >> epoch 0/190000, average cost 178.715530
[2017-01-23 12:57:14,555] >> epoch 0/200000, average cost 178.761566
[2017-01-23 12:58:32,511] >> epoch 0/210000, average cost 178.678482
[2017-01-23 12:59:31,163] >> epoch 0/220000, average cost 178.606995
[2017-01-23 13:00:50,025] >> epoch 0/230000, average cost 178.599350
[2017-01-23 13:01:48,579] >> epoch 0/240000, average cost 178.514679
[2017-01-23 13:03:06,895] >> epoch 0/250000, average cost 178.485840
[2017-01-23 13:04:06,004] >> epoch 0/260000, average cost 178.459457
[2017-01-23 13:05:26,029] >> epoch 0/270000, average cost 178.335144
[2017-01-23 13:06:29,590] >> epoch 0/280000, average cost 178.420700
[2017-01-23 13:07:49,657] >> epoch 0/290000, average cost 178.373627
[2017-01-23 13:09:05,547] >> epoch 0/300000, average cost 178.299744
[2017-01-23 13:10:03,144] >> epoch 0/310000, average cost 178.265518
[2017-01-23 13:11:23,530] >> epoch 0/320000, average cost 178.356171
[2017-01-23 13:12:28,590] >> epoch 0/330000, average cost 178.085098
[2017-01-23 13:13:54,578] >> epoch 0/340000, average cost 178.123001
[2017-01-23 13:14:53,691] >> epoch 0/350000, average cost 178.215485
[2017-01-23 13:16:12,878] >> epoch 0/360000, average cost 178.066971
[2017-01-23 13:17:11,799] >> epoch 0/370000, average cost 178.000793
[2017-01-23 13:18:33,216] >> epoch 0/380000, average cost 178.009537
[2017-01-23 13:19:34,837] >> epoch 0/390000, average cost 178.101562
[2017-01-23 13:19:50,996] >> epoch 1/392804, average cost 179.075775
[2017-01-23 13:21:59,912] >> epoch 1/410000, average cost 178.008408
[2017-01-23 13:23:03,919] >> epoch 1/420000, average cost 177.996231
[2017-01-23 13:24:06,616] >> epoch 1/430000, average cost 177.904449
[2017-01-23 13:25:26,890] >> epoch 1/440000, average cost 178.014206
[2017-01-23 13:26:26,092] >> epoch 1/450000, average cost 177.895126
[2017-01-23 13:27:44,406] >> epoch 1/460000, average cost 178.002701
[2017-01-23 13:28:43,928] >> epoch 1/470000, average cost 177.983154
[2017-01-23 13:30:01,447] >> epoch 1/480000, average cost 178.031311
[2017-01-23 13:31:02,980] >> epoch 1/490000, average cost 177.893906
[2017-01-23 13:32:16,885] >> epoch 1/500000, average cost 177.853943
[2017-01-23 13:33:17,220] >> epoch 1/510000, average cost 177.814682
[2017-01-23 13:34:33,925] >> epoch 1/520000, average cost 177.917450
[2017-01-23 13:35:53,209] >> epoch 1/530000, average cost 177.799805
[2017-01-23 13:36:52,098] >> epoch 1/540000, average cost 177.771805
[2017-01-23 13:38:10,808] >> epoch 1/550000, average cost 177.724899
[2017-01-23 13:39:09,300] >> epoch 1/560000, average cost 177.723770
[2017-01-23 13:40:28,862] >> epoch 1/570000, average cost 177.686890
[2017-01-23 13:41:27,214] >> epoch 1/580000, average cost 177.771637
[2017-01-23 13:42:50,112] >> epoch 1/590000, average cost 177.812576
[2017-01-23 13:43:48,515] >> epoch 1/600000, average cost 177.754257
[2017-01-23 13:45:07,072] >> epoch 1/610000, average cost 177.720627
[2017-01-23 13:46:06,325] >> epoch 1/620000, average cost 177.733170
[2017-01-23 13:47:25,891] >> epoch 1/630000, average cost 177.667206
[2017-01-23 13:48:28,272] >> epoch 1/640000, average cost 177.678070
[2017-01-23 13:49:43,062] >> epoch 1/650000, average cost 177.654175
[2017-01-23 13:51:03,036] >> epoch 1/660000, average cost 177.585922
[2017-01-23 13:52:06,724] >> epoch 1/670000, average cost 177.627045
[2017-01-23 13:53:26,252] >> epoch 1/680000, average cost 177.674271
[2017-01-23 13:54:25,292] >> epoch 1/690000, average cost 177.611725
[2017-01-23 13:55:40,242] >> epoch 1/700000, average cost 177.552094
[2017-01-23 13:56:41,061] >> epoch 1/710000, average cost 177.694092
[2017-01-23 13:58:06,488] >> epoch 1/720000, average cost 177.529221
[2017-01-23 13:59:10,956] >> epoch 1/730000, average cost 177.445877
[2017-01-23 14:00:31,583] >> epoch 1/740000, average cost 177.605453
[2017-01-23 14:01:31,022] >> epoch 1/750000, average cost 177.526993
[2017-01-23 14:02:50,581] >> epoch 1/760000, average cost 177.422531
[2017-01-23 14:03:49,453] >> epoch 1/770000, average cost 177.472046
[2017-01-23 14:05:13,436] >> epoch 1/780000, average cost 177.508820
[2017-01-23 14:05:40,765] >> epoch 2/785608, average cost 177.740616
[2017-01-23 14:07:32,700] >> epoch 2/800000, average cost 177.521683
[2017-01-23 14:08:35,688] >> epoch 2/810000, average cost 177.471375
[2017-01-23 14:09:39,940] >> epoch 2/820000, average cost 177.449295
[2017-01-23 14:10:29,606] >> epoch 2/830000, average cost 177.526978
[2017-01-23 14:12:05,358] >> epoch 2/840000, average cost 177.454178
[2017-01-23 14:13:06,472] >> epoch 2/850000, average cost 177.552307
[2017-01-23 14:14:22,582] >> epoch 2/860000, average cost 177.524521
[2017-01-23 14:15:22,075] >> epoch 2/870000, average cost 177.657623
[2017-01-23 14:16:39,662] >> epoch 2/880000, average cost 177.464157
[2017-01-23 14:17:56,929] >> epoch 2/890000, average cost 177.494705
[2017-01-23 14:18:54,714] >> epoch 2/900000, average cost 177.421921
[2017-01-23 14:20:13,692] >> epoch 2/910000, average cost 177.517303
[2017-01-23 14:21:12,799] >> epoch 2/920000, average cost 177.473297
[2017-01-23 14:22:32,390] >> epoch 2/930000, average cost 177.418930
[2017-01-23 14:23:31,230] >> epoch 2/940000, average cost 177.375015
[2017-01-23 14:24:50,620] >> epoch 2/950000, average cost 177.406845
[2017-01-23 14:25:49,592] >> epoch 2/960000, average cost 177.322403
[2017-01-23 14:27:09,528] >> epoch 2/970000, average cost 177.474503
[2017-01-23 14:28:07,980] >> epoch 2/980000, average cost 177.461472
[2017-01-23 14:29:30,903] >> epoch 2/990000, average cost 177.455444
[2017-01-23 14:30:30,704] >> epoch 2/1000000, average cost 177.433304
[2017-01-23 14:31:48,978] >> epoch 2/1010000, average cost 177.423477
[2017-01-23 14:32:48,182] >> epoch 2/1020000, average cost 177.395248
[2017-01-23 14:34:07,383] >> epoch 2/1030000, average cost 177.407288
[2017-01-23 14:35:26,156] >> epoch 2/1040000, average cost 177.377731
[2017-01-23 14:36:25,776] >> epoch 2/1050000, average cost 177.355560
[2017-01-23 14:37:49,756] >> epoch 2/1060000, average cost 177.320419
[2017-01-23 14:38:49,270] >> epoch 2/1070000, average cost 177.427872
[2017-01-23 14:40:06,942] >> epoch 2/1080000, average cost 177.374023
[2017-01-23 14:41:07,636] >> epoch 2/1090000, average cost 177.304611
[2017-01-23 14:42:24,005] >> epoch 2/1100000, average cost 177.407639
[2017-01-23 14:43:22,992] >> epoch 2/1110000, average cost 177.363892
[2017-01-23 14:44:54,202] >> epoch 2/1120000, average cost 177.186996
[2017-01-23 14:45:54,922] >> epoch 2/1130000, average cost 177.353149
[2017-01-23 14:47:14,353] >> epoch 2/1140000, average cost 177.318771
[2017-01-23 14:48:14,803] >> epoch 2/1150000, average cost 177.208069
[2017-01-23 14:49:32,976] >> epoch 2/1160000, average cost 177.239639
[2017-01-23 14:50:56,161] >> epoch 2/1170000, average cost 177.233612
[2017-01-23 14:51:34,743] >> epoch 3/1178412, average cost 177.409744
[2017-01-23 14:53:08,428] >> epoch 3/1190000, average cost 177.285904
[2017-01-23 14:54:12,536] >> epoch 3/1200000, average cost 177.238190
[2017-01-23 14:55:15,451] >> epoch 3/1210000, average cost 177.276154
[2017-01-23 14:56:13,013] >> epoch 3/1220000, average cost 177.272781
[2017-01-23 14:57:28,893] >> epoch 3/1230000, average cost 177.285294
[2017-01-23 14:58:47,747] >> epoch 3/1240000, average cost 177.306107
[2017-01-23 14:59:47,928] >> epoch 3/1250000, average cost 177.314606
[2017-01-23 15:01:05,075] >> epoch 3/1260000, average cost 177.440170
[2017-01-23 15:02:23,182] >> epoch 3/1270000, average cost 177.307693
[2017-01-23 15:03:21,057] >> epoch 3/1280000, average cost 177.315598
[2017-01-23 15:04:37,899] >> epoch 3/1290000, average cost 177.238556
[2017-01-23 15:05:35,568] >> epoch 3/1300000, average cost 177.291275
[2017-01-23 15:06:45,423] >> epoch 3/1310000, average cost 177.323151
[2017-01-23 15:07:36,863] >> epoch 3/1320000, average cost 177.215698
[2017-01-23 15:09:07,361] >> epoch 3/1330000, average cost 177.202606
[2017-01-23 15:10:11,998] >> epoch 3/1340000, average cost 177.210327
[2017-01-23 15:11:42,769] >> epoch 3/1350000, average cost 177.149628
[2017-01-23 15:12:49,711] >> epoch 3/1360000, average cost 177.262909
[2017-01-23 15:14:18,709] >> epoch 3/1370000, average cost 177.238022
[2017-01-23 15:15:24,329] >> epoch 3/1380000, average cost 177.284348
[2017-01-23 15:16:58,444] >> epoch 3/1390000, average cost 177.256653
[2017-01-23 15:18:32,992] >> epoch 3/1400000, average cost 177.221207
[2017-01-23 15:19:41,142] >> epoch 3/1410000, average cost 177.242844
[2017-01-23 15:21:16,347] >> epoch 3/1420000, average cost 177.207245
[2017-01-23 15:22:23,249] >> epoch 3/1430000, average cost 177.200409
[2017-01-23 15:24:00,137] >> epoch 3/1440000, average cost 177.199768
[2017-01-23 15:25:09,013] >> epoch 3/1450000, average cost 177.114243
[2017-01-23 15:26:45,758] >> epoch 3/1460000, average cost 177.231918
[2017-01-23 15:27:53,354] >> epoch 3/1470000, average cost 177.204407
[2017-01-23 15:29:30,256] >> epoch 3/1480000, average cost 177.136871
[2017-01-23 15:30:39,259] >> epoch 3/1490000, average cost 177.181030
[2017-01-23 15:31:54,184] >> epoch 3/1500000, average cost 177.229889
[2017-01-23 15:33:04,811] >> epoch 3/1510000, average cost 177.009171
[2017-01-23 15:34:40,657] >> epoch 3/1520000, average cost 177.129196
[2017-01-23 15:35:45,636] >> epoch 3/1530000, average cost 177.178070
[2017-01-23 15:37:27,259] >> epoch 3/1540000, average cost 177.058853
[2017-01-23 15:39:03,032] >> epoch 3/1550000, average cost 177.034576
[2017-01-23 15:40:10,357] >> epoch 3/1560000, average cost 177.056641
[2017-01-23 15:41:30,091] >> epoch 3/1570000, average cost 177.179825
[2017-01-23 15:41:34,984] >> epoch 4/1571216, average cost 177.218292
[2017-01-23 15:45:06,292] >> epoch 4/1590000, average cost 177.076294
[2017-01-23 15:46:41,660] >> epoch 4/1600000, average cost 177.111069
[2017-01-23 15:48:05,640] >> epoch 4/1610000, average cost 177.046051
[2017-01-23 15:49:44,311] >> epoch 4/1620000, average cost 177.158340
[2017-01-23 15:51:13,222] >> epoch 4/1630000, average cost 177.068329
[2017-01-23 15:52:04,811] >> epoch 4/1640000, average cost 177.168976
[2017-01-23 15:53:23,772] >> epoch 4/1650000, average cost 177.197372
[2017-01-23 15:54:31,099] >> epoch 4/1660000, average cost 177.188553
[2017-01-23 15:56:08,079] >> epoch 4/1670000, average cost 177.116669
[2017-01-23 15:57:17,801] >> epoch 4/1680000, average cost 177.070969
[2017-01-23 15:58:31,562] >> epoch 4/1690000, average cost 177.076889
[2017-01-23 15:59:46,145] >> epoch 4/1700000, average cost 177.169556
[2017-01-23 16:01:28,256] >> epoch 4/1710000, average cost 177.048752
[2017-01-23 16:02:42,478] >> epoch 4/1720000, average cost 177.041382
[2017-01-23 16:04:23,543] >> epoch 4/1730000, average cost 177.018463
[2017-01-23 16:05:38,618] >> epoch 4/1740000, average cost 177.000626
[2017-01-23 16:07:21,886] >> epoch 4/1750000, average cost 177.029999
[2017-01-23 16:08:34,653] >> epoch 4/1760000, average cost 177.065521
[2017-01-23 16:10:09,317] >> epoch 4/1770000, average cost 177.153442
[2017-01-23 16:11:49,535] >> epoch 4/1780000, average cost 177.091873
[2017-01-23 16:12:58,430] >> epoch 4/1790000, average cost 177.054443
[2017-01-23 16:14:38,998] >> epoch 4/1800000, average cost 177.091293
[2017-01-23 16:15:49,034] >> epoch 4/1810000, average cost 177.032074
[2017-01-23 16:17:29,302] >> epoch 4/1820000, average cost 177.046631
[2017-01-23 16:18:34,558] >> epoch 4/1830000, average cost 177.046356
[2017-01-23 16:20:24,372] >> epoch 4/1840000, average cost 176.965424
[2017-01-23 16:21:46,366] >> epoch 4/1850000, average cost 177.049606
[2017-01-23 16:23:24,196] >> epoch 4/1860000, average cost 177.054565
[2017-01-23 16:24:36,575] >> epoch 4/1870000, average cost 177.010498
[2017-01-23 16:26:04,284] >> epoch 4/1880000, average cost 176.986557
[2017-01-23 16:27:23,496] >> epoch 4/1890000, average cost 177.111450
[2017-01-23 16:29:10,661] >> epoch 4/1900000, average cost 176.909821
[2017-01-23 16:31:01,601] >> epoch 4/1910000, average cost 176.901993
[2017-01-23 16:32:16,264] >> epoch 4/1920000, average cost 177.055618
[2017-01-23 16:34:04,793] >> epoch 4/1930000, average cost 176.953674
[2017-01-23 16:35:07,279] >> epoch 4/1940000, average cost 176.878922
[2017-01-23 16:36:37,174] >> epoch 4/1950000, average cost 176.924744
[2017-01-23 16:37:53,375] >> epoch 4/1960000, average cost 176.999817
[2017-01-23 16:38:10,198] >> epoch 5/1964020, average cost 177.052032
[2017-01-23 16:41:46,353] >> epoch 5/1980000, average cost 176.989639
[2017-01-23 16:43:01,940] >> epoch 5/1990000, average cost 176.971802
[2017-01-23 16:44:35,776] >> epoch 5/2000000, average cost 176.913528
[2017-01-23 16:44:35,781] >> epoch 6/2000000, average cost 176.947861
[2017-01-23 16:44:35,787] >> Training finished in 4:10:11.916255
[2017-01-23 16:44:49,830] >> Loading model
[2017-01-23 16:44:50,143] >> Loading datasets
[2017-01-23 16:44:50,164] >> Reconstruction training started with arguments:
{'activation_noise': None,
 'adadelta': False,
 'adadelta_epsilon': '1e-6',
 'adadelta_rho': '0.95',
 'adagrad': False,
 'adagrad_decay': False,
 'batch_size': 128,
 'ce_sparsity': 0.01,
 'ce_sparsity_weight': 0.0,
 'compound': False,
 'corruption_level': 0.2,
 'datasets': (DatasetContainer [PFileStreamDataset@/export/data1/data/ddraper/train.split.pfile],
              DatasetContainer [],
              DatasetContainer []),
 'epochs': 50,
 'fix_layers': [],
 'graph': False,
 'hooks': [],
 'l1_reg': '0.0',
 'l2_reg': '0.0',
 'layer_args': {1: {}, 2: {}, 3: {}, 4: {}, 5: {}},
 'layers': [6],
 'learning_rate': '0.01',
 'loss': 'crossentropy',
 'minibatches': 2000000,
 'momentum': '',
 'noise': 'mask',
 'sparsity': 0.05,
 'sparsity_weight': 0.0,
 'validate': False,
 'verbosity': 1,
 'warn': False}
[2017-01-23 16:44:50,164] >> Reconstruction training started with da:
{'hidden_activation': u'sigmoid',
 'n_hidden': 200,
 'n_visible': 400,
 'tied_weights': True,
 'visible_activation': u'sigmoid'}
[2017-01-23 16:44:50,164] >> Compiling theano graph
ERROR (theano.sandbox.cuda): ERROR: Not using GPU. Initialisation of device 1 failed:
Bad device number 1. Only 1 devices available.
Using gpu device 0: Tesla M2075 (CNMeM is disabled, cuDNN not available)
[2017-01-23 16:45:13,513] >> Training started
[2017-01-23 16:46:13,923] >> epoch 0/10000, average cost 66.587013
[2017-01-23 16:47:33,612] >> epoch 0/20000, average cost 63.207737
[2017-01-23 16:48:43,848] >> epoch 0/30000, average cost 62.160236
[2017-01-23 16:50:20,810] >> epoch 0/40000, average cost 61.547436
[2017-01-23 16:51:47,112] >> epoch 0/50000, average cost 61.451881
[2017-01-23 16:53:20,396] >> epoch 0/60000, average cost 61.281532
[2017-01-23 16:54:18,465] >> epoch 0/70000, average cost 61.232986
[2017-01-23 16:55:52,004] >> epoch 0/80000, average cost 61.270901
[2017-01-23 16:56:52,362] >> epoch 0/90000, average cost 61.157730
[2017-01-23 16:58:23,586] >> epoch 0/100000, average cost 60.988800
[2017-01-23 16:59:28,990] >> epoch 0/110000, average cost 60.790886
[2017-01-23 17:01:03,148] >> epoch 0/120000, average cost 60.891644
[2017-01-23 17:02:08,414] >> epoch 0/130000, average cost 61.006775
[2017-01-23 17:03:47,615] >> epoch 0/140000, average cost 60.738525
[2017-01-23 17:05:36,285] >> epoch 0/150000, average cost 60.737389
[2017-01-23 17:06:42,959] >> epoch 0/160000, average cost 60.724068
[2017-01-23 17:08:04,825] >> epoch 0/170000, average cost 60.642914
[2017-01-23 17:09:20,435] >> epoch 0/180000, average cost 60.751236
[2017-01-23 17:10:57,595] >> epoch 0/190000, average cost 60.677486
[2017-01-23 17:12:01,504] >> epoch 0/200000, average cost 60.862720
[2017-01-23 17:13:49,521] >> epoch 0/210000, average cost 60.781105
[2017-01-23 17:15:02,824] >> epoch 0/220000, average cost 60.700874
[2017-01-23 17:16:50,801] >> epoch 0/230000, average cost 60.720875
[2017-01-23 17:18:05,349] >> epoch 0/240000, average cost 60.674831
[2017-01-23 17:19:37,653] >> epoch 0/250000, average cost 60.619625
[2017-01-23 17:20:47,959] >> epoch 0/260000, average cost 60.538517
[2017-01-23 17:22:31,982] >> epoch 0/270000, average cost 60.478298
[2017-01-23 17:24:11,435] >> epoch 0/280000, average cost 60.719757
[2017-01-23 17:26:04,761] >> epoch 0/290000, average cost 60.679344
[2017-01-23 17:27:48,078] >> epoch 0/300000, average cost 60.591270
[2017-01-23 17:28:59,548] >> epoch 0/310000, average cost 60.547443
[2017-01-23 17:30:54,857] >> epoch 0/320000, average cost 60.792667
[2017-01-23 17:31:58,981] >> epoch 0/330000, average cost 60.345520
[2017-01-23 17:33:42,427] >> epoch 0/340000, average cost 60.481064
[2017-01-23 17:34:55,017] >> epoch 0/350000, average cost 60.657276
[2017-01-23 17:36:31,165] >> epoch 0/360000, average cost 60.436687
[2017-01-23 17:37:47,675] >> epoch 0/370000, average cost 60.352230
[2017-01-23 17:39:36,573] >> epoch 0/380000, average cost 60.420277
[2017-01-23 17:40:56,565] >> epoch 0/390000, average cost 60.616364
[2017-01-23 17:41:10,468] >> epoch 1/392804, average cost 61.018570
[2017-01-23 17:43:53,172] >> epoch 1/410000, average cost 60.536667
[2017-01-23 17:45:47,181] >> epoch 1/420000, average cost 60.510551
[2017-01-23 17:47:08,505] >> epoch 1/430000, average cost 60.336201
[2017-01-23 17:49:31,294] >> epoch 1/440000, average cost 60.548199
[2017-01-23 17:50:35,827] >> epoch 1/450000, average cost 60.440075
[2017-01-23 17:51:59,336] >> epoch 1/460000, average cost 60.611088
[2017-01-23 17:53:10,884] >> epoch 1/470000, average cost 60.584362
[2017-01-23 17:54:48,370] >> epoch 1/480000, average cost 60.721905
[2017-01-23 17:55:54,357] >> epoch 1/490000, average cost 60.517445
[2017-01-23 17:57:33,344] >> epoch 1/500000, average cost 60.365669
[2017-01-23 17:58:47,962] >> epoch 1/510000, average cost 60.371258
[2017-01-23 18:00:27,055] >> epoch 1/520000, average cost 60.623142
[2017-01-23 18:02:11,646] >> epoch 1/530000, average cost 60.399174
[2017-01-23 18:03:22,394] >> epoch 1/540000, average cost 60.401642
[2017-01-23 18:05:06,201] >> epoch 1/550000, average cost 60.349838
[2017-01-23 18:06:17,273] >> epoch 1/560000, average cost 60.356888
[2017-01-23 18:07:50,608] >> epoch 1/570000, average cost 60.344658
[2017-01-23 18:08:47,825] >> epoch 1/580000, average cost 60.418350
[2017-01-23 18:10:17,014] >> epoch 1/590000, average cost 60.544800
[2017-01-23 18:11:19,698] >> epoch 1/600000, average cost 60.484756
[2017-01-23 18:12:55,929] >> epoch 1/610000, average cost 60.422070
[2017-01-23 18:14:04,106] >> epoch 1/620000, average cost 60.465370
[2017-01-23 18:15:42,183] >> epoch 1/630000, average cost 60.354195
[2017-01-23 18:16:49,505] >> epoch 1/640000, average cost 60.402882
[2017-01-23 18:18:19,184] >> epoch 1/650000, average cost 60.296833
[2017-01-23 18:19:59,031] >> epoch 1/660000, average cost 60.192001
[2017-01-23 18:21:08,211] >> epoch 1/670000, average cost 60.391006
[2017-01-23 18:22:55,769] >> epoch 1/680000, average cost 60.455418
[2017-01-23 18:24:20,870] >> epoch 1/690000, average cost 60.374149
[2017-01-23 18:26:33,584] >> epoch 1/700000, average cost 60.250313
[2017-01-23 18:27:57,152] >> epoch 1/710000, average cost 60.520588
[2017-01-23 18:30:05,699] >> epoch 1/720000, average cost 60.244431
[2017-01-23 18:31:05,362] >> epoch 1/730000, average cost 60.126598
[2017-01-23 18:32:34,235] >> epoch 1/740000, average cost 60.417461
[2017-01-23 18:33:37,477] >> epoch 1/750000, average cost 60.268913
[2017-01-23 18:35:06,747] >> epoch 1/760000, average cost 60.092407
[2017-01-23 18:36:07,866] >> epoch 1/770000, average cost 60.188313
[2017-01-23 18:37:53,027] >> epoch 1/780000, average cost 60.270195
[2017-01-23 18:38:15,814] >> epoch 2/785608, average cost 60.400272
[2017-01-23 18:40:55,769] >> epoch 2/800000, average cost 60.319080
[2017-01-23 18:42:04,435] >> epoch 2/810000, average cost 60.243462
[2017-01-23 18:44:34,828] >> epoch 2/820000, average cost 60.158405
[2017-01-23 18:46:03,697] >> epoch 2/830000, average cost 60.284401
[2017-01-23 18:47:49,097] >> epoch 2/840000, average cost 60.220192
[2017-01-23 18:48:50,327] >> epoch 2/850000, average cost 60.397011
[2017-01-23 18:50:27,777] >> epoch 2/860000, average cost 60.306820
[2017-01-23 18:51:47,097] >> epoch 2/870000, average cost 60.567612
[2017-01-23 18:53:28,602] >> epoch 2/880000, average cost 60.286762
[2017-01-23 18:55:16,700] >> epoch 2/890000, average cost 60.230186
[2017-01-23 18:56:32,569] >> epoch 2/900000, average cost 60.140194
[2017-01-23 18:58:13,477] >> epoch 2/910000, average cost 60.353012
[2017-01-23 18:59:21,947] >> epoch 2/920000, average cost 60.282745
[2017-01-23 19:00:55,695] >> epoch 2/930000, average cost 60.181293
[2017-01-23 19:02:05,714] >> epoch 2/940000, average cost 60.138023
[2017-01-23 19:03:47,095] >> epoch 2/950000, average cost 60.192043
[2017-01-23 19:04:57,029] >> epoch 2/960000, average cost 60.080837
[2017-01-23 19:06:39,643] >> epoch 2/970000, average cost 60.271244
[2017-01-23 19:07:49,752] >> epoch 2/980000, average cost 60.264286
[2017-01-23 19:09:32,548] >> epoch 2/990000, average cost 60.287495
[2017-01-23 19:10:44,593] >> epoch 2/1000000, average cost 60.245018
[2017-01-23 19:12:24,275] >> epoch 2/1010000, average cost 60.243824
[2017-01-23 19:13:35,672] >> epoch 2/1020000, average cost 60.151913
[2017-01-23 19:15:04,613] >> epoch 2/1030000, average cost 60.253681
[2017-01-23 19:16:54,415] >> epoch 2/1040000, average cost 60.129700
[2017-01-23 19:18:04,776] >> epoch 2/1050000, average cost 60.006008
[2017-01-23 19:19:34,110] >> epoch 2/1060000, average cost 60.083767
[2017-01-23 19:20:42,133] >> epoch 2/1070000, average cost 60.295094
[2017-01-23 19:22:30,496] >> epoch 2/1080000, average cost 60.198689
[2017-01-23 19:23:43,071] >> epoch 2/1090000, average cost 60.056149
[2017-01-23 19:25:31,149] >> epoch 2/1100000, average cost 60.223057
[2017-01-23 19:26:43,965] >> epoch 2/1110000, average cost 60.196999
[2017-01-23 19:28:29,657] >> epoch 2/1120000, average cost 59.862217
[2017-01-23 19:29:50,518] >> epoch 2/1130000, average cost 60.174656
[2017-01-23 19:31:35,742] >> epoch 2/1140000, average cost 60.115345
[2017-01-23 19:32:39,300] >> epoch 2/1150000, average cost 59.884331
[2017-01-23 19:34:18,193] >> epoch 2/1160000, average cost 59.963669
[2017-01-23 19:35:51,488] >> epoch 2/1170000, average cost 59.957142
[2017-01-23 19:36:24,548] >> epoch 3/1178412, average cost 60.191410
[2017-01-23 19:38:31,452] >> epoch 3/1190000, average cost 60.062405
[2017-01-23 19:39:55,174] >> epoch 3/1200000, average cost 59.997814
[2017-01-23 19:41:15,715] >> epoch 3/1210000, average cost 60.004150
[2017-01-23 19:44:00,831] >> epoch 3/1220000, average cost 59.969639
[2017-01-23 19:45:53,567] >> epoch 3/1230000, average cost 60.038017
[2017-01-23 19:47:06,217] >> epoch 3/1240000, average cost 60.122143
[2017-01-23 19:48:12,489] >> epoch 3/1250000, average cost 60.081806
[2017-01-23 19:49:44,537] >> epoch 3/1260000, average cost 60.304462
[2017-01-23 19:51:18,815] >> epoch 3/1270000, average cost 60.138687
[2017-01-23 19:52:27,356] >> epoch 3/1280000, average cost 60.056538
[2017-01-23 19:53:51,220] >> epoch 3/1290000, average cost 59.909775
[2017-01-23 19:54:57,126] >> epoch 3/1300000, average cost 60.076389
[2017-01-23 19:56:20,938] >> epoch 3/1310000, average cost 60.133545
[2017-01-23 19:57:18,811] >> epoch 3/1320000, average cost 59.936531
[2017-01-23 19:58:43,281] >> epoch 3/1330000, average cost 59.939507
[2017-01-23 19:59:46,373] >> epoch 3/1340000, average cost 59.973732
[2017-01-23 20:01:10,718] >> epoch 3/1350000, average cost 59.863949
[2017-01-23 20:02:12,865] >> epoch 3/1360000, average cost 60.050652
[2017-01-23 20:03:39,407] >> epoch 3/1370000, average cost 59.966049
[2017-01-23 20:04:32,615] >> epoch 3/1380000, average cost 60.098339
[2017-01-23 20:05:58,942] >> epoch 3/1390000, average cost 60.048775
[2017-01-23 20:07:32,109] >> epoch 3/1400000, average cost 60.007500
[2017-01-23 20:08:30,200] >> epoch 3/1410000, average cost 59.995655
[2017-01-23 20:10:03,157] >> epoch 3/1420000, average cost 60.013687
[2017-01-23 20:11:08,265] >> epoch 3/1430000, average cost 59.921768
[2017-01-23 20:12:26,279] >> epoch 3/1440000, average cost 59.830414
[2017-01-23 20:13:15,210] >> epoch 3/1450000, average cost 59.820477
[2017-01-23 20:14:39,293] >> epoch 3/1460000, average cost 60.072025
[2017-01-23 20:15:42,954] >> epoch 3/1470000, average cost 60.012211
[2017-01-23 20:17:17,196] >> epoch 3/1480000, average cost 59.898182
[2017-01-23 20:18:07,031] >> epoch 3/1490000, average cost 59.919399
[2017-01-23 20:19:14,872] >> epoch 3/1500000, average cost 60.100899
[2017-01-23 20:20:20,105] >> epoch 3/1510000, average cost 59.671719
[2017-01-23 20:21:32,737] >> epoch 3/1520000, average cost 59.910770
[2017-01-23 20:22:22,787] >> epoch 3/1530000, average cost 60.002136
[2017-01-23 20:23:56,550] >> epoch 3/1540000, average cost 59.751324
[2017-01-23 20:25:23,985] >> epoch 3/1550000, average cost 59.739182
[2017-01-23 20:26:28,687] >> epoch 3/1560000, average cost 59.782955
[2017-01-23 20:27:29,026] >> epoch 3/1570000, average cost 60.035618
[2017-01-23 20:27:33,309] >> epoch 4/1571216, average cost 59.980030
[2017-01-23 20:30:11,128] >> epoch 4/1590000, average cost 59.862724
[2017-01-23 20:31:40,771] >> epoch 4/1600000, average cost 59.894325
[2017-01-23 20:32:57,820] >> epoch 4/1610000, average cost 59.738575
[2017-01-23 20:35:11,870] >> epoch 4/1620000, average cost 59.951401
[2017-01-23 20:36:35,295] >> epoch 4/1630000, average cost 59.876549
[2017-01-23 20:37:28,786] >> epoch 4/1640000, average cost 60.004150
[2017-01-23 20:38:50,746] >> epoch 4/1650000, average cost 60.055981
[2017-01-23 20:39:42,782] >> epoch 4/1660000, average cost 60.078030
[2017-01-23 20:41:02,310] >> epoch 4/1670000, average cost 59.935314
[2017-01-23 20:42:02,386] >> epoch 4/1680000, average cost 59.786419
[2017-01-23 20:43:27,682] >> epoch 4/1690000, average cost 59.853611
[2017-01-23 20:44:21,220] >> epoch 4/1700000, average cost 60.045219
[2017-01-23 20:45:40,007] >> epoch 4/1710000, average cost 59.816612
[2017-01-23 20:46:41,675] >> epoch 4/1720000, average cost 59.835400
[2017-01-23 20:47:58,105] >> epoch 4/1730000, average cost 59.820442
[2017-01-23 20:48:48,574] >> epoch 4/1740000, average cost 59.780388
[2017-01-23 20:49:45,906] >> epoch 4/1750000, average cost 59.852337
[2017-01-23 20:50:44,741] >> epoch 4/1760000, average cost 59.828114
[2017-01-23 20:52:05,828] >> epoch 4/1770000, average cost 60.040962
[2017-01-23 20:53:24,076] >> epoch 4/1780000, average cost 59.957661
[2017-01-23 20:54:21,836] >> epoch 4/1790000, average cost 59.874744
[2017-01-23 20:55:44,240] >> epoch 4/1800000, average cost 59.936050
[2017-01-23 20:56:47,096] >> epoch 4/1810000, average cost 59.853374
[2017-01-23 20:58:09,227] >> epoch 4/1820000, average cost 59.857967
[2017-01-23 20:59:07,194] >> epoch 4/1830000, average cost 59.765568
[2017-01-23 21:00:39,114] >> epoch 4/1840000, average cost 59.698780
[2017-01-23 21:01:38,200] >> epoch 4/1850000, average cost 59.922249
[2017-01-23 21:02:42,894] >> epoch 4/1860000, average cost 59.928089
[2017-01-23 21:03:45,773] >> epoch 4/1870000, average cost 59.857162
[2017-01-23 21:05:12,574] >> epoch 4/1880000, average cost 59.772633
[2017-01-23 21:06:24,927] >> epoch 4/1890000, average cost 60.057438
[2017-01-23 21:07:26,164] >> epoch 4/1900000, average cost 59.658646
[2017-01-23 21:08:45,970] >> epoch 4/1910000, average cost 59.693142
[2017-01-23 21:09:37,708] >> epoch 4/1920000, average cost 59.943111
[2017-01-23 21:10:50,915] >> epoch 4/1930000, average cost 59.754074
[2017-01-23 21:11:53,100] >> epoch 4/1940000, average cost 59.617912
[2017-01-23 21:13:20,224] >> epoch 4/1950000, average cost 59.717567
[2017-01-23 21:14:15,945] >> epoch 4/1960000, average cost 59.854950
[2017-01-23 21:14:30,436] >> epoch 5/1964020, average cost 59.862354
[2017-01-23 21:16:58,723] >> epoch 5/1980000, average cost 59.857662
[2017-01-23 21:17:52,091] >> epoch 5/1990000, average cost 59.818943
[2017-01-23 21:19:42,329] >> epoch 5/2000000, average cost 59.661762
[2017-01-23 21:19:42,332] >> epoch 6/2000000, average cost 59.761227
[2017-01-23 21:19:42,335] >> Training finished in 4:34:28.808220
[2017-01-23 21:20:44,966] >> Loading model
[2017-01-23 21:20:45,851] >> Loading datasets
ERROR (theano.sandbox.cuda): ERROR: Not using GPU. Initialisation of device 1 failed:
Bad device number 1. Only 1 devices available.
Using gpu device 0: Tesla M2075 (CNMeM is disabled, cuDNN not available)
[2017-01-23 21:21:50,383] >> Supervised training started with arguments:
{'activation_noise': None,
 'adadelta': False,
 'adadelta_epsilon': '1e-6',
 'adadelta_rho': '0.95',
 'adagrad': False,
 'adagrad_decay': False,
 'batch_size': 256,
 'datasets': (DatasetContainer [PFileStreamDataset@/export/data1/data/ddraper/train.split.pfile],
              DatasetContainer [PFileDataset@/home/ddraper/valid.split.pfile,1, PFileDataset@/home/ddraper/valid.split.pfile,2, PFileDataset@/home/ddraper/valid.split.pfile,3, PFileDataset@/home/ddraper/valid.split.pfile,4, PFileDataset@/home/ddraper/valid.split.pfile,5, PFileDataset@/home/ddraper/valid.split.pfile,6, PFileDataset@/home/ddraper/valid.split.pfile,7],
              DatasetContainer []),
 'epochs': 50,
 'fix_layers': [],
 'graph': False,
 'hooks': [<functools.partial object at 0x7f8e66cdb4c8>],
 'l1_reg': '0.0',
 'l2_reg': '0.0',
 'layer_args': [],
 'learning_rate': '1',
 'minibatches': -1,
 'momentum': '',
 'newbob': True,
 'newbob_decay': 0.5,
 'newbob_threshold': [0.005, 0.0001],
 'patience': -1,
 'patience_improve_threshold': 0.995,
 'patience_increase': 1.5,
 'pre_validate': False,
 'print_errors': True,
 'validation_interval': -1,
 'verbosity': 0,
 'warn': False}
[2017-01-23 21:21:50,383] >> Compiling theano graph
[2017-01-23 21:22:32,196] >> Training started
[2017-01-23 22:37:04,829] >  epoch 1/196402, training error 0.373332
[2017-01-23 22:37:30,025] >  epoch 1/196402, validation error 0.346680
[2017-01-23 23:49:48,836] >  epoch 2/392804, training error 0.228196
[2017-01-23 23:50:13,547] >  epoch 2/392804, validation error 0.325704
[2017-01-24 01:00:49,120] >  epoch 3/589206, training error 0.197765
[2017-01-24 01:01:11,485] >  epoch 3/589206, validation error 0.311889
[2017-01-24 02:11:03,693] >  epoch 4/785608, training error 0.184108
[2017-01-24 02:11:25,445] >  epoch 4/785608, validation error 0.309100
[2017-01-24 02:11:25,537] >  epoch 4/785608, learning rate set to 0.500000
[2017-01-24 03:21:08,454] >  epoch 5/982010, training error 0.179906
[2017-01-24 03:21:30,439] >  epoch 5/982010, validation error 0.290486
[2017-01-24 03:21:30,532] >  epoch 5/982010, learning rate set to 0.250000
[2017-01-24 04:31:20,866] >  epoch 6/1178412, training error 0.180615
[2017-01-24 04:31:42,694] >  epoch 6/1178412, validation error 0.276066
[2017-01-24 04:31:42,827] >  epoch 6/1178412, learning rate set to 0.125000
[2017-01-24 05:45:52,063] >  epoch 7/1374814, training error 0.183982
[2017-01-24 05:46:11,257] >  epoch 7/1374814, validation error 0.267900
[2017-01-24 05:46:11,603] >  epoch 7/1374814, learning rate set to 0.062500
[2017-01-24 06:56:30,299] >  epoch 8/1571216, training error 0.189544
[2017-01-24 06:56:50,672] >  epoch 8/1571216, validation error 0.261927
[2017-01-24 06:56:50,855] >  epoch 8/1571216, learning rate set to 0.031250
[2017-01-24 08:07:49,585] >  epoch 9/1767618, training error 0.193307
[2017-01-24 08:08:10,702] >  epoch 9/1767618, validation error 0.255709
[2017-01-24 08:08:10,868] >  epoch 9/1767618, learning rate set to 0.015625
[2017-01-24 09:22:20,568] >  epoch 10/1964020, training error 0.196510
[2017-01-24 09:22:40,538] >  epoch 10/1964020, validation error 0.251372
[2017-01-24 09:22:40,704] >  epoch 10/1964020, learning rate set to 0.007812
[2017-01-24 10:46:11,977] >  epoch 11/2160422, training error 0.199774
[2017-01-24 10:46:29,367] >  epoch 11/2160422, validation error 0.247622
[2017-01-24 10:46:29,479] >  epoch 11/2160422, learning rate set to 0.003906
[2017-01-24 11:58:55,305] >  epoch 12/2356824, training error 0.203618
[2017-01-24 11:59:12,727] >  epoch 12/2356824, validation error 0.245155
[2017-01-24 11:59:14,102] >  epoch 12/2356824, learning rate set to 0.001953
[2017-01-24 13:12:19,967] >  epoch 13/2553226, training error 0.206431
[2017-01-24 13:12:37,259] >  epoch 13/2553226, validation error 0.243667
[2017-01-24 13:12:38,881] >  epoch 13/2553226, learning rate set to 0.000977
[2017-01-24 14:21:08,392] >  epoch 14/2749628, training error 0.208343
[2017-01-24 14:21:25,662] >  epoch 14/2749628, validation error 0.243545
[2017-01-24 14:21:26,166] >  epoch 14/2749628, learning rate set to 0.000488
[2017-01-24 15:30:04,087] >  epoch 15/2946030, training error 0.209554
[2017-01-24 15:30:24,901] >  epoch 15/2946030, validation error 0.242713
[2017-01-24 15:30:25,043] >  epoch 15/2946030, learning rate set to 0.000244
[2017-01-24 16:39:30,826] >  epoch 16/3142432, training error 0.210187
[2017-01-24 16:39:53,321] >  epoch 16/3142432, validation error 0.241807
[2017-01-24 16:39:53,470] >  epoch 16/3142432, learning rate set to 0.000122
[2017-01-24 17:46:05,156] >  epoch 17/3338834, training error 0.210442
[2017-01-24 17:46:22,868] >  epoch 17/3338834, validation error 0.241482
[2017-01-24 17:46:22,976] >  epoch 17/3338834, learning rate set to 0.000061
[2017-01-24 18:49:03,044] >  epoch 18/3535236, training error 0.210523
[2017-01-24 18:49:20,144] >  epoch 18/3535236, validation error 0.241642
[2017-01-24 18:49:21,665] >> Training finished in 21:26:47.948846
