[2017-01-15 15:15:24,528] >> Loading model
[2017-01-15 15:15:25,522] >> Loading datasets
[2017-01-15 15:15:25,525] >> Reconstruction training started with arguments:
{'activation_noise': None,
 'adadelta': False,
 'adadelta_epsilon': '1e-6',
 'adadelta_rho': '0.95',
 'adagrad': False,
 'adagrad_decay': False,
 'batch_size': 128,
 'ce_sparsity': 0.01,
 'ce_sparsity_weight': 0.0,
 'compound': False,
 'corruption_level': 0.2,
 'datasets': (DatasetContainer [PFileStreamDataset@/export/data1/data/ddraper/train.split.pfile],
              DatasetContainer [],
              DatasetContainer []),
 'epochs': 50,
 'fix_layers': [],
 'graph': False,
 'hooks': [],
 'l1_reg': '0.0',
 'l2_reg': '0.0',
 'layer_args': {},
 'layers': [1],
 'learning_rate': '0.01',
 'loss': u'mse',
 'minibatches': 2000000,
 'momentum': '',
 'noise': 'mask',
 'sparsity': 0.05,
 'sparsity_weight': 0.0,
 'validate': False,
 'verbosity': 1,
 'warn': False}
[2017-01-15 15:15:25,525] >> Reconstruction training started with da:
{'hidden_activation': u'sigmoid',
 u'loss': u'mse',
 'n_hidden': 1000,
 'n_visible': 966,
 'tied_weights': True,
 'visible_activation': u'tanh'}
[2017-01-15 15:15:25,525] >> Compiling theano graph
ERROR (theano.sandbox.cuda): ERROR: Not using GPU. Initialisation of device 1 failed:
Bad device number 1. Only 1 devices available.
Using gpu device 0: Tesla M2075 (CNMeM is disabled, cuDNN not available)
[2017-01-15 15:16:05,702] >> Training started
[2017-01-15 15:17:26,324] >> epoch 0/10000, average cost 90.751389
[2017-01-15 15:18:57,691] >> epoch 0/20000, average cost 46.115776
[2017-01-15 15:20:12,415] >> epoch 0/30000, average cost 33.721157
[2017-01-15 15:23:06,625] >> epoch 0/40000, average cost 28.839329
[2017-01-15 15:25:03,801] >> epoch 0/50000, average cost 24.505938
[2017-01-15 15:27:16,296] >> epoch 0/60000, average cost 22.921490
[2017-01-15 15:28:51,075] >> epoch 0/70000, average cost 20.611307
[2017-01-15 15:31:15,112] >> epoch 0/80000, average cost 19.285810
[2017-01-15 15:32:38,723] >> epoch 0/90000, average cost 18.335527
[2017-01-15 15:35:08,317] >> epoch 0/100000, average cost 17.797232
[2017-01-15 15:36:52,481] >> epoch 0/110000, average cost 16.837811
[2017-01-15 15:39:20,873] >> epoch 0/120000, average cost 16.484629
[2017-01-15 15:40:51,712] >> epoch 0/130000, average cost 16.202919
[2017-01-15 15:43:06,225] >> epoch 0/140000, average cost 16.070509
[2017-01-15 15:45:26,208] >> epoch 0/150000, average cost 15.962047
[2017-01-15 15:46:38,363] >> epoch 0/160000, average cost 15.884888
[2017-01-15 15:48:46,092] >> epoch 0/170000, average cost 15.802624
[2017-01-15 15:50:13,999] >> epoch 0/180000, average cost 15.744675
[2017-01-15 15:52:38,987] >> epoch 0/190000, average cost 15.646076
[2017-01-15 15:53:45,761] >> epoch 0/200000, average cost 15.626160
[2017-01-15 15:55:34,548] >> epoch 0/210000, average cost 15.537394
[2017-01-15 15:56:24,631] >> epoch 0/220000, average cost 15.502631
[2017-01-15 15:58:36,924] >> epoch 0/230000, average cost 15.453507
[2017-01-15 15:59:50,216] >> epoch 0/240000, average cost 15.374516
[2017-01-15 16:02:03,262] >> epoch 0/250000, average cost 15.325141
[2017-01-15 16:03:17,157] >> epoch 0/260000, average cost 15.236756
[2017-01-15 16:05:03,673] >> epoch 0/270000, average cost 15.212269
[2017-01-15 16:06:34,099] >> epoch 0/280000, average cost 15.219159
[2017-01-15 16:08:44,533] >> epoch 0/290000, average cost 15.175830
[2017-01-15 16:10:52,418] >> epoch 0/300000, average cost 15.102118
[2017-01-15 16:12:24,047] >> epoch 0/310000, average cost 15.071380
[2017-01-15 16:14:15,404] >> epoch 0/320000, average cost 15.098016
[2017-01-15 16:15:36,923] >> epoch 0/330000, average cost 14.980397
[2017-01-15 16:18:03,166] >> epoch 0/340000, average cost 14.972576
[2017-01-15 16:19:54,417] >> epoch 0/350000, average cost 14.974278
[2017-01-15 16:22:20,678] >> epoch 0/360000, average cost 14.899936
[2017-01-15 16:23:30,603] >> epoch 0/370000, average cost 14.829917
[2017-01-15 16:25:10,697] >> epoch 0/380000, average cost 14.846317
[2017-01-15 16:26:48,703] >> epoch 0/390000, average cost 14.852500
[2017-01-15 16:27:00,308] >> epoch 1/392804, average cost 19.729023
[2017-01-15 16:30:57,433] >> epoch 1/410000, average cost 14.757572
[2017-01-15 16:32:12,592] >> epoch 1/420000, average cost 14.745115
[2017-01-15 16:33:59,021] >> epoch 1/430000, average cost 14.678938
[2017-01-15 16:36:15,003] >> epoch 1/440000, average cost 14.687461
[2017-01-15 16:37:15,449] >> epoch 1/450000, average cost 14.666363
[2017-01-15 16:39:30,186] >> epoch 1/460000, average cost 14.662293
[2017-01-15 16:40:48,586] >> epoch 1/470000, average cost 14.656079
[2017-01-15 16:42:33,332] >> epoch 1/480000, average cost 14.661001
[2017-01-15 16:43:56,005] >> epoch 1/490000, average cost 14.646180
[2017-01-15 16:46:00,545] >> epoch 1/500000, average cost 14.546843
[2017-01-15 16:47:07,460] >> epoch 1/510000, average cost 14.524556
[2017-01-15 16:49:09,294] >> epoch 1/520000, average cost 14.562228
[2017-01-15 16:50:58,581] >> epoch 1/530000, average cost 14.542114
[2017-01-15 16:52:20,357] >> epoch 1/540000, average cost 14.493071
[2017-01-15 16:53:56,665] >> epoch 1/550000, average cost 14.478077
[2017-01-15 16:55:21,042] >> epoch 1/560000, average cost 14.482797
[2017-01-15 16:57:09,053] >> epoch 1/570000, average cost 14.462776
[2017-01-15 16:58:18,693] >> epoch 1/580000, average cost 14.434044
[2017-01-15 17:00:22,327] >> epoch 1/590000, average cost 14.455369
[2017-01-15 17:01:26,911] >> epoch 1/600000, average cost 14.418792
[2017-01-15 17:03:02,104] >> epoch 1/610000, average cost 14.429908
[2017-01-15 17:04:02,145] >> epoch 1/620000, average cost 14.428062
[2017-01-15 17:06:05,699] >> epoch 1/630000, average cost 14.372856
[2017-01-15 17:07:16,698] >> epoch 1/640000, average cost 14.388289
[2017-01-15 17:09:35,952] >> epoch 1/650000, average cost 14.336750
[2017-01-15 17:11:38,657] >> epoch 1/660000, average cost 14.315003
[2017-01-15 17:13:21,526] >> epoch 1/670000, average cost 14.354737
[2017-01-15 17:15:39,936] >> epoch 1/680000, average cost 14.351120
[2017-01-15 17:17:04,724] >> epoch 1/690000, average cost 14.321282
[2017-01-15 17:19:15,795] >> epoch 1/700000, average cost 14.284506
[2017-01-15 17:20:10,931] >> epoch 1/710000, average cost 14.330169
[2017-01-15 17:22:03,657] >> epoch 1/720000, average cost 14.280467
[2017-01-15 17:23:28,280] >> epoch 1/730000, average cost 14.247760
[2017-01-15 17:26:25,177] >> epoch 1/740000, average cost 14.285016
[2017-01-15 17:27:59,615] >> epoch 1/750000, average cost 14.252759
[2017-01-15 17:30:18,016] >> epoch 1/760000, average cost 14.182428
[2017-01-15 17:31:48,222] >> epoch 1/770000, average cost 14.217132
[2017-01-15 17:33:20,871] >> epoch 1/780000, average cost 14.216175
[2017-01-15 17:33:42,536] >> epoch 2/785608, average cost 14.454185
[2017-01-15 17:36:57,244] >> epoch 2/800000, average cost 14.175986
[2017-01-15 17:38:34,077] >> epoch 2/810000, average cost 14.178061
[2017-01-15 17:42:03,505] >> epoch 2/820000, average cost 14.142316
[2017-01-15 17:43:45,056] >> epoch 2/830000, average cost 14.138589
[2017-01-15 17:46:20,111] >> epoch 2/840000, average cost 14.152390
[2017-01-15 17:47:47,260] >> epoch 2/850000, average cost 14.146352
[2017-01-15 17:49:59,402] >> epoch 2/860000, average cost 14.135333
[2017-01-15 17:51:13,843] >> epoch 2/870000, average cost 14.179076
[2017-01-15 17:53:21,097] >> epoch 2/880000, average cost 14.156020
[2017-01-15 17:55:26,920] >> epoch 2/890000, average cost 14.101586
[2017-01-15 17:56:54,013] >> epoch 2/900000, average cost 14.065315
[2017-01-15 17:58:49,531] >> epoch 2/910000, average cost 14.084366
[2017-01-15 18:00:05,088] >> epoch 2/920000, average cost 14.099007
[2017-01-15 18:02:10,849] >> epoch 2/930000, average cost 14.047211
[2017-01-15 18:03:17,985] >> epoch 2/940000, average cost 14.035519
[2017-01-15 18:05:05,261] >> epoch 2/950000, average cost 14.053800
[2017-01-15 18:06:23,947] >> epoch 2/960000, average cost 14.027843
[2017-01-15 18:08:22,931] >> epoch 2/970000, average cost 14.023455
[2017-01-15 18:09:42,349] >> epoch 2/980000, average cost 14.023656
[2017-01-15 18:11:42,146] >> epoch 2/990000, average cost 14.014022
[2017-01-15 18:13:02,752] >> epoch 2/1000000, average cost 14.009786
[2017-01-15 18:15:01,244] >> epoch 2/1010000, average cost 14.004039
[2017-01-15 18:16:09,699] >> epoch 2/1020000, average cost 13.970965
[2017-01-15 18:18:23,641] >> epoch 2/1030000, average cost 14.001447
[2017-01-15 18:20:29,955] >> epoch 2/1040000, average cost 13.951442
[2017-01-15 18:21:43,173] >> epoch 2/1050000, average cost 13.914550
[2017-01-15 18:23:35,867] >> epoch 2/1060000, average cost 13.940539
[2017-01-15 18:24:56,060] >> epoch 2/1070000, average cost 13.964031
[2017-01-15 18:27:14,288] >> epoch 2/1080000, average cost 13.948747
[2017-01-15 18:28:28,046] >> epoch 2/1090000, average cost 13.891158
[2017-01-15 18:30:16,366] >> epoch 2/1100000, average cost 13.917600
[2017-01-15 18:31:45,459] >> epoch 2/1110000, average cost 13.928001
[2017-01-15 18:34:06,773] >> epoch 2/1120000, average cost 13.857062
[2017-01-15 18:35:53,839] >> epoch 2/1130000, average cost 13.900337
[2017-01-15 18:38:40,017] >> epoch 2/1140000, average cost 13.887883
[2017-01-15 18:39:54,630] >> epoch 2/1150000, average cost 13.814231
[2017-01-15 18:41:23,932] >> epoch 2/1160000, average cost 13.830134
[2017-01-15 18:42:47,054] >> epoch 2/1170000, average cost 13.821957
[2017-01-15 18:43:22,618] >> epoch 3/1178412, average cost 14.012978
[2017-01-15 18:45:40,032] >> epoch 3/1190000, average cost 13.798833
[2017-01-15 18:47:43,124] >> epoch 3/1200000, average cost 13.798906
[2017-01-15 18:48:51,177] >> epoch 3/1210000, average cost 13.788534
[2017-01-15 18:51:55,425] >> epoch 3/1220000, average cost 13.760965
[2017-01-15 18:53:32,843] >> epoch 3/1230000, average cost 13.780989
[2017-01-15 18:55:33,724] >> epoch 3/1240000, average cost 13.764633
[2017-01-15 18:56:54,406] >> epoch 3/1250000, average cost 13.753605
[2017-01-15 18:59:05,184] >> epoch 3/1260000, average cost 13.809343
[2017-01-15 19:01:04,468] >> epoch 3/1270000, average cost 13.776306
[2017-01-15 19:02:14,836] >> epoch 3/1280000, average cost 13.758119
[2017-01-15 19:04:24,566] >> epoch 3/1290000, average cost 13.691431
[2017-01-15 19:05:35,180] >> epoch 3/1300000, average cost 13.693431
[2017-01-15 19:07:25,536] >> epoch 3/1310000, average cost 13.727464
[2017-01-15 19:08:40,516] >> epoch 3/1320000, average cost 13.679012
[2017-01-15 19:10:41,027] >> epoch 3/1330000, average cost 13.660294
[2017-01-15 19:11:39,233] >> epoch 3/1340000, average cost 13.668603
[2017-01-15 19:13:46,520] >> epoch 3/1350000, average cost 13.647572
[2017-01-15 19:15:09,267] >> epoch 3/1360000, average cost 13.653283
[2017-01-15 19:17:02,975] >> epoch 3/1370000, average cost 13.623516
[2017-01-15 19:18:29,118] >> epoch 3/1380000, average cost 13.646108
[2017-01-15 19:19:33,605] >> epoch 3/1390000, average cost 13.620237
[2017-01-15 19:21:27,564] >> epoch 3/1400000, average cost 13.617094
[2017-01-15 19:22:34,806] >> epoch 3/1410000, average cost 13.612417
[2017-01-15 19:24:44,942] >> epoch 3/1420000, average cost 13.603557
[2017-01-15 19:25:59,392] >> epoch 3/1430000, average cost 13.572878
[2017-01-15 19:27:57,358] >> epoch 3/1440000, average cost 13.533810
[2017-01-15 19:29:07,810] >> epoch 3/1450000, average cost 13.550303
[2017-01-15 19:31:16,262] >> epoch 3/1460000, average cost 13.583416
[2017-01-15 19:32:46,832] >> epoch 3/1470000, average cost 13.564612
[2017-01-15 19:34:51,590] >> epoch 3/1480000, average cost 13.516705
[2017-01-15 19:36:03,814] >> epoch 3/1490000, average cost 13.522567
[2017-01-15 19:38:03,062] >> epoch 3/1500000, average cost 13.564870
[2017-01-15 19:39:16,849] >> epoch 3/1510000, average cost 13.480528
[2017-01-15 19:42:04,860] >> epoch 3/1520000, average cost 13.516966
[2017-01-15 19:43:36,500] >> epoch 3/1530000, average cost 13.520403
[2017-01-15 19:45:42,737] >> epoch 3/1540000, average cost 13.461217
[2017-01-15 19:47:09,110] >> epoch 3/1550000, average cost 13.443340
[2017-01-15 19:48:05,122] >> epoch 3/1560000, average cost 13.463532
[2017-01-15 19:49:17,120] >> epoch 3/1570000, average cost 13.501180
[2017-01-15 19:49:22,846] >> epoch 4/1571216, average cost 13.634161
[2017-01-15 19:52:47,099] >> epoch 4/1590000, average cost 13.432417
[2017-01-15 19:54:11,036] >> epoch 4/1600000, average cost 13.437057
[2017-01-15 19:55:48,973] >> epoch 4/1610000, average cost 13.394400
[2017-01-15 19:58:44,364] >> epoch 4/1620000, average cost 13.423816
[2017-01-15 20:00:51,161] >> epoch 4/1630000, average cost 13.404963
[2017-01-15 20:02:09,375] >> epoch 4/1640000, average cost 13.412413
[2017-01-15 20:04:11,819] >> epoch 4/1650000, average cost 13.438422
[2017-01-15 20:05:30,685] >> epoch 4/1660000, average cost 13.432597
[2017-01-15 20:07:23,020] >> epoch 4/1670000, average cost 13.430919
[2017-01-15 20:08:52,096] >> epoch 4/1680000, average cost 13.349754
[2017-01-15 20:10:54,148] >> epoch 4/1690000, average cost 13.343121
[2017-01-15 20:12:09,962] >> epoch 4/1700000, average cost 13.387730
[2017-01-15 20:14:06,294] >> epoch 4/1710000, average cost 13.358986
[2017-01-15 20:15:19,673] >> epoch 4/1720000, average cost 13.328892
[2017-01-15 20:17:10,603] >> epoch 4/1730000, average cost 13.331385
[2017-01-15 20:18:37,732] >> epoch 4/1740000, average cost 13.329497
[2017-01-15 20:20:42,275] >> epoch 4/1750000, average cost 13.329476
[2017-01-15 20:21:56,795] >> epoch 4/1760000, average cost 13.298192
[2017-01-15 20:23:56,489] >> epoch 4/1770000, average cost 13.340186
[2017-01-15 20:25:48,392] >> epoch 4/1780000, average cost 13.299164
[2017-01-15 20:26:58,986] >> epoch 4/1790000, average cost 13.308486
[2017-01-15 20:29:00,390] >> epoch 4/1800000, average cost 13.314292
[2017-01-15 20:30:27,548] >> epoch 4/1810000, average cost 13.276274
[2017-01-15 20:32:35,095] >> epoch 4/1820000, average cost 13.280506
[2017-01-15 20:33:51,282] >> epoch 4/1830000, average cost 13.246275
[2017-01-15 20:36:04,633] >> epoch 4/1840000, average cost 13.236675
[2017-01-15 20:37:45,108] >> epoch 4/1850000, average cost 13.278680
[2017-01-15 20:40:20,553] >> epoch 4/1860000, average cost 13.269083
[2017-01-15 20:41:51,315] >> epoch 4/1870000, average cost 13.237905
[2017-01-15 20:43:50,729] >> epoch 4/1880000, average cost 13.226641
[2017-01-15 20:45:02,386] >> epoch 4/1890000, average cost 13.276529
[2017-01-15 20:47:13,629] >> epoch 4/1900000, average cost 13.210299
[2017-01-15 20:49:46,297] >> epoch 4/1910000, average cost 13.207525
[2017-01-15 20:51:22,745] >> epoch 4/1920000, average cost 13.241822
[2017-01-15 20:53:18,068] >> epoch 4/1930000, average cost 13.205949
[2017-01-15 20:54:16,260] >> epoch 4/1940000, average cost 13.149725
[2017-01-15 20:55:49,882] >> epoch 4/1950000, average cost 13.185366
[2017-01-15 20:56:40,056] >> epoch 4/1960000, average cost 13.205453
[2017-01-15 20:57:01,623] >> epoch 5/1964020, average cost 13.313609
[2017-01-15 20:59:31,462] >> epoch 5/1980000, average cost 13.165092
[2017-01-15 21:00:45,961] >> epoch 5/1990000, average cost 13.170905
[2017-01-15 21:01:58,126] >> epoch 5/2000000, average cost 13.133476
[2017-01-15 21:01:58,130] >> epoch 6/2000000, average cost 13.154650
[2017-01-15 21:01:58,133] >> Training finished in 5:45:52.417644
[2017-01-15 21:02:43,697] >> Loading model
[2017-01-15 21:02:43,945] >> Loading datasets
[2017-01-15 21:02:43,974] >> Reconstruction training started with arguments:
{'activation_noise': None,
 'adadelta': False,
 'adadelta_epsilon': '1e-6',
 'adadelta_rho': '0.95',
 'adagrad': False,
 'adagrad_decay': False,
 'batch_size': 128,
 'ce_sparsity': 0.01,
 'ce_sparsity_weight': 0.0,
 'compound': False,
 'corruption_level': 0.2,
 'datasets': (DatasetContainer [PFileStreamDataset@/export/data1/data/ddraper/train.split.pfile],
              DatasetContainer [],
              DatasetContainer []),
 'epochs': 50,
 'fix_layers': [],
 'graph': False,
 'hooks': [],
 'l1_reg': '0.0',
 'l2_reg': '0.0',
 'layer_args': {1: {}},
 'layers': [2],
 'learning_rate': '0.01',
 'loss': 'crossentropy',
 'minibatches': 2000000,
 'momentum': '',
 'noise': 'mask',
 'sparsity': 0.05,
 'sparsity_weight': 0.0,
 'validate': False,
 'verbosity': 1,
 'warn': False}
[2017-01-15 21:02:43,974] >> Reconstruction training started with da:
{'hidden_activation': u'sigmoid',
 'n_hidden': 800,
 'n_visible': 1000,
 'tied_weights': True,
 'visible_activation': u'sigmoid'}
[2017-01-15 21:02:43,974] >> Compiling theano graph
ERROR (theano.sandbox.cuda): ERROR: Not using GPU. Initialisation of device 1 failed:
Bad device number 1. Only 1 devices available.
Using gpu device 0: Tesla M2075 (CNMeM is disabled, cuDNN not available)
[2017-01-15 21:03:22,945] >> Training started
[2017-01-15 21:04:25,143] >> epoch 0/10000, average cost 259.744476
[2017-01-15 21:05:22,264] >> epoch 0/20000, average cost 254.759125
[2017-01-15 21:06:14,435] >> epoch 0/30000, average cost 254.149200
[2017-01-15 21:09:49,536] >> epoch 0/40000, average cost 253.407623
[2017-01-15 21:11:02,576] >> epoch 0/50000, average cost 253.634018
[2017-01-15 21:12:45,887] >> epoch 0/60000, average cost 253.346924
[2017-01-15 21:14:00,357] >> epoch 0/70000, average cost 253.430450
[2017-01-15 21:16:07,695] >> epoch 0/80000, average cost 253.653107
[2017-01-15 21:17:25,663] >> epoch 0/90000, average cost 253.441849
[2017-01-15 21:19:16,200] >> epoch 0/100000, average cost 253.249893
[2017-01-15 21:20:51,797] >> epoch 0/110000, average cost 252.764969
[2017-01-15 21:22:47,750] >> epoch 0/120000, average cost 253.006271
[2017-01-15 21:24:07,146] >> epoch 0/130000, average cost 253.292145
[2017-01-15 21:26:02,601] >> epoch 0/140000, average cost 252.675705
[2017-01-15 21:28:01,416] >> epoch 0/150000, average cost 252.759918
[2017-01-15 21:28:59,351] >> epoch 0/160000, average cost 252.710831
[2017-01-15 21:31:02,241] >> epoch 0/170000, average cost 252.588623
[2017-01-15 21:32:25,719] >> epoch 0/180000, average cost 252.900848
[2017-01-15 21:34:19,631] >> epoch 0/190000, average cost 252.809799
[2017-01-15 21:35:38,788] >> epoch 0/200000, average cost 253.203644
[2017-01-15 21:37:10,203] >> epoch 0/210000, average cost 253.051804
[2017-01-15 21:38:27,265] >> epoch 0/220000, average cost 252.719406
[2017-01-15 21:40:20,242] >> epoch 0/230000, average cost 252.850494
[2017-01-15 21:41:47,387] >> epoch 0/240000, average cost 252.829926
[2017-01-15 21:43:47,878] >> epoch 0/250000, average cost 252.735703
[2017-01-15 21:44:50,500] >> epoch 0/260000, average cost 252.505997
[2017-01-15 21:46:51,164] >> epoch 0/270000, average cost 252.345978
[2017-01-15 21:48:22,875] >> epoch 0/280000, average cost 252.892868
[2017-01-15 21:50:46,930] >> epoch 0/290000, average cost 252.816849
[2017-01-15 21:52:54,450] >> epoch 0/300000, average cost 252.598999
[2017-01-15 21:54:14,070] >> epoch 0/310000, average cost 252.621277
[2017-01-15 21:55:59,758] >> epoch 0/320000, average cost 253.108978
[2017-01-15 21:57:30,933] >> epoch 0/330000, average cost 252.116104
[2017-01-15 21:59:56,791] >> epoch 0/340000, average cost 252.516220
[2017-01-15 22:01:44,635] >> epoch 0/350000, average cost 252.843048
[2017-01-15 22:03:56,784] >> epoch 0/360000, average cost 252.345047
[2017-01-15 22:05:06,508] >> epoch 0/370000, average cost 252.174927
[2017-01-15 22:06:38,677] >> epoch 0/380000, average cost 252.252808
[2017-01-15 22:07:36,037] >> epoch 0/390000, average cost 252.780930
[2017-01-15 22:07:56,187] >> epoch 1/392804, average cost 253.115891
[2017-01-15 22:11:55,077] >> epoch 1/410000, average cost 252.536621
[2017-01-15 22:14:08,655] >> epoch 1/420000, average cost 252.627304
[2017-01-15 22:15:05,163] >> epoch 1/430000, average cost 252.184570
[2017-01-15 22:16:30,037] >> epoch 1/440000, average cost 252.724121
[2017-01-15 22:17:24,681] >> epoch 1/450000, average cost 252.437531
[2017-01-15 22:19:29,794] >> epoch 1/460000, average cost 252.848343
[2017-01-15 22:20:48,366] >> epoch 1/470000, average cost 252.792801
[2017-01-15 22:22:51,039] >> epoch 1/480000, average cost 253.087753
[2017-01-15 22:24:16,588] >> epoch 1/490000, average cost 252.753525
[2017-01-15 22:26:19,223] >> epoch 1/500000, average cost 252.338120
[2017-01-15 22:27:42,997] >> epoch 1/510000, average cost 252.357147
[2017-01-15 22:29:38,462] >> epoch 1/520000, average cost 252.918045
[2017-01-15 22:31:31,830] >> epoch 1/530000, average cost 252.351318
[2017-01-15 22:32:48,511] >> epoch 1/540000, average cost 252.434906
[2017-01-15 22:34:35,561] >> epoch 1/550000, average cost 252.242920
[2017-01-15 22:36:07,760] >> epoch 1/560000, average cost 252.419678
[2017-01-15 22:38:13,070] >> epoch 1/570000, average cost 252.315002
[2017-01-15 22:39:14,192] >> epoch 1/580000, average cost 252.619949
[2017-01-15 22:41:23,899] >> epoch 1/590000, average cost 252.864594
[2017-01-15 22:42:14,864] >> epoch 1/600000, average cost 252.770630
[2017-01-15 22:43:47,024] >> epoch 1/610000, average cost 252.482574
[2017-01-15 22:45:14,548] >> epoch 1/620000, average cost 252.593628
[2017-01-15 22:47:26,011] >> epoch 1/630000, average cost 252.456375
[2017-01-15 22:48:49,574] >> epoch 1/640000, average cost 252.619507
[2017-01-15 22:50:58,874] >> epoch 1/650000, average cost 252.268753
[2017-01-15 22:53:03,061] >> epoch 1/660000, average cost 252.071396
[2017-01-15 22:54:29,396] >> epoch 1/670000, average cost 252.509903
[2017-01-15 22:56:48,345] >> epoch 1/680000, average cost 252.666504
[2017-01-15 22:58:14,729] >> epoch 1/690000, average cost 252.420731
[2017-01-15 23:00:16,818] >> epoch 1/700000, average cost 252.287979
[2017-01-15 23:01:28,703] >> epoch 1/710000, average cost 252.861404
[2017-01-15 23:03:34,400] >> epoch 1/720000, average cost 252.208099
[2017-01-15 23:05:20,096] >> epoch 1/730000, average cost 252.042007
[2017-01-15 23:08:01,656] >> epoch 1/740000, average cost 252.639496
[2017-01-15 23:09:45,633] >> epoch 1/750000, average cost 252.310745
[2017-01-15 23:11:45,702] >> epoch 1/760000, average cost 251.888870
[2017-01-15 23:12:52,964] >> epoch 1/770000, average cost 252.093628
[2017-01-15 23:14:30,813] >> epoch 1/780000, average cost 252.272949
[2017-01-15 23:14:56,078] >> epoch 2/785608, average cost 252.482544
[2017-01-15 23:19:00,317] >> epoch 2/800000, average cost 252.417603
[2017-01-15 23:20:44,243] >> epoch 2/810000, average cost 252.279099
[2017-01-15 23:21:55,344] >> epoch 2/820000, average cost 252.104980
[2017-01-15 23:22:38,002] >> epoch 2/830000, average cost 252.427505
[2017-01-15 23:24:24,936] >> epoch 2/840000, average cost 252.254547
[2017-01-15 23:25:52,226] >> epoch 2/850000, average cost 252.639008
[2017-01-15 23:27:50,623] >> epoch 2/860000, average cost 252.469772
[2017-01-15 23:29:13,778] >> epoch 2/870000, average cost 253.056046
[2017-01-15 23:31:16,167] >> epoch 2/880000, average cost 252.469879
[2017-01-15 23:33:21,989] >> epoch 2/890000, average cost 252.347076
[2017-01-15 23:34:45,978] >> epoch 2/900000, average cost 252.137497
[2017-01-15 23:36:39,044] >> epoch 2/910000, average cost 252.648499
[2017-01-15 23:37:52,192] >> epoch 2/920000, average cost 252.337830
[2017-01-15 23:39:46,801] >> epoch 2/930000, average cost 252.240601
[2017-01-15 23:41:11,050] >> epoch 2/940000, average cost 252.054031
[2017-01-15 23:43:07,385] >> epoch 2/950000, average cost 252.324493
[2017-01-15 23:44:23,903] >> epoch 2/960000, average cost 251.983170
[2017-01-15 23:46:31,184] >> epoch 2/970000, average cost 252.570404
[2017-01-15 23:47:58,260] >> epoch 2/980000, average cost 252.503830
[2017-01-15 23:49:40,479] >> epoch 2/990000, average cost 252.628448
[2017-01-15 23:51:12,364] >> epoch 2/1000000, average cost 252.401825
[2017-01-15 23:52:33,341] >> epoch 2/1010000, average cost 252.372253
[2017-01-15 23:53:40,452] >> epoch 2/1020000, average cost 252.276382
[2017-01-15 23:55:58,058] >> epoch 2/1030000, average cost 252.526703
[2017-01-15 23:58:02,468] >> epoch 2/1040000, average cost 252.174454
[2017-01-15 23:59:10,542] >> epoch 2/1050000, average cost 251.971603
[2017-01-16 00:01:17,998] >> epoch 2/1060000, average cost 252.109726
[2017-01-16 00:02:40,205] >> epoch 2/1070000, average cost 252.592682
[2017-01-16 00:05:03,323] >> epoch 2/1080000, average cost 252.351746
[2017-01-16 00:06:16,889] >> epoch 2/1090000, average cost 252.085922
[2017-01-16 00:08:13,312] >> epoch 2/1100000, average cost 252.520477
[2017-01-16 00:09:37,915] >> epoch 2/1110000, average cost 252.383148
[2017-01-16 00:11:55,350] >> epoch 2/1120000, average cost 251.734329
[2017-01-16 00:13:51,085] >> epoch 2/1130000, average cost 252.434998
[2017-01-16 00:16:26,440] >> epoch 2/1140000, average cost 252.294830
[2017-01-16 00:17:54,743] >> epoch 2/1150000, average cost 251.746902
[2017-01-16 00:19:26,997] >> epoch 2/1160000, average cost 251.940475
[2017-01-16 00:21:10,014] >> epoch 2/1170000, average cost 251.843582
[2017-01-16 00:21:44,047] >> epoch 3/1178412, average cost 252.312683
[2017-01-16 00:24:40,107] >> epoch 3/1190000, average cost 252.203644
[2017-01-16 00:27:26,429] >> epoch 3/1200000, average cost 252.007599
[2017-01-16 00:28:31,451] >> epoch 3/1210000, average cost 252.170319
[2017-01-16 00:29:28,974] >> epoch 3/1220000, average cost 252.050446
[2017-01-16 00:30:55,883] >> epoch 3/1230000, average cost 252.250229
[2017-01-16 00:31:52,882] >> epoch 3/1240000, average cost 252.351074
[2017-01-16 00:33:09,446] >> epoch 3/1250000, average cost 252.307556
[2017-01-16 00:35:10,507] >> epoch 3/1260000, average cost 252.852997
[2017-01-16 00:37:23,033] >> epoch 3/1270000, average cost 252.441299
[2017-01-16 00:38:43,152] >> epoch 3/1280000, average cost 252.373306
[2017-01-16 00:40:53,319] >> epoch 3/1290000, average cost 251.990646
[2017-01-16 00:42:14,346] >> epoch 3/1300000, average cost 252.340332
[2017-01-16 00:44:08,687] >> epoch 3/1310000, average cost 252.445023
[2017-01-16 00:45:36,003] >> epoch 3/1320000, average cost 252.015579
[2017-01-16 00:47:36,016] >> epoch 3/1330000, average cost 252.016754
[2017-01-16 00:48:45,790] >> epoch 3/1340000, average cost 252.134903
[2017-01-16 00:50:43,772] >> epoch 3/1350000, average cost 251.881500
[2017-01-16 00:51:59,317] >> epoch 3/1360000, average cost 252.402893
[2017-01-16 00:54:08,898] >> epoch 3/1370000, average cost 252.206543
[2017-01-16 00:55:36,527] >> epoch 3/1380000, average cost 252.563797
[2017-01-16 00:57:20,558] >> epoch 3/1390000, average cost 252.394897
[2017-01-16 00:59:18,966] >> epoch 3/1400000, average cost 252.165268
[2017-01-16 01:00:32,968] >> epoch 3/1410000, average cost 252.275253
[2017-01-16 01:02:51,944] >> epoch 3/1420000, average cost 252.332245
[2017-01-16 01:04:11,828] >> epoch 3/1430000, average cost 252.139496
[2017-01-16 01:06:07,465] >> epoch 3/1440000, average cost 251.955368
[2017-01-16 01:07:37,188] >> epoch 3/1450000, average cost 251.854843
[2017-01-16 01:10:04,179] >> epoch 3/1460000, average cost 252.417603
[2017-01-16 01:11:40,792] >> epoch 3/1470000, average cost 252.319305
[2017-01-16 01:13:50,993] >> epoch 3/1480000, average cost 252.026245
[2017-01-16 01:15:09,728] >> epoch 3/1490000, average cost 252.206696
[2017-01-16 01:17:11,777] >> epoch 3/1500000, average cost 252.514603
[2017-01-16 01:18:19,564] >> epoch 3/1510000, average cost 251.580826
[2017-01-16 01:21:19,215] >> epoch 3/1520000, average cost 252.198151
[2017-01-16 01:22:54,119] >> epoch 3/1530000, average cost 252.346420
[2017-01-16 01:25:35,517] >> epoch 3/1540000, average cost 251.749252
[2017-01-16 01:27:12,240] >> epoch 3/1550000, average cost 251.754074
[2017-01-16 01:28:02,586] >> epoch 3/1560000, average cost 251.776382
[2017-01-16 01:29:39,328] >> epoch 3/1570000, average cost 252.443054
[2017-01-16 01:29:45,018] >> epoch 4/1571216, average cost 252.189117
[2017-01-16 01:34:05,630] >> epoch 4/1590000, average cost 251.969299
[2017-01-16 01:36:35,684] >> epoch 4/1600000, average cost 252.201874
[2017-01-16 01:37:35,793] >> epoch 4/1610000, average cost 251.758423
[2017-01-16 01:38:48,698] >> epoch 4/1620000, average cost 252.313248
[2017-01-16 01:40:06,642] >> epoch 4/1630000, average cost 252.060501
[2017-01-16 01:41:25,218] >> epoch 4/1640000, average cost 252.388382
[2017-01-16 01:43:28,759] >> epoch 4/1650000, average cost 252.511627
[2017-01-16 01:44:46,778] >> epoch 4/1660000, average cost 252.542755
[2017-01-16 01:46:37,611] >> epoch 4/1670000, average cost 252.346481
[2017-01-16 01:48:16,985] >> epoch 4/1680000, average cost 251.899399
[2017-01-16 01:50:19,869] >> epoch 4/1690000, average cost 252.068329
[2017-01-16 01:51:36,954] >> epoch 4/1700000, average cost 252.493195
[2017-01-16 01:53:37,789] >> epoch 4/1710000, average cost 251.919922
[2017-01-16 01:54:51,889] >> epoch 4/1720000, average cost 252.004654
[2017-01-16 01:56:47,332] >> epoch 4/1730000, average cost 251.911957
[2017-01-16 01:58:07,388] >> epoch 4/1740000, average cost 251.925751
[2017-01-16 02:00:12,095] >> epoch 4/1750000, average cost 252.093750
[2017-01-16 02:01:19,682] >> epoch 4/1760000, average cost 252.118973
[2017-01-16 02:03:29,913] >> epoch 4/1770000, average cost 252.561096
[2017-01-16 02:05:18,453] >> epoch 4/1780000, average cost 252.395645
[2017-01-16 02:06:35,035] >> epoch 4/1790000, average cost 252.053802
[2017-01-16 02:08:39,492] >> epoch 4/1800000, average cost 252.241043
[2017-01-16 02:10:05,585] >> epoch 4/1810000, average cost 252.144577
[2017-01-16 02:12:12,249] >> epoch 4/1820000, average cost 252.182480
[2017-01-16 02:13:25,561] >> epoch 4/1830000, average cost 251.894623
[2017-01-16 02:15:27,329] >> epoch 4/1840000, average cost 251.736496
[2017-01-16 02:17:01,119] >> epoch 4/1850000, average cost 252.229752
[2017-01-16 02:19:27,443] >> epoch 4/1860000, average cost 252.265549
[2017-01-16 02:20:57,430] >> epoch 4/1870000, average cost 252.053802
[2017-01-16 02:22:54,775] >> epoch 4/1880000, average cost 251.991470
[2017-01-16 02:24:00,342] >> epoch 4/1890000, average cost 252.575256
[2017-01-16 02:26:05,377] >> epoch 4/1900000, average cost 251.652618
[2017-01-16 02:28:37,205] >> epoch 4/1910000, average cost 251.829132
[2017-01-16 02:30:15,822] >> epoch 4/1920000, average cost 252.319855
[2017-01-16 02:32:09,686] >> epoch 4/1930000, average cost 251.901505
[2017-01-16 02:33:12,103] >> epoch 4/1940000, average cost 251.570374
[2017-01-16 02:34:23,064] >> epoch 4/1950000, average cost 251.763519
[2017-01-16 02:36:13,793] >> epoch 4/1960000, average cost 252.105743
[2017-01-16 02:36:34,758] >> epoch 5/1964020, average cost 252.103683
[2017-01-16 02:38:22,968] >> epoch 5/1980000, average cost 252.087418
[2017-01-16 02:39:46,096] >> epoch 5/1990000, average cost 252.094971
[2017-01-16 02:40:45,039] >> epoch 5/2000000, average cost 251.683655
[2017-01-16 02:40:45,054] >> epoch 6/2000000, average cost 251.909592
[2017-01-16 02:40:45,057] >> Training finished in 5:37:22.098333
[2017-01-16 02:40:56,569] >> Loading model
[2017-01-16 02:40:56,774] >> Loading datasets
[2017-01-16 02:40:56,777] >> Reconstruction training started with arguments:
{'activation_noise': None,
 'adadelta': False,
 'adadelta_epsilon': '1e-6',
 'adadelta_rho': '0.95',
 'adagrad': False,
 'adagrad_decay': False,
 'batch_size': 128,
 'ce_sparsity': 0.01,
 'ce_sparsity_weight': 0.0,
 'compound': False,
 'corruption_level': 0.2,
 'datasets': (DatasetContainer [PFileStreamDataset@/export/data1/data/ddraper/train.split.pfile],
              DatasetContainer [],
              DatasetContainer []),
 'epochs': 50,
 'fix_layers': [],
 'graph': False,
 'hooks': [],
 'l1_reg': '0.0',
 'l2_reg': '0.0',
 'layer_args': {1: {}, 2: {}},
 'layers': [3],
 'learning_rate': '0.01',
 'loss': 'crossentropy',
 'minibatches': 2000000,
 'momentum': '',
 'noise': 'mask',
 'sparsity': 0.05,
 'sparsity_weight': 0.0,
 'validate': False,
 'verbosity': 1,
 'warn': False}
[2017-01-16 02:40:56,777] >> Reconstruction training started with da:
{'hidden_activation': u'sigmoid',
 'n_hidden': 600,
 'n_visible': 800,
 'tied_weights': True,
 'visible_activation': u'sigmoid'}
[2017-01-16 02:40:56,777] >> Compiling theano graph
ERROR (theano.sandbox.cuda): ERROR: Not using GPU. Initialisation of device 1 failed:
Bad device number 1. Only 1 devices available.
Using gpu device 0: Tesla M2075 (CNMeM is disabled, cuDNN not available)
[2017-01-16 02:41:21,679] >> Training started
[2017-01-16 02:42:30,728] >> epoch 0/10000, average cost 404.136566
[2017-01-16 02:43:32,956] >> epoch 0/20000, average cost 397.132446
[2017-01-16 02:44:32,522] >> epoch 0/30000, average cost 395.920288
[2017-01-16 02:45:24,556] >> epoch 0/40000, average cost 395.452789
[2017-01-16 02:46:26,890] >> epoch 0/50000, average cost 395.194092
[2017-01-16 02:48:02,730] >> epoch 0/60000, average cost 394.956299
[2017-01-16 02:49:24,087] >> epoch 0/70000, average cost 394.785614
[2017-01-16 02:51:19,704] >> epoch 0/80000, average cost 394.659943
[2017-01-16 02:52:39,000] >> epoch 0/90000, average cost 394.519836
[2017-01-16 02:54:37,383] >> epoch 0/100000, average cost 394.412415
[2017-01-16 02:55:49,518] >> epoch 0/110000, average cost 394.385040
[2017-01-16 02:58:10,942] >> epoch 0/120000, average cost 394.263885
[2017-01-16 02:59:28,175] >> epoch 0/130000, average cost 394.129395
[2017-01-16 03:01:25,276] >> epoch 0/140000, average cost 394.048492
[2017-01-16 03:03:30,988] >> epoch 0/150000, average cost 393.908813
[2017-01-16 03:04:33,502] >> epoch 0/160000, average cost 393.862183
[2017-01-16 03:06:41,606] >> epoch 0/170000, average cost 393.716187
[2017-01-16 03:07:45,721] >> epoch 0/180000, average cost 393.620850
[2017-01-16 03:09:39,493] >> epoch 0/190000, average cost 393.636627
[2017-01-16 03:10:54,636] >> epoch 0/200000, average cost 393.509003
[2017-01-16 03:12:47,265] >> epoch 0/210000, average cost 393.512787
[2017-01-16 03:13:47,296] >> epoch 0/220000, average cost 393.326660
[2017-01-16 03:14:48,588] >> epoch 0/230000, average cost 393.320251
[2017-01-16 03:16:16,149] >> epoch 0/240000, average cost 393.248413
[2017-01-16 03:18:20,347] >> epoch 0/250000, average cost 393.188812
[2017-01-16 03:19:48,532] >> epoch 0/260000, average cost 393.206512
[2017-01-16 03:21:32,716] >> epoch 0/270000, average cost 393.048523
[2017-01-16 03:22:34,639] >> epoch 0/280000, average cost 393.016846
[2017-01-16 03:23:37,823] >> epoch 0/290000, average cost 392.935150
[2017-01-16 03:24:33,851] >> epoch 0/300000, average cost 392.912231
[2017-01-16 03:25:28,784] >> epoch 0/310000, average cost 392.910370
[2017-01-16 03:26:32,116] >> epoch 0/320000, average cost 392.782166
[2017-01-16 03:27:23,504] >> epoch 0/330000, average cost 392.767456
[2017-01-16 03:28:34,289] >> epoch 0/340000, average cost 392.720703
[2017-01-16 03:29:39,246] >> epoch 0/350000, average cost 392.690308
[2017-01-16 03:31:08,008] >> epoch 0/360000, average cost 392.682922
[2017-01-16 03:32:01,815] >> epoch 0/370000, average cost 392.673401
[2017-01-16 03:33:21,544] >> epoch 0/380000, average cost 392.532654
[2017-01-16 03:34:27,765] >> epoch 0/390000, average cost 392.590210
[2017-01-16 03:34:38,125] >> epoch 1/392804, average cost 393.998688
[2017-01-16 03:37:26,961] >> epoch 1/410000, average cost 392.499023
[2017-01-16 03:39:17,006] >> epoch 1/420000, average cost 392.466064
[2017-01-16 03:40:33,924] >> epoch 1/430000, average cost 392.499512
[2017-01-16 03:42:26,050] >> epoch 1/440000, average cost 392.564606
[2017-01-16 03:43:20,177] >> epoch 1/450000, average cost 392.443665
[2017-01-16 03:44:38,482] >> epoch 1/460000, average cost 392.457489
[2017-01-16 03:45:38,666] >> epoch 1/470000, average cost 392.388885
[2017-01-16 03:46:56,008] >> epoch 1/480000, average cost 392.416748
[2017-01-16 03:47:54,853] >> epoch 1/490000, average cost 392.310547
[2017-01-16 03:49:18,629] >> epoch 1/500000, average cost 392.420990
[2017-01-16 03:50:17,104] >> epoch 1/510000, average cost 392.405060
[2017-01-16 03:51:37,967] >> epoch 1/520000, average cost 392.298615
[2017-01-16 03:53:03,412] >> epoch 1/530000, average cost 392.315704
[2017-01-16 03:54:02,837] >> epoch 1/540000, average cost 392.272034
[2017-01-16 03:55:24,529] >> epoch 1/550000, average cost 392.259033
[2017-01-16 03:56:27,279] >> epoch 1/560000, average cost 392.239258
[2017-01-16 03:57:49,402] >> epoch 1/570000, average cost 392.157227
[2017-01-16 03:58:51,256] >> epoch 1/580000, average cost 392.264648
[2017-01-16 04:00:11,544] >> epoch 1/590000, average cost 392.176910
[2017-01-16 04:01:09,408] >> epoch 1/600000, average cost 392.299255
[2017-01-16 04:02:30,684] >> epoch 1/610000, average cost 392.136292
[2017-01-16 04:03:29,571] >> epoch 1/620000, average cost 392.164276
[2017-01-16 04:04:56,108] >> epoch 1/630000, average cost 392.213959
[2017-01-16 04:05:52,990] >> epoch 1/640000, average cost 392.142944
[2017-01-16 04:07:23,850] >> epoch 1/650000, average cost 392.185181
[2017-01-16 04:08:50,953] >> epoch 1/660000, average cost 392.166260
[2017-01-16 04:09:56,236] >> epoch 1/670000, average cost 392.100250
[2017-01-16 04:11:24,079] >> epoch 1/680000, average cost 392.081879
[2017-01-16 04:12:22,010] >> epoch 1/690000, average cost 392.058014
[2017-01-16 04:13:46,164] >> epoch 1/700000, average cost 392.114044
[2017-01-16 04:14:43,624] >> epoch 1/710000, average cost 392.038910
[2017-01-16 04:16:08,844] >> epoch 1/720000, average cost 392.015076
[2017-01-16 04:17:27,012] >> epoch 1/730000, average cost 392.024292
[2017-01-16 04:18:57,124] >> epoch 1/740000, average cost 392.027740
[2017-01-16 04:20:02,520] >> epoch 1/750000, average cost 392.005463
[2017-01-16 04:21:34,517] >> epoch 1/760000, average cost 392.045624
[2017-01-16 04:22:38,468] >> epoch 1/770000, average cost 391.963318
[2017-01-16 04:24:08,303] >> epoch 1/780000, average cost 391.975464
[2017-01-16 04:24:50,068] >> epoch 2/785608, average cost 392.230835
[2017-01-16 04:27:14,624] >> epoch 2/800000, average cost 391.997498
[2017-01-16 04:28:30,862] >> epoch 2/810000, average cost 391.922119
[2017-01-16 04:30:30,404] >> epoch 2/820000, average cost 391.980682
[2017-01-16 04:31:48,567] >> epoch 2/830000, average cost 392.091339
[2017-01-16 04:33:24,204] >> epoch 2/840000, average cost 391.983765
[2017-01-16 04:34:23,839] >> epoch 2/850000, average cost 392.035706
[2017-01-16 04:35:51,219] >> epoch 2/860000, average cost 391.949890
[2017-01-16 04:36:52,047] >> epoch 2/870000, average cost 392.027985
[2017-01-16 04:38:15,487] >> epoch 2/880000, average cost 391.892242
[2017-01-16 04:39:43,847] >> epoch 2/890000, average cost 392.018066
[2017-01-16 04:40:44,632] >> epoch 2/900000, average cost 392.031891
[2017-01-16 04:42:08,489] >> epoch 2/910000, average cost 391.959686
[2017-01-16 04:43:07,229] >> epoch 2/920000, average cost 391.962463
[2017-01-16 04:44:34,232] >> epoch 2/930000, average cost 391.963104
[2017-01-16 04:45:33,219] >> epoch 2/940000, average cost 391.912018
[2017-01-16 04:46:54,294] >> epoch 2/950000, average cost 391.952911
[2017-01-16 04:47:49,293] >> epoch 2/960000, average cost 391.846191
[2017-01-16 04:49:09,095] >> epoch 2/970000, average cost 391.940582
[2017-01-16 04:50:06,761] >> epoch 2/980000, average cost 391.903442
[2017-01-16 04:51:30,565] >> epoch 2/990000, average cost 391.988892
[2017-01-16 04:52:36,183] >> epoch 2/1000000, average cost 391.908447
[2017-01-16 04:53:56,218] >> epoch 2/1010000, average cost 391.895142
[2017-01-16 04:54:56,482] >> epoch 2/1020000, average cost 391.975525
[2017-01-16 04:56:24,035] >> epoch 2/1030000, average cost 391.865540
[2017-01-16 04:57:55,165] >> epoch 2/1040000, average cost 391.907440
[2017-01-16 04:58:56,245] >> epoch 2/1050000, average cost 391.988800
[2017-01-16 05:00:27,358] >> epoch 2/1060000, average cost 391.857025
[2017-01-16 05:01:25,577] >> epoch 2/1070000, average cost 391.874390
[2017-01-16 05:02:54,909] >> epoch 2/1080000, average cost 391.827881
[2017-01-16 05:03:55,148] >> epoch 2/1090000, average cost 391.900452
[2017-01-16 05:05:21,202] >> epoch 2/1100000, average cost 391.867035
[2017-01-16 05:06:23,668] >> epoch 2/1110000, average cost 391.788177
[2017-01-16 05:07:57,099] >> epoch 2/1120000, average cost 391.832336
[2017-01-16 05:09:03,122] >> epoch 2/1130000, average cost 391.831543
[2017-01-16 05:10:35,188] >> epoch 2/1140000, average cost 391.787415
[2017-01-16 05:11:41,843] >> epoch 2/1150000, average cost 391.848785
[2017-01-16 05:13:06,449] >> epoch 2/1160000, average cost 391.822632
[2017-01-16 05:14:42,669] >> epoch 2/1170000, average cost 391.746307
[2017-01-16 05:15:13,362] >> epoch 3/1178412, average cost 391.918335
[2017-01-16 05:17:16,831] >> epoch 3/1190000, average cost 391.830353
[2017-01-16 05:19:09,422] >> epoch 3/1200000, average cost 391.739258
[2017-01-16 05:20:22,209] >> epoch 3/1210000, average cost 391.787506
[2017-01-16 05:22:32,030] >> epoch 3/1220000, average cost 391.883759
[2017-01-16 05:23:45,849] >> epoch 3/1230000, average cost 391.841766
[2017-01-16 05:25:12,563] >> epoch 3/1240000, average cost 391.861206
[2017-01-16 05:26:17,472] >> epoch 3/1250000, average cost 391.800537
[2017-01-16 05:27:43,485] >> epoch 3/1260000, average cost 391.838226
[2017-01-16 05:29:12,652] >> epoch 3/1270000, average cost 391.765167
[2017-01-16 05:30:14,825] >> epoch 3/1280000, average cost 391.820129
[2017-01-16 05:31:46,810] >> epoch 3/1290000, average cost 391.882263
[2017-01-16 05:32:47,725] >> epoch 3/1300000, average cost 391.829193
[2017-01-16 05:34:17,188] >> epoch 3/1310000, average cost 391.798309
[2017-01-16 05:35:21,502] >> epoch 3/1320000, average cost 391.813446
[2017-01-16 05:36:51,495] >> epoch 3/1330000, average cost 391.761963
[2017-01-16 05:37:53,303] >> epoch 3/1340000, average cost 391.804565
[2017-01-16 05:39:21,584] >> epoch 3/1350000, average cost 391.723450
[2017-01-16 05:40:25,828] >> epoch 3/1360000, average cost 391.745483
[2017-01-16 05:41:52,837] >> epoch 3/1370000, average cost 391.810638
[2017-01-16 05:43:02,171] >> epoch 3/1380000, average cost 391.799377
[2017-01-16 05:44:21,975] >> epoch 3/1390000, average cost 391.829163
[2017-01-16 05:45:47,360] >> epoch 3/1400000, average cost 391.737793
[2017-01-16 05:46:47,176] >> epoch 3/1410000, average cost 391.809753
[2017-01-16 05:48:13,369] >> epoch 3/1420000, average cost 391.755493
[2017-01-16 05:49:17,140] >> epoch 3/1430000, average cost 391.789551
[2017-01-16 05:50:45,820] >> epoch 3/1440000, average cost 391.861816
[2017-01-16 05:51:43,435] >> epoch 3/1450000, average cost 391.738007
[2017-01-16 05:53:11,315] >> epoch 3/1460000, average cost 391.760590
[2017-01-16 05:54:16,393] >> epoch 3/1470000, average cost 391.708679
[2017-01-16 05:55:38,074] >> epoch 3/1480000, average cost 391.765564
[2017-01-16 05:56:42,363] >> epoch 3/1490000, average cost 391.780426
[2017-01-16 05:58:02,981] >> epoch 3/1500000, average cost 391.668060
[2017-01-16 05:59:02,123] >> epoch 3/1510000, average cost 391.725159
[2017-01-16 06:00:34,805] >> epoch 3/1520000, average cost 391.713715
[2017-01-16 06:01:39,581] >> epoch 3/1530000, average cost 391.681519
[2017-01-16 06:03:12,172] >> epoch 3/1540000, average cost 391.749756
[2017-01-16 06:04:35,362] >> epoch 3/1550000, average cost 391.762543
[2017-01-16 06:05:34,109] >> epoch 3/1560000, average cost 391.633331
[2017-01-16 06:06:43,161] >> epoch 3/1570000, average cost 391.750336
[2017-01-16 06:06:47,413] >> epoch 4/1571216, average cost 391.778809
[2017-01-16 06:09:45,128] >> epoch 4/1590000, average cost 391.664062
[2017-01-16 06:11:37,648] >> epoch 4/1600000, average cost 391.691986
[2017-01-16 06:13:02,067] >> epoch 4/1610000, average cost 391.753082
[2017-01-16 06:15:02,448] >> epoch 4/1620000, average cost 391.806641
[2017-01-16 06:16:29,737] >> epoch 4/1630000, average cost 391.749756
[2017-01-16 06:17:33,123] >> epoch 4/1640000, average cost 391.744659
[2017-01-16 06:19:03,187] >> epoch 4/1650000, average cost 391.717194
[2017-01-16 06:20:05,364] >> epoch 4/1660000, average cost 391.733978
[2017-01-16 06:21:37,478] >> epoch 4/1670000, average cost 391.692535
[2017-01-16 06:22:43,067] >> epoch 4/1680000, average cost 391.805634
[2017-01-16 06:24:13,486] >> epoch 4/1690000, average cost 391.785339
[2017-01-16 06:25:17,156] >> epoch 4/1700000, average cost 391.712708
[2017-01-16 06:26:48,764] >> epoch 4/1710000, average cost 391.734497
[2017-01-16 06:27:53,740] >> epoch 4/1720000, average cost 391.702515
[2017-01-16 06:29:22,957] >> epoch 4/1730000, average cost 391.724182
[2017-01-16 06:30:27,552] >> epoch 4/1740000, average cost 391.689667
[2017-01-16 06:31:56,439] >> epoch 4/1750000, average cost 391.652313
[2017-01-16 06:33:01,328] >> epoch 4/1760000, average cost 391.772522
[2017-01-16 06:34:28,695] >> epoch 4/1770000, average cost 391.679626
[2017-01-16 06:35:57,832] >> epoch 4/1780000, average cost 391.808228
[2017-01-16 06:36:59,634] >> epoch 4/1790000, average cost 391.654663
[2017-01-16 06:38:28,847] >> epoch 4/1800000, average cost 391.708710
[2017-01-16 06:39:33,572] >> epoch 4/1810000, average cost 391.744202
[2017-01-16 06:41:00,349] >> epoch 4/1820000, average cost 391.709381
[2017-01-16 06:42:02,611] >> epoch 4/1830000, average cost 391.773224
[2017-01-16 06:43:25,662] >> epoch 4/1840000, average cost 391.716156
[2017-01-16 06:44:31,310] >> epoch 4/1850000, average cost 391.691772
[2017-01-16 06:45:57,404] >> epoch 4/1860000, average cost 391.666473
[2017-01-16 06:46:56,867] >> epoch 4/1870000, average cost 391.671112
[2017-01-16 06:48:17,390] >> epoch 4/1880000, average cost 391.727448
[2017-01-16 06:49:14,287] >> epoch 4/1890000, average cost 391.631256
[2017-01-16 06:50:35,869] >> epoch 4/1900000, average cost 391.656677
[2017-01-16 06:52:06,381] >> epoch 4/1910000, average cost 391.651794
[2017-01-16 06:53:11,146] >> epoch 4/1920000, average cost 391.653015
[2017-01-16 06:54:42,178] >> epoch 4/1930000, average cost 391.670868
[2017-01-16 06:55:36,725] >> epoch 4/1940000, average cost 391.699097
[2017-01-16 06:56:59,455] >> epoch 4/1950000, average cost 391.600830
[2017-01-16 06:58:07,054] >> epoch 4/1960000, average cost 391.660461
[2017-01-16 06:58:28,518] >> epoch 5/1964020, average cost 391.709198
[2017-01-16 07:01:08,451] >> epoch 5/1980000, average cost 391.650787
[2017-01-16 07:02:23,103] >> epoch 5/1990000, average cost 391.611053
[2017-01-16 07:04:22,086] >> epoch 5/2000000, average cost 391.676849
[2017-01-16 07:04:25,155] >> epoch 6/2000000, average cost 391.649902
[2017-01-16 07:04:26,706] >> Training finished in 4:23:03.482811
[2017-01-16 07:05:30,899] >> Loading model
[2017-01-16 07:05:31,083] >> Loading datasets
[2017-01-16 07:05:31,115] >> Reconstruction training started with arguments:
{'activation_noise': None,
 'adadelta': False,
 'adadelta_epsilon': '1e-6',
 'adadelta_rho': '0.95',
 'adagrad': False,
 'adagrad_decay': False,
 'batch_size': 128,
 'ce_sparsity': 0.01,
 'ce_sparsity_weight': 0.0,
 'compound': False,
 'corruption_level': 0.2,
 'datasets': (DatasetContainer [PFileStreamDataset@/export/data1/data/ddraper/train.split.pfile],
              DatasetContainer [],
              DatasetContainer []),
 'epochs': 50,
 'fix_layers': [],
 'graph': False,
 'hooks': [],
 'l1_reg': '0.0',
 'l2_reg': '0.0',
 'layer_args': {1: {}, 2: {}, 3: {}},
 'layers': [4],
 'learning_rate': '0.01',
 'loss': 'crossentropy',
 'minibatches': 2000000,
 'momentum': '',
 'noise': 'mask',
 'sparsity': 0.05,
 'sparsity_weight': 0.0,
 'validate': False,
 'verbosity': 1,
 'warn': False}
[2017-01-16 07:05:31,115] >> Reconstruction training started with da:
{'hidden_activation': u'sigmoid',
 'n_hidden': 400,
 'n_visible': 600,
 'tied_weights': True,
 'visible_activation': u'sigmoid'}
[2017-01-16 07:05:31,116] >> Compiling theano graph
ERROR (theano.sandbox.cuda): ERROR: Not using GPU. Initialisation of device 1 failed:
Bad device number 1. Only 1 devices available.
Using gpu device 0: Tesla M2075 (CNMeM is disabled, cuDNN not available)
[2017-01-16 07:06:05,188] >> Training started
[2017-01-16 07:06:59,566] >> epoch 0/10000, average cost 90.779510
[2017-01-16 07:08:23,923] >> epoch 0/20000, average cost 86.282860
[2017-01-16 07:09:18,364] >> epoch 0/30000, average cost 85.788902
[2017-01-16 07:10:22,466] >> epoch 0/40000, average cost 85.304771
[2017-01-16 07:11:34,912] >> epoch 0/50000, average cost 85.435722
[2017-01-16 07:12:59,735] >> epoch 0/60000, average cost 85.254532
[2017-01-16 07:13:58,402] >> epoch 0/70000, average cost 85.279259
[2017-01-16 07:15:21,242] >> epoch 0/80000, average cost 85.448227
[2017-01-16 07:16:14,551] >> epoch 0/90000, average cost 85.255943
[2017-01-16 07:17:37,224] >> epoch 0/100000, average cost 85.037949
[2017-01-16 07:18:39,067] >> epoch 0/110000, average cost 84.676277
[2017-01-16 07:20:04,978] >> epoch 0/120000, average cost 84.824440
[2017-01-16 07:21:03,043] >> epoch 0/130000, average cost 85.050491
[2017-01-16 07:22:25,608] >> epoch 0/140000, average cost 84.563866
[2017-01-16 07:23:52,754] >> epoch 0/150000, average cost 84.571869
[2017-01-16 07:24:47,816] >> epoch 0/160000, average cost 84.556465
[2017-01-16 07:26:10,165] >> epoch 0/170000, average cost 84.428360
[2017-01-16 07:27:07,131] >> epoch 0/180000, average cost 84.639030
[2017-01-16 07:28:27,732] >> epoch 0/190000, average cost 84.554749
[2017-01-16 07:29:25,915] >> epoch 0/200000, average cost 84.874916
[2017-01-16 07:30:34,691] >> epoch 0/210000, average cost 84.709641
[2017-01-16 07:31:29,305] >> epoch 0/220000, average cost 84.555748
[2017-01-16 07:32:40,428] >> epoch 0/230000, average cost 84.621033
[2017-01-16 07:33:41,149] >> epoch 0/240000, average cost 84.543999
[2017-01-16 07:35:04,847] >> epoch 0/250000, average cost 84.451347
[2017-01-16 07:36:14,434] >> epoch 0/260000, average cost 84.316223
[2017-01-16 07:37:40,867] >> epoch 0/270000, average cost 84.182602
[2017-01-16 07:38:48,998] >> epoch 0/280000, average cost 84.600807
[2017-01-16 07:40:09,899] >> epoch 0/290000, average cost 84.527176
[2017-01-16 07:41:28,702] >> epoch 0/300000, average cost 84.342690
[2017-01-16 07:42:22,649] >> epoch 0/310000, average cost 84.293900
[2017-01-16 07:43:51,605] >> epoch 0/320000, average cost 84.737000
[2017-01-16 07:44:59,305] >> epoch 0/330000, average cost 83.890846
[2017-01-16 07:46:28,780] >> epoch 0/340000, average cost 84.172096
[2017-01-16 07:47:30,218] >> epoch 0/350000, average cost 84.488464
[2017-01-16 07:48:58,687] >> epoch 0/360000, average cost 84.050163
[2017-01-16 07:49:59,241] >> epoch 0/370000, average cost 83.860962
[2017-01-16 07:51:23,518] >> epoch 0/380000, average cost 84.028419
[2017-01-16 07:52:29,537] >> epoch 0/390000, average cost 84.404953
[2017-01-16 07:52:39,023] >> epoch 1/392804, average cost 84.851868
[2017-01-16 07:55:30,040] >> epoch 1/410000, average cost 84.197617
[2017-01-16 07:57:24,123] >> epoch 1/420000, average cost 84.217651
[2017-01-16 07:58:46,682] >> epoch 1/430000, average cost 83.868500
[2017-01-16 08:00:36,677] >> epoch 1/440000, average cost 84.249725
[2017-01-16 08:01:30,039] >> epoch 1/450000, average cost 84.056892
[2017-01-16 08:02:55,650] >> epoch 1/460000, average cost 84.384354
[2017-01-16 08:03:56,278] >> epoch 1/470000, average cost 84.357491
[2017-01-16 08:05:19,443] >> epoch 1/480000, average cost 84.578629
[2017-01-16 08:06:19,991] >> epoch 1/490000, average cost 84.263214
[2017-01-16 08:07:48,631] >> epoch 1/500000, average cost 83.975349
[2017-01-16 08:08:49,587] >> epoch 1/510000, average cost 83.963615
[2017-01-16 08:10:15,861] >> epoch 1/520000, average cost 84.400322
[2017-01-16 08:11:43,795] >> epoch 1/530000, average cost 84.004486
[2017-01-16 08:12:44,193] >> epoch 1/540000, average cost 83.973991
[2017-01-16 08:14:09,847] >> epoch 1/550000, average cost 83.873421
[2017-01-16 08:15:08,430] >> epoch 1/560000, average cost 83.933411
[2017-01-16 08:16:34,598] >> epoch 1/570000, average cost 83.876381
[2017-01-16 08:17:32,106] >> epoch 1/580000, average cost 84.085701
[2017-01-16 08:18:58,507] >> epoch 1/590000, average cost 84.289078
[2017-01-16 08:19:57,674] >> epoch 1/600000, average cost 84.165314
[2017-01-16 08:21:24,570] >> epoch 1/610000, average cost 84.023735
[2017-01-16 08:22:23,483] >> epoch 1/620000, average cost 84.127686
[2017-01-16 08:23:53,404] >> epoch 1/630000, average cost 83.939949
[2017-01-16 08:24:52,547] >> epoch 1/640000, average cost 84.046638
[2017-01-16 08:26:25,451] >> epoch 1/650000, average cost 83.838394
[2017-01-16 08:27:55,456] >> epoch 1/660000, average cost 83.658615
[2017-01-16 08:28:59,909] >> epoch 1/670000, average cost 83.995064
[2017-01-16 08:30:30,425] >> epoch 1/680000, average cost 84.106735
[2017-01-16 08:31:27,436] >> epoch 1/690000, average cost 83.936440
[2017-01-16 08:32:53,670] >> epoch 1/700000, average cost 83.743515
[2017-01-16 08:33:52,425] >> epoch 1/710000, average cost 84.247627
[2017-01-16 08:35:22,607] >> epoch 1/720000, average cost 83.714378
[2017-01-16 08:36:27,845] >> epoch 1/730000, average cost 83.523567
[2017-01-16 08:38:02,493] >> epoch 1/740000, average cost 84.060349
[2017-01-16 08:39:06,383] >> epoch 1/750000, average cost 83.771591
[2017-01-16 08:40:34,498] >> epoch 1/760000, average cost 83.393013
[2017-01-16 08:41:37,766] >> epoch 1/770000, average cost 83.633926
[2017-01-16 08:43:08,207] >> epoch 1/780000, average cost 83.769226
[2017-01-16 08:43:29,211] >> epoch 2/785608, average cost 84.007339
[2017-01-16 08:46:12,598] >> epoch 2/800000, average cost 83.862724
[2017-01-16 08:47:28,985] >> epoch 2/810000, average cost 83.728073
[2017-01-16 08:49:31,603] >> epoch 2/820000, average cost 83.559761
[2017-01-16 08:50:48,333] >> epoch 2/830000, average cost 83.801003
[2017-01-16 08:52:26,234] >> epoch 2/840000, average cost 83.693962
[2017-01-16 08:53:27,643] >> epoch 2/850000, average cost 83.992928
[2017-01-16 08:54:56,401] >> epoch 2/860000, average cost 83.896988
[2017-01-16 08:55:57,232] >> epoch 2/870000, average cost 84.334114
[2017-01-16 08:57:23,529] >> epoch 2/880000, average cost 83.846024
[2017-01-16 08:58:54,496] >> epoch 2/890000, average cost 83.755852
[2017-01-16 08:59:55,225] >> epoch 2/900000, average cost 83.583885
[2017-01-16 09:01:23,454] >> epoch 2/910000, average cost 83.963997
[2017-01-16 09:02:19,237] >> epoch 2/920000, average cost 83.799522
[2017-01-16 09:03:47,847] >> epoch 2/930000, average cost 83.628265
[2017-01-16 09:04:46,652] >> epoch 2/940000, average cost 83.516037
[2017-01-16 09:06:07,301] >> epoch 2/950000, average cost 83.668762
[2017-01-16 09:07:04,821] >> epoch 2/960000, average cost 83.444313
[2017-01-16 09:08:27,565] >> epoch 2/970000, average cost 83.864250
[2017-01-16 09:09:24,871] >> epoch 2/980000, average cost 83.829338
[2017-01-16 09:10:46,966] >> epoch 2/990000, average cost 83.860527
[2017-01-16 09:11:53,824] >> epoch 2/1000000, average cost 83.763741
[2017-01-16 09:13:09,698] >> epoch 2/1010000, average cost 83.771339
[2017-01-16 09:14:05,630] >> epoch 2/1020000, average cost 83.642082
[2017-01-16 09:15:34,598] >> epoch 2/1030000, average cost 83.810806
[2017-01-16 09:17:06,455] >> epoch 2/1040000, average cost 83.590889
[2017-01-16 09:18:07,075] >> epoch 2/1050000, average cost 83.408066
[2017-01-16 09:19:35,970] >> epoch 2/1060000, average cost 83.533424
[2017-01-16 09:20:31,119] >> epoch 2/1070000, average cost 83.874428
[2017-01-16 09:21:59,435] >> epoch 2/1080000, average cost 83.723640
[2017-01-16 09:22:55,440] >> epoch 2/1090000, average cost 83.456924
[2017-01-16 09:24:17,408] >> epoch 2/1100000, average cost 83.783577
[2017-01-16 09:25:15,418] >> epoch 2/1110000, average cost 83.729233
[2017-01-16 09:26:47,481] >> epoch 2/1120000, average cost 83.133942
[2017-01-16 09:27:49,244] >> epoch 2/1130000, average cost 83.726707
[2017-01-16 09:29:25,505] >> epoch 2/1140000, average cost 83.614471
[2017-01-16 09:30:26,267] >> epoch 2/1150000, average cost 83.139969
[2017-01-16 09:31:47,489] >> epoch 2/1160000, average cost 83.331329
[2017-01-16 09:33:17,725] >> epoch 2/1170000, average cost 83.315002
[2017-01-16 09:33:46,130] >> epoch 3/1178412, average cost 83.686859
[2017-01-16 09:35:42,107] >> epoch 3/1190000, average cost 83.523766
[2017-01-16 09:37:31,944] >> epoch 3/1200000, average cost 83.398621
[2017-01-16 09:38:41,131] >> epoch 3/1210000, average cost 83.433502
[2017-01-16 09:40:46,266] >> epoch 3/1220000, average cost 83.378685
[2017-01-16 09:41:58,933] >> epoch 3/1230000, average cost 83.513588
[2017-01-16 09:43:17,005] >> epoch 3/1240000, average cost 83.618896
[2017-01-16 09:44:15,751] >> epoch 3/1250000, average cost 83.585396
[2017-01-16 09:45:38,214] >> epoch 3/1260000, average cost 84.019150
[2017-01-16 09:47:02,256] >> epoch 3/1270000, average cost 83.681335
[2017-01-16 09:48:00,345] >> epoch 3/1280000, average cost 83.583809
[2017-01-16 09:49:29,849] >> epoch 3/1290000, average cost 83.311996
[2017-01-16 09:50:26,889] >> epoch 3/1300000, average cost 83.575699
[2017-01-16 09:51:48,025] >> epoch 3/1310000, average cost 83.664810
[2017-01-16 09:52:48,623] >> epoch 3/1320000, average cost 83.321388
[2017-01-16 09:54:15,949] >> epoch 3/1330000, average cost 83.302025
[2017-01-16 09:55:11,261] >> epoch 3/1340000, average cost 83.368309
[2017-01-16 09:56:34,831] >> epoch 3/1350000, average cost 83.180374
[2017-01-16 09:57:32,339] >> epoch 3/1360000, average cost 83.559677
[2017-01-16 09:58:53,650] >> epoch 3/1370000, average cost 83.400612
[2017-01-16 09:59:56,936] >> epoch 3/1380000, average cost 83.663391
[2017-01-16 10:01:13,105] >> epoch 3/1390000, average cost 83.548897
[2017-01-16 10:02:36,062] >> epoch 3/1400000, average cost 83.441635
[2017-01-16 10:03:33,004] >> epoch 3/1410000, average cost 83.464668
[2017-01-16 10:05:01,630] >> epoch 3/1420000, average cost 83.493294
[2017-01-16 10:06:04,589] >> epoch 3/1430000, average cost 83.333565
[2017-01-16 10:07:33,308] >> epoch 3/1440000, average cost 83.210831
[2017-01-16 10:08:29,511] >> epoch 3/1450000, average cost 83.139511
[2017-01-16 10:09:58,437] >> epoch 3/1460000, average cost 83.581993
[2017-01-16 10:11:03,259] >> epoch 3/1470000, average cost 83.472885
[2017-01-16 10:12:24,864] >> epoch 3/1480000, average cost 83.243347
[2017-01-16 10:13:25,780] >> epoch 3/1490000, average cost 83.330734
[2017-01-16 10:14:47,147] >> epoch 3/1500000, average cost 83.636574
[2017-01-16 10:15:46,433] >> epoch 3/1510000, average cost 82.851471
[2017-01-16 10:17:20,879] >> epoch 3/1520000, average cost 83.325890
[2017-01-16 10:18:24,752] >> epoch 3/1530000, average cost 83.465965
[2017-01-16 10:19:58,640] >> epoch 3/1540000, average cost 82.972740
[2017-01-16 10:21:21,459] >> epoch 3/1550000, average cost 82.954697
[2017-01-16 10:22:19,780] >> epoch 3/1560000, average cost 83.070129
[2017-01-16 10:23:26,665] >> epoch 3/1570000, average cost 83.534424
[2017-01-16 10:23:32,582] >> epoch 4/1571216, average cost 83.412773
[2017-01-16 10:26:32,313] >> epoch 4/1590000, average cost 83.181953
[2017-01-16 10:28:26,996] >> epoch 4/1600000, average cost 83.277420
[2017-01-16 10:29:50,478] >> epoch 4/1610000, average cost 82.969360
[2017-01-16 10:31:45,467] >> epoch 4/1620000, average cost 83.366867
[2017-01-16 10:33:07,015] >> epoch 4/1630000, average cost 83.202911
[2017-01-16 10:34:06,028] >> epoch 4/1640000, average cost 83.471161
[2017-01-16 10:35:31,164] >> epoch 4/1650000, average cost 83.573120
[2017-01-16 10:36:28,080] >> epoch 4/1660000, average cost 83.602203
[2017-01-16 10:37:54,779] >> epoch 4/1670000, average cost 83.391472
[2017-01-16 10:38:55,999] >> epoch 4/1680000, average cost 83.089401
[2017-01-16 10:40:23,296] >> epoch 4/1690000, average cost 83.194771
[2017-01-16 10:41:22,951] >> epoch 4/1700000, average cost 83.523041
[2017-01-16 10:42:49,002] >> epoch 4/1710000, average cost 83.119209
[2017-01-16 10:43:49,673] >> epoch 4/1720000, average cost 83.120010
[2017-01-16 10:45:15,229] >> epoch 4/1730000, average cost 83.075859
[2017-01-16 10:46:13,904] >> epoch 4/1740000, average cost 83.055984
[2017-01-16 10:47:40,174] >> epoch 4/1750000, average cost 83.177101
[2017-01-16 10:48:38,225] >> epoch 4/1760000, average cost 83.171005
[2017-01-16 10:50:03,580] >> epoch 4/1770000, average cost 83.540298
[2017-01-16 10:51:26,868] >> epoch 4/1780000, average cost 83.379860
[2017-01-16 10:52:25,975] >> epoch 4/1790000, average cost 83.226776
[2017-01-16 10:53:46,120] >> epoch 4/1800000, average cost 83.324974
[2017-01-16 10:54:47,034] >> epoch 4/1810000, average cost 83.196327
[2017-01-16 10:56:15,336] >> epoch 4/1820000, average cost 83.237633
[2017-01-16 10:57:12,040] >> epoch 4/1830000, average cost 83.051308
[2017-01-16 10:58:36,453] >> epoch 4/1840000, average cost 82.944672
[2017-01-16 10:59:40,052] >> epoch 4/1850000, average cost 83.298897
[2017-01-16 11:01:06,301] >> epoch 4/1860000, average cost 83.333672
[2017-01-16 11:02:02,155] >> epoch 4/1870000, average cost 83.169395
[2017-01-16 11:03:21,137] >> epoch 4/1880000, average cost 83.063660
[2017-01-16 11:04:14,885] >> epoch 4/1890000, average cost 83.571564
[2017-01-16 11:05:34,183] >> epoch 4/1900000, average cost 82.814903
[2017-01-16 11:07:06,847] >> epoch 4/1910000, average cost 82.918694
[2017-01-16 11:08:09,030] >> epoch 4/1920000, average cost 83.367615
[2017-01-16 11:09:37,381] >> epoch 4/1930000, average cost 83.013794
[2017-01-16 11:10:32,298] >> epoch 4/1940000, average cost 82.718941
[2017-01-16 11:11:53,831] >> epoch 4/1950000, average cost 82.955643
[2017-01-16 11:12:57,734] >> epoch 4/1960000, average cost 83.212822
[2017-01-16 11:13:18,666] >> epoch 5/1964020, average cost 83.207504
[2017-01-16 11:15:55,593] >> epoch 5/1980000, average cost 83.181915
[2017-01-16 11:17:10,397] >> epoch 5/1990000, average cost 83.154724
[2017-01-16 11:19:09,794] >> epoch 5/2000000, average cost 82.821472
[2017-01-16 11:19:11,047] >> epoch 6/2000000, average cost 83.019653
[2017-01-16 11:19:12,628] >> Training finished in 4:13:05.861679
[2017-01-16 11:20:26,894] >> Loading model
[2017-01-16 11:20:27,054] >> Loading datasets
[2017-01-16 11:20:27,080] >> Reconstruction training started with arguments:
{'activation_noise': None,
 'adadelta': False,
 'adadelta_epsilon': '1e-6',
 'adadelta_rho': '0.95',
 'adagrad': False,
 'adagrad_decay': False,
 'batch_size': 128,
 'ce_sparsity': 0.01,
 'ce_sparsity_weight': 0.0,
 'compound': False,
 'corruption_level': 0.2,
 'datasets': (DatasetContainer [PFileStreamDataset@/export/data1/data/ddraper/train.split.pfile],
              DatasetContainer [],
              DatasetContainer []),
 'epochs': 50,
 'fix_layers': [],
 'graph': False,
 'hooks': [],
 'l1_reg': '0.0',
 'l2_reg': '0.0',
 'layer_args': {1: {}, 2: {}, 3: {}, 4: {}},
 'layers': [5],
 'learning_rate': '0.01',
 'loss': 'crossentropy',
 'minibatches': 2000000,
 'momentum': '',
 'noise': 'mask',
 'sparsity': 0.05,
 'sparsity_weight': 0.0,
 'validate': False,
 'verbosity': 1,
 'warn': False}
[2017-01-16 11:20:27,080] >> Reconstruction training started with da:
{'hidden_activation': u'sigmoid',
 'n_hidden': 200,
 'n_visible': 400,
 'tied_weights': True,
 'visible_activation': u'sigmoid'}
[2017-01-16 11:20:27,080] >> Compiling theano graph
ERROR (theano.sandbox.cuda): ERROR: Not using GPU. Initialisation of device 1 failed:
Bad device number 1. Only 1 devices available.
Using gpu device 0: Tesla M2075 (CNMeM is disabled, cuDNN not available)
[2017-01-16 11:21:05,349] >> Training started
[2017-01-16 11:21:57,174] >> epoch 0/10000, average cost 157.448471
[2017-01-16 11:23:27,604] >> epoch 0/20000, average cost 152.425507
[2017-01-16 11:24:19,219] >> epoch 0/30000, average cost 151.145782
[2017-01-16 11:25:18,412] >> epoch 0/40000, average cost 150.564728
[2017-01-16 11:26:34,255] >> epoch 0/50000, average cost 150.331619
[2017-01-16 11:27:53,802] >> epoch 0/60000, average cost 150.119598
[2017-01-16 11:28:58,710] >> epoch 0/70000, average cost 150.041672
[2017-01-16 11:30:16,391] >> epoch 0/80000, average cost 149.977356
[2017-01-16 11:31:11,948] >> epoch 0/90000, average cost 149.845047
[2017-01-16 11:32:30,569] >> epoch 0/100000, average cost 149.736526
[2017-01-16 11:33:32,124] >> epoch 0/110000, average cost 149.650772
[2017-01-16 11:35:02,126] >> epoch 0/120000, average cost 149.613052
[2017-01-16 11:36:01,133] >> epoch 0/130000, average cost 149.571777
[2017-01-16 11:37:13,621] >> epoch 0/140000, average cost 149.439270
[2017-01-16 11:39:03,837] >> epoch 0/150000, average cost 149.392792
[2017-01-16 11:40:13,704] >> epoch 0/160000, average cost 149.343018
[2017-01-16 11:42:12,130] >> epoch 0/170000, average cost 149.239944
[2017-01-16 11:43:13,172] >> epoch 0/180000, average cost 149.259216
[2017-01-16 11:44:45,903] >> epoch 0/190000, average cost 149.238678
[2017-01-16 11:45:46,420] >> epoch 0/200000, average cost 149.256027
[2017-01-16 11:47:04,079] >> epoch 0/210000, average cost 149.210068
[2017-01-16 11:48:12,407] >> epoch 0/220000, average cost 149.109024
[2017-01-16 11:50:04,992] >> epoch 0/230000, average cost 149.102768
[2017-01-16 11:51:36,392] >> epoch 0/240000, average cost 149.059082
[2017-01-16 11:53:40,843] >> epoch 0/250000, average cost 149.006378
[2017-01-16 11:54:59,244] >> epoch 0/260000, average cost 149.010574
[2017-01-16 11:57:13,091] >> epoch 0/270000, average cost 148.860397
[2017-01-16 11:58:48,525] >> epoch 0/280000, average cost 148.934647
[2017-01-16 12:01:08,458] >> epoch 0/290000, average cost 148.888855
[2017-01-16 12:03:24,061] >> epoch 0/300000, average cost 148.834732
[2017-01-16 12:04:36,888] >> epoch 0/310000, average cost 148.826035
[2017-01-16 12:06:39,578] >> epoch 0/320000, average cost 148.859512
[2017-01-16 12:07:51,335] >> epoch 0/330000, average cost 148.668442
[2017-01-16 12:10:04,873] >> epoch 0/340000, average cost 148.686325
[2017-01-16 12:11:35,120] >> epoch 0/350000, average cost 148.743729
[2017-01-16 12:14:02,986] >> epoch 0/360000, average cost 148.638412
[2017-01-16 12:15:20,384] >> epoch 0/370000, average cost 148.580902
[2017-01-16 12:17:33,895] >> epoch 0/380000, average cost 148.566544
[2017-01-16 12:19:09,283] >> epoch 0/390000, average cost 148.658936
[2017-01-16 12:19:24,756] >> epoch 1/392804, average cost 149.580170
[2017-01-16 12:22:29,829] >> epoch 1/410000, average cost 148.574097
[2017-01-16 12:25:16,926] >> epoch 1/420000, average cost 148.546310
[2017-01-16 12:27:03,693] >> epoch 1/430000, average cost 148.488663
[2017-01-16 12:30:11,213] >> epoch 1/440000, average cost 148.579605
[2017-01-16 12:31:37,030] >> epoch 1/450000, average cost 148.455719
[2017-01-16 12:34:34,727] >> epoch 1/460000, average cost 148.545364
[2017-01-16 12:36:20,340] >> epoch 1/470000, average cost 148.501312
[2017-01-16 12:38:13,214] >> epoch 1/480000, average cost 148.545807
[2017-01-16 12:39:27,453] >> epoch 1/490000, average cost 148.411316
[2017-01-16 12:41:36,012] >> epoch 1/500000, average cost 148.432907
[2017-01-16 12:42:51,006] >> epoch 1/510000, average cost 148.397583
[2017-01-16 12:44:52,283] >> epoch 1/520000, average cost 148.424683
[2017-01-16 12:46:57,439] >> epoch 1/530000, average cost 148.341751
[2017-01-16 12:48:17,531] >> epoch 1/540000, average cost 148.345963
[2017-01-16 12:50:11,864] >> epoch 1/550000, average cost 148.301987
[2017-01-16 12:51:34,112] >> epoch 1/560000, average cost 148.281265
[2017-01-16 12:53:41,214] >> epoch 1/570000, average cost 148.241455
[2017-01-16 12:54:38,705] >> epoch 1/580000, average cost 148.325241
[2017-01-16 12:56:48,277] >> epoch 1/590000, average cost 148.337891
[2017-01-16 12:57:46,103] >> epoch 1/600000, average cost 148.333374
[2017-01-16 12:59:41,578] >> epoch 1/610000, average cost 148.274246
[2017-01-16 13:00:57,134] >> epoch 1/620000, average cost 148.276947
[2017-01-16 13:02:59,127] >> epoch 1/630000, average cost 148.246094
[2017-01-16 13:04:04,880] >> epoch 1/640000, average cost 148.240723
[2017-01-16 13:06:17,455] >> epoch 1/650000, average cost 148.238327
[2017-01-16 13:08:33,473] >> epoch 1/660000, average cost 148.176743
[2017-01-16 13:10:04,953] >> epoch 1/670000, average cost 148.175751
[2017-01-16 13:12:24,365] >> epoch 1/680000, average cost 148.213455
[2017-01-16 13:13:35,730] >> epoch 1/690000, average cost 148.154907
[2017-01-16 13:15:24,910] >> epoch 1/700000, average cost 148.137177
[2017-01-16 13:16:34,590] >> epoch 1/710000, average cost 148.208221
[2017-01-16 13:18:28,784] >> epoch 1/720000, average cost 148.096115
[2017-01-16 13:20:00,657] >> epoch 1/730000, average cost 148.027756
[2017-01-16 13:22:05,499] >> epoch 1/740000, average cost 148.145157
[2017-01-16 13:23:27,885] >> epoch 1/750000, average cost 148.065872
[2017-01-16 13:25:41,194] >> epoch 1/760000, average cost 148.004074
[2017-01-16 13:27:09,798] >> epoch 1/770000, average cost 148.016144
[2017-01-16 13:29:21,348] >> epoch 1/780000, average cost 148.058609
[2017-01-16 13:29:38,879] >> epoch 2/785608, average cost 148.297028
[2017-01-16 13:32:57,236] >> epoch 2/800000, average cost 148.087128
[2017-01-16 13:34:40,633] >> epoch 2/810000, average cost 148.021530
[2017-01-16 13:37:35,002] >> epoch 2/820000, average cost 148.020447
[2017-01-16 13:39:10,728] >> epoch 2/830000, average cost 148.105682
[2017-01-16 13:42:01,380] >> epoch 2/840000, average cost 148.007034
[2017-01-16 13:43:42,150] >> epoch 2/850000, average cost 148.098358
[2017-01-16 13:46:12,172] >> epoch 2/860000, average cost 148.061707
[2017-01-16 13:47:29,850] >> epoch 2/870000, average cost 148.169678
[2017-01-16 13:49:30,976] >> epoch 2/880000, average cost 147.990005
[2017-01-16 13:51:45,936] >> epoch 2/890000, average cost 148.056870
[2017-01-16 13:53:02,707] >> epoch 2/900000, average cost 148.010437
[2017-01-16 13:55:07,210] >> epoch 2/910000, average cost 148.047928
[2017-01-16 13:56:16,844] >> epoch 2/920000, average cost 148.005600
[2017-01-16 13:58:37,021] >> epoch 2/930000, average cost 147.993958
[2017-01-16 14:00:01,105] >> epoch 2/940000, average cost 147.951019
[2017-01-16 14:01:55,243] >> epoch 2/950000, average cost 147.972656
[2017-01-16 14:03:16,582] >> epoch 2/960000, average cost 147.883652
[2017-01-16 14:05:29,874] >> epoch 2/970000, average cost 148.008148
[2017-01-16 14:06:28,911] >> epoch 2/980000, average cost 147.999527
[2017-01-16 14:08:05,906] >> epoch 2/990000, average cost 148.013977
[2017-01-16 14:09:12,446] >> epoch 2/1000000, average cost 147.999481
[2017-01-16 14:11:01,237] >> epoch 2/1010000, average cost 147.963287
[2017-01-16 14:12:11,775] >> epoch 2/1020000, average cost 147.974731
[2017-01-16 14:13:59,730] >> epoch 2/1030000, average cost 147.972244
[2017-01-16 14:16:12,966] >> epoch 2/1040000, average cost 147.954254
[2017-01-16 14:17:23,478] >> epoch 2/1050000, average cost 147.952255
[2017-01-16 14:19:36,410] >> epoch 2/1060000, average cost 147.878632
[2017-01-16 14:20:44,001] >> epoch 2/1070000, average cost 147.985977
[2017-01-16 14:23:08,982] >> epoch 2/1080000, average cost 147.925598
[2017-01-16 14:24:16,748] >> epoch 2/1090000, average cost 147.902267
[2017-01-16 14:26:07,047] >> epoch 2/1100000, average cost 147.961823
[2017-01-16 14:27:21,712] >> epoch 2/1110000, average cost 147.919281
[2017-01-16 14:29:38,895] >> epoch 2/1120000, average cost 147.793381
[2017-01-16 14:30:54,493] >> epoch 2/1130000, average cost 147.919022
[2017-01-16 14:32:54,940] >> epoch 2/1140000, average cost 147.873932
[2017-01-16 14:34:17,484] >> epoch 2/1150000, average cost 147.804199
[2017-01-16 14:36:29,260] >> epoch 2/1160000, average cost 147.820831
[2017-01-16 14:38:48,030] >> epoch 2/1170000, average cost 147.805069
[2017-01-16 14:39:13,104] >> epoch 3/1178412, average cost 147.972336
[2017-01-16 14:41:54,804] >> epoch 3/1190000, average cost 147.893127
[2017-01-16 14:44:28,262] >> epoch 3/1200000, average cost 147.823196
[2017-01-16 14:45:48,699] >> epoch 3/1210000, average cost 147.855621
[2017-01-16 14:48:53,909] >> epoch 3/1220000, average cost 147.882217
[2017-01-16 14:50:31,010] >> epoch 3/1230000, average cost 147.863205
[2017-01-16 14:53:04,802] >> epoch 3/1240000, average cost 147.893494
[2017-01-16 14:54:35,652] >> epoch 3/1250000, average cost 147.894104
[2017-01-16 14:56:31,824] >> epoch 3/1260000, average cost 147.968246
[2017-01-16 14:59:09,820] >> epoch 3/1270000, average cost 147.860229
[2017-01-16 15:00:26,702] >> epoch 3/1280000, average cost 147.880219
[2017-01-16 15:02:40,891] >> epoch 3/1290000, average cost 147.851593
[2017-01-16 15:03:52,695] >> epoch 3/1300000, average cost 147.877930
[2017-01-16 15:05:52,993] >> epoch 3/1310000, average cost 147.861267
[2017-01-16 15:07:18,482] >> epoch 3/1320000, average cost 147.814545
[2017-01-16 15:09:32,008] >> epoch 3/1330000, average cost 147.796097
[2017-01-16 15:10:43,882] >> epoch 3/1340000, average cost 147.811844
[2017-01-16 15:12:48,963] >> epoch 3/1350000, average cost 147.731277
[2017-01-16 15:14:02,034] >> epoch 3/1360000, average cost 147.817398
[2017-01-16 15:16:12,638] >> epoch 3/1370000, average cost 147.816696
[2017-01-16 15:17:32,892] >> epoch 3/1380000, average cost 147.856995
[2017-01-16 15:19:24,726] >> epoch 3/1390000, average cost 147.851013
[2017-01-16 15:21:21,788] >> epoch 3/1400000, average cost 147.795319
[2017-01-16 15:22:17,336] >> epoch 3/1410000, average cost 147.829529
[2017-01-16 15:24:30,615] >> epoch 3/1420000, average cost 147.808655
[2017-01-16 15:25:46,136] >> epoch 3/1430000, average cost 147.797394
[2017-01-16 15:27:39,377] >> epoch 3/1440000, average cost 147.826523
[2017-01-16 15:29:08,357] >> epoch 3/1450000, average cost 147.710144
[2017-01-16 15:30:43,599] >> epoch 3/1460000, average cost 147.824829
[2017-01-16 15:32:08,413] >> epoch 3/1470000, average cost 147.778900
[2017-01-16 15:33:46,474] >> epoch 3/1480000, average cost 147.762726
[2017-01-16 15:34:35,088] >> epoch 3/1490000, average cost 147.787399
[2017-01-16 15:36:17,824] >> epoch 3/1500000, average cost 147.811081
[2017-01-16 15:37:31,600] >> epoch 3/1510000, average cost 147.655182
[2017-01-16 15:39:30,897] >> epoch 3/1520000, average cost 147.736969
[2017-01-16 15:40:34,149] >> epoch 3/1530000, average cost 147.762802
[2017-01-16 15:42:43,869] >> epoch 3/1540000, average cost 147.684418
[2017-01-16 15:44:20,115] >> epoch 3/1550000, average cost 147.677139
[2017-01-16 15:45:22,066] >> epoch 3/1560000, average cost 147.664078
[2017-01-16 15:46:54,354] >> epoch 3/1570000, average cost 147.799591
[2017-01-16 15:46:57,776] >> epoch 4/1571216, average cost 147.810608
[2017-01-16 15:49:19,544] >> epoch 4/1590000, average cost 147.711243
[2017-01-16 15:52:07,133] >> epoch 4/1600000, average cost 147.735794
[2017-01-16 15:54:14,670] >> epoch 4/1610000, average cost 147.707977
[2017-01-16 15:56:55,083] >> epoch 4/1620000, average cost 147.791245
[2017-01-16 15:58:24,705] >> epoch 4/1630000, average cost 147.720703
[2017-01-16 15:59:26,948] >> epoch 4/1640000, average cost 147.799118
[2017-01-16 16:01:27,152] >> epoch 4/1650000, average cost 147.799026
[2017-01-16 16:02:53,155] >> epoch 4/1660000, average cost 147.807922
[2017-01-16 16:04:47,602] >> epoch 4/1670000, average cost 147.736252
[2017-01-16 16:06:28,166] >> epoch 4/1680000, average cost 147.750977
[2017-01-16 16:08:53,600] >> epoch 4/1690000, average cost 147.746994
[2017-01-16 16:10:12,447] >> epoch 4/1700000, average cost 147.770844
[2017-01-16 16:12:17,198] >> epoch 4/1710000, average cost 147.700043
[2017-01-16 16:13:40,901] >> epoch 4/1720000, average cost 147.705154
[2017-01-16 16:15:41,007] >> epoch 4/1730000, average cost 147.689423
[2017-01-16 16:17:01,298] >> epoch 4/1740000, average cost 147.657333
[2017-01-16 16:19:13,858] >> epoch 4/1750000, average cost 147.674835
[2017-01-16 16:20:33,553] >> epoch 4/1760000, average cost 147.723068
[2017-01-16 16:22:05,519] >> epoch 4/1770000, average cost 147.764282
[2017-01-16 16:24:01,253] >> epoch 4/1780000, average cost 147.765610
[2017-01-16 16:25:16,505] >> epoch 4/1790000, average cost 147.702301
[2017-01-16 16:26:33,635] >> epoch 4/1800000, average cost 147.728973
[2017-01-16 16:27:41,439] >> epoch 4/1810000, average cost 147.710358
[2017-01-16 16:29:17,292] >> epoch 4/1820000, average cost 147.705643
[2017-01-16 16:30:28,053] >> epoch 4/1830000, average cost 147.740417
[2017-01-16 16:32:18,502] >> epoch 4/1840000, average cost 147.641052
[2017-01-16 16:33:21,045] >> epoch 4/1850000, average cost 147.698959
[2017-01-16 16:34:38,704] >> epoch 4/1860000, average cost 147.705750
[2017-01-16 16:35:25,722] >> epoch 4/1870000, average cost 147.673782
[2017-01-16 16:36:58,799] >> epoch 4/1880000, average cost 147.678421
[2017-01-16 16:37:59,918] >> epoch 4/1890000, average cost 147.740845
[2017-01-16 16:40:04,852] >> epoch 4/1900000, average cost 147.602402
[2017-01-16 16:42:16,661] >> epoch 4/1910000, average cost 147.594330
[2017-01-16 16:43:43,601] >> epoch 4/1920000, average cost 147.699570
[2017-01-16 16:45:38,549] >> epoch 4/1930000, average cost 147.625671
[2017-01-16 16:46:57,936] >> epoch 4/1940000, average cost 147.574951
[2017-01-16 16:48:44,656] >> epoch 4/1950000, average cost 147.587982
[2017-01-16 16:50:03,668] >> epoch 4/1960000, average cost 147.673050
[2017-01-16 16:50:28,421] >> epoch 5/1964020, average cost 147.707260
[2017-01-16 16:52:58,196] >> epoch 5/1980000, average cost 147.667221
[2017-01-16 16:54:49,579] >> epoch 5/1990000, average cost 147.644028
[2017-01-16 16:58:21,255] >> epoch 5/2000000, average cost 147.615692
[2017-01-16 16:58:22,375] >> epoch 6/2000000, average cost 147.639786
[2017-01-16 16:58:26,323] >> Training finished in 5:37:17.028170
[2017-01-16 17:00:09,939] >> Loading model
[2017-01-16 17:00:11,000] >> Loading datasets
ERROR (theano.sandbox.cuda): ERROR: Not using GPU. Initialisation of device 1 failed:
Bad device number 1. Only 1 devices available.
Using gpu device 0: Tesla M2075 (CNMeM is disabled, cuDNN not available)
[2017-01-16 17:01:11,648] >> Supervised training started with arguments:
{'activation_noise': None,
 'adadelta': False,
 'adadelta_epsilon': '1e-6',
 'adadelta_rho': '0.95',
 'adagrad': False,
 'adagrad_decay': False,
 'batch_size': 256,
 'datasets': (DatasetContainer [PFileStreamDataset@/export/data1/data/ddraper/train.split.pfile],
              DatasetContainer [PFileDataset@/home/ddraper/valid.split.pfile,1, PFileDataset@/home/ddraper/valid.split.pfile,2, PFileDataset@/home/ddraper/valid.split.pfile,3, PFileDataset@/home/ddraper/valid.split.pfile,4, PFileDataset@/home/ddraper/valid.split.pfile,5, PFileDataset@/home/ddraper/valid.split.pfile,6, PFileDataset@/home/ddraper/valid.split.pfile,7],
              DatasetContainer []),
 'epochs': 50,
 'fix_layers': [],
 'graph': False,
 'hooks': [<functools.partial object at 0x7f9d9e956520>],
 'l1_reg': '0.0',
 'l2_reg': '0.0',
 'layer_args': [],
 'learning_rate': '1',
 'minibatches': -1,
 'momentum': '',
 'newbob': True,
 'newbob_decay': 0.5,
 'newbob_threshold': [0.005, 0.0001],
 'patience': -1,
 'patience_improve_threshold': 0.995,
 'patience_increase': 1.5,
 'pre_validate': False,
 'print_errors': True,
 'validation_interval': -1,
 'verbosity': 0,
 'warn': False}
[2017-01-16 17:01:11,649] >> Compiling theano graph
[2017-01-16 17:01:53,956] >> Training started
[2017-01-16 18:07:24,427] >  epoch 1/196402, training error 0.345073
[2017-01-16 18:07:37,150] >  epoch 1/196402, validation error 0.355940
[2017-01-16 19:23:38,759] >  epoch 2/392804, training error 0.233151
[2017-01-16 19:23:54,912] >  epoch 2/392804, validation error 0.323322
[2017-01-16 20:38:54,037] >  epoch 3/589206, training error 0.211503
[2017-01-16 20:39:09,892] >  epoch 3/589206, validation error 0.315322
[2017-01-16 21:52:22,831] >  epoch 4/785608, training error 0.200904
[2017-01-16 21:52:36,576] >  epoch 4/785608, validation error 0.310267
[2017-01-16 23:00:19,950] >  epoch 5/982010, training error 0.195669
[2017-01-16 23:00:32,668] >  epoch 5/982010, validation error 0.311225
[2017-01-16 23:00:32,708] >  epoch 5/982010, learning rate set to 0.500000
[2017-01-17 00:06:34,539] >  epoch 6/1178412, training error 0.194646
[2017-01-17 00:06:48,881] >  epoch 6/1178412, validation error 0.293555
[2017-01-17 00:06:48,955] >  epoch 6/1178412, learning rate set to 0.250000
[2017-01-17 01:15:20,588] >  epoch 7/1374814, training error 0.195523
[2017-01-17 01:15:41,819] >  epoch 7/1374814, validation error 0.282617
[2017-01-17 01:15:41,890] >  epoch 7/1374814, learning rate set to 0.125000
[2017-01-17 02:21:53,121] >  epoch 8/1571216, training error 0.199423
[2017-01-17 02:22:25,931] >  epoch 8/1571216, validation error 0.272650
[2017-01-17 02:22:26,024] >  epoch 8/1571216, learning rate set to 0.062500
[2017-01-17 03:21:33,469] >  epoch 9/1767618, training error 0.203640
[2017-01-17 03:21:46,211] >  epoch 9/1767618, validation error 0.265904
[2017-01-17 03:22:11,720] >  epoch 9/1767618, learning rate set to 0.031250
[2017-01-17 04:35:11,046] >  epoch 10/1964020, training error 0.206638
[2017-01-17 04:35:26,995] >  epoch 10/1964020, validation error 0.259787
[2017-01-17 04:35:27,121] >  epoch 10/1964020, learning rate set to 0.015625
[2017-01-17 05:48:44,583] >  epoch 11/2160422, training error 0.208953
[2017-01-17 05:48:58,836] >  epoch 11/2160422, validation error 0.254225
[2017-01-17 05:48:58,902] >  epoch 11/2160422, learning rate set to 0.007812
[2017-01-17 07:01:04,062] >  epoch 12/2356824, training error 0.212303
[2017-01-17 07:01:16,788] >  epoch 12/2356824, validation error 0.250506
[2017-01-17 07:01:16,854] >  epoch 12/2356824, learning rate set to 0.003906
[2017-01-17 08:14:29,979] >  epoch 13/2553226, training error 0.215457
[2017-01-17 08:14:44,558] >  epoch 13/2553226, validation error 0.248713
[2017-01-17 08:14:44,624] >  epoch 13/2553226, learning rate set to 0.001953
[2017-01-17 09:28:38,758] >  epoch 14/2749628, training error 0.217787
[2017-01-17 09:28:51,459] >  epoch 14/2749628, validation error 0.247455
[2017-01-17 09:28:51,524] >  epoch 14/2749628, learning rate set to 0.000977
[2017-01-17 10:42:47,222] >  epoch 15/2946030, training error 0.219287
[2017-01-17 10:42:59,941] >  epoch 15/2946030, validation error 0.246675
[2017-01-17 10:43:01,521] >  epoch 15/2946030, learning rate set to 0.000488
[2017-01-17 11:54:14,898] >  epoch 16/3142432, training error 0.220149
[2017-01-17 11:54:30,930] >  epoch 16/3142432, validation error 0.245826
[2017-01-17 11:54:31,127] >  epoch 16/3142432, learning rate set to 0.000244
[2017-01-17 13:05:33,513] >  epoch 17/3338834, training error 0.220554
[2017-01-17 13:05:47,978] >  epoch 17/3338834, validation error 0.245422
[2017-01-17 13:05:48,110] >  epoch 17/3338834, learning rate set to 0.000122
[2017-01-17 14:15:54,659] >  epoch 18/3535236, training error 0.220733
[2017-01-17 14:16:07,392] >  epoch 18/3535236, validation error 0.245483
[2017-01-17 14:16:09,004] >> Training finished in 21:14:13.436085
