[2017-03-16 17:51:58,019] >> Loading model
[2017-03-16 17:51:58,473] >> Loading datasets
[2017-03-16 17:51:58,476] >> Reconstruction training started with arguments:
{'activation_noise': None,
 'adadelta': False,
 'adadelta_epsilon': '1e-6',
 'adadelta_rho': '0.95',
 'adagrad': False,
 'adagrad_decay': False,
 'batch_size': 128,
 'ce_sparsity': 0.01,
 'ce_sparsity_weight': 0.0,
 'compound': False,
 'corruption_level': 0.2,
 'datasets': (DatasetContainer [PFileStreamDataset@/export/data1/data/ddraper/train.ld.pfile],
              DatasetContainer [],
              DatasetContainer []),
 'epochs': 50,
 'fix_layers': [],
 'graph': False,
 'hooks': [],
 'l1_reg': '0.0',
 'l2_reg': '0.0',
 'layer_args': {},
 'layers': [1],
 'learning_rate': '0.01',
 'loss': u'mse',
 'minibatches': 2000000,
 'momentum': '',
 'noise': 'mask',
 'sparsity': 0.05,
 'sparsity_weight': 0.0,
 'validate': False,
 'verbosity': 1,
 'warn': False}
[2017-03-16 17:51:58,476] >> Reconstruction training started with da:
{'hidden_activation': u'sigmoid',
 u'loss': u'mse',
 'n_hidden': 1200,
 'n_visible': 966,
 'tied_weights': True,
 'visible_activation': u'tanh'}
[2017-03-16 17:51:58,476] >> Compiling theano graph
Using gpu device 0: Tesla M2075 (CNMeM is disabled, cuDNN not available)
[2017-03-16 17:52:09,009] >> Training started
[2017-03-16 17:52:56,817] >> epoch 0/10000, average cost 102.139114
[2017-03-16 17:53:45,724] >> epoch 0/20000, average cost 41.060814
[2017-03-16 17:54:30,172] >> epoch 0/30000, average cost 29.718946
[2017-03-16 17:55:19,492] >> epoch 0/40000, average cost 24.971193
[2017-03-16 17:56:03,497] >> epoch 0/50000, average cost 22.517504
[2017-03-16 17:56:52,714] >> epoch 0/60000, average cost 21.433119
[2017-03-16 17:57:38,204] >> epoch 0/70000, average cost 19.399393
[2017-03-16 17:58:25,133] >> epoch 0/80000, average cost 18.145445
[2017-03-16 17:59:01,727] >> epoch 1/88125, average cost 33.328815
[2017-03-16 17:59:58,034] >> epoch 1/100000, average cost 17.445169
[2017-03-16 18:00:47,046] >> epoch 1/110000, average cost 16.973352
[2017-03-16 18:01:32,666] >> epoch 1/120000, average cost 16.336964
[2017-03-16 18:02:19,840] >> epoch 1/130000, average cost 15.428963
[2017-03-16 18:03:08,284] >> epoch 1/140000, average cost 15.243940
[2017-03-16 18:03:52,950] >> epoch 1/150000, average cost 15.170403
[2017-03-16 18:04:42,382] >> epoch 1/160000, average cost 15.089819
[2017-03-16 18:05:26,469] >> epoch 1/170000, average cost 15.034713
[2017-03-16 18:05:56,661] >> epoch 2/176250, average cost 15.814032
[2017-03-16 18:07:08,230] >> epoch 2/190000, average cost 14.702991
[2017-03-16 18:07:52,611] >> epoch 2/200000, average cost 14.403500
[2017-03-16 18:08:43,049] >> epoch 2/210000, average cost 13.870413
[2017-03-16 18:09:28,181] >> epoch 2/220000, average cost 13.799759
[2017-03-16 18:10:19,670] >> epoch 2/230000, average cost 13.754764
[2017-03-16 18:11:07,579] >> epoch 2/240000, average cost 13.687126
[2017-03-16 18:11:55,669] >> epoch 2/250000, average cost 13.682451
[2017-03-16 18:12:44,908] >> epoch 2/260000, average cost 13.649255
[2017-03-16 18:13:02,459] >> epoch 3/264375, average cost 13.966732
[2017-03-16 18:14:21,048] >> epoch 3/280000, average cost 13.559759
[2017-03-16 18:15:09,456] >> epoch 3/290000, average cost 13.560333
[2017-03-16 18:15:56,469] >> epoch 3/300000, average cost 13.492273
[2017-03-16 18:16:46,818] >> epoch 3/310000, average cost 13.447669
[2017-03-16 18:17:32,066] >> epoch 3/320000, average cost 13.444963
[2017-03-16 18:18:23,179] >> epoch 3/330000, average cost 13.372452
[2017-03-16 18:19:08,168] >> epoch 3/340000, average cost 13.402087
[2017-03-16 18:19:58,114] >> epoch 3/350000, average cost 13.358055
[2017-03-16 18:20:07,835] >> epoch 4/352500, average cost 13.456709
[2017-03-16 18:21:34,091] >> epoch 4/370000, average cost 13.326921
[2017-03-16 18:22:23,673] >> epoch 4/380000, average cost 13.294398
[2017-03-16 18:23:08,654] >> epoch 4/390000, average cost 13.274533
[2017-03-16 18:24:00,036] >> epoch 4/400000, average cost 13.216750
[2017-03-16 18:24:48,328] >> epoch 4/410000, average cost 13.235799
[2017-03-16 18:25:36,227] >> epoch 4/420000, average cost 13.163641
[2017-03-16 18:26:26,691] >> epoch 4/430000, average cost 13.213990
[2017-03-16 18:27:11,426] >> epoch 4/440000, average cost 13.168458
[2017-03-16 18:27:13,867] >> epoch 5/440625, average cost 13.240125
[2017-03-16 18:28:50,956] >> epoch 5/460000, average cost 13.173429
[2017-03-16 18:29:38,693] >> epoch 5/470000, average cost 13.119025
[2017-03-16 18:30:30,047] >> epoch 5/480000, average cost 13.131423
[2017-03-16 18:31:15,123] >> epoch 5/490000, average cost 13.074831
[2017-03-16 18:32:06,420] >> epoch 5/500000, average cost 13.089753
[2017-03-16 18:32:51,463] >> epoch 5/510000, average cost 13.039270
[2017-03-16 18:33:40,244] >> epoch 5/520000, average cost 13.088519
[2017-03-16 18:34:20,100] >> epoch 6/528750, average cost 13.097713
[2017-03-16 18:35:15,669] >> epoch 6/540000, average cost 12.998014
[2017-03-16 18:36:06,066] >> epoch 6/550000, average cost 13.066240
[2017-03-16 18:36:50,319] >> epoch 6/560000, average cost 13.000602
[2017-03-16 18:37:41,606] >> epoch 6/570000, average cost 13.018056
[2017-03-16 18:38:30,750] >> epoch 6/580000, average cost 12.975221
[2017-03-16 18:39:18,150] >> epoch 6/590000, average cost 12.975109
[2017-03-16 18:40:09,427] >> epoch 6/600000, average cost 12.953509
[2017-03-16 18:40:53,734] >> epoch 6/610000, average cost 12.980395
[2017-03-16 18:41:26,295] >> epoch 7/616875, average cost 12.992244
[2017-03-16 18:42:33,714] >> epoch 7/630000, average cost 12.910475
[2017-03-16 18:43:20,606] >> epoch 7/640000, average cost 12.973288
[2017-03-16 18:44:11,933] >> epoch 7/650000, average cost 12.909436
[2017-03-16 18:44:57,047] >> epoch 7/660000, average cost 12.916865
[2017-03-16 18:45:48,241] >> epoch 7/670000, average cost 12.900889
[2017-03-16 18:46:33,239] >> epoch 7/680000, average cost 12.875849
[2017-03-16 18:47:24,252] >> epoch 7/690000, average cost 12.888841
[2017-03-16 18:48:12,556] >> epoch 7/700000, average cost 12.893053
[2017-03-16 18:48:34,194] >> epoch 8/705000, average cost 12.906342
[2017-03-16 18:49:49,103] >> epoch 8/720000, average cost 12.859432
[2017-03-16 18:50:33,471] >> epoch 8/730000, average cost 12.887340
[2017-03-16 18:51:23,679] >> epoch 8/740000, average cost 12.848369
[2017-03-16 18:52:12,624] >> epoch 8/750000, average cost 12.832327
[2017-03-16 18:52:59,709] >> epoch 8/760000, average cost 12.843222
[2017-03-16 18:53:50,820] >> epoch 8/770000, average cost 12.796704
[2017-03-16 18:54:35,246] >> epoch 8/780000, average cost 12.836963
[2017-03-16 18:55:24,559] >> epoch 8/790000, average cost 12.816537
[2017-03-16 18:55:36,715] >> epoch 9/793125, average cost 12.837954
[2017-03-16 18:57:00,164] >> epoch 9/810000, average cost 12.817185
[2017-03-16 18:57:49,874] >> epoch 9/820000, average cost 12.812091
[2017-03-16 18:58:34,763] >> epoch 9/830000, average cost 12.798229
[2017-03-16 18:59:26,016] >> epoch 9/840000, average cost 12.763686
[2017-03-16 19:00:11,136] >> epoch 9/850000, average cost 12.789121
[2017-03-16 19:01:01,683] >> epoch 9/860000, average cost 12.732040
[2017-03-16 19:01:51,240] >> epoch 9/870000, average cost 12.787978
[2017-03-16 19:02:36,438] >> epoch 9/880000, average cost 12.756612
[2017-03-16 19:02:41,308] >> epoch 10/881250, average cost 12.779665
[2017-03-16 19:04:11,782] >> epoch 10/900000, average cost 12.776536
[2017-03-16 19:05:02,862] >> epoch 10/910000, average cost 12.740237
[2017-03-16 19:05:52,300] >> epoch 10/920000, average cost 12.754822
[2017-03-16 19:06:38,910] >> epoch 10/930000, average cost 12.708830
[2017-03-16 19:07:29,410] >> epoch 10/940000, average cost 12.734486
[2017-03-16 19:08:13,556] >> epoch 10/950000, average cost 12.685012
[2017-03-16 19:09:03,920] >> epoch 10/960000, average cost 12.739409
[2017-03-16 19:09:46,516] >> epoch 11/969375, average cost 12.728998
[2017-03-16 19:10:39,648] >> epoch 11/980000, average cost 12.666946
[2017-03-16 19:11:30,635] >> epoch 11/990000, average cost 12.737030
[2017-03-16 19:12:15,747] >> epoch 11/1000000, average cost 12.680086
[2017-03-16 19:13:05,645] >> epoch 11/1010000, average cost 12.709734
[2017-03-16 19:13:50,719] >> epoch 11/1020000, average cost 12.665477
[2017-03-16 19:14:42,042] >> epoch 11/1030000, average cost 12.678656
[2017-03-16 19:15:31,215] >> epoch 11/1040000, average cost 12.648572
[2017-03-16 19:16:17,209] >> epoch 11/1050000, average cost 12.691346
[2017-03-16 19:16:52,494] >> epoch 12/1057500, average cost 12.682596
[2017-03-16 19:17:52,909] >> epoch 12/1070000, average cost 12.623095
[2017-03-16 19:18:43,109] >> epoch 12/1080000, average cost 12.697753
[2017-03-16 19:19:33,254] >> epoch 12/1090000, average cost 12.634569
[2017-03-16 19:20:19,386] >> epoch 12/1100000, average cost 12.653465
[2017-03-16 19:21:08,533] >> epoch 12/1110000, average cost 12.634336
[2017-03-16 19:21:52,766] >> epoch 12/1120000, average cost 12.618365
[2017-03-16 19:22:43,519] >> epoch 12/1130000, average cost 12.623347
[2017-03-16 19:23:27,667] >> epoch 12/1140000, average cost 12.635708
[2017-03-16 19:23:55,408] >> epoch 13/1145625, average cost 12.638528
[2017-03-16 19:25:07,556] >> epoch 13/1160000, average cost 12.600576
[2017-03-16 19:25:52,280] >> epoch 13/1170000, average cost 12.645645
[2017-03-16 19:26:42,888] >> epoch 13/1180000, average cost 12.601108
[2017-03-16 19:27:27,823] >> epoch 13/1190000, average cost 12.597434
[2017-03-16 19:28:18,678] >> epoch 13/1200000, average cost 12.604084
[2017-03-16 19:29:06,602] >> epoch 13/1210000, average cost 12.568205
[2017-03-16 19:29:52,065] >> epoch 13/1220000, average cost 12.603405
[2017-03-16 19:30:41,616] >> epoch 13/1230000, average cost 12.590949
[2017-03-16 19:30:56,166] >> epoch 14/1233750, average cost 12.599401
[2017-03-16 19:32:16,908] >> epoch 14/1250000, average cost 12.586895
[2017-03-16 19:33:06,865] >> epoch 14/1260000, average cost 12.600197
[2017-03-16 19:33:51,330] >> epoch 14/1270000, average cost 12.576290
[2017-03-16 19:34:40,868] >> epoch 14/1280000, average cost 12.552201
[2017-03-16 19:35:25,578] >> epoch 14/1290000, average cost 12.573425
[2017-03-16 19:36:15,984] >> epoch 14/1300000, average cost 12.528390
[2017-03-16 19:36:59,803] >> epoch 14/1310000, average cost 12.578530
[2017-03-16 19:37:48,309] >> epoch 14/1320000, average cost 12.552542
[2017-03-16 19:37:55,580] >> epoch 15/1321875, average cost 12.565595
[2017-03-16 19:39:22,707] >> epoch 15/1340000, average cost 12.569900
[2017-03-16 19:40:11,601] >> epoch 15/1350000, average cost 12.545698
[2017-03-16 19:40:55,586] >> epoch 15/1360000, average cost 12.559431
[2017-03-16 19:41:44,744] >> epoch 15/1370000, average cost 12.513025
[2017-03-16 19:42:33,152] >> epoch 15/1380000, average cost 12.541914
[2017-03-16 19:43:17,716] >> epoch 15/1390000, average cost 12.495539
[2017-03-16 19:44:06,666] >> epoch 15/1400000, average cost 12.549399
[2017-03-16 19:44:50,689] >> epoch 15/1410000, average cost 12.519577
[2017-03-16 19:44:50,696] >> epoch 16/1410000, average cost 12.534045
[2017-03-16 19:45:40,815] >> epoch 16/1420000, average cost 12.480547
[2017-03-16 19:46:30,660] >> epoch 16/1430000, average cost 12.549902
[2017-03-16 19:47:15,716] >> epoch 16/1440000, average cost 12.500161
[2017-03-16 19:48:04,919] >> epoch 16/1450000, average cost 12.528482
[2017-03-16 19:48:49,684] >> epoch 16/1460000, average cost 12.484020
[2017-03-16 19:49:39,598] >> epoch 16/1470000, average cost 12.504126
[2017-03-16 19:50:25,972] >> epoch 16/1480000, average cost 12.468925
[2017-03-16 19:51:12,516] >> epoch 16/1490000, average cost 12.521906
[2017-03-16 19:51:49,538] >> epoch 17/1498125, average cost 12.503254
[2017-03-16 19:52:46,282] >> epoch 17/1510000, average cost 12.452513
[2017-03-16 19:53:35,845] >> epoch 17/1520000, average cost 12.526596
[2017-03-16 19:54:23,298] >> epoch 17/1530000, average cost 12.463886
[2017-03-16 19:55:11,091] >> epoch 17/1540000, average cost 12.495109
[2017-03-16 19:56:01,902] >> epoch 17/1550000, average cost 12.461311
[2017-03-16 19:56:45,677] >> epoch 17/1560000, average cost 12.459007
[2017-03-16 19:57:35,376] >> epoch 17/1570000, average cost 12.456346
[2017-03-16 19:58:18,332] >> epoch 17/1580000, average cost 12.479386
[2017-03-16 19:58:47,744] >> epoch 18/1586250, average cost 12.472542
[2017-03-16 19:59:57,480] >> epoch 18/1600000, average cost 12.433344
[2017-03-16 20:00:42,149] >> epoch 18/1610000, average cost 12.490871
[2017-03-16 20:01:32,610] >> epoch 18/1620000, average cost 12.443589
[2017-03-16 20:02:17,323] >> epoch 18/1630000, average cost 12.444537
[2017-03-16 20:03:07,096] >> epoch 18/1640000, average cost 12.443046
[2017-03-16 20:03:54,406] >> epoch 18/1650000, average cost 12.415618
[2017-03-16 20:04:41,909] >> epoch 18/1660000, average cost 12.442890
[2017-03-16 20:05:29,592] >> epoch 18/1670000, average cost 12.440322
[2017-03-16 20:05:47,095] >> epoch 19/1674375, average cost 12.442053
[2017-03-16 20:07:02,998] >> epoch 19/1690000, average cost 12.427320
[2017-03-16 20:07:48,826] >> epoch 19/1700000, average cost 12.448837
[2017-03-16 20:08:35,674] >> epoch 19/1710000, average cost 12.417979
[2017-03-16 20:09:24,524] >> epoch 19/1720000, average cost 12.404336
[2017-03-16 20:10:08,281] >> epoch 19/1730000, average cost 12.420356
[2017-03-16 20:10:57,093] >> epoch 19/1740000, average cost 12.379655
[2017-03-16 20:11:40,891] >> epoch 19/1750000, average cost 12.422791
[2017-03-16 20:12:28,807] >> epoch 19/1760000, average cost 12.405617
[2017-03-16 20:12:38,530] >> epoch 20/1762500, average cost 12.412706
[2017-03-16 20:14:01,392] >> epoch 20/1780000, average cost 12.419526
[2017-03-16 20:14:49,909] >> epoch 20/1790000, average cost 12.401089
[2017-03-16 20:15:33,709] >> epoch 20/1800000, average cost 12.405651
[2017-03-16 20:16:22,477] >> epoch 20/1810000, average cost 12.365696
[2017-03-16 20:17:08,392] >> epoch 20/1820000, average cost 12.394080
[2017-03-16 20:17:54,831] >> epoch 20/1830000, average cost 12.347936
[2017-03-16 20:18:42,795] >> epoch 20/1840000, average cost 12.402429
[2017-03-16 20:19:26,584] >> epoch 20/1850000, average cost 12.373094
[2017-03-16 20:19:29,021] >> epoch 21/1850625, average cost 12.385509
[2017-03-16 20:21:01,172] >> epoch 21/1870000, average cost 12.401966
[2017-03-16 20:21:47,589] >> epoch 21/1880000, average cost 12.361377
[2017-03-16 20:22:36,291] >> epoch 21/1890000, average cost 12.380980
[2017-03-16 20:23:20,258] >> epoch 21/1900000, average cost 12.338376
[2017-03-16 20:24:09,045] >> epoch 21/1910000, average cost 12.362514
[2017-03-16 20:24:52,886] >> epoch 21/1920000, average cost 12.323796
[2017-03-16 20:25:40,911] >> epoch 21/1930000, average cost 12.380517
[2017-03-16 20:26:19,783] >> epoch 22/1938750, average cost 12.359207
[2017-03-16 20:27:13,355] >> epoch 22/1950000, average cost 12.308481
[2017-03-16 20:28:01,924] >> epoch 22/1960000, average cost 12.383231
[2017-03-16 20:28:45,632] >> epoch 22/1970000, average cost 12.323663
[2017-03-16 20:29:34,322] >> epoch 22/1980000, average cost 12.355486
[2017-03-16 20:30:20,671] >> epoch 22/1990000, average cost 12.321297
[2017-03-16 20:31:06,808] >> epoch 22/2000000, average cost 12.328628
[2017-03-16 20:31:06,813] >> epoch 23/2000000, average cost 12.336126
[2017-03-16 20:31:06,818] >> Training finished in 2:38:57.802931
[2017-03-16 20:31:09,855] >> Loading model
[2017-03-16 20:31:10,241] >> Loading datasets
[2017-03-16 20:31:10,244] >> Reconstruction training started with arguments:
{'activation_noise': None,
 'adadelta': False,
 'adadelta_epsilon': '1e-6',
 'adadelta_rho': '0.95',
 'adagrad': False,
 'adagrad_decay': False,
 'batch_size': 128,
 'ce_sparsity': 0.01,
 'ce_sparsity_weight': 0.0,
 'compound': False,
 'corruption_level': 0.2,
 'datasets': (DatasetContainer [PFileStreamDataset@/export/data1/data/ddraper/train.ld.pfile],
              DatasetContainer [],
              DatasetContainer []),
 'epochs': 50,
 'fix_layers': [],
 'graph': False,
 'hooks': [],
 'l1_reg': '0.0',
 'l2_reg': '0.0',
 'layer_args': {1: {}},
 'layers': [2],
 'learning_rate': '0.01',
 'loss': 'crossentropy',
 'minibatches': 2000000,
 'momentum': '',
 'noise': 'mask',
 'sparsity': 0.05,
 'sparsity_weight': 0.0,
 'validate': False,
 'verbosity': 1,
 'warn': False}
[2017-03-16 20:31:10,244] >> Reconstruction training started with da:
{'hidden_activation': u'sigmoid',
 'n_hidden': 1000,
 'n_visible': 1200,
 'tied_weights': True,
 'visible_activation': u'sigmoid'}
[2017-03-16 20:31:10,245] >> Compiling theano graph
Using gpu device 0: Tesla M2075 (CNMeM is disabled, cuDNN not available)
[2017-03-16 20:31:38,427] >> Training started
[2017-03-16 20:32:33,110] >> epoch 0/10000, average cost 192.729111
[2017-03-16 20:33:29,313] >> epoch 0/20000, average cost 189.989304
[2017-03-16 20:34:21,152] >> epoch 0/30000, average cost 188.908432
[2017-03-16 20:35:17,557] >> epoch 0/40000, average cost 188.935699
[2017-03-16 20:36:09,142] >> epoch 0/50000, average cost 188.587555
[2017-03-16 20:37:05,775] >> epoch 0/60000, average cost 188.495499
[2017-03-16 20:37:59,163] >> epoch 0/70000, average cost 188.444611
[2017-03-16 20:38:53,122] >> epoch 0/80000, average cost 188.596497
[2017-03-16 20:39:36,521] >> epoch 1/88125, average cost 189.252274
[2017-03-16 20:40:42,805] >> epoch 1/100000, average cost 188.080551
[2017-03-16 20:41:40,294] >> epoch 1/110000, average cost 188.836746
[2017-03-16 20:42:34,548] >> epoch 1/120000, average cost 188.106995
[2017-03-16 20:43:28,877] >> epoch 1/130000, average cost 188.489731
[2017-03-16 20:44:25,789] >> epoch 1/140000, average cost 188.192352
[2017-03-16 20:45:17,794] >> epoch 1/150000, average cost 188.160294
[2017-03-16 20:46:14,396] >> epoch 1/160000, average cost 188.245865
[2017-03-16 20:47:05,881] >> epoch 1/170000, average cost 188.326294
[2017-03-16 20:47:40,446] >> epoch 2/176250, average cost 188.296616
[2017-03-16 20:49:00,236] >> epoch 2/190000, average cost 187.999573
[2017-03-16 20:49:52,177] >> epoch 2/200000, average cost 188.655090
[2017-03-16 20:50:49,329] >> epoch 2/210000, average cost 188.004089
[2017-03-16 20:51:41,484] >> epoch 2/220000, average cost 188.286331
[2017-03-16 20:52:37,761] >> epoch 2/230000, average cost 188.096207
[2017-03-16 20:53:32,709] >> epoch 2/240000, average cost 188.017227
[2017-03-16 20:54:27,365] >> epoch 2/250000, average cost 188.213455
[2017-03-16 20:55:24,102] >> epoch 2/260000, average cost 188.209167
[2017-03-16 20:55:44,681] >> epoch 3/264375, average cost 188.174576
[2017-03-16 20:57:12,194] >> epoch 3/280000, average cost 188.118149
[2017-03-16 20:58:07,324] >> epoch 3/290000, average cost 188.415298
[2017-03-16 20:59:01,935] >> epoch 3/300000, average cost 188.004395
[2017-03-16 20:59:59,037] >> epoch 3/310000, average cost 188.120132
[2017-03-16 21:00:51,005] >> epoch 3/320000, average cost 188.032318
[2017-03-16 21:01:48,102] >> epoch 3/330000, average cost 187.938705
[2017-03-16 21:02:40,342] >> epoch 3/340000, average cost 188.191101
[2017-03-16 21:03:36,572] >> epoch 3/350000, average cost 188.103317
[2017-03-16 21:03:48,322] >> epoch 4/352500, average cost 188.100510
[2017-03-16 21:05:24,873] >> epoch 4/370000, average cost 188.245682
[2017-03-16 21:06:21,915] >> epoch 4/380000, average cost 188.136642
[2017-03-16 21:07:14,249] >> epoch 4/390000, average cost 188.089523
[2017-03-16 21:08:11,598] >> epoch 4/400000, average cost 187.975220
[2017-03-16 21:09:06,496] >> epoch 4/410000, average cost 187.984528
[2017-03-16 21:10:00,136] >> epoch 4/420000, average cost 187.901718
[2017-03-16 21:10:56,360] >> epoch 4/430000, average cost 188.151276
[2017-03-16 21:11:48,251] >> epoch 4/440000, average cost 188.044586
[2017-03-16 21:11:51,196] >> epoch 5/440625, average cost 188.043716
[2017-03-16 21:13:40,418] >> epoch 5/460000, average cost 188.394806
[2017-03-16 21:14:34,000] >> epoch 5/470000, average cost 187.895187
[2017-03-16 21:15:31,450] >> epoch 5/480000, average cost 188.122421
[2017-03-16 21:16:23,010] >> epoch 5/490000, average cost 187.912125
[2017-03-16 21:17:19,993] >> epoch 5/500000, average cost 187.904907
[2017-03-16 21:18:11,515] >> epoch 5/510000, average cost 187.906647
[2017-03-16 21:19:08,227] >> epoch 5/520000, average cost 188.099945
[2017-03-16 21:19:54,271] >> epoch 6/528750, average cost 187.999069
[2017-03-16 21:20:57,703] >> epoch 6/540000, average cost 187.675980
[2017-03-16 21:21:55,364] >> epoch 6/550000, average cost 188.428131
[2017-03-16 21:22:46,936] >> epoch 6/560000, average cost 187.779068
[2017-03-16 21:23:44,348] >> epoch 6/570000, average cost 188.136124
[2017-03-16 21:24:39,830] >> epoch 6/580000, average cost 187.864578
[2017-03-16 21:25:33,104] >> epoch 6/590000, average cost 187.854355
[2017-03-16 21:26:29,872] >> epoch 6/600000, average cost 187.927582
[2017-03-16 21:27:21,559] >> epoch 6/610000, average cost 188.035080
[2017-03-16 21:27:58,848] >> epoch 7/616875, average cost 187.960281
[2017-03-16 21:29:12,892] >> epoch 7/630000, average cost 187.666870
[2017-03-16 21:30:06,969] >> epoch 7/640000, average cost 188.416397
[2017-03-16 21:31:04,194] >> epoch 7/650000, average cost 187.762115
[2017-03-16 21:31:56,357] >> epoch 7/660000, average cost 188.047821
[2017-03-16 21:32:52,635] >> epoch 7/670000, average cost 187.851013
[2017-03-16 21:33:44,666] >> epoch 7/680000, average cost 187.773956
[2017-03-16 21:34:42,084] >> epoch 7/690000, average cost 187.960541
[2017-03-16 21:35:37,016] >> epoch 7/700000, average cost 187.987320
[2017-03-16 21:36:02,207] >> epoch 8/705000, average cost 187.924225
[2017-03-16 21:37:25,945] >> epoch 8/720000, average cost 187.815994
[2017-03-16 21:38:17,438] >> epoch 8/730000, average cost 188.262558
[2017-03-16 21:39:14,307] >> epoch 8/740000, average cost 187.775299
[2017-03-16 21:40:10,449] >> epoch 8/750000, average cost 187.940094
[2017-03-16 21:41:04,196] >> epoch 8/760000, average cost 187.820175
[2017-03-16 21:42:01,635] >> epoch 8/770000, average cost 187.742157
[2017-03-16 21:42:54,018] >> epoch 8/780000, average cost 187.984100
[2017-03-16 21:43:50,172] >> epoch 8/790000, average cost 187.919220
[2017-03-16 21:44:04,851] >> epoch 9/793125, average cost 187.893127
[2017-03-16 21:45:39,286] >> epoch 9/810000, average cost 187.992874
[2017-03-16 21:46:36,285] >> epoch 9/820000, average cost 188.022568
[2017-03-16 21:47:28,187] >> epoch 9/830000, average cost 187.855743
[2017-03-16 21:48:25,128] >> epoch 9/840000, average cost 187.818100
[2017-03-16 21:49:16,752] >> epoch 9/850000, average cost 187.813873
[2017-03-16 21:50:13,415] >> epoch 9/860000, average cost 187.734207
[2017-03-16 21:51:09,242] >> epoch 9/870000, average cost 187.964264
[2017-03-16 21:52:01,828] >> epoch 9/880000, average cost 187.865295
[2017-03-16 21:52:07,699] >> epoch 10/881250, average cost 187.863403
[2017-03-16 21:53:49,760] >> epoch 10/900000, average cost 188.190506
[2017-03-16 21:54:46,004] >> epoch 10/910000, average cost 187.775421
[2017-03-16 21:55:41,942] >> epoch 10/920000, average cost 187.943436
[2017-03-16 21:56:35,359] >> epoch 10/930000, average cost 187.747864
[2017-03-16 21:57:32,807] >> epoch 10/940000, average cost 187.761169
[2017-03-16 21:58:25,076] >> epoch 10/950000, average cost 187.732803
[2017-03-16 21:59:20,797] >> epoch 10/960000, average cost 187.942841
[2017-03-16 22:00:09,955] >> epoch 11/969375, average cost 187.837036
[2017-03-16 22:01:08,841] >> epoch 11/980000, average cost 187.538040
[2017-03-16 22:02:06,293] >> epoch 11/990000, average cost 188.253769
[2017-03-16 22:02:58,480] >> epoch 11/1000000, average cost 187.648270
[2017-03-16 22:03:55,953] >> epoch 11/1010000, average cost 187.978912
[2017-03-16 22:04:47,574] >> epoch 11/1020000, average cost 187.711731
[2017-03-16 22:05:44,318] >> epoch 11/1030000, average cost 187.713150
[2017-03-16 22:06:39,039] >> epoch 11/1040000, average cost 187.756973
[2017-03-16 22:07:31,565] >> epoch 11/1050000, average cost 187.907578
[2017-03-16 22:08:11,712] >> epoch 12/1057500, average cost 187.812943
[2017-03-16 22:09:19,405] >> epoch 12/1070000, average cost 187.485596
[2017-03-16 22:10:16,458] >> epoch 12/1080000, average cost 188.301682
[2017-03-16 22:11:13,130] >> epoch 12/1090000, average cost 187.607437
[2017-03-16 22:12:06,005] >> epoch 12/1100000, average cost 187.934357
[2017-03-16 22:13:02,645] >> epoch 12/1110000, average cost 187.717407
[2017-03-16 22:13:54,945] >> epoch 12/1120000, average cost 187.667679
[2017-03-16 22:14:51,488] >> epoch 12/1130000, average cost 187.805725
[2017-03-16 22:15:42,964] >> epoch 12/1140000, average cost 187.861588
[2017-03-16 22:16:14,071] >> epoch 13/1145625, average cost 187.790634
[2017-03-16 22:17:36,698] >> epoch 13/1160000, average cost 187.631607
[2017-03-16 22:18:28,243] >> epoch 13/1170000, average cost 188.177979
[2017-03-16 22:19:24,731] >> epoch 13/1180000, average cost 187.617722
[2017-03-16 22:20:17,011] >> epoch 13/1190000, average cost 187.845627
[2017-03-16 22:21:14,691] >> epoch 13/1200000, average cost 187.705536
[2017-03-16 22:22:11,164] >> epoch 13/1210000, average cost 187.624207
[2017-03-16 22:23:03,539] >> epoch 13/1220000, average cost 187.835876
[2017-03-16 22:23:59,783] >> epoch 13/1230000, average cost 187.811981
[2017-03-16 22:24:17,402] >> epoch 14/1233750, average cost 187.769547
[2017-03-16 22:25:49,079] >> epoch 14/1250000, average cost 187.810776
[2017-03-16 22:26:45,544] >> epoch 14/1260000, average cost 187.978104
[2017-03-16 22:27:37,400] >> epoch 14/1270000, average cost 187.697159
[2017-03-16 22:28:34,631] >> epoch 14/1280000, average cost 187.739288
[2017-03-16 22:29:26,998] >> epoch 14/1290000, average cost 187.685944
[2017-03-16 22:30:23,949] >> epoch 14/1300000, average cost 187.619400
[2017-03-16 22:31:15,463] >> epoch 14/1310000, average cost 187.848984
[2017-03-16 22:32:11,104] >> epoch 14/1320000, average cost 187.768753
[2017-03-16 22:32:19,908] >> epoch 15/1321875, average cost 187.749893
[2017-03-16 22:34:00,292] >> epoch 15/1340000, average cost 187.999954
[2017-03-16 22:34:56,529] >> epoch 15/1350000, average cost 187.757675
[2017-03-16 22:35:48,751] >> epoch 15/1360000, average cost 187.806931
[2017-03-16 22:36:45,159] >> epoch 15/1370000, average cost 187.643204
[2017-03-16 22:37:42,739] >> epoch 15/1380000, average cost 187.668701
[2017-03-16 22:38:35,035] >> epoch 15/1390000, average cost 187.615555
[2017-03-16 22:39:31,304] >> epoch 15/1400000, average cost 187.847900
[2017-03-16 22:40:22,972] >> epoch 15/1410000, average cost 187.736877
[2017-03-16 22:40:22,979] >> epoch 16/1410000, average cost 187.732468
[2017-03-16 22:41:19,887] >> epoch 16/1420000, average cost 187.441437
[2017-03-16 22:42:15,308] >> epoch 16/1430000, average cost 188.122864
[2017-03-16 22:43:07,700] >> epoch 16/1440000, average cost 187.590057
[2017-03-16 22:44:04,663] >> epoch 16/1450000, average cost 187.855087
[2017-03-16 22:44:56,553] >> epoch 16/1460000, average cost 187.617294
[2017-03-16 22:45:53,899] >> epoch 16/1470000, average cost 187.637665
[2017-03-16 22:46:47,759] >> epoch 16/1480000, average cost 187.634323
[2017-03-16 22:47:42,750] >> epoch 16/1490000, average cost 187.838806
[2017-03-16 22:48:26,175] >> epoch 17/1498125, average cost 187.717072
[2017-03-16 22:49:32,901] >> epoch 17/1510000, average cost 187.401871
[2017-03-16 22:50:30,937] >> epoch 17/1520000, average cost 188.189178
[2017-03-16 22:51:24,904] >> epoch 17/1530000, average cost 187.491486
[2017-03-16 22:52:20,189] >> epoch 17/1540000, average cost 187.885605
[2017-03-16 22:53:17,890] >> epoch 17/1550000, average cost 187.624298
[2017-03-16 22:54:09,873] >> epoch 17/1560000, average cost 187.580124
[2017-03-16 22:55:07,646] >> epoch 17/1570000, average cost 187.696655
[2017-03-16 22:55:59,361] >> epoch 17/1580000, average cost 187.787994
[2017-03-16 22:56:33,944] >> epoch 18/1586250, average cost 187.702347
[2017-03-16 22:57:52,485] >> epoch 18/1600000, average cost 187.487198
[2017-03-16 22:58:44,253] >> epoch 18/1610000, average cost 188.141800
[2017-03-16 22:59:43,156] >> epoch 18/1620000, average cost 187.513794
[2017-03-16 23:00:36,353] >> epoch 18/1630000, average cost 187.794952
[2017-03-16 23:01:36,039] >> epoch 18/1640000, average cost 187.606110
[2017-03-16 23:02:31,041] >> epoch 18/1650000, average cost 187.546280
[2017-03-16 23:03:27,227] >> epoch 18/1660000, average cost 187.750900
[2017-03-16 23:04:25,649] >> epoch 18/1670000, average cost 187.740082
[2017-03-16 23:04:46,304] >> epoch 19/1674375, average cost 187.687836
[2017-03-16 23:06:17,242] >> epoch 19/1690000, average cost 187.659607
[2017-03-16 23:07:14,032] >> epoch 19/1700000, average cost 187.987686
[2017-03-16 23:08:09,136] >> epoch 19/1710000, average cost 187.575912
[2017-03-16 23:09:08,129] >> epoch 19/1720000, average cost 187.686981
[2017-03-16 23:10:01,167] >> epoch 19/1730000, average cost 187.618073
[2017-03-16 23:11:00,004] >> epoch 19/1740000, average cost 187.534805
[2017-03-16 23:11:53,170] >> epoch 19/1750000, average cost 187.765442
[2017-03-16 23:12:51,651] >> epoch 19/1760000, average cost 187.698593
[2017-03-16 23:13:03,467] >> epoch 20/1762500, average cost 187.674500
[2017-03-16 23:14:43,114] >> epoch 20/1780000, average cost 187.847168
[2017-03-16 23:15:41,598] >> epoch 20/1790000, average cost 187.751831
[2017-03-16 23:16:34,615] >> epoch 20/1800000, average cost 187.699081
[2017-03-16 23:17:32,464] >> epoch 20/1810000, average cost 187.594360
[2017-03-16 23:18:29,164] >> epoch 20/1820000, average cost 187.604218
[2017-03-16 23:19:24,705] >> epoch 20/1830000, average cost 187.538666
[2017-03-16 23:20:22,529] >> epoch 20/1840000, average cost 187.760757
[2017-03-16 23:21:15,452] >> epoch 20/1850000, average cost 187.668182
[2017-03-16 23:21:18,406] >> epoch 21/1850625, average cost 187.659607
[2017-03-16 23:23:11,265] >> epoch 21/1870000, average cost 188.025406
[2017-03-16 23:24:05,826] >> epoch 21/1880000, average cost 187.534225
[2017-03-16 23:25:05,235] >> epoch 21/1890000, average cost 187.770706
[2017-03-16 23:25:58,447] >> epoch 21/1900000, average cost 187.542755
[2017-03-16 23:26:57,047] >> epoch 21/1910000, average cost 187.575317
[2017-03-16 23:27:49,971] >> epoch 21/1920000, average cost 187.549728
[2017-03-16 23:28:49,311] >> epoch 21/1930000, average cost 187.751556
[2017-03-16 23:29:36,884] >> epoch 22/1938750, average cost 187.645050
[2017-03-16 23:30:41,319] >> epoch 22/1950000, average cost 187.325928
[2017-03-16 23:31:40,546] >> epoch 22/1960000, average cost 188.094620
[2017-03-16 23:32:34,008] >> epoch 22/1970000, average cost 187.449570
[2017-03-16 23:33:32,859] >> epoch 22/1980000, average cost 187.802917
[2017-03-16 23:34:30,005] >> epoch 22/1990000, average cost 187.545029
[2017-03-16 23:35:25,216] >> epoch 22/2000000, average cost 187.524597
[2017-03-16 23:35:25,222] >> epoch 23/2000000, average cost 187.618988
[2017-03-16 23:35:25,229] >> Training finished in 3:03:46.789405
[2017-03-16 23:35:27,589] >> Loading model
[2017-03-16 23:35:27,920] >> Loading datasets
[2017-03-16 23:35:27,923] >> Reconstruction training started with arguments:
{'activation_noise': None,
 'adadelta': False,
 'adadelta_epsilon': '1e-6',
 'adadelta_rho': '0.95',
 'adagrad': False,
 'adagrad_decay': False,
 'batch_size': 128,
 'ce_sparsity': 0.01,
 'ce_sparsity_weight': 0.0,
 'compound': False,
 'corruption_level': 0.2,
 'datasets': (DatasetContainer [PFileStreamDataset@/export/data1/data/ddraper/train.ld.pfile],
              DatasetContainer [],
              DatasetContainer []),
 'epochs': 50,
 'fix_layers': [],
 'graph': False,
 'hooks': [],
 'l1_reg': '0.0',
 'l2_reg': '0.0',
 'layer_args': {1: {}, 2: {}},
 'layers': [3],
 'learning_rate': '0.01',
 'loss': 'crossentropy',
 'minibatches': 2000000,
 'momentum': '',
 'noise': 'mask',
 'sparsity': 0.05,
 'sparsity_weight': 0.0,
 'validate': False,
 'verbosity': 1,
 'warn': False}
[2017-03-16 23:35:27,923] >> Reconstruction training started with da:
{'hidden_activation': u'sigmoid',
 'n_hidden': 800,
 'n_visible': 1000,
 'tied_weights': True,
 'visible_activation': u'sigmoid'}
[2017-03-16 23:35:27,924] >> Compiling theano graph
Using gpu device 0: Tesla M2075 (CNMeM is disabled, cuDNN not available)
[2017-03-16 23:35:38,123] >> Training started
[2017-03-16 23:36:31,000] >> epoch 0/10000, average cost 510.524811
[2017-03-16 23:37:25,200] >> epoch 0/20000, average cost 503.242737
[2017-03-16 23:38:15,301] >> epoch 0/30000, average cost 501.733490
[2017-03-16 23:39:11,737] >> epoch 0/40000, average cost 501.159393
[2017-03-16 23:40:01,388] >> epoch 0/50000, average cost 501.011139
[2017-03-16 23:40:57,440] >> epoch 0/60000, average cost 500.617401
[2017-03-16 23:41:49,997] >> epoch 0/70000, average cost 500.379608
[2017-03-16 23:42:41,952] >> epoch 0/80000, average cost 500.311798
[2017-03-16 23:43:23,855] >> epoch 1/88125, average cost 502.160248
[2017-03-16 23:44:28,082] >> epoch 1/100000, average cost 500.231262
[2017-03-16 23:45:22,726] >> epoch 1/110000, average cost 500.006409
[2017-03-16 23:46:15,402] >> epoch 1/120000, average cost 499.910645
[2017-03-16 23:47:08,735] >> epoch 1/130000, average cost 499.829102
[2017-03-16 23:48:04,048] >> epoch 1/140000, average cost 499.875214
[2017-03-16 23:48:53,904] >> epoch 1/150000, average cost 499.570251
[2017-03-16 23:49:48,985] >> epoch 1/160000, average cost 499.459991
[2017-03-16 23:50:37,690] >> epoch 1/170000, average cost 499.433197
[2017-03-16 23:51:11,121] >> epoch 2/176250, average cost 499.758392
[2017-03-16 23:52:28,824] >> epoch 2/190000, average cost 499.457062
[2017-03-16 23:53:18,363] >> epoch 2/200000, average cost 499.268463
[2017-03-16 23:54:13,728] >> epoch 2/210000, average cost 499.204407
[2017-03-16 23:55:03,014] >> epoch 2/220000, average cost 499.204407
[2017-03-16 23:55:59,418] >> epoch 2/230000, average cost 499.234985
[2017-03-16 23:56:52,016] >> epoch 2/240000, average cost 498.974243
[2017-03-16 23:57:45,216] >> epoch 2/250000, average cost 498.927094
[2017-03-16 23:58:41,082] >> epoch 2/260000, average cost 498.889587
[2017-03-16 23:58:59,812] >> epoch 3/264375, average cost 499.135773
[2017-03-17 00:00:25,493] >> epoch 3/280000, average cost 498.979706
[2017-03-17 00:01:18,621] >> epoch 3/290000, average cost 498.834656
[2017-03-17 00:02:11,215] >> epoch 3/300000, average cost 498.778259
[2017-03-17 00:03:07,610] >> epoch 3/310000, average cost 498.839935
[2017-03-17 00:03:57,180] >> epoch 3/320000, average cost 498.812195
[2017-03-17 00:04:52,854] >> epoch 3/330000, average cost 498.595612
[2017-03-17 00:05:41,972] >> epoch 3/340000, average cost 498.587555
[2017-03-17 00:06:37,690] >> epoch 3/350000, average cost 498.511993
[2017-03-17 00:06:48,412] >> epoch 4/352500, average cost 498.745636
[2017-03-17 00:08:22,433] >> epoch 4/370000, average cost 498.641815
[2017-03-17 00:09:18,085] >> epoch 4/380000, average cost 498.536407
[2017-03-17 00:10:07,733] >> epoch 4/390000, average cost 498.493805
[2017-03-17 00:11:03,229] >> epoch 4/400000, average cost 498.618561
[2017-03-17 00:11:56,689] >> epoch 4/410000, average cost 498.499207
[2017-03-17 00:12:48,381] >> epoch 4/420000, average cost 498.337402
[2017-03-17 00:13:43,421] >> epoch 4/430000, average cost 498.359955
[2017-03-17 00:14:32,930] >> epoch 4/440000, average cost 498.244202
[2017-03-17 00:14:35,614] >> epoch 5/440625, average cost 498.480713
[2017-03-17 00:16:21,213] >> epoch 5/460000, average cost 498.392639
[2017-03-17 00:17:13,392] >> epoch 5/470000, average cost 498.332214
[2017-03-17 00:18:09,154] >> epoch 5/480000, average cost 498.303436
[2017-03-17 00:18:58,711] >> epoch 5/490000, average cost 498.457947
[2017-03-17 00:19:53,923] >> epoch 5/500000, average cost 498.253693
[2017-03-17 00:20:43,550] >> epoch 5/510000, average cost 498.145538
[2017-03-17 00:21:39,190] >> epoch 5/520000, average cost 498.193695
[2017-03-17 00:22:22,396] >> epoch 6/528750, average cost 498.290192
[2017-03-17 00:23:23,120] >> epoch 6/540000, average cost 498.316010
[2017-03-17 00:24:19,331] >> epoch 6/550000, average cost 498.202362
[2017-03-17 00:25:08,590] >> epoch 6/560000, average cost 498.174988
[2017-03-17 00:26:04,217] >> epoch 6/570000, average cost 498.175049
[2017-03-17 00:26:58,105] >> epoch 6/580000, average cost 498.327148
[2017-03-17 00:27:50,141] >> epoch 6/590000, average cost 498.067291
[2017-03-17 00:28:45,333] >> epoch 6/600000, average cost 498.019714
[2017-03-17 00:29:34,052] >> epoch 6/610000, average cost 498.056610
[2017-03-17 00:30:10,214] >> epoch 7/616875, average cost 498.148621
[2017-03-17 00:31:22,853] >> epoch 7/630000, average cost 498.215912
[2017-03-17 00:32:14,681] >> epoch 7/640000, average cost 498.064850
[2017-03-17 00:33:10,976] >> epoch 7/650000, average cost 498.059296
[2017-03-17 00:33:59,838] >> epoch 7/660000, average cost 498.095062
[2017-03-17 00:34:55,375] >> epoch 7/670000, average cost 498.191498
[2017-03-17 00:35:44,809] >> epoch 7/680000, average cost 497.965515
[2017-03-17 00:36:41,275] >> epoch 7/690000, average cost 497.935303
[2017-03-17 00:37:32,944] >> epoch 7/700000, average cost 497.956757
[2017-03-17 00:37:57,180] >> epoch 8/705000, average cost 498.047729
[2017-03-17 00:39:21,641] >> epoch 8/720000, average cost 498.120300
[2017-03-17 00:40:11,451] >> epoch 8/730000, average cost 497.990265
[2017-03-17 00:41:07,696] >> epoch 8/740000, average cost 497.977997
[2017-03-17 00:42:01,684] >> epoch 8/750000, average cost 498.052460
[2017-03-17 00:42:53,239] >> epoch 8/760000, average cost 498.077393
[2017-03-17 00:43:49,004] >> epoch 8/770000, average cost 497.881958
[2017-03-17 00:44:38,315] >> epoch 8/780000, average cost 497.883087
[2017-03-17 00:45:33,692] >> epoch 8/790000, average cost 497.848358
[2017-03-17 00:45:47,072] >> epoch 9/793125, average cost 497.974182
[2017-03-17 00:47:18,128] >> epoch 9/810000, average cost 498.034210
[2017-03-17 00:48:14,474] >> epoch 9/820000, average cost 497.929688
[2017-03-17 00:49:03,966] >> epoch 9/830000, average cost 497.910187
[2017-03-17 00:49:59,217] >> epoch 9/840000, average cost 498.035889
[2017-03-17 00:50:49,001] >> epoch 9/850000, average cost 497.973755
[2017-03-17 00:51:44,547] >> epoch 9/860000, average cost 497.811310
[2017-03-17 00:52:38,528] >> epoch 9/870000, average cost 497.840454
[2017-03-17 00:53:29,045] >> epoch 9/880000, average cost 497.756104
[2017-03-17 00:53:34,411] >> epoch 10/881250, average cost 497.915222
[2017-03-17 00:55:14,373] >> epoch 10/900000, average cost 497.935638
[2017-03-17 00:56:10,073] >> epoch 10/910000, average cost 497.889160
[2017-03-17 00:57:04,321] >> epoch 10/920000, average cost 497.855743
[2017-03-17 00:57:55,798] >> epoch 10/930000, average cost 498.030640
[2017-03-17 00:58:51,806] >> epoch 10/940000, average cost 497.864899
[2017-03-17 00:59:40,605] >> epoch 10/950000, average cost 497.756165
[2017-03-17 01:00:35,758] >> epoch 10/960000, average cost 497.800201
[2017-03-17 01:01:22,703] >> epoch 11/969375, average cost 497.865631
[2017-03-17 01:02:20,129] >> epoch 11/980000, average cost 497.947235
[2017-03-17 01:03:16,442] >> epoch 11/990000, average cost 497.866486
[2017-03-17 01:04:05,931] >> epoch 11/1000000, average cost 497.838806
[2017-03-17 01:05:01,955] >> epoch 11/1010000, average cost 497.834747
[2017-03-17 01:05:51,331] >> epoch 11/1020000, average cost 498.008911
[2017-03-17 01:06:47,438] >> epoch 11/1030000, average cost 497.761688
[2017-03-17 01:07:41,458] >> epoch 11/1040000, average cost 497.712799
[2017-03-17 01:08:31,738] >> epoch 11/1050000, average cost 497.758789
[2017-03-17 01:09:10,722] >> epoch 12/1057500, average cost 497.823456
[2017-03-17 01:10:16,294] >> epoch 12/1070000, average cost 497.933807
[2017-03-17 01:11:12,549] >> epoch 12/1080000, average cost 497.789215
[2017-03-17 01:12:07,689] >> epoch 12/1090000, average cost 497.795502
[2017-03-17 01:12:57,903] >> epoch 12/1100000, average cost 497.828491
[2017-03-17 01:13:53,720] >> epoch 12/1110000, average cost 497.943115
[2017-03-17 01:14:43,261] >> epoch 12/1120000, average cost 497.711395
[2017-03-17 01:15:38,431] >> epoch 12/1130000, average cost 497.688385
[2017-03-17 01:16:27,204] >> epoch 12/1140000, average cost 497.715302
[2017-03-17 01:16:58,146] >> epoch 13/1145625, average cost 497.786194
[2017-03-17 01:18:18,094] >> epoch 13/1160000, average cost 497.891388
[2017-03-17 01:19:07,571] >> epoch 13/1170000, average cost 497.761963
[2017-03-17 01:20:04,165] >> epoch 13/1180000, average cost 497.751556
[2017-03-17 01:20:53,898] >> epoch 13/1190000, average cost 497.818604
[2017-03-17 01:21:50,166] >> epoch 13/1200000, average cost 497.877014
[2017-03-17 01:22:44,901] >> epoch 13/1210000, average cost 497.670044
[2017-03-17 01:23:35,805] >> epoch 13/1220000, average cost 497.671509
[2017-03-17 01:24:31,149] >> epoch 13/1230000, average cost 497.650513
[2017-03-17 01:24:47,203] >> epoch 14/1233750, average cost 497.754456
[2017-03-17 01:26:15,590] >> epoch 14/1250000, average cost 497.848206
[2017-03-17 01:27:11,200] >> epoch 14/1260000, average cost 497.739014
[2017-03-17 01:28:01,700] >> epoch 14/1270000, average cost 497.714600
[2017-03-17 01:28:57,037] >> epoch 14/1280000, average cost 497.835205
[2017-03-17 01:29:46,296] >> epoch 14/1290000, average cost 497.801910
[2017-03-17 01:30:41,888] >> epoch 14/1300000, average cost 497.633392
[2017-03-17 01:31:30,873] >> epoch 14/1310000, average cost 497.659149
[2017-03-17 01:32:26,593] >> epoch 14/1320000, average cost 497.588104
[2017-03-17 01:32:34,616] >> epoch 15/1321875, average cost 497.726868
[2017-03-17 01:34:12,097] >> epoch 15/1340000, average cost 497.784546
[2017-03-17 01:35:08,230] >> epoch 15/1350000, average cost 497.721497
[2017-03-17 01:35:57,817] >> epoch 15/1360000, average cost 497.682709
[2017-03-17 01:36:53,224] >> epoch 15/1370000, average cost 497.858643
[2017-03-17 01:37:49,185] >> epoch 15/1380000, average cost 497.722900
[2017-03-17 01:38:38,514] >> epoch 15/1390000, average cost 497.605713
[2017-03-17 01:39:33,696] >> epoch 15/1400000, average cost 497.637390
[2017-03-17 01:40:23,122] >> epoch 15/1410000, average cost 497.534607
[2017-03-17 01:40:23,131] >> epoch 16/1410000, average cost 497.702454
[2017-03-17 01:41:18,354] >> epoch 16/1420000, average cost 497.793610
[2017-03-17 01:42:13,845] >> epoch 16/1430000, average cost 497.722565
[2017-03-17 01:43:04,000] >> epoch 16/1440000, average cost 497.694397
[2017-03-17 01:43:59,850] >> epoch 16/1450000, average cost 497.690247
[2017-03-17 01:44:49,601] >> epoch 16/1460000, average cost 497.857361
[2017-03-17 01:45:45,821] >> epoch 16/1470000, average cost 497.640961
[2017-03-17 01:46:38,800] >> epoch 16/1480000, average cost 497.573090
[2017-03-17 01:47:30,525] >> epoch 16/1490000, average cost 497.633606
[2017-03-17 01:48:11,350] >> epoch 17/1498125, average cost 497.681488
[2017-03-17 01:49:15,301] >> epoch 17/1510000, average cost 497.791656
[2017-03-17 01:50:12,820] >> epoch 17/1520000, average cost 497.678711
[2017-03-17 01:51:05,152] >> epoch 17/1530000, average cost 497.670197
[2017-03-17 01:51:59,201] >> epoch 17/1540000, average cost 497.688141
[2017-03-17 01:52:55,577] >> epoch 17/1550000, average cost 497.828888
[2017-03-17 01:53:46,440] >> epoch 17/1560000, average cost 497.592957
[2017-03-17 01:54:43,450] >> epoch 17/1570000, average cost 497.567047
[2017-03-17 01:55:31,633] >> epoch 17/1580000, average cost 497.598755
[2017-03-17 01:56:05,695] >> epoch 18/1586250, average cost 497.661865
[2017-03-17 01:57:25,089] >> epoch 18/1600000, average cost 497.773987
[2017-03-17 01:58:15,842] >> epoch 18/1610000, average cost 497.650848
[2017-03-17 01:59:13,165] >> epoch 18/1620000, average cost 497.648285
[2017-03-17 02:00:02,781] >> epoch 18/1630000, average cost 497.692810
[2017-03-17 02:00:59,795] >> epoch 18/1640000, average cost 497.782196
[2017-03-17 02:01:53,317] >> epoch 18/1650000, average cost 497.565308
[2017-03-17 02:02:47,259] >> epoch 18/1660000, average cost 497.560211
[2017-03-17 02:03:43,285] >> epoch 18/1670000, average cost 497.557861
[2017-03-17 02:04:02,569] >> epoch 19/1674375, average cost 497.643585
[2017-03-17 02:05:29,868] >> epoch 19/1690000, average cost 497.746490
[2017-03-17 02:06:22,973] >> epoch 19/1700000, average cost 497.640747
[2017-03-17 02:07:16,725] >> epoch 19/1710000, average cost 497.616760
[2017-03-17 02:08:13,948] >> epoch 19/1720000, average cost 497.719299
[2017-03-17 02:09:03,425] >> epoch 19/1730000, average cost 497.725342
[2017-03-17 02:10:00,163] >> epoch 19/1740000, average cost 497.535095
[2017-03-17 02:10:50,035] >> epoch 19/1750000, average cost 497.561340
[2017-03-17 02:11:45,970] >> epoch 19/1760000, average cost 497.504089
[2017-03-17 02:11:56,665] >> epoch 20/1762500, average cost 497.627960
[2017-03-17 02:13:32,704] >> epoch 20/1780000, average cost 497.709991
[2017-03-17 02:14:29,937] >> epoch 20/1790000, average cost 497.624390
[2017-03-17 02:15:19,995] >> epoch 20/1800000, average cost 497.596558
[2017-03-17 02:16:16,692] >> epoch 20/1810000, average cost 497.756561
[2017-03-17 02:17:11,049] >> epoch 20/1820000, average cost 497.650513
[2017-03-17 02:18:03,863] >> epoch 20/1830000, average cost 497.515350
[2017-03-17 02:19:00,208] >> epoch 20/1840000, average cost 497.552094
[2017-03-17 02:19:50,304] >> epoch 20/1850000, average cost 497.464447
[2017-03-17 02:19:52,974] >> epoch 21/1850625, average cost 497.614014
[2017-03-17 02:21:41,577] >> epoch 21/1870000, average cost 497.656555
[2017-03-17 02:22:34,306] >> epoch 21/1880000, average cost 497.615814
[2017-03-17 02:23:31,495] >> epoch 21/1890000, average cost 497.595612
[2017-03-17 02:24:21,725] >> epoch 21/1900000, average cost 497.772186
[2017-03-17 02:25:18,824] >> epoch 21/1910000, average cost 497.576691
[2017-03-17 02:26:08,853] >> epoch 21/1920000, average cost 497.501801
[2017-03-17 02:27:05,421] >> epoch 21/1930000, average cost 497.552887
[2017-03-17 02:27:49,632] >> epoch 22/1938750, average cost 497.601501
[2017-03-17 02:28:51,931] >> epoch 22/1950000, average cost 497.710846
[2017-03-17 02:29:47,873] >> epoch 22/1960000, average cost 497.613312
[2017-03-17 02:30:37,845] >> epoch 22/1970000, average cost 497.597656
[2017-03-17 02:31:34,338] >> epoch 22/1980000, average cost 497.608398
[2017-03-17 02:32:26,980] >> epoch 22/1990000, average cost 497.769592
[2017-03-17 02:33:19,770] >> epoch 22/2000000, average cost 497.521454
[2017-03-17 02:33:19,776] >> epoch 23/2000000, average cost 497.637390
[2017-03-17 02:33:19,782] >> Training finished in 2:57:41.655038
[2017-03-17 02:33:22,027] >> Loading model
[2017-03-17 02:33:22,331] >> Loading datasets
[2017-03-17 02:33:22,333] >> Reconstruction training started with arguments:
{'activation_noise': None,
 'adadelta': False,
 'adadelta_epsilon': '1e-6',
 'adadelta_rho': '0.95',
 'adagrad': False,
 'adagrad_decay': False,
 'batch_size': 128,
 'ce_sparsity': 0.01,
 'ce_sparsity_weight': 0.0,
 'compound': False,
 'corruption_level': 0.2,
 'datasets': (DatasetContainer [PFileStreamDataset@/export/data1/data/ddraper/train.ld.pfile],
              DatasetContainer [],
              DatasetContainer []),
 'epochs': 50,
 'fix_layers': [],
 'graph': False,
 'hooks': [],
 'l1_reg': '0.0',
 'l2_reg': '0.0',
 'layer_args': {1: {}, 2: {}, 3: {}},
 'layers': [4],
 'learning_rate': '0.01',
 'loss': 'crossentropy',
 'minibatches': 2000000,
 'momentum': '',
 'noise': 'mask',
 'sparsity': 0.05,
 'sparsity_weight': 0.0,
 'validate': False,
 'verbosity': 1,
 'warn': False}
[2017-03-17 02:33:22,333] >> Reconstruction training started with da:
{'hidden_activation': u'sigmoid',
 'n_hidden': 600,
 'n_visible': 800,
 'tied_weights': True,
 'visible_activation': u'sigmoid'}
[2017-03-17 02:33:22,333] >> Compiling theano graph
Using gpu device 0: Tesla M2075 (CNMeM is disabled, cuDNN not available)
[2017-03-17 02:33:34,506] >> Training started
[2017-03-17 02:34:27,828] >> epoch 0/10000, average cost 79.765938
[2017-03-17 02:35:23,176] >> epoch 0/20000, average cost 76.765236
[2017-03-17 02:36:13,491] >> epoch 0/30000, average cost 75.826950
[2017-03-17 02:37:10,013] >> epoch 0/40000, average cost 75.824547
[2017-03-17 02:37:59,121] >> epoch 0/50000, average cost 75.440025
[2017-03-17 02:38:56,483] >> epoch 0/60000, average cost 75.424576
[2017-03-17 02:39:49,048] >> epoch 0/70000, average cost 75.337952
[2017-03-17 02:40:41,749] >> epoch 0/80000, average cost 75.484039
[2017-03-17 02:41:22,326] >> epoch 1/88125, average cost 76.158531
[2017-03-17 02:42:25,116] >> epoch 1/100000, average cost 75.025352
[2017-03-17 02:43:20,071] >> epoch 1/110000, average cost 75.631569
[2017-03-17 02:44:10,861] >> epoch 1/120000, average cost 75.009293
[2017-03-17 02:45:03,086] >> epoch 1/130000, average cost 75.292366
[2017-03-17 02:45:57,592] >> epoch 1/140000, average cost 74.963791
[2017-03-17 02:46:46,420] >> epoch 1/150000, average cost 74.960175
[2017-03-17 02:47:41,470] >> epoch 1/160000, average cost 75.041199
[2017-03-17 02:48:28,512] >> epoch 1/170000, average cost 75.126015
[2017-03-17 02:49:00,791] >> epoch 2/176250, average cost 75.132278
[2017-03-17 02:50:17,841] >> epoch 2/190000, average cost 74.817368
[2017-03-17 02:51:06,464] >> epoch 2/200000, average cost 75.346123
[2017-03-17 02:52:00,838] >> epoch 2/210000, average cost 74.832413
[2017-03-17 02:52:49,284] >> epoch 2/220000, average cost 74.973190
[2017-03-17 02:53:44,514] >> epoch 2/230000, average cost 74.774979
[2017-03-17 02:54:36,020] >> epoch 2/240000, average cost 74.735664
[2017-03-17 02:55:27,822] >> epoch 2/250000, average cost 74.923523
[2017-03-17 02:56:20,569] >> epoch 2/260000, average cost 74.947586
[2017-03-17 02:56:39,354] >> epoch 3/264375, average cost 74.920944
[2017-03-17 02:58:03,531] >> epoch 3/280000, average cost 74.820259
[2017-03-17 02:58:55,348] >> epoch 3/290000, average cost 75.071022
[2017-03-17 02:59:46,857] >> epoch 3/300000, average cost 74.726822
[2017-03-17 03:00:41,200] >> epoch 3/310000, average cost 74.758049
[2017-03-17 03:01:29,747] >> epoch 3/320000, average cost 74.650589
[2017-03-17 03:02:24,361] >> epoch 3/330000, average cost 74.596947
[2017-03-17 03:03:12,494] >> epoch 3/340000, average cost 74.819031
[2017-03-17 03:04:06,485] >> epoch 3/350000, average cost 74.816727
[2017-03-17 03:04:16,998] >> epoch 4/352500, average cost 74.779266
[2017-03-17 03:05:49,057] >> epoch 4/370000, average cost 74.839310
[2017-03-17 03:06:44,199] >> epoch 4/380000, average cost 74.780563
[2017-03-17 03:07:32,655] >> epoch 4/390000, average cost 74.731827
[2017-03-17 03:08:27,118] >> epoch 4/400000, average cost 74.537910
[2017-03-17 03:09:19,117] >> epoch 4/410000, average cost 74.565529
[2017-03-17 03:10:09,929] >> epoch 4/420000, average cost 74.488281
[2017-03-17 03:11:03,705] >> epoch 4/430000, average cost 74.733345
[2017-03-17 03:11:52,103] >> epoch 4/440000, average cost 74.703011
[2017-03-17 03:11:54,734] >> epoch 5/440625, average cost 74.664909
[2017-03-17 03:13:37,931] >> epoch 5/460000, average cost 74.920227
[2017-03-17 03:14:28,887] >> epoch 5/470000, average cost 74.513901
[2017-03-17 03:15:23,302] >> epoch 5/480000, average cost 74.692291
[2017-03-17 03:16:11,601] >> epoch 5/490000, average cost 74.410614
[2017-03-17 03:17:05,547] >> epoch 5/500000, average cost 74.462410
[2017-03-17 03:17:53,364] >> epoch 5/510000, average cost 74.435875
[2017-03-17 03:18:47,399] >> epoch 5/520000, average cost 74.658745
[2017-03-17 03:19:30,623] >> epoch 6/528750, average cost 74.571243
[2017-03-17 03:20:29,461] >> epoch 6/540000, average cost 74.297966
[2017-03-17 03:21:24,315] >> epoch 6/550000, average cost 74.915634
[2017-03-17 03:22:12,806] >> epoch 6/560000, average cost 74.358887
[2017-03-17 03:23:07,543] >> epoch 6/570000, average cost 74.637413
[2017-03-17 03:24:00,037] >> epoch 6/580000, average cost 74.329147
[2017-03-17 03:24:51,107] >> epoch 6/590000, average cost 74.358513
[2017-03-17 03:25:45,035] >> epoch 6/600000, average cost 74.421204
[2017-03-17 03:26:32,576] >> epoch 6/610000, average cost 74.561272
[2017-03-17 03:27:07,949] >> epoch 7/616875, average cost 74.487778
[2017-03-17 03:28:19,424] >> epoch 7/630000, average cost 74.223793
[2017-03-17 03:29:10,258] >> epoch 7/640000, average cost 74.858604
[2017-03-17 03:30:05,189] >> epoch 7/650000, average cost 74.275543
[2017-03-17 03:30:53,128] >> epoch 7/660000, average cost 74.484673
[2017-03-17 03:31:47,846] >> epoch 7/670000, average cost 74.260765
[2017-03-17 03:32:36,230] >> epoch 7/680000, average cost 74.235146
[2017-03-17 03:33:30,709] >> epoch 7/690000, average cost 74.407082
[2017-03-17 03:34:22,429] >> epoch 7/700000, average cost 74.455276
[2017-03-17 03:34:45,786] >> epoch 8/705000, average cost 74.400787
[2017-03-17 03:36:07,233] >> epoch 8/720000, average cost 74.279961
[2017-03-17 03:36:55,808] >> epoch 8/730000, average cost 74.642715
[2017-03-17 03:37:50,608] >> epoch 8/740000, average cost 74.242851
[2017-03-17 03:38:42,549] >> epoch 8/750000, average cost 74.307037
[2017-03-17 03:39:33,338] >> epoch 8/760000, average cost 74.186966
[2017-03-17 03:40:28,452] >> epoch 8/770000, average cost 74.138985
[2017-03-17 03:41:16,314] >> epoch 8/780000, average cost 74.348671
[2017-03-17 03:42:10,334] >> epoch 8/790000, average cost 74.354973
[2017-03-17 03:42:23,470] >> epoch 9/793125, average cost 74.309914
[2017-03-17 03:43:53,161] >> epoch 9/810000, average cost 74.333443
[2017-03-17 03:44:47,542] >> epoch 9/820000, average cost 74.402161
[2017-03-17 03:45:36,371] >> epoch 9/830000, average cost 74.239853
[2017-03-17 03:46:30,954] >> epoch 9/840000, average cost 74.127098
[2017-03-17 03:47:19,404] >> epoch 9/850000, average cost 74.116417
[2017-03-17 03:48:13,940] >> epoch 9/860000, average cost 74.051109
[2017-03-17 03:49:06,892] >> epoch 9/870000, average cost 74.288002
[2017-03-17 03:49:56,177] >> epoch 9/880000, average cost 74.261703
[2017-03-17 03:50:01,439] >> epoch 10/881250, average cost 74.220207
[2017-03-17 03:51:38,836] >> epoch 10/900000, average cost 74.434013
[2017-03-17 03:52:33,572] >> epoch 10/910000, average cost 74.122452
[2017-03-17 03:53:26,476] >> epoch 10/920000, average cost 74.247849
[2017-03-17 03:54:16,884] >> epoch 10/930000, average cost 73.971359
[2017-03-17 03:55:11,981] >> epoch 10/940000, average cost 74.027916
[2017-03-17 03:55:59,982] >> epoch 10/950000, average cost 73.991211
[2017-03-17 03:56:54,017] >> epoch 10/960000, average cost 74.209679
[2017-03-17 03:57:39,744] >> epoch 11/969375, average cost 74.132774
[2017-03-17 03:58:36,774] >> epoch 11/980000, average cost 73.878189
[2017-03-17 03:59:30,647] >> epoch 11/990000, average cost 74.426590
[2017-03-17 04:00:19,063] >> epoch 11/1000000, average cost 73.942001
[2017-03-17 04:01:14,192] >> epoch 11/1010000, average cost 74.188164
[2017-03-17 04:02:02,865] >> epoch 11/1020000, average cost 73.875839
[2017-03-17 04:02:57,256] >> epoch 11/1030000, average cost 73.918137
[2017-03-17 04:03:50,920] >> epoch 11/1040000, average cost 73.944176
[2017-03-17 04:04:39,976] >> epoch 11/1050000, average cost 74.117172
[2017-03-17 04:05:17,248] >> epoch 12/1057500, average cost 74.041046
[2017-03-17 04:06:22,016] >> epoch 12/1070000, average cost 73.745613
[2017-03-17 04:07:17,057] >> epoch 12/1080000, average cost 74.392731
[2017-03-17 04:08:10,949] >> epoch 12/1090000, average cost 73.823471
[2017-03-17 04:09:00,360] >> epoch 12/1100000, average cost 74.065636
[2017-03-17 04:09:55,491] >> epoch 12/1110000, average cost 73.805397
[2017-03-17 04:10:44,015] >> epoch 12/1120000, average cost 73.787537
[2017-03-17 04:11:38,954] >> epoch 12/1130000, average cost 73.917686
[2017-03-17 04:12:26,740] >> epoch 12/1140000, average cost 74.003006
[2017-03-17 04:12:56,853] >> epoch 13/1145625, average cost 73.945076
[2017-03-17 04:14:15,294] >> epoch 13/1160000, average cost 73.775436
[2017-03-17 04:15:03,741] >> epoch 13/1170000, average cost 74.221207
[2017-03-17 04:15:58,567] >> epoch 13/1180000, average cost 73.759972
[2017-03-17 04:16:46,303] >> epoch 13/1190000, average cost 73.881065
[2017-03-17 04:17:39,622] >> epoch 13/1200000, average cost 73.728310
[2017-03-17 04:18:31,872] >> epoch 13/1210000, average cost 73.682205
[2017-03-17 04:19:21,151] >> epoch 13/1220000, average cost 73.875900
[2017-03-17 04:20:15,149] >> epoch 13/1230000, average cost 73.902031
[2017-03-17 04:20:30,893] >> epoch 14/1233750, average cost 73.851791
[2017-03-17 04:21:56,996] >> epoch 14/1250000, average cost 73.832840
[2017-03-17 04:22:51,213] >> epoch 14/1260000, average cost 73.989197
[2017-03-17 04:23:40,344] >> epoch 14/1270000, average cost 73.755791
[2017-03-17 04:24:34,254] >> epoch 14/1280000, average cost 73.710052
[2017-03-17 04:25:22,818] >> epoch 14/1290000, average cost 73.658798
[2017-03-17 04:26:17,323] >> epoch 14/1300000, average cost 73.602715
[2017-03-17 04:27:04,863] >> epoch 14/1310000, average cost 73.838638
[2017-03-17 04:27:58,657] >> epoch 14/1320000, average cost 73.809265
[2017-03-17 04:28:06,539] >> epoch 15/1321875, average cost 73.769783
[2017-03-17 04:29:40,708] >> epoch 15/1340000, average cost 73.919647
[2017-03-17 04:30:35,123] >> epoch 15/1350000, average cost 73.744873
[2017-03-17 04:31:23,650] >> epoch 15/1360000, average cost 73.793922
[2017-03-17 04:32:18,439] >> epoch 15/1370000, average cost 73.545952
[2017-03-17 04:33:11,056] >> epoch 15/1380000, average cost 73.594803
[2017-03-17 04:34:00,262] >> epoch 15/1390000, average cost 73.562653
[2017-03-17 04:34:54,353] >> epoch 15/1400000, average cost 73.779510
[2017-03-17 04:35:42,647] >> epoch 15/1410000, average cost 73.744774
[2017-03-17 04:35:42,654] >> epoch 16/1410000, average cost 73.698578
[2017-03-17 04:36:37,302] >> epoch 16/1420000, average cost 73.475250
[2017-03-17 04:37:31,789] >> epoch 16/1430000, average cost 73.984413
[2017-03-17 04:38:20,330] >> epoch 16/1440000, average cost 73.553162
[2017-03-17 04:39:15,252] >> epoch 16/1450000, average cost 73.762909
[2017-03-17 04:40:03,004] >> epoch 16/1460000, average cost 73.474442
[2017-03-17 04:40:57,853] >> epoch 16/1470000, average cost 73.516914
[2017-03-17 04:41:49,214] >> epoch 16/1480000, average cost 73.527176
[2017-03-17 04:42:40,608] >> epoch 16/1490000, average cost 73.724953
[2017-03-17 04:43:21,094] >> epoch 17/1498125, average cost 73.633659
[2017-03-17 04:44:23,423] >> epoch 17/1510000, average cost 73.374374
[2017-03-17 04:45:18,206] >> epoch 17/1520000, average cost 74.001472
[2017-03-17 04:46:09,640] >> epoch 17/1530000, average cost 73.413567
[2017-03-17 04:47:00,903] >> epoch 17/1540000, average cost 73.718285
[2017-03-17 04:47:55,369] >> epoch 17/1550000, average cost 73.423210
[2017-03-17 04:48:43,901] >> epoch 17/1560000, average cost 73.412941
[2017-03-17 04:49:38,762] >> epoch 17/1570000, average cost 73.552536
[2017-03-17 04:50:26,357] >> epoch 17/1580000, average cost 73.626228
[2017-03-17 04:50:58,907] >> epoch 18/1586250, average cost 73.568382
[2017-03-17 04:52:15,132] >> epoch 18/1600000, average cost 73.379547
[2017-03-17 04:53:03,142] >> epoch 18/1610000, average cost 73.889961
[2017-03-17 04:53:57,845] >> epoch 18/1620000, average cost 73.408577
[2017-03-17 04:54:46,154] >> epoch 18/1630000, average cost 73.567093
[2017-03-17 04:55:40,527] >> epoch 18/1640000, average cost 73.369934
[2017-03-17 04:56:31,528] >> epoch 18/1650000, average cost 73.348503
[2017-03-17 04:57:23,228] >> epoch 18/1660000, average cost 73.537132
[2017-03-17 04:58:16,057] >> epoch 18/1670000, average cost 73.561523
[2017-03-17 04:58:34,782] >> epoch 19/1674375, average cost 73.507172
[2017-03-17 04:59:59,027] >> epoch 19/1690000, average cost 73.448776
[2017-03-17 05:00:49,861] >> epoch 19/1700000, average cost 73.724815
[2017-03-17 05:01:41,256] >> epoch 19/1710000, average cost 73.389389
[2017-03-17 05:02:36,222] >> epoch 19/1720000, average cost 73.414482
[2017-03-17 05:03:24,180] >> epoch 19/1730000, average cost 73.345879
[2017-03-17 05:04:18,755] >> epoch 19/1740000, average cost 73.276428
[2017-03-17 05:05:07,145] >> epoch 19/1750000, average cost 73.505760
[2017-03-17 05:06:00,213] >> epoch 19/1760000, average cost 73.498184
[2017-03-17 05:06:10,721] >> epoch 20/1762500, average cost 73.446037
[2017-03-17 05:07:42,953] >> epoch 20/1780000, average cost 73.556442
[2017-03-17 05:08:37,724] >> epoch 20/1790000, average cost 73.491920
[2017-03-17 05:09:26,056] >> epoch 20/1800000, average cost 73.440292
[2017-03-17 05:10:20,952] >> epoch 20/1810000, average cost 73.255508
[2017-03-17 05:11:13,204] >> epoch 20/1820000, average cost 73.300781
[2017-03-17 05:12:04,167] >> epoch 20/1830000, average cost 73.234978
[2017-03-17 05:12:57,692] >> epoch 20/1840000, average cost 73.471786
[2017-03-17 05:13:45,958] >> epoch 20/1850000, average cost 73.432777
[2017-03-17 05:13:48,590] >> epoch 21/1850625, average cost 73.387245
[2017-03-17 05:15:31,357] >> epoch 21/1870000, average cost 73.659195
[2017-03-17 05:16:22,838] >> epoch 21/1880000, average cost 73.275688
[2017-03-17 05:17:17,767] >> epoch 21/1890000, average cost 73.452538
[2017-03-17 05:18:06,230] >> epoch 21/1900000, average cost 73.174065
[2017-03-17 05:19:00,895] >> epoch 21/1910000, average cost 73.227882
[2017-03-17 05:19:49,219] >> epoch 21/1920000, average cost 73.220505
[2017-03-17 05:20:42,253] >> epoch 21/1930000, average cost 73.430588
[2017-03-17 05:21:24,487] >> epoch 22/1938750, average cost 73.334068
[2017-03-17 05:22:24,190] >> epoch 22/1950000, average cost 73.092316
[2017-03-17 05:23:18,540] >> epoch 22/1960000, average cost 73.668488
[2017-03-17 05:24:06,765] >> epoch 22/1970000, average cost 73.150253
[2017-03-17 05:25:00,641] >> epoch 22/1980000, average cost 73.425201
[2017-03-17 05:25:52,945] >> epoch 22/1990000, average cost 73.129059
[2017-03-17 05:26:42,908] >> epoch 22/2000000, average cost 73.165375
[2017-03-17 05:26:42,914] >> epoch 23/2000000, average cost 73.270561
[2017-03-17 05:26:42,920] >> Training finished in 2:53:08.413614
[2017-03-17 05:26:45,008] >> Loading model
[2017-03-17 05:26:45,270] >> Loading datasets
[2017-03-17 05:26:45,273] >> Reconstruction training started with arguments:
{'activation_noise': None,
 'adadelta': False,
 'adadelta_epsilon': '1e-6',
 'adadelta_rho': '0.95',
 'adagrad': False,
 'adagrad_decay': False,
 'batch_size': 128,
 'ce_sparsity': 0.01,
 'ce_sparsity_weight': 0.0,
 'compound': False,
 'corruption_level': 0.2,
 'datasets': (DatasetContainer [PFileStreamDataset@/export/data1/data/ddraper/train.ld.pfile],
              DatasetContainer [],
              DatasetContainer []),
 'epochs': 50,
 'fix_layers': [],
 'graph': False,
 'hooks': [],
 'l1_reg': '0.0',
 'l2_reg': '0.0',
 'layer_args': {1: {}, 2: {}, 3: {}, 4: {}},
 'layers': [5],
 'learning_rate': '0.01',
 'loss': 'crossentropy',
 'minibatches': 2000000,
 'momentum': '',
 'noise': 'mask',
 'sparsity': 0.05,
 'sparsity_weight': 0.0,
 'validate': False,
 'verbosity': 1,
 'warn': False}
[2017-03-17 05:26:45,273] >> Reconstruction training started with da:
{'hidden_activation': u'sigmoid',
 'n_hidden': 400,
 'n_visible': 600,
 'tied_weights': True,
 'visible_activation': u'sigmoid'}
[2017-03-17 05:26:45,273] >> Compiling theano graph
Using gpu device 0: Tesla M2075 (CNMeM is disabled, cuDNN not available)
[2017-03-17 05:26:55,794] >> Training started
[2017-03-17 05:27:43,043] >> epoch 0/10000, average cost 165.655594
[2017-03-17 05:28:30,749] >> epoch 0/20000, average cost 162.254593
[2017-03-17 05:29:15,575] >> epoch 0/30000, average cost 160.898407
[2017-03-17 05:30:04,510] >> epoch 0/40000, average cost 160.337524
[2017-03-17 05:30:48,506] >> epoch 0/50000, average cost 159.980118
[2017-03-17 05:31:37,449] >> epoch 0/60000, average cost 159.859344
[2017-03-17 05:32:22,720] >> epoch 0/70000, average cost 159.719299
[2017-03-17 05:33:09,435] >> epoch 0/80000, average cost 159.618332
[2017-03-17 05:33:45,921] >> epoch 1/88125, average cost 160.906586
[2017-03-17 05:34:42,041] >> epoch 1/100000, average cost 159.428650
[2017-03-17 05:35:30,972] >> epoch 1/110000, average cost 159.506821
[2017-03-17 05:36:16,672] >> epoch 1/120000, average cost 159.282532
[2017-03-17 05:37:04,724] >> epoch 1/130000, average cost 159.279190
[2017-03-17 05:37:54,315] >> epoch 1/140000, average cost 159.161331
[2017-03-17 05:38:39,524] >> epoch 1/150000, average cost 159.176270
[2017-03-17 05:39:28,434] >> epoch 1/160000, average cost 159.153000
[2017-03-17 05:40:11,554] >> epoch 1/170000, average cost 159.107681
[2017-03-17 05:40:40,984] >> epoch 2/176250, average cost 159.258743
[2017-03-17 05:41:49,944] >> epoch 2/190000, average cost 159.004593
[2017-03-17 05:42:35,217] >> epoch 2/200000, average cost 159.093231
[2017-03-17 05:43:25,413] >> epoch 2/210000, average cost 158.895493
[2017-03-17 05:44:10,167] >> epoch 2/220000, average cost 158.895126
[2017-03-17 05:45:00,792] >> epoch 2/230000, average cost 158.820374
[2017-03-17 05:45:47,402] >> epoch 2/240000, average cost 158.822052
[2017-03-17 05:46:35,100] >> epoch 2/250000, average cost 158.831345
[2017-03-17 05:47:23,052] >> epoch 2/260000, average cost 158.804642
[2017-03-17 05:47:40,744] >> epoch 3/264375, average cost 158.900940
[2017-03-17 05:48:56,297] >> epoch 3/280000, average cost 158.752457
[2017-03-17 05:49:41,996] >> epoch 3/290000, average cost 158.791855
[2017-03-17 05:50:28,906] >> epoch 3/300000, average cost 158.629684
[2017-03-17 05:51:17,820] >> epoch 3/310000, average cost 158.624878
[2017-03-17 05:52:02,377] >> epoch 3/320000, average cost 158.594299
[2017-03-17 05:52:52,739] >> epoch 3/330000, average cost 158.601807
[2017-03-17 05:53:37,277] >> epoch 3/340000, average cost 158.610901
[2017-03-17 05:54:26,612] >> epoch 3/350000, average cost 158.619476
[2017-03-17 05:54:36,311] >> epoch 4/352500, average cost 158.660934
[2017-03-17 05:56:01,660] >> epoch 4/370000, average cost 158.614426
[2017-03-17 05:56:51,644] >> epoch 4/380000, average cost 158.561401
[2017-03-17 05:57:36,225] >> epoch 4/390000, average cost 158.484604
[2017-03-17 05:58:26,284] >> epoch 4/400000, average cost 158.446426
[2017-03-17 05:59:12,972] >> epoch 4/410000, average cost 158.460556
[2017-03-17 06:00:00,434] >> epoch 4/420000, average cost 158.464996
[2017-03-17 06:00:50,232] >> epoch 4/430000, average cost 158.464767
[2017-03-17 06:01:33,900] >> epoch 4/440000, average cost 158.491669
[2017-03-17 06:01:36,328] >> epoch 5/440625, average cost 158.505753
[2017-03-17 06:03:12,248] >> epoch 5/460000, average cost 158.525543
[2017-03-17 06:03:59,462] >> epoch 5/470000, average cost 158.388229
[2017-03-17 06:04:48,136] >> epoch 5/480000, average cost 158.385300
[2017-03-17 06:05:32,948] >> epoch 5/490000, average cost 158.320374
[2017-03-17 06:06:23,802] >> epoch 5/500000, average cost 158.358566
[2017-03-17 06:07:08,502] >> epoch 5/510000, average cost 158.365509
[2017-03-17 06:07:56,755] >> epoch 5/520000, average cost 158.359024
[2017-03-17 06:08:36,151] >> epoch 6/528750, average cost 158.393570
[2017-03-17 06:09:31,327] >> epoch 6/540000, average cost 158.323471
[2017-03-17 06:10:21,032] >> epoch 6/550000, average cost 158.450470
[2017-03-17 06:11:05,015] >> epoch 6/560000, average cost 158.272507
[2017-03-17 06:11:55,268] >> epoch 6/570000, average cost 158.309082
[2017-03-17 06:12:43,640] >> epoch 6/580000, average cost 158.233154
[2017-03-17 06:13:29,969] >> epoch 6/590000, average cost 158.278442
[2017-03-17 06:14:20,112] >> epoch 6/600000, average cost 158.293701
[2017-03-17 06:15:04,057] >> epoch 6/610000, average cost 158.280045
[2017-03-17 06:15:36,709] >> epoch 7/616875, average cost 158.308228
[2017-03-17 06:16:41,252] >> epoch 7/630000, average cost 158.238586
[2017-03-17 06:17:27,985] >> epoch 7/640000, average cost 158.379272
[2017-03-17 06:18:18,427] >> epoch 7/650000, average cost 158.186554
[2017-03-17 06:19:03,036] >> epoch 7/660000, average cost 158.225174
[2017-03-17 06:19:52,088] >> epoch 7/670000, average cost 158.168289
[2017-03-17 06:20:36,384] >> epoch 7/680000, average cost 158.196014
[2017-03-17 06:21:26,978] >> epoch 7/690000, average cost 158.222794
[2017-03-17 06:22:13,559] >> epoch 7/700000, average cost 158.215897
[2017-03-17 06:22:35,501] >> epoch 8/705000, average cost 158.234070
[2017-03-17 06:23:50,025] >> epoch 8/720000, average cost 158.204269
[2017-03-17 06:24:34,567] >> epoch 8/730000, average cost 158.281448
[2017-03-17 06:25:24,474] >> epoch 8/740000, average cost 158.118378
[2017-03-17 06:26:11,990] >> epoch 8/750000, average cost 158.145966
[2017-03-17 06:26:58,863] >> epoch 8/760000, average cost 158.115585
[2017-03-17 06:27:49,425] >> epoch 8/770000, average cost 158.135254
[2017-03-17 06:28:33,855] >> epoch 8/780000, average cost 158.161057
[2017-03-17 06:29:23,483] >> epoch 8/790000, average cost 158.168503
[2017-03-17 06:29:35,613] >> epoch 9/793125, average cost 158.171188
[2017-03-17 06:30:57,218] >> epoch 9/810000, average cost 158.180984
[2017-03-17 06:31:47,712] >> epoch 9/820000, average cost 158.170074
[2017-03-17 06:32:32,430] >> epoch 9/830000, average cost 158.087204
[2017-03-17 06:33:23,118] >> epoch 9/840000, average cost 158.065765
[2017-03-17 06:34:07,899] >> epoch 9/850000, average cost 158.071243
[2017-03-17 06:34:58,564] >> epoch 9/860000, average cost 158.085052
[2017-03-17 06:35:45,632] >> epoch 9/870000, average cost 158.100082
[2017-03-17 06:36:31,320] >> epoch 9/880000, average cost 158.124619
[2017-03-17 06:36:36,177] >> epoch 10/881250, average cost 158.115082
[2017-03-17 06:38:06,324] >> epoch 10/900000, average cost 158.171356
[2017-03-17 06:38:56,859] >> epoch 10/910000, average cost 158.063797
[2017-03-17 06:39:45,008] >> epoch 10/920000, average cost 158.045837
[2017-03-17 06:40:31,402] >> epoch 10/930000, average cost 157.996719
[2017-03-17 06:41:21,170] >> epoch 10/940000, average cost 158.021805
[2017-03-17 06:42:05,006] >> epoch 10/950000, average cost 158.039795
[2017-03-17 06:42:54,649] >> epoch 10/960000, average cost 158.040375
[2017-03-17 06:43:36,758] >> epoch 11/969375, average cost 158.059540
[2017-03-17 06:44:29,910] >> epoch 11/980000, average cost 158.020950
[2017-03-17 06:45:19,839] >> epoch 11/990000, average cost 158.132675
[2017-03-17 06:46:04,440] >> epoch 11/1000000, average cost 157.979919
[2017-03-17 06:46:53,569] >> epoch 11/1010000, average cost 158.004105
[2017-03-17 06:47:37,900] >> epoch 11/1020000, average cost 157.934601
[2017-03-17 06:48:28,095] >> epoch 11/1030000, average cost 157.982346
[2017-03-17 06:49:17,012] >> epoch 11/1040000, average cost 157.995132
[2017-03-17 06:50:02,391] >> epoch 11/1050000, average cost 157.991302
[2017-03-17 06:50:37,431] >> epoch 12/1057500, average cost 158.008118
[2017-03-17 06:51:37,119] >> epoch 12/1070000, average cost 157.957428
[2017-03-17 06:52:26,914] >> epoch 12/1080000, average cost 158.100555
[2017-03-17 06:53:15,996] >> epoch 12/1090000, average cost 157.916458
[2017-03-17 06:54:02,033] >> epoch 12/1100000, average cost 157.953796
[2017-03-17 06:54:52,465] >> epoch 12/1110000, average cost 157.893997
[2017-03-17 06:55:37,037] >> epoch 12/1120000, average cost 157.933319
[2017-03-17 06:56:27,664] >> epoch 12/1130000, average cost 157.951706
[2017-03-17 06:57:11,478] >> epoch 12/1140000, average cost 157.948395
[2017-03-17 06:57:39,168] >> epoch 13/1145625, average cost 157.961121
[2017-03-17 06:58:50,545] >> epoch 13/1160000, average cost 157.937881
[2017-03-17 06:59:34,822] >> epoch 13/1170000, average cost 158.035294
[2017-03-17 07:00:25,162] >> epoch 13/1180000, average cost 157.869690
[2017-03-17 07:01:09,623] >> epoch 13/1190000, average cost 157.898666
[2017-03-17 07:02:00,257] >> epoch 13/1200000, average cost 157.857620
[2017-03-17 07:02:49,352] >> epoch 13/1210000, average cost 157.887344
[2017-03-17 07:03:35,191] >> epoch 13/1220000, average cost 157.912018
[2017-03-17 07:04:24,592] >> epoch 13/1230000, average cost 157.920227
[2017-03-17 07:04:39,152] >> epoch 14/1233750, average cost 157.919006
[2017-03-17 07:05:59,725] >> epoch 14/1250000, average cost 157.926880
[2017-03-17 07:06:48,938] >> epoch 14/1260000, average cost 157.953796
[2017-03-17 07:07:34,590] >> epoch 14/1270000, average cost 157.836594
[2017-03-17 07:08:24,952] >> epoch 14/1280000, average cost 157.835983
[2017-03-17 07:09:09,623] >> epoch 14/1290000, average cost 157.831985
[2017-03-17 07:10:00,052] >> epoch 14/1300000, average cost 157.854446
[2017-03-17 07:10:44,712] >> epoch 14/1310000, average cost 157.868317
[2017-03-17 07:11:34,981] >> epoch 14/1320000, average cost 157.894180
[2017-03-17 07:11:42,256] >> epoch 15/1321875, average cost 157.879486
[2017-03-17 07:13:08,289] >> epoch 15/1340000, average cost 157.928925
[2017-03-17 07:13:57,365] >> epoch 15/1350000, average cost 157.858200
[2017-03-17 07:14:41,386] >> epoch 15/1360000, average cost 157.826523
[2017-03-17 07:15:31,397] >> epoch 15/1370000, average cost 157.784164
[2017-03-17 07:16:21,160] >> epoch 15/1380000, average cost 157.804993
[2017-03-17 07:17:06,639] >> epoch 15/1390000, average cost 157.827179
[2017-03-17 07:17:54,910] >> epoch 15/1400000, average cost 157.831131
[2017-03-17 07:18:39,531] >> epoch 15/1410000, average cost 157.866104
[2017-03-17 07:18:39,539] >> epoch 16/1410000, average cost 157.843567
[2017-03-17 07:19:29,435] >> epoch 16/1420000, average cost 157.822357
[2017-03-17 07:20:18,412] >> epoch 16/1430000, average cost 157.925354
[2017-03-17 07:21:03,275] >> epoch 16/1440000, average cost 157.785095
[2017-03-17 07:21:53,939] >> epoch 16/1450000, average cost 157.800613
[2017-03-17 07:22:38,633] >> epoch 16/1460000, average cost 157.739456
[2017-03-17 07:23:29,089] >> epoch 16/1470000, average cost 157.782074
[2017-03-17 07:24:16,382] >> epoch 16/1480000, average cost 157.802948
[2017-03-17 07:25:03,552] >> epoch 16/1490000, average cost 157.796143
[2017-03-17 07:25:40,684] >> epoch 17/1498125, average cost 157.809631
[2017-03-17 07:26:38,460] >> epoch 17/1510000, average cost 157.775543
[2017-03-17 07:27:28,198] >> epoch 17/1520000, average cost 157.908951
[2017-03-17 07:28:15,184] >> epoch 17/1530000, average cost 157.733261
[2017-03-17 07:29:02,916] >> epoch 17/1540000, average cost 157.779099
[2017-03-17 07:29:53,328] >> epoch 17/1550000, average cost 157.713882
[2017-03-17 07:30:38,238] >> epoch 17/1560000, average cost 157.754303
[2017-03-17 07:31:28,760] >> epoch 17/1570000, average cost 157.780273
[2017-03-17 07:32:12,802] >> epoch 17/1580000, average cost 157.774048
[2017-03-17 07:32:42,211] >> epoch 18/1586250, average cost 157.781250
[2017-03-17 07:33:52,212] >> epoch 18/1600000, average cost 157.757080
[2017-03-17 07:34:37,287] >> epoch 18/1610000, average cost 157.873703
[2017-03-17 07:35:27,937] >> epoch 18/1620000, average cost 157.700745
[2017-03-17 07:36:12,609] >> epoch 18/1630000, average cost 157.739761
[2017-03-17 07:37:03,279] >> epoch 18/1640000, average cost 157.696732
[2017-03-17 07:37:50,016] >> epoch 18/1650000, average cost 157.726456
[2017-03-17 07:38:38,007] >> epoch 18/1660000, average cost 157.752945
[2017-03-17 07:39:26,272] >> epoch 18/1670000, average cost 157.756256
[2017-03-17 07:39:44,036] >> epoch 19/1674375, average cost 157.754547
[2017-03-17 07:41:01,378] >> epoch 19/1690000, average cost 157.764008
[2017-03-17 07:41:48,300] >> epoch 19/1700000, average cost 157.816483
[2017-03-17 07:42:35,729] >> epoch 19/1710000, average cost 157.677032
[2017-03-17 07:43:24,728] >> epoch 19/1720000, average cost 157.695648
[2017-03-17 07:44:10,251] >> epoch 19/1730000, average cost 157.677917
[2017-03-17 07:45:00,873] >> epoch 19/1740000, average cost 157.706497
[2017-03-17 07:45:45,566] >> epoch 19/1750000, average cost 157.723602
[2017-03-17 07:46:35,243] >> epoch 19/1760000, average cost 157.741669
[2017-03-17 07:46:44,956] >> epoch 20/1762500, average cost 157.728790
[2017-03-17 07:48:09,242] >> epoch 20/1780000, average cost 157.771973
[2017-03-17 07:48:59,270] >> epoch 20/1790000, average cost 157.735153
[2017-03-17 07:49:44,016] >> epoch 20/1800000, average cost 157.677582
[2017-03-17 07:50:34,594] >> epoch 20/1810000, average cost 157.649734
[2017-03-17 07:51:21,623] >> epoch 20/1820000, average cost 157.664780
[2017-03-17 07:52:08,301] >> epoch 20/1830000, average cost 157.687195
[2017-03-17 07:52:57,984] >> epoch 20/1840000, average cost 157.697021
[2017-03-17 07:53:42,443] >> epoch 20/1850000, average cost 157.728882
[2017-03-17 07:53:44,876] >> epoch 21/1850625, average cost 157.703903
[2017-03-17 07:55:19,344] >> epoch 21/1870000, average cost 157.792007
[2017-03-17 07:56:06,535] >> epoch 21/1880000, average cost 157.662643
[2017-03-17 07:56:57,135] >> epoch 21/1890000, average cost 157.671906
[2017-03-17 07:57:41,326] >> epoch 21/1900000, average cost 157.618073
[2017-03-17 07:58:31,309] >> epoch 21/1910000, average cost 157.654526
[2017-03-17 07:59:15,857] >> epoch 21/1920000, average cost 157.675568
[2017-03-17 08:00:05,694] >> epoch 21/1930000, average cost 157.672867
[2017-03-17 08:00:44,778] >> epoch 22/1938750, average cost 157.683273
[2017-03-17 08:01:39,774] >> epoch 22/1950000, average cost 157.660599
[2017-03-17 08:02:30,349] >> epoch 22/1960000, average cost 157.787628
[2017-03-17 08:03:14,961] >> epoch 22/1970000, average cost 157.619446
[2017-03-17 08:04:05,479] >> epoch 22/1980000, average cost 157.660233
[2017-03-17 08:04:52,196] >> epoch 22/1990000, average cost 157.595718
[2017-03-17 08:05:39,676] >> epoch 22/2000000, average cost 157.643143
[2017-03-17 08:05:39,682] >> epoch 23/2000000, average cost 157.661499
[2017-03-17 08:05:39,687] >> Training finished in 2:38:43.888060
[2017-03-17 08:05:41,709] >> Loading model
[2017-03-17 08:05:41,951] >> Loading datasets
[2017-03-17 08:05:41,953] >> Reconstruction training started with arguments:
{'activation_noise': None,
 'adadelta': False,
 'adadelta_epsilon': '1e-6',
 'adadelta_rho': '0.95',
 'adagrad': False,
 'adagrad_decay': False,
 'batch_size': 128,
 'ce_sparsity': 0.01,
 'ce_sparsity_weight': 0.0,
 'compound': False,
 'corruption_level': 0.2,
 'datasets': (DatasetContainer [PFileStreamDataset@/export/data1/data/ddraper/train.ld.pfile],
              DatasetContainer [],
              DatasetContainer []),
 'epochs': 50,
 'fix_layers': [],
 'graph': False,
 'hooks': [],
 'l1_reg': '0.0',
 'l2_reg': '0.0',
 'layer_args': {1: {}, 2: {}, 3: {}, 4: {}, 5: {}},
 'layers': [6],
 'learning_rate': '0.01',
 'loss': 'crossentropy',
 'minibatches': 2000000,
 'momentum': '',
 'noise': 'mask',
 'sparsity': 0.05,
 'sparsity_weight': 0.0,
 'validate': False,
 'verbosity': 1,
 'warn': False}
[2017-03-17 08:05:41,954] >> Reconstruction training started with da:
{'hidden_activation': u'sigmoid',
 'n_hidden': 200,
 'n_visible': 400,
 'tied_weights': True,
 'visible_activation': u'sigmoid'}
[2017-03-17 08:05:41,954] >> Compiling theano graph
Using gpu device 0: Tesla M2075 (CNMeM is disabled, cuDNN not available)
[2017-03-17 08:05:53,280] >> Training started
[2017-03-17 08:06:36,663] >> epoch 0/10000, average cost 47.294750
[2017-03-17 08:07:20,168] >> epoch 0/20000, average cost 45.184082
[2017-03-17 08:08:02,302] >> epoch 0/30000, average cost 44.304626
[2017-03-17 08:08:48,785] >> epoch 0/40000, average cost 44.057186
[2017-03-17 08:09:29,694] >> epoch 0/50000, average cost 43.750504
[2017-03-17 08:10:16,489] >> epoch 0/60000, average cost 43.693882
[2017-03-17 08:10:58,782] >> epoch 0/70000, average cost 43.549026
[2017-03-17 08:11:42,269] >> epoch 0/80000, average cost 43.625237
[2017-03-17 08:12:16,311] >> epoch 1/88125, average cost 44.348866
[2017-03-17 08:13:09,345] >> epoch 1/100000, average cost 43.363926
[2017-03-17 08:13:55,343] >> epoch 1/110000, average cost 43.605587
[2017-03-17 08:14:37,768] >> epoch 1/120000, average cost 43.347889
[2017-03-17 08:15:21,927] >> epoch 1/130000, average cost 43.438625
[2017-03-17 08:16:07,568] >> epoch 1/140000, average cost 43.289337
[2017-03-17 08:16:48,592] >> epoch 1/150000, average cost 43.276318
[2017-03-17 08:17:35,161] >> epoch 1/160000, average cost 43.294594
[2017-03-17 08:18:15,049] >> epoch 1/170000, average cost 43.366924
[2017-03-17 08:18:42,814] >> epoch 2/176250, average cost 43.369392
[2017-03-17 08:19:46,408] >> epoch 2/190000, average cost 43.207813
[2017-03-17 08:20:27,493] >> epoch 2/200000, average cost 43.428936
[2017-03-17 08:21:13,760] >> epoch 2/210000, average cost 43.229767
[2017-03-17 08:21:54,612] >> epoch 2/220000, average cost 43.257805
[2017-03-17 08:22:41,540] >> epoch 2/230000, average cost 43.185902
[2017-03-17 08:23:24,516] >> epoch 2/240000, average cost 43.115562
[2017-03-17 08:24:08,372] >> epoch 2/250000, average cost 43.237263
[2017-03-17 08:24:53,643] >> epoch 2/260000, average cost 43.240551
[2017-03-17 08:25:09,827] >> epoch 3/264375, average cost 43.236702
[2017-03-17 08:26:22,133] >> epoch 3/280000, average cost 43.172279
[2017-03-17 08:27:05,631] >> epoch 3/290000, average cost 43.293167
[2017-03-17 08:27:49,547] >> epoch 3/300000, average cost 43.160458
[2017-03-17 08:28:35,807] >> epoch 3/310000, average cost 43.120003
[2017-03-17 08:29:17,574] >> epoch 3/320000, average cost 43.128448
[2017-03-17 08:30:02,496] >> epoch 3/330000, average cost 43.021767
[2017-03-17 08:30:42,627] >> epoch 3/340000, average cost 43.173344
[2017-03-17 08:31:26,849] >> epoch 3/350000, average cost 43.153088
[2017-03-17 08:31:35,613] >> epoch 4/352500, average cost 43.151325
[2017-03-17 08:32:51,804] >> epoch 4/370000, average cost 43.174545
[2017-03-17 08:33:36,793] >> epoch 4/380000, average cost 43.150623
[2017-03-17 08:34:16,906] >> epoch 4/390000, average cost 43.144543
[2017-03-17 08:35:02,322] >> epoch 4/400000, average cost 43.016560
[2017-03-17 08:35:44,347] >> epoch 4/410000, average cost 43.083698
[2017-03-17 08:36:27,596] >> epoch 4/420000, average cost 42.961639
[2017-03-17 08:37:11,949] >> epoch 4/430000, average cost 43.134518
[2017-03-17 08:37:51,957] >> epoch 4/440000, average cost 43.088108
[2017-03-17 08:37:54,153] >> epoch 5/440625, average cost 43.091206
[2017-03-17 08:39:19,192] >> epoch 5/460000, average cost 43.201233
[2017-03-17 08:40:02,250] >> epoch 5/470000, average cost 43.040527
[2017-03-17 08:40:46,784] >> epoch 5/480000, average cost 43.122643
[2017-03-17 08:41:27,505] >> epoch 5/490000, average cost 42.959518
[2017-03-17 08:42:12,593] >> epoch 5/500000, average cost 43.015285
[2017-03-17 08:42:52,723] >> epoch 5/510000, average cost 42.957264
[2017-03-17 08:43:37,161] >> epoch 5/520000, average cost 43.103172
[2017-03-17 08:44:12,736] >> epoch 6/528750, average cost 43.049652
[2017-03-17 08:45:02,239] >> epoch 6/540000, average cost 42.943245
[2017-03-17 08:45:47,381] >> epoch 6/550000, average cost 43.194359
[2017-03-17 08:46:27,509] >> epoch 6/560000, average cost 42.969425
[2017-03-17 08:47:12,406] >> epoch 6/570000, average cost 43.083309
[2017-03-17 08:47:54,890] >> epoch 6/580000, average cost 42.932045
[2017-03-17 08:48:37,609] >> epoch 6/590000, average cost 42.948734
[2017-03-17 08:49:22,311] >> epoch 6/600000, average cost 42.955338
[2017-03-17 08:50:02,297] >> epoch 6/610000, average cost 43.053814
[2017-03-17 08:50:31,459] >> epoch 7/616875, average cost 43.008526
[2017-03-17 08:51:30,651] >> epoch 7/630000, average cost 42.895294
[2017-03-17 08:52:13,969] >> epoch 7/640000, average cost 43.158222
[2017-03-17 08:53:00,888] >> epoch 7/650000, average cost 42.939350
[2017-03-17 08:53:41,339] >> epoch 7/660000, average cost 42.993233
[2017-03-17 08:54:27,960] >> epoch 7/670000, average cost 42.906349
[2017-03-17 08:55:08,250] >> epoch 7/680000, average cost 42.854385
[2017-03-17 08:55:54,836] >> epoch 7/690000, average cost 42.957268
[2017-03-17 08:56:37,684] >> epoch 7/700000, average cost 42.988228
[2017-03-17 08:56:57,795] >> epoch 8/705000, average cost 42.958988
[2017-03-17 08:58:07,304] >> epoch 8/720000, average cost 42.903656
[2017-03-17 08:58:47,385] >> epoch 8/730000, average cost 43.063690
[2017-03-17 08:59:33,668] >> epoch 8/740000, average cost 42.912754
[2017-03-17 09:00:18,476] >> epoch 8/750000, average cost 42.907818
[2017-03-17 09:01:01,532] >> epoch 8/760000, average cost 42.884983
[2017-03-17 09:01:46,743] >> epoch 8/770000, average cost 42.801659
[2017-03-17 09:02:27,229] >> epoch 8/780000, average cost 42.944874
[2017-03-17 09:03:13,416] >> epoch 8/790000, average cost 42.931988
[2017-03-17 09:03:24,352] >> epoch 9/793125, average cost 42.917645
[2017-03-17 09:04:40,059] >> epoch 9/810000, average cost 42.933887
[2017-03-17 09:05:26,474] >> epoch 9/820000, average cost 42.965595
[2017-03-17 09:06:07,337] >> epoch 9/830000, average cost 42.927288
[2017-03-17 09:06:54,103] >> epoch 9/840000, average cost 42.826900
[2017-03-17 09:07:34,997] >> epoch 9/850000, average cost 42.877720
[2017-03-17 09:08:21,792] >> epoch 9/860000, average cost 42.757618
[2017-03-17 09:09:06,519] >> epoch 9/870000, average cost 42.934219
[2017-03-17 09:09:47,740] >> epoch 9/880000, average cost 42.896786
[2017-03-17 09:09:52,132] >> epoch 10/881250, average cost 42.887718
[2017-03-17 09:11:14,919] >> epoch 10/900000, average cost 42.988842
[2017-03-17 09:12:00,228] >> epoch 10/910000, average cost 42.869251
[2017-03-17 09:12:44,703] >> epoch 10/920000, average cost 42.933636
[2017-03-17 09:13:27,668] >> epoch 10/930000, average cost 42.784393
[2017-03-17 09:14:14,670] >> epoch 10/940000, average cost 42.837395
[2017-03-17 09:14:55,599] >> epoch 10/950000, average cost 42.756168
[2017-03-17 09:15:40,183] >> epoch 10/960000, average cost 42.916225
[2017-03-17 09:16:18,090] >> epoch 11/969375, average cost 42.863377
[2017-03-17 09:17:05,884] >> epoch 11/980000, average cost 42.766075
[2017-03-17 09:17:50,955] >> epoch 11/990000, average cost 43.002586
[2017-03-17 09:18:30,961] >> epoch 11/1000000, average cost 42.811108
[2017-03-17 09:19:16,231] >> epoch 11/1010000, average cost 42.907730
[2017-03-17 09:19:56,373] >> epoch 11/1020000, average cost 42.753311
[2017-03-17 09:20:41,472] >> epoch 11/1030000, average cost 42.789104
[2017-03-17 09:21:24,394] >> epoch 11/1040000, average cost 42.768173
[2017-03-17 09:22:05,881] >> epoch 11/1050000, average cost 42.890488
[2017-03-17 09:22:37,328] >> epoch 12/1057500, average cost 42.836452
[2017-03-17 09:23:31,257] >> epoch 12/1070000, average cost 42.726749
[2017-03-17 09:24:16,408] >> epoch 12/1080000, average cost 43.007008
[2017-03-17 09:24:59,607] >> epoch 12/1090000, average cost 42.776058
[2017-03-17 09:25:41,604] >> epoch 12/1100000, average cost 42.861206
[2017-03-17 09:26:26,833] >> epoch 12/1110000, average cost 42.745739
[2017-03-17 09:27:06,916] >> epoch 12/1120000, average cost 42.726952
[2017-03-17 09:27:52,197] >> epoch 12/1130000, average cost 42.790077
[2017-03-17 09:28:31,501] >> epoch 12/1140000, average cost 42.852619
[2017-03-17 09:28:56,243] >> epoch 13/1145625, average cost 42.809509
[2017-03-17 09:30:01,438] >> epoch 13/1160000, average cost 42.745880
[2017-03-17 09:30:41,631] >> epoch 13/1170000, average cost 42.941486
[2017-03-17 09:31:26,835] >> epoch 13/1180000, average cost 42.770985
[2017-03-17 09:32:06,919] >> epoch 13/1190000, average cost 42.783356
[2017-03-17 09:32:52,135] >> epoch 13/1200000, average cost 42.749283
[2017-03-17 09:33:35,596] >> epoch 13/1210000, average cost 42.663994
[2017-03-17 09:34:17,502] >> epoch 13/1220000, average cost 42.805363
[2017-03-17 09:35:02,021] >> epoch 13/1230000, average cost 42.807137
[2017-03-17 09:35:15,158] >> epoch 14/1233750, average cost 42.782001
[2017-03-17 09:36:27,431] >> epoch 14/1250000, average cost 42.775101
[2017-03-17 09:37:11,204] >> epoch 14/1260000, average cost 42.857887
[2017-03-17 09:37:52,869] >> epoch 14/1270000, average cost 42.774151
[2017-03-17 09:38:39,262] >> epoch 14/1280000, average cost 42.713718
[2017-03-17 09:39:20,246] >> epoch 14/1290000, average cost 42.736824
[2017-03-17 09:40:06,911] >> epoch 14/1300000, average cost 42.629711
[2017-03-17 09:40:47,087] >> epoch 14/1310000, average cost 42.791000
[2017-03-17 09:41:32,585] >> epoch 14/1320000, average cost 42.758324
[2017-03-17 09:41:39,157] >> epoch 15/1321875, average cost 42.752777
[2017-03-17 09:42:58,891] >> epoch 15/1340000, average cost 42.818062
[2017-03-17 09:43:45,250] >> epoch 15/1350000, average cost 42.755852
[2017-03-17 09:44:25,970] >> epoch 15/1360000, average cost 42.791286
[2017-03-17 09:45:12,979] >> epoch 15/1370000, average cost 42.635326
[2017-03-17 09:45:58,084] >> epoch 15/1380000, average cost 42.700325
[2017-03-17 09:46:40,255] >> epoch 15/1390000, average cost 42.606739
[2017-03-17 09:47:26,382] >> epoch 15/1400000, average cost 42.761322
[2017-03-17 09:48:06,483] >> epoch 15/1410000, average cost 42.729721
[2017-03-17 09:48:06,490] >> epoch 16/1410000, average cost 42.720543
[2017-03-17 09:48:51,538] >> epoch 16/1420000, average cost 42.630093
[2017-03-17 09:49:35,343] >> epoch 16/1430000, average cost 42.846699
[2017-03-17 09:50:16,831] >> epoch 16/1440000, average cost 42.673904
[2017-03-17 09:51:01,871] >> epoch 16/1450000, average cost 42.759888
[2017-03-17 09:51:42,193] >> epoch 16/1460000, average cost 42.610714
[2017-03-17 09:52:27,263] >> epoch 16/1470000, average cost 42.650013
[2017-03-17 09:53:08,799] >> epoch 16/1480000, average cost 42.605877
[2017-03-17 09:53:51,624] >> epoch 16/1490000, average cost 42.747242
[2017-03-17 09:54:25,136] >> epoch 17/1498125, average cost 42.690697
[2017-03-17 09:55:16,973] >> epoch 17/1510000, average cost 42.579453
[2017-03-17 09:56:03,027] >> epoch 17/1520000, average cost 42.847218
[2017-03-17 09:56:45,779] >> epoch 17/1530000, average cost 42.620277
[2017-03-17 09:57:30,181] >> epoch 17/1540000, average cost 42.728245
[2017-03-17 09:58:16,319] >> epoch 17/1550000, average cost 42.596981
[2017-03-17 09:58:57,986] >> epoch 17/1560000, average cost 42.591614
[2017-03-17 09:59:44,826] >> epoch 17/1570000, average cost 42.627609
[2017-03-17 10:00:25,049] >> epoch 17/1580000, average cost 42.708412
[2017-03-17 10:00:51,784] >> epoch 18/1586250, average cost 42.661983
[2017-03-17 10:01:55,295] >> epoch 18/1600000, average cost 42.577736
[2017-03-17 10:02:36,578] >> epoch 18/1610000, average cost 42.815956
[2017-03-17 10:03:23,231] >> epoch 18/1620000, average cost 42.619076
[2017-03-17 10:04:03,646] >> epoch 18/1630000, average cost 42.654858
[2017-03-17 10:04:50,282] >> epoch 18/1640000, average cost 42.592720
[2017-03-17 10:05:34,167] >> epoch 18/1650000, average cost 42.530556
[2017-03-17 10:06:17,041] >> epoch 18/1660000, average cost 42.654140
[2017-03-17 10:07:01,100] >> epoch 18/1670000, average cost 42.671455
[2017-03-17 10:07:17,621] >> epoch 19/1674375, average cost 42.638203
[2017-03-17 10:08:29,410] >> epoch 19/1690000, average cost 42.614441
[2017-03-17 10:09:13,400] >> epoch 19/1700000, average cost 42.740406
[2017-03-17 10:09:56,129] >> epoch 19/1710000, average cost 42.623123
[2017-03-17 10:10:41,024] >> epoch 19/1720000, average cost 42.588707
[2017-03-17 10:11:22,597] >> epoch 19/1730000, average cost 42.591633
[2017-03-17 10:12:09,399] >> epoch 19/1740000, average cost 42.498592
[2017-03-17 10:12:50,112] >> epoch 19/1750000, average cost 42.648586
[2017-03-17 10:13:35,319] >> epoch 19/1760000, average cost 42.632355
[2017-03-17 10:13:44,076] >> epoch 20/1762500, average cost 42.615063
[2017-03-17 10:15:02,066] >> epoch 20/1780000, average cost 42.658363
[2017-03-17 10:15:48,909] >> epoch 20/1790000, average cost 42.639519
[2017-03-17 10:16:29,713] >> epoch 20/1800000, average cost 42.646484
[2017-03-17 10:17:16,517] >> epoch 20/1810000, average cost 42.517559
[2017-03-17 10:17:59,499] >> epoch 20/1820000, average cost 42.584309
[2017-03-17 10:18:42,879] >> epoch 20/1830000, average cost 42.463020
[2017-03-17 10:19:28,870] >> epoch 20/1840000, average cost 42.636246
[2017-03-17 10:20:09,546] >> epoch 20/1850000, average cost 42.595001
[2017-03-17 10:20:11,730] >> epoch 21/1850625, average cost 42.588943
[2017-03-17 10:21:39,920] >> epoch 21/1870000, average cost 42.703808
[2017-03-17 10:22:23,510] >> epoch 21/1880000, average cost 42.555176
[2017-03-17 10:23:08,834] >> epoch 21/1890000, average cost 42.635506
[2017-03-17 10:23:50,097] >> epoch 21/1900000, average cost 42.477669
[2017-03-17 10:24:36,861] >> epoch 21/1910000, average cost 42.534615
[2017-03-17 10:25:17,501] >> epoch 21/1920000, average cost 42.472294
[2017-03-17 10:26:01,965] >> epoch 21/1930000, average cost 42.619495
[2017-03-17 10:26:37,655] >> epoch 22/1938750, average cost 42.563690
[2017-03-17 10:27:27,048] >> epoch 22/1950000, average cost 42.467628
[2017-03-17 10:28:12,258] >> epoch 22/1960000, average cost 42.715443
[2017-03-17 10:28:52,295] >> epoch 22/1970000, average cost 42.510330
[2017-03-17 10:29:37,418] >> epoch 22/1980000, average cost 42.609970
[2017-03-17 10:30:19,979] >> epoch 22/1990000, average cost 42.477531
[2017-03-17 10:31:02,833] >> epoch 22/2000000, average cost 42.491592
[2017-03-17 10:31:02,839] >> epoch 23/2000000, average cost 42.544792
[2017-03-17 10:31:02,844] >> Training finished in 2:25:09.561135
[2017-03-17 10:31:05,547] >> Loading model
[2017-03-17 10:31:06,322] >> Loading datasets
Using gpu device 0: Tesla M2075 (CNMeM is disabled, cuDNN not available)
[2017-03-17 10:31:07,831] >> Supervised training started with arguments:
{'activation_noise': None,
 'adadelta': False,
 'adadelta_epsilon': '1e-6',
 'adadelta_rho': '0.95',
 'adagrad': False,
 'adagrad_decay': False,
 'batch_size': 256,
 'datasets': (DatasetContainer [PFileStreamDataset@/export/data1/data/ddraper/train.ld.pfile],
              DatasetContainer [PFileDataset@/export/data1/data/ddraper/valid.ld.pfile,1],
              DatasetContainer []),
 'epochs': 50,
 'fix_layers': [],
 'graph': False,
 'hooks': [<functools.partial object at 0x7ff1fe965470>],
 'l1_reg': '0.0',
 'l2_reg': '0.0',
 'layer_args': [],
 'learning_rate': '0.1',
 'minibatches': -1,
 'momentum': '',
 'newbob': True,
 'newbob_decay': 0.5,
 'newbob_threshold': [0.005, 0.0001],
 'patience': -1,
 'patience_improve_threshold': 0.995,
 'patience_increase': 1.5,
 'pre_validate': False,
 'print_errors': True,
 'validation_interval': -1,
 'verbosity': 0,
 'warn': False}
[2017-03-17 10:31:07,831] >> Compiling theano graph
[2017-03-17 10:31:19,298] >> Training started
[2017-03-17 10:41:49,828] >  epoch 1/44062, training error 0.343784
[2017-03-17 10:41:50,740] >  epoch 1/44062, validation error 0.277043
[2017-03-17 10:52:25,602] >  epoch 2/88124, training error 0.184385
[2017-03-17 10:52:26,520] >  epoch 2/88124, validation error 0.200614
[2017-03-17 11:03:02,265] >  epoch 3/132186, training error 0.136826
[2017-03-17 11:03:03,187] >  epoch 3/132186, validation error 0.185740
[2017-03-17 11:13:38,457] >  epoch 4/176248, training error 0.112317
[2017-03-17 11:13:39,372] >  epoch 4/176248, validation error 0.126545
[2017-03-17 11:24:14,113] >  epoch 5/220310, training error 0.096998
[2017-03-17 11:24:15,033] >  epoch 5/220310, validation error 0.121995
[2017-03-17 11:24:15,128] >  epoch 5/220310, learning rate set to 0.050000
[2017-03-17 11:34:48,818] >  epoch 6/264372, training error 0.075338
[2017-03-17 11:34:49,722] >  epoch 6/264372, validation error 0.117445
[2017-03-17 11:34:49,823] >  epoch 6/264372, learning rate set to 0.025000
[2017-03-17 11:45:25,705] >  epoch 7/308434, training error 0.069287
[2017-03-17 11:45:26,605] >  epoch 7/308434, validation error 0.108624
[2017-03-17 11:45:26,706] >  epoch 7/308434, learning rate set to 0.012500
[2017-03-17 11:56:02,081] >  epoch 8/352496, training error 0.066755
[2017-03-17 11:56:03,003] >  epoch 8/352496, validation error 0.096476
[2017-03-17 11:56:03,097] >  epoch 8/352496, learning rate set to 0.006250
[2017-03-17 12:06:38,634] >  epoch 9/396558, training error 0.065967
[2017-03-17 12:06:39,561] >  epoch 9/396558, validation error 0.093492
[2017-03-17 12:06:39,661] >  epoch 9/396558, learning rate set to 0.003125
[2017-03-17 12:17:15,056] >  epoch 10/440620, training error 0.065930
[2017-03-17 12:17:15,975] >  epoch 10/440620, validation error 0.099803
[2017-03-17 12:17:15,976] >> Training finished in 1:45:56.676980
