[2017-03-21 13:10:49,520] >> Loading model
[2017-03-21 13:10:50,100] >> Loading datasets
[2017-03-21 13:10:50,102] >> Reconstruction training started with arguments:
{'activation_noise': None,
 'adadelta': False,
 'adadelta_epsilon': '1e-6',
 'adadelta_rho': '0.95',
 'adagrad': False,
 'adagrad_decay': False,
 'batch_size': 128,
 'ce_sparsity': 0.01,
 'ce_sparsity_weight': 0.0,
 'compound': False,
 'corruption_level': 0.2,
 'datasets': (DatasetContainer [PFileStreamDataset@/export/data1/data/ddraper/train.ld.pfile],
              DatasetContainer [],
              DatasetContainer []),
 'epochs': 50,
 'fix_layers': [],
 'graph': False,
 'hooks': [],
 'l1_reg': '0.0',
 'l2_reg': '0.0',
 'layer_args': {},
 'layers': [1],
 'learning_rate': '0.01',
 'loss': u'mse',
 'minibatches': 2000000,
 'momentum': '',
 'noise': 'mask',
 'sparsity': 0.05,
 'sparsity_weight': 0.0,
 'validate': False,
 'verbosity': 1,
 'warn': False}
[2017-03-21 13:10:50,102] >> Reconstruction training started with da:
{'hidden_activation': u'sigmoid',
 u'loss': u'mse',
 'n_hidden': 800,
 'n_visible': 966,
 'tied_weights': True,
 'visible_activation': u'tanh'}
[2017-03-21 13:10:50,103] >> Compiling theano graph
Using gpu device 0: Tesla M2075 (CNMeM is disabled, cuDNN not available)
[2017-03-21 13:11:23,605] >> Training started
[2017-03-21 13:12:32,395] >> epoch 0/10000, average cost 83.155533
[2017-03-21 13:13:52,110] >> epoch 0/20000, average cost 42.666218
[2017-03-21 13:15:00,441] >> epoch 0/30000, average cost 33.236862
[2017-03-21 13:16:18,820] >> epoch 0/40000, average cost 28.635584
[2017-03-21 13:17:26,707] >> epoch 0/50000, average cost 26.689150
[2017-03-21 13:18:46,219] >> epoch 0/60000, average cost 24.891848
[2017-03-21 13:20:06,771] >> epoch 0/70000, average cost 23.348801
[2017-03-21 13:21:10,433] >> epoch 0/80000, average cost 22.717934
[2017-03-21 13:22:08,887] >> epoch 1/88125, average cost 34.197815
[2017-03-21 13:23:43,123] >> epoch 1/100000, average cost 18.641251
[2017-03-21 13:25:01,692] >> epoch 1/110000, average cost 17.881027
[2017-03-21 13:26:19,682] >> epoch 1/120000, average cost 17.193289
[2017-03-21 13:27:28,863] >> epoch 1/130000, average cost 16.784998
[2017-03-21 13:28:48,601] >> epoch 1/140000, average cost 15.937186
[2017-03-21 13:29:56,518] >> epoch 1/150000, average cost 15.682450
[2017-03-21 13:31:17,299] >> epoch 1/160000, average cost 15.154683
[2017-03-21 13:32:27,012] >> epoch 1/170000, average cost 14.772069
[2017-03-21 13:33:08,468] >> epoch 2/176250, average cost 16.429420
[2017-03-21 13:35:04,071] >> epoch 2/190000, average cost 14.584411
[2017-03-21 13:36:14,167] >> epoch 2/200000, average cost 14.585957
[2017-03-21 13:37:34,801] >> epoch 2/210000, average cost 14.467944
[2017-03-21 13:38:43,492] >> epoch 2/220000, average cost 14.415742
[2017-03-21 13:40:02,325] >> epoch 2/230000, average cost 14.362904
[2017-03-21 13:41:21,366] >> epoch 2/240000, average cost 14.290648
[2017-03-21 13:42:30,626] >> epoch 2/250000, average cost 14.281569
[2017-03-21 13:43:44,433] >> epoch 2/260000, average cost 14.230976
[2017-03-21 13:44:10,179] >> epoch 3/264375, average cost 14.400719
[2017-03-21 13:46:14,518] >> epoch 3/280000, average cost 14.130242
[2017-03-21 13:47:30,607] >> epoch 3/290000, average cost 14.119239
[2017-03-21 13:48:38,343] >> epoch 3/300000, average cost 14.049389
[2017-03-21 13:49:58,181] >> epoch 3/310000, average cost 13.999199
[2017-03-21 13:51:07,872] >> epoch 3/320000, average cost 13.998309
[2017-03-21 13:52:28,189] >> epoch 3/330000, average cost 13.926831
[2017-03-21 13:53:37,149] >> epoch 3/340000, average cost 13.959411
[2017-03-21 13:54:51,162] >> epoch 3/350000, average cost 13.911843
[2017-03-21 13:55:05,947] >> epoch 4/352500, average cost 14.014611
[2017-03-21 13:57:24,227] >> epoch 4/370000, average cost 13.870531
[2017-03-21 13:58:44,029] >> epoch 4/380000, average cost 13.845508
[2017-03-21 13:59:53,852] >> epoch 4/390000, average cost 13.819148
[2017-03-21 14:01:13,377] >> epoch 4/400000, average cost 13.758209
[2017-03-21 14:02:33,951] >> epoch 4/410000, average cost 13.784762
[2017-03-21 14:03:43,047] >> epoch 4/420000, average cost 13.711528
[2017-03-21 14:05:03,992] >> epoch 4/430000, average cost 13.761065
[2017-03-21 14:06:08,494] >> epoch 4/440000, average cost 13.708109
[2017-03-21 14:06:12,178] >> epoch 5/440625, average cost 13.786115
[2017-03-21 14:08:56,992] >> epoch 5/460000, average cost 13.704510
[2017-03-21 14:10:07,456] >> epoch 5/470000, average cost 13.651186
[2017-03-21 14:11:29,764] >> epoch 5/480000, average cost 13.650980
[2017-03-21 14:12:39,516] >> epoch 5/490000, average cost 13.596472
[2017-03-21 14:14:00,109] >> epoch 5/500000, average cost 13.611927
[2017-03-21 14:15:10,158] >> epoch 5/510000, average cost 13.556660
[2017-03-21 14:16:31,681] >> epoch 5/520000, average cost 13.606797
[2017-03-21 14:17:29,861] >> epoch 6/528750, average cost 13.621393
[2017-03-21 14:19:01,927] >> epoch 6/540000, average cost 13.502025
[2017-03-21 14:20:22,423] >> epoch 6/550000, average cost 13.567393
[2017-03-21 14:21:31,363] >> epoch 6/560000, average cost 13.500628
[2017-03-21 14:22:53,026] >> epoch 6/570000, average cost 13.512120
[2017-03-21 14:24:14,362] >> epoch 6/580000, average cost 13.464798
[2017-03-21 14:25:24,705] >> epoch 6/590000, average cost 13.469239
[2017-03-21 14:26:46,453] >> epoch 6/600000, average cost 13.442320
[2017-03-21 14:27:57,574] >> epoch 6/610000, average cost 13.467884
[2017-03-21 14:28:44,763] >> epoch 7/616875, average cost 13.486814
[2017-03-21 14:30:41,460] >> epoch 7/630000, average cost 13.384706
[2017-03-21 14:31:52,089] >> epoch 7/640000, average cost 13.445794
[2017-03-21 14:33:13,629] >> epoch 7/650000, average cost 13.379581
[2017-03-21 14:34:24,328] >> epoch 7/660000, average cost 13.380541
[2017-03-21 14:35:47,036] >> epoch 7/670000, average cost 13.364270
[2017-03-21 14:36:58,696] >> epoch 7/680000, average cost 13.333725
[2017-03-21 14:38:21,129] >> epoch 7/690000, average cost 13.346993
[2017-03-21 14:39:38,020] >> epoch 7/700000, average cost 13.342497
[2017-03-21 14:40:07,553] >> epoch 8/705000, average cost 13.370079
[2017-03-21 14:42:14,484] >> epoch 8/720000, average cost 13.300456
[2017-03-21 14:43:24,635] >> epoch 8/730000, average cost 13.331985
[2017-03-21 14:44:45,842] >> epoch 8/740000, average cost 13.283134
[2017-03-21 14:46:07,847] >> epoch 8/750000, average cost 13.262647
[2017-03-21 14:47:18,181] >> epoch 8/760000, average cost 13.273448
[2017-03-21 14:48:38,410] >> epoch 8/770000, average cost 13.225397
[2017-03-21 14:49:47,461] >> epoch 8/780000, average cost 13.261056
[2017-03-21 14:51:03,331] >> epoch 8/790000, average cost 13.236683
[2017-03-21 14:51:21,723] >> epoch 9/793125, average cost 13.269768
[2017-03-21 14:53:37,894] >> epoch 9/810000, average cost 13.228150
[2017-03-21 14:54:58,858] >> epoch 9/820000, average cost 13.218733
[2017-03-21 14:56:08,628] >> epoch 9/830000, average cost 13.202825
[2017-03-21 14:57:29,611] >> epoch 9/840000, average cost 13.162332
[2017-03-21 14:58:40,395] >> epoch 9/850000, average cost 13.191477
[2017-03-21 15:00:02,134] >> epoch 9/860000, average cost 13.132533
[2017-03-21 15:01:24,947] >> epoch 9/870000, average cost 13.185800
[2017-03-21 15:02:29,883] >> epoch 9/880000, average cost 13.149781
[2017-03-21 15:02:37,230] >> epoch 10/881250, average cost 13.182443
[2017-03-21 15:05:03,466] >> epoch 10/900000, average cost 13.159830
[2017-03-21 15:06:25,375] >> epoch 10/910000, average cost 13.123278
[2017-03-21 15:07:47,251] >> epoch 10/920000, average cost 13.133936
[2017-03-21 15:08:57,603] >> epoch 10/930000, average cost 13.082991
[2017-03-21 15:10:20,628] >> epoch 10/940000, average cost 13.107769
[2017-03-21 15:11:32,308] >> epoch 10/950000, average cost 13.057300
[2017-03-21 15:12:56,267] >> epoch 10/960000, average cost 13.109753
[2017-03-21 15:13:58,046] >> epoch 11/969375, average cost 13.105633
[2017-03-21 15:15:27,106] >> epoch 11/980000, average cost 13.026264
[2017-03-21 15:16:48,550] >> epoch 11/990000, average cost 13.093417
[2017-03-21 15:17:58,831] >> epoch 11/1000000, average cost 13.035500
[2017-03-21 15:19:19,971] >> epoch 11/1010000, average cost 13.057154
[2017-03-21 15:20:30,010] >> epoch 11/1020000, average cost 13.014018
[2017-03-21 15:21:52,137] >> epoch 11/1030000, average cost 13.022145
[2017-03-21 15:23:13,641] >> epoch 11/1040000, average cost 12.992850
[2017-03-21 15:24:24,613] >> epoch 11/1050000, average cost 13.033978
[2017-03-21 15:25:15,027] >> epoch 12/1057500, average cost 13.031597
[2017-03-21 15:26:58,778] >> epoch 12/1070000, average cost 12.954779
[2017-03-21 15:28:20,580] >> epoch 12/1080000, average cost 13.028939
[2017-03-21 15:29:42,054] >> epoch 12/1090000, average cost 12.958140
[2017-03-21 15:30:52,570] >> epoch 12/1100000, average cost 12.977334
[2017-03-21 15:32:13,932] >> epoch 12/1110000, average cost 12.951872
[2017-03-21 15:33:24,027] >> epoch 12/1120000, average cost 12.937730
[2017-03-21 15:34:44,844] >> epoch 12/1130000, average cost 12.938343
[2017-03-21 15:35:55,073] >> epoch 12/1140000, average cost 12.948899
[2017-03-21 15:36:33,746] >> epoch 13/1145625, average cost 12.959628
[2017-03-21 15:38:36,642] >> epoch 13/1160000, average cost 12.904857
[2017-03-21 15:39:46,991] >> epoch 13/1170000, average cost 12.946718
[2017-03-21 15:41:07,994] >> epoch 13/1180000, average cost 12.896071
[2017-03-21 15:42:18,315] >> epoch 13/1190000, average cost 12.890059
[2017-03-21 15:43:40,585] >> epoch 13/1200000, average cost 12.892838
[2017-03-21 15:45:02,485] >> epoch 13/1210000, average cost 12.854117
[2017-03-21 15:46:13,153] >> epoch 13/1220000, average cost 12.886894
[2017-03-21 15:47:29,476] >> epoch 13/1230000, average cost 12.871909
[2017-03-21 15:47:51,600] >> epoch 14/1233750, average cost 12.890473
[2017-03-21 15:50:03,738] >> epoch 14/1250000, average cost 12.856056
[2017-03-21 15:51:25,288] >> epoch 14/1260000, average cost 12.859488
[2017-03-21 15:52:34,478] >> epoch 14/1270000, average cost 12.834153
[2017-03-21 15:53:55,908] >> epoch 14/1280000, average cost 12.810827
[2017-03-21 15:55:06,085] >> epoch 14/1290000, average cost 12.827691
[2017-03-21 15:56:27,595] >> epoch 14/1300000, average cost 12.775533
[2017-03-21 15:57:38,158] >> epoch 14/1310000, average cost 12.823046
[2017-03-21 15:58:55,654] >> epoch 14/1320000, average cost 12.792048
[2017-03-21 15:59:06,663] >> epoch 15/1321875, average cost 12.819980
[2017-03-21 16:01:32,165] >> epoch 15/1340000, average cost 12.797550
[2017-03-21 16:02:54,271] >> epoch 15/1350000, average cost 12.769097
[2017-03-21 16:04:05,004] >> epoch 15/1360000, average cost 12.778703
[2017-03-21 16:05:26,334] >> epoch 15/1370000, average cost 12.732422
[2017-03-21 16:06:48,466] >> epoch 15/1380000, average cost 12.756570
[2017-03-21 16:07:58,892] >> epoch 15/1390000, average cost 12.705227
[2017-03-21 16:09:22,058] >> epoch 15/1400000, average cost 12.755920
[2017-03-21 16:10:26,512] >> epoch 15/1410000, average cost 12.722391
[2017-03-21 16:10:26,521] >> epoch 16/1410000, average cost 12.751167
[2017-03-21 16:11:51,962] >> epoch 16/1420000, average cost 12.675226
[2017-03-21 16:13:14,694] >> epoch 16/1430000, average cost 12.744015
[2017-03-21 16:14:25,200] >> epoch 16/1440000, average cost 12.688846
[2017-03-21 16:15:47,014] >> epoch 16/1450000, average cost 12.710205
[2017-03-21 16:16:57,627] >> epoch 16/1460000, average cost 12.664469
[2017-03-21 16:18:20,406] >> epoch 16/1470000, average cost 12.677802
[2017-03-21 16:19:41,895] >> epoch 16/1480000, average cost 12.642830
[2017-03-21 16:20:51,880] >> epoch 16/1490000, average cost 12.688630
[2017-03-21 16:21:44,840] >> epoch 17/1498125, average cost 12.683738
[2017-03-21 16:23:20,796] >> epoch 17/1510000, average cost 12.610513
[2017-03-21 16:24:42,974] >> epoch 17/1520000, average cost 12.683194
[2017-03-21 16:26:04,137] >> epoch 17/1530000, average cost 12.617492
[2017-03-21 16:27:14,374] >> epoch 17/1540000, average cost 12.643702
[2017-03-21 16:28:37,422] >> epoch 17/1550000, average cost 12.612635
[2017-03-21 16:29:47,475] >> epoch 17/1560000, average cost 12.606062
[2017-03-21 16:31:10,170] >> epoch 17/1570000, average cost 12.594984
[2017-03-21 16:32:22,136] >> epoch 17/1580000, average cost 12.615457
[2017-03-21 16:33:05,795] >> epoch 18/1586250, average cost 12.620712
[2017-03-21 16:35:06,757] >> epoch 18/1600000, average cost 12.565158
[2017-03-21 16:36:16,735] >> epoch 18/1610000, average cost 12.616122
[2017-03-21 16:37:38,493] >> epoch 18/1620000, average cost 12.562975
[2017-03-21 16:38:48,802] >> epoch 18/1630000, average cost 12.568013
[2017-03-21 16:40:10,614] >> epoch 18/1640000, average cost 12.562852
[2017-03-21 16:41:33,730] >> epoch 18/1650000, average cost 12.528728
[2017-03-21 16:42:41,888] >> epoch 18/1660000, average cost 12.555029
[2017-03-21 16:43:34,144] >> epoch 18/1670000, average cost 12.546528
[2017-03-21 16:44:00,188] >> epoch 19/1674375, average cost 12.560820
[2017-03-21 16:45:57,868] >> epoch 19/1690000, average cost 12.529096
[2017-03-21 16:47:11,599] >> epoch 19/1700000, average cost 12.543693
[2017-03-21 16:48:17,836] >> epoch 19/1710000, average cost 12.512647
[2017-03-21 16:49:32,202] >> epoch 19/1720000, average cost 12.497664
[2017-03-21 16:50:37,810] >> epoch 19/1730000, average cost 12.510182
[2017-03-21 16:51:50,491] >> epoch 19/1740000, average cost 12.466538
[2017-03-21 16:52:55,620] >> epoch 19/1750000, average cost 12.506653
[2017-03-21 16:54:02,853] >> epoch 19/1760000, average cost 12.480187
[2017-03-21 16:54:17,596] >> epoch 20/1762500, average cost 12.503629
[2017-03-21 16:56:25,290] >> epoch 20/1780000, average cost 12.489085
[2017-03-21 16:57:39,093] >> epoch 20/1790000, average cost 12.474236
[2017-03-21 16:58:45,331] >> epoch 20/1800000, average cost 12.472238
[2017-03-21 16:59:55,200] >> epoch 20/1810000, average cost 12.433905
[2017-03-21 17:01:01,302] >> epoch 20/1820000, average cost 12.459945
[2017-03-21 17:02:03,500] >> epoch 20/1830000, average cost 12.406627
[2017-03-21 17:03:09,006] >> epoch 20/1840000, average cost 12.461132
[2017-03-21 17:04:04,477] >> epoch 20/1850000, average cost 12.426954
[2017-03-21 17:04:08,092] >> epoch 21/1850625, average cost 12.450969
[2017-03-21 17:05:59,519] >> epoch 21/1870000, average cost 12.452460
[2017-03-21 17:06:56,554] >> epoch 21/1880000, average cost 12.408154
[2017-03-21 17:07:51,772] >> epoch 21/1890000, average cost 12.425425
[2017-03-21 17:08:49,575] >> epoch 21/1900000, average cost 12.383218
[2017-03-21 17:09:46,327] >> epoch 21/1910000, average cost 12.401879
[2017-03-21 17:10:45,496] >> epoch 21/1920000, average cost 12.362026
[2017-03-21 17:11:42,876] >> epoch 21/1930000, average cost 12.410978
[2017-03-21 17:12:27,995] >> epoch 22/1938750, average cost 12.401172
[2017-03-21 17:13:38,278] >> epoch 22/1950000, average cost 12.338830
[2017-03-21 17:14:35,270] >> epoch 22/1960000, average cost 12.411155
[2017-03-21 17:15:34,111] >> epoch 22/1970000, average cost 12.351122
[2017-03-21 17:16:31,896] >> epoch 22/1980000, average cost 12.380313
[2017-03-21 17:17:28,456] >> epoch 22/1990000, average cost 12.343987
[2017-03-21 17:18:25,916] >> epoch 22/2000000, average cost 12.347983
[2017-03-21 17:18:25,929] >> epoch 23/2000000, average cost 12.361536
[2017-03-21 17:18:25,944] >> Training finished in 4:07:02.336454
[2017-03-21 17:18:33,405] >> Loading model
[2017-03-21 17:18:33,552] >> Loading datasets
[2017-03-21 17:18:33,554] >> Reconstruction training started with arguments:
{'activation_noise': None,
 'adadelta': False,
 'adadelta_epsilon': '1e-6',
 'adadelta_rho': '0.95',
 'adagrad': False,
 'adagrad_decay': False,
 'batch_size': 128,
 'ce_sparsity': 0.01,
 'ce_sparsity_weight': 0.0,
 'compound': False,
 'corruption_level': 0.2,
 'datasets': (DatasetContainer [PFileStreamDataset@/export/data1/data/ddraper/train.ld.pfile],
              DatasetContainer [],
              DatasetContainer []),
 'epochs': 50,
 'fix_layers': [],
 'graph': False,
 'hooks': [],
 'l1_reg': '0.0',
 'l2_reg': '0.0',
 'layer_args': {1: {}},
 'layers': [2],
 'learning_rate': '0.01',
 'loss': 'crossentropy',
 'minibatches': 2000000,
 'momentum': '',
 'noise': 'mask',
 'sparsity': 0.05,
 'sparsity_weight': 0.0,
 'validate': False,
 'verbosity': 1,
 'warn': False}
[2017-03-21 17:18:33,554] >> Reconstruction training started with da:
{'hidden_activation': u'sigmoid',
 'n_hidden': 600,
 'n_visible': 800,
 'tied_weights': True,
 'visible_activation': u'sigmoid'}
[2017-03-21 17:18:33,554] >> Compiling theano graph
Using gpu device 0: Tesla M2075 (CNMeM is disabled, cuDNN not available)
[2017-03-21 17:18:57,571] >> Training started
[2017-03-21 17:19:50,943] >> epoch 0/10000, average cost 235.172501
[2017-03-21 17:20:43,546] >> epoch 0/20000, average cost 231.087494
[2017-03-21 17:21:39,007] >> epoch 0/30000, average cost 229.574448
[2017-03-21 17:22:36,971] >> epoch 0/40000, average cost 229.501297
[2017-03-21 17:23:30,094] >> epoch 0/50000, average cost 229.053253
[2017-03-21 17:24:27,187] >> epoch 0/60000, average cost 228.936630
[2017-03-21 17:25:23,200] >> epoch 0/70000, average cost 228.858200
[2017-03-21 17:26:18,748] >> epoch 0/80000, average cost 228.995102
[2017-03-21 17:26:58,226] >> epoch 1/88125, average cost 230.023178
[2017-03-21 17:28:12,367] >> epoch 1/100000, average cost 228.394424
[2017-03-21 17:29:10,496] >> epoch 1/110000, average cost 229.256546
[2017-03-21 17:30:09,310] >> epoch 1/120000, average cost 228.372406
[2017-03-21 17:31:03,472] >> epoch 1/130000, average cost 228.821899
[2017-03-21 17:32:01,820] >> epoch 1/140000, average cost 228.468582
[2017-03-21 17:32:56,233] >> epoch 1/150000, average cost 228.439102
[2017-03-21 17:33:55,156] >> epoch 1/160000, average cost 228.547348
[2017-03-21 17:34:48,464] >> epoch 1/170000, average cost 228.626022
[2017-03-21 17:35:19,908] >> epoch 2/176250, average cost 228.605667
[2017-03-21 17:36:47,919] >> epoch 2/190000, average cost 228.259323
[2017-03-21 17:37:42,224] >> epoch 2/200000, average cost 228.982758
[2017-03-21 17:38:41,521] >> epoch 2/210000, average cost 228.225479
[2017-03-21 17:39:36,346] >> epoch 2/220000, average cost 228.539825
[2017-03-21 17:40:34,264] >> epoch 2/230000, average cost 228.340851
[2017-03-21 17:41:33,292] >> epoch 2/240000, average cost 228.252701
[2017-03-21 17:42:28,760] >> epoch 2/250000, average cost 228.495895
[2017-03-21 17:43:23,715] >> epoch 2/260000, average cost 228.481995
[2017-03-21 17:43:45,887] >> epoch 3/264375, average cost 228.434540
[2017-03-21 17:45:23,294] >> epoch 3/280000, average cost 228.355927
[2017-03-21 17:46:21,295] >> epoch 3/290000, average cost 228.715805
[2017-03-21 17:47:14,924] >> epoch 3/300000, average cost 228.222153
[2017-03-21 17:48:12,577] >> epoch 3/310000, average cost 228.341782
[2017-03-21 17:49:06,961] >> epoch 3/320000, average cost 228.270798
[2017-03-21 17:50:03,721] >> epoch 3/330000, average cost 228.177948
[2017-03-21 17:50:58,388] >> epoch 3/340000, average cost 228.457275
[2017-03-21 17:51:53,881] >> epoch 3/350000, average cost 228.359619
[2017-03-21 17:52:06,502] >> epoch 4/352500, average cost 228.346619
[2017-03-21 17:53:49,894] >> epoch 4/370000, average cost 228.523102
[2017-03-21 17:54:47,109] >> epoch 4/380000, average cost 228.398529
[2017-03-21 17:55:42,739] >> epoch 4/390000, average cost 228.305527
[2017-03-21 17:56:40,895] >> epoch 4/400000, average cost 228.191330
[2017-03-21 17:57:39,160] >> epoch 4/410000, average cost 228.217026
[2017-03-21 17:58:35,548] >> epoch 4/420000, average cost 228.132050
[2017-03-21 17:59:31,657] >> epoch 4/430000, average cost 228.417969
[2017-03-21 18:00:21,340] >> epoch 4/440000, average cost 228.285400
[2017-03-21 18:00:24,393] >> epoch 5/440625, average cost 228.284576
[2017-03-21 18:02:23,386] >> epoch 5/460000, average cost 228.683868
[2017-03-21 18:03:18,691] >> epoch 5/470000, average cost 228.117325
[2017-03-21 18:04:19,144] >> epoch 5/480000, average cost 228.342545
[2017-03-21 18:05:14,401] >> epoch 5/490000, average cost 228.114243
[2017-03-21 18:06:14,527] >> epoch 5/500000, average cost 228.143753
[2017-03-21 18:07:09,022] >> epoch 5/510000, average cost 228.131195
[2017-03-21 18:08:08,972] >> epoch 5/520000, average cost 228.352951
[2017-03-21 18:08:53,242] >> epoch 6/528750, average cost 228.232574
[2017-03-21 18:10:05,112] >> epoch 6/540000, average cost 227.889923
[2017-03-21 18:11:04,366] >> epoch 6/550000, average cost 228.726624
[2017-03-21 18:12:00,336] >> epoch 6/560000, average cost 227.953247
[2017-03-21 18:13:00,574] >> epoch 6/570000, average cost 228.373230
[2017-03-21 18:13:59,622] >> epoch 6/580000, average cost 228.071152
[2017-03-21 18:14:55,429] >> epoch 6/590000, average cost 228.065170
[2017-03-21 18:15:55,367] >> epoch 6/600000, average cost 228.165802
[2017-03-21 18:16:50,031] >> epoch 6/610000, average cost 228.278549
[2017-03-21 18:17:24,452] >> epoch 7/616875, average cost 228.185165
[2017-03-21 18:18:48,274] >> epoch 7/630000, average cost 227.864120
[2017-03-21 18:19:43,384] >> epoch 7/640000, average cost 228.716782
[2017-03-21 18:20:42,898] >> epoch 7/650000, average cost 227.923050
[2017-03-21 18:21:37,947] >> epoch 7/660000, average cost 228.275497
[2017-03-21 18:22:36,028] >> epoch 7/670000, average cost 228.049927
[2017-03-21 18:23:32,583] >> epoch 7/680000, average cost 227.970245
[2017-03-21 18:24:32,236] >> epoch 7/690000, average cost 228.192703
[2017-03-21 18:25:27,709] >> epoch 7/700000, average cost 228.224075
[2017-03-21 18:25:52,960] >> epoch 8/705000, average cost 228.140396
[2017-03-21 18:27:26,719] >> epoch 8/720000, average cost 228.019623
[2017-03-21 18:28:22,069] >> epoch 8/730000, average cost 228.532593
[2017-03-21 18:29:21,532] >> epoch 8/740000, average cost 227.926544
[2017-03-21 18:30:19,918] >> epoch 8/750000, average cost 228.142151
[2017-03-21 18:31:15,214] >> epoch 8/760000, average cost 228.002899
[2017-03-21 18:32:13,711] >> epoch 8/770000, average cost 227.943542
[2017-03-21 18:33:09,057] >> epoch 8/780000, average cost 228.202179
[2017-03-21 18:34:05,560] >> epoch 8/790000, average cost 228.123672
[2017-03-21 18:34:21,495] >> epoch 9/793125, average cost 228.097290
[2017-03-21 18:36:04,949] >> epoch 9/810000, average cost 228.231277
[2017-03-21 18:37:06,652] >> epoch 9/820000, average cost 228.233124
[2017-03-21 18:38:00,895] >> epoch 9/830000, average cost 228.018494
[2017-03-21 18:39:00,764] >> epoch 9/840000, average cost 228.001251
[2017-03-21 18:39:56,233] >> epoch 9/850000, average cost 227.994904
[2017-03-21 18:40:54,676] >> epoch 9/860000, average cost 227.897552
[2017-03-21 18:41:53,943] >> epoch 9/870000, average cost 228.194504
[2017-03-21 18:42:46,282] >> epoch 9/880000, average cost 228.060028
[2017-03-21 18:42:52,450] >> epoch 10/881250, average cost 228.056854
[2017-03-21 18:44:47,093] >> epoch 10/900000, average cost 228.419876
[2017-03-21 18:45:47,236] >> epoch 10/910000, average cost 227.948547
[2017-03-21 18:46:48,421] >> epoch 10/920000, average cost 228.131119
[2017-03-21 18:47:44,440] >> epoch 10/930000, average cost 227.902878
[2017-03-21 18:48:43,043] >> epoch 10/940000, average cost 227.934555
[2017-03-21 18:49:39,031] >> epoch 10/950000, average cost 227.899078
[2017-03-21 18:50:39,365] >> epoch 10/960000, average cost 228.154648
[2017-03-21 18:51:28,505] >> epoch 11/969375, average cost 228.022400
[2017-03-21 18:52:37,287] >> epoch 11/980000, average cost 227.681702
[2017-03-21 18:53:39,732] >> epoch 11/990000, average cost 228.503494
[2017-03-21 18:54:35,951] >> epoch 11/1000000, average cost 227.794678
[2017-03-21 18:55:38,452] >> epoch 11/1010000, average cost 228.146179
[2017-03-21 18:56:36,412] >> epoch 11/1020000, average cost 227.880722
[2017-03-21 18:57:35,918] >> epoch 11/1030000, average cost 227.880203
[2017-03-21 18:58:36,775] >> epoch 11/1040000, average cost 227.951508
[2017-03-21 18:59:33,369] >> epoch 11/1050000, average cost 228.103043
[2017-03-21 19:00:10,866] >> epoch 12/1057500, average cost 227.991745
[2017-03-21 19:01:27,091] >> epoch 12/1070000, average cost 227.634476
[2017-03-21 19:02:28,523] >> epoch 12/1080000, average cost 228.561218
[2017-03-21 19:03:30,256] >> epoch 12/1090000, average cost 227.719543
[2017-03-21 19:04:25,444] >> epoch 12/1100000, average cost 228.127747
[2017-03-21 19:05:27,877] >> epoch 12/1110000, average cost 227.859024
[2017-03-21 19:06:22,393] >> epoch 12/1120000, average cost 227.831924
[2017-03-21 19:07:24,274] >> epoch 12/1130000, average cost 227.997131
[2017-03-21 19:08:19,240] >> epoch 12/1140000, average cost 228.052750
[2017-03-21 19:08:49,151] >> epoch 13/1145625, average cost 227.964615
[2017-03-21 19:10:22,636] >> epoch 13/1160000, average cost 227.800430
[2017-03-21 19:11:17,881] >> epoch 13/1170000, average cost 228.416229
[2017-03-21 19:12:19,344] >> epoch 13/1180000, average cost 227.743851
[2017-03-21 19:13:14,348] >> epoch 13/1190000, average cost 228.014069
[2017-03-21 19:14:14,761] >> epoch 13/1200000, average cost 227.854843
[2017-03-21 19:15:13,780] >> epoch 13/1210000, average cost 227.773651
[2017-03-21 19:16:08,512] >> epoch 13/1220000, average cost 228.047668
[2017-03-21 19:17:03,819] >> epoch 13/1230000, average cost 227.992279
[2017-03-21 19:17:23,137] >> epoch 14/1233750, average cost 227.941635
[2017-03-21 19:19:08,747] >> epoch 14/1250000, average cost 228.004456
[2017-03-21 19:20:08,349] >> epoch 14/1260000, average cost 228.180847
[2017-03-21 19:21:03,699] >> epoch 14/1270000, average cost 227.822525
[2017-03-21 19:22:05,830] >> epoch 14/1280000, average cost 227.907700
[2017-03-21 19:23:01,852] >> epoch 14/1290000, average cost 227.850281
[2017-03-21 19:24:01,232] >> epoch 14/1300000, average cost 227.775574
[2017-03-21 19:24:56,824] >> epoch 14/1310000, average cost 228.043579
[2017-03-21 19:25:54,211] >> epoch 14/1320000, average cost 227.917053
[2017-03-21 19:26:03,779] >> epoch 15/1321875, average cost 227.919479
[2017-03-21 19:27:56,016] >> epoch 15/1340000, average cost 228.203751
[2017-03-21 19:28:56,182] >> epoch 15/1350000, average cost 227.910721
[2017-03-21 19:29:52,467] >> epoch 15/1360000, average cost 227.974503
[2017-03-21 19:30:53,692] >> epoch 15/1370000, average cost 227.781021
[2017-03-21 19:31:53,860] >> epoch 15/1380000, average cost 227.831650
[2017-03-21 19:32:49,435] >> epoch 15/1390000, average cost 227.787155
[2017-03-21 19:33:48,988] >> epoch 15/1400000, average cost 228.024323
[2017-03-21 19:34:40,067] >> epoch 15/1410000, average cost 227.904007
[2017-03-21 19:34:40,078] >> epoch 16/1410000, average cost 227.899170
[2017-03-21 19:35:44,020] >> epoch 16/1420000, average cost 227.570526
[2017-03-21 19:36:44,807] >> epoch 16/1430000, average cost 228.371704
[2017-03-21 19:37:40,264] >> epoch 16/1440000, average cost 227.719620
[2017-03-21 19:38:40,714] >> epoch 16/1450000, average cost 228.018295
[2017-03-21 19:39:35,532] >> epoch 16/1460000, average cost 227.764832
[2017-03-21 19:40:35,332] >> epoch 16/1470000, average cost 227.763626
[2017-03-21 19:41:36,631] >> epoch 16/1480000, average cost 227.826782
[2017-03-21 19:42:32,743] >> epoch 16/1490000, average cost 228.009872
[2017-03-21 19:43:13,529] >> epoch 17/1498125, average cost 227.881119
[2017-03-21 19:44:22,324] >> epoch 17/1510000, average cost 227.550201
[2017-03-21 19:45:22,464] >> epoch 17/1520000, average cost 228.429123
[2017-03-21 19:46:21,745] >> epoch 17/1530000, average cost 227.596298
[2017-03-21 19:47:16,825] >> epoch 17/1540000, average cost 228.066422
[2017-03-21 19:48:17,253] >> epoch 17/1550000, average cost 227.757706
[2017-03-21 19:49:14,302] >> epoch 17/1560000, average cost 227.733231
[2017-03-21 19:50:12,931] >> epoch 17/1570000, average cost 227.889603
[2017-03-21 19:51:08,454] >> epoch 17/1580000, average cost 227.958893
[2017-03-21 19:51:39,874] >> epoch 18/1586250, average cost 227.864944
[2017-03-21 19:53:08,420] >> epoch 18/1600000, average cost 227.658905
[2017-03-21 19:54:04,057] >> epoch 18/1610000, average cost 228.361603
[2017-03-21 19:55:04,132] >> epoch 18/1620000, average cost 227.639999
[2017-03-21 19:55:58,408] >> epoch 18/1630000, average cost 227.951721
[2017-03-21 19:56:57,130] >> epoch 18/1640000, average cost 227.755676
[2017-03-21 19:57:56,376] >> epoch 18/1650000, average cost 227.693848
[2017-03-21 19:58:51,611] >> epoch 18/1660000, average cost 227.947601
[2017-03-21 19:59:46,816] >> epoch 18/1670000, average cost 227.913849
[2017-03-21 20:00:09,083] >> epoch 19/1674375, average cost 227.849991
[2017-03-21 20:01:42,811] >> epoch 19/1690000, average cost 227.842575
[2017-03-21 20:02:42,124] >> epoch 19/1700000, average cost 228.202103
[2017-03-21 20:03:36,352] >> epoch 19/1710000, average cost 227.691406
[2017-03-21 20:04:36,479] >> epoch 19/1720000, average cost 227.846848
[2017-03-21 20:05:31,374] >> epoch 19/1730000, average cost 227.745773
[2017-03-21 20:06:31,436] >> epoch 19/1740000, average cost 227.693954
[2017-03-21 20:07:26,812] >> epoch 19/1750000, average cost 227.964401
[2017-03-21 20:08:22,936] >> epoch 19/1760000, average cost 227.863449
[2017-03-21 20:08:35,833] >> epoch 20/1762500, average cost 227.835739
[2017-03-21 20:10:22,993] >> epoch 20/1780000, average cost 228.056076
[2017-03-21 20:11:24,901] >> epoch 20/1790000, average cost 227.925369
[2017-03-21 20:12:20,551] >> epoch 20/1800000, average cost 227.824249
[2017-03-21 20:13:19,852] >> epoch 20/1810000, average cost 227.747604
[2017-03-21 20:14:19,255] >> epoch 20/1820000, average cost 227.747894
[2017-03-21 20:15:15,830] >> epoch 20/1830000, average cost 227.682770
[2017-03-21 20:16:15,055] >> epoch 20/1840000, average cost 227.954895
[2017-03-21 20:17:05,216] >> epoch 20/1850000, average cost 227.837982
[2017-03-21 20:17:08,436] >> epoch 21/1850625, average cost 227.820007
[2017-03-21 20:19:10,180] >> epoch 21/1870000, average cost 228.255875
[2017-03-21 20:20:05,271] >> epoch 21/1880000, average cost 227.677582
[2017-03-21 20:21:06,997] >> epoch 21/1890000, average cost 227.912231
[2017-03-21 20:22:01,939] >> epoch 21/1900000, average cost 227.680695
[2017-03-21 20:23:02,495] >> epoch 21/1910000, average cost 227.725830
[2017-03-21 20:23:58,864] >> epoch 21/1920000, average cost 227.710693
[2017-03-21 20:24:59,740] >> epoch 21/1930000, average cost 227.961426
[2017-03-21 20:25:44,462] >> epoch 22/1938750, average cost 227.804459
[2017-03-21 20:26:57,031] >> epoch 22/1950000, average cost 227.486099
[2017-03-21 20:27:58,395] >> epoch 22/1960000, average cost 228.321579
[2017-03-21 20:28:54,704] >> epoch 22/1970000, average cost 227.552551
[2017-03-21 20:29:54,699] >> epoch 22/1980000, average cost 227.972427
[2017-03-21 20:30:54,076] >> epoch 22/1990000, average cost 227.676346
[2017-03-21 20:31:49,240] >> epoch 22/2000000, average cost 227.676056
[2017-03-21 20:31:49,252] >> epoch 23/2000000, average cost 227.774643
[2017-03-21 20:31:49,266] >> Training finished in 3:12:51.694178
[2017-03-21 20:32:00,237] >> Loading model
[2017-03-21 20:32:00,354] >> Loading datasets
[2017-03-21 20:32:00,357] >> Reconstruction training started with arguments:
{'activation_noise': None,
 'adadelta': False,
 'adadelta_epsilon': '1e-6',
 'adadelta_rho': '0.95',
 'adagrad': False,
 'adagrad_decay': False,
 'batch_size': 128,
 'ce_sparsity': 0.01,
 'ce_sparsity_weight': 0.0,
 'compound': False,
 'corruption_level': 0.2,
 'datasets': (DatasetContainer [PFileStreamDataset@/export/data1/data/ddraper/train.ld.pfile],
              DatasetContainer [],
              DatasetContainer []),
 'epochs': 50,
 'fix_layers': [],
 'graph': False,
 'hooks': [],
 'l1_reg': '0.0',
 'l2_reg': '0.0',
 'layer_args': {1: {}, 2: {}},
 'layers': [3],
 'learning_rate': '0.01',
 'loss': 'crossentropy',
 'minibatches': 2000000,
 'momentum': '',
 'noise': 'mask',
 'sparsity': 0.05,
 'sparsity_weight': 0.0,
 'validate': False,
 'verbosity': 1,
 'warn': False}
[2017-03-21 20:32:00,357] >> Reconstruction training started with da:
{'hidden_activation': u'sigmoid',
 'n_hidden': 400,
 'n_visible': 600,
 'tied_weights': True,
 'visible_activation': u'sigmoid'}
[2017-03-21 20:32:00,357] >> Compiling theano graph
Using gpu device 0: Tesla M2075 (CNMeM is disabled, cuDNN not available)
[2017-03-21 20:32:27,805] >> Training started
[2017-03-21 20:33:20,076] >> epoch 0/10000, average cost 285.822601
[2017-03-21 20:34:17,868] >> epoch 0/20000, average cost 280.342285
[2017-03-21 20:35:10,924] >> epoch 0/30000, average cost 279.285645
[2017-03-21 20:36:08,359] >> epoch 0/40000, average cost 278.893188
[2017-03-21 20:37:00,564] >> epoch 0/50000, average cost 278.804443
[2017-03-21 20:37:57,715] >> epoch 0/60000, average cost 278.490204
[2017-03-21 20:38:56,572] >> epoch 0/70000, average cost 278.266632
[2017-03-21 20:39:49,711] >> epoch 0/80000, average cost 278.276489
[2017-03-21 20:40:29,115] >> epoch 1/88125, average cost 279.616974
[2017-03-21 20:41:41,652] >> epoch 1/100000, average cost 278.099762
[2017-03-21 20:42:39,904] >> epoch 1/110000, average cost 278.059662
[2017-03-21 20:43:38,467] >> epoch 1/120000, average cost 277.900085
[2017-03-21 20:44:31,684] >> epoch 1/130000, average cost 277.875214
[2017-03-21 20:45:30,000] >> epoch 1/140000, average cost 277.919586
[2017-03-21 20:46:22,641] >> epoch 1/150000, average cost 277.640869
[2017-03-21 20:47:18,993] >> epoch 1/160000, average cost 277.541199
[2017-03-21 20:48:11,415] >> epoch 1/170000, average cost 277.552704
[2017-03-21 20:48:41,650] >> epoch 2/176250, average cost 277.799194
[2017-03-21 20:50:09,943] >> epoch 2/190000, average cost 277.476562
[2017-03-21 20:51:04,032] >> epoch 2/200000, average cost 277.441833
[2017-03-21 20:52:03,072] >> epoch 2/210000, average cost 277.321350
[2017-03-21 20:52:56,859] >> epoch 2/220000, average cost 277.342896
[2017-03-21 20:53:53,604] >> epoch 2/230000, average cost 277.380127
[2017-03-21 20:54:52,583] >> epoch 2/240000, average cost 277.132294
[2017-03-21 20:55:44,777] >> epoch 2/250000, average cost 277.101898
[2017-03-21 20:56:38,313] >> epoch 2/260000, average cost 277.085785
[2017-03-21 20:56:58,938] >> epoch 3/264375, average cost 277.276642
[2017-03-21 20:58:34,213] >> epoch 3/280000, average cost 277.109131
[2017-03-21 20:59:31,208] >> epoch 3/290000, average cost 277.058136
[2017-03-21 21:00:24,093] >> epoch 3/300000, average cost 276.987762
[2017-03-21 21:01:24,535] >> epoch 3/310000, average cost 277.042389
[2017-03-21 21:02:17,158] >> epoch 3/320000, average cost 277.050537
[2017-03-21 21:03:14,536] >> epoch 3/330000, average cost 276.818787
[2017-03-21 21:04:06,964] >> epoch 3/340000, average cost 276.854736
[2017-03-21 21:05:01,383] >> epoch 3/350000, average cost 276.797699
[2017-03-21 21:05:13,093] >> epoch 4/352500, average cost 276.963745
[2017-03-21 21:06:56,404] >> epoch 4/370000, average cost 276.895660
[2017-03-21 21:07:53,983] >> epoch 4/380000, average cost 276.819489
[2017-03-21 21:08:47,337] >> epoch 4/390000, average cost 276.785034
[2017-03-21 21:09:46,660] >> epoch 4/400000, average cost 276.887360
[2017-03-21 21:10:44,793] >> epoch 4/410000, average cost 276.813995
[2017-03-21 21:11:38,476] >> epoch 4/420000, average cost 276.622101
[2017-03-21 21:12:36,636] >> epoch 4/430000, average cost 276.697937
[2017-03-21 21:13:24,432] >> epoch 4/440000, average cost 276.610748
[2017-03-21 21:13:27,390] >> epoch 5/440625, average cost 276.769684
[2017-03-21 21:15:27,124] >> epoch 5/460000, average cost 276.735229
[2017-03-21 21:16:20,318] >> epoch 5/470000, average cost 276.651825
[2017-03-21 21:17:19,485] >> epoch 5/480000, average cost 276.648376
[2017-03-21 21:18:12,471] >> epoch 5/490000, average cost 276.773071
[2017-03-21 21:19:10,101] >> epoch 5/500000, average cost 276.614105
[2017-03-21 21:20:02,604] >> epoch 5/510000, average cost 276.478485
[2017-03-21 21:21:01,424] >> epoch 5/520000, average cost 276.575287
[2017-03-21 21:21:43,638] >> epoch 6/528750, average cost 276.627075
[2017-03-21 21:22:52,828] >> epoch 6/540000, average cost 276.562286
[2017-03-21 21:23:52,550] >> epoch 6/550000, average cost 276.605133
[2017-03-21 21:24:47,109] >> epoch 6/560000, average cost 276.519012
[2017-03-21 21:25:46,744] >> epoch 6/570000, average cost 276.548615
[2017-03-21 21:26:46,767] >> epoch 6/580000, average cost 276.676971
[2017-03-21 21:27:40,668] >> epoch 6/590000, average cost 276.446777
[2017-03-21 21:28:39,071] >> epoch 6/600000, average cost 276.380310
[2017-03-21 21:29:31,299] >> epoch 6/610000, average cost 276.456787
[2017-03-21 21:30:04,912] >> epoch 7/616875, average cost 276.510742
[2017-03-21 21:31:29,373] >> epoch 7/630000, average cost 276.477966
[2017-03-21 21:32:23,275] >> epoch 7/640000, average cost 276.495331
[2017-03-21 21:33:21,892] >> epoch 7/650000, average cost 276.420990
[2017-03-21 21:34:14,508] >> epoch 7/660000, average cost 276.473969
[2017-03-21 21:35:15,352] >> epoch 7/670000, average cost 276.564850
[2017-03-21 21:36:09,103] >> epoch 7/680000, average cost 276.338715
[2017-03-21 21:37:06,844] >> epoch 7/690000, average cost 276.318115
[2017-03-21 21:38:01,545] >> epoch 7/700000, average cost 276.358459
[2017-03-21 21:38:25,151] >> epoch 8/705000, average cost 276.420166
[2017-03-21 21:39:59,088] >> epoch 8/720000, average cost 276.425140
[2017-03-21 21:40:52,629] >> epoch 8/730000, average cost 276.405518
[2017-03-21 21:41:52,996] >> epoch 8/740000, average cost 276.346527
[2017-03-21 21:42:51,247] >> epoch 8/750000, average cost 276.415710
[2017-03-21 21:43:45,031] >> epoch 8/760000, average cost 276.467438
[2017-03-21 21:44:46,686] >> epoch 8/770000, average cost 276.249146
[2017-03-21 21:45:41,904] >> epoch 8/780000, average cost 276.277710
[2017-03-21 21:46:36,715] >> epoch 8/790000, average cost 276.255951
[2017-03-21 21:46:51,361] >> epoch 9/793125, average cost 276.348328
[2017-03-21 21:48:36,752] >> epoch 9/810000, average cost 276.369049
[2017-03-21 21:49:38,563] >> epoch 9/820000, average cost 276.320160
[2017-03-21 21:50:33,436] >> epoch 9/830000, average cost 276.282745
[2017-03-21 21:51:35,276] >> epoch 9/840000, average cost 276.397156
[2017-03-21 21:52:29,386] >> epoch 9/850000, average cost 276.352203
[2017-03-21 21:53:29,802] >> epoch 9/860000, average cost 276.169342
[2017-03-21 21:54:30,852] >> epoch 9/870000, average cost 276.238586
[2017-03-21 21:55:19,672] >> epoch 9/880000, average cost 276.173035
[2017-03-21 21:55:25,528] >> epoch 10/881250, average cost 276.285431
[2017-03-21 21:57:17,179] >> epoch 10/900000, average cost 276.319214
[2017-03-21 21:58:17,688] >> epoch 10/910000, average cost 276.249939
[2017-03-21 21:59:19,575] >> epoch 10/920000, average cost 276.241089
[2017-03-21 22:00:13,551] >> epoch 10/930000, average cost 276.372375
[2017-03-21 22:01:16,011] >> epoch 10/940000, average cost 276.242188
[2017-03-21 22:02:09,483] >> epoch 10/950000, average cost 276.108002
[2017-03-21 22:03:11,316] >> epoch 10/960000, average cost 276.201294
[2017-03-21 22:03:56,137] >> epoch 11/969375, average cost 276.232513
[2017-03-21 22:05:05,745] >> epoch 11/980000, average cost 276.204224
[2017-03-21 22:06:07,900] >> epoch 11/990000, average cost 276.266022
[2017-03-21 22:07:00,840] >> epoch 11/1000000, average cost 276.190460
[2017-03-21 22:08:02,415] >> epoch 11/1010000, average cost 276.212585
[2017-03-21 22:08:55,939] >> epoch 11/1020000, average cost 276.351501
[2017-03-21 22:09:56,373] >> epoch 11/1030000, average cost 276.138306
[2017-03-21 22:10:59,995] >> epoch 11/1040000, average cost 276.062927
[2017-03-21 22:11:54,261] >> epoch 11/1050000, average cost 276.159637
[2017-03-21 22:12:30,501] >> epoch 12/1057500, average cost 276.185394
[2017-03-21 22:13:47,983] >> epoch 12/1070000, average cost 276.179688
[2017-03-21 22:14:49,550] >> epoch 12/1080000, average cost 276.216827
[2017-03-21 22:15:49,488] >> epoch 12/1090000, average cost 276.143646
[2017-03-21 22:16:42,103] >> epoch 12/1100000, average cost 276.190277
[2017-03-21 22:17:41,163] >> epoch 12/1110000, average cost 276.302155
[2017-03-21 22:18:35,458] >> epoch 12/1120000, average cost 276.079987
[2017-03-21 22:19:39,120] >> epoch 12/1130000, average cost 276.050110
[2017-03-21 22:20:32,775] >> epoch 12/1140000, average cost 276.102142
[2017-03-21 22:21:01,919] >> epoch 13/1145625, average cost 276.146912
[2017-03-21 22:22:33,852] >> epoch 13/1160000, average cost 276.162079
[2017-03-21 22:23:29,264] >> epoch 13/1170000, average cost 276.173401
[2017-03-21 22:24:30,024] >> epoch 13/1180000, average cost 276.104858
[2017-03-21 22:25:23,253] >> epoch 13/1190000, average cost 276.168640
[2017-03-21 22:26:21,156] >> epoch 13/1200000, average cost 276.248108
[2017-03-21 22:27:22,464] >> epoch 13/1210000, average cost 276.027740
[2017-03-21 22:28:14,799] >> epoch 13/1220000, average cost 276.038055
[2017-03-21 22:29:06,219] >> epoch 13/1230000, average cost 276.048187
[2017-03-21 22:29:23,983] >> epoch 14/1233750, average cost 276.113464
[2017-03-21 22:30:46,660] >> epoch 14/1250000, average cost 276.156494
[2017-03-21 22:31:42,503] >> epoch 14/1260000, average cost 276.123169
[2017-03-21 22:32:35,328] >> epoch 14/1270000, average cost 276.078430
[2017-03-21 22:33:34,579] >> epoch 14/1280000, average cost 276.179535
[2017-03-21 22:34:26,407] >> epoch 14/1290000, average cost 276.176208
[2017-03-21 22:35:24,804] >> epoch 14/1300000, average cost 275.984985
[2017-03-21 22:36:15,496] >> epoch 14/1310000, average cost 276.039886
[2017-03-21 22:37:04,308] >> epoch 14/1320000, average cost 275.992188
[2017-03-21 22:37:13,189] >> epoch 15/1321875, average cost 276.086090
[2017-03-21 22:38:41,169] >> epoch 15/1340000, average cost 276.134766
[2017-03-21 22:39:29,619] >> epoch 15/1350000, average cost 276.075684
[2017-03-21 22:40:19,747] >> epoch 15/1360000, average cost 276.061249
[2017-03-21 22:41:15,271] >> epoch 15/1370000, average cost 276.194458
[2017-03-21 22:42:10,726] >> epoch 15/1380000, average cost 276.099640
[2017-03-21 22:43:02,152] >> epoch 15/1390000, average cost 275.946411
[2017-03-21 22:43:57,338] >> epoch 15/1400000, average cost 276.031860
[2017-03-21 22:44:42,295] >> epoch 15/1410000, average cost 275.948425
[2017-03-21 22:44:42,310] >> epoch 16/1410000, average cost 276.061066
[2017-03-21 22:45:34,167] >> epoch 16/1420000, average cost 276.046692
[2017-03-21 22:46:23,751] >> epoch 16/1430000, average cost 276.116486
[2017-03-21 22:47:11,016] >> epoch 16/1440000, average cost 276.042511
[2017-03-21 22:47:58,828] >> epoch 16/1450000, average cost 276.065186
[2017-03-21 22:48:47,863] >> epoch 16/1460000, average cost 276.196167
[2017-03-21 22:49:36,228] >> epoch 16/1470000, average cost 276.019836
[2017-03-21 22:50:24,345] >> epoch 16/1480000, average cost 275.919464
[2017-03-21 22:51:11,572] >> epoch 16/1490000, average cost 276.022888
[2017-03-21 22:51:46,626] >> epoch 17/1498125, average cost 276.041565
[2017-03-21 22:52:46,936] >> epoch 17/1510000, average cost 276.044434
[2017-03-21 22:53:35,515] >> epoch 17/1520000, average cost 276.089691
[2017-03-21 22:54:23,662] >> epoch 17/1530000, average cost 276.011749
[2017-03-21 22:55:12,784] >> epoch 17/1540000, average cost 276.064636
[2017-03-21 22:56:00,362] >> epoch 17/1550000, average cost 276.182617
[2017-03-21 22:56:49,077] >> epoch 17/1560000, average cost 275.963440
[2017-03-21 22:57:39,103] >> epoch 17/1570000, average cost 275.918549
[2017-03-21 22:58:23,538] >> epoch 17/1580000, average cost 275.995819
[2017-03-21 22:58:53,338] >> epoch 18/1586250, average cost 276.022675
[2017-03-21 23:00:05,265] >> epoch 18/1600000, average cost 276.046204
[2017-03-21 23:00:52,071] >> epoch 18/1610000, average cost 276.057709
[2017-03-21 23:01:41,419] >> epoch 18/1620000, average cost 275.995605
[2017-03-21 23:02:30,173] >> epoch 18/1630000, average cost 276.059082
[2017-03-21 23:03:19,507] >> epoch 18/1640000, average cost 276.145935
[2017-03-21 23:04:09,451] >> epoch 18/1650000, average cost 275.930542
[2017-03-21 23:04:57,347] >> epoch 18/1660000, average cost 275.923523
[2017-03-21 23:05:42,177] >> epoch 18/1670000, average cost 275.952759
[2017-03-21 23:06:02,840] >> epoch 19/1674375, average cost 276.004395
[2017-03-21 23:07:22,668] >> epoch 19/1690000, average cost 276.047302
[2017-03-21 23:08:13,063] >> epoch 19/1700000, average cost 276.029358
[2017-03-21 23:09:01,903] >> epoch 19/1710000, average cost 275.980164
[2017-03-21 23:09:50,604] >> epoch 19/1720000, average cost 276.071716
[2017-03-21 23:10:38,416] >> epoch 19/1730000, average cost 276.089111
[2017-03-21 23:11:28,245] >> epoch 19/1740000, average cost 275.895111
[2017-03-21 23:12:17,664] >> epoch 19/1750000, average cost 275.933411
[2017-03-21 23:13:02,892] >> epoch 19/1760000, average cost 275.908844
[2017-03-21 23:13:14,689] >> epoch 20/1762500, average cost 275.988129
[2017-03-21 23:14:45,408] >> epoch 20/1780000, average cost 276.044250
[2017-03-21 23:15:34,647] >> epoch 20/1790000, average cost 275.989960
[2017-03-21 23:16:21,979] >> epoch 20/1800000, average cost 275.970764
[2017-03-21 23:17:11,086] >> epoch 20/1810000, average cost 276.090363
[2017-03-21 23:18:00,096] >> epoch 20/1820000, average cost 276.028992
[2017-03-21 23:18:48,591] >> epoch 20/1830000, average cost 275.862244
[2017-03-21 23:19:37,208] >> epoch 20/1840000, average cost 275.938446
[2017-03-21 23:20:20,589] >> epoch 20/1850000, average cost 275.870728
[2017-03-21 23:20:23,564] >> epoch 21/1850625, average cost 275.972137
[2017-03-21 23:22:04,109] >> epoch 21/1870000, average cost 276.033997
[2017-03-21 23:22:53,419] >> epoch 21/1880000, average cost 275.958984
[2017-03-21 23:23:41,448] >> epoch 21/1890000, average cost 275.966400
[2017-03-21 23:24:29,807] >> epoch 21/1900000, average cost 276.113037
[2017-03-21 23:25:19,780] >> epoch 21/1910000, average cost 275.954407
[2017-03-21 23:26:08,975] >> epoch 21/1920000, average cost 275.841888
[2017-03-21 23:26:59,383] >> epoch 21/1930000, average cost 275.939026
[2017-03-21 23:27:36,378] >> epoch 22/1938750, average cost 275.958069
[2017-03-21 23:28:35,899] >> epoch 22/1950000, average cost 275.957764
[2017-03-21 23:29:25,167] >> epoch 22/1960000, average cost 276.009735
[2017-03-21 23:29:58,835] >> epoch 22/1970000, average cost 275.938324
[2017-03-21 23:30:38,795] >> epoch 22/1980000, average cost 275.978760
[2017-03-21 23:31:13,377] >> epoch 22/1990000, average cost 276.114014
[2017-03-21 23:31:51,022] >> epoch 22/2000000, average cost 275.891113
[2017-03-21 23:31:51,028] >> epoch 23/2000000, average cost 275.980377
[2017-03-21 23:31:51,033] >> Training finished in 2:59:23.214376
[2017-03-21 23:31:53,172] >> Loading model
[2017-03-21 23:31:53,287] >> Loading datasets
[2017-03-21 23:31:53,289] >> Reconstruction training started with arguments:
{'activation_noise': None,
 'adadelta': False,
 'adadelta_epsilon': '1e-6',
 'adadelta_rho': '0.95',
 'adagrad': False,
 'adagrad_decay': False,
 'batch_size': 128,
 'ce_sparsity': 0.01,
 'ce_sparsity_weight': 0.0,
 'compound': False,
 'corruption_level': 0.2,
 'datasets': (DatasetContainer [PFileStreamDataset@/export/data1/data/ddraper/train.ld.pfile],
              DatasetContainer [],
              DatasetContainer []),
 'epochs': 50,
 'fix_layers': [],
 'graph': False,
 'hooks': [],
 'l1_reg': '0.0',
 'l2_reg': '0.0',
 'layer_args': {1: {}, 2: {}, 3: {}},
 'layers': [4],
 'learning_rate': '0.01',
 'loss': 'crossentropy',
 'minibatches': 2000000,
 'momentum': '',
 'noise': 'mask',
 'sparsity': 0.05,
 'sparsity_weight': 0.0,
 'validate': False,
 'verbosity': 1,
 'warn': False}
[2017-03-21 23:31:53,289] >> Reconstruction training started with da:
{'hidden_activation': u'sigmoid',
 'n_hidden': 200,
 'n_visible': 400,
 'tied_weights': True,
 'visible_activation': u'sigmoid'}
[2017-03-21 23:31:53,290] >> Compiling theano graph
Using gpu device 0: Tesla M2075 (CNMeM is disabled, cuDNN not available)
[2017-03-21 23:32:04,082] >> Training started
[2017-03-21 23:32:37,405] >> epoch 0/10000, average cost 75.411591
[2017-03-21 23:33:11,759] >> epoch 0/20000, average cost 71.532074
[2017-03-21 23:33:45,098] >> epoch 0/30000, average cost 70.353035
[2017-03-21 23:34:18,059] >> epoch 0/40000, average cost 70.252495
[2017-03-21 23:34:49,866] >> epoch 0/50000, average cost 69.806465
[2017-03-21 23:35:26,435] >> epoch 0/60000, average cost 69.727776
[2017-03-21 23:35:57,606] >> epoch 0/70000, average cost 69.600388
[2017-03-21 23:36:30,395] >> epoch 0/80000, average cost 69.759499
[2017-03-21 23:36:55,328] >> epoch 1/88125, average cost 70.698700
[2017-03-21 23:37:36,576] >> epoch 1/100000, average cost 69.289505
[2017-03-21 23:38:14,050] >> epoch 1/110000, average cost 69.861702
[2017-03-21 23:38:46,238] >> epoch 1/120000, average cost 69.277748
[2017-03-21 23:39:20,745] >> epoch 1/130000, average cost 69.547096
[2017-03-21 23:39:53,742] >> epoch 1/140000, average cost 69.248474
[2017-03-21 23:40:27,485] >> epoch 1/150000, average cost 69.191833
[2017-03-21 23:41:03,155] >> epoch 1/160000, average cost 69.261330
[2017-03-21 23:41:31,898] >> epoch 1/170000, average cost 69.385010
[2017-03-21 23:41:52,204] >> epoch 2/176250, average cost 69.379639
[2017-03-21 23:42:41,665] >> epoch 2/190000, average cost 69.079216
[2017-03-21 23:43:14,920] >> epoch 2/200000, average cost 69.585365
[2017-03-21 23:43:48,414] >> epoch 2/210000, average cost 69.096710
[2017-03-21 23:44:20,236] >> epoch 2/220000, average cost 69.248154
[2017-03-21 23:44:56,788] >> epoch 2/230000, average cost 69.062241
[2017-03-21 23:45:28,847] >> epoch 2/240000, average cost 68.967232
[2017-03-21 23:46:03,456] >> epoch 2/250000, average cost 69.181061
[2017-03-21 23:46:33,489] >> epoch 2/260000, average cost 69.202789
[2017-03-21 23:46:46,970] >> epoch 3/264375, average cost 69.176117
[2017-03-21 23:47:43,636] >> epoch 3/280000, average cost 69.088486
[2017-03-21 23:48:15,887] >> epoch 3/290000, average cost 69.354172
[2017-03-21 23:48:51,283] >> epoch 3/300000, average cost 69.033791
[2017-03-21 23:49:23,001] >> epoch 3/310000, average cost 69.051079
[2017-03-21 23:49:55,651] >> epoch 3/320000, average cost 68.972900
[2017-03-21 23:50:30,301] >> epoch 3/330000, average cost 68.852974
[2017-03-21 23:51:02,240] >> epoch 3/340000, average cost 69.121521
[2017-03-21 23:51:35,579] >> epoch 3/350000, average cost 69.084839
[2017-03-21 23:51:41,354] >> epoch 4/352500, average cost 69.065620
[2017-03-21 23:52:41,822] >> epoch 4/370000, average cost 69.151329
[2017-03-21 23:53:16,787] >> epoch 4/380000, average cost 69.086983
[2017-03-21 23:53:48,667] >> epoch 4/390000, average cost 69.067406
[2017-03-21 23:54:25,159] >> epoch 4/400000, average cost 68.868301
[2017-03-21 23:54:58,422] >> epoch 4/410000, average cost 68.903778
[2017-03-21 23:55:34,050] >> epoch 4/420000, average cost 68.769745
[2017-03-21 23:56:07,970] >> epoch 4/430000, average cost 69.065979
[2017-03-21 23:56:38,838] >> epoch 4/440000, average cost 69.003174
[2017-03-21 23:56:40,238] >> epoch 5/440625, average cost 68.980469
[2017-03-21 23:57:49,671] >> epoch 5/460000, average cost 69.230537
[2017-03-21 23:58:24,882] >> epoch 5/470000, average cost 68.862175
[2017-03-21 23:58:58,881] >> epoch 5/480000, average cost 69.043144
[2017-03-21 23:59:32,180] >> epoch 5/490000, average cost 68.758987
[2017-03-22 00:00:08,637] >> epoch 5/500000, average cost 68.803047
[2017-03-22 00:00:40,046] >> epoch 5/510000, average cost 68.737076
[2017-03-22 00:01:15,718] >> epoch 5/520000, average cost 68.995598
[2017-03-22 00:01:42,863] >> epoch 6/528750, average cost 68.903374
[2017-03-22 00:02:21,942] >> epoch 6/540000, average cost 68.666580
[2017-03-22 00:02:57,767] >> epoch 6/550000, average cost 69.223259
[2017-03-22 00:03:29,653] >> epoch 6/560000, average cost 68.720520
[2017-03-22 00:04:07,020] >> epoch 6/570000, average cost 68.997536
[2017-03-22 00:04:39,897] >> epoch 6/580000, average cost 68.688972
[2017-03-22 00:05:12,978] >> epoch 6/590000, average cost 68.693573
[2017-03-22 00:05:47,423] >> epoch 6/600000, average cost 68.753716
[2017-03-22 00:06:18,103] >> epoch 6/610000, average cost 68.919197
[2017-03-22 00:06:40,090] >> epoch 7/616875, average cost 68.833649
[2017-03-22 00:07:25,962] >> epoch 7/630000, average cost 68.611633
[2017-03-22 00:07:59,111] >> epoch 7/640000, average cost 69.196289
[2017-03-22 00:08:32,977] >> epoch 7/650000, average cost 68.671486
[2017-03-22 00:09:05,166] >> epoch 7/660000, average cost 68.898575
[2017-03-22 00:09:39,812] >> epoch 7/670000, average cost 68.663910
[2017-03-22 00:10:10,878] >> epoch 7/680000, average cost 68.596893
[2017-03-22 00:10:48,516] >> epoch 7/690000, average cost 68.784966
[2017-03-22 00:11:17,512] >> epoch 7/700000, average cost 68.850960
[2017-03-22 00:11:33,823] >> epoch 8/705000, average cost 68.782959
[2017-03-22 00:12:27,328] >> epoch 8/720000, average cost 68.698715
[2017-03-22 00:12:58,605] >> epoch 8/730000, average cost 69.065239
[2017-03-22 00:13:35,209] >> epoch 8/740000, average cost 68.691757
[2017-03-22 00:14:07,816] >> epoch 8/750000, average cost 68.750763
[2017-03-22 00:14:41,624] >> epoch 8/760000, average cost 68.651604
[2017-03-22 00:15:14,317] >> epoch 8/770000, average cost 68.550423
[2017-03-22 00:15:47,359] >> epoch 8/780000, average cost 68.808289
[2017-03-22 00:16:20,656] >> epoch 8/790000, average cost 68.795708
[2017-03-22 00:16:28,063] >> epoch 9/793125, average cost 68.745865
[2017-03-22 00:17:28,961] >> epoch 9/810000, average cost 68.824150
[2017-03-22 00:18:01,739] >> epoch 9/820000, average cost 68.867020
[2017-03-22 00:18:34,565] >> epoch 9/830000, average cost 68.748817
[2017-03-22 00:19:09,913] >> epoch 9/840000, average cost 68.650810
[2017-03-22 00:19:39,719] >> epoch 9/850000, average cost 68.624847
[2017-03-22 00:20:16,024] >> epoch 9/860000, average cost 68.521515
[2017-03-22 00:20:47,423] >> epoch 9/870000, average cost 68.801071
[2017-03-22 00:21:19,250] >> epoch 9/880000, average cost 68.750015
[2017-03-22 00:21:22,050] >> epoch 10/881250, average cost 68.714767
[2017-03-22 00:22:24,808] >> epoch 10/900000, average cost 68.951660
[2017-03-22 00:23:01,219] >> epoch 10/910000, average cost 68.682281
[2017-03-22 00:23:33,558] >> epoch 10/920000, average cost 68.804008
[2017-03-22 00:24:06,857] >> epoch 10/930000, average cost 68.542885
[2017-03-22 00:24:40,996] >> epoch 10/940000, average cost 68.587875
[2017-03-22 00:25:13,412] >> epoch 10/950000, average cost 68.511078
[2017-03-22 00:25:47,329] >> epoch 10/960000, average cost 68.789185
[2017-03-22 00:26:16,382] >> epoch 11/969375, average cost 68.682671
[2017-03-22 00:26:55,125] >> epoch 11/980000, average cost 68.479080
[2017-03-22 00:27:28,075] >> epoch 11/990000, average cost 69.011223
[2017-03-22 00:28:00,596] >> epoch 11/1000000, average cost 68.554070
[2017-03-22 00:28:36,155] >> epoch 11/1010000, average cost 68.809753
[2017-03-22 00:29:06,092] >> epoch 11/1020000, average cost 68.513351
[2017-03-22 00:29:42,520] >> epoch 11/1030000, average cost 68.540550
[2017-03-22 00:30:15,237] >> epoch 11/1040000, average cost 68.539749
[2017-03-22 00:30:47,855] >> epoch 11/1050000, average cost 68.765526
[2017-03-22 00:31:11,066] >> epoch 12/1057500, average cost 68.654198
[2017-03-22 00:31:54,209] >> epoch 12/1070000, average cost 68.430801
[2017-03-22 00:32:30,612] >> epoch 12/1080000, average cost 69.059334
[2017-03-22 00:33:03,064] >> epoch 12/1090000, average cost 68.502144
[2017-03-22 00:33:36,106] >> epoch 12/1100000, average cost 68.765816
[2017-03-22 00:34:09,594] >> epoch 12/1110000, average cost 68.518127
[2017-03-22 00:34:41,212] >> epoch 12/1120000, average cost 68.467445
[2017-03-22 00:35:16,561] >> epoch 12/1130000, average cost 68.616127
[2017-03-22 00:35:43,552] >> epoch 12/1140000, average cost 68.701340
[2017-03-22 00:36:03,267] >> epoch 13/1145625, average cost 68.631760
[2017-03-22 00:36:54,822] >> epoch 13/1160000, average cost 68.525459
[2017-03-22 00:37:27,793] >> epoch 13/1170000, average cost 68.952492
[2017-03-22 00:38:03,280] >> epoch 13/1180000, average cost 68.534859
[2017-03-22 00:38:33,236] >> epoch 13/1190000, average cost 68.650681
[2017-03-22 00:39:10,684] >> epoch 13/1200000, average cost 68.523788
[2017-03-22 00:39:42,498] >> epoch 13/1210000, average cost 68.407234
[2017-03-22 00:40:16,340] >> epoch 13/1220000, average cost 68.660652
[2017-03-22 00:40:47,313] >> epoch 13/1230000, average cost 68.665779
[2017-03-22 00:40:58,549] >> epoch 14/1233750, average cost 68.610268
[2017-03-22 00:41:55,219] >> epoch 14/1250000, average cost 68.627647
[2017-03-22 00:42:28,062] >> epoch 14/1260000, average cost 68.806381
[2017-03-22 00:43:01,719] >> epoch 14/1270000, average cost 68.597336
[2017-03-22 00:43:34,710] >> epoch 14/1280000, average cost 68.537964
[2017-03-22 00:44:06,799] >> epoch 14/1290000, average cost 68.500885
[2017-03-22 00:44:42,630] >> epoch 14/1300000, average cost 68.386833
[2017-03-22 00:45:13,387] >> epoch 14/1310000, average cost 68.679329
[2017-03-22 00:45:48,527] >> epoch 14/1320000, average cost 68.628403
[2017-03-22 00:45:52,724] >> epoch 15/1321875, average cost 68.588203
[2017-03-22 00:46:56,477] >> epoch 15/1340000, average cost 68.784065
[2017-03-22 00:47:30,217] >> epoch 15/1350000, average cost 68.607872
[2017-03-22 00:48:00,344] >> epoch 15/1360000, average cost 68.680099
[2017-03-22 00:48:37,425] >> epoch 15/1370000, average cost 68.427322
[2017-03-22 00:49:10,609] >> epoch 15/1380000, average cost 68.481613
[2017-03-22 00:49:44,091] >> epoch 15/1390000, average cost 68.374901
[2017-03-22 00:50:18,859] >> epoch 15/1400000, average cost 68.669228
[2017-03-22 00:50:48,482] >> epoch 15/1410000, average cost 68.602066
[2017-03-22 00:50:48,491] >> epoch 16/1410000, average cost 68.564117
[2017-03-22 00:51:25,652] >> epoch 16/1420000, average cost 68.375633
[2017-03-22 00:51:58,004] >> epoch 16/1430000, average cost 68.871872
[2017-03-22 00:52:31,413] >> epoch 16/1440000, average cost 68.465034
[2017-03-22 00:53:05,668] >> epoch 16/1450000, average cost 68.689430
[2017-03-22 00:53:36,863] >> epoch 16/1460000, average cost 68.405754
[2017-03-22 00:54:12,760] >> epoch 16/1470000, average cost 68.433708
[2017-03-22 00:54:44,646] >> epoch 16/1480000, average cost 68.405510
[2017-03-22 00:55:19,444] >> epoch 16/1490000, average cost 68.668747
[2017-03-22 00:55:44,345] >> epoch 17/1498125, average cost 68.543259
[2017-03-22 00:56:25,445] >> epoch 17/1510000, average cost 68.318916
[2017-03-22 00:57:01,072] >> epoch 17/1520000, average cost 68.925278
[2017-03-22 00:57:33,385] >> epoch 17/1530000, average cost 68.390259
[2017-03-22 00:58:08,065] >> epoch 17/1540000, average cost 68.687637
[2017-03-22 00:58:40,689] >> epoch 17/1550000, average cost 68.399803
[2017-03-22 00:59:12,922] >> epoch 17/1560000, average cost 68.377113
[2017-03-22 00:59:48,170] >> epoch 17/1570000, average cost 68.472733
[2017-03-22 01:00:16,897] >> epoch 17/1580000, average cost 68.637802
[2017-03-22 01:00:38,377] >> epoch 18/1586250, average cost 68.526978
[2017-03-22 01:01:27,795] >> epoch 18/1600000, average cost 68.372353
[2017-03-22 01:02:01,985] >> epoch 18/1610000, average cost 68.886414
[2017-03-22 01:02:36,131] >> epoch 18/1620000, average cost 68.416878
[2017-03-22 01:03:07,855] >> epoch 18/1630000, average cost 68.590836
[2017-03-22 01:03:44,149] >> epoch 18/1640000, average cost 68.400795
[2017-03-22 01:04:15,822] >> epoch 18/1650000, average cost 68.330940
[2017-03-22 01:04:51,070] >> epoch 18/1660000, average cost 68.537636
[2017-03-22 01:05:22,007] >> epoch 18/1670000, average cost 68.584023
[2017-03-22 01:05:35,991] >> epoch 19/1674375, average cost 68.513557
[2017-03-22 01:06:31,986] >> epoch 19/1690000, average cost 68.492287
[2017-03-22 01:07:03,518] >> epoch 19/1700000, average cost 68.763603
[2017-03-22 01:07:38,425] >> epoch 19/1710000, average cost 68.467422
[2017-03-22 01:08:12,258] >> epoch 19/1720000, average cost 68.472771
[2017-03-22 01:08:44,940] >> epoch 19/1730000, average cost 68.413216
[2017-03-22 01:09:19,283] >> epoch 19/1740000, average cost 68.303329
[2017-03-22 01:09:51,839] >> epoch 19/1750000, average cost 68.569778
[2017-03-22 01:10:25,144] >> epoch 19/1760000, average cost 68.546410
[2017-03-22 01:10:32,360] >> epoch 20/1762500, average cost 68.497955
[2017-03-22 01:11:30,951] >> epoch 20/1780000, average cost 68.634285
[2017-03-22 01:12:06,392] >> epoch 20/1790000, average cost 68.582222
[2017-03-22 01:12:38,116] >> epoch 20/1800000, average cost 68.549164
[2017-03-22 01:13:13,024] >> epoch 20/1810000, average cost 68.373466
[2017-03-22 01:13:44,913] >> epoch 20/1820000, average cost 68.417862
[2017-03-22 01:14:20,107] >> epoch 20/1830000, average cost 68.281578
[2017-03-22 01:14:54,241] >> epoch 20/1840000, average cost 68.582047
[2017-03-22 01:15:25,504] >> epoch 20/1850000, average cost 68.526413
[2017-03-22 01:15:26,911] >> epoch 21/1850625, average cost 68.482079
[2017-03-22 01:16:34,739] >> epoch 21/1870000, average cost 68.774559
[2017-03-22 01:17:09,364] >> epoch 21/1880000, average cost 68.411842
[2017-03-22 01:17:42,834] >> epoch 21/1890000, average cost 68.597672
[2017-03-22 01:18:16,978] >> epoch 21/1900000, average cost 68.341354
[2017-03-22 01:18:52,734] >> epoch 21/1910000, average cost 68.366150
[2017-03-22 01:19:25,542] >> epoch 21/1920000, average cost 68.314697
[2017-03-22 01:20:02,502] >> epoch 21/1930000, average cost 68.578766
[2017-03-22 01:20:30,189] >> epoch 22/1938750, average cost 68.468002
[2017-03-22 01:21:10,378] >> epoch 22/1950000, average cost 68.262024
[2017-03-22 01:21:47,229] >> epoch 22/1960000, average cost 68.838310
[2017-03-22 01:22:20,257] >> epoch 22/1970000, average cost 68.326439
[2017-03-22 01:22:57,088] >> epoch 22/1980000, average cost 68.613716
[2017-03-22 01:23:29,521] >> epoch 22/1990000, average cost 68.330063
[2017-03-22 01:24:05,485] >> epoch 22/2000000, average cost 68.325829
[2017-03-22 01:24:05,490] >> epoch 23/2000000, average cost 68.446671
[2017-03-22 01:24:05,495] >> Training finished in 1:52:01.408012
[2017-03-22 01:24:07,780] >> Loading model
[2017-03-22 01:24:08,062] >> Loading datasets
Using gpu device 0: Tesla M2075 (CNMeM is disabled, cuDNN not available)
[2017-03-22 01:24:11,190] >> Supervised training started with arguments:
{'activation_noise': None,
 'adadelta': False,
 'adadelta_epsilon': '1e-6',
 'adadelta_rho': '0.95',
 'adagrad': False,
 'adagrad_decay': False,
 'batch_size': 256,
 'datasets': (DatasetContainer [PFileStreamDataset@/export/data1/data/ddraper/train.ld.pfile],
              DatasetContainer [PFileDataset@/export/data1/data/ddraper/valid.ld.pfile,1],
              DatasetContainer []),
 'epochs': 50,
 'fix_layers': [],
 'graph': False,
 'hooks': [<functools.partial object at 0x7f5c82c8c470>],
 'l1_reg': '0.0',
 'l2_reg': '0.0',
 'layer_args': [],
 'learning_rate': '0.1',
 'minibatches': -1,
 'momentum': '',
 'newbob': True,
 'newbob_decay': 0.5,
 'newbob_threshold': [0.005, 0.0001],
 'patience': -1,
 'patience_improve_threshold': 0.995,
 'patience_increase': 1.5,
 'pre_validate': False,
 'print_errors': True,
 'validation_interval': -1,
 'verbosity': 0,
 'warn': False}
[2017-03-22 01:24:11,191] >> Compiling theano graph
[2017-03-22 01:24:21,988] >> Training started
[2017-03-22 01:29:56,651] >  epoch 1/44062, training error 0.267435
[2017-03-22 01:29:57,069] >  epoch 1/44062, validation error 0.228730
[2017-03-22 01:35:36,657] >  epoch 2/88124, training error 0.154865
[2017-03-22 01:35:37,070] >  epoch 2/88124, validation error 0.127704
[2017-03-22 01:41:17,342] >  epoch 3/132186, training error 0.118599
[2017-03-22 01:41:17,751] >  epoch 3/132186, validation error 0.191149
[2017-03-22 01:41:17,751] >  epoch 3/132186, learning rate set to 0.050000
[2017-03-22 01:46:59,395] >  epoch 4/176248, training error 0.090783
[2017-03-22 01:46:59,813] >  epoch 4/176248, validation error 0.117660
[2017-03-22 01:46:59,853] >  epoch 4/176248, learning rate set to 0.025000
[2017-03-22 01:52:39,971] >  epoch 5/220310, training error 0.082014
[2017-03-22 01:52:40,387] >  epoch 5/220310, validation error 0.114226
[2017-03-22 01:52:40,427] >  epoch 5/220310, learning rate set to 0.012500
[2017-03-22 01:58:21,079] >  epoch 6/264372, training error 0.078246
[2017-03-22 01:58:21,486] >  epoch 6/264372, validation error 0.111457
[2017-03-22 01:58:21,527] >  epoch 6/264372, learning rate set to 0.006250
[2017-03-22 02:04:02,394] >  epoch 7/308434, training error 0.076652
[2017-03-22 02:04:02,805] >  epoch 7/308434, validation error 0.106435
[2017-03-22 02:04:02,847] >  epoch 7/308434, learning rate set to 0.003125
[2017-03-22 02:09:44,760] >  epoch 8/352496, training error 0.076171
[2017-03-22 02:09:45,164] >  epoch 8/352496, validation error 0.108667
[2017-03-22 02:09:45,164] >> Training finished in 0:45:23.175554
