[2017-03-12 17:38:01,765] >> Loading model
[2017-03-12 17:38:02,209] >> Loading datasets
[2017-03-12 17:38:02,213] >> Reconstruction training started with arguments:
{'activation_noise': None,
 'adadelta': False,
 'adadelta_epsilon': '1e-6',
 'adadelta_rho': '0.95',
 'adagrad': False,
 'adagrad_decay': False,
 'batch_size': 128,
 'ce_sparsity': 0.01,
 'ce_sparsity_weight': 0.0,
 'compound': False,
 'corruption_level': 0.2,
 'datasets': (DatasetContainer [PFileStreamDataset@/export/data1/data/ddraper/train.ld.pfile],
              DatasetContainer [],
              DatasetContainer []),
 'epochs': 50,
 'fix_layers': [],
 'graph': False,
 'hooks': [],
 'l1_reg': '0.0',
 'l2_reg': '0.0',
 'layer_args': {},
 'layers': [1],
 'learning_rate': '0.01',
 'loss': u'mse',
 'minibatches': 2000000,
 'momentum': '',
 'noise': 'mask',
 'sparsity': 0.05,
 'sparsity_weight': 0.0,
 'validate': False,
 'verbosity': 1,
 'warn': False}
[2017-03-12 17:38:02,213] >> Reconstruction training started with da:
{'hidden_activation': u'sigmoid',
 u'loss': u'mse',
 'n_hidden': 1200,
 'n_visible': 966,
 'tied_weights': True,
 'visible_activation': u'tanh'}
[2017-03-12 17:38:02,213] >> Compiling theano graph
Using gpu device 0: Tesla M2075 (CNMeM is disabled, cuDNN not available)
[2017-03-12 17:38:28,587] >> Training started
[2017-03-12 17:39:37,114] >> epoch 0/10000, average cost 83.532310
[2017-03-12 17:40:44,008] >> epoch 0/20000, average cost 39.977642
[2017-03-12 17:41:51,114] >> epoch 0/30000, average cost 29.335228
[2017-03-12 17:42:58,246] >> epoch 0/40000, average cost 24.898010
[2017-03-12 17:44:06,379] >> epoch 0/50000, average cost 23.091236
[2017-03-12 17:45:13,770] >> epoch 0/60000, average cost 21.811018
[2017-03-12 17:46:21,544] >> epoch 0/70000, average cost 20.941351
[2017-03-12 17:47:30,088] >> epoch 0/80000, average cost 20.543097
[2017-03-12 17:48:20,001] >> epoch 1/88125, average cost 31.795498
[2017-03-12 17:49:44,944] >> epoch 1/100000, average cost 18.274021
[2017-03-12 17:50:52,115] >> epoch 1/110000, average cost 17.176546
[2017-03-12 17:51:59,314] >> epoch 1/120000, average cost 15.480069
[2017-03-12 17:53:09,231] >> epoch 1/130000, average cost 15.073215
[2017-03-12 17:54:16,802] >> epoch 1/140000, average cost 14.573133
[2017-03-12 17:55:24,536] >> epoch 1/150000, average cost 14.279661
[2017-03-12 17:56:33,732] >> epoch 1/160000, average cost 14.206492
[2017-03-12 17:57:37,157] >> epoch 1/170000, average cost 14.159173
[2017-03-12 17:58:19,130] >> epoch 2/176250, average cost 15.388819
[2017-03-12 17:59:58,578] >> epoch 2/190000, average cost 13.982870
[2017-03-12 18:01:07,630] >> epoch 2/200000, average cost 13.990444
[2017-03-12 18:02:17,122] >> epoch 2/210000, average cost 13.879033
[2017-03-12 18:03:24,652] >> epoch 2/220000, average cost 13.835200
[2017-03-12 18:04:33,420] >> epoch 2/230000, average cost 13.797523
[2017-03-12 18:05:43,850] >> epoch 2/240000, average cost 13.725571
[2017-03-12 18:06:52,490] >> epoch 2/250000, average cost 13.725009
[2017-03-12 18:07:57,030] >> epoch 2/260000, average cost 13.684245
[2017-03-12 18:08:27,248] >> epoch 3/264375, average cost 13.825901
[2017-03-12 18:10:20,662] >> epoch 3/280000, average cost 13.603219
[2017-03-12 18:11:28,116] >> epoch 3/290000, average cost 13.599100
[2017-03-12 18:12:35,922] >> epoch 3/300000, average cost 13.540191
[2017-03-12 18:13:43,864] >> epoch 3/310000, average cost 13.497300
[2017-03-12 18:14:52,482] >> epoch 3/320000, average cost 13.499104
[2017-03-12 18:16:00,294] >> epoch 3/330000, average cost 13.433434
[2017-03-12 18:17:09,044] >> epoch 3/340000, average cost 13.464828
[2017-03-12 18:18:12,370] >> epoch 3/350000, average cost 13.420703
[2017-03-12 18:18:29,634] >> epoch 4/352500, average cost 13.508927
[2017-03-12 18:20:35,616] >> epoch 4/370000, average cost 13.394300
[2017-03-12 18:21:44,750] >> epoch 4/380000, average cost 13.366511
[2017-03-12 18:22:47,156] >> epoch 4/390000, average cost 13.349862
[2017-03-12 18:23:51,972] >> epoch 4/400000, average cost 13.295110
[2017-03-12 18:24:55,620] >> epoch 4/410000, average cost 13.317502
[2017-03-12 18:26:02,424] >> epoch 4/420000, average cost 13.245435
[2017-03-12 18:27:06,321] >> epoch 4/430000, average cost 13.294980
[2017-03-12 18:28:08,442] >> epoch 4/440000, average cost 13.250428
[2017-03-12 18:28:12,765] >> epoch 5/440625, average cost 13.316651
[2017-03-12 18:30:24,678] >> epoch 5/460000, average cost 13.251437
[2017-03-12 18:31:33,578] >> epoch 5/470000, average cost 13.202281
[2017-03-12 18:32:38,764] >> epoch 5/480000, average cost 13.210531
[2017-03-12 18:33:46,446] >> epoch 5/490000, average cost 13.153335
[2017-03-12 18:34:52,876] >> epoch 5/500000, average cost 13.169505
[2017-03-12 18:35:58,995] >> epoch 5/510000, average cost 13.120147
[2017-03-12 18:37:06,022] >> epoch 5/520000, average cost 13.163897
[2017-03-12 18:38:00,524] >> epoch 6/528750, average cost 13.177027
[2017-03-12 18:39:20,048] >> epoch 6/540000, average cost 13.073642
[2017-03-12 18:40:26,576] >> epoch 6/550000, average cost 13.137183
[2017-03-12 18:41:32,614] >> epoch 6/560000, average cost 13.073112
[2017-03-12 18:42:39,690] >> epoch 6/570000, average cost 13.091496
[2017-03-12 18:43:44,798] >> epoch 6/580000, average cost 13.048674
[2017-03-12 18:44:52,170] >> epoch 6/590000, average cost 13.051834
[2017-03-12 18:45:57,851] >> epoch 6/600000, average cost 13.027625
[2017-03-12 18:47:01,524] >> epoch 6/610000, average cost 13.052076
[2017-03-12 18:47:45,926] >> epoch 7/616875, average cost 13.066318
[2017-03-12 18:49:16,292] >> epoch 7/630000, average cost 12.983103
[2017-03-12 18:50:22,263] >> epoch 7/640000, average cost 13.047138
[2017-03-12 18:51:30,531] >> epoch 7/650000, average cost 12.981530
[2017-03-12 18:52:38,180] >> epoch 7/660000, average cost 12.987355
[2017-03-12 18:53:44,064] >> epoch 7/670000, average cost 12.973933
[2017-03-12 18:54:50,145] >> epoch 7/680000, average cost 12.946691
[2017-03-12 18:55:58,802] >> epoch 7/690000, average cost 12.964414
[2017-03-12 18:57:01,011] >> epoch 7/700000, average cost 12.962033
[2017-03-12 18:57:35,119] >> epoch 8/705000, average cost 12.978675
[2017-03-12 18:59:16,916] >> epoch 8/720000, average cost 12.926341
[2017-03-12 19:00:22,613] >> epoch 8/730000, average cost 12.960253
[2017-03-12 19:01:30,392] >> epoch 8/740000, average cost 12.917366
[2017-03-12 19:02:35,728] >> epoch 8/750000, average cost 12.900302
[2017-03-12 19:03:43,132] >> epoch 8/760000, average cost 12.914028
[2017-03-12 19:04:50,366] >> epoch 8/770000, average cost 12.873693
[2017-03-12 19:05:57,594] >> epoch 8/780000, average cost 12.907334
[2017-03-12 19:06:59,882] >> epoch 8/790000, average cost 12.889932
[2017-03-12 19:07:21,459] >> epoch 9/793125, average cost 12.908772
[2017-03-12 19:09:17,388] >> epoch 9/810000, average cost 12.882985
[2017-03-12 19:10:23,842] >> epoch 9/820000, average cost 12.882824
[2017-03-12 19:11:31,696] >> epoch 9/830000, average cost 12.865932
[2017-03-12 19:12:37,122] >> epoch 9/840000, average cost 12.831746
[2017-03-12 19:13:42,899] >> epoch 9/850000, average cost 12.858536
[2017-03-12 19:14:50,822] >> epoch 9/860000, average cost 12.803680
[2017-03-12 19:15:58,716] >> epoch 9/870000, average cost 12.860799
[2017-03-12 19:17:00,344] >> epoch 9/880000, average cost 12.826739
[2017-03-12 19:17:08,974] >> epoch 10/881250, average cost 12.849483
[2017-03-12 19:19:15,988] >> epoch 10/900000, average cost 12.845704
[2017-03-12 19:20:26,187] >> epoch 10/910000, average cost 12.812444
[2017-03-12 19:21:32,808] >> epoch 10/920000, average cost 12.823043
[2017-03-12 19:22:39,896] >> epoch 10/930000, average cost 12.775574
[2017-03-12 19:23:46,030] >> epoch 10/940000, average cost 12.803748
[2017-03-12 19:24:53,806] >> epoch 10/950000, average cost 12.755566
[2017-03-12 19:25:59,552] >> epoch 10/960000, average cost 12.810508
[2017-03-12 19:26:56,829] >> epoch 11/969375, average cost 12.798298
[2017-03-12 19:28:11,938] >> epoch 11/980000, average cost 12.733288
[2017-03-12 19:29:19,567] >> epoch 11/990000, average cost 12.805923
[2017-03-12 19:30:27,486] >> epoch 11/1000000, average cost 12.750953
[2017-03-12 19:31:33,262] >> epoch 11/1010000, average cost 12.771839
[2017-03-12 19:32:38,920] >> epoch 11/1020000, average cost 12.736238
[2017-03-12 19:33:48,778] >> epoch 11/1030000, average cost 12.745890
[2017-03-12 19:34:54,716] >> epoch 11/1040000, average cost 12.720440
[2017-03-12 19:36:00,816] >> epoch 11/1050000, average cost 12.764278
[2017-03-12 19:36:47,700] >> epoch 12/1057500, average cost 12.751681
[2017-03-12 19:38:13,486] >> epoch 12/1070000, average cost 12.694021
[2017-03-12 19:39:21,888] >> epoch 12/1080000, average cost 12.768835
[2017-03-12 19:40:27,750] >> epoch 12/1090000, average cost 12.702937
[2017-03-12 19:41:35,952] >> epoch 12/1100000, average cost 12.720823
[2017-03-12 19:42:42,779] >> epoch 12/1110000, average cost 12.704377
[2017-03-12 19:43:48,100] >> epoch 12/1120000, average cost 12.687025
[2017-03-12 19:44:54,536] >> epoch 12/1130000, average cost 12.697140
[2017-03-12 19:45:56,701] >> epoch 12/1140000, average cost 12.711287
[2017-03-12 19:46:36,268] >> epoch 13/1145625, average cost 12.708941
[2017-03-12 19:48:16,896] >> epoch 13/1160000, average cost 12.674053
[2017-03-12 19:49:22,944] >> epoch 13/1170000, average cost 12.718959
[2017-03-12 19:50:31,204] >> epoch 13/1180000, average cost 12.675390
[2017-03-12 19:51:36,748] >> epoch 13/1190000, average cost 12.666203
[2017-03-12 19:52:45,380] >> epoch 13/1200000, average cost 12.677812
[2017-03-12 19:53:51,280] >> epoch 13/1210000, average cost 12.639469
[2017-03-12 19:55:00,714] >> epoch 13/1220000, average cost 12.677403
[2017-03-12 19:56:01,974] >> epoch 13/1230000, average cost 12.665793
[2017-03-12 19:56:27,812] >> epoch 14/1233750, average cost 12.671773
[2017-03-12 19:58:21,360] >> epoch 14/1250000, average cost 12.662962
[2017-03-12 19:59:27,796] >> epoch 14/1260000, average cost 12.671343
[2017-03-12 20:00:34,706] >> epoch 14/1270000, average cost 12.646443
[2017-03-12 20:01:40,556] >> epoch 14/1280000, average cost 12.624736
[2017-03-12 20:02:48,477] >> epoch 14/1290000, average cost 12.646370
[2017-03-12 20:03:48,315] >> epoch 14/1300000, average cost 12.602498
[2017-03-12 20:04:36,234] >> epoch 14/1310000, average cost 12.654139
[2017-03-12 20:05:36,146] >> epoch 14/1320000, average cost 12.627856
[2017-03-12 20:05:43,370] >> epoch 15/1321875, average cost 12.639065
[2017-03-12 20:07:29,423] >> epoch 15/1340000, average cost 12.646290
[2017-03-12 20:08:28,906] >> epoch 15/1350000, average cost 12.621762
[2017-03-12 20:09:21,632] >> epoch 15/1360000, average cost 12.629483
[2017-03-12 20:10:23,945] >> epoch 15/1370000, average cost 12.585030
[2017-03-12 20:11:19,216] >> epoch 15/1380000, average cost 12.616122
[2017-03-12 20:12:17,055] >> epoch 15/1390000, average cost 12.568503
[2017-03-12 20:13:13,622] >> epoch 15/1400000, average cost 12.626678
[2017-03-12 20:14:06,131] >> epoch 15/1410000, average cost 12.593839
[2017-03-12 20:14:06,139] >> epoch 16/1410000, average cost 12.608079
[2017-03-12 20:15:07,600] >> epoch 16/1420000, average cost 12.551660
[2017-03-12 20:16:01,810] >> epoch 16/1430000, average cost 12.627629
[2017-03-12 20:16:59,485] >> epoch 16/1440000, average cost 12.576455
[2017-03-12 20:17:58,402] >> epoch 16/1450000, average cost 12.600569
[2017-03-12 20:18:53,165] >> epoch 16/1460000, average cost 12.557355
[2017-03-12 20:19:51,346] >> epoch 16/1470000, average cost 12.578624
[2017-03-12 20:20:45,630] >> epoch 16/1480000, average cost 12.541260
[2017-03-12 20:21:41,247] >> epoch 16/1490000, average cost 12.595860
[2017-03-12 20:22:27,540] >> epoch 17/1498125, average cost 12.577369
[2017-03-12 20:23:37,300] >> epoch 17/1510000, average cost 12.526564
[2017-03-12 20:24:34,500] >> epoch 17/1520000, average cost 12.602761
[2017-03-12 20:25:28,552] >> epoch 17/1530000, average cost 12.540469
[2017-03-12 20:26:29,150] >> epoch 17/1540000, average cost 12.570182
[2017-03-12 20:27:27,042] >> epoch 17/1550000, average cost 12.537263
[2017-03-12 20:28:24,878] >> epoch 17/1560000, average cost 12.535497
[2017-03-12 20:29:19,404] >> epoch 17/1570000, average cost 12.535361
[2017-03-12 20:30:10,184] >> epoch 17/1580000, average cost 12.560391
[2017-03-12 20:30:51,418] >> epoch 18/1586250, average cost 12.549238
[2017-03-12 20:32:13,104] >> epoch 18/1600000, average cost 12.514077
[2017-03-12 20:33:09,932] >> epoch 18/1610000, average cost 12.573115
[2017-03-12 20:34:04,342] >> epoch 18/1620000, average cost 12.516666
[2017-03-12 20:34:58,750] >> epoch 18/1630000, average cost 12.523108
[2017-03-12 20:36:01,295] >> epoch 18/1640000, average cost 12.523406
[2017-03-12 20:36:57,866] >> epoch 18/1650000, average cost 12.491233
[2017-03-12 20:37:55,210] >> epoch 18/1660000, average cost 12.521650
[2017-03-12 20:38:45,416] >> epoch 18/1670000, average cost 12.521932
[2017-03-12 20:39:14,672] >> epoch 19/1674375, average cost 12.520647
[2017-03-12 20:40:46,026] >> epoch 19/1690000, average cost 12.508074
[2017-03-12 20:41:43,932] >> epoch 19/1700000, average cost 12.527013
[2017-03-12 20:42:40,242] >> epoch 19/1710000, average cost 12.493323
[2017-03-12 20:43:35,115] >> epoch 19/1720000, average cost 12.478806
[2017-03-12 20:44:32,492] >> epoch 19/1730000, average cost 12.498458
[2017-03-12 20:45:34,876] >> epoch 19/1740000, average cost 12.454716
[2017-03-12 20:46:29,544] >> epoch 19/1750000, average cost 12.501625
[2017-03-12 20:47:22,316] >> epoch 19/1760000, average cost 12.477333
[2017-03-12 20:47:39,494] >> epoch 20/1762500, average cost 12.489376
[2017-03-12 20:49:18,364] >> epoch 20/1780000, average cost 12.489400
[2017-03-12 20:50:20,953] >> epoch 20/1790000, average cost 12.477619
[2017-03-12 20:51:16,311] >> epoch 20/1800000, average cost 12.474884
[2017-03-12 20:52:12,398] >> epoch 20/1810000, average cost 12.439984
[2017-03-12 20:53:06,200] >> epoch 20/1820000, average cost 12.467544
[2017-03-12 20:54:06,857] >> epoch 20/1830000, average cost 12.418391
[2017-03-12 20:55:06,483] >> epoch 20/1840000, average cost 12.475865
[2017-03-12 20:56:00,780] >> epoch 20/1850000, average cost 12.442538
[2017-03-12 20:56:04,432] >> epoch 21/1850625, average cost 12.457934
[2017-03-12 20:57:53,242] >> epoch 21/1870000, average cost 12.477553
[2017-03-12 20:58:53,036] >> epoch 21/1880000, average cost 12.427832
[2017-03-12 20:59:53,250] >> epoch 21/1890000, average cost 12.452191
[2017-03-12 21:00:50,594] >> epoch 21/1900000, average cost 12.409065
[2017-03-12 21:01:44,670] >> epoch 21/1910000, average cost 12.428799
[2017-03-12 21:02:40,670] >> epoch 21/1920000, average cost 12.390345
[2017-03-12 21:03:38,610] >> epoch 21/1930000, average cost 12.445112
[2017-03-12 21:04:29,808] >> epoch 22/1938750, average cost 12.427768
[2017-03-12 21:05:36,232] >> epoch 22/1950000, average cost 12.375805
[2017-03-12 21:06:31,088] >> epoch 22/1960000, average cost 12.451249
[2017-03-12 21:07:26,377] >> epoch 22/1970000, average cost 12.388269
[2017-03-12 21:08:28,452] >> epoch 22/1980000, average cost 12.422794
[2017-03-12 21:09:25,728] >> epoch 22/1990000, average cost 12.380958
[2017-03-12 21:10:22,688] >> epoch 22/2000000, average cost 12.388597
[2017-03-12 21:10:22,700] >> epoch 23/2000000, average cost 12.400517
[2017-03-12 21:10:22,715] >> Training finished in 3:31:54.115767
[2017-03-12 21:10:27,817] >> Loading model
[2017-03-12 21:10:28,190] >> Loading datasets
[2017-03-12 21:10:28,193] >> Reconstruction training started with arguments:
{'activation_noise': None,
 'adadelta': False,
 'adadelta_epsilon': '1e-6',
 'adadelta_rho': '0.95',
 'adagrad': False,
 'adagrad_decay': False,
 'batch_size': 128,
 'ce_sparsity': 0.01,
 'ce_sparsity_weight': 0.0,
 'compound': False,
 'corruption_level': 0.2,
 'datasets': (DatasetContainer [PFileStreamDataset@/export/data1/data/ddraper/train.ld.pfile],
              DatasetContainer [],
              DatasetContainer []),
 'epochs': 50,
 'fix_layers': [],
 'graph': False,
 'hooks': [],
 'l1_reg': '0.0',
 'l2_reg': '0.0',
 'layer_args': {1: {}},
 'layers': [2],
 'learning_rate': '0.01',
 'loss': 'crossentropy',
 'minibatches': 2000000,
 'momentum': '',
 'noise': 'mask',
 'sparsity': 0.05,
 'sparsity_weight': 0.0,
 'validate': False,
 'verbosity': 1,
 'warn': False}
[2017-03-12 21:10:28,193] >> Reconstruction training started with da:
{'hidden_activation': u'sigmoid',
 'n_hidden': 1000,
 'n_visible': 1200,
 'tied_weights': True,
 'visible_activation': u'sigmoid'}
[2017-03-12 21:10:28,193] >> Compiling theano graph
Using gpu device 0: Tesla M2075 (CNMeM is disabled, cuDNN not available)
[2017-03-12 21:10:36,907] >> Training started
[2017-03-12 21:11:45,204] >> epoch 0/10000, average cost 194.987503
[2017-03-12 21:12:53,548] >> epoch 0/20000, average cost 192.290970
[2017-03-12 21:13:56,864] >> epoch 0/30000, average cost 191.189682
[2017-03-12 21:14:58,876] >> epoch 0/40000, average cost 191.237869
[2017-03-12 21:16:00,912] >> epoch 0/50000, average cost 190.861374
[2017-03-12 21:17:10,884] >> epoch 0/60000, average cost 190.803055
[2017-03-12 21:18:14,908] >> epoch 0/70000, average cost 190.726257
[2017-03-12 21:19:17,909] >> epoch 0/80000, average cost 190.888779
[2017-03-12 21:20:05,195] >> epoch 1/88125, average cost 191.541489
[2017-03-12 21:21:22,966] >> epoch 1/100000, average cost 190.364075
[2017-03-12 21:22:32,109] >> epoch 1/110000, average cost 191.153366
[2017-03-12 21:23:34,929] >> epoch 1/120000, average cost 190.380478
[2017-03-12 21:24:42,505] >> epoch 1/130000, average cost 190.783722
[2017-03-12 21:25:42,784] >> epoch 1/140000, average cost 190.511124
[2017-03-12 21:26:47,261] >> epoch 1/150000, average cost 190.446396
[2017-03-12 21:27:55,492] >> epoch 1/160000, average cost 190.550858
[2017-03-12 21:28:52,096] >> epoch 1/170000, average cost 190.643402
[2017-03-12 21:29:32,436] >> epoch 2/176250, average cost 190.595627
[2017-03-12 21:31:04,581] >> epoch 2/190000, average cost 190.295547
[2017-03-12 21:32:08,481] >> epoch 2/200000, average cost 190.958328
[2017-03-12 21:33:14,353] >> epoch 2/210000, average cost 190.307495
[2017-03-12 21:34:15,888] >> epoch 2/220000, average cost 190.586136
[2017-03-12 21:35:24,645] >> epoch 2/230000, average cost 190.404480
[2017-03-12 21:36:24,945] >> epoch 2/240000, average cost 190.306320
[2017-03-12 21:37:31,968] >> epoch 2/250000, average cost 190.548172
[2017-03-12 21:38:30,537] >> epoch 2/260000, average cost 190.515396
[2017-03-12 21:38:59,548] >> epoch 3/264375, average cost 190.478668
[2017-03-12 21:40:44,607] >> epoch 3/280000, average cost 190.429932
[2017-03-12 21:41:46,732] >> epoch 3/290000, average cost 190.725479
[2017-03-12 21:42:53,379] >> epoch 3/300000, average cost 190.298203
[2017-03-12 21:43:54,865] >> epoch 3/310000, average cost 190.423248
[2017-03-12 21:44:59,381] >> epoch 3/320000, average cost 190.357056
[2017-03-12 21:46:06,796] >> epoch 3/330000, average cost 190.244476
[2017-03-12 21:47:08,419] >> epoch 3/340000, average cost 190.523499
[2017-03-12 21:48:11,594] >> epoch 3/350000, average cost 190.403320
[2017-03-12 21:48:27,265] >> epoch 4/352500, average cost 190.409958
[2017-03-12 21:50:20,138] >> epoch 4/370000, average cost 190.569077
[2017-03-12 21:51:29,562] >> epoch 4/380000, average cost 190.453079
[2017-03-12 21:52:31,109] >> epoch 4/390000, average cost 190.388702
[2017-03-12 21:53:37,353] >> epoch 4/400000, average cost 190.297562
[2017-03-12 21:54:38,086] >> epoch 4/410000, average cost 190.302246
[2017-03-12 21:55:45,127] >> epoch 4/420000, average cost 190.213348
[2017-03-12 21:56:50,279] >> epoch 4/430000, average cost 190.476517
[2017-03-12 21:57:53,206] >> epoch 4/440000, average cost 190.355652
[2017-03-12 21:57:56,149] >> epoch 5/440625, average cost 190.359406
[2017-03-12 21:59:58,564] >> epoch 5/460000, average cost 190.720551
[2017-03-12 22:01:05,348] >> epoch 5/470000, average cost 190.200180
[2017-03-12 22:02:13,372] >> epoch 5/480000, average cost 190.436188
[2017-03-12 22:03:17,048] >> epoch 5/490000, average cost 190.213425
[2017-03-12 22:04:19,641] >> epoch 5/500000, average cost 190.236710
[2017-03-12 22:05:21,292] >> epoch 5/510000, average cost 190.207520
[2017-03-12 22:06:28,114] >> epoch 5/520000, average cost 190.445908
[2017-03-12 22:07:24,115] >> epoch 6/528750, average cost 190.314911
[2017-03-12 22:08:39,181] >> epoch 6/540000, average cost 189.983673
[2017-03-12 22:09:43,406] >> epoch 6/550000, average cost 190.756943
[2017-03-12 22:10:44,021] >> epoch 6/560000, average cost 190.067963
[2017-03-12 22:11:53,399] >> epoch 6/570000, average cost 190.472458
[2017-03-12 22:12:56,920] >> epoch 6/580000, average cost 190.173569
[2017-03-12 22:14:03,454] >> epoch 6/590000, average cost 190.164795
[2017-03-12 22:15:04,564] >> epoch 6/600000, average cost 190.258270
[2017-03-12 22:16:04,730] >> epoch 6/610000, average cost 190.373306
[2017-03-12 22:16:52,165] >> epoch 7/616875, average cost 190.278702
[2017-03-12 22:18:19,010] >> epoch 7/630000, average cost 189.966034
[2017-03-12 22:19:24,897] >> epoch 7/640000, average cost 190.771881
[2017-03-12 22:20:25,324] >> epoch 7/650000, average cost 190.042374
[2017-03-12 22:21:28,927] >> epoch 7/660000, average cost 190.359421
[2017-03-12 22:22:38,081] >> epoch 7/670000, average cost 190.170059
[2017-03-12 22:23:40,324] >> epoch 7/680000, average cost 190.095337
[2017-03-12 22:24:45,993] >> epoch 7/690000, average cost 190.288879
[2017-03-12 22:25:44,329] >> epoch 7/700000, average cost 190.314728
[2017-03-12 22:26:20,221] >> epoch 8/705000, average cost 190.243484
[2017-03-12 22:28:01,643] >> epoch 8/720000, average cost 190.148773
[2017-03-12 22:29:02,789] >> epoch 8/730000, average cost 190.579453
[2017-03-12 22:30:09,865] >> epoch 8/740000, average cost 190.059219
[2017-03-12 22:31:09,928] >> epoch 8/750000, average cost 190.265106
[2017-03-12 22:32:16,405] >> epoch 8/760000, average cost 190.146667
[2017-03-12 22:33:22,984] >> epoch 8/770000, average cost 190.048981
[2017-03-12 22:34:26,147] >> epoch 8/780000, average cost 190.315308
[2017-03-12 22:35:28,078] >> epoch 8/790000, average cost 190.244904
[2017-03-12 22:35:47,275] >> epoch 9/793125, average cost 190.211060
[2017-03-12 22:37:38,793] >> epoch 9/810000, average cost 190.311081
[2017-03-12 22:38:44,920] >> epoch 9/820000, average cost 190.355133
[2017-03-12 22:39:48,039] >> epoch 9/830000, average cost 190.162430
[2017-03-12 22:40:54,477] >> epoch 9/840000, average cost 190.136444
[2017-03-12 22:41:54,478] >> epoch 9/850000, average cost 190.128906
[2017-03-12 22:43:03,077] >> epoch 9/860000, average cost 190.041412
[2017-03-12 22:44:05,464] >> epoch 9/870000, average cost 190.290298
[2017-03-12 22:45:09,133] >> epoch 9/880000, average cost 190.177719
[2017-03-12 22:45:15,022] >> epoch 10/881250, average cost 190.179749
[2017-03-12 22:47:13,629] >> epoch 10/900000, average cost 190.507980
[2017-03-12 22:48:22,994] >> epoch 10/910000, average cost 190.083679
[2017-03-12 22:49:27,530] >> epoch 10/920000, average cost 190.250946
[2017-03-12 22:50:32,980] >> epoch 10/930000, average cost 190.053619
[2017-03-12 22:51:34,197] >> epoch 10/940000, average cost 190.080032
[2017-03-12 22:52:37,401] >> epoch 10/950000, average cost 190.038300
[2017-03-12 22:53:43,101] >> epoch 10/960000, average cost 190.275818
[2017-03-12 22:54:43,052] >> epoch 11/969375, average cost 190.150665
[2017-03-12 22:55:55,008] >> epoch 11/980000, average cost 189.829407
[2017-03-12 22:56:56,205] >> epoch 11/990000, average cost 190.578506
[2017-03-12 22:57:59,497] >> epoch 11/1000000, average cost 189.937378
[2017-03-12 22:59:08,658] >> epoch 11/1010000, average cost 190.279922
[2017-03-12 23:00:10,617] >> epoch 11/1020000, average cost 190.029068
[2017-03-12 23:01:16,947] >> epoch 11/1030000, average cost 190.026306
[2017-03-12 23:02:17,901] >> epoch 11/1040000, average cost 190.067673
[2017-03-12 23:03:20,203] >> epoch 11/1050000, average cost 190.247025
[2017-03-12 23:04:11,382] >> epoch 12/1057500, average cost 190.121521
[2017-03-12 23:05:32,701] >> epoch 12/1070000, average cost 189.796661
[2017-03-12 23:06:39,289] >> epoch 12/1080000, average cost 190.624481
[2017-03-12 23:07:41,349] >> epoch 12/1090000, average cost 189.880951
[2017-03-12 23:08:46,729] >> epoch 12/1100000, average cost 190.257126
[2017-03-12 23:09:54,986] >> epoch 12/1110000, average cost 190.013611
[2017-03-12 23:10:57,649] >> epoch 12/1120000, average cost 189.963669
[2017-03-12 23:12:01,993] >> epoch 12/1130000, average cost 190.111221
[2017-03-12 23:12:58,685] >> epoch 12/1140000, average cost 190.179306
[2017-03-12 23:13:40,387] >> epoch 13/1145625, average cost 190.094452
[2017-03-12 23:15:17,152] >> epoch 13/1160000, average cost 189.938690
[2017-03-12 23:16:19,955] >> epoch 13/1170000, average cost 190.485306
[2017-03-12 23:17:24,616] >> epoch 13/1180000, average cost 189.908081
[2017-03-12 23:18:23,727] >> epoch 13/1190000, average cost 190.141220
[2017-03-12 23:19:32,447] >> epoch 13/1200000, average cost 190.010147
[2017-03-12 23:20:37,480] >> epoch 13/1210000, average cost 189.910446
[2017-03-12 23:21:42,420] >> epoch 13/1220000, average cost 190.158630
[2017-03-12 23:22:40,065] >> epoch 13/1230000, average cost 190.115906
[2017-03-12 23:23:06,403] >> epoch 14/1233750, average cost 190.069962
[2017-03-12 23:24:51,420] >> epoch 14/1250000, average cost 190.114853
[2017-03-12 23:25:58,197] >> epoch 14/1260000, average cost 190.282669
[2017-03-12 23:27:03,263] >> epoch 14/1270000, average cost 189.982025
[2017-03-12 23:28:04,492] >> epoch 14/1280000, average cost 190.031082
[2017-03-12 23:29:06,392] >> epoch 14/1290000, average cost 189.995758
[2017-03-12 23:30:15,026] >> epoch 14/1300000, average cost 189.902634
[2017-03-12 23:31:16,515] >> epoch 14/1310000, average cost 190.173203
[2017-03-12 23:32:20,281] >> epoch 14/1320000, average cost 190.057465
[2017-03-12 23:32:32,006] >> epoch 15/1321875, average cost 190.047760
[2017-03-12 23:34:27,731] >> epoch 15/1340000, average cost 190.292877
[2017-03-12 23:35:36,794] >> epoch 15/1350000, average cost 190.032944
[2017-03-12 23:36:37,548] >> epoch 15/1360000, average cost 190.115005
[2017-03-12 23:37:45,592] >> epoch 15/1370000, average cost 189.930481
[2017-03-12 23:38:45,556] >> epoch 15/1380000, average cost 189.971252
[2017-03-12 23:39:50,093] >> epoch 15/1390000, average cost 189.901672
[2017-03-12 23:40:55,001] >> epoch 15/1400000, average cost 190.171280
[2017-03-12 23:41:57,767] >> epoch 15/1410000, average cost 190.022934
[2017-03-12 23:41:57,774] >> epoch 16/1410000, average cost 190.028442
[2017-03-12 23:43:04,298] >> epoch 16/1420000, average cost 189.718063
[2017-03-12 23:44:04,953] >> epoch 16/1430000, average cost 190.438126
[2017-03-12 23:45:09,740] >> epoch 16/1440000, average cost 189.865753
[2017-03-12 23:46:18,719] >> epoch 16/1450000, average cost 190.149292
[2017-03-12 23:47:21,129] >> epoch 16/1460000, average cost 189.913910
[2017-03-12 23:48:25,137] >> epoch 16/1470000, average cost 189.919174
[2017-03-12 23:49:25,492] >> epoch 16/1480000, average cost 189.930756
[2017-03-12 23:50:30,931] >> epoch 16/1490000, average cost 190.142319
[2017-03-12 23:51:24,457] >> epoch 17/1498125, average cost 190.010162
[2017-03-12 23:52:42,335] >> epoch 17/1510000, average cost 189.694153
[2017-03-12 23:53:46,922] >> epoch 17/1520000, average cost 190.491302
[2017-03-12 23:54:47,992] >> epoch 17/1530000, average cost 189.760437
[2017-03-12 23:55:55,448] >> epoch 17/1540000, average cost 190.187668
[2017-03-12 23:57:01,876] >> epoch 17/1550000, average cost 189.910492
[2017-03-12 23:58:06,284] >> epoch 17/1560000, average cost 189.878540
[2017-03-12 23:59:09,002] >> epoch 17/1570000, average cost 189.999405
[2017-03-13 00:00:07,632] >> epoch 17/1580000, average cost 190.082138
[2017-03-13 00:00:51,603] >> epoch 18/1586250, average cost 189.994995
[2017-03-13 00:02:23,257] >> epoch 18/1600000, average cost 189.775269
[2017-03-13 00:03:27,620] >> epoch 18/1610000, average cost 190.453156
[2017-03-13 00:04:30,122] >> epoch 18/1620000, average cost 189.797287
[2017-03-13 00:05:31,447] >> epoch 18/1630000, average cost 190.077774
[2017-03-13 00:06:40,761] >> epoch 18/1640000, average cost 189.918839
[2017-03-13 00:07:43,797] >> epoch 18/1650000, average cost 189.821564
[2017-03-13 00:08:50,332] >> epoch 18/1660000, average cost 190.058624
[2017-03-13 00:09:47,109] >> epoch 18/1670000, average cost 190.036530
[2017-03-13 00:10:17,888] >> epoch 19/1674375, average cost 189.980209
[2017-03-13 00:12:01,269] >> epoch 19/1690000, average cost 189.954712
[2017-03-13 00:13:05,236] >> epoch 19/1700000, average cost 190.281952
[2017-03-13 00:14:11,260] >> epoch 19/1710000, average cost 189.846176
[2017-03-13 00:15:10,921] >> epoch 19/1720000, average cost 189.983032
[2017-03-13 00:16:15,291] >> epoch 19/1730000, average cost 189.914093
[2017-03-13 00:17:24,535] >> epoch 19/1740000, average cost 189.828705
[2017-03-13 00:18:25,945] >> epoch 19/1750000, average cost 190.071548
[2017-03-13 00:19:28,354] >> epoch 19/1760000, average cost 189.990494
[2017-03-13 00:19:44,241] >> epoch 20/1762500, average cost 189.966843
[2017-03-13 00:21:36,816] >> epoch 20/1780000, average cost 190.160172
[2017-03-13 00:22:45,952] >> epoch 20/1790000, average cost 190.035278
[2017-03-13 00:23:47,166] >> epoch 20/1800000, average cost 189.989731
[2017-03-13 00:24:52,732] >> epoch 20/1810000, average cost 189.870407
[2017-03-13 00:25:53,061] >> epoch 20/1820000, average cost 189.921829
[2017-03-13 00:26:59,821] >> epoch 20/1830000, average cost 189.807144
[2017-03-13 00:28:06,063] >> epoch 20/1840000, average cost 190.087357
[2017-03-13 00:29:07,948] >> epoch 20/1850000, average cost 189.969574
[2017-03-13 00:29:10,895] >> epoch 21/1850625, average cost 189.954376
[2017-03-13 00:31:13,969] >> epoch 21/1870000, average cost 190.341049
[2017-03-13 00:32:20,526] >> epoch 21/1880000, average cost 189.819443
[2017-03-13 00:33:27,720] >> epoch 21/1890000, average cost 190.058517
[2017-03-13 00:34:31,214] >> epoch 21/1900000, average cost 189.842133
[2017-03-13 00:35:33,877] >> epoch 21/1910000, average cost 189.880432
[2017-03-13 00:36:35,125] >> epoch 21/1920000, average cost 189.840057
[2017-03-13 00:37:41,307] >> epoch 21/1930000, average cost 190.069244
[2017-03-13 00:38:37,935] >> epoch 22/1938750, average cost 189.942215
[2017-03-13 00:39:52,795] >> epoch 22/1950000, average cost 189.636871
[2017-03-13 00:40:55,869] >> epoch 22/1960000, average cost 190.392776
[2017-03-13 00:41:57,375] >> epoch 22/1970000, average cost 189.719696
[2017-03-13 00:43:06,410] >> epoch 22/1980000, average cost 190.113831
[2017-03-13 00:44:10,173] >> epoch 22/1990000, average cost 189.838745
[2017-03-13 00:45:16,594] >> epoch 22/2000000, average cost 189.825058
[2017-03-13 00:45:16,600] >> epoch 23/2000000, average cost 189.916565
[2017-03-13 00:45:16,605] >> Training finished in 3:34:39.689651
[2017-03-13 00:45:18,734] >> Loading model
[2017-03-13 00:45:19,043] >> Loading datasets
[2017-03-13 00:45:19,045] >> Reconstruction training started with arguments:
{'activation_noise': None,
 'adadelta': False,
 'adadelta_epsilon': '1e-6',
 'adadelta_rho': '0.95',
 'adagrad': False,
 'adagrad_decay': False,
 'batch_size': 128,
 'ce_sparsity': 0.01,
 'ce_sparsity_weight': 0.0,
 'compound': False,
 'corruption_level': 0.2,
 'datasets': (DatasetContainer [PFileStreamDataset@/export/data1/data/ddraper/train.ld.pfile],
              DatasetContainer [],
              DatasetContainer []),
 'epochs': 50,
 'fix_layers': [],
 'graph': False,
 'hooks': [],
 'l1_reg': '0.0',
 'l2_reg': '0.0',
 'layer_args': {1: {}, 2: {}},
 'layers': [3],
 'learning_rate': '0.01',
 'loss': 'crossentropy',
 'minibatches': 2000000,
 'momentum': '',
 'noise': 'mask',
 'sparsity': 0.05,
 'sparsity_weight': 0.0,
 'validate': False,
 'verbosity': 1,
 'warn': False}
[2017-03-13 00:45:19,046] >> Reconstruction training started with da:
{'hidden_activation': u'sigmoid',
 'n_hidden': 800,
 'n_visible': 1000,
 'tied_weights': True,
 'visible_activation': u'sigmoid'}
[2017-03-13 00:45:19,046] >> Compiling theano graph
Using gpu device 0: Tesla M2075 (CNMeM is disabled, cuDNN not available)
[2017-03-13 00:45:29,036] >> Training started
[2017-03-13 00:46:35,501] >> epoch 0/10000, average cost 515.104431
[2017-03-13 00:47:40,208] >> epoch 0/20000, average cost 507.802155
[2017-03-13 00:48:42,300] >> epoch 0/30000, average cost 506.285553
[2017-03-13 00:49:40,597] >> epoch 0/40000, average cost 505.683411
[2017-03-13 00:50:40,916] >> epoch 0/50000, average cost 505.552399
[2017-03-13 00:51:46,043] >> epoch 0/60000, average cost 505.152344
[2017-03-13 00:52:43,588] >> epoch 0/70000, average cost 504.928711
[2017-03-13 00:53:42,916] >> epoch 0/80000, average cost 504.839050
[2017-03-13 00:54:29,311] >> epoch 1/88125, average cost 506.708557
[2017-03-13 00:55:43,403] >> epoch 1/100000, average cost 504.734711
[2017-03-13 00:56:48,481] >> epoch 1/110000, average cost 504.533386
[2017-03-13 00:57:44,024] >> epoch 1/120000, average cost 504.414795
[2017-03-13 00:58:47,642] >> epoch 1/130000, average cost 504.354187
[2017-03-13 00:59:47,488] >> epoch 1/140000, average cost 504.418945
[2017-03-13 01:00:47,353] >> epoch 1/150000, average cost 504.149750
[2017-03-13 01:01:48,752] >> epoch 1/160000, average cost 504.021942
[2017-03-13 01:02:41,624] >> epoch 1/170000, average cost 504.011353
[2017-03-13 01:03:21,963] >> epoch 2/176250, average cost 504.302948
[2017-03-13 01:04:49,081] >> epoch 2/190000, average cost 504.022461
[2017-03-13 01:05:49,645] >> epoch 2/200000, average cost 503.855194
[2017-03-13 01:06:51,320] >> epoch 2/210000, average cost 503.765411
[2017-03-13 01:07:47,683] >> epoch 2/220000, average cost 503.789459
[2017-03-13 01:08:52,387] >> epoch 2/230000, average cost 503.822357
[2017-03-13 01:09:49,669] >> epoch 2/240000, average cost 503.619202
[2017-03-13 01:10:52,468] >> epoch 2/250000, average cost 503.505798
[2017-03-13 01:11:45,832] >> epoch 2/260000, average cost 503.504150
[2017-03-13 01:12:13,436] >> epoch 3/264375, average cost 503.727356
[2017-03-13 01:13:52,034] >> epoch 3/280000, average cost 503.568512
[2017-03-13 01:14:49,868] >> epoch 3/290000, average cost 503.445099
[2017-03-13 01:15:52,479] >> epoch 3/300000, average cost 503.354614
[2017-03-13 01:16:49,880] >> epoch 3/310000, average cost 503.449860
[2017-03-13 01:17:49,632] >> epoch 3/320000, average cost 503.409851
[2017-03-13 01:18:53,665] >> epoch 3/330000, average cost 503.264587
[2017-03-13 01:19:50,341] >> epoch 3/340000, average cost 503.197754
[2017-03-13 01:20:49,633] >> epoch 3/350000, average cost 503.163788
[2017-03-13 01:21:03,593] >> epoch 4/352500, average cost 503.359283
[2017-03-13 01:22:48,590] >> epoch 4/370000, average cost 503.269287
[2017-03-13 01:23:53,425] >> epoch 4/380000, average cost 503.174988
[2017-03-13 01:24:50,452] >> epoch 4/390000, average cost 503.105743
[2017-03-13 01:25:53,080] >> epoch 4/400000, average cost 503.265564
[2017-03-13 01:26:48,277] >> epoch 4/410000, average cost 503.132202
[2017-03-13 01:27:50,803] >> epoch 4/420000, average cost 503.038849
[2017-03-13 01:28:52,010] >> epoch 4/430000, average cost 503.007904
[2017-03-13 01:29:50,091] >> epoch 4/440000, average cost 502.938110
[2017-03-13 01:29:52,754] >> epoch 5/440625, average cost 503.126831
[2017-03-13 01:31:47,556] >> epoch 5/460000, average cost 503.054443
[2017-03-13 01:32:49,845] >> epoch 5/470000, average cost 502.996613
[2017-03-13 01:33:53,716] >> epoch 5/480000, average cost 502.959015
[2017-03-13 01:34:52,845] >> epoch 5/490000, average cost 503.135162
[2017-03-13 01:35:51,404] >> epoch 5/500000, average cost 502.929138
[2017-03-13 01:36:46,865] >> epoch 5/510000, average cost 502.854858
[2017-03-13 01:37:49,921] >> epoch 5/520000, average cost 502.885712
[2017-03-13 01:38:41,938] >> epoch 6/528750, average cost 502.967468
[2017-03-13 01:39:52,689] >> epoch 6/540000, average cost 502.988647
[2017-03-13 01:40:52,028] >> epoch 6/550000, average cost 502.896301
[2017-03-13 01:41:47,602] >> epoch 6/560000, average cost 502.857086
[2017-03-13 01:42:53,175] >> epoch 6/570000, average cost 502.858856
[2017-03-13 01:43:52,408] >> epoch 6/580000, average cost 503.030090
[2017-03-13 01:44:54,438] >> epoch 6/590000, average cost 502.785339
[2017-03-13 01:45:51,315] >> epoch 6/600000, average cost 502.737457
[2017-03-13 01:46:46,184] >> epoch 6/610000, average cost 502.777039
[2017-03-13 01:47:31,076] >> epoch 7/616875, average cost 502.850586
[2017-03-13 01:48:47,185] >> epoch 7/630000, average cost 502.916290
[2017-03-13 01:49:44,125] >> epoch 7/640000, average cost 502.783508
[2017-03-13 01:50:39,520] >> epoch 7/650000, average cost 502.750702
[2017-03-13 01:51:31,671] >> epoch 7/660000, average cost 502.801788
[2017-03-13 01:52:25,208] >> epoch 7/670000, average cost 502.899506
[2017-03-13 01:53:13,121] >> epoch 7/680000, average cost 502.714203
[2017-03-13 01:54:06,945] >> epoch 7/690000, average cost 502.639099
[2017-03-13 01:54:57,877] >> epoch 7/700000, average cost 502.693115
[2017-03-13 01:55:21,079] >> epoch 8/705000, average cost 502.763031
[2017-03-13 01:56:41,054] >> epoch 8/720000, average cost 502.831085
[2017-03-13 01:57:29,135] >> epoch 8/730000, average cost 502.714905
[2017-03-13 01:58:22,605] >> epoch 8/740000, average cost 502.655396
[2017-03-13 01:59:14,613] >> epoch 8/750000, average cost 502.770691
[2017-03-13 02:00:03,909] >> epoch 8/760000, average cost 502.787201
[2017-03-13 02:00:56,023] >> epoch 8/770000, average cost 502.643738
[2017-03-13 02:01:44,240] >> epoch 8/780000, average cost 502.589813
[2017-03-13 02:02:36,949] >> epoch 8/790000, average cost 502.598389
[2017-03-13 02:02:50,252] >> epoch 9/793125, average cost 502.693115
[2017-03-13 02:04:16,425] >> epoch 9/810000, average cost 502.748962
[2017-03-13 02:05:08,445] >> epoch 9/820000, average cost 502.656097
[2017-03-13 02:05:55,748] >> epoch 9/830000, average cost 502.596741
[2017-03-13 02:06:47,628] >> epoch 9/840000, average cost 502.757050
[2017-03-13 02:07:34,729] >> epoch 9/850000, average cost 502.667603
[2017-03-13 02:08:26,932] >> epoch 9/860000, average cost 502.590546
[2017-03-13 02:09:19,057] >> epoch 9/870000, average cost 502.545654
[2017-03-13 02:10:07,161] >> epoch 9/880000, average cost 502.515503
[2017-03-13 02:10:12,486] >> epoch 10/881250, average cost 502.636444
[2017-03-13 02:11:46,942] >> epoch 10/900000, average cost 502.658905
[2017-03-13 02:12:39,720] >> epoch 10/910000, average cost 502.602814
[2017-03-13 02:13:31,444] >> epoch 10/920000, average cost 502.563263
[2017-03-13 02:14:20,637] >> epoch 10/930000, average cost 502.752502
[2017-03-13 02:15:12,609] >> epoch 10/940000, average cost 502.573853
[2017-03-13 02:16:00,207] >> epoch 10/950000, average cost 502.521149
[2017-03-13 02:16:52,500] >> epoch 10/960000, average cost 502.523743
[2017-03-13 02:17:37,748] >> epoch 11/969375, average cost 502.591278
[2017-03-13 02:18:32,569] >> epoch 11/980000, average cost 502.645203
[2017-03-13 02:19:24,832] >> epoch 11/990000, average cost 502.604492
[2017-03-13 02:20:12,328] >> epoch 11/1000000, average cost 502.548096
[2017-03-13 02:21:04,846] >> epoch 11/1010000, average cost 502.547089
[2017-03-13 02:21:52,846] >> epoch 11/1020000, average cost 502.734863
[2017-03-13 02:22:45,587] >> epoch 11/1030000, average cost 502.498688
[2017-03-13 02:23:36,617] >> epoch 11/1040000, average cost 502.456085
[2017-03-13 02:24:24,879] >> epoch 11/1050000, average cost 502.502289
[2017-03-13 02:25:01,849] >> epoch 12/1057500, average cost 502.553192
[2017-03-13 02:26:06,036] >> epoch 12/1070000, average cost 502.649414
[2017-03-13 02:26:59,332] >> epoch 12/1080000, average cost 502.532990
[2017-03-13 02:27:52,800] >> epoch 12/1090000, average cost 502.507812
[2017-03-13 02:28:41,307] >> epoch 12/1100000, average cost 502.548706
[2017-03-13 02:29:33,767] >> epoch 12/1110000, average cost 502.675354
[2017-03-13 02:30:21,123] >> epoch 12/1120000, average cost 502.480255
[2017-03-13 02:31:14,073] >> epoch 12/1130000, average cost 502.423248
[2017-03-13 02:32:01,490] >> epoch 12/1140000, average cost 502.469208
[2017-03-13 02:32:30,785] >> epoch 13/1145625, average cost 502.523102
[2017-03-13 02:33:47,375] >> epoch 13/1160000, average cost 502.618500
[2017-03-13 02:34:34,575] >> epoch 13/1170000, average cost 502.512787
[2017-03-13 02:35:27,461] >> epoch 13/1180000, average cost 502.460785
[2017-03-13 02:36:16,572] >> epoch 13/1190000, average cost 502.549652
[2017-03-13 02:37:09,481] >> epoch 13/1200000, average cost 502.606537
[2017-03-13 02:38:00,661] >> epoch 13/1210000, average cost 502.465698
[2017-03-13 02:38:49,188] >> epoch 13/1220000, average cost 502.399963
[2017-03-13 02:39:40,698] >> epoch 13/1230000, average cost 502.421661
[2017-03-13 02:39:56,655] >> epoch 14/1233750, average cost 502.496124
[2017-03-13 02:41:22,297] >> epoch 14/1250000, average cost 502.579987
[2017-03-13 02:42:15,272] >> epoch 14/1260000, average cost 502.490540
[2017-03-13 02:43:03,128] >> epoch 14/1270000, average cost 502.422852
[2017-03-13 02:43:55,190] >> epoch 14/1280000, average cost 502.583405
[2017-03-13 02:44:42,733] >> epoch 14/1290000, average cost 502.519104
[2017-03-13 02:45:35,764] >> epoch 14/1300000, average cost 502.429138
[2017-03-13 02:46:23,668] >> epoch 14/1310000, average cost 502.388489
[2017-03-13 02:47:15,396] >> epoch 14/1320000, average cost 502.367035
[2017-03-13 02:47:23,381] >> epoch 15/1321875, average cost 502.470276
[2017-03-13 02:48:56,324] >> epoch 15/1340000, average cost 502.523285
[2017-03-13 02:49:49,035] >> epoch 15/1350000, average cost 502.457001
[2017-03-13 02:50:36,693] >> epoch 15/1360000, average cost 502.400940
[2017-03-13 02:51:30,079] >> epoch 15/1370000, average cost 502.600708
[2017-03-13 02:52:23,697] >> epoch 15/1380000, average cost 502.449463
[2017-03-13 02:53:11,557] >> epoch 15/1390000, average cost 502.387390
[2017-03-13 02:54:03,794] >> epoch 15/1400000, average cost 502.379059
[2017-03-13 02:54:51,623] >> epoch 15/1410000, average cost 502.319458
[2017-03-13 02:54:51,631] >> epoch 16/1410000, average cost 502.445984
[2017-03-13 02:55:43,982] >> epoch 16/1420000, average cost 502.508087
[2017-03-13 02:56:36,382] >> epoch 16/1430000, average cost 502.468048
[2017-03-13 02:57:23,899] >> epoch 16/1440000, average cost 502.425690
[2017-03-13 02:58:17,198] >> epoch 16/1450000, average cost 502.404114
[2017-03-13 02:59:05,259] >> epoch 16/1460000, average cost 502.604797
[2017-03-13 02:59:57,386] >> epoch 16/1470000, average cost 502.383789
[2017-03-13 03:00:46,504] >> epoch 16/1480000, average cost 502.338257
[2017-03-13 03:01:36,921] >> epoch 16/1490000, average cost 502.378845
[2017-03-13 03:02:16,607] >> epoch 17/1498125, average cost 502.424133
[2017-03-13 03:03:17,964] >> epoch 17/1510000, average cost 502.515198
[2017-03-13 03:04:11,078] >> epoch 17/1520000, average cost 502.421692
[2017-03-13 03:04:59,893] >> epoch 17/1530000, average cost 502.392456
[2017-03-13 03:05:51,272] >> epoch 17/1540000, average cost 502.417847
[2017-03-13 03:06:43,222] >> epoch 17/1550000, average cost 502.576202
[2017-03-13 03:07:31,063] >> epoch 17/1560000, average cost 502.356201
[2017-03-13 03:08:23,328] >> epoch 17/1570000, average cost 502.304810
[2017-03-13 03:09:10,005] >> epoch 17/1580000, average cost 502.362610
[2017-03-13 03:09:41,406] >> epoch 18/1586250, average cost 502.405396
[2017-03-13 03:10:54,482] >> epoch 18/1600000, average cost 502.506012
[2017-03-13 03:11:42,039] >> epoch 18/1610000, average cost 502.396545
[2017-03-13 03:12:35,104] >> epoch 18/1620000, average cost 502.357086
[2017-03-13 03:13:22,587] >> epoch 18/1630000, average cost 502.435944
[2017-03-13 03:14:15,137] >> epoch 18/1640000, average cost 502.516205
[2017-03-13 03:15:05,353] >> epoch 18/1650000, average cost 502.359894
[2017-03-13 03:15:55,583] >> epoch 18/1660000, average cost 502.281189
[2017-03-13 03:16:47,214] >> epoch 18/1670000, average cost 502.324005
[2017-03-13 03:17:05,827] >> epoch 19/1674375, average cost 502.388519
[2017-03-13 03:18:26,698] >> epoch 19/1690000, average cost 502.482605
[2017-03-13 03:19:16,861] >> epoch 19/1700000, average cost 502.391388
[2017-03-13 03:20:07,353] >> epoch 19/1710000, average cost 502.326691
[2017-03-13 03:21:00,043] >> epoch 19/1720000, average cost 502.464996
[2017-03-13 03:21:47,392] >> epoch 19/1730000, average cost 502.447144
[2017-03-13 03:22:40,161] >> epoch 19/1740000, average cost 502.335541
[2017-03-13 03:23:27,472] >> epoch 19/1750000, average cost 502.285492
[2017-03-13 03:24:18,961] >> epoch 19/1760000, average cost 502.276306
[2017-03-13 03:24:29,606] >> epoch 20/1762500, average cost 502.372223
[2017-03-13 03:25:58,825] >> epoch 20/1780000, average cost 502.442505
[2017-03-13 03:26:51,103] >> epoch 20/1790000, average cost 502.374695
[2017-03-13 03:27:38,181] >> epoch 20/1800000, average cost 502.310699
[2017-03-13 03:28:30,112] >> epoch 20/1810000, average cost 502.501099
[2017-03-13 03:29:19,813] >> epoch 20/1820000, average cost 502.369965
[2017-03-13 03:30:09,655] >> epoch 20/1830000, average cost 502.308014
[2017-03-13 03:31:02,004] >> epoch 20/1840000, average cost 502.290405
[2017-03-13 03:31:49,648] >> epoch 20/1850000, average cost 502.239258
[2017-03-13 03:31:52,310] >> epoch 21/1850625, average cost 502.357513
[2017-03-13 03:33:33,688] >> epoch 21/1870000, average cost 502.389862
[2017-03-13 03:34:23,382] >> epoch 21/1880000, average cost 502.344788
[2017-03-13 03:35:15,946] >> epoch 21/1890000, average cost 502.320740
[2017-03-13 03:36:03,053] >> epoch 21/1900000, average cost 502.515961
[2017-03-13 03:36:55,411] >> epoch 21/1910000, average cost 502.315094
[2017-03-13 03:37:42,703] >> epoch 21/1920000, average cost 502.265503
[2017-03-13 03:38:34,511] >> epoch 21/1930000, average cost 502.293610
[2017-03-13 03:39:16,690] >> epoch 22/1938750, average cost 502.342773
[2017-03-13 03:40:14,817] >> epoch 22/1950000, average cost 502.431885
[2017-03-13 03:41:08,199] >> epoch 22/1960000, average cost 502.348785
[2017-03-13 03:41:55,711] >> epoch 22/1970000, average cost 502.320557
[2017-03-13 03:42:48,214] >> epoch 22/1980000, average cost 502.338745
[2017-03-13 03:43:38,665] >> epoch 22/1990000, average cost 502.509888
[2017-03-13 03:44:28,409] >> epoch 22/2000000, average cost 502.274414
[2017-03-13 03:44:28,414] >> epoch 23/2000000, average cost 502.370209
[2017-03-13 03:44:28,419] >> Training finished in 2:58:59.375613
[2017-03-13 03:44:30,316] >> Loading model
[2017-03-13 03:44:30,580] >> Loading datasets
[2017-03-13 03:44:30,583] >> Reconstruction training started with arguments:
{'activation_noise': None,
 'adadelta': False,
 'adadelta_epsilon': '1e-6',
 'adadelta_rho': '0.95',
 'adagrad': False,
 'adagrad_decay': False,
 'batch_size': 128,
 'ce_sparsity': 0.01,
 'ce_sparsity_weight': 0.0,
 'compound': False,
 'corruption_level': 0.2,
 'datasets': (DatasetContainer [PFileStreamDataset@/export/data1/data/ddraper/train.ld.pfile],
              DatasetContainer [],
              DatasetContainer []),
 'epochs': 50,
 'fix_layers': [],
 'graph': False,
 'hooks': [],
 'l1_reg': '0.0',
 'l2_reg': '0.0',
 'layer_args': {1: {}, 2: {}, 3: {}},
 'layers': [4],
 'learning_rate': '0.01',
 'loss': 'crossentropy',
 'minibatches': 2000000,
 'momentum': '',
 'noise': 'mask',
 'sparsity': 0.05,
 'sparsity_weight': 0.0,
 'validate': False,
 'verbosity': 1,
 'warn': False}
[2017-03-13 03:44:30,583] >> Reconstruction training started with da:
{'hidden_activation': u'sigmoid',
 'n_hidden': 600,
 'n_visible': 800,
 'tied_weights': True,
 'visible_activation': u'sigmoid'}
[2017-03-13 03:44:30,584] >> Compiling theano graph
Using gpu device 0: Tesla M2075 (CNMeM is disabled, cuDNN not available)
[2017-03-13 03:44:39,169] >> Training started
[2017-03-13 03:45:29,831] >> epoch 0/10000, average cost 79.500214
[2017-03-13 03:46:21,716] >> epoch 0/20000, average cost 76.573112
[2017-03-13 03:47:09,507] >> epoch 0/30000, average cost 75.713989
[2017-03-13 03:48:01,996] >> epoch 0/40000, average cost 75.752769
[2017-03-13 03:48:49,131] >> epoch 0/50000, average cost 75.381516
[2017-03-13 03:49:40,325] >> epoch 0/60000, average cost 75.317200
[2017-03-13 03:50:29,661] >> epoch 0/70000, average cost 75.268890
[2017-03-13 03:51:18,739] >> epoch 0/80000, average cost 75.449615
[2017-03-13 03:51:57,464] >> epoch 1/88125, average cost 76.047310
[2017-03-13 03:52:56,555] >> epoch 1/100000, average cost 74.980888
[2017-03-13 03:53:48,478] >> epoch 1/110000, average cost 75.574486
[2017-03-13 03:54:36,172] >> epoch 1/120000, average cost 74.958824
[2017-03-13 03:55:26,924] >> epoch 1/130000, average cost 75.234062
[2017-03-13 03:56:18,788] >> epoch 1/140000, average cost 74.925255
[2017-03-13 03:57:05,137] >> epoch 1/150000, average cost 74.871552
[2017-03-13 03:57:56,942] >> epoch 1/160000, average cost 74.945625
[2017-03-13 03:58:42,960] >> epoch 1/170000, average cost 75.061180
[2017-03-13 03:59:14,183] >> epoch 2/176250, average cost 75.066307
[2017-03-13 04:00:27,000] >> epoch 2/190000, average cost 74.730827
[2017-03-13 04:01:13,507] >> epoch 2/200000, average cost 75.248901
[2017-03-13 04:02:04,524] >> epoch 2/210000, average cost 74.745087
[2017-03-13 04:02:50,996] >> epoch 2/220000, average cost 74.883972
[2017-03-13 04:03:42,943] >> epoch 2/230000, average cost 74.691299
[2017-03-13 04:04:32,437] >> epoch 2/240000, average cost 74.598320
[2017-03-13 04:05:22,313] >> epoch 2/250000, average cost 74.805145
[2017-03-13 04:06:14,001] >> epoch 2/260000, average cost 74.830734
[2017-03-13 04:06:32,141] >> epoch 3/264375, average cost 74.815582
[2017-03-13 04:07:51,670] >> epoch 3/280000, average cost 74.694626
[2017-03-13 04:08:40,380] >> epoch 3/290000, average cost 74.946457
[2017-03-13 04:09:29,272] >> epoch 3/300000, average cost 74.619919
[2017-03-13 04:10:20,550] >> epoch 3/310000, average cost 74.626663
[2017-03-13 04:11:07,126] >> epoch 3/320000, average cost 74.560722
[2017-03-13 04:12:00,046] >> epoch 3/330000, average cost 74.440735
[2017-03-13 04:12:47,058] >> epoch 3/340000, average cost 74.707924
[2017-03-13 04:13:38,460] >> epoch 3/350000, average cost 74.664749
[2017-03-13 04:13:48,831] >> epoch 4/352500, average cost 74.653946
[2017-03-13 04:15:18,901] >> epoch 4/370000, average cost 74.726288
[2017-03-13 04:16:11,204] >> epoch 4/380000, average cost 74.642685
[2017-03-13 04:16:57,520] >> epoch 4/390000, average cost 74.617409
[2017-03-13 04:17:48,933] >> epoch 4/400000, average cost 74.426163
[2017-03-13 04:18:37,668] >> epoch 4/410000, average cost 74.455299
[2017-03-13 04:19:26,839] >> epoch 4/420000, average cost 74.334160
[2017-03-13 04:20:18,454] >> epoch 4/430000, average cost 74.618034
[2017-03-13 04:21:05,274] >> epoch 4/440000, average cost 74.554092
[2017-03-13 04:21:07,870] >> epoch 5/440625, average cost 74.537476
[2017-03-13 04:22:49,924] >> epoch 5/460000, average cost 74.773285
[2017-03-13 04:23:39,283] >> epoch 5/470000, average cost 74.397087
[2017-03-13 04:24:30,951] >> epoch 5/480000, average cost 74.578201
[2017-03-13 04:25:17,829] >> epoch 5/490000, average cost 74.298615
[2017-03-13 04:26:11,129] >> epoch 5/500000, average cost 74.349319
[2017-03-13 04:26:57,762] >> epoch 5/510000, average cost 74.280975
[2017-03-13 04:27:48,472] >> epoch 5/520000, average cost 74.543938
[2017-03-13 04:28:29,674] >> epoch 6/528750, average cost 74.445435
[2017-03-13 04:29:26,239] >> epoch 6/540000, average cost 74.188858
[2017-03-13 04:30:18,098] >> epoch 6/550000, average cost 74.763817
[2017-03-13 04:31:04,821] >> epoch 6/560000, average cost 74.244652
[2017-03-13 04:31:56,975] >> epoch 6/570000, average cost 74.525192
[2017-03-13 04:32:47,256] >> epoch 6/580000, average cost 74.227165
[2017-03-13 04:33:36,567] >> epoch 6/590000, average cost 74.221939
[2017-03-13 04:34:29,727] >> epoch 6/600000, average cost 74.285599
[2017-03-13 04:35:16,279] >> epoch 6/610000, average cost 74.445488
[2017-03-13 04:35:49,674] >> epoch 7/616875, average cost 74.365944
[2017-03-13 04:36:56,912] >> epoch 7/630000, average cost 74.111984
[2017-03-13 04:37:45,795] >> epoch 7/640000, average cost 74.731987
[2017-03-13 04:38:38,903] >> epoch 7/650000, average cost 74.170166
[2017-03-13 04:39:25,628] >> epoch 7/660000, average cost 74.393265
[2017-03-13 04:40:17,921] >> epoch 7/670000, average cost 74.182411
[2017-03-13 04:41:05,039] >> epoch 7/680000, average cost 74.097534
[2017-03-13 04:41:57,474] >> epoch 7/690000, average cost 74.286743
[2017-03-13 04:42:46,349] >> epoch 7/700000, average cost 74.350861
[2017-03-13 04:43:09,181] >> epoch 8/705000, average cost 74.289322
[2017-03-13 04:44:26,965] >> epoch 8/720000, average cost 74.178711
[2017-03-13 04:45:13,437] >> epoch 8/730000, average cost 74.526413
[2017-03-13 04:46:05,248] >> epoch 8/740000, average cost 74.140427
[2017-03-13 04:46:55,280] >> epoch 8/750000, average cost 74.206253
[2017-03-13 04:47:44,671] >> epoch 8/760000, average cost 74.111275
[2017-03-13 04:48:36,940] >> epoch 8/770000, average cost 73.989326
[2017-03-13 04:49:24,010] >> epoch 8/780000, average cost 74.246681
[2017-03-13 04:50:15,687] >> epoch 8/790000, average cost 74.235695
[2017-03-13 04:50:28,649] >> epoch 9/793125, average cost 74.199020
[2017-03-13 04:51:53,903] >> epoch 9/810000, average cost 74.231262
[2017-03-13 04:52:46,293] >> epoch 9/820000, average cost 74.268684
[2017-03-13 04:53:33,310] >> epoch 9/830000, average cost 74.146126
[2017-03-13 04:54:25,147] >> epoch 9/840000, average cost 74.027306
[2017-03-13 04:55:11,920] >> epoch 9/850000, average cost 74.026535
[2017-03-13 04:56:05,024] >> epoch 9/860000, average cost 73.913467
[2017-03-13 04:56:55,388] >> epoch 9/870000, average cost 74.180237
[2017-03-13 04:57:42,758] >> epoch 9/880000, average cost 74.119591
[2017-03-13 04:57:47,947] >> epoch 10/881250, average cost 74.107544
[2017-03-13 04:59:20,611] >> epoch 10/900000, average cost 74.318436
[2017-03-13 05:00:12,848] >> epoch 10/910000, average cost 74.012733
[2017-03-13 05:01:03,046] >> epoch 10/920000, average cost 74.131203
[2017-03-13 05:01:50,932] >> epoch 10/930000, average cost 73.874573
[2017-03-13 05:02:43,097] >> epoch 10/940000, average cost 73.917831
[2017-03-13 05:03:30,021] >> epoch 10/950000, average cost 73.838913
[2017-03-13 05:04:22,093] >> epoch 10/960000, average cost 74.098602
[2017-03-13 05:05:06,027] >> epoch 11/969375, average cost 74.011299
[2017-03-13 05:06:00,596] >> epoch 11/980000, average cost 73.758934
[2017-03-13 05:06:52,296] >> epoch 11/990000, average cost 74.298393
[2017-03-13 05:07:38,637] >> epoch 11/1000000, average cost 73.816994
[2017-03-13 05:08:30,487] >> epoch 11/1010000, average cost 74.062233
[2017-03-13 05:09:17,474] >> epoch 11/1020000, average cost 73.786674
[2017-03-13 05:10:09,930] >> epoch 11/1030000, average cost 73.792038
[2017-03-13 05:11:01,200] >> epoch 11/1040000, average cost 73.801041
[2017-03-13 05:11:48,816] >> epoch 11/1050000, average cost 73.996536
[2017-03-13 05:12:24,748] >> epoch 12/1057500, average cost 73.916100
[2017-03-13 05:13:26,497] >> epoch 12/1070000, average cost 73.632126
[2017-03-13 05:14:17,741] >> epoch 12/1080000, average cost 74.283211
[2017-03-13 05:15:09,005] >> epoch 12/1090000, average cost 73.711189
[2017-03-13 05:15:56,028] >> epoch 12/1100000, average cost 73.963409
[2017-03-13 05:16:47,201] >> epoch 12/1110000, average cost 73.712151
[2017-03-13 05:17:33,553] >> epoch 12/1120000, average cost 73.659775
[2017-03-13 05:18:25,088] >> epoch 12/1130000, average cost 73.814224
[2017-03-13 05:19:11,047] >> epoch 12/1140000, average cost 73.884697
[2017-03-13 05:19:39,644] >> epoch 13/1145625, average cost 73.832542
[2017-03-13 05:20:55,013] >> epoch 13/1160000, average cost 73.667213
[2017-03-13 05:21:42,557] >> epoch 13/1170000, average cost 74.118484
[2017-03-13 05:22:33,862] >> epoch 13/1180000, average cost 73.667664
[2017-03-13 05:23:20,892] >> epoch 13/1190000, average cost 73.792137
[2017-03-13 05:24:13,452] >> epoch 13/1200000, average cost 73.650826
[2017-03-13 05:25:05,116] >> epoch 13/1210000, average cost 73.551353
[2017-03-13 05:25:52,384] >> epoch 13/1220000, average cost 73.787239
[2017-03-13 05:26:43,310] >> epoch 13/1230000, average cost 73.778534
[2017-03-13 05:26:58,855] >> epoch 14/1233750, average cost 73.749138
[2017-03-13 05:28:21,964] >> epoch 14/1250000, average cost 73.719788
[2017-03-13 05:29:12,484] >> epoch 14/1260000, average cost 73.885414
[2017-03-13 05:29:59,322] >> epoch 14/1270000, average cost 73.655937
[2017-03-13 05:30:50,602] >> epoch 14/1280000, average cost 73.612488
[2017-03-13 05:31:37,195] >> epoch 14/1290000, average cost 73.573349
[2017-03-13 05:32:28,469] >> epoch 14/1300000, average cost 73.458443
[2017-03-13 05:33:14,939] >> epoch 14/1310000, average cost 73.730270
[2017-03-13 05:34:05,625] >> epoch 14/1320000, average cost 73.670784
[2017-03-13 05:34:13,404] >> epoch 15/1321875, average cost 73.657959
[2017-03-13 05:35:44,117] >> epoch 15/1340000, average cost 73.805672
[2017-03-13 05:36:35,440] >> epoch 15/1350000, average cost 73.629860
[2017-03-13 05:37:22,017] >> epoch 15/1360000, average cost 73.671814
[2017-03-13 05:38:14,214] >> epoch 15/1370000, average cost 73.445358
[2017-03-13 05:39:06,560] >> epoch 15/1380000, average cost 73.475624
[2017-03-13 05:39:53,861] >> epoch 15/1390000, average cost 73.391335
[2017-03-13 05:40:45,243] >> epoch 15/1400000, average cost 73.660782
[2017-03-13 05:41:31,503] >> epoch 15/1410000, average cost 73.594810
[2017-03-13 05:41:31,510] >> epoch 16/1410000, average cost 73.572632
[2017-03-13 05:42:23,364] >> epoch 16/1420000, average cost 73.348465
[2017-03-13 05:43:15,405] >> epoch 16/1430000, average cost 73.849060
[2017-03-13 05:44:02,002] >> epoch 16/1440000, average cost 73.423347
[2017-03-13 05:44:54,600] >> epoch 16/1450000, average cost 73.641487
[2017-03-13 05:45:41,473] >> epoch 16/1460000, average cost 73.359596
[2017-03-13 05:46:34,282] >> epoch 16/1470000, average cost 73.384003
[2017-03-13 05:47:23,572] >> epoch 16/1480000, average cost 73.365715
[2017-03-13 05:48:13,427] >> epoch 16/1490000, average cost 73.593277
[2017-03-13 05:48:52,626] >> epoch 17/1498125, average cost 73.498329
[2017-03-13 05:49:51,784] >> epoch 17/1510000, average cost 73.234802
[2017-03-13 05:50:43,142] >> epoch 17/1520000, average cost 73.842865
[2017-03-13 05:51:30,964] >> epoch 17/1530000, average cost 73.290359
[2017-03-13 05:52:21,813] >> epoch 17/1540000, average cost 73.584732
[2017-03-13 05:53:13,670] >> epoch 17/1550000, average cost 73.312775
[2017-03-13 05:54:00,521] >> epoch 17/1560000, average cost 73.270050
[2017-03-13 05:54:53,043] >> epoch 17/1570000, average cost 73.361382
[2017-03-13 05:55:39,495] >> epoch 17/1580000, average cost 73.501953
[2017-03-13 05:56:10,839] >> epoch 18/1586250, average cost 73.425987
[2017-03-13 05:57:22,887] >> epoch 18/1600000, average cost 73.232132
[2017-03-13 05:58:09,388] >> epoch 18/1610000, average cost 73.739838
[2017-03-13 05:59:00,525] >> epoch 18/1620000, average cost 73.261963
[2017-03-13 05:59:46,784] >> epoch 18/1630000, average cost 73.436409
[2017-03-13 06:00:37,855] >> epoch 18/1640000, average cost 73.264786
[2017-03-13 06:01:26,416] >> epoch 18/1650000, average cost 73.161461
[2017-03-13 06:02:16,204] >> epoch 18/1660000, average cost 73.384666
[2017-03-13 06:03:07,583] >> epoch 18/1670000, average cost 73.409836
[2017-03-13 06:03:25,736] >> epoch 19/1674375, average cost 73.359283
[2017-03-13 06:04:47,459] >> epoch 19/1690000, average cost 73.291641
[2017-03-13 06:05:36,740] >> epoch 19/1700000, average cost 73.578964
[2017-03-13 06:06:25,613] >> epoch 19/1710000, average cost 73.260628
[2017-03-13 06:07:17,090] >> epoch 19/1720000, average cost 73.283760
[2017-03-13 06:08:03,347] >> epoch 19/1730000, average cost 73.207138
[2017-03-13 06:08:54,638] >> epoch 19/1740000, average cost 73.119270
[2017-03-13 06:09:41,177] >> epoch 19/1750000, average cost 73.359169
[2017-03-13 06:10:32,636] >> epoch 19/1760000, average cost 73.326378
[2017-03-13 06:10:43,003] >> epoch 20/1762500, average cost 73.299248
[2017-03-13 06:12:10,283] >> epoch 20/1780000, average cost 73.402405
[2017-03-13 06:13:01,457] >> epoch 20/1790000, average cost 73.345390
[2017-03-13 06:13:47,863] >> epoch 20/1800000, average cost 73.325035
[2017-03-13 06:14:38,956] >> epoch 20/1810000, average cost 73.148849
[2017-03-13 06:15:27,344] >> epoch 20/1820000, average cost 73.162003
[2017-03-13 06:16:16,482] >> epoch 20/1830000, average cost 73.068436
[2017-03-13 06:17:07,231] >> epoch 20/1840000, average cost 73.324638
[2017-03-13 06:17:53,702] >> epoch 20/1850000, average cost 73.289124
[2017-03-13 06:17:56,299] >> epoch 21/1850625, average cost 73.246925
[2017-03-13 06:19:34,892] >> epoch 21/1870000, average cost 73.516426
[2017-03-13 06:20:23,914] >> epoch 21/1880000, average cost 73.144722
[2017-03-13 06:21:15,761] >> epoch 21/1890000, average cost 73.327652
[2017-03-13 06:22:02,577] >> epoch 21/1900000, average cost 73.061279
[2017-03-13 06:22:54,593] >> epoch 21/1910000, average cost 73.099480
[2017-03-13 06:23:41,304] >> epoch 21/1920000, average cost 73.065239
[2017-03-13 06:24:32,776] >> epoch 21/1930000, average cost 73.304817
[2017-03-13 06:25:14,423] >> epoch 22/1938750, average cost 73.200920
[2017-03-13 06:26:11,009] >> epoch 22/1950000, average cost 72.971848
[2017-03-13 06:27:02,305] >> epoch 22/1960000, average cost 73.531616
[2017-03-13 06:27:48,474] >> epoch 22/1970000, average cost 73.044853
[2017-03-13 06:28:39,510] >> epoch 22/1980000, average cost 73.308678
[2017-03-13 06:29:28,636] >> epoch 22/1990000, average cost 73.044907
[2017-03-13 06:30:17,050] >> epoch 22/2000000, average cost 73.019150
[2017-03-13 06:30:17,055] >> epoch 23/2000000, average cost 73.151855
[2017-03-13 06:30:17,061] >> Training finished in 2:45:37.877780
[2017-03-13 06:30:18,684] >> Loading model
[2017-03-13 06:30:18,924] >> Loading datasets
[2017-03-13 06:30:18,927] >> Reconstruction training started with arguments:
{'activation_noise': None,
 'adadelta': False,
 'adadelta_epsilon': '1e-6',
 'adadelta_rho': '0.95',
 'adagrad': False,
 'adagrad_decay': False,
 'batch_size': 128,
 'ce_sparsity': 0.01,
 'ce_sparsity_weight': 0.0,
 'compound': False,
 'corruption_level': 0.2,
 'datasets': (DatasetContainer [PFileStreamDataset@/export/data1/data/ddraper/train.ld.pfile],
              DatasetContainer [],
              DatasetContainer []),
 'epochs': 50,
 'fix_layers': [],
 'graph': False,
 'hooks': [],
 'l1_reg': '0.0',
 'l2_reg': '0.0',
 'layer_args': {1: {}, 2: {}, 3: {}, 4: {}},
 'layers': [5],
 'learning_rate': '0.01',
 'loss': 'crossentropy',
 'minibatches': 2000000,
 'momentum': '',
 'noise': 'mask',
 'sparsity': 0.05,
 'sparsity_weight': 0.0,
 'validate': False,
 'verbosity': 1,
 'warn': False}
[2017-03-13 06:30:18,927] >> Reconstruction training started with da:
{'hidden_activation': u'sigmoid',
 'n_hidden': 400,
 'n_visible': 600,
 'tied_weights': True,
 'visible_activation': u'sigmoid'}
[2017-03-13 06:30:18,927] >> Compiling theano graph
Using gpu device 0: Tesla M2075 (CNMeM is disabled, cuDNN not available)
[2017-03-13 06:30:27,533] >> Training started
[2017-03-13 06:31:15,208] >> epoch 0/10000, average cost 166.556000
[2017-03-13 06:32:03,613] >> epoch 0/20000, average cost 163.118378
[2017-03-13 06:32:48,293] >> epoch 0/30000, average cost 161.688400
[2017-03-13 06:33:37,474] >> epoch 0/40000, average cost 161.142532
[2017-03-13 06:34:21,486] >> epoch 0/50000, average cost 160.661209
[2017-03-13 06:35:09,329] >> epoch 0/60000, average cost 160.455368
[2017-03-13 06:35:55,226] >> epoch 0/70000, average cost 160.311050
[2017-03-13 06:36:41,462] >> epoch 0/80000, average cost 160.249359
[2017-03-13 06:37:17,916] >> epoch 1/88125, average cost 161.619766
[2017-03-13 06:38:13,892] >> epoch 1/100000, average cost 160.046432
[2017-03-13 06:39:02,155] >> epoch 1/110000, average cost 160.131104
[2017-03-13 06:39:48,356] >> epoch 1/120000, average cost 159.839432
[2017-03-13 06:40:34,655] >> epoch 1/130000, average cost 159.871826
[2017-03-13 06:41:22,692] >> epoch 1/140000, average cost 159.681732
[2017-03-13 06:42:06,475] >> epoch 1/150000, average cost 159.626083
[2017-03-13 06:42:54,713] >> epoch 1/160000, average cost 159.676102
[2017-03-13 06:43:37,536] >> epoch 1/170000, average cost 159.664536
[2017-03-13 06:44:06,619] >> epoch 2/176250, average cost 159.807312
[2017-03-13 06:45:13,372] >> epoch 2/190000, average cost 159.592651
[2017-03-13 06:45:56,949] >> epoch 2/200000, average cost 159.711487
[2017-03-13 06:46:44,639] >> epoch 2/210000, average cost 159.470718
[2017-03-13 06:47:27,913] >> epoch 2/220000, average cost 159.493179
[2017-03-13 06:48:15,594] >> epoch 2/230000, average cost 159.366669
[2017-03-13 06:49:00,664] >> epoch 2/240000, average cost 159.309311
[2017-03-13 06:49:46,913] >> epoch 2/250000, average cost 159.428131
[2017-03-13 06:50:33,676] >> epoch 2/260000, average cost 159.395325
[2017-03-13 06:50:51,209] >> epoch 3/264375, average cost 159.472565
[2017-03-13 06:52:06,850] >> epoch 3/280000, average cost 159.392502
[2017-03-13 06:52:52,668] >> epoch 3/290000, average cost 159.447159
[2017-03-13 06:53:38,613] >> epoch 3/300000, average cost 159.267029
[2017-03-13 06:54:26,648] >> epoch 3/310000, average cost 159.245819
[2017-03-13 06:55:09,969] >> epoch 3/320000, average cost 159.186356
[2017-03-13 06:55:57,792] >> epoch 3/330000, average cost 159.117416
[2017-03-13 06:56:41,212] >> epoch 3/340000, average cost 159.240326
[2017-03-13 06:57:28,521] >> epoch 3/350000, average cost 159.198807
[2017-03-13 06:57:38,243] >> epoch 4/352500, average cost 159.269516
[2017-03-13 06:58:59,754] >> epoch 4/370000, average cost 159.263092
[2017-03-13 06:59:47,601] >> epoch 4/380000, average cost 159.214066
[2017-03-13 07:00:30,855] >> epoch 4/390000, average cost 159.146957
[2017-03-13 07:01:18,527] >> epoch 4/400000, average cost 159.048340
[2017-03-13 07:02:03,735] >> epoch 4/410000, average cost 159.041519
[2017-03-13 07:02:49,543] >> epoch 4/420000, average cost 158.983032
[2017-03-13 07:03:36,817] >> epoch 4/430000, average cost 159.095917
[2017-03-13 07:04:20,245] >> epoch 4/440000, average cost 159.047623
[2017-03-13 07:04:22,676] >> epoch 5/440625, average cost 159.116013
[2017-03-13 07:05:53,724] >> epoch 5/460000, average cost 159.181076
[2017-03-13 07:06:39,379] >> epoch 5/470000, average cost 159.024521
[2017-03-13 07:07:27,045] >> epoch 5/480000, average cost 159.054169
[2017-03-13 07:08:10,405] >> epoch 5/490000, average cost 158.914597
[2017-03-13 07:08:58,135] >> epoch 5/500000, average cost 158.919693
[2017-03-13 07:09:41,405] >> epoch 5/510000, average cost 158.914124
[2017-03-13 07:10:28,827] >> epoch 5/520000, average cost 158.992081
[2017-03-13 07:11:07,456] >> epoch 6/528750, average cost 159.004608
[2017-03-13 07:12:00,238] >> epoch 6/540000, average cost 158.980469
[2017-03-13 07:12:48,116] >> epoch 6/550000, average cost 159.107391
[2017-03-13 07:13:31,259] >> epoch 6/560000, average cost 158.900620
[2017-03-13 07:14:18,918] >> epoch 6/570000, average cost 158.974045
[2017-03-13 07:15:04,769] >> epoch 6/580000, average cost 158.817963
[2017-03-13 07:15:50,120] >> epoch 6/590000, average cost 158.808502
[2017-03-13 07:16:38,057] >> epoch 6/600000, average cost 158.870224
[2017-03-13 07:17:20,819] >> epoch 6/610000, average cost 158.910629
[2017-03-13 07:17:52,089] >> epoch 7/616875, average cost 158.916656
[2017-03-13 07:18:54,808] >> epoch 7/630000, average cost 158.885712
[2017-03-13 07:19:40,207] >> epoch 7/640000, average cost 159.038818
[2017-03-13 07:20:27,879] >> epoch 7/650000, average cost 158.809448
[2017-03-13 07:21:11,079] >> epoch 7/660000, average cost 158.872177
[2017-03-13 07:21:58,824] >> epoch 7/670000, average cost 158.746582
[2017-03-13 07:22:42,259] >> epoch 7/680000, average cost 158.706711
[2017-03-13 07:23:30,159] >> epoch 7/690000, average cost 158.838318
[2017-03-13 07:24:15,210] >> epoch 7/700000, average cost 158.829361
[2017-03-13 07:24:36,919] >> epoch 8/705000, average cost 158.840256
[2017-03-13 07:25:48,753] >> epoch 8/720000, average cost 158.849915
[2017-03-13 07:26:32,268] >> epoch 8/730000, average cost 158.936005
[2017-03-13 07:27:20,005] >> epoch 8/740000, average cost 158.751022
[2017-03-13 07:28:05,895] >> epoch 8/750000, average cost 158.763824
[2017-03-13 07:28:50,885] >> epoch 8/760000, average cost 158.690399
[2017-03-13 07:29:38,716] >> epoch 8/770000, average cost 158.648727
[2017-03-13 07:30:22,166] >> epoch 8/780000, average cost 158.776474
[2017-03-13 07:31:09,494] >> epoch 8/790000, average cost 158.755554
[2017-03-13 07:31:21,637] >> epoch 9/793125, average cost 158.775436
[2017-03-13 07:32:40,802] >> epoch 9/810000, average cost 158.826202
[2017-03-13 07:33:28,537] >> epoch 9/820000, average cost 158.817947
[2017-03-13 07:34:11,897] >> epoch 9/830000, average cost 158.731308
[2017-03-13 07:34:59,539] >> epoch 9/840000, average cost 158.664825
[2017-03-13 07:35:42,665] >> epoch 9/850000, average cost 158.647171
[2017-03-13 07:36:30,575] >> epoch 9/860000, average cost 158.606552
[2017-03-13 07:37:16,964] >> epoch 9/870000, average cost 158.727524
[2017-03-13 07:38:01,406] >> epoch 9/880000, average cost 158.688873
[2017-03-13 07:38:06,265] >> epoch 10/881250, average cost 158.721115
[2017-03-13 07:39:32,946] >> epoch 10/900000, average cost 158.830078
[2017-03-13 07:40:20,718] >> epoch 10/910000, average cost 158.699677
[2017-03-13 07:41:07,083] >> epoch 10/920000, average cost 158.715607
[2017-03-13 07:41:51,734] >> epoch 10/930000, average cost 158.588730
[2017-03-13 07:42:39,478] >> epoch 10/940000, average cost 158.587494
[2017-03-13 07:43:22,735] >> epoch 10/950000, average cost 158.590393
[2017-03-13 07:44:10,177] >> epoch 10/960000, average cost 158.685806
[2017-03-13 07:44:51,244] >> epoch 11/969375, average cost 158.674118
[2017-03-13 07:45:41,699] >> epoch 11/980000, average cost 158.687347
[2017-03-13 07:46:29,577] >> epoch 11/990000, average cost 158.808044
[2017-03-13 07:47:12,747] >> epoch 11/1000000, average cost 158.613907
[2017-03-13 07:48:00,393] >> epoch 11/1010000, average cost 158.681076
[2017-03-13 07:48:43,741] >> epoch 11/1020000, average cost 158.534943
[2017-03-13 07:49:31,508] >> epoch 11/1030000, average cost 158.535233
[2017-03-13 07:50:17,907] >> epoch 11/1040000, average cost 158.583878
[2017-03-13 07:51:02,146] >> epoch 11/1050000, average cost 158.636078
[2017-03-13 07:51:35,935] >> epoch 12/1057500, average cost 158.630997
[2017-03-13 07:52:33,602] >> epoch 12/1070000, average cost 158.622192
[2017-03-13 07:53:21,531] >> epoch 12/1080000, average cost 158.781357
[2017-03-13 07:54:07,972] >> epoch 12/1090000, average cost 158.552277
[2017-03-13 07:54:52,333] >> epoch 12/1100000, average cost 158.629074
[2017-03-13 07:55:40,028] >> epoch 12/1110000, average cost 158.497711
[2017-03-13 07:56:23,405] >> epoch 12/1120000, average cost 158.470306
[2017-03-13 07:57:11,298] >> epoch 12/1130000, average cost 158.580444
[2017-03-13 07:57:54,013] >> epoch 12/1140000, average cost 158.594955
[2017-03-13 07:58:20,476] >> epoch 13/1145625, average cost 158.589111
[2017-03-13 07:59:29,898] >> epoch 13/1160000, average cost 158.601288
[2017-03-13 08:00:13,388] >> epoch 13/1170000, average cost 158.717087
[2017-03-13 08:01:01,030] >> epoch 13/1180000, average cost 158.516296
[2017-03-13 08:01:44,217] >> epoch 13/1190000, average cost 158.547729
[2017-03-13 08:02:32,186] >> epoch 13/1200000, average cost 158.454895
[2017-03-13 08:03:19,068] >> epoch 13/1210000, average cost 158.415237
[2017-03-13 08:04:03,454] >> epoch 13/1220000, average cost 158.551971
[2017-03-13 08:04:50,824] >> epoch 13/1230000, average cost 158.531250
[2017-03-13 08:05:05,397] >> epoch 14/1233750, average cost 158.544434
[2017-03-13 08:06:22,116] >> epoch 14/1250000, average cost 158.590546
[2017-03-13 08:07:09,236] >> epoch 14/1260000, average cost 158.616470
[2017-03-13 08:07:53,257] >> epoch 14/1270000, average cost 158.489594
[2017-03-13 08:08:40,952] >> epoch 14/1280000, average cost 158.458130
[2017-03-13 08:09:24,152] >> epoch 14/1290000, average cost 158.421356
[2017-03-13 08:10:12,047] >> epoch 14/1300000, average cost 158.380447
[2017-03-13 08:10:55,536] >> epoch 14/1310000, average cost 158.512482
[2017-03-13 08:11:42,895] >> epoch 14/1320000, average cost 158.475143
[2017-03-13 08:11:50,185] >> epoch 15/1321875, average cost 158.499313
[2017-03-13 08:13:14,556] >> epoch 15/1340000, average cost 158.599380
[2017-03-13 08:14:02,308] >> epoch 15/1350000, average cost 158.512024
[2017-03-13 08:14:45,663] >> epoch 15/1360000, average cost 158.496796
[2017-03-13 08:15:33,382] >> epoch 15/1370000, average cost 158.379944
[2017-03-13 08:16:20,304] >> epoch 15/1380000, average cost 158.387421
[2017-03-13 08:17:04,316] >> epoch 15/1390000, average cost 158.372223
[2017-03-13 08:17:51,752] >> epoch 15/1400000, average cost 158.475555
[2017-03-13 08:18:35,220] >> epoch 15/1410000, average cost 158.430679
[2017-03-13 08:18:35,228] >> epoch 16/1410000, average cost 158.464127
[2017-03-13 08:19:23,183] >> epoch 16/1420000, average cost 158.493835
[2017-03-13 08:20:10,336] >> epoch 16/1430000, average cost 158.598068
[2017-03-13 08:20:54,281] >> epoch 16/1440000, average cost 158.427414
[2017-03-13 08:21:41,986] >> epoch 16/1450000, average cost 158.481934
[2017-03-13 08:22:25,302] >> epoch 16/1460000, average cost 158.343948
[2017-03-13 08:23:13,048] >> epoch 16/1470000, average cost 158.345230
[2017-03-13 08:23:57,702] >> epoch 16/1480000, average cost 158.385696
[2017-03-13 08:24:43,666] >> epoch 16/1490000, average cost 158.450912
[2017-03-13 08:25:20,175] >> epoch 17/1498125, average cost 158.436157
[2017-03-13 08:26:15,389] >> epoch 17/1510000, average cost 158.444519
[2017-03-13 08:27:03,229] >> epoch 17/1520000, average cost 158.594894
[2017-03-13 08:27:47,932] >> epoch 17/1530000, average cost 158.368362
[2017-03-13 08:28:34,092] >> epoch 17/1540000, average cost 158.464600
[2017-03-13 08:29:21,628] >> epoch 17/1550000, average cost 158.320023
[2017-03-13 08:30:05,190] >> epoch 17/1560000, average cost 158.303253
[2017-03-13 08:30:53,074] >> epoch 17/1570000, average cost 158.394455
[2017-03-13 08:31:35,807] >> epoch 17/1580000, average cost 158.423096
[2017-03-13 08:32:04,765] >> epoch 18/1586250, average cost 158.412079
[2017-03-13 08:33:11,700] >> epoch 18/1600000, average cost 158.426392
[2017-03-13 08:33:55,372] >> epoch 18/1610000, average cost 158.556900
[2017-03-13 08:34:43,070] >> epoch 18/1620000, average cost 158.350647
[2017-03-13 08:35:26,238] >> epoch 18/1630000, average cost 158.407608
[2017-03-13 08:36:13,895] >> epoch 18/1640000, average cost 158.297821
[2017-03-13 08:36:59,064] >> epoch 18/1650000, average cost 158.258270
[2017-03-13 08:37:45,171] >> epoch 18/1660000, average cost 158.398239
[2017-03-13 08:38:31,935] >> epoch 18/1670000, average cost 158.393875
[2017-03-13 08:38:49,480] >> epoch 19/1674375, average cost 158.386749
[2017-03-13 08:40:03,690] >> epoch 19/1690000, average cost 158.432877
[2017-03-13 08:40:49,063] >> epoch 19/1700000, average cost 158.498093
[2017-03-13 08:41:34,748] >> epoch 19/1710000, average cost 158.337143
[2017-03-13 08:42:22,527] >> epoch 19/1720000, average cost 158.336548
[2017-03-13 08:43:05,732] >> epoch 19/1730000, average cost 158.279953
[2017-03-13 08:43:53,518] >> epoch 19/1740000, average cost 158.247421
[2017-03-13 08:44:37,000] >> epoch 19/1750000, average cost 158.374176
[2017-03-13 08:45:24,374] >> epoch 19/1760000, average cost 158.347610
[2017-03-13 08:45:34,091] >> epoch 20/1762500, average cost 158.361176
[2017-03-13 08:46:55,698] >> epoch 20/1780000, average cost 158.448242
[2017-03-13 08:47:43,498] >> epoch 20/1790000, average cost 158.404251
[2017-03-13 08:48:26,825] >> epoch 20/1800000, average cost 158.351807
[2017-03-13 08:49:14,495] >> epoch 20/1810000, average cost 158.270920
[2017-03-13 08:49:59,656] >> epoch 20/1820000, average cost 158.257217
[2017-03-13 08:50:45,486] >> epoch 20/1830000, average cost 158.230072
[2017-03-13 08:51:32,914] >> epoch 20/1840000, average cost 158.344894
[2017-03-13 08:52:16,405] >> epoch 20/1850000, average cost 158.303253
[2017-03-13 08:52:18,839] >> epoch 21/1850625, average cost 158.333466
[2017-03-13 08:53:49,816] >> epoch 21/1870000, average cost 158.464005
[2017-03-13 08:54:35,471] >> epoch 21/1880000, average cost 158.309769
[2017-03-13 08:55:23,126] >> epoch 21/1890000, average cost 158.346970
[2017-03-13 08:56:06,526] >> epoch 21/1900000, average cost 158.215027
[2017-03-13 08:56:54,254] >> epoch 21/1910000, average cost 158.216354
[2017-03-13 08:57:37,546] >> epoch 21/1920000, average cost 158.239044
[2017-03-13 08:58:24,900] >> epoch 21/1930000, average cost 158.313980
[2017-03-13 08:59:03,548] >> epoch 22/1938750, average cost 158.303543
[2017-03-13 08:59:56,350] >> epoch 22/1950000, average cost 158.317108
[2017-03-13 09:00:44,305] >> epoch 22/1960000, average cost 158.453094
[2017-03-13 09:01:27,488] >> epoch 22/1970000, average cost 158.240128
[2017-03-13 09:02:15,178] >> epoch 22/1980000, average cost 158.328445
[2017-03-13 09:03:00,912] >> epoch 22/1990000, average cost 158.184082
[2017-03-13 09:03:46,292] >> epoch 22/2000000, average cost 158.177536
[2017-03-13 09:03:46,298] >> epoch 23/2000000, average cost 158.285385
[2017-03-13 09:03:46,303] >> Training finished in 2:33:18.769620
[2017-03-13 09:03:48,006] >> Loading model
[2017-03-13 09:03:48,234] >> Loading datasets
[2017-03-13 09:03:48,237] >> Reconstruction training started with arguments:
{'activation_noise': None,
 'adadelta': False,
 'adadelta_epsilon': '1e-6',
 'adadelta_rho': '0.95',
 'adagrad': False,
 'adagrad_decay': False,
 'batch_size': 128,
 'ce_sparsity': 0.01,
 'ce_sparsity_weight': 0.0,
 'compound': False,
 'corruption_level': 0.2,
 'datasets': (DatasetContainer [PFileStreamDataset@/export/data1/data/ddraper/train.ld.pfile],
              DatasetContainer [],
              DatasetContainer []),
 'epochs': 50,
 'fix_layers': [],
 'graph': False,
 'hooks': [],
 'l1_reg': '0.0',
 'l2_reg': '0.0',
 'layer_args': {1: {}, 2: {}, 3: {}, 4: {}, 5: {}},
 'layers': [6],
 'learning_rate': '0.01',
 'loss': 'crossentropy',
 'minibatches': 2000000,
 'momentum': '',
 'noise': 'mask',
 'sparsity': 0.05,
 'sparsity_weight': 0.0,
 'validate': False,
 'verbosity': 1,
 'warn': False}
[2017-03-13 09:03:48,237] >> Reconstruction training started with da:
{'hidden_activation': u'sigmoid',
 'n_hidden': 200,
 'n_visible': 400,
 'tied_weights': True,
 'visible_activation': u'sigmoid'}
[2017-03-13 09:03:48,237] >> Compiling theano graph
Using gpu device 0: Tesla M2075 (CNMeM is disabled, cuDNN not available)
[2017-03-13 09:03:56,974] >> Training started
[2017-03-13 09:04:40,592] >> epoch 0/10000, average cost 56.758812
[2017-03-13 09:05:24,592] >> epoch 0/20000, average cost 54.624931
[2017-03-13 09:06:04,692] >> epoch 0/30000, average cost 53.545536
[2017-03-13 09:06:48,453] >> epoch 0/40000, average cost 53.215805
[2017-03-13 09:07:27,962] >> epoch 0/50000, average cost 52.870758
[2017-03-13 09:08:11,117] >> epoch 0/60000, average cost 52.805920
[2017-03-13 09:08:51,731] >> epoch 0/70000, average cost 52.647125
[2017-03-13 09:09:33,921] >> epoch 0/80000, average cost 52.732605
[2017-03-13 09:10:06,888] >> epoch 1/88125, average cost 53.557049
[2017-03-13 09:10:57,427] >> epoch 1/100000, average cost 52.416718
[2017-03-13 09:11:40,139] >> epoch 1/110000, average cost 52.718014
[2017-03-13 09:12:20,847] >> epoch 1/120000, average cost 52.399265
[2017-03-13 09:13:03,027] >> epoch 1/130000, average cost 52.493351
[2017-03-13 09:13:45,272] >> epoch 1/140000, average cost 52.332645
[2017-03-13 09:14:24,616] >> epoch 1/150000, average cost 52.321999
[2017-03-13 09:15:08,453] >> epoch 1/160000, average cost 52.322533
[2017-03-13 09:15:47,272] >> epoch 1/170000, average cost 52.414646
[2017-03-13 09:16:13,684] >> epoch 2/176250, average cost 52.424408
[2017-03-13 09:17:14,624] >> epoch 2/190000, average cost 52.214149
[2017-03-13 09:17:54,697] >> epoch 2/200000, average cost 52.496014
[2017-03-13 09:18:38,399] >> epoch 2/210000, average cost 52.211861
[2017-03-13 09:19:17,590] >> epoch 2/220000, average cost 52.256432
[2017-03-13 09:20:01,238] >> epoch 2/230000, average cost 52.185226
[2017-03-13 09:20:42,431] >> epoch 2/240000, average cost 52.110634
[2017-03-13 09:21:24,695] >> epoch 2/250000, average cost 52.218769
[2017-03-13 09:22:07,203] >> epoch 2/260000, average cost 52.255581
[2017-03-13 09:22:23,394] >> epoch 3/264375, average cost 52.242767
[2017-03-13 09:23:33,059] >> epoch 3/280000, average cost 52.166840
[2017-03-13 09:24:14,128] >> epoch 3/290000, average cost 52.310143
[2017-03-13 09:24:56,676] >> epoch 3/300000, average cost 52.130753
[2017-03-13 09:25:40,319] >> epoch 3/310000, average cost 52.096340
[2017-03-13 09:26:19,952] >> epoch 3/320000, average cost 52.106171
[2017-03-13 09:27:03,850] >> epoch 3/330000, average cost 52.003544
[2017-03-13 09:27:43,340] >> epoch 3/340000, average cost 52.155067
[2017-03-13 09:28:27,046] >> epoch 3/350000, average cost 52.155514
[2017-03-13 09:28:35,786] >> epoch 4/352500, average cost 52.138779
[2017-03-13 09:29:50,452] >> epoch 4/370000, average cost 52.175285
[2017-03-13 09:30:34,219] >> epoch 4/380000, average cost 52.136181
[2017-03-13 09:31:13,547] >> epoch 4/390000, average cost 52.108601
[2017-03-13 09:31:57,260] >> epoch 4/400000, average cost 51.983521
[2017-03-13 09:32:38,356] >> epoch 4/410000, average cost 52.035046
[2017-03-13 09:33:20,293] >> epoch 4/420000, average cost 51.920017
[2017-03-13 09:34:03,600] >> epoch 4/430000, average cost 52.097908
[2017-03-13 09:34:43,027] >> epoch 4/440000, average cost 52.069515
[2017-03-13 09:34:45,218] >> epoch 5/440625, average cost 52.061794
[2017-03-13 09:36:08,356] >> epoch 5/460000, average cost 52.182358
[2017-03-13 09:36:50,109] >> epoch 5/470000, average cost 51.982517
[2017-03-13 09:37:33,867] >> epoch 5/480000, average cost 52.051846
[2017-03-13 09:38:13,342] >> epoch 5/490000, average cost 51.891518
[2017-03-13 09:38:56,956] >> epoch 5/500000, average cost 51.954483
[2017-03-13 09:39:36,262] >> epoch 5/510000, average cost 51.875095
[2017-03-13 09:40:19,698] >> epoch 5/520000, average cost 52.054718
[2017-03-13 09:40:54,795] >> epoch 6/528750, average cost 51.991116
[2017-03-13 09:41:43,011] >> epoch 6/540000, average cost 51.852402
[2017-03-13 09:42:26,889] >> epoch 6/550000, average cost 52.162964
[2017-03-13 09:43:06,095] >> epoch 6/560000, average cost 51.892269
[2017-03-13 09:43:49,743] >> epoch 6/570000, average cost 52.000706
[2017-03-13 09:44:31,428] >> epoch 6/580000, average cost 51.849918
[2017-03-13 09:45:12,882] >> epoch 6/590000, average cost 51.871845
[2017-03-13 09:45:56,717] >> epoch 6/600000, average cost 51.871017
[2017-03-13 09:46:35,681] >> epoch 6/610000, average cost 51.992805
[2017-03-13 09:47:04,276] >> epoch 7/616875, average cost 51.936817
[2017-03-13 09:48:01,527] >> epoch 7/630000, average cost 51.797916
[2017-03-13 09:48:43,164] >> epoch 7/640000, average cost 52.131714
[2017-03-13 09:49:26,841] >> epoch 7/650000, average cost 51.837837
[2017-03-13 09:50:06,111] >> epoch 7/660000, average cost 51.915405
[2017-03-13 09:50:49,814] >> epoch 7/670000, average cost 51.827892
[2017-03-13 09:51:29,250] >> epoch 7/680000, average cost 51.779892
[2017-03-13 09:52:13,096] >> epoch 7/690000, average cost 51.879894
[2017-03-13 09:52:54,080] >> epoch 7/700000, average cost 51.924870
[2017-03-13 09:53:13,958] >> epoch 8/705000, average cost 51.886101
[2017-03-13 09:54:19,780] >> epoch 8/720000, average cost 51.820549
[2017-03-13 09:54:59,384] >> epoch 8/730000, average cost 52.031364
[2017-03-13 09:55:43,098] >> epoch 8/740000, average cost 51.813595
[2017-03-13 09:56:24,794] >> epoch 8/750000, average cost 51.816486
[2017-03-13 09:57:06,131] >> epoch 8/760000, average cost 51.800419
[2017-03-13 09:57:50,027] >> epoch 8/770000, average cost 51.714336
[2017-03-13 09:58:29,618] >> epoch 8/780000, average cost 51.864723
[2017-03-13 09:59:12,999] >> epoch 8/790000, average cost 51.870403
[2017-03-13 09:59:23,936] >> epoch 9/793125, average cost 51.839836
[2017-03-13 10:00:36,366] >> epoch 9/810000, average cost 51.866821
[2017-03-13 10:01:20,205] >> epoch 9/820000, average cost 51.901264
[2017-03-13 10:01:59,583] >> epoch 9/830000, average cost 51.813839
[2017-03-13 10:02:43,346] >> epoch 9/840000, average cost 51.730656
[2017-03-13 10:03:22,604] >> epoch 9/850000, average cost 51.769794
[2017-03-13 10:04:06,306] >> epoch 9/860000, average cost 51.661961
[2017-03-13 10:04:48,540] >> epoch 9/870000, average cost 51.838848
[2017-03-13 10:05:29,240] >> epoch 9/880000, average cost 51.819271
[2017-03-13 10:05:33,618] >> epoch 10/881250, average cost 51.796055
[2017-03-13 10:06:52,578] >> epoch 10/900000, average cost 51.925941
[2017-03-13 10:07:36,403] >> epoch 10/910000, average cost 51.767311
[2017-03-13 10:08:18,628] >> epoch 10/920000, average cost 51.816387
[2017-03-13 10:08:59,581] >> epoch 10/930000, average cost 51.659218
[2017-03-13 10:09:43,307] >> epoch 10/940000, average cost 51.727848
[2017-03-13 10:10:22,555] >> epoch 10/950000, average cost 51.642754
[2017-03-13 10:11:05,945] >> epoch 10/960000, average cost 51.822765
[2017-03-13 10:11:43,324] >> epoch 11/969375, average cost 51.759388
[2017-03-13 10:12:29,539] >> epoch 11/980000, average cost 51.639324
[2017-03-13 10:13:13,551] >> epoch 11/990000, average cost 51.934078
[2017-03-13 10:13:52,773] >> epoch 11/1000000, average cost 51.686310
[2017-03-13 10:14:36,460] >> epoch 11/1010000, average cost 51.794621
[2017-03-13 10:15:15,930] >> epoch 11/1020000, average cost 51.639286
[2017-03-13 10:15:59,646] >> epoch 11/1030000, average cost 51.676342
[2017-03-13 10:16:41,872] >> epoch 11/1040000, average cost 51.650505
[2017-03-13 10:17:22,453] >> epoch 11/1050000, average cost 51.798393
[2017-03-13 10:17:53,261] >> epoch 12/1057500, average cost 51.729488
[2017-03-13 10:18:46,052] >> epoch 12/1070000, average cost 51.596611
[2017-03-13 10:19:30,045] >> epoch 12/1080000, average cost 51.949604
[2017-03-13 10:20:12,280] >> epoch 12/1090000, average cost 51.648033
[2017-03-13 10:20:52,923] >> epoch 12/1100000, average cost 51.749096
[2017-03-13 10:21:36,684] >> epoch 12/1110000, average cost 51.641315
[2017-03-13 10:22:16,168] >> epoch 12/1120000, average cost 51.615299
[2017-03-13 10:23:00,062] >> epoch 12/1130000, average cost 51.687801
[2017-03-13 10:23:38,881] >> epoch 12/1140000, average cost 51.756981
[2017-03-13 10:24:03,044] >> epoch 13/1145625, average cost 51.705078
[2017-03-13 10:25:06,735] >> epoch 13/1160000, average cost 51.643734
[2017-03-13 10:25:46,304] >> epoch 13/1170000, average cost 51.880306
[2017-03-13 10:26:30,049] >> epoch 13/1180000, average cost 51.649586
[2017-03-13 10:27:09,326] >> epoch 13/1190000, average cost 51.675056
[2017-03-13 10:27:53,003] >> epoch 13/1200000, average cost 51.645741
[2017-03-13 10:28:35,519] >> epoch 13/1210000, average cost 51.563942
[2017-03-13 10:29:16,308] >> epoch 13/1220000, average cost 51.708813
[2017-03-13 10:29:59,698] >> epoch 13/1230000, average cost 51.727699
[2017-03-13 10:30:12,809] >> epoch 14/1233750, average cost 51.684856
[2017-03-13 10:31:22,965] >> epoch 14/1250000, average cost 51.698154
[2017-03-13 10:32:05,907] >> epoch 14/1260000, average cost 51.794868
[2017-03-13 10:32:46,197] >> epoch 14/1270000, average cost 51.662186
[2017-03-13 10:33:29,778] >> epoch 14/1280000, average cost 51.620605
[2017-03-13 10:34:08,951] >> epoch 14/1290000, average cost 51.634205
[2017-03-13 10:34:52,734] >> epoch 14/1300000, average cost 51.544361
[2017-03-13 10:35:32,345] >> epoch 14/1310000, average cost 51.718929
[2017-03-13 10:36:15,708] >> epoch 14/1320000, average cost 51.697525
[2017-03-13 10:36:22,270] >> epoch 15/1321875, average cost 51.667587
[2017-03-13 10:37:39,019] >> epoch 15/1340000, average cost 51.778755
[2017-03-13 10:38:22,827] >> epoch 15/1350000, average cost 51.684258
[2017-03-13 10:39:02,242] >> epoch 15/1360000, average cost 51.699642
[2017-03-13 10:39:46,034] >> epoch 15/1370000, average cost 51.549351
[2017-03-13 10:40:28,763] >> epoch 15/1380000, average cost 51.618816
[2017-03-13 10:41:09,163] >> epoch 15/1390000, average cost 51.529270
[2017-03-13 10:41:52,543] >> epoch 15/1400000, average cost 51.707497
[2017-03-13 10:42:32,043] >> epoch 15/1410000, average cost 51.667183
[2017-03-13 10:42:32,051] >> epoch 16/1410000, average cost 51.646820
[2017-03-13 10:43:15,971] >> epoch 16/1420000, average cost 51.540981
[2017-03-13 10:43:58,899] >> epoch 16/1430000, average cost 51.808182
[2017-03-13 10:44:39,188] >> epoch 16/1440000, average cost 51.593803
[2017-03-13 10:45:22,830] >> epoch 16/1450000, average cost 51.674953
[2017-03-13 10:46:02,319] >> epoch 16/1460000, average cost 51.523720
[2017-03-13 10:46:46,011] >> epoch 16/1470000, average cost 51.568752
[2017-03-13 10:47:26,608] >> epoch 16/1480000, average cost 51.518272
[2017-03-13 10:48:08,748] >> epoch 16/1490000, average cost 51.692936
[2017-03-13 10:48:41,700] >> epoch 17/1498125, average cost 51.617340
[2017-03-13 10:49:32,187] >> epoch 17/1510000, average cost 51.495117
[2017-03-13 10:50:16,165] >> epoch 17/1520000, average cost 51.821617
[2017-03-13 10:50:56,891] >> epoch 17/1530000, average cost 51.526386
[2017-03-13 10:51:39,125] >> epoch 17/1540000, average cost 51.650951
[2017-03-13 10:52:22,415] >> epoch 17/1550000, average cost 51.519314
[2017-03-13 10:53:02,362] >> epoch 17/1560000, average cost 51.517647
[2017-03-13 10:53:46,295] >> epoch 17/1570000, average cost 51.553387
[2017-03-13 10:54:25,170] >> epoch 17/1580000, average cost 51.656139
[2017-03-13 10:54:51,568] >> epoch 18/1586250, average cost 51.592045
[2017-03-13 10:55:52,558] >> epoch 18/1600000, average cost 51.496151
[2017-03-13 10:56:32,674] >> epoch 18/1610000, average cost 51.791477
[2017-03-13 10:57:16,381] >> epoch 18/1620000, average cost 51.529419
[2017-03-13 10:57:55,581] >> epoch 18/1630000, average cost 51.580345
[2017-03-13 10:58:39,353] >> epoch 18/1640000, average cost 51.525124
[2017-03-13 10:59:20,571] >> epoch 18/1650000, average cost 51.457817
[2017-03-13 11:00:02,804] >> epoch 18/1660000, average cost 51.579956
[2017-03-13 11:00:45,349] >> epoch 18/1670000, average cost 51.619282
[2017-03-13 11:01:01,512] >> epoch 19/1674375, average cost 51.571457
[2017-03-13 11:02:09,808] >> epoch 19/1690000, average cost 51.561543
[2017-03-13 11:02:51,064] >> epoch 19/1700000, average cost 51.705524
[2017-03-13 11:03:32,972] >> epoch 19/1710000, average cost 51.528305
[2017-03-13 11:04:16,316] >> epoch 19/1720000, average cost 51.515800
[2017-03-13 11:04:55,976] >> epoch 19/1730000, average cost 51.515450
[2017-03-13 11:05:39,723] >> epoch 19/1740000, average cost 51.430855
[2017-03-13 11:06:19,215] >> epoch 19/1750000, average cost 51.582069
[2017-03-13 11:07:02,542] >> epoch 19/1760000, average cost 51.589725
[2017-03-13 11:07:11,296] >> epoch 20/1762500, average cost 51.550518
[2017-03-13 11:08:25,916] >> epoch 20/1780000, average cost 51.628113
[2017-03-13 11:09:09,795] >> epoch 20/1790000, average cost 51.598125
[2017-03-13 11:09:49,125] >> epoch 20/1800000, average cost 51.567436
[2017-03-13 11:10:32,903] >> epoch 20/1810000, average cost 51.447094
[2017-03-13 11:11:14,115] >> epoch 20/1820000, average cost 51.514355
[2017-03-13 11:11:56,025] >> epoch 20/1830000, average cost 51.409050
[2017-03-13 11:12:39,379] >> epoch 20/1840000, average cost 51.581226
[2017-03-13 11:13:18,892] >> epoch 20/1850000, average cost 51.560162
[2017-03-13 11:13:21,084] >> epoch 21/1850625, average cost 51.531460
[2017-03-13 11:14:44,043] >> epoch 21/1870000, average cost 51.684975
[2017-03-13 11:15:25,964] >> epoch 21/1880000, average cost 51.493908
[2017-03-13 11:16:09,655] >> epoch 21/1890000, average cost 51.562511
[2017-03-13 11:16:49,143] >> epoch 21/1900000, average cost 51.417397
[2017-03-13 11:17:32,890] >> epoch 21/1910000, average cost 51.468414
[2017-03-13 11:18:12,299] >> epoch 21/1920000, average cost 51.404079
[2017-03-13 11:18:55,639] >> epoch 21/1930000, average cost 51.577198
[2017-03-13 11:19:30,803] >> epoch 22/1938750, average cost 51.508560
[2017-03-13 11:20:19,240] >> epoch 22/1950000, average cost 51.391014
[2017-03-13 11:21:03,211] >> epoch 22/1960000, average cost 51.706402
[2017-03-13 11:21:42,466] >> epoch 22/1970000, average cost 51.428104
[2017-03-13 11:22:26,161] >> epoch 22/1980000, average cost 51.556183
[2017-03-13 11:23:07,784] >> epoch 22/1990000, average cost 51.406391
[2017-03-13 11:23:49,320] >> epoch 22/2000000, average cost 51.425869
[2017-03-13 11:23:49,325] >> epoch 23/2000000, average cost 51.484718
[2017-03-13 11:23:49,330] >> Training finished in 2:19:52.355359
[2017-03-13 11:23:51,193] >> Loading model
[2017-03-13 11:23:51,767] >> Loading datasets
Using gpu device 0: Tesla M2075 (CNMeM is disabled, cuDNN not available)
[2017-03-13 11:23:55,418] >> Supervised training started with arguments:
{'activation_noise': None,
 'adadelta': False,
 'adadelta_epsilon': '1e-6',
 'adadelta_rho': '0.95',
 'adagrad': False,
 'adagrad_decay': False,
 'batch_size': 256,
 'datasets': (DatasetContainer [PFileStreamDataset@/export/data1/data/ddraper/train.ld.pfile],
              DatasetContainer [PFileDataset@/export/data1/data/ddraper/valid.ld.pfile,1],
              DatasetContainer []),
 'epochs': 50,
 'fix_layers': [],
 'graph': False,
 'hooks': [<functools.partial object at 0x7fa55dd08470>],
 'l1_reg': '0.0',
 'l2_reg': '0.0',
 'layer_args': [],
 'learning_rate': '1',
 'minibatches': -1,
 'momentum': '',
 'newbob': True,
 'newbob_decay': 0.5,
 'newbob_threshold': [0.005, 0.0001],
 'patience': -1,
 'patience_improve_threshold': 0.995,
 'patience_increase': 1.5,
 'pre_validate': False,
 'print_errors': True,
 'validation_interval': -1,
 'verbosity': 0,
 'warn': False}
[2017-03-13 11:23:55,418] >> Compiling theano graph
[2017-03-13 11:24:42,288] >> Training started
[2017-03-13 11:35:00,574] >  epoch 1/44062, training error 0.377385
[2017-03-13 11:35:01,477] >  epoch 1/44062, validation error 0.256654
[2017-03-13 11:45:24,353] >  epoch 2/88124, training error 0.120303
[2017-03-13 11:45:25,256] >  epoch 2/88124, validation error 0.132212
[2017-03-13 11:55:49,321] >  epoch 3/132186, training error 0.081310
[2017-03-13 11:55:50,222] >  epoch 3/132186, validation error 0.111178
[2017-03-13 12:06:13,537] >  epoch 4/176248, training error 0.061384
[2017-03-13 12:06:14,440] >  epoch 4/176248, validation error 0.190827
[2017-03-13 12:06:14,440] >  epoch 4/176248, learning rate set to 0.500000
[2017-03-13 12:16:36,191] >  epoch 5/220310, training error 0.039592
[2017-03-13 12:16:37,092] >  epoch 5/220310, validation error 0.107679
[2017-03-13 12:16:37,183] >  epoch 5/220310, learning rate set to 0.250000
[2017-03-13 12:27:00,114] >  epoch 6/264372, training error 0.030254
[2017-03-13 12:27:01,016] >  epoch 6/264372, validation error 0.091711
[2017-03-13 12:27:01,108] >  epoch 6/264372, learning rate set to 0.125000
[2017-03-13 12:37:22,927] >  epoch 7/308434, training error 0.026226
[2017-03-13 12:37:23,827] >  epoch 7/308434, validation error 0.093149
[2017-03-13 12:37:23,827] >> Training finished in 1:12:41.539204
