[2016-11-25 14:56:07,038] >> Loading model
[2016-11-25 14:56:09,098] >> Loading datasets
[2016-11-25 14:56:09,109] >> Reconstruction training started with arguments:
{'activation_noise': None,
 'adadelta': False,
 'adadelta_epsilon': '1e-6',
 'adadelta_rho': '0.95',
 'adagrad': False,
 'adagrad_decay': False,
 'batch_size': 128,
 'ce_sparsity': 0.01,
 'ce_sparsity_weight': 0.0,
 'compound': False,
 'corruption_level': 0.2,
 'datasets': (DatasetContainer [PFileStreamDataset@/export/data1/data/ddraper/train.5.pfile],
              DatasetContainer [],
              DatasetContainer []),
 'epochs': 50,
 'fix_layers': [],
 'graph': False,
 'hooks': [],
 'l1_reg': '0.0',
 'l2_reg': '0.0',
 'layer_args': {},
 'layers': [1],
 'learning_rate': '0.01',
 'loss': u'mse',
 'minibatches': 2000000,
 'momentum': '',
 'noise': 'mask',
 'sparsity': 0.05,
 'sparsity_weight': 0.0,
 'validate': False,
 'verbosity': 1,
 'warn': False}
[2016-11-25 14:56:09,110] >> Reconstruction training started with da:
{'hidden_activation': u'sigmoid',
 u'loss': u'mse',
 'n_hidden': 1000,
 'n_visible': 966,
 'tied_weights': True,
 'visible_activation': u'tanh'}
[2016-11-25 14:56:09,110] >> Compiling theano graph
Using gpu device 0: Tesla M2075 (CNMeM is disabled, cuDNN not available)
[2016-11-25 14:57:10,425] >> Training started
[2016-11-25 14:58:45,974] >> epoch 0/10000, average cost 85.112228
[2016-11-25 15:01:35,288] >> epoch 0/20000, average cost 43.072765
[2016-11-25 15:03:17,314] >> epoch 0/30000, average cost 29.676579
[2016-11-25 15:05:51,042] >> epoch 0/40000, average cost 24.657906
[2016-11-25 15:07:25,148] >> epoch 0/50000, average cost 22.789745
[2016-11-25 15:09:58,569] >> epoch 0/60000, average cost 21.518450
[2016-11-25 15:11:41,403] >> epoch 0/70000, average cost 20.530602
[2016-11-25 15:14:34,539] >> epoch 0/80000, average cost 19.715855
[2016-11-25 15:16:15,211] >> epoch 0/90000, average cost 19.394354
[2016-11-25 15:18:50,758] >> epoch 0/100000, average cost 18.934042
[2016-11-25 15:20:29,014] >> epoch 0/110000, average cost 18.768568
[2016-11-25 15:23:08,147] >> epoch 0/120000, average cost 18.578609
[2016-11-25 15:24:49,906] >> epoch 0/130000, average cost 18.566082
[2016-11-25 15:27:23,672] >> epoch 0/140000, average cost 18.444960
[2016-11-25 15:30:10,247] >> epoch 0/150000, average cost 18.365011
[2016-11-25 15:31:44,738] >> epoch 0/160000, average cost 18.277344
[2016-11-25 15:33:45,334] >> epoch 0/170000, average cost 18.215609
[2016-11-25 15:34:29,289] >> epoch 1/178960, average cost 25.193710
[2016-11-25 15:37:18,997] >> epoch 1/190000, average cost 17.970461
[2016-11-25 15:39:44,350] >> epoch 1/200000, average cost 18.022892
[2016-11-25 15:41:10,868] >> epoch 1/210000, average cost 17.859735
[2016-11-25 15:43:06,539] >> epoch 1/220000, average cost 17.831060
[2016-11-25 15:44:27,485] >> epoch 1/230000, average cost 17.746532
[2016-11-25 15:46:27,584] >> epoch 1/240000, average cost 17.592922
[2016-11-25 15:47:43,738] >> epoch 1/250000, average cost 17.562124
[2016-11-25 15:49:25,133] >> epoch 1/260000, average cost 17.543837
[2016-11-25 15:50:43,821] >> epoch 1/270000, average cost 17.507372
[2016-11-25 15:52:19,729] >> epoch 1/280000, average cost 17.435120
[2016-11-25 15:53:48,562] >> epoch 1/290000, average cost 17.355682
[2016-11-25 15:54:59,686] >> epoch 1/300000, average cost 17.230787
[2016-11-25 15:56:32,496] >> epoch 1/310000, average cost 17.274546
[2016-11-25 15:57:39,263] >> epoch 1/320000, average cost 17.194483
[2016-11-25 15:59:14,092] >> epoch 1/330000, average cost 17.166439
[2016-11-25 16:00:21,496] >> epoch 1/340000, average cost 17.115618
[2016-11-25 16:01:48,441] >> epoch 1/350000, average cost 17.101084
[2016-11-25 16:02:28,418] >> epoch 2/357920, average cost 17.484390
[2016-11-25 16:04:17,700] >> epoch 2/370000, average cost 16.968016
[2016-11-25 16:05:45,579] >> epoch 2/380000, average cost 17.030436
[2016-11-25 16:06:53,053] >> epoch 2/390000, average cost 16.937038
[2016-11-25 16:08:20,662] >> epoch 2/400000, average cost 16.940104
[2016-11-25 16:09:30,662] >> epoch 2/410000, average cost 16.874077
[2016-11-25 16:10:57,364] >> epoch 2/420000, average cost 16.783327
[2016-11-25 16:12:30,144] >> epoch 2/430000, average cost 16.771351
[2016-11-25 16:13:30,355] >> epoch 2/440000, average cost 16.803980
[2016-11-25 16:15:02,297] >> epoch 2/450000, average cost 16.765051
[2016-11-25 16:16:04,391] >> epoch 2/460000, average cost 16.740931
[2016-11-25 16:17:36,188] >> epoch 2/470000, average cost 16.666054
[2016-11-25 16:18:44,037] >> epoch 2/480000, average cost 16.572128
[2016-11-25 16:20:08,277] >> epoch 2/490000, average cost 16.654890
[2016-11-25 16:21:13,460] >> epoch 2/500000, average cost 16.577885
[2016-11-25 16:22:52,737] >> epoch 2/510000, average cost 16.567596
[2016-11-25 16:24:04,842] >> epoch 2/520000, average cost 16.534811
[2016-11-25 16:25:29,313] >> epoch 2/530000, average cost 16.547459
[2016-11-25 16:25:59,885] >> epoch 3/536880, average cost 16.742445
[2016-11-25 16:28:22,169] >> epoch 3/550000, average cost 16.447348
[2016-11-25 16:29:22,026] >> epoch 3/560000, average cost 16.505850
[2016-11-25 16:30:51,653] >> epoch 3/570000, average cost 16.440660
[2016-11-25 16:31:52,427] >> epoch 3/580000, average cost 16.454695
[2016-11-25 16:33:16,257] >> epoch 3/590000, average cost 16.384077
[2016-11-25 16:34:21,509] >> epoch 3/600000, average cost 16.333838
[2016-11-25 16:35:51,742] >> epoch 3/610000, average cost 16.322464
[2016-11-25 16:36:59,762] >> epoch 3/620000, average cost 16.371296
[2016-11-25 16:38:30,738] >> epoch 3/630000, average cost 16.327394
[2016-11-25 16:39:38,192] >> epoch 3/640000, average cost 16.336506
[2016-11-25 16:40:56,885] >> epoch 3/650000, average cost 16.249992
[2016-11-25 16:42:20,872] >> epoch 3/660000, average cost 16.177019
[2016-11-25 16:43:51,334] >> epoch 3/670000, average cost 16.276400
[2016-11-25 16:44:54,032] >> epoch 3/680000, average cost 16.197556
[2016-11-25 16:46:19,985] >> epoch 3/690000, average cost 16.203327
[2016-11-25 16:47:47,575] >> epoch 3/700000, average cost 16.165493
[2016-11-25 16:48:49,124] >> epoch 3/710000, average cost 16.185410
[2016-11-25 16:49:17,471] >> epoch 4/715840, average cost 16.313004
[2016-11-25 16:51:38,172] >> epoch 4/730000, average cost 16.117655
[2016-11-25 16:52:37,881] >> epoch 4/740000, average cost 16.129196
[2016-11-25 16:54:07,869] >> epoch 4/750000, average cost 16.099358
[2016-11-25 16:55:14,314] >> epoch 4/760000, average cost 16.105108
[2016-11-25 16:56:42,646] >> epoch 4/770000, average cost 16.006824
[2016-11-25 16:57:51,551] >> epoch 4/780000, average cost 15.995797
[2016-11-25 16:59:21,891] >> epoch 4/790000, average cost 15.960661
[2016-11-25 17:00:33,432] >> epoch 4/800000, average cost 16.019772
[2016-11-25 17:02:00,292] >> epoch 4/810000, average cost 15.957151
[2016-11-25 17:03:10,096] >> epoch 4/820000, average cost 15.979691
[2016-11-25 17:04:28,867] >> epoch 4/830000, average cost 15.869016
[2016-11-25 17:06:06,230] >> epoch 4/840000, average cost 15.814862
[2016-11-25 17:07:13,884] >> epoch 4/850000, average cost 15.907104
[2016-11-25 17:08:41,272] >> epoch 4/860000, average cost 15.829126
[2016-11-25 17:09:54,785] >> epoch 4/870000, average cost 15.829719
[2016-11-25 17:11:29,305] >> epoch 4/880000, average cost 15.795225
[2016-11-25 17:12:33,455] >> epoch 4/890000, average cost 15.811289
[2016-11-25 17:12:58,733] >> epoch 5/894800, average cost 15.952208
[2016-11-25 17:15:19,899] >> epoch 5/910000, average cost 15.769176
[2016-11-25 17:16:24,230] >> epoch 5/920000, average cost 15.743044
[2016-11-25 17:17:44,128] >> epoch 5/930000, average cost 15.741715
[2016-11-25 17:18:47,932] >> epoch 5/940000, average cost 15.747953
[2016-11-25 17:20:11,678] >> epoch 5/950000, average cost 15.634497
[2016-11-25 17:21:44,963] >> epoch 5/960000, average cost 15.650731
[2016-11-25 17:22:50,048] >> epoch 5/970000, average cost 15.608180
[2016-11-25 17:24:23,410] >> epoch 5/980000, average cost 15.674650
[2016-11-25 17:25:31,065] >> epoch 5/990000, average cost 15.602658
[2016-11-25 17:26:49,008] >> epoch 5/1000000, average cost 15.636425
[2016-11-25 17:27:48,040] >> epoch 5/1010000, average cost 15.527287
[2016-11-25 17:29:19,772] >> epoch 5/1020000, average cost 15.498473
[2016-11-25 17:30:29,288] >> epoch 5/1030000, average cost 15.566340
[2016-11-25 17:32:04,790] >> epoch 5/1040000, average cost 15.503329
[2016-11-25 17:33:11,657] >> epoch 5/1050000, average cost 15.508238
[2016-11-25 17:34:35,722] >> epoch 5/1060000, average cost 15.474140
[2016-11-25 17:35:42,582] >> epoch 5/1070000, average cost 15.491965
[2016-11-25 17:35:56,908] >> epoch 6/1073760, average cost 15.609372
[2016-11-25 17:38:29,221] >> epoch 6/1090000, average cost 15.475953
[2016-11-25 17:39:53,887] >> epoch 6/1100000, average cost 15.416556
[2016-11-25 17:40:55,777] >> epoch 6/1110000, average cost 15.443614
[2016-11-25 17:42:20,618] >> epoch 6/1120000, average cost 15.440244
[2016-11-25 17:43:23,499] >> epoch 6/1130000, average cost 15.326612
[2016-11-25 17:44:55,621] >> epoch 6/1140000, average cost 15.358392
[2016-11-25 17:46:01,167] >> epoch 6/1150000, average cost 15.317329
[2016-11-25 17:47:23,850] >> epoch 6/1160000, average cost 15.381031
[2016-11-25 17:48:32,819] >> epoch 6/1170000, average cost 15.314884
[2016-11-25 17:50:00,818] >> epoch 6/1180000, average cost 15.342103
[2016-11-25 17:51:01,978] >> epoch 6/1190000, average cost 15.244222
[2016-11-25 17:52:29,775] >> epoch 6/1200000, average cost 15.230545
[2016-11-25 17:53:41,233] >> epoch 6/1210000, average cost 15.281558
[2016-11-25 17:55:16,700] >> epoch 6/1220000, average cost 15.231742
[2016-11-25 17:56:22,042] >> epoch 6/1230000, average cost 15.237630
[2016-11-25 17:57:44,015] >> epoch 6/1240000, average cost 15.211899
[2016-11-25 17:58:50,926] >> epoch 6/1250000, average cost 15.223428
[2016-11-25 17:59:00,858] >> epoch 7/1252720, average cost 15.321966
[2016-11-25 18:01:37,784] >> epoch 7/1270000, average cost 15.231141
[2016-11-25 18:02:59,018] >> epoch 7/1280000, average cost 15.156794
[2016-11-25 18:04:04,584] >> epoch 7/1290000, average cost 15.190452
[2016-11-25 18:05:28,047] >> epoch 7/1300000, average cost 15.190970
[2016-11-25 18:06:36,113] >> epoch 7/1310000, average cost 15.072822
[2016-11-25 18:08:04,062] >> epoch 7/1320000, average cost 15.127597
[2016-11-25 18:09:11,304] >> epoch 7/1330000, average cost 15.093444
[2016-11-25 18:10:34,397] >> epoch 7/1340000, average cost 15.147084
[2016-11-25 18:11:43,612] >> epoch 7/1350000, average cost 15.083050
[2016-11-25 18:13:12,990] >> epoch 7/1360000, average cost 15.117583
[2016-11-25 18:14:35,352] >> epoch 7/1370000, average cost 15.021511
[2016-11-25 18:15:40,500] >> epoch 7/1380000, average cost 15.028846
[2016-11-25 18:17:16,397] >> epoch 7/1390000, average cost 15.059813
[2016-11-25 18:18:18,908] >> epoch 7/1400000, average cost 15.024108
[2016-11-25 18:19:41,951] >> epoch 7/1410000, average cost 15.027238
[2016-11-25 18:20:40,777] >> epoch 7/1420000, average cost 15.010778
[2016-11-25 18:21:43,566] >> epoch 7/1430000, average cost 15.028011
[2016-11-25 18:21:49,711] >> epoch 8/1431680, average cost 15.094714
[2016-11-25 18:24:27,946] >> epoch 8/1450000, average cost 15.047967
[2016-11-25 18:25:51,979] >> epoch 8/1460000, average cost 14.962516
[2016-11-25 18:26:57,150] >> epoch 8/1470000, average cost 15.003706
[2016-11-25 18:28:19,317] >> epoch 8/1480000, average cost 15.003886
[2016-11-25 18:29:23,708] >> epoch 8/1490000, average cost 14.888929
[2016-11-25 18:30:54,550] >> epoch 8/1500000, average cost 14.953783
[2016-11-25 18:32:20,876] >> epoch 8/1510000, average cost 14.924475
[2016-11-25 18:33:40,218] >> epoch 8/1520000, average cost 14.975319
[2016-11-25 18:36:10,015] >> epoch 8/1530000, average cost 14.917236
[2016-11-25 18:37:50,138] >> epoch 8/1540000, average cost 14.939700
[2016-11-25 18:39:56,640] >> epoch 8/1550000, average cost 14.851355
[2016-11-25 18:41:21,132] >> epoch 8/1560000, average cost 14.874153
[2016-11-25 18:43:31,009] >> epoch 8/1570000, average cost 14.889744
[2016-11-25 18:44:52,547] >> epoch 8/1580000, average cost 14.860513
[2016-11-25 18:46:59,398] >> epoch 8/1590000, average cost 14.863313
[2016-11-25 18:48:27,748] >> epoch 8/1600000, average cost 14.854367
[2016-11-25 18:49:49,475] >> epoch 8/1610000, average cost 14.869147
[2016-11-25 18:49:53,732] >> epoch 9/1610640, average cost 14.922326
[2016-11-25 18:52:35,031] >> epoch 9/1630000, average cost 14.899559
[2016-11-25 18:53:59,494] >> epoch 9/1640000, average cost 14.802094
[2016-11-25 18:55:25,297] >> epoch 9/1650000, average cost 14.846361
[2016-11-25 18:56:59,781] >> epoch 9/1660000, average cost 14.844025
[2016-11-25 18:59:21,856] >> epoch 9/1670000, average cost 14.741274
[2016-11-25 19:00:59,032] >> epoch 9/1680000, average cost 14.794041
[2016-11-25 19:03:31,167] >> epoch 9/1690000, average cost 14.787310
[2016-11-25 19:05:10,933] >> epoch 9/1700000, average cost 14.818275
[2016-11-25 19:07:47,731] >> epoch 9/1710000, average cost 14.779987
[2016-11-25 19:09:32,569] >> epoch 9/1720000, average cost 14.781036
[2016-11-25 19:12:33,264] >> epoch 9/1730000, average cost 14.704834
[2016-11-25 19:14:23,610] >> epoch 9/1740000, average cost 14.752810
[2016-11-25 19:17:30,914] >> epoch 9/1750000, average cost 14.739544
[2016-11-25 19:19:31,142] >> epoch 9/1760000, average cost 14.727669
[2016-11-25 19:22:24,876] >> epoch 9/1770000, average cost 14.725070
[2016-11-25 19:24:27,834] >> epoch 9/1780000, average cost 14.723741
[2016-11-25 19:27:05,798] >> epoch 10/1789600, average cost 14.777136
[2016-11-25 19:30:45,974] >> epoch 10/1800000, average cost 14.657254
[2016-11-25 19:33:31,694] >> epoch 10/1810000, average cost 14.771051
[2016-11-25 19:34:54,278] >> epoch 10/1820000, average cost 14.678782
[2016-11-25 19:36:57,726] >> epoch 10/1830000, average cost 14.727304
[2016-11-25 19:38:34,335] >> epoch 10/1840000, average cost 14.708839
[2016-11-25 19:41:06,251] >> epoch 10/1850000, average cost 14.625464
[2016-11-25 19:42:42,729] >> epoch 10/1860000, average cost 14.668069
[2016-11-25 19:45:03,052] >> epoch 10/1870000, average cost 14.681161
[2016-11-25 19:46:40,134] >> epoch 10/1880000, average cost 14.692045
[2016-11-25 19:49:24,644] >> epoch 10/1890000, average cost 14.670636
[2016-11-25 19:51:05,919] >> epoch 10/1900000, average cost 14.659828
[2016-11-25 19:53:33,620] >> epoch 10/1910000, average cost 14.587269
[2016-11-25 19:55:58,704] >> epoch 10/1920000, average cost 14.652023
[2016-11-25 19:57:27,129] >> epoch 10/1930000, average cost 14.619100
[2016-11-25 19:59:49,313] >> epoch 10/1940000, average cost 14.620281
[2016-11-25 20:01:15,587] >> epoch 10/1950000, average cost 14.610958
[2016-11-25 20:03:26,016] >> epoch 10/1960000, average cost 14.623965
[2016-11-25 20:04:16,939] >> epoch 11/1968560, average cost 14.660542
[2016-11-25 20:06:59,048] >> epoch 11/1980000, average cost 14.563197
[2016-11-25 20:09:43,738] >> epoch 11/1990000, average cost 14.659674
[2016-11-25 20:11:20,160] >> epoch 11/2000000, average cost 14.590072
[2016-11-25 20:11:20,164] >> epoch 12/2000000, average cost 14.600877
[2016-11-25 20:11:20,167] >> Training finished in 5:14:09.741203
[2016-11-25 20:12:21,378] >> Loading model
[2016-11-25 20:12:21,921] >> Loading datasets
[2016-11-25 20:12:23,290] >> Reconstruction training started with arguments:
{'activation_noise': None,
 'adadelta': False,
 'adadelta_epsilon': '1e-6',
 'adadelta_rho': '0.95',
 'adagrad': False,
 'adagrad_decay': False,
 'batch_size': 128,
 'ce_sparsity': 0.01,
 'ce_sparsity_weight': 0.0,
 'compound': False,
 'corruption_level': 0.2,
 'datasets': (DatasetContainer [PFileStreamDataset@/export/data1/data/ddraper/train.5.pfile],
              DatasetContainer [],
              DatasetContainer []),
 'epochs': 50,
 'fix_layers': [],
 'graph': False,
 'hooks': [],
 'l1_reg': '0.0',
 'l2_reg': '0.0',
 'layer_args': {1: {}},
 'layers': [2],
 'learning_rate': '0.01',
 'loss': 'crossentropy',
 'minibatches': 2000000,
 'momentum': '',
 'noise': 'mask',
 'sparsity': 0.05,
 'sparsity_weight': 0.0,
 'validate': False,
 'verbosity': 1,
 'warn': False}
[2016-11-25 20:12:23,290] >> Reconstruction training started with da:
{'hidden_activation': u'sigmoid',
 'n_hidden': 1000,
 'n_visible': 1000,
 'tied_weights': True,
 'visible_activation': u'sigmoid'}
[2016-11-25 20:12:23,290] >> Compiling theano graph
Using gpu device 0: Tesla M2075 (CNMeM is disabled, cuDNN not available)
[2016-11-25 20:13:18,991] >> Training started
[2016-11-25 20:14:20,224] >> epoch 0/10000, average cost 291.651337
[2016-11-25 20:15:43,941] >> epoch 0/20000, average cost 287.907837
[2016-11-25 20:16:46,972] >> epoch 0/30000, average cost 285.725555
[2016-11-25 20:18:11,202] >> epoch 0/40000, average cost 285.534760
[2016-11-25 20:19:18,427] >> epoch 0/50000, average cost 285.328766
[2016-11-25 20:20:39,281] >> epoch 0/60000, average cost 284.440857
[2016-11-25 20:21:43,455] >> epoch 0/70000, average cost 284.472168
[2016-11-25 20:23:08,207] >> epoch 0/80000, average cost 284.805756
[2016-11-25 20:24:23,804] >> epoch 0/90000, average cost 284.665985
[2016-11-25 20:25:45,286] >> epoch 0/100000, average cost 284.710052
[2016-11-25 20:26:53,667] >> epoch 0/110000, average cost 284.274689
[2016-11-25 20:28:12,947] >> epoch 0/120000, average cost 284.216553
[2016-11-25 20:29:20,829] >> epoch 0/130000, average cost 284.671112
[2016-11-25 20:30:39,588] >> epoch 0/140000, average cost 284.415436
[2016-11-25 20:32:03,395] >> epoch 0/150000, average cost 284.398193
[2016-11-25 20:33:10,123] >> epoch 0/160000, average cost 284.403229
[2016-11-25 20:34:25,701] >> epoch 0/170000, average cost 284.395813
[2016-11-25 20:35:12,891] >> epoch 1/178960, average cost 285.266113
[2016-11-25 20:37:00,903] >> epoch 1/190000, average cost 284.030060
[2016-11-25 20:38:24,645] >> epoch 1/200000, average cost 285.050873
[2016-11-25 20:39:28,885] >> epoch 1/210000, average cost 284.086365
[2016-11-25 20:40:48,490] >> epoch 1/220000, average cost 284.387390
[2016-11-25 20:41:54,171] >> epoch 1/230000, average cost 284.388641
[2016-11-25 20:43:16,302] >> epoch 1/240000, average cost 283.707825
[2016-11-25 20:44:22,556] >> epoch 1/250000, average cost 283.792358
[2016-11-25 20:45:40,709] >> epoch 1/260000, average cost 284.438416
[2016-11-25 20:46:54,759] >> epoch 1/270000, average cost 284.107635
[2016-11-25 20:48:12,271] >> epoch 1/280000, average cost 284.410858
[2016-11-25 20:49:32,922] >> epoch 1/290000, average cost 283.796326
[2016-11-25 20:50:39,961] >> epoch 1/300000, average cost 283.894653
[2016-11-25 20:52:09,656] >> epoch 1/310000, average cost 284.463715
[2016-11-25 20:53:14,626] >> epoch 1/320000, average cost 284.131287
[2016-11-25 20:54:40,452] >> epoch 1/330000, average cost 284.152710
[2016-11-25 20:55:54,080] >> epoch 1/340000, average cost 284.123993
[2016-11-25 20:57:09,373] >> epoch 1/350000, average cost 284.214447
[2016-11-25 20:57:51,169] >> epoch 2/357920, average cost 284.199097
[2016-11-25 20:59:48,887] >> epoch 2/370000, average cost 283.952484
[2016-11-25 21:01:11,555] >> epoch 2/380000, average cost 284.784241
[2016-11-25 21:02:22,219] >> epoch 2/390000, average cost 283.951385
[2016-11-25 21:03:43,284] >> epoch 2/400000, average cost 284.233887
[2016-11-25 21:04:53,863] >> epoch 2/410000, average cost 284.182861
[2016-11-25 21:06:10,874] >> epoch 2/420000, average cost 283.541687
[2016-11-25 21:07:37,571] >> epoch 2/430000, average cost 283.596313
[2016-11-25 21:08:45,280] >> epoch 2/440000, average cost 284.354462
[2016-11-25 21:10:07,625] >> epoch 2/450000, average cost 283.920929
[2016-11-25 21:11:17,677] >> epoch 2/460000, average cost 284.308136
[2016-11-25 21:12:38,189] >> epoch 2/470000, average cost 283.609528
[2016-11-25 21:13:45,316] >> epoch 2/480000, average cost 283.713837
[2016-11-25 21:15:08,343] >> epoch 2/490000, average cost 284.376068
[2016-11-25 21:16:14,858] >> epoch 2/500000, average cost 284.001953
[2016-11-25 21:17:40,001] >> epoch 2/510000, average cost 284.045258
[2016-11-25 21:18:47,200] >> epoch 2/520000, average cost 283.986572
[2016-11-25 21:20:05,404] >> epoch 2/530000, average cost 284.130615
[2016-11-25 21:20:42,258] >> epoch 3/536880, average cost 284.048309
[2016-11-25 21:23:00,958] >> epoch 3/550000, average cost 283.994537
[2016-11-25 21:24:04,782] >> epoch 3/560000, average cost 284.605988
[2016-11-25 21:25:27,080] >> epoch 3/570000, average cost 283.888153
[2016-11-25 21:26:32,335] >> epoch 3/580000, average cost 284.141998
[2016-11-25 21:27:54,110] >> epoch 3/590000, average cost 284.017792
[2016-11-25 21:29:01,960] >> epoch 3/600000, average cost 283.528076
[2016-11-25 21:30:22,060] >> epoch 3/610000, average cost 283.544159
[2016-11-25 21:31:29,568] >> epoch 3/620000, average cost 284.293091
[2016-11-25 21:32:50,698] >> epoch 3/630000, average cost 283.801453
[2016-11-25 21:34:00,342] >> epoch 3/640000, average cost 284.280548
[2016-11-25 21:35:18,519] >> epoch 3/650000, average cost 283.488861
[2016-11-25 21:36:24,052] >> epoch 3/660000, average cost 283.585510
[2016-11-25 21:37:46,115] >> epoch 3/670000, average cost 284.380188
[2016-11-25 21:38:51,203] >> epoch 3/680000, average cost 283.936493
[2016-11-25 21:40:16,523] >> epoch 3/690000, average cost 283.999756
[2016-11-25 21:41:39,859] >> epoch 3/700000, average cost 283.913300
[2016-11-25 21:42:47,447] >> epoch 3/710000, average cost 284.114502
[2016-11-25 21:43:17,085] >> epoch 4/715840, average cost 283.972717
[2016-11-25 21:45:32,731] >> epoch 4/730000, average cost 284.133240
[2016-11-25 21:46:34,319] >> epoch 4/740000, average cost 284.385712
[2016-11-25 21:47:54,743] >> epoch 4/750000, average cost 283.891693
[2016-11-25 21:48:58,188] >> epoch 4/760000, average cost 284.123199
[2016-11-25 21:50:18,591] >> epoch 4/770000, average cost 283.839539
[2016-11-25 21:51:27,646] >> epoch 4/780000, average cost 283.565704
[2016-11-25 21:52:48,563] >> epoch 4/790000, average cost 283.512543
[2016-11-25 21:53:57,183] >> epoch 4/800000, average cost 284.281189
[2016-11-25 21:55:21,975] >> epoch 4/810000, average cost 283.707397
[2016-11-25 21:56:31,227] >> epoch 4/820000, average cost 284.288147
[2016-11-25 21:57:51,262] >> epoch 4/830000, average cost 283.365112
[2016-11-25 21:59:11,335] >> epoch 4/840000, average cost 283.558960
[2016-11-25 22:00:18,043] >> epoch 4/850000, average cost 284.335785
[2016-11-25 22:01:39,385] >> epoch 4/860000, average cost 283.897583
[2016-11-25 22:02:49,836] >> epoch 4/870000, average cost 283.971283
[2016-11-25 22:04:13,696] >> epoch 4/880000, average cost 283.854645
[2016-11-25 22:05:18,695] >> epoch 4/890000, average cost 284.080811
[2016-11-25 22:05:41,301] >> epoch 5/894800, average cost 283.925232
[2016-11-25 22:08:03,705] >> epoch 5/910000, average cost 284.288910
[2016-11-25 22:09:07,535] >> epoch 5/920000, average cost 284.179321
[2016-11-25 22:10:25,504] >> epoch 5/930000, average cost 283.894501
[2016-11-25 22:11:31,480] >> epoch 5/940000, average cost 284.105408
[2016-11-25 22:12:51,761] >> epoch 5/950000, average cost 283.688263
[2016-11-25 22:14:14,532] >> epoch 5/960000, average cost 283.582611
[2016-11-25 22:15:21,203] >> epoch 5/970000, average cost 283.504181
[2016-11-25 22:16:43,500] >> epoch 5/980000, average cost 284.225677
[2016-11-25 22:17:55,933] >> epoch 5/990000, average cost 283.666565
[2016-11-25 22:19:16,487] >> epoch 5/1000000, average cost 284.144958
[2016-11-25 22:20:27,075] >> epoch 5/1010000, average cost 283.401703
[2016-11-25 22:21:50,400] >> epoch 5/1020000, average cost 283.591644
[2016-11-25 22:23:02,609] >> epoch 5/1030000, average cost 284.206757
[2016-11-25 22:24:27,859] >> epoch 5/1040000, average cost 283.861664
[2016-11-25 22:25:40,312] >> epoch 5/1050000, average cost 283.941223
[2016-11-25 22:27:05,452] >> epoch 5/1060000, average cost 283.809174
[2016-11-25 22:28:13,276] >> epoch 5/1070000, average cost 284.038818
[2016-11-25 22:28:29,524] >> epoch 6/1073760, average cost 283.880859
[2016-11-25 22:30:56,399] >> epoch 6/1090000, average cost 284.427338
[2016-11-25 22:32:19,091] >> epoch 6/1100000, average cost 284.002136
[2016-11-25 22:33:22,342] >> epoch 6/1110000, average cost 283.887390
[2016-11-25 22:34:41,094] >> epoch 6/1120000, average cost 284.064636
[2016-11-25 22:35:46,429] >> epoch 6/1130000, average cost 283.522766
[2016-11-25 22:37:07,948] >> epoch 6/1140000, average cost 283.570312
[2016-11-25 22:38:13,240] >> epoch 6/1150000, average cost 283.543945
[2016-11-25 22:39:31,514] >> epoch 6/1160000, average cost 284.112152
[2016-11-25 22:40:39,061] >> epoch 6/1170000, average cost 283.685547
[2016-11-25 22:41:58,761] >> epoch 6/1180000, average cost 284.013977
[2016-11-25 22:43:02,583] >> epoch 6/1190000, average cost 283.406036
[2016-11-25 22:44:18,902] >> epoch 6/1200000, average cost 283.633362
[2016-11-25 22:45:26,388] >> epoch 6/1210000, average cost 284.078156
[2016-11-25 22:46:42,503] >> epoch 6/1220000, average cost 283.789215
[2016-11-25 22:47:49,180] >> epoch 6/1230000, average cost 283.920349
[2016-11-25 22:49:07,721] >> epoch 6/1240000, average cost 283.772736
[2016-11-25 22:50:14,606] >> epoch 6/1250000, average cost 283.990814
[2016-11-25 22:50:25,952] >> epoch 7/1252720, average cost 283.832733
[2016-11-25 22:53:00,122] >> epoch 7/1270000, average cost 284.503937
[2016-11-25 22:54:23,234] >> epoch 7/1280000, average cost 283.833679
[2016-11-25 22:55:25,376] >> epoch 7/1290000, average cost 283.818787
[2016-11-25 22:56:45,374] >> epoch 7/1300000, average cost 284.008972
[2016-11-25 22:57:50,039] >> epoch 7/1310000, average cost 283.400818
[2016-11-25 22:59:09,570] >> epoch 7/1320000, average cost 283.495728
[2016-11-25 23:00:17,286] >> epoch 7/1330000, average cost 283.590637
[2016-11-25 23:01:35,535] >> epoch 7/1340000, average cost 284.000153
[2016-11-25 23:02:43,789] >> epoch 7/1350000, average cost 283.689331
[2016-11-25 23:04:04,132] >> epoch 7/1360000, average cost 283.856476
[2016-11-25 23:05:18,984] >> epoch 7/1370000, average cost 283.443817
[2016-11-25 23:06:21,977] >> epoch 7/1380000, average cost 283.640778
[2016-11-25 23:07:41,965] >> epoch 7/1390000, average cost 283.959900
[2016-11-25 23:08:45,362] >> epoch 7/1400000, average cost 283.766418
[2016-11-25 23:10:06,087] >> epoch 7/1410000, average cost 283.845520
[2016-11-25 23:11:09,400] >> epoch 7/1420000, average cost 283.726288
[2016-11-25 23:12:15,725] >> epoch 7/1430000, average cost 284.026520
[2016-11-25 23:12:22,718] >> epoch 8/1431680, average cost 283.780182
[2016-11-25 23:15:03,646] >> epoch 8/1450000, average cost 284.524597
[2016-11-25 23:16:27,527] >> epoch 8/1460000, average cost 283.660736
[2016-11-25 23:17:32,645] >> epoch 8/1470000, average cost 283.791107
[2016-11-25 23:18:50,107] >> epoch 8/1480000, average cost 283.944336
[2016-11-25 23:19:55,205] >> epoch 8/1490000, average cost 283.250275
[2016-11-25 23:21:11,984] >> epoch 8/1500000, average cost 283.476349
[2016-11-25 23:22:31,932] >> epoch 8/1510000, average cost 283.627136
[2016-11-25 23:23:34,552] >> epoch 8/1520000, average cost 283.880768
[2016-11-25 23:24:52,366] >> epoch 8/1530000, average cost 283.702911
[2016-11-25 23:25:57,699] >> epoch 8/1540000, average cost 283.674805
[2016-11-25 23:27:13,541] >> epoch 8/1550000, average cost 283.430267
[2016-11-25 23:28:18,596] >> epoch 8/1560000, average cost 283.717651
[2016-11-25 23:29:37,395] >> epoch 8/1570000, average cost 283.842163
[2016-11-25 23:30:43,139] >> epoch 8/1580000, average cost 283.691467
[2016-11-25 23:32:03,325] >> epoch 8/1590000, average cost 283.784058
[2016-11-25 23:33:09,888] >> epoch 8/1600000, average cost 283.707153
[2016-11-25 23:34:12,971] >> epoch 8/1610000, average cost 284.034790
[2016-11-25 23:34:15,644] >> epoch 9/1610640, average cost 283.726990
[2016-11-25 23:37:04,637] >> epoch 9/1630000, average cost 284.556641
[2016-11-25 23:38:30,451] >> epoch 9/1640000, average cost 283.473236
[2016-11-25 23:39:54,704] >> epoch 9/1650000, average cost 283.765686
[2016-11-25 23:41:15,292] >> epoch 9/1660000, average cost 283.863739
[2016-11-25 23:43:40,343] >> epoch 9/1670000, average cost 283.195435
[2016-11-25 23:45:20,844] >> epoch 9/1680000, average cost 283.369690
[2016-11-25 23:47:44,516] >> epoch 9/1690000, average cost 283.708435
[2016-11-25 23:49:27,816] >> epoch 9/1700000, average cost 283.743713
[2016-11-25 23:51:49,714] >> epoch 9/1710000, average cost 283.739868
[2016-11-25 23:53:30,177] >> epoch 9/1720000, average cost 283.506195
[2016-11-25 23:58:38,036] >> epoch 9/1730000, average cost 283.398010
[2016-11-26 00:00:07,078] >> epoch 9/1740000, average cost 283.807220
[2016-11-26 00:02:34,776] >> epoch 9/1750000, average cost 283.716919
[2016-11-26 00:04:09,487] >> epoch 9/1760000, average cost 283.663483
[2016-11-26 00:06:32,711] >> epoch 9/1770000, average cost 283.718597
[2016-11-26 00:08:01,174] >> epoch 9/1780000, average cost 283.694672
[2016-11-26 00:09:31,136] >> epoch 10/1789600, average cost 283.680328
[2016-11-26 00:11:36,871] >> epoch 10/1800000, average cost 283.318085
[2016-11-26 00:14:17,084] >> epoch 10/1810000, average cost 284.479675
[2016-11-26 00:15:58,083] >> epoch 10/1820000, average cost 283.446747
[2016-11-26 00:18:14,774] >> epoch 10/1830000, average cost 283.752289
[2016-11-26 00:19:48,259] >> epoch 10/1840000, average cost 283.811859
[2016-11-26 00:21:56,819] >> epoch 10/1850000, average cost 283.122162
[2016-11-26 00:23:38,980] >> epoch 10/1860000, average cost 283.289612
[2016-11-26 00:26:34,877] >> epoch 10/1870000, average cost 283.774750
[2016-11-26 00:28:22,740] >> epoch 10/1880000, average cost 283.621704
[2016-11-26 00:31:04,961] >> epoch 10/1890000, average cost 283.801941
[2016-11-26 00:32:44,947] >> epoch 10/1900000, average cost 283.330292
[2016-11-26 00:35:09,525] >> epoch 10/1910000, average cost 283.382141
[2016-11-26 00:37:41,017] >> epoch 10/1920000, average cost 283.897308
[2016-11-26 00:39:03,100] >> epoch 10/1930000, average cost 283.599365
[2016-11-26 00:41:27,414] >> epoch 10/1940000, average cost 283.644165
[2016-11-26 00:42:51,482] >> epoch 10/1950000, average cost 283.662598
[2016-11-26 00:45:10,441] >> epoch 10/1960000, average cost 283.681152
[2016-11-26 00:45:49,170] >> epoch 11/1968560, average cost 283.642609
[2016-11-26 00:48:08,844] >> epoch 11/1980000, average cost 283.419891
[2016-11-26 00:50:35,657] >> epoch 11/1990000, average cost 284.357025
[2016-11-26 00:52:15,543] >> epoch 11/2000000, average cost 283.432709
[2016-11-26 00:52:15,546] >> epoch 12/2000000, average cost 283.693726
[2016-11-26 00:52:15,549] >> Training finished in 4:38:56.557339
[2016-11-26 00:53:37,703] >> Loading model
[2016-11-26 00:53:39,242] >> Loading datasets
[2016-11-26 00:53:39,258] >> Reconstruction training started with arguments:
{'activation_noise': None,
 'adadelta': False,
 'adadelta_epsilon': '1e-6',
 'adadelta_rho': '0.95',
 'adagrad': False,
 'adagrad_decay': False,
 'batch_size': 128,
 'ce_sparsity': 0.01,
 'ce_sparsity_weight': 0.0,
 'compound': False,
 'corruption_level': 0.2,
 'datasets': (DatasetContainer [PFileStreamDataset@/export/data1/data/ddraper/train.5.pfile],
              DatasetContainer [],
              DatasetContainer []),
 'epochs': 50,
 'fix_layers': [],
 'graph': False,
 'hooks': [],
 'l1_reg': '0.0',
 'l2_reg': '0.0',
 'layer_args': {1: {}, 2: {}},
 'layers': [3],
 'learning_rate': '0.01',
 'loss': 'crossentropy',
 'minibatches': 2000000,
 'momentum': '',
 'noise': 'mask',
 'sparsity': 0.05,
 'sparsity_weight': 0.0,
 'validate': False,
 'verbosity': 1,
 'warn': False}
[2016-11-26 00:53:39,259] >> Reconstruction training started with da:
{'hidden_activation': u'sigmoid',
 'n_hidden': 1000,
 'n_visible': 1000,
 'tied_weights': True,
 'visible_activation': u'sigmoid'}
[2016-11-26 00:53:39,259] >> Compiling theano graph
Using gpu device 0: Tesla M2075 (CNMeM is disabled, cuDNN not available)
[2016-11-26 00:54:50,898] >> Training started
[2016-11-26 00:56:19,308] >> epoch 0/10000, average cost 522.375366
[2016-11-26 00:58:11,299] >> epoch 0/20000, average cost 516.139221
[2016-11-26 00:59:20,716] >> epoch 0/30000, average cost 514.584717
[2016-11-26 01:01:25,182] >> epoch 0/40000, average cost 514.037170
[2016-11-26 01:02:52,376] >> epoch 0/50000, average cost 513.649902
[2016-11-26 01:05:16,845] >> epoch 0/60000, average cost 513.476990
[2016-11-26 01:06:58,176] >> epoch 0/70000, average cost 513.257996
[2016-11-26 01:09:31,467] >> epoch 0/80000, average cost 513.151184
[2016-11-26 01:11:03,980] >> epoch 0/90000, average cost 512.842468
[2016-11-26 01:13:28,789] >> epoch 0/100000, average cost 512.869324
[2016-11-26 01:15:06,196] >> epoch 0/110000, average cost 512.694275
[2016-11-26 01:17:08,228] >> epoch 0/120000, average cost 512.763428
[2016-11-26 01:18:44,409] >> epoch 0/130000, average cost 512.696472
[2016-11-26 01:21:06,230] >> epoch 0/140000, average cost 512.550110
[2016-11-26 01:23:24,150] >> epoch 0/150000, average cost 512.512878
[2016-11-26 01:24:58,837] >> epoch 0/160000, average cost 512.356323
[2016-11-26 01:27:21,564] >> epoch 0/170000, average cost 512.255066
[2016-11-26 01:28:17,477] >> epoch 1/178960, average cost 513.702026
[2016-11-26 01:31:04,304] >> epoch 1/190000, average cost 512.245972
[2016-11-26 01:33:05,235] >> epoch 1/200000, average cost 512.244812
[2016-11-26 01:34:31,671] >> epoch 1/210000, average cost 512.055908
[2016-11-26 01:36:20,110] >> epoch 1/220000, average cost 512.039612
[2016-11-26 01:38:00,443] >> epoch 1/230000, average cost 511.974396
[2016-11-26 01:40:32,733] >> epoch 1/240000, average cost 511.937347
[2016-11-26 01:42:15,423] >> epoch 1/250000, average cost 511.867401
[2016-11-26 01:44:37,212] >> epoch 1/260000, average cost 511.821045
[2016-11-26 01:46:27,399] >> epoch 1/270000, average cost 511.551086
[2016-11-26 01:48:57,532] >> epoch 1/280000, average cost 511.697754
[2016-11-26 01:50:53,673] >> epoch 1/290000, average cost 511.531006
[2016-11-26 01:52:35,882] >> epoch 1/300000, average cost 511.666992
[2016-11-26 01:54:38,156] >> epoch 1/310000, average cost 511.612854
[2016-11-26 01:55:58,607] >> epoch 1/320000, average cost 511.511261
[2016-11-26 01:58:16,433] >> epoch 1/330000, average cost 511.490814
[2016-11-26 01:59:40,899] >> epoch 1/340000, average cost 511.356903
[2016-11-26 02:01:43,767] >> epoch 1/350000, average cost 511.300812
[2016-11-26 02:02:32,673] >> epoch 2/357920, average cost 511.743866
[2016-11-26 02:04:48,027] >> epoch 2/370000, average cost 511.359802
[2016-11-26 02:06:14,771] >> epoch 2/380000, average cost 511.339844
[2016-11-26 02:07:47,520] >> epoch 2/390000, average cost 511.207062
[2016-11-26 02:10:12,454] >> epoch 2/400000, average cost 511.187988
[2016-11-26 02:11:54,830] >> epoch 2/410000, average cost 511.197052
[2016-11-26 02:14:38,142] >> epoch 2/420000, average cost 511.155151
[2016-11-26 02:17:05,941] >> epoch 2/430000, average cost 511.121796
[2016-11-26 02:18:42,725] >> epoch 2/440000, average cost 511.086853
[2016-11-26 02:21:10,716] >> epoch 2/450000, average cost 510.851349
[2016-11-26 02:22:50,340] >> epoch 2/460000, average cost 511.018250
[2016-11-26 02:24:47,439] >> epoch 2/470000, average cost 510.904236
[2016-11-26 02:26:21,059] >> epoch 2/480000, average cost 511.046265
[2016-11-26 02:28:44,573] >> epoch 2/490000, average cost 511.005798
[2016-11-26 02:30:10,059] >> epoch 2/500000, average cost 510.953094
[2016-11-26 02:32:13,660] >> epoch 2/510000, average cost 510.929138
[2016-11-26 02:33:32,096] >> epoch 2/520000, average cost 510.825439
[2016-11-26 02:35:24,485] >> epoch 2/530000, average cost 510.790985
[2016-11-26 02:36:09,327] >> epoch 3/536880, average cost 511.053558
[2016-11-26 02:39:08,763] >> epoch 3/550000, average cost 510.897888
[2016-11-26 02:40:17,758] >> epoch 3/560000, average cost 510.874115
[2016-11-26 02:42:02,621] >> epoch 3/570000, average cost 510.779388
[2016-11-26 02:43:29,667] >> epoch 3/580000, average cost 510.753113
[2016-11-26 02:45:57,439] >> epoch 3/590000, average cost 510.818909
[2016-11-26 02:47:45,566] >> epoch 3/600000, average cost 510.750946
[2016-11-26 02:50:16,135] >> epoch 3/610000, average cost 510.760162
[2016-11-26 02:52:02,350] >> epoch 3/620000, average cost 510.719696
[2016-11-26 02:54:24,241] >> epoch 3/630000, average cost 510.508209
[2016-11-26 02:56:05,691] >> epoch 3/640000, average cost 510.659302
[2016-11-26 02:58:06,585] >> epoch 3/650000, average cost 510.592407
[2016-11-26 02:59:43,764] >> epoch 3/660000, average cost 510.722107
[2016-11-26 03:02:02,186] >> epoch 3/670000, average cost 510.681488
[2016-11-26 03:03:34,313] >> epoch 3/680000, average cost 510.664490
[2016-11-26 03:05:19,520] >> epoch 3/690000, average cost 510.628906
[2016-11-26 03:06:50,937] >> epoch 3/700000, average cost 510.524750
[2016-11-26 03:08:11,832] >> epoch 3/710000, average cost 510.514099
[2016-11-26 03:08:55,065] >> epoch 4/715840, average cost 510.697449
[2016-11-26 03:12:07,577] >> epoch 4/730000, average cost 510.649902
[2016-11-26 03:13:20,566] >> epoch 4/740000, average cost 510.603699
[2016-11-26 03:15:29,616] >> epoch 4/750000, average cost 510.548645
[2016-11-26 03:16:42,177] >> epoch 4/760000, average cost 510.493988
[2016-11-26 03:19:13,609] >> epoch 4/770000, average cost 510.602112
[2016-11-26 03:20:51,361] >> epoch 4/780000, average cost 510.522614
[2016-11-26 03:23:14,417] >> epoch 4/790000, average cost 510.554291
[2016-11-26 03:24:52,403] >> epoch 4/800000, average cost 510.491608
[2016-11-26 03:27:07,384] >> epoch 4/810000, average cost 510.310150
[2016-11-26 03:28:47,864] >> epoch 4/820000, average cost 510.448914
[2016-11-26 03:30:37,969] >> epoch 4/830000, average cost 510.410706
[2016-11-26 03:33:05,675] >> epoch 4/840000, average cost 510.532043
[2016-11-26 03:34:34,747] >> epoch 4/850000, average cost 510.485962
[2016-11-26 03:36:49,405] >> epoch 4/860000, average cost 510.486786
[2016-11-26 03:38:08,903] >> epoch 4/870000, average cost 510.440338
[2016-11-26 03:39:39,220] >> epoch 4/880000, average cost 510.347595
[2016-11-26 03:40:58,715] >> epoch 4/890000, average cost 510.348541
[2016-11-26 03:41:27,538] >> epoch 5/894800, average cost 510.489014
[2016-11-26 03:44:33,965] >> epoch 5/910000, average cost 510.506744
[2016-11-26 03:46:06,471] >> epoch 5/920000, average cost 510.425995
[2016-11-26 03:47:26,161] >> epoch 5/930000, average cost 510.401703
[2016-11-26 03:49:12,497] >> epoch 5/940000, average cost 510.320953
[2016-11-26 03:50:58,409] >> epoch 5/950000, average cost 510.474945
[2016-11-26 03:53:20,730] >> epoch 5/960000, average cost 510.368011
[2016-11-26 03:54:55,045] >> epoch 5/970000, average cost 510.417053
[2016-11-26 03:57:25,441] >> epoch 5/980000, average cost 510.326141
[2016-11-26 03:59:00,012] >> epoch 5/990000, average cost 510.193207
[2016-11-26 04:01:20,361] >> epoch 5/1000000, average cost 510.287262
[2016-11-26 04:02:39,380] >> epoch 5/1010000, average cost 510.297760
[2016-11-26 04:05:12,640] >> epoch 5/1020000, average cost 510.401703
[2016-11-26 04:06:51,096] >> epoch 5/1030000, average cost 510.343414
[2016-11-26 04:09:16,279] >> epoch 5/1040000, average cost 510.364838
[2016-11-26 04:10:53,749] >> epoch 5/1050000, average cost 510.314606
[2016-11-26 04:12:29,679] >> epoch 5/1060000, average cost 510.212646
[2016-11-26 04:13:59,209] >> epoch 5/1070000, average cost 510.221863
[2016-11-26 04:14:27,921] >> epoch 6/1073760, average cost 510.348938
[2016-11-26 04:17:24,995] >> epoch 6/1090000, average cost 510.397888
[2016-11-26 04:19:24,962] >> epoch 6/1100000, average cost 510.292358
[2016-11-26 04:20:46,303] >> epoch 6/1110000, average cost 510.298248
[2016-11-26 04:22:37,716] >> epoch 6/1120000, average cost 510.206940
[2016-11-26 04:23:54,815] >> epoch 6/1130000, average cost 510.370209
[2016-11-26 04:26:04,924] >> epoch 6/1140000, average cost 510.259796
[2016-11-26 04:27:48,023] >> epoch 6/1150000, average cost 510.311707
[2016-11-26 04:30:07,844] >> epoch 6/1160000, average cost 510.187958
[2016-11-26 04:31:50,620] >> epoch 6/1170000, average cost 510.129395
[2016-11-26 04:34:11,640] >> epoch 6/1180000, average cost 510.172913
[2016-11-26 04:35:33,915] >> epoch 6/1190000, average cost 510.227600
[2016-11-26 04:37:56,574] >> epoch 6/1200000, average cost 510.304504
[2016-11-26 04:39:31,633] >> epoch 6/1210000, average cost 510.239502
[2016-11-26 04:42:06,364] >> epoch 6/1220000, average cost 510.282837
[2016-11-26 04:43:56,648] >> epoch 6/1230000, average cost 510.217560
[2016-11-26 04:45:25,797] >> epoch 6/1240000, average cost 510.118591
[2016-11-26 04:46:50,145] >> epoch 6/1250000, average cost 510.149750
[2016-11-26 04:47:02,869] >> epoch 7/1252720, average cost 510.248901
[2016-11-26 04:50:46,114] >> epoch 7/1270000, average cost 510.316711
[2016-11-26 04:53:23,699] >> epoch 7/1280000, average cost 510.197601
[2016-11-26 04:54:50,293] >> epoch 7/1290000, average cost 510.225586
[2016-11-26 04:56:19,296] >> epoch 7/1300000, average cost 510.137451
[2016-11-26 04:57:54,485] >> epoch 7/1310000, average cost 510.281158
[2016-11-26 05:00:07,230] >> epoch 7/1320000, average cost 510.185211
[2016-11-26 05:01:49,910] >> epoch 7/1330000, average cost 510.236542
[2016-11-26 05:04:19,881] >> epoch 7/1340000, average cost 510.075592
[2016-11-26 05:05:59,027] >> epoch 7/1350000, average cost 510.086304
[2016-11-26 05:08:18,621] >> epoch 7/1360000, average cost 510.091400
[2016-11-26 05:10:36,072] >> epoch 7/1370000, average cost 510.167511
[2016-11-26 05:12:16,660] >> epoch 7/1380000, average cost 510.228760
[2016-11-26 05:14:34,416] >> epoch 7/1390000, average cost 510.167908
[2016-11-26 05:16:07,142] >> epoch 7/1400000, average cost 510.209106
[2016-11-26 05:18:06,730] >> epoch 7/1410000, average cost 510.130249
[2016-11-26 05:19:14,416] >> epoch 7/1420000, average cost 510.050964
[2016-11-26 05:20:38,902] >> epoch 7/1430000, average cost 510.101593
[2016-11-26 05:20:47,427] >> epoch 8/1431680, average cost 510.173401
[2016-11-26 05:24:11,696] >> epoch 8/1450000, average cost 510.244690
[2016-11-26 05:26:28,794] >> epoch 8/1460000, average cost 510.123596
[2016-11-26 05:28:08,998] >> epoch 8/1470000, average cost 510.152496
[2016-11-26 05:29:52,493] >> epoch 8/1480000, average cost 510.078735
[2016-11-26 05:31:02,272] >> epoch 8/1490000, average cost 510.208954
[2016-11-26 05:33:10,935] >> epoch 8/1500000, average cost 510.120697
[2016-11-26 05:35:38,509] >> epoch 8/1510000, average cost 510.162903
[2016-11-26 05:37:22,507] >> epoch 8/1520000, average cost 509.979095
[2016-11-26 05:39:35,683] >> epoch 8/1530000, average cost 510.042786
[2016-11-26 05:41:01,429] >> epoch 8/1540000, average cost 510.010101
[2016-11-26 05:43:01,135] >> epoch 8/1550000, average cost 510.127106
[2016-11-26 05:44:33,109] >> epoch 8/1560000, average cost 510.165405
[2016-11-26 05:46:47,741] >> epoch 8/1570000, average cost 510.095215
[2016-11-26 05:48:18,679] >> epoch 8/1580000, average cost 510.140198
[2016-11-26 05:50:29,435] >> epoch 8/1590000, average cost 510.057861
[2016-11-26 05:51:46,232] >> epoch 8/1600000, average cost 509.990997
[2016-11-26 05:53:05,444] >> epoch 8/1610000, average cost 510.070648
[2016-11-26 05:53:09,439] >> epoch 9/1610640, average cost 510.107635
[2016-11-26 05:55:57,992] >> epoch 9/1630000, average cost 510.185608
[2016-11-26 05:57:51,013] >> epoch 9/1640000, average cost 510.048889
[2016-11-26 06:00:06,632] >> epoch 9/1650000, average cost 510.106903
[2016-11-26 06:01:27,878] >> epoch 9/1660000, average cost 510.029541
[2016-11-26 06:03:20,198] >> epoch 9/1670000, average cost 510.143463
[2016-11-26 06:04:33,787] >> epoch 9/1680000, average cost 510.074890
[2016-11-26 06:06:24,202] >> epoch 9/1690000, average cost 510.098358
[2016-11-26 06:08:09,703] >> epoch 9/1700000, average cost 509.901703
[2016-11-26 06:10:35,478] >> epoch 9/1710000, average cost 510.020691
[2016-11-26 06:12:09,856] >> epoch 9/1720000, average cost 509.952301
[2016-11-26 06:13:41,346] >> epoch 9/1730000, average cost 510.103790
[2016-11-26 06:15:04,262] >> epoch 9/1740000, average cost 510.118835
[2016-11-26 06:16:54,011] >> epoch 9/1750000, average cost 510.058350
[2016-11-26 06:18:29,694] >> epoch 9/1760000, average cost 510.091797
[2016-11-26 06:20:44,451] >> epoch 9/1770000, average cost 510.004944
[2016-11-26 06:22:04,640] >> epoch 9/1780000, average cost 509.952454
[2016-11-26 06:23:34,382] >> epoch 10/1789600, average cost 510.058472
[2016-11-26 06:25:26,841] >> epoch 10/1800000, average cost 510.086853
[2016-11-26 06:27:59,751] >> epoch 10/1810000, average cost 510.133392
[2016-11-26 06:29:39,200] >> epoch 10/1820000, average cost 510.015900
[2016-11-26 06:32:22,171] >> epoch 10/1830000, average cost 510.051086
[2016-11-26 06:34:14,346] >> epoch 10/1840000, average cost 510.023743
[2016-11-26 06:37:11,901] >> epoch 10/1850000, average cost 510.085449
[2016-11-26 06:39:02,900] >> epoch 10/1860000, average cost 510.045288
[2016-11-26 06:42:06,887] >> epoch 10/1870000, average cost 510.053253
[2016-11-26 06:44:07,245] >> epoch 10/1880000, average cost 509.839386
[2016-11-26 06:46:38,890] >> epoch 10/1890000, average cost 510.012939
[2016-11-26 06:48:14,723] >> epoch 10/1900000, average cost 509.904694
[2016-11-26 06:49:49,521] >> epoch 10/1910000, average cost 510.092560
[2016-11-26 06:52:01,484] >> epoch 10/1920000, average cost 510.081696
[2016-11-26 06:53:38,296] >> epoch 10/1930000, average cost 510.022186
[2016-11-26 06:56:39,088] >> epoch 10/1940000, average cost 510.051697
[2016-11-26 06:58:04,177] >> epoch 10/1950000, average cost 509.956665
[2016-11-26 07:00:00,205] >> epoch 10/1960000, average cost 509.922607
[2016-11-26 07:00:57,567] >> epoch 11/1968560, average cost 510.022217
[2016-11-26 07:03:38,267] >> epoch 11/1980000, average cost 510.062653
[2016-11-26 07:06:26,644] >> epoch 11/1990000, average cost 510.084137
[2016-11-26 07:08:05,987] >> epoch 11/2000000, average cost 509.983856
[2016-11-26 07:08:05,990] >> epoch 12/2000000, average cost 510.042694
[2016-11-26 07:08:05,993] >> Training finished in 6:13:15.094245
[2016-11-26 07:09:29,785] >> Loading model
[2016-11-26 07:09:30,224] >> Loading datasets
[2016-11-26 07:09:31,736] >> Reconstruction training started with arguments:
{'activation_noise': None,
 'adadelta': False,
 'adadelta_epsilon': '1e-6',
 'adadelta_rho': '0.95',
 'adagrad': False,
 'adagrad_decay': False,
 'batch_size': 128,
 'ce_sparsity': 0.01,
 'ce_sparsity_weight': 0.0,
 'compound': False,
 'corruption_level': 0.2,
 'datasets': (DatasetContainer [PFileStreamDataset@/export/data1/data/ddraper/train.5.pfile],
              DatasetContainer [],
              DatasetContainer []),
 'epochs': 50,
 'fix_layers': [],
 'graph': False,
 'hooks': [],
 'l1_reg': '0.0',
 'l2_reg': '0.0',
 'layer_args': {1: {}, 2: {}, 3: {}},
 'layers': [4],
 'learning_rate': '0.01',
 'loss': 'crossentropy',
 'minibatches': 2000000,
 'momentum': '',
 'noise': 'mask',
 'sparsity': 0.05,
 'sparsity_weight': 0.0,
 'validate': False,
 'verbosity': 1,
 'warn': False}
[2016-11-26 07:09:31,736] >> Reconstruction training started with da:
{'hidden_activation': u'sigmoid',
 'n_hidden': 1000,
 'n_visible': 1000,
 'tied_weights': True,
 'visible_activation': u'sigmoid'}
[2016-11-26 07:09:31,736] >> Compiling theano graph
Using gpu device 0: Tesla M2075 (CNMeM is disabled, cuDNN not available)
[2016-11-26 07:11:03,246] >> Training started
[2016-11-26 07:12:45,879] >> epoch 0/10000, average cost 99.464455
[2016-11-26 07:15:38,699] >> epoch 0/20000, average cost 96.884338
[2016-11-26 07:17:33,212] >> epoch 0/30000, average cost 95.343697
[2016-11-26 07:19:35,466] >> epoch 0/40000, average cost 95.326012
[2016-11-26 07:21:10,577] >> epoch 0/50000, average cost 95.210190
[2016-11-26 07:24:02,657] >> epoch 0/60000, average cost 94.543190
[2016-11-26 07:25:39,987] >> epoch 0/70000, average cost 94.527748
[2016-11-26 07:27:40,677] >> epoch 0/80000, average cost 94.807602
[2016-11-26 07:28:57,512] >> epoch 0/90000, average cost 94.721489
[2016-11-26 07:30:56,735] >> epoch 0/100000, average cost 94.754761
[2016-11-26 07:32:28,626] >> epoch 0/110000, average cost 94.410385
[2016-11-26 07:34:48,537] >> epoch 0/120000, average cost 94.337448
[2016-11-26 07:36:26,516] >> epoch 0/130000, average cost 94.650925
[2016-11-26 07:38:57,790] >> epoch 0/140000, average cost 94.434891
[2016-11-26 07:41:27,031] >> epoch 0/150000, average cost 94.462273
[2016-11-26 07:43:14,522] >> epoch 0/160000, average cost 94.423996
[2016-11-26 07:45:53,331] >> epoch 0/170000, average cost 94.430847
[2016-11-26 07:47:03,315] >> epoch 1/178960, average cost 95.081573
[2016-11-26 07:49:39,372] >> epoch 1/190000, average cost 94.181961
[2016-11-26 07:52:40,665] >> epoch 1/200000, average cost 95.032295
[2016-11-26 07:54:14,565] >> epoch 1/210000, average cost 94.142845
[2016-11-26 07:57:14,546] >> epoch 1/220000, average cost 94.410950
[2016-11-26 07:58:18,085] >> epoch 1/230000, average cost 94.361565
[2016-11-26 08:00:56,190] >> epoch 1/240000, average cost 93.836876
[2016-11-26 08:02:47,489] >> epoch 1/250000, average cost 93.821411
[2016-11-26 08:05:39,496] >> epoch 1/260000, average cost 94.313980
[2016-11-26 08:07:30,285] >> epoch 1/270000, average cost 94.136650
[2016-11-26 08:09:39,999] >> epoch 1/280000, average cost 94.375496
[2016-11-26 08:11:51,804] >> epoch 1/290000, average cost 93.874603
[2016-11-26 08:13:50,310] >> epoch 1/300000, average cost 93.931015
[2016-11-26 08:16:41,232] >> epoch 1/310000, average cost 94.383835
[2016-11-26 08:18:09,260] >> epoch 1/320000, average cost 94.105560
[2016-11-26 08:21:17,870] >> epoch 1/330000, average cost 94.194374
[2016-11-26 08:23:06,283] >> epoch 1/340000, average cost 94.122787
[2016-11-26 08:25:33,125] >> epoch 1/350000, average cost 94.210884
[2016-11-26 08:26:42,021] >> epoch 2/357920, average cost 94.211624
[2016-11-26 08:29:56,692] >> epoch 2/370000, average cost 94.049797
[2016-11-26 08:33:03,953] >> epoch 2/380000, average cost 94.747597
[2016-11-26 08:35:12,682] >> epoch 2/390000, average cost 93.959511
[2016-11-26 08:38:34,667] >> epoch 2/400000, average cost 94.237839
[2016-11-26 08:40:42,064] >> epoch 2/410000, average cost 94.130249
[2016-11-26 08:43:44,722] >> epoch 2/420000, average cost 93.641464
[2016-11-26 08:47:02,775] >> epoch 2/430000, average cost 93.635780
[2016-11-26 08:49:17,416] >> epoch 2/440000, average cost 94.217628
[2016-11-26 08:52:31,407] >> epoch 2/450000, average cost 93.921761
[2016-11-26 08:54:36,925] >> epoch 2/460000, average cost 94.237450
[2016-11-26 08:56:04,102] >> epoch 2/470000, average cost 93.673477
[2016-11-26 08:57:36,534] >> epoch 2/480000, average cost 93.734451
[2016-11-26 08:59:42,956] >> epoch 2/490000, average cost 94.267975
[2016-11-26 09:01:27,560] >> epoch 2/500000, average cost 93.962181
[2016-11-26 09:04:01,759] >> epoch 2/510000, average cost 94.059418
[2016-11-26 09:05:23,007] >> epoch 2/520000, average cost 93.925537
[2016-11-26 09:07:16,840] >> epoch 2/530000, average cost 94.113571
[2016-11-26 09:08:05,984] >> epoch 3/536880, average cost 94.036720
[2016-11-26 09:10:49,608] >> epoch 3/550000, average cost 94.009422
[2016-11-26 09:12:34,814] >> epoch 3/560000, average cost 94.520714
[2016-11-26 09:14:52,997] >> epoch 3/570000, average cost 93.841698
[2016-11-26 09:16:39,408] >> epoch 3/580000, average cost 94.117409
[2016-11-26 09:18:45,824] >> epoch 3/590000, average cost 93.885773
[2016-11-26 09:20:16,609] >> epoch 3/600000, average cost 93.547615
[2016-11-26 09:22:29,910] >> epoch 3/610000, average cost 93.483536
[2016-11-26 09:24:07,097] >> epoch 3/620000, average cost 94.104088
[2016-11-26 09:26:27,198] >> epoch 3/630000, average cost 93.716560
[2016-11-26 09:28:10,271] >> epoch 3/640000, average cost 94.140625
[2016-11-26 09:29:56,798] >> epoch 3/650000, average cost 93.473846
[2016-11-26 09:31:12,371] >> epoch 3/660000, average cost 93.501312
[2016-11-26 09:33:11,534] >> epoch 3/670000, average cost 94.173752
[2016-11-26 09:34:51,483] >> epoch 3/680000, average cost 93.791084
[2016-11-26 09:37:28,521] >> epoch 3/690000, average cost 93.902420
[2016-11-26 09:39:08,858] >> epoch 3/700000, average cost 93.734909
[2016-11-26 09:40:33,895] >> epoch 3/710000, average cost 93.972290
[2016-11-26 09:41:14,683] >> epoch 4/715840, average cost 93.879639
[2016-11-26 09:44:20,892] >> epoch 4/730000, average cost 94.017723
[2016-11-26 09:45:56,056] >> epoch 4/740000, average cost 94.213768
[2016-11-26 09:48:22,648] >> epoch 4/750000, average cost 93.707298
[2016-11-26 09:49:59,915] >> epoch 4/760000, average cost 93.961334
[2016-11-26 09:52:15,313] >> epoch 4/770000, average cost 93.606110
[2016-11-26 09:53:42,646] >> epoch 4/780000, average cost 93.418411
[2016-11-26 09:55:41,650] >> epoch 4/790000, average cost 93.329773
[2016-11-26 09:56:51,591] >> epoch 4/800000, average cost 93.944221
[2016-11-26 09:59:17,008] >> epoch 4/810000, average cost 93.512634
[2016-11-26 10:00:51,123] >> epoch 4/820000, average cost 93.983025
[2016-11-26 10:02:43,355] >> epoch 4/830000, average cost 93.208191
[2016-11-26 10:04:17,127] >> epoch 4/840000, average cost 93.308212
[2016-11-26 10:05:47,539] >> epoch 4/850000, average cost 93.981010
[2016-11-26 10:07:41,531] >> epoch 4/860000, average cost 93.616325
[2016-11-26 10:09:27,538] >> epoch 4/870000, average cost 93.697678
[2016-11-26 10:11:10,088] >> epoch 4/880000, average cost 93.524422
[2016-11-26 10:12:35,049] >> epoch 4/890000, average cost 93.765579
[2016-11-26 10:13:03,278] >> epoch 5/894800, average cost 93.692345
[2016-11-26 10:16:12,633] >> epoch 5/910000, average cost 93.955360
[2016-11-26 10:17:45,937] >> epoch 5/920000, average cost 93.867050
[2016-11-26 10:20:11,236] >> epoch 5/930000, average cost 93.515182
[2016-11-26 10:21:54,149] >> epoch 5/940000, average cost 93.748772
[2016-11-26 10:24:10,247] >> epoch 5/950000, average cost 93.305862
[2016-11-26 10:26:25,545] >> epoch 5/960000, average cost 93.247612
[2016-11-26 10:27:58,098] >> epoch 5/970000, average cost 93.107849
[2016-11-26 10:29:43,032] >> epoch 5/980000, average cost 93.720985
[2016-11-26 10:31:03,188] >> epoch 5/990000, average cost 93.267097
[2016-11-26 10:32:47,834] >> epoch 5/1000000, average cost 93.689049
[2016-11-26 10:34:06,951] >> epoch 5/1010000, average cost 93.059067
[2016-11-26 10:36:20,985] >> epoch 5/1020000, average cost 93.132568
[2016-11-26 10:37:35,882] >> epoch 5/1030000, average cost 93.685196
[2016-11-26 10:39:35,570] >> epoch 5/1040000, average cost 93.391594
[2016-11-26 10:41:09,544] >> epoch 5/1050000, average cost 93.493179
[2016-11-26 10:42:49,166] >> epoch 5/1060000, average cost 93.313110
[2016-11-26 10:44:22,027] >> epoch 5/1070000, average cost 93.540977
[2016-11-26 10:44:44,591] >> epoch 6/1073760, average cost 93.468658
[2016-11-26 10:47:52,667] >> epoch 6/1090000, average cost 93.902351
[2016-11-26 10:50:13,254] >> epoch 6/1100000, average cost 93.516609
[2016-11-26 10:51:49,007] >> epoch 6/1110000, average cost 93.322685
[2016-11-26 10:54:15,570] >> epoch 6/1120000, average cost 93.541290
[2016-11-26 10:55:44,494] >> epoch 6/1130000, average cost 93.019737
[2016-11-26 10:59:59,969] >> epoch 6/1140000, average cost 93.021317
[2016-11-26 11:01:39,916] >> epoch 6/1150000, average cost 92.965111
[2016-11-26 11:03:39,289] >> epoch 6/1160000, average cost 93.464531
[2016-11-26 11:05:21,720] >> epoch 6/1170000, average cost 93.093002
[2016-11-26 11:07:45,025] >> epoch 6/1180000, average cost 93.415749
[2016-11-26 11:09:17,985] >> epoch 6/1190000, average cost 92.909973
[2016-11-26 11:11:50,008] >> epoch 6/1200000, average cost 92.984879
[2016-11-26 11:13:25,971] >> epoch 6/1210000, average cost 93.402550
[2016-11-26 11:15:17,967] >> epoch 6/1220000, average cost 93.202415
[2016-11-26 11:16:57,203] >> epoch 6/1230000, average cost 93.293892
[2016-11-26 11:18:52,890] >> epoch 6/1240000, average cost 93.102028
[2016-11-26 11:20:37,576] >> epoch 6/1250000, average cost 93.362404
[2016-11-26 11:20:53,874] >> epoch 7/1252720, average cost 93.256729
[2016-11-26 11:24:07,092] >> epoch 7/1270000, average cost 93.792564
[2016-11-26 11:26:36,549] >> epoch 7/1280000, average cost 93.223022
[2016-11-26 11:28:19,755] >> epoch 7/1290000, average cost 93.148949
[2016-11-26 11:30:57,632] >> epoch 7/1300000, average cost 93.320198
[2016-11-26 11:32:43,837] >> epoch 7/1310000, average cost 92.783134
[2016-11-26 11:35:13,013] >> epoch 7/1320000, average cost 92.841736
[2016-11-26 11:36:56,540] >> epoch 7/1330000, average cost 92.870453
[2016-11-26 11:39:17,717] >> epoch 7/1340000, average cost 93.223511
[2016-11-26 11:40:48,425] >> epoch 7/1350000, average cost 92.978790
[2016-11-26 11:43:06,423] >> epoch 7/1360000, average cost 93.165527
[2016-11-26 11:45:29,792] >> epoch 7/1370000, average cost 92.811523
[2016-11-26 11:47:12,127] >> epoch 7/1380000, average cost 92.902107
[2016-11-26 11:49:32,770] >> epoch 7/1390000, average cost 93.180054
[2016-11-26 11:51:07,241] >> epoch 7/1400000, average cost 93.048470
[2016-11-26 11:53:22,000] >> epoch 7/1410000, average cost 93.129341
[2016-11-26 11:54:47,344] >> epoch 7/1420000, average cost 92.987572
[2016-11-26 11:56:00,716] >> epoch 7/1430000, average cost 93.270187
[2016-11-26 11:56:10,710] >> epoch 8/1431680, average cost 93.087044
[2016-11-26 12:00:01,060] >> epoch 8/1450000, average cost 93.722404
[2016-11-26 12:02:04,788] >> epoch 8/1460000, average cost 92.961365
[2016-11-26 12:03:49,519] >> epoch 8/1470000, average cost 93.040634
[2016-11-26 12:06:03,577] >> epoch 8/1480000, average cost 93.173584
[2016-11-26 12:07:37,462] >> epoch 8/1490000, average cost 92.598381
[2016-11-26 12:09:47,361] >> epoch 8/1500000, average cost 92.719391
[2016-11-26 12:11:38,276] >> epoch 8/1510000, average cost 92.818748
[2016-11-26 12:13:00,753] >> epoch 8/1520000, average cost 93.086746
[2016-11-26 12:14:24,633] >> epoch 8/1530000, average cost 92.908752
[2016-11-26 12:15:43,679] >> epoch 8/1540000, average cost 92.942726
[2016-11-26 12:17:03,465] >> epoch 8/1550000, average cost 92.718750
[2016-11-26 12:18:22,427] >> epoch 8/1560000, average cost 92.908615
[2016-11-26 12:19:49,880] >> epoch 8/1570000, average cost 93.008057
[2016-11-26 12:21:13,233] >> epoch 8/1580000, average cost 92.953842
[2016-11-26 12:22:41,034] >> epoch 8/1590000, average cost 92.990311
[2016-11-26 12:24:02,171] >> epoch 8/1600000, average cost 92.921326
[2016-11-26 12:25:14,667] >> epoch 8/1610000, average cost 93.211670
[2016-11-26 12:25:19,549] >> epoch 9/1610640, average cost 92.968475
[2016-11-26 12:28:26,121] >> epoch 9/1630000, average cost 93.688675
[2016-11-26 12:29:54,766] >> epoch 9/1640000, average cost 92.744865
[2016-11-26 12:31:21,865] >> epoch 9/1650000, average cost 92.964043
[2016-11-26 12:32:41,535] >> epoch 9/1660000, average cost 93.052437
[2016-11-26 12:34:11,042] >> epoch 9/1670000, average cost 92.483574
[2016-11-26 12:35:28,467] >> epoch 9/1680000, average cost 92.589066
[2016-11-26 12:36:52,922] >> epoch 9/1690000, average cost 92.818466
[2016-11-26 12:38:10,523] >> epoch 9/1700000, average cost 92.913887
[2016-11-26 12:39:35,888] >> epoch 9/1710000, average cost 92.894310
[2016-11-26 12:40:57,040] >> epoch 9/1720000, average cost 92.732971
[2016-11-26 12:42:18,233] >> epoch 9/1730000, average cost 92.633553
[2016-11-26 12:43:35,927] >> epoch 9/1740000, average cost 92.925438
[2016-11-26 12:45:01,884] >> epoch 9/1750000, average cost 92.868973
[2016-11-26 12:46:19,902] >> epoch 9/1760000, average cost 92.865616
[2016-11-26 12:47:46,178] >> epoch 9/1770000, average cost 92.874092
[2016-11-26 12:49:08,164] >> epoch 9/1780000, average cost 92.860428
[2016-11-26 12:50:20,271] >> epoch 10/1789600, average cost 92.872711
[2016-11-26 12:52:21,341] >> epoch 10/1800000, average cost 92.615059
[2016-11-26 12:53:54,391] >> epoch 10/1810000, average cost 93.563454
[2016-11-26 12:55:14,164] >> epoch 10/1820000, average cost 92.652740
[2016-11-26 12:56:48,695] >> epoch 10/1830000, average cost 92.908760
[2016-11-26 12:58:09,086] >> epoch 10/1840000, average cost 92.929947
[2016-11-26 13:00:08,759] >> epoch 10/1850000, average cost 92.393700
[2016-11-26 13:01:44,169] >> epoch 10/1860000, average cost 92.445091
[2016-11-26 13:04:04,748] >> epoch 10/1870000, average cost 92.832176
[2016-11-26 13:05:46,741] >> epoch 10/1880000, average cost 92.754074
[2016-11-26 13:08:08,675] >> epoch 10/1890000, average cost 92.900253
[2016-11-26 13:09:45,097] >> epoch 10/1900000, average cost 92.536476
[2016-11-26 13:12:00,958] >> epoch 10/1910000, average cost 92.562950
[2016-11-26 13:14:17,526] >> epoch 10/1920000, average cost 92.949379
[2016-11-26 13:15:46,184] >> epoch 10/1930000, average cost 92.715492
[2016-11-26 13:18:10,046] >> epoch 10/1940000, average cost 92.805161
[2016-11-26 13:19:42,590] >> epoch 10/1950000, average cost 92.751160
[2016-11-26 13:21:58,371] >> epoch 10/1960000, average cost 92.831764
[2016-11-26 13:23:01,069] >> epoch 11/1968560, average cost 92.787407
[2016-11-26 13:25:27,716] >> epoch 11/1980000, average cost 92.619278
[2016-11-26 13:27:49,615] >> epoch 11/1990000, average cost 93.418198
[2016-11-26 13:29:09,340] >> epoch 11/2000000, average cost 92.610443
[2016-11-26 13:29:09,343] >> epoch 12/2000000, average cost 92.852226
[2016-11-26 13:29:09,345] >> Training finished in 6:18:06.098939
[2016-11-26 13:29:58,058] >> Loading model
[2016-11-26 13:29:58,414] >> Loading datasets
[2016-11-26 13:29:58,427] >> Reconstruction training started with arguments:
{'activation_noise': None,
 'adadelta': False,
 'adadelta_epsilon': '1e-6',
 'adadelta_rho': '0.95',
 'adagrad': False,
 'adagrad_decay': False,
 'batch_size': 128,
 'ce_sparsity': 0.01,
 'ce_sparsity_weight': 0.0,
 'compound': False,
 'corruption_level': 0.2,
 'datasets': (DatasetContainer [PFileStreamDataset@/export/data1/data/ddraper/train.5.pfile],
              DatasetContainer [],
              DatasetContainer []),
 'epochs': 50,
 'fix_layers': [],
 'graph': False,
 'hooks': [],
 'l1_reg': '0.0',
 'l2_reg': '0.0',
 'layer_args': {1: {}, 2: {}, 3: {}, 4: {}},
 'layers': [5],
 'learning_rate': '0.01',
 'loss': 'crossentropy',
 'minibatches': 2000000,
 'momentum': '',
 'noise': 'mask',
 'sparsity': 0.05,
 'sparsity_weight': 0.0,
 'validate': False,
 'verbosity': 1,
 'warn': False}
[2016-11-26 13:29:58,427] >> Reconstruction training started with da:
{'hidden_activation': u'sigmoid',
 'n_hidden': 1000,
 'n_visible': 1000,
 'tied_weights': True,
 'visible_activation': u'sigmoid'}
[2016-11-26 13:29:58,427] >> Compiling theano graph
Using gpu device 0: Tesla M2075 (CNMeM is disabled, cuDNN not available)
[2016-11-26 13:30:40,606] >> Training started
[2016-11-26 13:32:04,943] >> epoch 0/10000, average cost 317.188568
[2016-11-26 13:33:41,545] >> epoch 0/20000, average cost 313.756348
[2016-11-26 13:35:00,596] >> epoch 0/30000, average cost 312.062836
[2016-11-26 13:36:33,654] >> epoch 0/40000, average cost 311.519470
[2016-11-26 13:37:54,401] >> epoch 0/50000, average cost 311.138153
[2016-11-26 13:39:22,996] >> epoch 0/60000, average cost 310.683960
[2016-11-26 13:40:45,395] >> epoch 0/70000, average cost 310.523438
[2016-11-26 13:42:15,827] >> epoch 0/80000, average cost 310.486053
[2016-11-26 13:43:37,415] >> epoch 0/90000, average cost 310.316925
[2016-11-26 13:45:07,216] >> epoch 0/100000, average cost 310.314209
[2016-11-26 13:46:35,332] >> epoch 0/110000, average cost 310.090485
[2016-11-26 13:48:00,839] >> epoch 0/120000, average cost 310.148499
[2016-11-26 13:49:28,046] >> epoch 0/130000, average cost 310.184387
[2016-11-26 13:51:00,484] >> epoch 0/140000, average cost 310.005219
[2016-11-26 13:52:34,768] >> epoch 0/150000, average cost 310.037415
[2016-11-26 13:54:00,658] >> epoch 0/160000, average cost 309.925659
[2016-11-26 13:55:34,900] >> epoch 0/170000, average cost 309.927704
[2016-11-26 13:56:36,760] >> epoch 1/178960, average cost 311.024780
[2016-11-26 13:58:39,369] >> epoch 1/190000, average cost 309.840210
[2016-11-26 14:00:16,015] >> epoch 1/200000, average cost 310.132965
[2016-11-26 14:01:41,226] >> epoch 1/210000, average cost 309.718964
[2016-11-26 14:03:15,213] >> epoch 1/220000, average cost 309.801514
[2016-11-26 14:04:41,381] >> epoch 1/230000, average cost 309.757629
[2016-11-26 14:06:10,276] >> epoch 1/240000, average cost 309.540039
[2016-11-26 14:07:36,651] >> epoch 1/250000, average cost 309.517700
[2016-11-26 14:09:04,288] >> epoch 1/260000, average cost 309.638885
[2016-11-26 14:10:27,869] >> epoch 1/270000, average cost 309.478455
[2016-11-26 14:11:57,389] >> epoch 1/280000, average cost 309.610535
[2016-11-26 14:13:28,237] >> epoch 1/290000, average cost 309.369263
[2016-11-26 14:14:51,256] >> epoch 1/300000, average cost 309.499664
[2016-11-26 14:16:21,249] >> epoch 1/310000, average cost 309.580109
[2016-11-26 14:17:42,507] >> epoch 1/320000, average cost 309.411499
[2016-11-26 14:19:14,347] >> epoch 1/330000, average cost 309.464539
[2016-11-26 14:20:37,595] >> epoch 1/340000, average cost 309.358032
[2016-11-26 14:22:07,811] >> epoch 1/350000, average cost 309.400787
[2016-11-26 14:23:01,944] >> epoch 2/357920, average cost 309.592590
[2016-11-26 14:25:13,184] >> epoch 2/370000, average cost 309.360443
[2016-11-26 14:26:49,355] >> epoch 2/380000, average cost 309.607513
[2016-11-26 14:28:15,971] >> epoch 2/390000, average cost 309.221191
[2016-11-26 14:29:49,141] >> epoch 2/400000, average cost 309.333282
[2016-11-26 14:31:18,381] >> epoch 2/410000, average cost 309.277008
[2016-11-26 14:32:43,883] >> epoch 2/420000, average cost 309.075958
[2016-11-26 14:34:15,338] >> epoch 2/430000, average cost 309.057556
[2016-11-26 14:35:36,191] >> epoch 2/440000, average cost 309.215942
[2016-11-26 14:37:04,364] >> epoch 2/450000, average cost 309.031403
[2016-11-26 14:38:29,175] >> epoch 2/460000, average cost 309.195465
[2016-11-26 14:39:57,944] >> epoch 2/470000, average cost 308.951752
[2016-11-26 14:41:21,912] >> epoch 2/480000, average cost 309.069794
[2016-11-26 14:42:49,953] >> epoch 2/490000, average cost 309.188538
[2016-11-26 14:44:10,533] >> epoch 2/500000, average cost 309.039948
[2016-11-26 14:45:39,053] >> epoch 2/510000, average cost 309.081757
[2016-11-26 14:46:59,465] >> epoch 2/520000, average cost 308.972900
[2016-11-26 14:48:27,227] >> epoch 2/530000, average cost 309.062500
[2016-11-26 14:49:12,430] >> epoch 3/536880, average cost 309.162262
[2016-11-26 14:51:35,414] >> epoch 3/550000, average cost 309.054718
[2016-11-26 14:52:54,710] >> epoch 3/560000, average cost 309.248566
[2016-11-26 14:54:30,421] >> epoch 3/570000, average cost 308.909088
[2016-11-26 14:55:47,321] >> epoch 3/580000, average cost 309.024811
[2016-11-26 14:57:14,812] >> epoch 3/590000, average cost 308.945007
[2016-11-26 14:58:34,048] >> epoch 3/600000, average cost 308.805908
[2016-11-26 15:00:01,379] >> epoch 3/610000, average cost 308.776855
[2016-11-26 15:01:22,882] >> epoch 3/620000, average cost 308.946564
[2016-11-26 15:02:46,477] >> epoch 3/630000, average cost 308.750397
[2016-11-26 15:04:06,872] >> epoch 3/640000, average cost 308.942505
[2016-11-26 15:05:30,815] >> epoch 3/650000, average cost 308.686096
[2016-11-26 15:06:48,358] >> epoch 3/660000, average cost 308.798920
[2016-11-26 15:08:15,958] >> epoch 3/670000, average cost 308.953888
[2016-11-26 15:09:33,572] >> epoch 3/680000, average cost 308.814850
[2016-11-26 15:11:10,282] >> epoch 3/690000, average cost 308.849487
[2016-11-26 15:12:46,538] >> epoch 3/700000, average cost 308.738403
[2016-11-26 15:14:05,051] >> epoch 3/710000, average cost 308.854248
[2016-11-26 15:14:40,368] >> epoch 4/715840, average cost 308.890991
[2016-11-26 15:17:11,523] >> epoch 4/730000, average cost 308.909515
[2016-11-26 15:18:34,450] >> epoch 4/740000, average cost 308.989899
[2016-11-26 15:20:04,744] >> epoch 4/750000, average cost 308.722748
[2016-11-26 15:21:29,671] >> epoch 4/760000, average cost 308.830231
[2016-11-26 15:23:01,886] >> epoch 4/770000, average cost 308.727295
[2016-11-26 15:24:27,257] >> epoch 4/780000, average cost 308.631287
[2016-11-26 15:25:58,004] >> epoch 4/790000, average cost 308.605194
[2016-11-26 15:27:24,167] >> epoch 4/800000, average cost 308.777039
[2016-11-26 15:28:54,484] >> epoch 4/810000, average cost 308.560486
[2016-11-26 15:30:13,336] >> epoch 4/820000, average cost 308.781647
[2016-11-26 15:31:43,534] >> epoch 4/830000, average cost 308.514160
[2016-11-26 15:33:15,485] >> epoch 4/840000, average cost 308.622467
[2016-11-26 15:34:35,080] >> epoch 4/850000, average cost 308.783356
[2016-11-26 15:36:02,976] >> epoch 4/860000, average cost 308.668488
[2016-11-26 15:37:25,054] >> epoch 4/870000, average cost 308.690460
[2016-11-26 15:38:55,018] >> epoch 4/880000, average cost 308.591888
[2016-11-26 15:40:17,009] >> epoch 4/890000, average cost 308.708710
[2016-11-26 15:40:45,459] >> epoch 5/894800, average cost 308.714661
[2016-11-26 15:43:25,672] >> epoch 5/910000, average cost 308.826630
[2016-11-26 15:44:52,745] >> epoch 5/920000, average cost 308.794159
[2016-11-26 15:46:25,111] >> epoch 5/930000, average cost 308.596985
[2016-11-26 15:47:49,823] >> epoch 5/940000, average cost 308.693726
[2016-11-26 15:49:17,375] >> epoch 5/950000, average cost 308.567688
[2016-11-26 15:50:49,788] >> epoch 5/960000, average cost 308.514587
[2016-11-26 15:52:09,238] >> epoch 5/970000, average cost 308.478271
[2016-11-26 15:53:39,767] >> epoch 5/980000, average cost 308.645813
[2016-11-26 15:55:01,726] >> epoch 5/990000, average cost 308.451263
[2016-11-26 15:56:31,307] >> epoch 5/1000000, average cost 308.627686
[2016-11-26 15:57:54,736] >> epoch 5/1010000, average cost 308.437378
[2016-11-26 15:59:27,227] >> epoch 5/1020000, average cost 308.527679
[2016-11-26 16:00:50,765] >> epoch 5/1030000, average cost 308.637939
[2016-11-26 16:02:24,209] >> epoch 5/1040000, average cost 308.572052
[2016-11-26 16:03:48,867] >> epoch 5/1050000, average cost 308.580963
[2016-11-26 16:05:17,428] >> epoch 5/1060000, average cost 308.486877
[2016-11-26 16:06:40,272] >> epoch 5/1070000, average cost 308.605347
[2016-11-26 16:07:02,865] >> epoch 6/1073760, average cost 308.592621
[2016-11-26 16:09:48,376] >> epoch 6/1090000, average cost 308.785339
[2016-11-26 16:11:26,401] >> epoch 6/1100000, average cost 308.649323
[2016-11-26 16:12:51,767] >> epoch 6/1110000, average cost 308.516937
[2016-11-26 16:14:29,425] >> epoch 6/1120000, average cost 308.592407
[2016-11-26 16:15:53,863] >> epoch 6/1130000, average cost 308.445831
[2016-11-26 16:17:23,571] >> epoch 6/1140000, average cost 308.429840
[2016-11-26 16:18:46,043] >> epoch 6/1150000, average cost 308.413544
[2016-11-26 16:20:16,449] >> epoch 6/1160000, average cost 308.531097
[2016-11-26 16:21:38,944] >> epoch 6/1170000, average cost 308.387665
[2016-11-26 16:23:12,413] >> epoch 6/1180000, average cost 308.512787
[2016-11-26 16:24:33,491] >> epoch 6/1190000, average cost 308.398041
[2016-11-26 16:25:57,803] >> epoch 6/1200000, average cost 308.458832
[2016-11-26 16:27:18,778] >> epoch 6/1210000, average cost 308.520935
[2016-11-26 16:28:44,453] >> epoch 6/1220000, average cost 308.505310
[2016-11-26 16:30:04,511] >> epoch 6/1230000, average cost 308.498627
[2016-11-26 16:31:30,921] >> epoch 6/1240000, average cost 308.409698
[2016-11-26 16:32:49,531] >> epoch 6/1250000, average cost 308.544556
[2016-11-26 16:33:05,371] >> epoch 7/1252720, average cost 308.505890
[2016-11-26 16:35:54,479] >> epoch 7/1270000, average cost 308.747650
[2016-11-26 16:37:26,930] >> epoch 7/1280000, average cost 308.519165
[2016-11-26 16:38:44,807] >> epoch 7/1290000, average cost 308.457916
[2016-11-26 16:40:17,845] >> epoch 7/1300000, average cost 308.523010
[2016-11-26 16:41:35,698] >> epoch 7/1310000, average cost 308.361359
[2016-11-26 16:43:08,548] >> epoch 7/1320000, average cost 308.359222
[2016-11-26 16:44:29,831] >> epoch 7/1330000, average cost 308.367554
[2016-11-26 16:45:55,942] >> epoch 7/1340000, average cost 308.438141
[2016-11-26 16:47:21,821] >> epoch 7/1350000, average cost 308.351410
[2016-11-26 16:48:51,323] >> epoch 7/1360000, average cost 308.412292
[2016-11-26 16:50:12,700] >> epoch 7/1370000, average cost 308.371826
[2016-11-26 16:51:30,010] >> epoch 7/1380000, average cost 308.415802
[2016-11-26 16:52:58,015] >> epoch 7/1390000, average cost 308.434662
[2016-11-26 16:54:16,174] >> epoch 7/1400000, average cost 308.448944
[2016-11-26 16:55:40,219] >> epoch 7/1410000, average cost 308.424011
[2016-11-26 16:57:05,213] >> epoch 7/1420000, average cost 308.373077
[2016-11-26 16:58:20,432] >> epoch 7/1430000, average cost 308.506805
[2016-11-26 16:58:30,207] >> epoch 8/1431680, average cost 308.440979
[2016-11-26 17:01:23,439] >> epoch 8/1450000, average cost 308.718750
[2016-11-26 17:02:54,652] >> epoch 8/1460000, average cost 308.410645
[2016-11-26 17:04:15,730] >> epoch 8/1470000, average cost 308.412506
[2016-11-26 17:05:43,530] >> epoch 8/1480000, average cost 308.454346
[2016-11-26 17:07:06,533] >> epoch 8/1490000, average cost 308.284943
[2016-11-26 17:08:31,154] >> epoch 8/1500000, average cost 308.302643
[2016-11-26 17:10:01,829] >> epoch 8/1510000, average cost 308.332550
[2016-11-26 17:11:20,309] >> epoch 8/1520000, average cost 308.347626
[2016-11-26 17:12:48,621] >> epoch 8/1530000, average cost 308.335754
[2016-11-26 17:14:09,575] >> epoch 8/1540000, average cost 308.315063
[2016-11-26 17:15:34,383] >> epoch 8/1550000, average cost 308.333069
[2016-11-26 17:16:55,912] >> epoch 8/1560000, average cost 308.398560
[2016-11-26 17:18:29,762] >> epoch 8/1570000, average cost 308.363373
[2016-11-26 17:19:53,290] >> epoch 8/1580000, average cost 308.398499
[2016-11-26 17:21:30,172] >> epoch 8/1590000, average cost 308.356110
[2016-11-26 17:22:48,917] >> epoch 8/1600000, average cost 308.339355
[2016-11-26 17:24:07,092] >> epoch 8/1610000, average cost 308.482758
[2016-11-26 17:24:10,830] >> epoch 9/1610640, average cost 308.385864
[2016-11-26 17:27:22,207] >> epoch 9/1630000, average cost 308.696777
[2016-11-26 17:28:50,800] >> epoch 9/1640000, average cost 308.314636
[2016-11-26 17:30:24,645] >> epoch 9/1650000, average cost 308.381042
[2016-11-26 17:31:42,256] >> epoch 9/1660000, average cost 308.401337
[2016-11-26 17:33:10,560] >> epoch 9/1670000, average cost 308.232635
[2016-11-26 17:34:27,773] >> epoch 9/1680000, average cost 308.249573
[2016-11-26 17:35:54,917] >> epoch 9/1690000, average cost 308.322723
[2016-11-26 17:37:11,357] >> epoch 9/1700000, average cost 308.277191
[2016-11-26 17:38:38,173] >> epoch 9/1710000, average cost 308.322937
[2016-11-26 17:39:54,534] >> epoch 9/1720000, average cost 308.229736
[2016-11-26 17:41:21,809] >> epoch 9/1730000, average cost 308.313293
[2016-11-26 17:42:41,747] >> epoch 9/1740000, average cost 308.398041
[2016-11-26 17:44:08,119] >> epoch 9/1750000, average cost 308.300812
[2016-11-26 17:45:25,858] >> epoch 9/1760000, average cost 308.362335
[2016-11-26 17:46:55,336] >> epoch 9/1770000, average cost 308.305115
[2016-11-26 17:48:17,543] >> epoch 9/1780000, average cost 308.317993
[2016-11-26 17:49:28,567] >> epoch 10/1789600, average cost 308.344604
[2016-11-26 17:51:20,230] >> epoch 10/1800000, average cost 308.302338
[2016-11-26 17:52:59,251] >> epoch 10/1810000, average cost 308.650482
[2016-11-26 17:54:19,025] >> epoch 10/1820000, average cost 308.266937
[2016-11-26 17:55:43,700] >> epoch 10/1830000, average cost 308.361359
[2016-11-26 17:57:05,218] >> epoch 10/1840000, average cost 308.362946
[2016-11-26 17:58:44,015] >> epoch 10/1850000, average cost 308.192963
[2016-11-26 18:00:11,740] >> epoch 10/1860000, average cost 308.202332
[2016-11-26 18:01:56,184] >> epoch 10/1870000, average cost 308.312012
[2016-11-26 18:03:15,497] >> epoch 10/1880000, average cost 308.208435
[2016-11-26 18:05:01,669] >> epoch 10/1890000, average cost 308.330994
[2016-11-26 18:06:33,850] >> epoch 10/1900000, average cost 308.159210
[2016-11-26 18:08:36,934] >> epoch 10/1910000, average cost 308.294403
[2016-11-26 18:11:00,001] >> epoch 10/1920000, average cost 308.404236
[2016-11-26 18:12:27,413] >> epoch 10/1930000, average cost 308.253387
[2016-11-26 18:14:48,865] >> epoch 10/1940000, average cost 308.333008
[2016-11-26 18:16:29,422] >> epoch 10/1950000, average cost 308.258942
[2016-11-26 18:18:29,091] >> epoch 10/1960000, average cost 308.309509
[2016-11-26 18:19:24,260] >> epoch 11/1968560, average cost 308.312439
[2016-11-26 18:21:32,556] >> epoch 11/1980000, average cost 308.309570
[2016-11-26 18:23:31,592] >> epoch 11/1990000, average cost 308.597809
[2016-11-26 18:25:05,591] >> epoch 11/2000000, average cost 308.235657
[2016-11-26 18:25:05,618] >> epoch 12/2000000, average cost 308.370789
[2016-11-26 18:25:05,675] >> Training finished in 4:54:25.015001
[2016-11-26 18:26:14,439] >> Loading model
[2016-11-26 18:26:16,155] >> Loading datasets
Using gpu device 0: Tesla M2075 (CNMeM is disabled, cuDNN not available)
[2016-11-26 18:26:31,766] >> Supervised training started with arguments:
{'activation_noise': None,
 'adadelta': False,
 'adadelta_epsilon': '1e-6',
 'adadelta_rho': '0.95',
 'adagrad': False,
 'adagrad_decay': False,
 'batch_size': 256,
 'datasets': (DatasetContainer [PFileStreamDataset@/export/data1/data/ddraper/train.5.pfile],
              DatasetContainer [PFileDataset@/export/data1/data/ddraper/valid.5.pfile,1, PFileDataset@/export/data1/data/ddraper/valid.5.pfile,2, PFileDataset@/export/data1/data/ddraper/valid.5.pfile,3],
              DatasetContainer []),
 'epochs': 50,
 'fix_layers': [],
 'graph': False,
 'hooks': [<functools.partial object at 0x7f21f1bdb520>],
 'l1_reg': '0.0',
 'l2_reg': '0.0',
 'layer_args': [],
 'learning_rate': '0.1',
 'minibatches': -1,
 'momentum': '',
 'newbob': True,
 'newbob_decay': 0.5,
 'newbob_threshold': [0.005, 0.0001],
 'patience': -1,
 'patience_improve_threshold': 0.995,
 'patience_increase': 1.5,
 'pre_validate': False,
 'print_errors': True,
 'validation_interval': -1,
 'verbosity': 0,
 'warn': False}
[2016-11-26 18:26:31,767] >> Compiling theano graph
[2016-11-26 18:28:00,553] >> Training started
[2016-11-26 19:01:33,083] >  epoch 1/89480, training error 0.514853
[2016-11-26 19:01:45,749] >  epoch 1/89480, validation error 0.429393
[2016-11-26 19:36:25,314] >  epoch 2/178960, training error 0.382515
[2016-11-26 19:36:34,603] >  epoch 2/178960, validation error 0.382762
[2016-11-26 20:16:16,429] >  epoch 3/268440, training error 0.335187
[2016-11-26 20:16:29,074] >  epoch 3/268440, validation error 0.352733
[2016-11-26 21:02:51,685] >  epoch 4/357920, training error 0.307010
[2016-11-26 21:03:05,717] >  epoch 4/357920, validation error 0.324063
[2016-11-26 21:50:47,673] >  epoch 5/447400, training error 0.286301
[2016-11-26 21:51:01,365] >  epoch 5/447400, validation error 0.320140
[2016-11-26 21:51:01,599] >  epoch 5/447400, learning rate set to 0.050000
[2016-11-26 22:33:47,054] >  epoch 6/536880, training error 0.265591
[2016-11-26 22:34:01,114] >  epoch 6/536880, validation error 0.301630
[2016-11-26 22:34:01,376] >  epoch 6/536880, learning rate set to 0.025000
[2016-11-26 23:19:30,481] >  epoch 7/626360, training error 0.258998
[2016-11-26 23:19:41,597] >  epoch 7/626360, validation error 0.295323
[2016-11-26 23:19:41,882] >  epoch 7/626360, learning rate set to 0.012500
[2016-11-27 00:06:40,095] >  epoch 8/715840, training error 0.258314
[2016-11-27 00:06:54,190] >  epoch 8/715840, validation error 0.288173
[2016-11-27 00:06:54,463] >  epoch 8/715840, learning rate set to 0.006250
[2016-11-27 00:48:07,406] >  epoch 9/805320, training error 0.260367
[2016-11-27 00:48:21,502] >  epoch 9/805320, validation error 0.286519
[2016-11-27 00:48:21,767] >  epoch 9/805320, learning rate set to 0.003125
[2016-11-27 01:23:55,634] >  epoch 10/894800, training error 0.263477
[2016-11-27 01:24:09,725] >  epoch 10/894800, validation error 0.281730
[2016-11-27 01:24:09,995] >  epoch 10/894800, learning rate set to 0.001563
[2016-11-27 01:57:50,577] >  epoch 11/984280, training error 0.266764
[2016-11-27 01:58:02,470] >  epoch 11/984280, validation error 0.278240
[2016-11-27 01:58:02,738] >  epoch 11/984280, learning rate set to 0.000781
[2016-11-27 02:32:39,243] >  epoch 12/1073760, training error 0.269871
[2016-11-27 02:32:49,798] >  epoch 12/1073760, validation error 0.275832
[2016-11-27 02:32:50,048] >  epoch 12/1073760, learning rate set to 0.000391
[2016-11-27 03:08:41,422] >  epoch 13/1163240, training error 0.272475
[2016-11-27 03:08:50,682] >  epoch 13/1163240, validation error 0.273353
[2016-11-27 03:08:50,867] >  epoch 13/1163240, learning rate set to 0.000195
[2016-11-27 03:43:41,590] >  epoch 14/1252720, training error 0.274202
[2016-11-27 03:43:49,929] >  epoch 14/1252720, validation error 0.270617
[2016-11-27 03:43:50,071] >  epoch 14/1252720, learning rate set to 0.000098
[2016-11-27 04:18:08,931] >  epoch 15/1342200, training error 0.275277
[2016-11-27 04:18:17,674] >  epoch 15/1342200, validation error 0.268855
[2016-11-27 04:18:17,833] >  epoch 15/1342200, learning rate set to 0.000049
[2016-11-27 04:53:37,783] >  epoch 16/1431680, training error 0.275816
[2016-11-27 04:53:46,438] >  epoch 16/1431680, validation error 0.268111
[2016-11-27 04:53:46,602] >  epoch 16/1431680, learning rate set to 0.000024
[2016-11-27 05:29:38,897] >  epoch 17/1521160, training error 0.276126
[2016-11-27 05:29:47,977] >  epoch 17/1521160, validation error 0.268124
[2016-11-27 05:29:47,977] >> Training finished in 11:01:47.423456
