[2016-11-10 17:23:19,763] >> Loading model
[2016-11-10 17:23:20,326] >> Loading datasets
[2016-11-10 17:23:20,355] >> Reconstruction training started with arguments:
{'activation_noise': None,
 'adadelta': False,
 'adadelta_epsilon': '1e-6',
 'adadelta_rho': '0.95',
 'adagrad': False,
 'adagrad_decay': False,
 'batch_size': 128,
 'ce_sparsity': 0.01,
 'ce_sparsity_weight': 0.0,
 'compound': False,
 'corruption_level': 0.2,
 'datasets': (DatasetContainer [PFileStreamDataset@/home/ddraper/train.pfile],
              DatasetContainer [],
              DatasetContainer []),
 'epochs': 50,
 'fix_layers': [],
 'graph': False,
 'hooks': [],
 'l1_reg': '0.0',
 'l2_reg': '0.0',
 'layer_args': {},
 'layers': [1],
 'learning_rate': '0.01',
 'loss': u'mse',
 'minibatches': 2000000,
 'momentum': '',
 'noise': 'mask',
 'sparsity': 0.05,
 'sparsity_weight': 0.0,
 'validate': False,
 'verbosity': 1,
 'warn': False}
[2016-11-10 17:23:20,355] >> Reconstruction training started with da:
{'hidden_activation': u'sigmoid',
 u'loss': u'mse',
 'n_hidden': 1000,
 'n_visible': 966,
 'tied_weights': True,
 'visible_activation': u'tanh'}
[2016-11-10 17:23:20,356] >> Compiling theano graph
Using gpu device 0: Tesla M2075 (CNMeM is disabled, cuDNN not available)
[2016-11-10 17:24:00,382] >> Training started
[2016-11-10 17:25:05,374] >> epoch 0/10000, average cost 88.244225
[2016-11-10 17:26:57,259] >> epoch 0/20000, average cost 44.905548
[2016-11-10 17:28:08,912] >> epoch 0/30000, average cost 31.671890
[2016-11-10 17:30:05,048] >> epoch 0/40000, average cost 26.598619
[2016-11-10 17:31:21,060] >> epoch 0/50000, average cost 23.529707
[2016-11-10 17:33:18,233] >> epoch 0/60000, average cost 21.945030
[2016-11-10 17:34:41,050] >> epoch 0/70000, average cost 20.693272
[2016-11-10 17:36:24,783] >> epoch 0/80000, average cost 20.131113
[2016-11-10 17:37:45,655] >> epoch 0/90000, average cost 18.735592
[2016-11-10 17:39:35,262] >> epoch 0/100000, average cost 17.676756
[2016-11-10 17:40:55,485] >> epoch 0/110000, average cost 16.903240
[2016-11-10 17:43:02,962] >> epoch 0/120000, average cost 16.444876
[2016-11-10 17:44:25,583] >> epoch 0/130000, average cost 16.003967
[2016-11-10 17:46:18,763] >> epoch 0/140000, average cost 15.926734
[2016-11-10 17:48:44,553] >> epoch 0/150000, average cost 15.860914
[2016-11-10 17:50:34,730] >> epoch 0/160000, average cost 15.761356
[2016-11-10 17:53:18,558] >> epoch 0/170000, average cost 15.698255
[2016-11-10 17:55:02,363] >> epoch 0/180000, average cost 15.587391
[2016-11-10 17:57:22,828] >> epoch 0/190000, average cost 15.579552
[2016-11-10 17:58:36,782] >> epoch 0/200000, average cost 15.516725
[2016-11-10 18:00:53,867] >> epoch 0/210000, average cost 15.360700
[2016-11-10 18:02:38,593] >> epoch 0/220000, average cost 15.356776
[2016-11-10 18:05:14,813] >> epoch 0/230000, average cost 15.306682
[2016-11-10 18:06:42,470] >> epoch 0/240000, average cost 15.276555
[2016-11-10 18:08:12,586] >> epoch 0/250000, average cost 15.180412
[2016-11-10 18:09:25,027] >> epoch 0/260000, average cost 15.161950
[2016-11-10 18:11:21,677] >> epoch 0/270000, average cost 15.128339
[2016-11-10 18:12:39,328] >> epoch 0/280000, average cost 15.088515
[2016-11-10 18:14:05,982] >> epoch 0/290000, average cost 15.030044
[2016-11-10 18:15:33,719] >> epoch 0/300000, average cost 15.004897
[2016-11-10 18:16:49,982] >> epoch 0/310000, average cost 15.004503
[2016-11-10 18:18:17,849] >> epoch 0/320000, average cost 14.923821
[2016-11-10 18:19:23,735] >> epoch 0/330000, average cost 14.916475
[2016-11-10 18:19:40,038] >> epoch 1/333330, average cost 20.253796
[2016-11-10 18:22:24,695] >> epoch 1/350000, average cost 14.841880
[2016-11-10 18:24:06,867] >> epoch 1/360000, average cost 14.854761
[2016-11-10 18:25:28,105] >> epoch 1/370000, average cost 14.760238
[2016-11-10 18:27:13,463] >> epoch 1/380000, average cost 14.744061
[2016-11-10 18:28:28,249] >> epoch 1/390000, average cost 14.761589
[2016-11-10 18:30:28,235] >> epoch 1/400000, average cost 14.678794
[2016-11-10 18:31:41,469] >> epoch 1/410000, average cost 14.679869
[2016-11-10 18:33:32,545] >> epoch 1/420000, average cost 14.690773
[2016-11-10 18:34:53,216] >> epoch 1/430000, average cost 14.673547
[2016-11-10 18:36:39,120] >> epoch 1/440000, average cost 14.622494
[2016-11-10 18:37:57,814] >> epoch 1/450000, average cost 14.584809
[2016-11-10 18:40:33,049] >> epoch 1/460000, average cost 14.526519
[2016-11-10 18:42:21,442] >> epoch 1/470000, average cost 14.563077
[2016-11-10 18:44:37,984] >> epoch 1/480000, average cost 14.549276
[2016-11-10 18:46:32,788] >> epoch 1/490000, average cost 14.507913
[2016-11-10 18:47:47,948] >> epoch 1/500000, average cost 14.517641
[2016-11-10 18:49:50,645] >> epoch 1/510000, average cost 14.452244
[2016-11-10 18:51:08,935] >> epoch 1/520000, average cost 14.478950
[2016-11-10 18:53:01,047] >> epoch 1/530000, average cost 14.473472
[2016-11-10 18:54:18,906] >> epoch 1/540000, average cost 14.391548
[2016-11-10 18:56:14,302] >> epoch 1/550000, average cost 14.379137
[2016-11-10 18:57:26,850] >> epoch 1/560000, average cost 14.362183
[2016-11-10 18:59:22,424] >> epoch 1/570000, average cost 14.391837
[2016-11-10 19:00:35,571] >> epoch 1/580000, average cost 14.297616
[2016-11-10 19:02:09,594] >> epoch 1/590000, average cost 14.323749
[2016-11-10 19:04:04,390] >> epoch 1/600000, average cost 14.312956
[2016-11-10 19:06:22,026] >> epoch 1/610000, average cost 14.269198
[2016-11-10 19:08:39,266] >> epoch 1/620000, average cost 14.282297
[2016-11-10 19:10:20,713] >> epoch 1/630000, average cost 14.231544
[2016-11-10 19:12:38,536] >> epoch 1/640000, average cost 14.279541
[2016-11-10 19:14:20,051] >> epoch 1/650000, average cost 14.241611
[2016-11-10 19:16:37,612] >> epoch 1/660000, average cost 14.219753
[2016-11-10 19:17:06,208] >> epoch 2/666660, average cost 14.500196
[2016-11-10 19:19:18,376] >> epoch 2/680000, average cost 14.169636
[2016-11-10 19:20:20,924] >> epoch 2/690000, average cost 14.237462
[2016-11-10 19:21:59,732] >> epoch 2/700000, average cost 14.169526
[2016-11-10 19:23:05,123] >> epoch 2/710000, average cost 14.145863
[2016-11-10 19:24:42,389] >> epoch 2/720000, average cost 14.181046
[2016-11-10 19:25:48,773] >> epoch 2/730000, average cost 14.135813
[2016-11-10 19:27:27,683] >> epoch 2/740000, average cost 14.120033
[2016-11-10 19:28:31,567] >> epoch 2/750000, average cost 14.148616
[2016-11-10 19:30:12,772] >> epoch 2/760000, average cost 14.144287
[2016-11-10 19:31:16,070] >> epoch 2/770000, average cost 14.137183
[2016-11-10 19:32:57,075] >> epoch 2/780000, average cost 14.083722
[2016-11-10 19:34:06,313] >> epoch 2/790000, average cost 14.035089
[2016-11-10 19:35:50,712] >> epoch 2/800000, average cost 14.097935
[2016-11-10 19:37:30,638] >> epoch 2/810000, average cost 14.079498
[2016-11-10 19:38:38,535] >> epoch 2/820000, average cost 14.060997
[2016-11-10 19:40:19,611] >> epoch 2/830000, average cost 14.064184
[2016-11-10 19:41:30,087] >> epoch 2/840000, average cost 14.029226
[2016-11-10 19:43:12,349] >> epoch 2/850000, average cost 14.020307
[2016-11-10 19:44:23,730] >> epoch 2/860000, average cost 14.056497
[2016-11-10 19:46:05,767] >> epoch 2/870000, average cost 14.018597
[2016-11-10 19:47:16,297] >> epoch 2/880000, average cost 13.945838
[2016-11-10 19:48:56,922] >> epoch 2/890000, average cost 13.974940
[2016-11-10 19:50:06,845] >> epoch 2/900000, average cost 13.991262
[2016-11-10 19:51:43,016] >> epoch 2/910000, average cost 13.926058
[2016-11-10 19:52:47,389] >> epoch 2/920000, average cost 13.936975
[2016-11-10 19:54:34,894] >> epoch 2/930000, average cost 13.929955
[2016-11-10 19:55:46,491] >> epoch 2/940000, average cost 13.897415
[2016-11-10 19:57:04,517] >> epoch 2/950000, average cost 13.936612
[2016-11-10 19:58:23,727] >> epoch 2/960000, average cost 13.868406
[2016-11-10 19:59:35,950] >> epoch 2/970000, average cost 13.924920
[2016-11-10 20:00:54,418] >> epoch 2/980000, average cost 13.914928
[2016-11-10 20:01:57,158] >> epoch 2/990000, average cost 13.867950
[2016-11-10 20:03:02,102] >> epoch 3/999990, average cost 14.036256
[2016-11-10 20:04:29,699] >> epoch 3/1010000, average cost 13.845667
[2016-11-10 20:06:05,633] >> epoch 3/1020000, average cost 13.881373
[2016-11-10 20:07:11,563] >> epoch 3/1030000, average cost 13.857801
[2016-11-10 20:08:51,575] >> epoch 3/1040000, average cost 13.819794
[2016-11-10 20:09:58,974] >> epoch 3/1050000, average cost 13.839931
[2016-11-10 20:11:35,858] >> epoch 3/1060000, average cost 13.840745
[2016-11-10 20:12:48,454] >> epoch 3/1070000, average cost 13.785797
[2016-11-10 20:14:17,807] >> epoch 3/1080000, average cost 13.819672
[2016-11-10 20:15:31,293] >> epoch 3/1090000, average cost 13.819825
[2016-11-10 20:17:01,362] >> epoch 3/1100000, average cost 13.830289
[2016-11-10 20:18:11,107] >> epoch 3/1110000, average cost 13.773394
[2016-11-10 20:19:52,802] >> epoch 3/1120000, average cost 13.754303
[2016-11-10 20:21:04,252] >> epoch 3/1130000, average cost 13.754158
[2016-11-10 20:22:43,812] >> epoch 3/1140000, average cost 13.757683
[2016-11-10 20:24:23,751] >> epoch 3/1150000, average cost 13.753353
[2016-11-10 20:25:34,603] >> epoch 3/1160000, average cost 13.737155
[2016-11-10 20:27:33,653] >> epoch 3/1170000, average cost 13.735616
[2016-11-10 20:28:42,797] >> epoch 3/1180000, average cost 13.690592
[2016-11-10 20:30:26,109] >> epoch 3/1190000, average cost 13.737900
[2016-11-10 20:31:32,816] >> epoch 3/1200000, average cost 13.725121
[2016-11-10 20:33:17,160] >> epoch 3/1210000, average cost 13.627702
[2016-11-10 20:34:28,348] >> epoch 3/1220000, average cost 13.669393
[2016-11-10 20:36:03,821] >> epoch 3/1230000, average cost 13.651076
[2016-11-10 20:37:20,819] >> epoch 3/1240000, average cost 13.651133
[2016-11-10 20:38:42,107] >> epoch 3/1250000, average cost 13.612532
[2016-11-10 20:39:47,545] >> epoch 3/1260000, average cost 13.615582
[2016-11-10 20:41:32,231] >> epoch 3/1270000, average cost 13.609241
[2016-11-10 20:42:45,782] >> epoch 3/1280000, average cost 13.604421
[2016-11-10 20:44:02,295] >> epoch 3/1290000, average cost 13.575950
[2016-11-10 20:45:21,060] >> epoch 3/1300000, average cost 13.579420
[2016-11-10 20:46:32,471] >> epoch 3/1310000, average cost 13.609108
[2016-11-10 20:47:49,866] >> epoch 3/1320000, average cost 13.560955
[2016-11-10 20:48:52,463] >> epoch 3/1330000, average cost 13.571695
[2016-11-10 20:49:08,712] >> epoch 4/1333320, average cost 13.716854
[2016-11-10 20:51:33,769] >> epoch 4/1350000, average cost 13.541674
[2016-11-10 20:53:04,698] >> epoch 4/1360000, average cost 13.569235
[2016-11-10 20:54:17,111] >> epoch 4/1370000, average cost 13.510300
[2016-11-10 20:55:51,296] >> epoch 4/1380000, average cost 13.512011
[2016-11-10 20:56:58,307] >> epoch 4/1390000, average cost 13.545216
[2016-11-10 20:58:38,966] >> epoch 4/1400000, average cost 13.483770
[2016-11-10 20:59:44,323] >> epoch 4/1410000, average cost 13.493034
[2016-11-10 21:01:21,960] >> epoch 4/1420000, average cost 13.516315
[2016-11-10 21:02:30,863] >> epoch 4/1430000, average cost 13.510575
[2016-11-10 21:04:02,810] >> epoch 4/1440000, average cost 13.486450
[2016-11-10 21:05:11,822] >> epoch 4/1450000, average cost 13.457870
[2016-11-10 21:06:54,408] >> epoch 4/1460000, average cost 13.415690
[2016-11-10 21:08:05,403] >> epoch 4/1470000, average cost 13.455059
[2016-11-10 21:09:46,818] >> epoch 4/1480000, average cost 13.456606
[2016-11-10 21:11:28,435] >> epoch 4/1490000, average cost 13.424763
[2016-11-10 21:12:37,809] >> epoch 4/1500000, average cost 13.442130
[2016-11-10 21:14:17,634] >> epoch 4/1510000, average cost 13.386827
[2016-11-10 21:15:27,080] >> epoch 4/1520000, average cost 13.416903
[2016-11-10 21:17:08,139] >> epoch 4/1530000, average cost 13.424746
[2016-11-10 21:18:19,833] >> epoch 4/1540000, average cost 13.351638
[2016-11-10 21:19:47,322] >> epoch 4/1550000, average cost 13.355225
[2016-11-10 21:20:45,796] >> epoch 4/1560000, average cost 13.344296
[2016-11-10 21:22:14,280] >> epoch 4/1570000, average cost 13.369359
[2016-11-10 21:23:15,085] >> epoch 4/1580000, average cost 13.296873
[2016-11-10 21:24:18,742] >> epoch 4/1590000, average cost 13.328482
[2016-11-10 21:25:39,722] >> epoch 4/1600000, average cost 13.316175
[2016-11-10 21:26:42,909] >> epoch 4/1610000, average cost 13.285572
[2016-11-10 21:27:45,357] >> epoch 4/1620000, average cost 13.308003
[2016-11-10 21:28:45,932] >> epoch 4/1630000, average cost 13.263224
[2016-11-10 21:29:46,942] >> epoch 4/1640000, average cost 13.309172
[2016-11-10 21:30:51,922] >> epoch 4/1650000, average cost 13.286113
[2016-11-10 21:31:51,809] >> epoch 4/1660000, average cost 13.269506
[2016-11-10 21:32:19,757] >> epoch 5/1666650, average cost 13.410522
[2016-11-10 21:34:07,968] >> epoch 5/1680000, average cost 13.227153
[2016-11-10 21:35:01,347] >> epoch 5/1690000, average cost 13.295668
[2016-11-10 21:36:21,299] >> epoch 5/1700000, average cost 13.237251
[2016-11-10 21:37:19,993] >> epoch 5/1710000, average cost 13.220297
[2016-11-10 21:38:37,921] >> epoch 5/1720000, average cost 13.257668
[2016-11-10 21:39:33,309] >> epoch 5/1730000, average cost 13.216310
[2016-11-10 21:40:53,153] >> epoch 5/1740000, average cost 13.203286
[2016-11-10 21:41:47,353] >> epoch 5/1750000, average cost 13.230495
[2016-11-10 21:43:11,096] >> epoch 5/1760000, average cost 13.231681
[2016-11-10 21:44:03,648] >> epoch 5/1770000, average cost 13.228411
[2016-11-10 21:45:25,374] >> epoch 5/1780000, average cost 13.181175
[2016-11-10 21:46:26,332] >> epoch 5/1790000, average cost 13.140297
[2016-11-10 21:47:52,638] >> epoch 5/1800000, average cost 13.195724
[2016-11-10 21:49:19,933] >> epoch 5/1810000, average cost 13.180770
[2016-11-10 21:50:17,607] >> epoch 5/1820000, average cost 13.164195
[2016-11-10 21:51:42,988] >> epoch 5/1830000, average cost 13.172927
[2016-11-10 21:52:43,670] >> epoch 5/1840000, average cost 13.135172
[2016-11-10 21:54:06,244] >> epoch 5/1850000, average cost 13.133714
[2016-11-10 21:55:06,758] >> epoch 5/1860000, average cost 13.169312
[2016-11-10 21:56:29,318] >> epoch 5/1870000, average cost 13.138586
[2016-11-10 21:57:31,989] >> epoch 5/1880000, average cost 13.071754
[2016-11-10 21:58:55,867] >> epoch 5/1890000, average cost 13.100736
[2016-11-10 21:59:54,220] >> epoch 5/1900000, average cost 13.115900
[2016-11-10 22:01:18,447] >> epoch 5/1910000, average cost 13.059167
[2016-11-10 22:02:12,735] >> epoch 5/1920000, average cost 13.073136
[2016-11-10 22:03:46,312] >> epoch 5/1930000, average cost 13.062852
[2016-11-10 22:04:48,722] >> epoch 5/1940000, average cost 13.042379
[2016-11-10 22:05:51,384] >> epoch 5/1950000, average cost 13.079074
[2016-11-10 22:06:53,583] >> epoch 5/1960000, average cost 13.015195
[2016-11-10 22:07:55,228] >> epoch 5/1970000, average cost 13.069850
[2016-11-10 22:08:55,187] >> epoch 5/1980000, average cost 13.067758
[2016-11-10 22:09:48,957] >> epoch 5/1990000, average cost 13.028093
[2016-11-10 22:10:44,173] >> epoch 6/1999980, average cost 13.146404
[2016-11-10 22:10:57,372] >> epoch 7/2000000, average cost 13.046835
[2016-11-10 22:10:57,373] >> Training finished in 4:46:56.990419
[2016-11-10 22:11:31,975] >> Loading model
[2016-11-10 22:11:32,489] >> Loading datasets
[2016-11-10 22:11:32,503] >> Reconstruction training started with arguments:
{'activation_noise': None,
 'adadelta': False,
 'adadelta_epsilon': '1e-6',
 'adadelta_rho': '0.95',
 'adagrad': False,
 'adagrad_decay': False,
 'batch_size': 128,
 'ce_sparsity': 0.01,
 'ce_sparsity_weight': 0.0,
 'compound': False,
 'corruption_level': 0.2,
 'datasets': (DatasetContainer [PFileStreamDataset@/home/ddraper/train.pfile],
              DatasetContainer [],
              DatasetContainer []),
 'epochs': 50,
 'fix_layers': [],
 'graph': False,
 'hooks': [],
 'l1_reg': '0.0',
 'l2_reg': '0.0',
 'layer_args': {1: {}},
 'layers': [2],
 'learning_rate': '0.01',
 'loss': 'crossentropy',
 'minibatches': 2000000,
 'momentum': '',
 'noise': 'mask',
 'sparsity': 0.05,
 'sparsity_weight': 0.0,
 'validate': False,
 'verbosity': 1,
 'warn': False}
[2016-11-10 22:11:32,503] >> Reconstruction training started with da:
{'hidden_activation': u'sigmoid',
 'n_hidden': 1000,
 'n_visible': 1000,
 'tied_weights': True,
 'visible_activation': u'sigmoid'}
[2016-11-10 22:11:32,503] >> Compiling theano graph
Using gpu device 0: Tesla M2075 (CNMeM is disabled, cuDNN not available)
[2016-11-10 22:11:54,060] >> Training started
[2016-11-10 22:12:53,151] >> epoch 0/10000, average cost 253.567505
[2016-11-10 22:14:15,038] >> epoch 0/20000, average cost 249.614532
[2016-11-10 22:15:14,256] >> epoch 0/30000, average cost 248.444580
[2016-11-10 22:16:34,331] >> epoch 0/40000, average cost 247.756073
[2016-11-10 22:17:37,046] >> epoch 0/50000, average cost 247.823654
[2016-11-10 22:18:56,137] >> epoch 0/60000, average cost 247.663345
[2016-11-10 22:20:00,774] >> epoch 0/70000, average cost 247.343750
[2016-11-10 22:21:15,634] >> epoch 0/80000, average cost 247.645874
[2016-11-10 22:22:19,024] >> epoch 0/90000, average cost 247.680450
[2016-11-10 22:23:34,820] >> epoch 0/100000, average cost 248.012848
[2016-11-10 22:24:37,427] >> epoch 0/110000, average cost 247.408752
[2016-11-10 22:25:56,430] >> epoch 0/120000, average cost 247.199493
[2016-11-10 22:26:58,633] >> epoch 0/130000, average cost 247.259323
[2016-11-10 22:28:20,362] >> epoch 0/140000, average cost 247.309204
[2016-11-10 22:29:39,791] >> epoch 0/150000, average cost 247.172577
[2016-11-10 22:30:42,861] >> epoch 0/160000, average cost 247.604218
[2016-11-10 22:32:03,434] >> epoch 0/170000, average cost 247.150970
[2016-11-10 22:33:05,727] >> epoch 0/180000, average cost 246.863297
[2016-11-10 22:34:29,125] >> epoch 0/190000, average cost 247.466949
[2016-11-10 22:35:29,260] >> epoch 0/200000, average cost 247.295074
[2016-11-10 22:36:50,455] >> epoch 0/210000, average cost 246.415176
[2016-11-10 22:37:52,080] >> epoch 0/220000, average cost 247.026321
[2016-11-10 22:39:07,313] >> epoch 0/230000, average cost 246.969620
[2016-11-10 22:40:16,715] >> epoch 0/240000, average cost 246.863998
[2016-11-10 22:41:24,391] >> epoch 0/250000, average cost 246.696930
[2016-11-10 22:42:23,227] >> epoch 0/260000, average cost 246.664673
[2016-11-10 22:43:57,175] >> epoch 0/270000, average cost 246.440155
[2016-11-10 22:45:03,073] >> epoch 0/280000, average cost 246.751373
[2016-11-10 22:46:13,351] >> epoch 0/290000, average cost 246.889023
[2016-11-10 22:47:19,782] >> epoch 0/300000, average cost 246.868851
[2016-11-10 22:48:28,863] >> epoch 0/310000, average cost 247.302582
[2016-11-10 22:49:33,625] >> epoch 0/320000, average cost 246.905579
[2016-11-10 22:50:33,496] >> epoch 0/330000, average cost 246.872192
[2016-11-10 22:50:51,810] >> epoch 1/333330, average cost 247.479767
[2016-11-10 22:52:53,443] >> epoch 1/350000, average cost 246.907745
[2016-11-10 22:54:09,650] >> epoch 1/360000, average cost 247.231598
[2016-11-10 22:55:12,426] >> epoch 1/370000, average cost 246.687195
[2016-11-10 22:56:28,673] >> epoch 1/380000, average cost 246.784424
[2016-11-10 22:57:28,236] >> epoch 1/390000, average cost 246.962021
[2016-11-10 22:58:47,778] >> epoch 1/400000, average cost 246.668701
[2016-11-10 22:59:46,289] >> epoch 1/410000, average cost 246.888168
[2016-11-10 23:01:05,445] >> epoch 1/420000, average cost 247.224945
[2016-11-10 23:02:05,179] >> epoch 1/430000, average cost 247.289978
[2016-11-10 23:03:24,017] >> epoch 1/440000, average cost 247.261505
[2016-11-10 23:04:26,711] >> epoch 1/450000, average cost 246.871399
[2016-11-10 23:05:46,315] >> epoch 1/460000, average cost 246.476746
[2016-11-10 23:06:48,419] >> epoch 1/470000, average cost 247.020493
[2016-11-10 23:08:11,529] >> epoch 1/480000, average cost 246.889969
[2016-11-10 23:09:31,163] >> epoch 1/490000, average cost 247.080322
[2016-11-10 23:10:31,227] >> epoch 1/500000, average cost 247.007156
[2016-11-10 23:11:55,266] >> epoch 1/510000, average cost 246.490570
[2016-11-10 23:12:58,498] >> epoch 1/520000, average cost 246.999023
[2016-11-10 23:14:19,499] >> epoch 1/530000, average cost 247.092804
[2016-11-10 23:15:21,939] >> epoch 1/540000, average cost 246.372025
[2016-11-10 23:16:41,712] >> epoch 1/550000, average cost 246.569595
[2016-11-10 23:17:40,507] >> epoch 1/560000, average cost 246.641357
[2016-11-10 23:18:59,840] >> epoch 1/570000, average cost 246.871017
[2016-11-10 23:20:08,719] >> epoch 1/580000, average cost 246.319122
[2016-11-10 23:21:12,384] >> epoch 1/590000, average cost 246.522903
[2016-11-10 23:22:36,081] >> epoch 1/600000, average cost 246.171646
[2016-11-10 23:23:45,747] >> epoch 1/610000, average cost 246.473999
[2016-11-10 23:24:51,575] >> epoch 1/620000, average cost 246.730820
[2016-11-10 23:26:00,691] >> epoch 1/630000, average cost 246.552872
[2016-11-10 23:27:04,987] >> epoch 1/640000, average cost 246.901718
[2016-11-10 23:28:15,046] >> epoch 1/650000, average cost 246.986954
[2016-11-10 23:29:17,683] >> epoch 1/660000, average cost 246.705002
[2016-11-10 23:29:49,846] >> epoch 2/666660, average cost 246.799454
[2016-11-10 23:31:34,496] >> epoch 2/680000, average cost 246.421021
[2016-11-10 23:32:33,287] >> epoch 2/690000, average cost 247.298401
[2016-11-10 23:33:52,844] >> epoch 2/700000, average cost 246.664246
[2016-11-10 23:34:51,712] >> epoch 2/710000, average cost 246.529221
[2016-11-10 23:36:12,060] >> epoch 2/720000, average cost 246.788193
[2016-11-10 23:37:11,237] >> epoch 2/730000, average cost 246.588043
[2016-11-10 23:38:30,085] >> epoch 2/740000, average cost 246.639999
[2016-11-10 23:39:28,592] >> epoch 2/750000, average cost 247.041931
[2016-11-10 23:40:47,391] >> epoch 2/760000, average cost 246.968475
[2016-11-10 23:41:45,752] >> epoch 2/770000, average cost 247.393356
[2016-11-10 23:43:07,448] >> epoch 2/780000, average cost 246.643799
[2016-11-10 23:44:08,444] >> epoch 2/790000, average cost 246.312180
[2016-11-10 23:45:31,921] >> epoch 2/800000, average cost 246.981506
[2016-11-10 23:46:52,708] >> epoch 2/810000, average cost 246.811600
[2016-11-10 23:47:53,892] >> epoch 2/820000, average cost 246.759903
[2016-11-10 23:49:13,639] >> epoch 2/830000, average cost 247.073349
[2016-11-10 23:50:14,616] >> epoch 2/840000, average cost 246.444244
[2016-11-10 23:51:38,280] >> epoch 2/850000, average cost 246.589020
[2016-11-10 23:52:40,561] >> epoch 2/860000, average cost 247.070648
[2016-11-10 23:54:00,802] >> epoch 2/870000, average cost 246.680054
[2016-11-10 23:55:01,259] >> epoch 2/880000, average cost 246.107880
[2016-11-10 23:56:18,740] >> epoch 2/890000, average cost 246.585342
[2016-11-10 23:57:18,010] >> epoch 2/900000, average cost 246.773651
[2016-11-10 23:58:37,919] >> epoch 2/910000, average cost 246.202927
[2016-11-10 23:59:36,001] >> epoch 2/920000, average cost 246.441345
[2016-11-11 00:01:09,715] >> epoch 2/930000, average cost 246.139450
[2016-11-11 00:02:16,491] >> epoch 2/940000, average cost 246.187454
[2016-11-11 00:03:25,147] >> epoch 2/950000, average cost 246.539993
[2016-11-11 00:04:31,907] >> epoch 2/960000, average cost 246.447083
[2016-11-11 00:05:40,647] >> epoch 2/970000, average cost 246.707245
[2016-11-11 00:06:46,463] >> epoch 2/980000, average cost 247.048950
[2016-11-11 00:07:44,365] >> epoch 2/990000, average cost 246.515945
[2016-11-11 00:08:48,159] >> epoch 3/999990, average cost 246.666168
[2016-11-11 00:10:00,514] >> epoch 3/1010000, average cost 246.392303
[2016-11-11 00:11:17,658] >> epoch 3/1020000, average cost 246.995102
[2016-11-11 00:12:16,639] >> epoch 3/1030000, average cost 246.686203
[2016-11-11 00:13:35,912] >> epoch 3/1040000, average cost 246.358994
[2016-11-11 00:14:36,536] >> epoch 3/1050000, average cost 246.640396
[2016-11-11 00:15:52,750] >> epoch 3/1060000, average cost 246.619400
[2016-11-11 00:16:54,900] >> epoch 3/1070000, average cost 246.413254
[2016-11-11 00:18:10,580] >> epoch 3/1080000, average cost 246.766998
[2016-11-11 00:19:12,460] >> epoch 3/1090000, average cost 246.876251
[2016-11-11 00:20:28,359] >> epoch 3/1100000, average cost 247.252594
[2016-11-11 00:21:30,766] >> epoch 3/1110000, average cost 246.686203
[2016-11-11 00:22:52,112] >> epoch 3/1120000, average cost 246.521378
[2016-11-11 00:23:52,309] >> epoch 3/1130000, average cost 246.597153
[2016-11-11 00:25:14,150] >> epoch 3/1140000, average cost 246.690094
[2016-11-11 00:26:33,587] >> epoch 3/1150000, average cost 246.550049
[2016-11-11 00:27:35,643] >> epoch 3/1160000, average cost 247.023880
[2016-11-11 00:28:56,802] >> epoch 3/1170000, average cost 246.585403
[2016-11-11 00:29:58,676] >> epoch 3/1180000, average cost 246.304398
[2016-11-11 00:31:20,899] >> epoch 3/1190000, average cost 246.928848
[2016-11-11 00:32:20,879] >> epoch 3/1200000, average cost 246.778244
[2016-11-11 00:33:41,278] >> epoch 3/1210000, average cost 245.899826
[2016-11-11 00:34:42,651] >> epoch 3/1220000, average cost 246.533447
[2016-11-11 00:35:59,106] >> epoch 3/1230000, average cost 246.472229
[2016-11-11 00:37:09,731] >> epoch 3/1240000, average cost 246.392227
[2016-11-11 00:38:16,542] >> epoch 3/1250000, average cost 246.254044
[2016-11-11 00:39:14,864] >> epoch 3/1260000, average cost 246.213806
[2016-11-11 00:40:47,986] >> epoch 3/1270000, average cost 245.990204
[2016-11-11 00:41:53,469] >> epoch 3/1280000, average cost 246.326202
[2016-11-11 00:43:03,155] >> epoch 3/1290000, average cost 246.462997
[2016-11-11 00:44:08,415] >> epoch 3/1300000, average cost 246.451355
[2016-11-11 00:45:17,351] >> epoch 3/1310000, average cost 246.885574
[2016-11-11 00:46:21,953] >> epoch 3/1320000, average cost 246.519699
[2016-11-11 00:47:20,669] >> epoch 3/1330000, average cost 246.490631
[2016-11-11 00:47:38,935] >> epoch 4/1333320, average cost 246.563660
[2016-11-11 00:49:38,612] >> epoch 4/1350000, average cost 246.531570
[2016-11-11 00:50:54,533] >> epoch 4/1360000, average cost 246.847244
[2016-11-11 00:52:00,351] >> epoch 4/1370000, average cost 246.326981
[2016-11-11 00:53:18,867] >> epoch 4/1380000, average cost 246.438293
[2016-11-11 00:54:18,564] >> epoch 4/1390000, average cost 246.592346
[2016-11-11 00:55:38,279] >> epoch 4/1400000, average cost 246.324799
[2016-11-11 00:56:36,406] >> epoch 4/1410000, average cost 246.540695
[2016-11-11 00:57:54,875] >> epoch 4/1420000, average cost 246.872101
[2016-11-11 00:58:55,471] >> epoch 4/1430000, average cost 246.962082
[2016-11-11 01:00:12,769] >> epoch 4/1440000, average cost 246.932098
[2016-11-11 01:01:14,859] >> epoch 4/1450000, average cost 246.538147
[2016-11-11 01:02:38,120] >> epoch 4/1460000, average cost 246.145645
[2016-11-11 01:03:40,448] >> epoch 4/1470000, average cost 246.711624
[2016-11-11 01:05:02,570] >> epoch 4/1480000, average cost 246.556656
[2016-11-11 01:06:24,533] >> epoch 4/1490000, average cost 246.777176
[2016-11-11 01:07:24,847] >> epoch 4/1500000, average cost 246.686798
[2016-11-11 01:08:47,445] >> epoch 4/1510000, average cost 246.187393
[2016-11-11 01:09:50,905] >> epoch 4/1520000, average cost 246.682755
[2016-11-11 01:11:11,844] >> epoch 4/1530000, average cost 246.791656
[2016-11-11 01:12:15,094] >> epoch 4/1540000, average cost 246.083221
[2016-11-11 01:13:35,294] >> epoch 4/1550000, average cost 246.266754
[2016-11-11 01:14:33,567] >> epoch 4/1560000, average cost 246.343552
[2016-11-11 01:15:53,177] >> epoch 4/1570000, average cost 246.583694
[2016-11-11 01:17:03,247] >> epoch 4/1580000, average cost 246.015076
[2016-11-11 01:18:06,634] >> epoch 4/1590000, average cost 246.253052
[2016-11-11 01:19:29,644] >> epoch 4/1600000, average cost 245.867355
[2016-11-11 01:20:39,127] >> epoch 4/1610000, average cost 246.191681
[2016-11-11 01:21:45,733] >> epoch 4/1620000, average cost 246.452194
[2016-11-11 01:22:55,107] >> epoch 4/1630000, average cost 246.258179
[2016-11-11 01:23:59,764] >> epoch 4/1640000, average cost 246.631195
[2016-11-11 01:25:10,527] >> epoch 4/1650000, average cost 246.693451
[2016-11-11 01:26:13,967] >> epoch 4/1660000, average cost 246.447144
[2016-11-11 01:26:46,129] >> epoch 5/1666650, average cost 246.482986
[2016-11-11 01:28:32,553] >> epoch 5/1680000, average cost 246.157471
[2016-11-11 01:29:31,073] >> epoch 5/1690000, average cost 247.028473
[2016-11-11 01:30:51,257] >> epoch 5/1700000, average cost 246.396149
[2016-11-11 01:31:49,803] >> epoch 5/1710000, average cost 246.267181
[2016-11-11 01:33:07,120] >> epoch 5/1720000, average cost 246.515121
[2016-11-11 01:34:06,099] >> epoch 5/1730000, average cost 246.334122
[2016-11-11 01:35:26,016] >> epoch 5/1740000, average cost 246.384644
[2016-11-11 01:36:24,554] >> epoch 5/1750000, average cost 246.781128
[2016-11-11 01:37:45,614] >> epoch 5/1760000, average cost 246.715118
[2016-11-11 01:38:44,020] >> epoch 5/1770000, average cost 247.134232
[2016-11-11 01:40:05,785] >> epoch 5/1780000, average cost 246.390396
[2016-11-11 01:41:07,195] >> epoch 5/1790000, average cost 246.067368
[2016-11-11 01:42:29,737] >> epoch 5/1800000, average cost 246.735596
[2016-11-11 01:43:52,706] >> epoch 5/1810000, average cost 246.563156
[2016-11-11 01:44:52,337] >> epoch 5/1820000, average cost 246.522629
[2016-11-11 01:46:12,191] >> epoch 5/1830000, average cost 246.824677
[2016-11-11 01:47:14,340] >> epoch 5/1840000, average cost 246.190826
[2016-11-11 01:48:35,699] >> epoch 5/1850000, average cost 246.365845
[2016-11-11 01:49:38,756] >> epoch 5/1860000, average cost 246.833252
[2016-11-11 01:50:59,624] >> epoch 5/1870000, average cost 246.442322
[2016-11-11 01:51:59,813] >> epoch 5/1880000, average cost 245.884201
[2016-11-11 01:53:20,401] >> epoch 5/1890000, average cost 246.354675
[2016-11-11 01:54:19,255] >> epoch 5/1900000, average cost 246.544724
[2016-11-11 01:55:39,026] >> epoch 5/1910000, average cost 245.975006
[2016-11-11 01:56:36,969] >> epoch 5/1920000, average cost 246.207230
[2016-11-11 01:58:09,995] >> epoch 5/1930000, average cost 245.929169
[2016-11-11 01:59:16,230] >> epoch 5/1940000, average cost 245.960022
[2016-11-11 02:00:24,495] >> epoch 5/1950000, average cost 246.320969
[2016-11-11 02:01:31,478] >> epoch 5/1960000, average cost 246.227707
[2016-11-11 02:02:41,062] >> epoch 5/1970000, average cost 246.481705
[2016-11-11 02:03:46,035] >> epoch 5/1980000, average cost 246.841293
[2016-11-11 02:04:43,791] >> epoch 5/1990000, average cost 246.280869
[2016-11-11 02:05:47,073] >> epoch 6/1999980, average cost 246.425293
[2016-11-11 02:06:01,794] >> epoch 7/2000000, average cost 246.384613
[2016-11-11 02:06:01,810] >> Training finished in 3:54:07.740069
[2016-11-11 02:06:23,963] >> Loading model
[2016-11-11 02:06:24,421] >> Loading datasets
[2016-11-11 02:06:24,435] >> Reconstruction training started with arguments:
{'activation_noise': None,
 'adadelta': False,
 'adadelta_epsilon': '1e-6',
 'adadelta_rho': '0.95',
 'adagrad': False,
 'adagrad_decay': False,
 'batch_size': 128,
 'ce_sparsity': 0.01,
 'ce_sparsity_weight': 0.0,
 'compound': False,
 'corruption_level': 0.2,
 'datasets': (DatasetContainer [PFileStreamDataset@/home/ddraper/train.pfile],
              DatasetContainer [],
              DatasetContainer []),
 'epochs': 50,
 'fix_layers': [],
 'graph': False,
 'hooks': [],
 'l1_reg': '0.0',
 'l2_reg': '0.0',
 'layer_args': {1: {}, 2: {}},
 'layers': [3],
 'learning_rate': '0.01',
 'loss': 'crossentropy',
 'minibatches': 2000000,
 'momentum': '',
 'noise': 'mask',
 'sparsity': 0.05,
 'sparsity_weight': 0.0,
 'validate': False,
 'verbosity': 1,
 'warn': False}
[2016-11-11 02:06:24,435] >> Reconstruction training started with da:
{'hidden_activation': u'sigmoid',
 'n_hidden': 1000,
 'n_visible': 1000,
 'tied_weights': True,
 'visible_activation': u'sigmoid'}
[2016-11-11 02:06:24,435] >> Compiling theano graph
Using gpu device 0: Tesla M2075 (CNMeM is disabled, cuDNN not available)
[2016-11-11 02:06:47,465] >> Training started
[2016-11-11 02:07:49,700] >> epoch 0/10000, average cost 458.386108
[2016-11-11 02:09:13,208] >> epoch 0/20000, average cost 451.734253
[2016-11-11 02:10:16,593] >> epoch 0/30000, average cost 450.584686
[2016-11-11 02:11:39,595] >> epoch 0/40000, average cost 450.033752
[2016-11-11 02:12:46,242] >> epoch 0/50000, average cost 449.740936
[2016-11-11 02:14:08,800] >> epoch 0/60000, average cost 449.509796
[2016-11-11 02:15:13,168] >> epoch 0/70000, average cost 449.401947
[2016-11-11 02:16:33,681] >> epoch 0/80000, average cost 449.204041
[2016-11-11 02:17:38,333] >> epoch 0/90000, average cost 449.123444
[2016-11-11 02:18:57,660] >> epoch 0/100000, average cost 449.065399
[2016-11-11 02:20:01,283] >> epoch 0/110000, average cost 448.891113
[2016-11-11 02:21:22,558] >> epoch 0/120000, average cost 448.799561
[2016-11-11 02:22:26,550] >> epoch 0/130000, average cost 448.632507
[2016-11-11 02:23:49,665] >> epoch 0/140000, average cost 448.583954
[2016-11-11 02:25:10,657] >> epoch 0/150000, average cost 448.413239
[2016-11-11 02:26:15,415] >> epoch 0/160000, average cost 448.460602
[2016-11-11 02:27:36,095] >> epoch 0/170000, average cost 448.284912
[2016-11-11 02:28:40,162] >> epoch 0/180000, average cost 448.214264
[2016-11-11 02:30:02,331] >> epoch 0/190000, average cost 448.213013
[2016-11-11 02:31:05,854] >> epoch 0/200000, average cost 448.133850
[2016-11-11 02:32:26,694] >> epoch 0/210000, average cost 448.123535
[2016-11-11 02:33:31,264] >> epoch 0/220000, average cost 448.071198
[2016-11-11 02:34:51,253] >> epoch 0/230000, average cost 448.060394
[2016-11-11 02:36:02,787] >> epoch 0/240000, average cost 447.784454
[2016-11-11 02:37:12,520] >> epoch 0/250000, average cost 447.907715
[2016-11-11 02:38:16,227] >> epoch 0/260000, average cost 447.769714
[2016-11-11 02:39:49,439] >> epoch 0/270000, average cost 447.662659
[2016-11-11 02:40:57,185] >> epoch 0/280000, average cost 447.741089
[2016-11-11 02:42:09,279] >> epoch 0/290000, average cost 447.727661
[2016-11-11 02:43:17,718] >> epoch 0/300000, average cost 447.559692
[2016-11-11 02:44:29,355] >> epoch 0/310000, average cost 447.686493
[2016-11-11 02:45:37,098] >> epoch 0/320000, average cost 447.669952
[2016-11-11 02:46:40,099] >> epoch 0/330000, average cost 447.563690
[2016-11-11 02:46:59,729] >> epoch 1/333330, average cost 448.856964
[2016-11-11 02:49:03,893] >> epoch 1/350000, average cost 447.434387
[2016-11-11 02:50:23,302] >> epoch 1/360000, average cost 447.395599
[2016-11-11 02:51:28,230] >> epoch 1/370000, average cost 447.427795
[2016-11-11 02:52:48,715] >> epoch 1/380000, average cost 447.354553
[2016-11-11 02:53:52,686] >> epoch 1/390000, average cost 447.261414
[2016-11-11 02:55:13,840] >> epoch 1/400000, average cost 447.305206
[2016-11-11 02:56:16,990] >> epoch 1/410000, average cost 447.231354
[2016-11-11 02:57:37,735] >> epoch 1/420000, average cost 447.213257
[2016-11-11 02:58:44,168] >> epoch 1/430000, average cost 447.235596
[2016-11-11 03:00:01,639] >> epoch 1/440000, average cost 447.168701
[2016-11-11 03:01:05,633] >> epoch 1/450000, average cost 447.167297
[2016-11-11 03:02:26,659] >> epoch 1/460000, average cost 447.058014
[2016-11-11 03:03:30,888] >> epoch 1/470000, average cost 447.066498
[2016-11-11 03:04:52,644] >> epoch 1/480000, average cost 447.005646
[2016-11-11 03:06:13,470] >> epoch 1/490000, average cost 447.040955
[2016-11-11 03:07:17,003] >> epoch 1/500000, average cost 446.989685
[2016-11-11 03:08:38,765] >> epoch 1/510000, average cost 446.925110
[2016-11-11 03:09:43,741] >> epoch 1/520000, average cost 446.997162
[2016-11-11 03:11:05,406] >> epoch 1/530000, average cost 446.968445
[2016-11-11 03:12:09,990] >> epoch 1/540000, average cost 446.975403
[2016-11-11 03:13:31,168] >> epoch 1/550000, average cost 447.015442
[2016-11-11 03:14:34,583] >> epoch 1/560000, average cost 447.029510
[2016-11-11 03:15:55,545] >> epoch 1/570000, average cost 446.842285
[2016-11-11 03:17:08,331] >> epoch 1/580000, average cost 446.895996
[2016-11-11 03:18:15,414] >> epoch 1/590000, average cost 446.866608
[2016-11-11 03:19:37,601] >> epoch 1/600000, average cost 446.742798
[2016-11-11 03:20:48,759] >> epoch 1/610000, average cost 446.918091
[2016-11-11 03:21:57,874] >> epoch 1/620000, average cost 446.870453
[2016-11-11 03:23:09,320] >> epoch 1/630000, average cost 446.830414
[2016-11-11 03:24:17,053] >> epoch 1/640000, average cost 446.822540
[2016-11-11 03:25:30,354] >> epoch 1/650000, average cost 446.966003
[2016-11-11 03:26:37,142] >> epoch 1/660000, average cost 446.892853
[2016-11-11 03:27:12,322] >> epoch 2/666660, average cost 447.062408
[2016-11-11 03:29:00,825] >> epoch 2/680000, average cost 446.783844
[2016-11-11 03:30:03,721] >> epoch 2/690000, average cost 446.760010
[2016-11-11 03:31:24,683] >> epoch 2/700000, average cost 446.843811
[2016-11-11 03:32:28,026] >> epoch 2/710000, average cost 446.752686
[2016-11-11 03:33:49,159] >> epoch 2/720000, average cost 446.713287
[2016-11-11 03:34:52,812] >> epoch 2/730000, average cost 446.739960
[2016-11-11 03:36:13,906] >> epoch 2/740000, average cost 446.749756
[2016-11-11 03:37:17,210] >> epoch 2/750000, average cost 446.680786
[2016-11-11 03:38:37,831] >> epoch 2/760000, average cost 446.718262
[2016-11-11 03:39:40,900] >> epoch 2/770000, average cost 446.717987
[2016-11-11 03:41:02,266] >> epoch 2/780000, average cost 446.700165
[2016-11-11 03:42:06,298] >> epoch 2/790000, average cost 446.646851
[2016-11-11 03:43:28,979] >> epoch 2/800000, average cost 446.631653
[2016-11-11 03:44:51,271] >> epoch 2/810000, average cost 446.628845
[2016-11-11 03:45:54,948] >> epoch 2/820000, average cost 446.577209
[2016-11-11 03:47:16,134] >> epoch 2/830000, average cost 446.642242
[2016-11-11 03:48:20,321] >> epoch 2/840000, average cost 446.536285
[2016-11-11 03:49:41,142] >> epoch 2/850000, average cost 446.606445
[2016-11-11 03:50:45,472] >> epoch 2/860000, average cost 446.610504
[2016-11-11 03:52:06,959] >> epoch 2/870000, average cost 446.599701
[2016-11-11 03:53:11,138] >> epoch 2/880000, average cost 446.684906
[2016-11-11 03:54:32,312] >> epoch 2/890000, average cost 446.660339
[2016-11-11 03:55:35,946] >> epoch 2/900000, average cost 446.624756
[2016-11-11 03:56:55,480] >> epoch 2/910000, average cost 446.503204
[2016-11-11 03:57:57,483] >> epoch 2/920000, average cost 446.624664
[2016-11-11 03:59:29,151] >> epoch 2/930000, average cost 446.504547
[2016-11-11 04:00:37,236] >> epoch 2/940000, average cost 446.573761
[2016-11-11 04:01:48,044] >> epoch 2/950000, average cost 446.575287
[2016-11-11 04:02:57,719] >> epoch 2/960000, average cost 446.626251
[2016-11-11 04:04:10,047] >> epoch 2/970000, average cost 446.490540
[2016-11-11 04:05:17,615] >> epoch 2/980000, average cost 446.700745
[2016-11-11 04:06:20,324] >> epoch 2/990000, average cost 446.665405
[2016-11-11 04:07:25,910] >> epoch 3/999990, average cost 446.651276
[2016-11-11 04:08:41,837] >> epoch 3/1010000, average cost 446.553864
[2016-11-11 04:10:02,676] >> epoch 3/1020000, average cost 446.534943
[2016-11-11 04:11:06,156] >> epoch 3/1030000, average cost 446.587860
[2016-11-11 04:12:27,311] >> epoch 3/1040000, average cost 446.557343
[2016-11-11 04:13:31,238] >> epoch 3/1050000, average cost 446.550446
[2016-11-11 04:14:51,879] >> epoch 3/1060000, average cost 446.506256
[2016-11-11 04:15:56,762] >> epoch 3/1070000, average cost 446.577911
[2016-11-11 04:17:16,457] >> epoch 3/1080000, average cost 446.488159
[2016-11-11 04:18:20,635] >> epoch 3/1090000, average cost 446.524292
[2016-11-11 04:19:40,329] >> epoch 3/1100000, average cost 446.563690
[2016-11-11 04:20:44,407] >> epoch 3/1110000, average cost 446.515289
[2016-11-11 04:22:06,391] >> epoch 3/1120000, average cost 446.517212
[2016-11-11 04:23:10,504] >> epoch 3/1130000, average cost 446.447937
[2016-11-11 04:24:32,567] >> epoch 3/1140000, average cost 446.481293
[2016-11-11 04:25:54,852] >> epoch 3/1150000, average cost 446.399994
[2016-11-11 04:26:59,215] >> epoch 3/1160000, average cost 446.516388
[2016-11-11 04:28:20,367] >> epoch 3/1170000, average cost 446.417145
[2016-11-11 04:29:24,302] >> epoch 3/1180000, average cost 446.428345
[2016-11-11 04:30:46,071] >> epoch 3/1190000, average cost 446.476105
[2016-11-11 04:31:50,289] >> epoch 3/1200000, average cost 446.466095
[2016-11-11 04:33:12,680] >> epoch 3/1210000, average cost 446.528442
[2016-11-11 04:34:16,697] >> epoch 3/1220000, average cost 446.523895
[2016-11-11 04:35:37,162] >> epoch 3/1230000, average cost 446.570587
[2016-11-11 04:36:49,907] >> epoch 3/1240000, average cost 446.346039
[2016-11-11 04:37:58,192] >> epoch 3/1250000, average cost 446.520447
[2016-11-11 04:39:01,081] >> epoch 3/1260000, average cost 446.439301
[2016-11-11 04:40:33,119] >> epoch 3/1270000, average cost 446.369110
[2016-11-11 04:41:40,890] >> epoch 3/1280000, average cost 446.489502
[2016-11-11 04:42:53,259] >> epoch 3/1290000, average cost 446.515442
[2016-11-11 04:44:01,406] >> epoch 3/1300000, average cost 446.389313
[2016-11-11 04:45:12,611] >> epoch 3/1310000, average cost 446.553345
[2016-11-11 04:46:20,156] >> epoch 3/1320000, average cost 446.579498
[2016-11-11 04:47:23,199] >> epoch 3/1330000, average cost 446.518494
[2016-11-11 04:47:42,753] >> epoch 4/1333320, average cost 446.498016
[2016-11-11 04:49:47,595] >> epoch 4/1350000, average cost 446.451355
[2016-11-11 04:51:07,164] >> epoch 4/1360000, average cost 446.440735
[2016-11-11 04:52:11,808] >> epoch 4/1370000, average cost 446.516510
[2016-11-11 04:53:32,528] >> epoch 4/1380000, average cost 446.472809
[2016-11-11 04:54:36,605] >> epoch 4/1390000, average cost 446.401550
[2016-11-11 04:55:58,176] >> epoch 4/1400000, average cost 446.472961
[2016-11-11 04:57:01,471] >> epoch 4/1410000, average cost 446.431000
[2016-11-11 04:58:23,297] >> epoch 4/1420000, average cost 446.429993
[2016-11-11 04:59:29,495] >> epoch 4/1430000, average cost 446.476501
[2016-11-11 05:00:48,170] >> epoch 4/1440000, average cost 446.425049
[2016-11-11 05:01:53,039] >> epoch 4/1450000, average cost 446.463196
[2016-11-11 05:03:14,730] >> epoch 4/1460000, average cost 446.369202
[2016-11-11 05:04:20,000] >> epoch 4/1470000, average cost 446.394348
[2016-11-11 05:05:42,104] >> epoch 4/1480000, average cost 446.350494
[2016-11-11 05:07:03,413] >> epoch 4/1490000, average cost 446.406006
[2016-11-11 05:08:07,409] >> epoch 4/1500000, average cost 446.369202
[2016-11-11 05:09:28,810] >> epoch 4/1510000, average cost 446.321899
[2016-11-11 05:10:33,283] >> epoch 4/1520000, average cost 446.408295
[2016-11-11 05:11:55,642] >> epoch 4/1530000, average cost 446.402802
[2016-11-11 05:13:00,006] >> epoch 4/1540000, average cost 446.415253
[2016-11-11 05:14:21,264] >> epoch 4/1550000, average cost 446.484955
[2016-11-11 05:15:24,893] >> epoch 4/1560000, average cost 446.506500
[2016-11-11 05:16:47,193] >> epoch 4/1570000, average cost 446.325653
[2016-11-11 05:18:00,274] >> epoch 4/1580000, average cost 446.403351
[2016-11-11 05:19:07,331] >> epoch 4/1590000, average cost 446.386536
[2016-11-11 05:20:29,399] >> epoch 4/1600000, average cost 446.263947
[2016-11-11 05:21:41,036] >> epoch 4/1610000, average cost 446.455963
[2016-11-11 05:22:50,446] >> epoch 4/1620000, average cost 446.421906
[2016-11-11 05:24:02,147] >> epoch 4/1630000, average cost 446.383240
[2016-11-11 05:25:10,009] >> epoch 4/1640000, average cost 446.392487
[2016-11-11 05:26:23,458] >> epoch 4/1650000, average cost 446.550049
[2016-11-11 05:27:30,116] >> epoch 4/1660000, average cost 446.478394
[2016-11-11 05:28:05,302] >> epoch 5/1666650, average cost 446.420990
[2016-11-11 05:29:54,551] >> epoch 5/1680000, average cost 446.397186
[2016-11-11 05:30:57,553] >> epoch 5/1690000, average cost 446.369690
[2016-11-11 05:32:19,390] >> epoch 5/1700000, average cost 446.468994
[2016-11-11 05:33:23,273] >> epoch 5/1710000, average cost 446.389191
[2016-11-11 05:34:44,467] >> epoch 5/1720000, average cost 446.363495
[2016-11-11 05:35:48,424] >> epoch 5/1730000, average cost 446.389099
[2016-11-11 05:37:09,742] >> epoch 5/1740000, average cost 446.410797
[2016-11-11 05:38:13,436] >> epoch 5/1750000, average cost 446.348297
[2016-11-11 05:39:35,571] >> epoch 5/1760000, average cost 446.390564
[2016-11-11 05:40:38,412] >> epoch 5/1770000, average cost 446.400208
[2016-11-11 05:42:01,623] >> epoch 5/1780000, average cost 446.391602
[2016-11-11 05:43:05,844] >> epoch 5/1790000, average cost 446.346893
[2016-11-11 05:44:27,829] >> epoch 5/1800000, average cost 446.325958
[2016-11-11 05:45:49,601] >> epoch 5/1810000, average cost 446.341064
[2016-11-11 05:46:52,972] >> epoch 5/1820000, average cost 446.286499
[2016-11-11 05:48:14,235] >> epoch 5/1830000, average cost 446.361389
[2016-11-11 05:49:19,279] >> epoch 5/1840000, average cost 446.268311
[2016-11-11 05:50:40,911] >> epoch 5/1850000, average cost 446.323486
[2016-11-11 05:51:45,093] >> epoch 5/1860000, average cost 446.351898
[2016-11-11 05:53:06,724] >> epoch 5/1870000, average cost 446.336700
[2016-11-11 05:54:10,964] >> epoch 5/1880000, average cost 446.432343
[2016-11-11 05:55:32,083] >> epoch 5/1890000, average cost 446.408813
[2016-11-11 05:56:35,637] >> epoch 5/1900000, average cost 446.377686
[2016-11-11 05:57:55,720] >> epoch 5/1910000, average cost 446.265686
[2016-11-11 05:58:57,614] >> epoch 5/1920000, average cost 446.385803
[2016-11-11 06:00:29,547] >> epoch 5/1930000, average cost 446.262695
[2016-11-11 06:01:38,090] >> epoch 5/1940000, average cost 446.343842
[2016-11-11 06:02:49,592] >> epoch 5/1950000, average cost 446.346191
[2016-11-11 06:03:58,807] >> epoch 5/1960000, average cost 446.396637
[2016-11-11 06:05:11,224] >> epoch 5/1970000, average cost 446.268585
[2016-11-11 06:06:18,995] >> epoch 5/1980000, average cost 446.482391
[2016-11-11 06:07:21,303] >> epoch 5/1990000, average cost 446.439362
[2016-11-11 06:08:27,070] >> epoch 6/1999980, average cost 446.364777
[2016-11-11 06:08:41,959] >> epoch 7/2000000, average cost 446.295105
[2016-11-11 06:08:41,974] >> Training finished in 4:01:54.504077
[2016-11-11 06:09:01,885] >> Loading model
[2016-11-11 06:09:02,287] >> Loading datasets
[2016-11-11 06:09:02,318] >> Reconstruction training started with arguments:
{'activation_noise': None,
 'adadelta': False,
 'adadelta_epsilon': '1e-6',
 'adadelta_rho': '0.95',
 'adagrad': False,
 'adagrad_decay': False,
 'batch_size': 128,
 'ce_sparsity': 0.01,
 'ce_sparsity_weight': 0.0,
 'compound': False,
 'corruption_level': 0.2,
 'datasets': (DatasetContainer [PFileStreamDataset@/home/ddraper/train.pfile],
              DatasetContainer [],
              DatasetContainer []),
 'epochs': 50,
 'fix_layers': [],
 'graph': False,
 'hooks': [],
 'l1_reg': '0.0',
 'l2_reg': '0.0',
 'layer_args': {1: {}, 2: {}, 3: {}},
 'layers': [4],
 'learning_rate': '0.01',
 'loss': 'crossentropy',
 'minibatches': 2000000,
 'momentum': '',
 'noise': 'mask',
 'sparsity': 0.05,
 'sparsity_weight': 0.0,
 'validate': False,
 'verbosity': 1,
 'warn': False}
[2016-11-11 06:09:02,318] >> Reconstruction training started with da:
{'hidden_activation': u'sigmoid',
 'n_hidden': 1000,
 'n_visible': 1000,
 'tied_weights': True,
 'visible_activation': u'sigmoid'}
[2016-11-11 06:09:02,318] >> Compiling theano graph
Using gpu device 0: Tesla M2075 (CNMeM is disabled, cuDNN not available)
[2016-11-11 06:09:26,352] >> Training started
[2016-11-11 06:10:33,101] >> epoch 0/10000, average cost 105.265411
[2016-11-11 06:11:59,798] >> epoch 0/20000, average cost 101.708588
[2016-11-11 06:13:07,308] >> epoch 0/30000, average cost 100.880272
[2016-11-11 06:14:34,325] >> epoch 0/40000, average cost 100.396469
[2016-11-11 06:15:45,038] >> epoch 0/50000, average cost 100.484001
[2016-11-11 06:17:11,662] >> epoch 0/60000, average cost 100.385109
[2016-11-11 06:18:22,060] >> epoch 0/70000, average cost 100.134285
[2016-11-11 06:19:44,466] >> epoch 0/80000, average cost 100.362831
[2016-11-11 06:20:55,389] >> epoch 0/90000, average cost 100.450066
[2016-11-11 06:22:17,276] >> epoch 0/100000, average cost 100.654663
[2016-11-11 06:23:27,369] >> epoch 0/110000, average cost 100.139198
[2016-11-11 06:24:52,952] >> epoch 0/120000, average cost 99.986031
[2016-11-11 06:26:03,309] >> epoch 0/130000, average cost 100.010780
[2016-11-11 06:27:28,988] >> epoch 0/140000, average cost 100.021812
[2016-11-11 06:28:54,360] >> epoch 0/150000, average cost 99.960350
[2016-11-11 06:30:04,076] >> epoch 0/160000, average cost 100.214333
[2016-11-11 06:31:29,615] >> epoch 0/170000, average cost 99.922523
[2016-11-11 06:32:36,688] >> epoch 0/180000, average cost 99.645485
[2016-11-11 06:34:03,276] >> epoch 0/190000, average cost 100.099014
[2016-11-11 06:35:12,407] >> epoch 0/200000, average cost 99.969116
[2016-11-11 06:36:38,902] >> epoch 0/210000, average cost 99.239159
[2016-11-11 06:37:48,590] >> epoch 0/220000, average cost 99.695908
[2016-11-11 06:39:13,925] >> epoch 0/230000, average cost 99.583351
[2016-11-11 06:40:31,557] >> epoch 0/240000, average cost 99.625809
[2016-11-11 06:41:42,888] >> epoch 0/250000, average cost 99.378075
[2016-11-11 06:42:51,575] >> epoch 0/260000, average cost 99.390060
[2016-11-11 06:44:23,218] >> epoch 0/270000, average cost 99.191750
[2016-11-11 06:45:33,986] >> epoch 0/280000, average cost 99.437538
[2016-11-11 06:46:48,741] >> epoch 0/290000, average cost 99.481651
[2016-11-11 06:48:00,933] >> epoch 0/300000, average cost 99.503662
[2016-11-11 06:49:15,539] >> epoch 0/310000, average cost 99.799759
[2016-11-11 06:50:26,329] >> epoch 0/320000, average cost 99.370033
[2016-11-11 06:51:33,125] >> epoch 0/330000, average cost 99.412148
[2016-11-11 06:51:54,254] >> epoch 1/333330, average cost 100.109726
[2016-11-11 06:54:27,289] >> epoch 1/350000, average cost 99.489960
[2016-11-11 06:56:05,872] >> epoch 1/360000, average cost 99.712303
[2016-11-11 06:57:33,614] >> epoch 1/370000, average cost 99.211227
[2016-11-11 06:59:22,010] >> epoch 1/380000, average cost 99.340797
[2016-11-11 07:00:46,460] >> epoch 1/390000, average cost 99.433098
[2016-11-11 07:02:45,779] >> epoch 1/400000, average cost 99.201653
[2016-11-11 07:04:03,390] >> epoch 1/410000, average cost 99.382652
[2016-11-11 07:05:53,634] >> epoch 1/420000, average cost 99.691185
[2016-11-11 07:07:13,515] >> epoch 1/430000, average cost 99.721558
[2016-11-11 07:08:57,282] >> epoch 1/440000, average cost 99.634766
[2016-11-11 07:10:24,344] >> epoch 1/450000, average cost 99.348465
[2016-11-11 07:12:28,157] >> epoch 1/460000, average cost 99.007935
[2016-11-11 07:14:04,700] >> epoch 1/470000, average cost 99.451286
[2016-11-11 07:16:14,545] >> epoch 1/480000, average cost 99.322792
[2016-11-11 07:18:01,730] >> epoch 1/490000, average cost 99.439980
[2016-11-11 07:19:10,915] >> epoch 1/500000, average cost 99.443726
[2016-11-11 07:20:37,672] >> epoch 1/510000, average cost 99.005173
[2016-11-11 07:21:48,344] >> epoch 1/520000, average cost 99.378990
[2016-11-11 07:23:15,307] >> epoch 1/530000, average cost 99.442650
[2016-11-11 07:24:24,717] >> epoch 1/540000, average cost 98.894791
[2016-11-11 07:25:51,050] >> epoch 1/550000, average cost 98.999146
[2016-11-11 07:27:00,273] >> epoch 1/560000, average cost 99.000374
[2016-11-11 07:28:26,556] >> epoch 1/570000, average cost 99.268410
[2016-11-11 07:29:42,616] >> epoch 1/580000, average cost 98.768600
[2016-11-11 07:30:53,342] >> epoch 1/590000, average cost 98.964478
[2016-11-11 07:32:16,589] >> epoch 1/600000, average cost 98.686409
[2016-11-11 07:33:30,837] >> epoch 1/610000, average cost 98.851624
[2016-11-11 07:34:42,801] >> epoch 1/620000, average cost 99.102043
[2016-11-11 07:35:57,573] >> epoch 1/630000, average cost 98.885078
[2016-11-11 07:37:08,758] >> epoch 1/640000, average cost 99.247589
[2016-11-11 07:38:24,388] >> epoch 1/650000, average cost 99.156944
[2016-11-11 07:39:34,896] >> epoch 1/660000, average cost 98.937035
[2016-11-11 07:40:13,597] >> epoch 2/666660, average cost 99.229630
[2016-11-11 07:42:08,128] >> epoch 2/680000, average cost 98.801270
[2016-11-11 07:43:16,257] >> epoch 2/690000, average cost 99.458801
[2016-11-11 07:44:41,645] >> epoch 2/700000, average cost 98.921623
[2016-11-11 07:45:50,519] >> epoch 2/710000, average cost 98.832542
[2016-11-11 07:47:16,427] >> epoch 2/720000, average cost 98.999115
[2016-11-11 07:48:25,466] >> epoch 2/730000, average cost 98.862762
[2016-11-11 07:49:51,121] >> epoch 2/740000, average cost 98.905060
[2016-11-11 07:50:59,774] >> epoch 2/750000, average cost 99.227234
[2016-11-11 07:52:25,448] >> epoch 2/760000, average cost 99.199547
[2016-11-11 07:53:33,757] >> epoch 2/770000, average cost 99.470688
[2016-11-11 07:54:59,870] >> epoch 2/780000, average cost 98.857971
[2016-11-11 07:56:10,295] >> epoch 2/790000, average cost 98.602585
[2016-11-11 07:57:36,449] >> epoch 2/800000, average cost 99.182579
[2016-11-11 07:59:03,543] >> epoch 2/810000, average cost 98.944580
[2016-11-11 08:00:12,494] >> epoch 2/820000, average cost 98.962685
[2016-11-11 08:01:39,095] >> epoch 2/830000, average cost 99.189362
[2016-11-11 08:02:48,834] >> epoch 2/840000, average cost 98.703186
[2016-11-11 08:04:14,754] >> epoch 2/850000, average cost 98.790932
[2016-11-11 08:05:24,338] >> epoch 2/860000, average cost 99.157310
[2016-11-11 08:06:50,082] >> epoch 2/870000, average cost 98.879753
[2016-11-11 08:08:00,058] >> epoch 2/880000, average cost 98.371452
[2016-11-11 08:09:25,623] >> epoch 2/890000, average cost 98.744865
[2016-11-11 08:10:33,792] >> epoch 2/900000, average cost 98.864693
[2016-11-11 08:11:57,892] >> epoch 2/910000, average cost 98.492241
[2016-11-11 08:13:04,485] >> epoch 2/920000, average cost 98.587944
[2016-11-11 08:14:38,447] >> epoch 2/930000, average cost 98.408165
[2016-11-11 08:15:50,138] >> epoch 2/940000, average cost 98.369904
[2016-11-11 08:17:04,437] >> epoch 2/950000, average cost 98.723892
[2016-11-11 08:18:16,844] >> epoch 2/960000, average cost 98.527702
[2016-11-11 08:19:32,027] >> epoch 2/970000, average cost 98.840866
[2016-11-11 08:20:43,153] >> epoch 2/980000, average cost 99.004501
[2016-11-11 08:21:51,213] >> epoch 2/990000, average cost 98.492813
[2016-11-11 08:22:59,701] >> epoch 3/999990, average cost 98.849930
[2016-11-11 08:24:19,824] >> epoch 3/1010000, average cost 98.513908
[2016-11-11 08:25:44,483] >> epoch 3/1020000, average cost 98.987679
[2016-11-11 08:26:53,015] >> epoch 3/1030000, average cost 98.697815
[2016-11-11 08:28:18,855] >> epoch 3/1040000, average cost 98.445610
[2016-11-11 08:29:28,023] >> epoch 3/1050000, average cost 98.654030
[2016-11-11 08:30:51,371] >> epoch 3/1060000, average cost 98.638412
[2016-11-11 08:32:01,655] >> epoch 3/1070000, average cost 98.468010
[2016-11-11 08:33:25,991] >> epoch 3/1080000, average cost 98.737091
[2016-11-11 08:34:36,808] >> epoch 3/1090000, average cost 98.880386
[2016-11-11 08:35:58,674] >> epoch 3/1100000, average cost 99.125015
[2016-11-11 08:37:08,401] >> epoch 3/1110000, average cost 98.651955
[2016-11-11 08:38:35,370] >> epoch 3/1120000, average cost 98.532120
[2016-11-11 08:39:45,184] >> epoch 3/1130000, average cost 98.597824
[2016-11-11 08:41:12,927] >> epoch 3/1140000, average cost 98.615715
[2016-11-11 08:42:38,921] >> epoch 3/1150000, average cost 98.585922
[2016-11-11 08:43:48,853] >> epoch 3/1160000, average cost 98.857399
[2016-11-11 08:45:15,880] >> epoch 3/1170000, average cost 98.587822
[2016-11-11 08:46:25,265] >> epoch 3/1180000, average cost 98.341599
[2016-11-11 08:47:52,963] >> epoch 3/1190000, average cost 98.790611
[2016-11-11 08:49:02,571] >> epoch 3/1200000, average cost 98.685616
[2016-11-11 08:50:29,097] >> epoch 3/1210000, average cost 98.011612
[2016-11-11 08:51:38,788] >> epoch 3/1220000, average cost 98.457947
[2016-11-11 08:53:03,958] >> epoch 3/1230000, average cost 98.358414
[2016-11-11 08:54:21,035] >> epoch 3/1240000, average cost 98.404060
[2016-11-11 08:55:33,152] >> epoch 3/1250000, average cost 98.185440
[2016-11-11 08:56:41,181] >> epoch 3/1260000, average cost 98.205322
[2016-11-11 08:58:12,189] >> epoch 3/1270000, average cost 98.018677
[2016-11-11 08:59:23,465] >> epoch 3/1280000, average cost 98.278297
[2016-11-11 09:00:39,017] >> epoch 3/1290000, average cost 98.324364
[2016-11-11 09:01:50,397] >> epoch 3/1300000, average cost 98.356766
[2016-11-11 09:03:05,201] >> epoch 3/1310000, average cost 98.657097
[2016-11-11 09:04:15,849] >> epoch 3/1320000, average cost 98.260094
[2016-11-11 09:05:23,224] >> epoch 3/1330000, average cost 98.289894
[2016-11-11 09:05:44,243] >> epoch 4/1333320, average cost 98.520905
[2016-11-11 09:07:57,054] >> epoch 4/1350000, average cost 98.371559
[2016-11-11 09:09:21,444] >> epoch 4/1360000, average cost 98.622673
[2016-11-11 09:10:30,818] >> epoch 4/1370000, average cost 98.129410
[2016-11-11 09:11:55,891] >> epoch 4/1380000, average cost 98.261513
[2016-11-11 09:13:05,215] >> epoch 4/1390000, average cost 98.363129
[2016-11-11 09:14:31,776] >> epoch 4/1400000, average cost 98.142708
[2016-11-11 09:15:40,336] >> epoch 4/1410000, average cost 98.318222
[2016-11-11 09:17:01,962] >> epoch 4/1420000, average cost 98.624359
[2016-11-11 09:18:15,508] >> epoch 4/1430000, average cost 98.661011
[2016-11-11 09:19:35,541] >> epoch 4/1440000, average cost 98.597916
[2016-11-11 09:20:45,614] >> epoch 4/1450000, average cost 98.303825
[2016-11-11 09:22:12,694] >> epoch 4/1460000, average cost 97.974747
[2016-11-11 09:23:24,861] >> epoch 4/1470000, average cost 98.442085
[2016-11-11 09:24:49,793] >> epoch 4/1480000, average cost 98.305779
[2016-11-11 09:26:19,696] >> epoch 4/1490000, average cost 98.433372
[2016-11-11 09:27:29,393] >> epoch 4/1500000, average cost 98.440460
[2016-11-11 09:28:56,408] >> epoch 4/1510000, average cost 98.005005
[2016-11-11 09:30:10,897] >> epoch 4/1520000, average cost 98.385750
[2016-11-11 09:31:38,867] >> epoch 4/1530000, average cost 98.446465
[2016-11-11 09:32:48,512] >> epoch 4/1540000, average cost 97.922691
[2016-11-11 09:34:15,677] >> epoch 4/1550000, average cost 98.025146
[2016-11-11 09:35:25,928] >> epoch 4/1560000, average cost 98.043800
[2016-11-11 09:36:51,835] >> epoch 4/1570000, average cost 98.301804
[2016-11-11 09:38:07,996] >> epoch 4/1580000, average cost 97.818672
[2016-11-11 09:39:22,078] >> epoch 4/1590000, average cost 98.008339
[2016-11-11 09:40:47,619] >> epoch 4/1600000, average cost 97.750793
[2016-11-11 09:42:01,600] >> epoch 4/1610000, average cost 97.908157
[2016-11-11 09:43:14,526] >> epoch 4/1620000, average cost 98.157654
[2016-11-11 09:44:29,050] >> epoch 4/1630000, average cost 97.948135
[2016-11-11 09:45:39,941] >> epoch 4/1640000, average cost 98.313698
[2016-11-11 09:46:55,811] >> epoch 4/1650000, average cost 98.225784
[2016-11-11 09:48:06,790] >> epoch 4/1660000, average cost 98.010948
[2016-11-11 09:48:45,429] >> epoch 5/1666650, average cost 98.224945
[2016-11-11 09:50:40,420] >> epoch 5/1680000, average cost 97.891197
[2016-11-11 09:51:48,638] >> epoch 5/1690000, average cost 98.541496
[2016-11-11 09:53:13,723] >> epoch 5/1700000, average cost 98.010498
[2016-11-11 09:54:22,535] >> epoch 5/1710000, average cost 97.942726
[2016-11-11 09:55:48,648] >> epoch 5/1720000, average cost 98.107185
[2016-11-11 09:56:57,676] >> epoch 5/1730000, average cost 97.988525
[2016-11-11 09:58:23,843] >> epoch 5/1740000, average cost 98.014397
[2016-11-11 09:59:33,021] >> epoch 5/1750000, average cost 98.335876
[2016-11-11 10:00:59,837] >> epoch 5/1760000, average cost 98.318832
[2016-11-11 10:02:07,039] >> epoch 5/1770000, average cost 98.593834
[2016-11-11 10:03:35,979] >> epoch 5/1780000, average cost 97.991821
[2016-11-11 10:04:46,356] >> epoch 5/1790000, average cost 97.754715
[2016-11-11 10:06:21,979] >> epoch 5/1800000, average cost 98.310959
[2016-11-11 10:07:47,213] >> epoch 5/1810000, average cost 98.105522
[2016-11-11 10:08:56,695] >> epoch 5/1820000, average cost 98.113052
[2016-11-11 10:10:24,071] >> epoch 5/1830000, average cost 98.345863
[2016-11-11 10:11:34,691] >> epoch 5/1840000, average cost 97.866196
[2016-11-11 10:13:04,219] >> epoch 5/1850000, average cost 97.963242
[2016-11-11 10:14:15,792] >> epoch 5/1860000, average cost 98.329803
[2016-11-11 10:15:42,866] >> epoch 5/1870000, average cost 98.054581
[2016-11-11 10:16:52,966] >> epoch 5/1880000, average cost 97.568016
[2016-11-11 10:18:18,943] >> epoch 5/1890000, average cost 97.913589
[2016-11-11 10:19:27,510] >> epoch 5/1900000, average cost 98.067116
[2016-11-11 10:20:51,471] >> epoch 5/1910000, average cost 97.686050
[2016-11-11 10:21:56,926] >> epoch 5/1920000, average cost 97.803093
[2016-11-11 10:23:37,514] >> epoch 5/1930000, average cost 97.619553
[2016-11-11 10:24:48,776] >> epoch 5/1940000, average cost 97.592857
[2016-11-11 10:26:02,596] >> epoch 5/1950000, average cost 97.941666
[2016-11-11 10:27:15,495] >> epoch 5/1960000, average cost 97.751511
[2016-11-11 10:28:30,784] >> epoch 5/1970000, average cost 98.077866
[2016-11-11 10:29:41,757] >> epoch 5/1980000, average cost 98.219444
[2016-11-11 10:30:49,341] >> epoch 5/1990000, average cost 97.737740
[2016-11-11 10:31:58,509] >> epoch 6/1999980, average cost 98.013458
[2016-11-11 10:32:13,784] >> epoch 7/2000000, average cost 97.870262
[2016-11-11 10:32:13,795] >> Training finished in 4:22:47.441976
[2016-11-11 10:32:37,657] >> Loading model
[2016-11-11 10:32:38,006] >> Loading datasets
[2016-11-11 10:32:38,022] >> Reconstruction training started with arguments:
{'activation_noise': None,
 'adadelta': False,
 'adadelta_epsilon': '1e-6',
 'adadelta_rho': '0.95',
 'adagrad': False,
 'adagrad_decay': False,
 'batch_size': 128,
 'ce_sparsity': 0.01,
 'ce_sparsity_weight': 0.0,
 'compound': False,
 'corruption_level': 0.2,
 'datasets': (DatasetContainer [PFileStreamDataset@/home/ddraper/train.pfile],
              DatasetContainer [],
              DatasetContainer []),
 'epochs': 50,
 'fix_layers': [],
 'graph': False,
 'hooks': [],
 'l1_reg': '0.0',
 'l2_reg': '0.0',
 'layer_args': {1: {}, 2: {}, 3: {}, 4: {}},
 'layers': [5],
 'learning_rate': '0.01',
 'loss': 'crossentropy',
 'minibatches': 2000000,
 'momentum': '',
 'noise': 'mask',
 'sparsity': 0.05,
 'sparsity_weight': 0.0,
 'validate': False,
 'verbosity': 1,
 'warn': False}
[2016-11-11 10:32:38,022] >> Reconstruction training started with da:
{'hidden_activation': u'sigmoid',
 'n_hidden': 1000,
 'n_visible': 1000,
 'tied_weights': True,
 'visible_activation': u'sigmoid'}
[2016-11-11 10:32:38,022] >> Compiling theano graph
Using gpu device 0: Tesla M2075 (CNMeM is disabled, cuDNN not available)
[2016-11-11 10:33:03,013] >> Training started
[2016-11-11 10:34:15,350] >> epoch 0/10000, average cost 245.442398
[2016-11-11 10:35:47,438] >> epoch 0/20000, average cost 241.178696
[2016-11-11 10:37:00,083] >> epoch 0/30000, average cost 239.580673
[2016-11-11 10:38:33,608] >> epoch 0/40000, average cost 238.734406
[2016-11-11 10:39:50,135] >> epoch 0/50000, average cost 238.481720
[2016-11-11 10:41:22,090] >> epoch 0/60000, average cost 238.243698
[2016-11-11 10:42:36,905] >> epoch 0/70000, average cost 237.984879
[2016-11-11 10:44:05,771] >> epoch 0/80000, average cost 238.013306
[2016-11-11 10:45:22,979] >> epoch 0/90000, average cost 237.974869
[2016-11-11 10:46:49,987] >> epoch 0/100000, average cost 238.022003
[2016-11-11 10:48:04,295] >> epoch 0/110000, average cost 237.716095
[2016-11-11 10:49:37,137] >> epoch 0/120000, average cost 237.583176
[2016-11-11 10:50:55,007] >> epoch 0/130000, average cost 237.551270
[2016-11-11 10:52:23,979] >> epoch 0/140000, average cost 237.531052
[2016-11-11 10:53:55,219] >> epoch 0/150000, average cost 237.437881
[2016-11-11 10:55:09,358] >> epoch 0/160000, average cost 237.548279
[2016-11-11 10:56:39,653] >> epoch 0/170000, average cost 237.381378
[2016-11-11 10:57:54,627] >> epoch 0/180000, average cost 237.258774
[2016-11-11 10:59:25,720] >> epoch 0/190000, average cost 237.411118
[2016-11-11 11:00:39,348] >> epoch 0/200000, average cost 237.348450
[2016-11-11 11:02:10,790] >> epoch 0/210000, average cost 237.022507
[2016-11-11 11:03:27,431] >> epoch 0/220000, average cost 237.183197
[2016-11-11 11:04:55,436] >> epoch 0/230000, average cost 237.139206
[2016-11-11 11:06:18,130] >> epoch 0/240000, average cost 237.081955
[2016-11-11 11:07:33,609] >> epoch 0/250000, average cost 236.996399
[2016-11-11 11:08:47,618] >> epoch 0/260000, average cost 236.945847
[2016-11-11 11:10:25,054] >> epoch 0/270000, average cost 236.836594
[2016-11-11 11:11:40,323] >> epoch 0/280000, average cost 236.969345
[2016-11-11 11:13:01,631] >> epoch 0/290000, average cost 237.004349
[2016-11-11 11:14:17,745] >> epoch 0/300000, average cost 236.961151
[2016-11-11 11:15:39,850] >> epoch 0/310000, average cost 237.059525
[2016-11-11 11:16:55,321] >> epoch 0/320000, average cost 236.868393
[2016-11-11 11:18:06,297] >> epoch 0/330000, average cost 236.855957
[2016-11-11 11:18:29,422] >> epoch 1/333330, average cost 237.849533
[2016-11-11 11:20:51,540] >> epoch 1/350000, average cost 236.853455
[2016-11-11 11:22:20,201] >> epoch 1/360000, average cost 236.938873
[2016-11-11 11:23:33,315] >> epoch 1/370000, average cost 236.700851
[2016-11-11 11:25:03,811] >> epoch 1/380000, average cost 236.739822
[2016-11-11 11:26:18,900] >> epoch 1/390000, average cost 236.765396
[2016-11-11 11:27:50,052] >> epoch 1/400000, average cost 236.656906
[2016-11-11 11:29:03,431] >> epoch 1/410000, average cost 236.728729
[2016-11-11 11:30:33,630] >> epoch 1/420000, average cost 236.875732
[2016-11-11 11:31:52,746] >> epoch 1/430000, average cost 236.874344
[2016-11-11 11:33:16,734] >> epoch 1/440000, average cost 236.806198
[2016-11-11 11:34:32,176] >> epoch 1/450000, average cost 236.663528
[2016-11-11 11:36:02,358] >> epoch 1/460000, average cost 236.465530
[2016-11-11 11:37:22,079] >> epoch 1/470000, average cost 236.677429
[2016-11-11 11:38:49,182] >> epoch 1/480000, average cost 236.577271
[2016-11-11 11:40:19,432] >> epoch 1/490000, average cost 236.637024
[2016-11-11 11:41:33,097] >> epoch 1/500000, average cost 236.632004
[2016-11-11 11:43:04,052] >> epoch 1/510000, average cost 236.431702
[2016-11-11 11:44:18,258] >> epoch 1/520000, average cost 236.593048
[2016-11-11 11:45:46,013] >> epoch 1/530000, average cost 236.610977
[2016-11-11 11:46:59,811] >> epoch 1/540000, average cost 236.379181
[2016-11-11 11:48:38,438] >> epoch 1/550000, average cost 236.398849
[2016-11-11 11:50:07,841] >> epoch 1/560000, average cost 236.430252
[2016-11-11 11:51:56,993] >> epoch 1/570000, average cost 236.471069
[2016-11-11 11:53:39,329] >> epoch 1/580000, average cost 236.294052
[2016-11-11 11:55:08,935] >> epoch 1/590000, average cost 236.340576
[2016-11-11 11:56:55,275] >> epoch 1/600000, average cost 236.184647
[2016-11-11 11:58:27,802] >> epoch 1/610000, average cost 236.324997
[2016-11-11 12:00:02,367] >> epoch 1/620000, average cost 236.429321
[2016-11-11 12:01:34,325] >> epoch 1/630000, average cost 236.344421
[2016-11-11 12:03:32,459] >> epoch 1/640000, average cost 236.437195
[2016-11-11 12:04:54,796] >> epoch 1/650000, average cost 236.421600
[2016-11-11 12:06:38,535] >> epoch 1/660000, average cost 236.324005
[2016-11-11 12:07:21,500] >> epoch 2/666660, average cost 236.563232
[2016-11-11 12:09:33,193] >> epoch 2/680000, average cost 236.251724
[2016-11-11 12:10:49,853] >> epoch 2/690000, average cost 236.517975
[2016-11-11 12:12:27,868] >> epoch 2/700000, average cost 236.297546
[2016-11-11 12:13:46,488] >> epoch 2/710000, average cost 236.218750
[2016-11-11 12:15:25,587] >> epoch 2/720000, average cost 236.300049
[2016-11-11 12:16:45,047] >> epoch 2/730000, average cost 236.254318
[2016-11-11 12:18:24,121] >> epoch 2/740000, average cost 236.263199
[2016-11-11 12:19:43,389] >> epoch 2/750000, average cost 236.437332
[2016-11-11 12:21:23,899] >> epoch 2/760000, average cost 236.388977
[2016-11-11 12:22:45,250] >> epoch 2/770000, average cost 236.529770
[2016-11-11 12:24:27,539] >> epoch 2/780000, average cost 236.234970
[2016-11-11 12:25:48,813] >> epoch 2/790000, average cost 236.088394
[2016-11-11 12:27:32,818] >> epoch 2/800000, average cost 236.343796
[2016-11-11 12:29:15,403] >> epoch 2/810000, average cost 236.242401
[2016-11-11 12:30:36,138] >> epoch 2/820000, average cost 236.227448
[2016-11-11 12:32:17,986] >> epoch 2/830000, average cost 236.347748
[2016-11-11 12:33:38,862] >> epoch 2/840000, average cost 236.119507
[2016-11-11 12:35:21,839] >> epoch 2/850000, average cost 236.177307
[2016-11-11 12:36:43,143] >> epoch 2/860000, average cost 236.317932
[2016-11-11 12:38:26,023] >> epoch 2/870000, average cost 236.201599
[2016-11-11 12:39:46,843] >> epoch 2/880000, average cost 235.993301
[2016-11-11 12:41:31,488] >> epoch 2/890000, average cost 236.148605
[2016-11-11 12:42:52,014] >> epoch 2/900000, average cost 236.178879
[2016-11-11 12:44:37,203] >> epoch 2/910000, average cost 236.016968
[2016-11-11 12:45:59,735] >> epoch 2/920000, average cost 236.072220
[2016-11-11 12:47:46,991] >> epoch 2/930000, average cost 235.950531
[2016-11-11 12:49:11,691] >> epoch 2/940000, average cost 235.972351
[2016-11-11 12:50:40,594] >> epoch 2/950000, average cost 236.138977
[2016-11-11 12:52:05,493] >> epoch 2/960000, average cost 236.085007
[2016-11-11 12:53:31,695] >> epoch 2/970000, average cost 236.165726
[2016-11-11 12:54:45,074] >> epoch 2/980000, average cost 236.237656
[2016-11-11 12:56:10,943] >> epoch 2/990000, average cost 236.035370
[2016-11-11 12:57:34,870] >> epoch 3/999990, average cost 236.208084
[2016-11-11 12:59:24,289] >> epoch 3/1010000, average cost 236.041077
[2016-11-11 13:01:08,284] >> epoch 3/1020000, average cost 236.212921
[2016-11-11 13:02:29,403] >> epoch 3/1030000, average cost 236.111176
[2016-11-11 13:04:14,210] >> epoch 3/1040000, average cost 235.957932
[2016-11-11 13:05:38,375] >> epoch 3/1050000, average cost 236.073257
[2016-11-11 13:07:18,813] >> epoch 3/1060000, average cost 236.063644
[2016-11-11 13:08:38,099] >> epoch 3/1070000, average cost 235.993256
[2016-11-11 13:10:15,486] >> epoch 3/1080000, average cost 236.127930
[2016-11-11 13:11:37,528] >> epoch 3/1090000, average cost 236.183304
[2016-11-11 13:13:15,022] >> epoch 3/1100000, average cost 236.312653
[2016-11-11 13:14:34,712] >> epoch 3/1110000, average cost 236.065445
[2016-11-11 13:16:15,136] >> epoch 3/1120000, average cost 236.006027
[2016-11-11 13:17:37,157] >> epoch 3/1130000, average cost 236.015823
[2016-11-11 13:19:14,180] >> epoch 3/1140000, average cost 236.042847
[2016-11-11 13:21:17,903] >> epoch 3/1150000, average cost 235.987030
[2016-11-11 13:22:41,723] >> epoch 3/1160000, average cost 236.140030
[2016-11-11 13:24:21,479] >> epoch 3/1170000, average cost 236.004028
[2016-11-11 13:25:41,311] >> epoch 3/1180000, average cost 235.917450
[2016-11-11 13:27:23,334] >> epoch 3/1190000, average cost 236.105743
[2016-11-11 13:28:37,823] >> epoch 3/1200000, average cost 236.067001
[2016-11-11 13:30:12,509] >> epoch 3/1210000, average cost 235.778671
[2016-11-11 13:31:31,323] >> epoch 3/1220000, average cost 235.965927
[2016-11-11 13:33:17,102] >> epoch 3/1230000, average cost 235.945297
[2016-11-11 13:34:36,593] >> epoch 3/1240000, average cost 235.911697
[2016-11-11 13:36:12,081] >> epoch 3/1250000, average cost 235.861618
[2016-11-11 13:37:28,907] >> epoch 3/1260000, average cost 235.835327
[2016-11-11 13:39:10,767] >> epoch 3/1270000, average cost 235.740677
[2016-11-11 13:40:30,938] >> epoch 3/1280000, average cost 235.910645
[2016-11-11 13:41:48,883] >> epoch 3/1290000, average cost 235.953323
[2016-11-11 13:43:22,111] >> epoch 3/1300000, average cost 235.938126
[2016-11-11 13:44:46,906] >> epoch 3/1310000, average cost 236.048203
[2016-11-11 13:46:09,697] >> epoch 3/1320000, average cost 235.892227
[2016-11-11 13:47:26,830] >> epoch 3/1330000, average cost 235.901672
[2016-11-11 13:47:46,699] >> epoch 4/1333320, average cost 236.002762
[2016-11-11 13:50:40,174] >> epoch 4/1350000, average cost 235.930222
[2016-11-11 13:52:17,495] >> epoch 4/1360000, average cost 236.030624
[2016-11-11 13:53:37,171] >> epoch 4/1370000, average cost 235.820480
[2016-11-11 13:55:16,991] >> epoch 4/1380000, average cost 235.876022
[2016-11-11 13:56:36,202] >> epoch 4/1390000, average cost 235.914673
[2016-11-11 13:58:31,703] >> epoch 4/1400000, average cost 235.822968
[2016-11-11 13:59:57,986] >> epoch 4/1410000, average cost 235.915222
[2016-11-11 14:01:39,927] >> epoch 4/1420000, average cost 236.069901
[2016-11-11 14:02:59,423] >> epoch 4/1430000, average cost 236.077972
[2016-11-11 14:05:59,028] >> epoch 4/1440000, average cost 236.036331
[2016-11-11 14:08:56,194] >> epoch 4/1450000, average cost 235.906357
[2016-11-11 14:11:32,375] >> epoch 4/1460000, average cost 235.726822
[2016-11-11 14:14:14,259] >> epoch 4/1470000, average cost 235.947128
[2016-11-11 14:16:50,303] >> epoch 4/1480000, average cost 235.865677
[2016-11-11 14:19:35,924] >> epoch 4/1490000, average cost 235.929550
[2016-11-11 14:22:15,011] >> epoch 4/1500000, average cost 235.937103
[2016-11-11 14:24:52,585] >> epoch 4/1510000, average cost 235.758804
[2016-11-11 14:27:45,748] >> epoch 4/1520000, average cost 235.924728
[2016-11-11 14:30:21,200] >> epoch 4/1530000, average cost 235.951447
[2016-11-11 14:33:07,718] >> epoch 4/1540000, average cost 235.734970
[2016-11-11 14:35:43,844] >> epoch 4/1550000, average cost 235.769745
[2016-11-11 14:38:29,280] >> epoch 4/1560000, average cost 235.807648
[2016-11-11 14:41:03,953] >> epoch 4/1570000, average cost 235.850647
[2016-11-11 14:42:48,242] >> epoch 4/1580000, average cost 235.699997
[2016-11-11 14:44:23,100] >> epoch 4/1590000, average cost 235.748825
[2016-11-11 14:46:07,637] >> epoch 4/1600000, average cost 235.597305
[2016-11-11 14:47:50,801] >> epoch 4/1610000, average cost 235.748154
[2016-11-11 14:49:20,718] >> epoch 4/1620000, average cost 235.858002
[2016-11-11 14:50:59,987] >> epoch 4/1630000, average cost 235.779404
[2016-11-11 14:52:30,824] >> epoch 4/1640000, average cost 235.880676
[2016-11-11 14:53:57,617] >> epoch 4/1650000, average cost 235.867126
[2016-11-11 14:55:28,345] >> epoch 4/1660000, average cost 235.789429
[2016-11-11 14:56:07,439] >> epoch 5/1666650, average cost 235.860626
[2016-11-11 14:59:16,558] >> epoch 5/1680000, average cost 235.731400
[2016-11-11 15:00:37,943] >> epoch 5/1690000, average cost 235.986328
[2016-11-11 15:02:32,043] >> epoch 5/1700000, average cost 235.788651
[2016-11-11 15:04:13,215] >> epoch 5/1710000, average cost 235.710495
[2016-11-11 15:07:21,672] >> epoch 5/1720000, average cost 235.799698
[2016-11-11 15:10:49,919] >> epoch 5/1730000, average cost 235.760345
[2016-11-11 15:13:54,118] >> epoch 5/1740000, average cost 235.772751
[2016-11-11 15:17:02,773] >> epoch 5/1750000, average cost 235.946548
[2016-11-11 15:20:00,468] >> epoch 5/1760000, average cost 235.908600
[2016-11-11 15:23:07,003] >> epoch 5/1770000, average cost 236.054443
[2016-11-11 15:26:07,157] >> epoch 5/1780000, average cost 235.772720
[2016-11-11 15:29:09,160] >> epoch 5/1790000, average cost 235.631531
[2016-11-11 15:32:14,787] >> epoch 5/1800000, average cost 235.892654
[2016-11-11 15:35:18,460] >> epoch 5/1810000, average cost 235.789749
[2016-11-11 15:38:24,959] >> epoch 5/1820000, average cost 235.780670
[2016-11-11 15:41:23,932] >> epoch 5/1830000, average cost 235.909500
[2016-11-11 15:44:30,899] >> epoch 5/1840000, average cost 235.686874
[2016-11-11 15:47:28,508] >> epoch 5/1850000, average cost 235.753098
[2016-11-11 15:50:33,253] >> epoch 5/1860000, average cost 235.893845
[2016-11-11 15:53:27,632] >> epoch 5/1870000, average cost 235.784500
[2016-11-11 15:56:37,107] >> epoch 5/1880000, average cost 235.588501
[2016-11-11 15:59:00,578] >> epoch 5/1890000, average cost 235.748032
[2016-11-11 16:00:25,577] >> epoch 5/1900000, average cost 235.780106
[2016-11-11 16:02:35,037] >> epoch 5/1910000, average cost 235.624954
[2016-11-11 16:04:23,962] >> epoch 5/1920000, average cost 235.678848
[2016-11-11 16:06:18,296] >> epoch 5/1930000, average cost 235.569626
[2016-11-11 16:07:53,948] >> epoch 5/1940000, average cost 235.588074
[2016-11-11 16:09:23,999] >> epoch 5/1950000, average cost 235.762955
[2016-11-11 16:10:55,905] >> epoch 5/1960000, average cost 235.708649
[2016-11-11 16:12:25,091] >> epoch 5/1970000, average cost 235.791504
[2016-11-11 16:13:56,642] >> epoch 5/1980000, average cost 235.870453
[2016-11-11 16:15:22,487] >> epoch 5/1990000, average cost 235.677002
[2016-11-11 16:16:38,477] >> epoch 6/1999980, average cost 235.771393
[2016-11-11 16:17:24,350] >> epoch 7/2000000, average cost 235.841675
[2016-11-11 16:17:24,350] >> Training finished in 5:44:21.328848
[2016-11-11 16:18:19,019] >> Loading model
[2016-11-11 16:18:20,295] >> Loading datasets
Using gpu device 0: Tesla M2075 (CNMeM is disabled, cuDNN not available)
[2016-11-11 16:18:59,877] >> Supervised training started with arguments:
{'activation_noise': None,
 'adadelta': False,
 'adadelta_epsilon': '1e-6',
 'adadelta_rho': '0.95',
 'adagrad': False,
 'adagrad_decay': False,
 'batch_size': 256,
 'datasets': (DatasetContainer [PFileStreamDataset@/home/ddraper/train.pfile],
              DatasetContainer [PFileDataset@/home/ddraper/valid.pfile,1, PFileDataset@/home/ddraper/valid.pfile,2, PFileDataset@/home/ddraper/valid.pfile,3, PFileDataset@/home/ddraper/valid.pfile,4, PFileDataset@/home/ddraper/valid.pfile,5],
              DatasetContainer []),
 'epochs': 50,
 'fix_layers': [],
 'graph': False,
 'hooks': [<functools.partial object at 0x7fdc5cbbd520>],
 'l1_reg': '0.0',
 'l2_reg': '0.0',
 'layer_args': [],
 'learning_rate': '0.1',
 'minibatches': -1,
 'momentum': '',
 'newbob': True,
 'newbob_decay': 0.5,
 'newbob_threshold': [0.005, 0.0001],
 'patience': -1,
 'patience_improve_threshold': 0.995,
 'patience_increase': 1.5,
 'pre_validate': False,
 'print_errors': True,
 'validation_interval': -1,
 'verbosity': 0,
 'warn': False}
[2016-11-11 16:18:59,878] >> Compiling theano graph
[2016-11-11 16:19:44,121] >> Training started
[2016-11-11 17:36:50,828] >  epoch 1/166665, training error 0.473231
[2016-11-11 17:37:17,177] >  epoch 1/166665, validation error 0.399108
[2016-11-11 18:53:00,402] >  epoch 2/333330, training error 0.356378
[2016-11-11 18:53:26,729] >  epoch 2/333330, validation error 0.361109
[2016-11-11 20:13:29,636] >  epoch 3/499995, training error 0.320496
[2016-11-11 20:13:56,021] >  epoch 3/499995, validation error 0.335517
[2016-11-11 21:31:24,638] >  epoch 4/666660, training error 0.297998
[2016-11-11 21:31:50,969] >  epoch 4/666660, validation error 0.325267
[2016-11-11 22:45:16,553] >  epoch 5/833325, training error 0.280761
[2016-11-11 22:45:42,989] >  epoch 5/833325, validation error 0.318992
[2016-11-11 23:58:20,691] >  epoch 6/999990, training error 0.266581
[2016-11-11 23:58:45,737] >  epoch 6/999990, validation error 0.305175
[2016-11-12 01:07:36,421] >  epoch 7/1166655, training error 0.254222
[2016-11-12 01:08:01,386] >  epoch 7/1166655, validation error 0.299384
[2016-11-12 02:17:08,992] >  epoch 8/1333320, training error 0.243693
[2016-11-12 02:17:33,562] >  epoch 8/1333320, validation error 0.304533
[2016-11-12 02:17:33,562] >  epoch 8/1333320, learning rate set to 0.050000
[2016-11-12 03:26:17,508] >  epoch 9/1499985, training error 0.234476
[2016-11-12 03:26:42,106] >  epoch 9/1499985, validation error 0.290701
[2016-11-12 03:26:42,227] >  epoch 9/1499985, learning rate set to 0.025000
[2016-11-12 04:41:26,240] >  epoch 10/1666650, training error 0.232486
[2016-11-12 04:41:51,219] >  epoch 10/1666650, validation error 0.282347
[2016-11-12 04:41:51,335] >  epoch 10/1666650, learning rate set to 0.012500
[2016-11-12 05:57:59,797] >  epoch 11/1833315, training error 0.234262
[2016-11-12 05:58:24,724] >  epoch 11/1833315, validation error 0.275135
[2016-11-12 05:58:24,840] >  epoch 11/1833315, learning rate set to 0.006250
[2016-11-12 07:22:18,868] >  epoch 12/1999980, training error 0.237855
[2016-11-12 07:22:43,962] >  epoch 12/1999980, validation error 0.268722
[2016-11-12 07:22:44,078] >  epoch 12/1999980, learning rate set to 0.003125
[2016-11-12 08:40:44,479] >  epoch 13/2166645, training error 0.242119
[2016-11-12 08:41:09,738] >  epoch 13/2166645, validation error 0.265231
[2016-11-12 08:41:09,853] >  epoch 13/2166645, learning rate set to 0.001563
[2016-11-12 09:58:15,033] >  epoch 14/2333310, training error 0.246339
[2016-11-12 09:58:40,253] >  epoch 14/2333310, validation error 0.263197
[2016-11-12 09:58:40,368] >  epoch 14/2333310, learning rate set to 0.000781
[2016-11-12 11:17:08,788] >  epoch 15/2499975, training error 0.249989
[2016-11-12 11:17:34,538] >  epoch 15/2499975, validation error 0.261751
[2016-11-12 11:17:34,653] >  epoch 15/2499975, learning rate set to 0.000391
[2016-11-12 12:35:45,289] >  epoch 16/2666640, training error 0.252879
[2016-11-12 12:36:10,707] >  epoch 16/2666640, validation error 0.260683
[2016-11-12 12:36:10,821] >  epoch 16/2666640, learning rate set to 0.000195
[2016-11-12 13:48:24,537] >  epoch 17/2833305, training error 0.254849
[2016-11-12 13:48:49,856] >  epoch 17/2833305, validation error 0.258931
[2016-11-12 13:48:49,971] >  epoch 17/2833305, learning rate set to 0.000098
[2016-11-12 15:02:33,463] >  epoch 18/2999970, training error 0.256090
[2016-11-12 15:02:58,601] >  epoch 18/2999970, validation error 0.257518
[2016-11-12 15:02:58,716] >  epoch 18/2999970, learning rate set to 0.000049
[2016-11-12 16:06:23,415] >  epoch 19/3166635, training error 0.256797
[2016-11-12 16:06:48,994] >  epoch 19/3166635, validation error 0.257068
[2016-11-12 16:06:49,108] >  epoch 19/3166635, learning rate set to 0.000024
[2016-11-12 17:10:58,579] >  epoch 20/3333300, training error 0.257148
[2016-11-12 17:11:23,856] >  epoch 20/3333300, validation error 0.256893
[2016-11-12 17:11:23,971] >  epoch 20/3333300, learning rate set to 0.000012
[2016-11-12 18:15:02,603] >  epoch 21/3499965, training error 0.257293
[2016-11-12 18:15:27,985] >  epoch 21/3499965, validation error 0.256739
[2016-11-12 18:15:28,101] >  epoch 21/3499965, learning rate set to 0.000006
[2016-11-12 19:20:37,827] >  epoch 22/3666630, training error 0.257353
[2016-11-12 19:21:03,351] >  epoch 22/3666630, validation error 0.256719
[2016-11-12 19:21:03,465] >> Training finished in 1 day, 3:01:19.343556
