[2016-11-21 16:05:41,959] >> Loading model
[2016-11-21 16:05:42,545] >> Loading datasets
[2016-11-21 16:05:44,088] >> Reconstruction training started with arguments:
{'activation_noise': None,
 'adadelta': False,
 'adadelta_epsilon': '1e-6',
 'adadelta_rho': '0.95',
 'adagrad': False,
 'adagrad_decay': False,
 'batch_size': 128,
 'ce_sparsity': 0.01,
 'ce_sparsity_weight': 0.0,
 'compound': False,
 'corruption_level': 0.2,
 'datasets': (DatasetContainer [PFileStreamDataset@/export/data1/data/ddraper/train.4.pfile],
              DatasetContainer [],
              DatasetContainer []),
 'epochs': 50,
 'fix_layers': [],
 'graph': False,
 'hooks': [],
 'l1_reg': '0.0',
 'l2_reg': '0.0',
 'layer_args': {},
 'layers': [1],
 'learning_rate': '0.01',
 'loss': u'mse',
 'minibatches': 2000000,
 'momentum': '',
 'noise': 'mask',
 'sparsity': 0.05,
 'sparsity_weight': 0.0,
 'validate': False,
 'verbosity': 1,
 'warn': False}
[2016-11-21 16:05:44,088] >> Reconstruction training started with da:
{'hidden_activation': u'sigmoid',
 u'loss': u'mse',
 'n_hidden': 1000,
 'n_visible': 966,
 'tied_weights': True,
 'visible_activation': u'tanh'}
[2016-11-21 16:05:44,088] >> Compiling theano graph
Using gpu device 0: Tesla M2075 (CNMeM is disabled, cuDNN not available)
[2016-11-21 16:07:36,607] >> Training started
[2016-11-21 16:09:39,972] >> epoch 0/10000, average cost 94.627663
[2016-11-21 16:13:38,108] >> epoch 0/20000, average cost 44.779465
[2016-11-21 16:15:47,112] >> epoch 0/30000, average cost 31.270275
[2016-11-21 16:19:34,777] >> epoch 0/40000, average cost 24.316721
[2016-11-21 16:21:55,141] >> epoch 0/50000, average cost 21.888750
[2016-11-21 16:24:51,262] >> epoch 0/60000, average cost 20.577145
[2016-11-21 16:26:19,768] >> epoch 0/70000, average cost 19.821762
[2016-11-21 16:30:17,394] >> epoch 0/80000, average cost 18.826056
[2016-11-21 16:32:31,640] >> epoch 0/90000, average cost 18.317265
[2016-11-21 16:35:04,190] >> epoch 0/100000, average cost 17.912811
[2016-11-21 16:36:18,000] >> epoch 0/110000, average cost 17.538731
[2016-11-21 16:38:27,491] >> epoch 0/120000, average cost 17.262999
[2016-11-21 16:39:54,874] >> epoch 0/130000, average cost 17.104662
[2016-11-21 16:42:16,546] >> epoch 0/140000, average cost 17.068796
[2016-11-21 16:44:36,303] >> epoch 0/150000, average cost 16.968685
[2016-11-21 16:46:02,347] >> epoch 0/160000, average cost 16.896929
[2016-11-21 16:48:19,932] >> epoch 0/170000, average cost 16.837246
[2016-11-21 16:49:56,200] >> epoch 0/180000, average cost 16.723425
[2016-11-21 16:50:09,323] >> epoch 1/183474, average cost 24.772682
[2016-11-21 16:55:31,566] >> epoch 1/200000, average cost 16.597393
[2016-11-21 16:59:35,868] >> epoch 1/210000, average cost 16.506374
[2016-11-21 17:01:44,907] >> epoch 1/220000, average cost 16.425035
[2016-11-21 17:05:20,426] >> epoch 1/230000, average cost 16.363783
[2016-11-21 17:07:30,513] >> epoch 1/240000, average cost 16.344646
[2016-11-21 17:10:17,133] >> epoch 1/250000, average cost 16.340130
[2016-11-21 17:12:31,434] >> epoch 1/260000, average cost 16.197285
[2016-11-21 17:16:07,603] >> epoch 1/270000, average cost 16.171597
[2016-11-21 17:17:28,834] >> epoch 1/280000, average cost 16.112028
[2016-11-21 17:20:05,703] >> epoch 1/290000, average cost 16.108913
[2016-11-21 17:21:32,558] >> epoch 1/300000, average cost 16.021423
[2016-11-21 17:23:43,522] >> epoch 1/310000, average cost 15.925515
[2016-11-21 17:25:07,969] >> epoch 1/320000, average cost 15.918961
[2016-11-21 17:27:20,197] >> epoch 1/330000, average cost 15.951617
[2016-11-21 17:29:30,137] >> epoch 1/340000, average cost 15.891547
[2016-11-21 17:31:01,430] >> epoch 1/350000, average cost 15.854429
[2016-11-21 17:33:24,031] >> epoch 1/360000, average cost 15.852650
[2016-11-21 17:33:51,421] >> epoch 2/366948, average cost 16.155226
[2016-11-21 17:38:55,283] >> epoch 2/380000, average cost 15.784390
[2016-11-21 17:41:05,502] >> epoch 2/390000, average cost 15.734550
[2016-11-21 17:44:42,236] >> epoch 2/400000, average cost 15.687828
[2016-11-21 17:46:50,498] >> epoch 2/410000, average cost 15.659092
[2016-11-21 17:50:23,252] >> epoch 2/420000, average cost 15.634533
[2016-11-21 17:52:23,277] >> epoch 2/430000, average cost 15.684776
[2016-11-21 17:55:30,397] >> epoch 2/440000, average cost 15.600611
[2016-11-21 17:56:48,239] >> epoch 2/450000, average cost 15.556519
[2016-11-21 18:00:02,154] >> epoch 2/460000, average cost 15.537369
[2016-11-21 18:01:51,505] >> epoch 2/470000, average cost 15.551124
[2016-11-21 18:04:14,344] >> epoch 2/480000, average cost 15.464310
[2016-11-21 18:05:46,515] >> epoch 2/490000, average cost 15.426478
[2016-11-21 18:08:19,517] >> epoch 2/500000, average cost 15.412851
[2016-11-21 18:09:54,529] >> epoch 2/510000, average cost 15.463916
[2016-11-21 18:12:20,533] >> epoch 2/520000, average cost 15.395412
[2016-11-21 18:14:45,431] >> epoch 2/530000, average cost 15.385798
[2016-11-21 18:16:22,809] >> epoch 2/540000, average cost 15.433327
[2016-11-21 18:18:02,853] >> epoch 2/550000, average cost 15.344501
[2016-11-21 18:18:04,394] >> epoch 3/550422, average cost 15.546028
[2016-11-21 18:25:21,687] >> epoch 3/570000, average cost 15.344130
[2016-11-21 18:27:37,021] >> epoch 3/580000, average cost 15.314278
[2016-11-21 18:31:25,477] >> epoch 3/590000, average cost 15.295617
[2016-11-21 18:33:33,214] >> epoch 3/600000, average cost 15.274384
[2016-11-21 18:37:00,243] >> epoch 3/610000, average cost 15.310591
[2016-11-21 18:38:16,277] >> epoch 3/620000, average cost 15.303478
[2016-11-21 18:41:39,524] >> epoch 3/630000, average cost 15.222289
[2016-11-21 18:43:59,810] >> epoch 3/640000, average cost 15.226242
[2016-11-21 18:48:15,672] >> epoch 3/650000, average cost 15.222169
[2016-11-21 18:49:56,775] >> epoch 3/660000, average cost 15.188816
[2016-11-21 18:52:23,887] >> epoch 3/670000, average cost 15.175767
[2016-11-21 18:53:44,567] >> epoch 3/680000, average cost 15.105706
[2016-11-21 18:56:06,240] >> epoch 3/690000, average cost 15.155323
[2016-11-21 18:57:33,556] >> epoch 3/700000, average cost 15.139580
[2016-11-21 18:59:55,249] >> epoch 3/710000, average cost 15.143192
[2016-11-21 19:02:20,660] >> epoch 3/720000, average cost 15.157361
[2016-11-21 19:03:51,374] >> epoch 3/730000, average cost 15.116628
[2016-11-21 19:04:05,865] >> epoch 4/733896, average cost 15.222109
[2016-11-21 19:08:58,929] >> epoch 4/750000, average cost 15.111211
[2016-11-21 19:12:10,112] >> epoch 4/760000, average cost 15.086209
[2016-11-21 19:14:15,327] >> epoch 4/770000, average cost 15.060925
[2016-11-21 19:17:34,370] >> epoch 4/780000, average cost 15.049492
[2016-11-21 19:19:35,547] >> epoch 4/790000, average cost 15.064597
[2016-11-21 19:22:27,353] >> epoch 4/800000, average cost 15.108499
[2016-11-21 19:23:39,416] >> epoch 4/810000, average cost 15.017845
[2016-11-21 19:26:26,533] >> epoch 4/820000, average cost 15.018250
[2016-11-21 19:27:59,351] >> epoch 4/830000, average cost 14.999780
[2016-11-21 19:30:16,738] >> epoch 4/840000, average cost 15.029731
[2016-11-21 19:31:36,961] >> epoch 4/850000, average cost 14.969331
[2016-11-21 19:33:55,500] >> epoch 4/860000, average cost 14.914802
[2016-11-21 19:35:17,887] >> epoch 4/870000, average cost 14.933990
[2016-11-21 19:37:18,734] >> epoch 4/880000, average cost 14.987738
[2016-11-21 19:38:45,832] >> epoch 4/890000, average cost 14.954028
[2016-11-21 19:41:00,114] >> epoch 4/900000, average cost 14.943056
[2016-11-21 19:43:29,228] >> epoch 4/910000, average cost 14.971728
[2016-11-21 19:43:57,262] >> epoch 5/917370, average cost 15.011586
[2016-11-21 19:47:24,573] >> epoch 5/930000, average cost 14.938396
[2016-11-21 19:50:45,569] >> epoch 5/940000, average cost 14.912907
[2016-11-21 19:54:32,668] >> epoch 5/950000, average cost 14.884281
[2016-11-21 19:56:34,086] >> epoch 5/960000, average cost 14.880862
[2016-11-21 20:00:10,821] >> epoch 5/970000, average cost 14.867427
[2016-11-21 20:01:41,874] >> epoch 5/980000, average cost 14.932191
[2016-11-21 20:04:12,306] >> epoch 5/990000, average cost 14.874178
[2016-11-21 20:06:22,676] >> epoch 5/1000000, average cost 14.832928
[2016-11-21 20:09:19,121] >> epoch 5/1010000, average cost 14.824850
[2016-11-21 20:10:34,750] >> epoch 5/1020000, average cost 14.861320
[2016-11-21 20:12:39,931] >> epoch 5/1030000, average cost 14.785271
[2016-11-21 20:14:05,446] >> epoch 5/1040000, average cost 14.768124
[2016-11-21 20:16:22,616] >> epoch 5/1050000, average cost 14.754394
[2016-11-21 20:17:52,398] >> epoch 5/1060000, average cost 14.807688
[2016-11-21 20:20:12,308] >> epoch 5/1070000, average cost 14.760062
[2016-11-21 20:21:33,407] >> epoch 5/1080000, average cost 14.755445
[2016-11-21 20:23:44,475] >> epoch 5/1090000, average cost 14.806097
[2016-11-21 20:25:12,179] >> epoch 5/1100000, average cost 14.728570
[2016-11-21 20:25:15,252] >> epoch 6/1100844, average cost 14.832670
[2016-11-21 20:30:29,758] >> epoch 6/1120000, average cost 14.738881
[2016-11-21 20:34:22,833] >> epoch 6/1130000, average cost 14.711058
[2016-11-21 20:37:49,927] >> epoch 6/1140000, average cost 14.693405
[2016-11-21 20:40:27,398] >> epoch 6/1150000, average cost 14.683006
[2016-11-21 20:43:07,339] >> epoch 6/1160000, average cost 14.713152
[2016-11-21 20:45:09,293] >> epoch 6/1170000, average cost 14.722238
[2016-11-21 20:48:19,476] >> epoch 6/1180000, average cost 14.638199
[2016-11-21 20:49:54,293] >> epoch 6/1190000, average cost 14.646007
[2016-11-21 20:52:04,357] >> epoch 6/1200000, average cost 14.643394
[2016-11-21 20:53:27,236] >> epoch 6/1210000, average cost 14.623720
[2016-11-21 20:55:33,654] >> epoch 6/1220000, average cost 14.599764
[2016-11-21 20:56:56,019] >> epoch 6/1230000, average cost 14.539383
[2016-11-21 20:59:13,888] >> epoch 6/1240000, average cost 14.583494
[2016-11-21 21:00:50,569] >> epoch 6/1250000, average cost 14.576703
[2016-11-21 21:03:10,322] >> epoch 6/1260000, average cost 14.579074
[2016-11-21 21:04:48,404] >> epoch 6/1270000, average cost 14.590958
[2016-11-21 21:07:14,594] >> epoch 6/1280000, average cost 14.554822
[2016-11-21 21:07:31,836] >> epoch 7/1284318, average cost 14.640342
[2016-11-21 21:12:22,509] >> epoch 7/1300000, average cost 14.547714
[2016-11-21 21:14:24,264] >> epoch 7/1310000, average cost 14.522826
[2016-11-21 21:18:01,090] >> epoch 7/1320000, average cost 14.498358
[2016-11-21 21:21:45,517] >> epoch 7/1330000, average cost 14.483995
[2016-11-21 21:23:47,811] >> epoch 7/1340000, average cost 14.490699
[2016-11-21 21:26:49,095] >> epoch 7/1350000, average cost 14.541116
[2016-11-21 21:28:48,889] >> epoch 7/1360000, average cost 14.446172
[2016-11-21 21:31:00,441] >> epoch 7/1370000, average cost 14.445459
[2016-11-21 21:32:49,568] >> epoch 7/1380000, average cost 14.433411
[2016-11-21 21:35:59,031] >> epoch 7/1390000, average cost 14.459283
[2016-11-21 21:37:27,364] >> epoch 7/1400000, average cost 14.394559
[2016-11-21 21:39:40,031] >> epoch 7/1410000, average cost 14.348806
[2016-11-21 21:41:13,007] >> epoch 7/1420000, average cost 14.368296
[2016-11-21 21:43:36,284] >> epoch 7/1430000, average cost 14.411297
[2016-11-21 21:45:04,239] >> epoch 7/1440000, average cost 14.379768
[2016-11-21 21:47:17,719] >> epoch 7/1450000, average cost 14.372542
[2016-11-21 21:48:46,814] >> epoch 7/1460000, average cost 14.399981
[2016-11-21 21:50:16,245] >> epoch 8/1467792, average cost 14.442105
[2016-11-21 21:53:55,194] >> epoch 8/1480000, average cost 14.361671
[2016-11-21 21:57:05,363] >> epoch 8/1490000, average cost 14.344756
[2016-11-21 21:59:24,019] >> epoch 8/1500000, average cost 14.316830
[2016-11-21 22:02:52,338] >> epoch 8/1510000, average cost 14.311847
[2016-11-21 22:06:06,334] >> epoch 8/1520000, average cost 14.293498
[2016-11-21 22:08:00,011] >> epoch 8/1530000, average cost 14.361786
[2016-11-21 22:10:40,869] >> epoch 8/1540000, average cost 14.308584
[2016-11-21 22:11:51,152] >> epoch 8/1550000, average cost 14.265554
[2016-11-21 22:14:51,460] >> epoch 8/1560000, average cost 14.261794
[2016-11-21 22:16:39,000] >> epoch 8/1570000, average cost 14.290475
[2016-11-21 22:18:57,722] >> epoch 8/1580000, average cost 14.225417
[2016-11-21 22:20:17,001] >> epoch 8/1590000, average cost 14.212937
[2016-11-21 22:22:35,767] >> epoch 8/1600000, average cost 14.193871
[2016-11-21 22:23:56,452] >> epoch 8/1610000, average cost 14.245103
[2016-11-21 22:26:17,696] >> epoch 8/1620000, average cost 14.205191
[2016-11-21 22:27:34,157] >> epoch 8/1630000, average cost 14.201610
[2016-11-21 22:29:55,698] >> epoch 8/1640000, average cost 14.249146
[2016-11-21 22:31:28,618] >> epoch 8/1650000, average cost 14.183163
[2016-11-21 22:31:33,534] >> epoch 9/1651266, average cost 14.268847
[2016-11-21 22:36:32,373] >> epoch 9/1670000, average cost 14.189231
[2016-11-21 22:40:07,872] >> epoch 9/1680000, average cost 14.171872
[2016-11-21 22:42:18,790] >> epoch 9/1690000, average cost 14.154355
[2016-11-21 22:45:51,348] >> epoch 9/1700000, average cost 14.145878
[2016-11-21 22:48:51,175] >> epoch 9/1710000, average cost 14.170559
[2016-11-21 22:50:38,851] >> epoch 9/1720000, average cost 14.189467
[2016-11-21 22:53:50,189] >> epoch 9/1730000, average cost 14.106820
[2016-11-21 22:55:04,987] >> epoch 9/1740000, average cost 14.118468
[2016-11-21 22:58:17,784] >> epoch 9/1750000, average cost 14.114497
[2016-11-21 22:59:46,132] >> epoch 9/1760000, average cost 14.107861
[2016-11-21 23:02:05,733] >> epoch 9/1770000, average cost 14.084794
[2016-11-21 23:03:30,500] >> epoch 9/1780000, average cost 14.030731
[2016-11-21 23:05:56,945] >> epoch 9/1790000, average cost 14.071852
[2016-11-21 23:07:30,963] >> epoch 9/1800000, average cost 14.076935
[2016-11-21 23:09:53,751] >> epoch 9/1810000, average cost 14.078113
[2016-11-21 23:11:25,477] >> epoch 9/1820000, average cost 14.085673
[2016-11-21 23:13:53,495] >> epoch 9/1830000, average cost 14.070210
[2016-11-21 23:14:12,649] >> epoch 10/1834740, average cost 14.117395
[2016-11-21 23:19:03,239] >> epoch 10/1850000, average cost 14.058611
[2016-11-21 23:21:09,818] >> epoch 10/1860000, average cost 14.042416
[2016-11-21 23:24:47,268] >> epoch 10/1870000, average cost 14.017231
[2016-11-21 23:26:55,181] >> epoch 10/1880000, average cost 14.016668
[2016-11-21 23:30:18,713] >> epoch 10/1890000, average cost 14.020060
[2016-11-21 23:33:27,815] >> epoch 10/1900000, average cost 14.079925
[2016-11-21 23:35:19,283] >> epoch 10/1910000, average cost 13.988508
[2016-11-21 23:37:26,025] >> epoch 10/1920000, average cost 13.987775
[2016-11-21 23:39:14,132] >> epoch 10/1930000, average cost 13.981326
[2016-11-21 23:42:19,071] >> epoch 10/1940000, average cost 14.017494
[2016-11-21 23:43:44,663] >> epoch 10/1950000, average cost 13.949108
[2016-11-21 23:45:52,929] >> epoch 10/1960000, average cost 13.918363
[2016-11-21 23:47:18,306] >> epoch 10/1970000, average cost 13.930405
[2016-11-21 23:49:32,952] >> epoch 10/1980000, average cost 13.983859
[2016-11-21 23:50:58,552] >> epoch 10/1990000, average cost 13.949989
[2016-11-21 23:53:12,587] >> epoch 10/2000000, average cost 13.946754
[2016-11-21 23:53:12,601] >> epoch 11/2000000, average cost 13.995347
[2016-11-21 23:53:12,616] >> Training finished in 7:45:36.008655
[2016-11-21 23:54:16,699] >> Loading model
[2016-11-21 23:54:17,273] >> Loading datasets
[2016-11-21 23:54:17,915] >> Reconstruction training started with arguments:
{'activation_noise': None,
 'adadelta': False,
 'adadelta_epsilon': '1e-6',
 'adadelta_rho': '0.95',
 'adagrad': False,
 'adagrad_decay': False,
 'batch_size': 128,
 'ce_sparsity': 0.01,
 'ce_sparsity_weight': 0.0,
 'compound': False,
 'corruption_level': 0.2,
 'datasets': (DatasetContainer [PFileStreamDataset@/export/data1/data/ddraper/train.4.pfile],
              DatasetContainer [],
              DatasetContainer []),
 'epochs': 50,
 'fix_layers': [],
 'graph': False,
 'hooks': [],
 'l1_reg': '0.0',
 'l2_reg': '0.0',
 'layer_args': {1: {}},
 'layers': [2],
 'learning_rate': '0.01',
 'loss': 'crossentropy',
 'minibatches': 2000000,
 'momentum': '',
 'noise': 'mask',
 'sparsity': 0.05,
 'sparsity_weight': 0.0,
 'validate': False,
 'verbosity': 1,
 'warn': False}
[2016-11-21 23:54:17,916] >> Reconstruction training started with da:
{'hidden_activation': u'sigmoid',
 'n_hidden': 1000,
 'n_visible': 1000,
 'tied_weights': True,
 'visible_activation': u'sigmoid'}
[2016-11-21 23:54:17,916] >> Compiling theano graph
Using gpu device 0: Tesla M2075 (CNMeM is disabled, cuDNN not available)
[2016-11-21 23:56:05,367] >> Training started
[2016-11-21 23:57:53,594] >> epoch 0/10000, average cost 282.687286
[2016-11-22 00:00:55,170] >> epoch 0/20000, average cost 277.805817
[2016-11-22 00:02:59,862] >> epoch 0/30000, average cost 276.967560
[2016-11-22 00:06:38,674] >> epoch 0/40000, average cost 276.303772
[2016-11-22 00:08:55,993] >> epoch 0/50000, average cost 276.015503
[2016-11-22 00:12:14,100] >> epoch 0/60000, average cost 276.194611
[2016-11-22 00:13:25,795] >> epoch 0/70000, average cost 275.827362
[2016-11-22 00:16:05,161] >> epoch 0/80000, average cost 275.353485
[2016-11-22 00:17:19,037] >> epoch 0/90000, average cost 275.399841
[2016-11-22 00:19:42,898] >> epoch 0/100000, average cost 275.448059
[2016-11-22 00:21:39,222] >> epoch 0/110000, average cost 275.502899
[2016-11-22 00:23:28,957] >> epoch 0/120000, average cost 275.224640
[2016-11-22 00:24:54,133] >> epoch 0/130000, average cost 274.909637
[2016-11-22 00:27:06,775] >> epoch 0/140000, average cost 275.376404
[2016-11-22 00:29:20,280] >> epoch 0/150000, average cost 275.184814
[2016-11-22 00:30:46,440] >> epoch 0/160000, average cost 275.323700
[2016-11-22 00:33:00,083] >> epoch 0/170000, average cost 275.649200
[2016-11-22 00:34:43,120] >> epoch 0/180000, average cost 275.510620
[2016-11-22 00:34:58,601] >> epoch 1/183474, average cost 276.135040
[2016-11-22 00:40:10,411] >> epoch 1/200000, average cost 275.380798
[2016-11-22 00:44:03,152] >> epoch 1/210000, average cost 275.552338
[2016-11-22 00:46:04,360] >> epoch 1/220000, average cost 275.197815
[2016-11-22 00:49:53,947] >> epoch 1/230000, average cost 275.086182
[2016-11-22 00:52:06,436] >> epoch 1/240000, average cost 275.501465
[2016-11-22 00:55:08,044] >> epoch 1/250000, average cost 275.448090
[2016-11-22 00:56:52,198] >> epoch 1/260000, average cost 274.828278
[2016-11-22 00:59:09,517] >> epoch 1/270000, average cost 275.106628
[2016-11-22 01:01:22,346] >> epoch 1/280000, average cost 274.784668
[2016-11-22 01:04:58,908] >> epoch 1/290000, average cost 275.331970
[2016-11-22 01:06:36,435] >> epoch 1/300000, average cost 275.060516
[2016-11-22 01:08:59,828] >> epoch 1/310000, average cost 274.402100
[2016-11-22 01:10:28,044] >> epoch 1/320000, average cost 274.881836
[2016-11-22 01:12:55,858] >> epoch 1/330000, average cost 275.226288
[2016-11-22 01:15:19,055] >> epoch 1/340000, average cost 274.997925
[2016-11-22 01:16:53,300] >> epoch 1/350000, average cost 275.116302
[2016-11-22 01:19:18,034] >> epoch 1/360000, average cost 275.480957
[2016-11-22 01:19:48,346] >> epoch 2/366948, average cost 275.155334
[2016-11-22 01:24:55,588] >> epoch 2/380000, average cost 275.264069
[2016-11-22 01:26:59,681] >> epoch 2/390000, average cost 275.249054
[2016-11-22 01:30:39,485] >> epoch 2/400000, average cost 275.114563
[2016-11-22 01:32:42,374] >> epoch 2/410000, average cost 275.023590
[2016-11-22 01:36:35,635] >> epoch 2/420000, average cost 275.190643
[2016-11-22 01:38:22,838] >> epoch 2/430000, average cost 275.376160
[2016-11-22 01:41:00,830] >> epoch 2/440000, average cost 274.907715
[2016-11-22 01:43:18,518] >> epoch 2/450000, average cost 274.867340
[2016-11-22 01:46:02,539] >> epoch 2/460000, average cost 274.680786
[2016-11-22 01:47:40,317] >> epoch 2/470000, average cost 275.165314
[2016-11-22 01:50:48,109] >> epoch 2/480000, average cost 274.883850
[2016-11-22 01:52:26,935] >> epoch 2/490000, average cost 274.471863
[2016-11-22 01:54:51,427] >> epoch 2/500000, average cost 274.731628
[2016-11-22 01:56:32,315] >> epoch 2/510000, average cost 275.192749
[2016-11-22 01:59:11,159] >> epoch 2/520000, average cost 274.731689
[2016-11-22 02:01:53,453] >> epoch 2/530000, average cost 274.861664
[2016-11-22 02:03:29,740] >> epoch 2/540000, average cost 275.491272
[2016-11-22 02:05:13,236] >> epoch 2/550000, average cost 275.140350
[2016-11-22 02:05:15,334] >> epoch 3/550422, average cost 275.024780
[2016-11-22 02:12:56,383] >> epoch 3/570000, average cost 275.062469
[2016-11-22 02:15:05,816] >> epoch 3/580000, average cost 275.221680
[2016-11-22 02:18:55,754] >> epoch 3/590000, average cost 275.023193
[2016-11-22 02:20:59,668] >> epoch 3/600000, average cost 274.913666
[2016-11-22 02:23:49,521] >> epoch 3/610000, average cost 275.307800
[2016-11-22 02:25:46,330] >> epoch 3/620000, average cost 275.059387
[2016-11-22 02:28:56,416] >> epoch 3/630000, average cost 274.626495
[2016-11-22 02:31:02,378] >> epoch 3/640000, average cost 274.804016
[2016-11-22 02:33:10,055] >> epoch 3/650000, average cost 274.824493
[2016-11-22 02:35:31,098] >> epoch 3/660000, average cost 275.004883
[2016-11-22 02:37:52,182] >> epoch 3/670000, average cost 274.747742
[2016-11-22 02:39:30,396] >> epoch 3/680000, average cost 274.397858
[2016-11-22 02:41:50,300] >> epoch 3/690000, average cost 274.892365
[2016-11-22 02:43:30,433] >> epoch 3/700000, average cost 274.793915
[2016-11-22 02:45:57,542] >> epoch 3/710000, average cost 274.940491
[2016-11-22 02:48:29,389] >> epoch 3/720000, average cost 275.229858
[2016-11-22 02:50:09,935] >> epoch 3/730000, average cost 275.157349
[2016-11-22 02:50:26,683] >> epoch 4/733896, average cost 274.958405
[2016-11-22 02:55:08,433] >> epoch 4/750000, average cost 275.050446
[2016-11-22 02:59:05,306] >> epoch 4/760000, average cost 275.246216
[2016-11-22 03:01:16,100] >> epoch 4/770000, average cost 274.893585
[2016-11-22 03:03:23,393] >> epoch 4/780000, average cost 274.778687
[2016-11-22 03:04:47,545] >> epoch 4/790000, average cost 275.228577
[2016-11-22 03:06:13,379] >> epoch 4/800000, average cost 275.187805
[2016-11-22 03:07:10,857] >> epoch 4/810000, average cost 274.575928
[2016-11-22 03:08:35,655] >> epoch 4/820000, average cost 274.873688
[2016-11-22 03:09:40,000] >> epoch 4/830000, average cost 274.527863
[2016-11-22 03:11:06,166] >> epoch 4/840000, average cost 275.104767
[2016-11-22 03:12:10,108] >> epoch 4/850000, average cost 274.816010
[2016-11-22 03:13:25,003] >> epoch 4/860000, average cost 274.180603
[2016-11-22 03:14:29,288] >> epoch 4/870000, average cost 274.672760
[2016-11-22 03:15:46,772] >> epoch 4/880000, average cost 275.024597
[2016-11-22 03:16:53,643] >> epoch 4/890000, average cost 274.777496
[2016-11-22 03:18:07,863] >> epoch 4/900000, average cost 274.901123
[2016-11-22 03:19:28,130] >> epoch 4/910000, average cost 275.298615
[2016-11-22 03:20:00,145] >> epoch 5/917370, average cost 274.903259
[2016-11-22 03:22:28,933] >> epoch 5/930000, average cost 275.083923
[2016-11-22 03:24:28,521] >> epoch 5/940000, average cost 275.056396
[2016-11-22 03:27:17,727] >> epoch 5/950000, average cost 274.956024
[2016-11-22 03:29:02,251] >> epoch 5/960000, average cost 274.852997
[2016-11-22 03:31:43,020] >> epoch 5/970000, average cost 274.991089
[2016-11-22 03:32:44,143] >> epoch 5/980000, average cost 275.189026
[2016-11-22 03:34:01,123] >> epoch 5/990000, average cost 274.774323
[2016-11-22 03:35:14,088] >> epoch 5/1000000, average cost 274.687836
[2016-11-22 03:37:36,677] >> epoch 5/1010000, average cost 274.527435
[2016-11-22 03:39:11,864] >> epoch 5/1020000, average cost 274.975464
[2016-11-22 03:41:37,764] >> epoch 5/1030000, average cost 274.738861
[2016-11-22 03:43:14,631] >> epoch 5/1040000, average cost 274.350616
[2016-11-22 03:45:04,405] >> epoch 5/1050000, average cost 274.551788
[2016-11-22 03:46:07,023] >> epoch 5/1060000, average cost 275.003418
[2016-11-22 03:47:27,715] >> epoch 5/1070000, average cost 274.594086
[2016-11-22 03:48:30,685] >> epoch 5/1080000, average cost 274.712097
[2016-11-22 03:49:49,925] >> epoch 5/1090000, average cost 275.337402
[2016-11-22 03:50:52,468] >> epoch 5/1100000, average cost 274.978882
[2016-11-22 03:50:56,379] >> epoch 6/1100844, average cost 274.858704
[2016-11-22 03:54:13,643] >> epoch 6/1120000, average cost 274.912048
[2016-11-22 03:56:23,836] >> epoch 6/1130000, average cost 275.099457
[2016-11-22 03:58:28,242] >> epoch 6/1140000, average cost 274.874451
[2016-11-22 03:59:57,007] >> epoch 6/1150000, average cost 274.744293
[2016-11-22 04:02:42,171] >> epoch 6/1160000, average cost 275.152008
[2016-11-22 04:04:18,433] >> epoch 6/1170000, average cost 274.941071
[2016-11-22 04:06:50,058] >> epoch 6/1180000, average cost 274.472961
[2016-11-22 04:08:27,535] >> epoch 6/1190000, average cost 274.683014
[2016-11-22 04:10:24,365] >> epoch 6/1200000, average cost 274.652527
[2016-11-22 04:11:27,407] >> epoch 6/1210000, average cost 274.865387
[2016-11-22 04:12:47,972] >> epoch 6/1220000, average cost 274.656982
[2016-11-22 04:13:52,718] >> epoch 6/1230000, average cost 274.205444
[2016-11-22 04:15:26,542] >> epoch 6/1240000, average cost 274.729065
[2016-11-22 04:17:08,827] >> epoch 6/1250000, average cost 274.700806
[2016-11-22 04:19:29,647] >> epoch 6/1260000, average cost 274.786316
[2016-11-22 04:21:03,344] >> epoch 6/1270000, average cost 275.064667
[2016-11-22 04:23:13,477] >> epoch 6/1280000, average cost 275.027832
[2016-11-22 04:23:32,528] >> epoch 7/1284318, average cost 274.814728
[2016-11-22 04:28:14,467] >> epoch 7/1300000, average cost 274.923615
[2016-11-22 04:30:21,843] >> epoch 7/1310000, average cost 275.082001
[2016-11-22 04:33:22,859] >> epoch 7/1320000, average cost 274.756836
[2016-11-22 04:35:38,246] >> epoch 7/1330000, average cost 274.640381
[2016-11-22 04:37:04,886] >> epoch 7/1340000, average cost 275.077087
[2016-11-22 04:38:28,723] >> epoch 7/1350000, average cost 275.086792
[2016-11-22 04:39:32,639] >> epoch 7/1360000, average cost 274.450714
[2016-11-22 04:41:00,859] >> epoch 7/1370000, average cost 274.733276
[2016-11-22 04:42:07,839] >> epoch 7/1380000, average cost 274.386993
[2016-11-22 04:43:25,093] >> epoch 7/1390000, average cost 274.962616
[2016-11-22 04:44:32,299] >> epoch 7/1400000, average cost 274.669037
[2016-11-22 04:46:04,745] >> epoch 7/1410000, average cost 274.064545
[2016-11-22 04:47:40,741] >> epoch 7/1420000, average cost 274.546356
[2016-11-22 04:49:50,156] >> epoch 7/1430000, average cost 274.899658
[2016-11-22 04:51:22,764] >> epoch 7/1440000, average cost 274.615234
[2016-11-22 04:52:44,756] >> epoch 7/1450000, average cost 274.740814
[2016-11-22 04:53:50,807] >> epoch 7/1460000, average cost 275.192749
[2016-11-22 04:54:40,334] >> epoch 8/1467792, average cost 274.767883
[2016-11-22 04:57:48,136] >> epoch 8/1480000, average cost 274.944305
[2016-11-22 05:00:27,465] >> epoch 8/1490000, average cost 274.894135
[2016-11-22 05:02:14,052] >> epoch 8/1500000, average cost 274.859619
[2016-11-22 05:05:09,793] >> epoch 8/1510000, average cost 274.722717
[2016-11-22 05:07:57,893] >> epoch 8/1520000, average cost 274.833191
[2016-11-22 05:09:36,060] >> epoch 8/1530000, average cost 275.061615
[2016-11-22 05:11:45,611] >> epoch 8/1540000, average cost 274.677643
[2016-11-22 05:13:27,517] >> epoch 8/1550000, average cost 274.530670
[2016-11-22 05:15:02,479] >> epoch 8/1560000, average cost 274.402283
[2016-11-22 05:16:04,186] >> epoch 8/1570000, average cost 274.824921
[2016-11-22 05:17:26,248] >> epoch 8/1580000, average cost 274.623810
[2016-11-22 05:18:33,983] >> epoch 8/1590000, average cost 274.263123
[2016-11-22 05:21:09,143] >> epoch 8/1600000, average cost 274.385590
[2016-11-22 05:22:51,687] >> epoch 8/1610000, average cost 274.848419
[2016-11-22 05:25:11,884] >> epoch 8/1620000, average cost 274.473999
[2016-11-22 05:26:18,366] >> epoch 8/1630000, average cost 274.610809
[2016-11-22 05:27:46,836] >> epoch 8/1640000, average cost 275.183289
[2016-11-22 05:28:46,910] >> epoch 8/1650000, average cost 274.849487
[2016-11-22 05:28:52,556] >> epoch 9/1651266, average cost 274.727570
[2016-11-22 05:33:14,584] >> epoch 9/1670000, average cost 274.801147
[2016-11-22 05:35:32,431] >> epoch 9/1680000, average cost 274.982147
[2016-11-22 05:36:55,687] >> epoch 9/1690000, average cost 274.727631
[2016-11-22 05:39:08,784] >> epoch 9/1700000, average cost 274.611084
[2016-11-22 05:41:17,060] >> epoch 9/1710000, average cost 275.019623
[2016-11-22 05:42:59,317] >> epoch 9/1720000, average cost 274.831360
[2016-11-22 05:45:22,491] >> epoch 9/1730000, average cost 274.334167
[2016-11-22 05:47:01,799] >> epoch 9/1740000, average cost 274.582123
[2016-11-22 05:49:26,039] >> epoch 9/1750000, average cost 274.493500
[2016-11-22 05:50:45,383] >> epoch 9/1760000, average cost 274.799103
[2016-11-22 05:52:05,507] >> epoch 9/1770000, average cost 274.540588
[2016-11-22 05:53:10,863] >> epoch 9/1780000, average cost 274.067810
[2016-11-22 05:54:26,912] >> epoch 9/1790000, average cost 274.590912
[2016-11-22 05:55:29,308] >> epoch 9/1800000, average cost 274.614563
[2016-11-22 05:56:38,495] >> epoch 9/1810000, average cost 274.635590
[2016-11-22 05:57:41,924] >> epoch 9/1820000, average cost 274.923065
[2016-11-22 05:59:01,102] >> epoch 9/1830000, average cost 274.947937
[2016-11-22 05:59:21,630] >> epoch 10/1834740, average cost 274.691925
[2016-11-22 06:03:11,312] >> epoch 10/1850000, average cost 274.824188
[2016-11-22 06:05:10,341] >> epoch 10/1860000, average cost 274.952789
[2016-11-22 06:08:17,838] >> epoch 10/1870000, average cost 274.668640
[2016-11-22 06:10:10,165] >> epoch 10/1880000, average cost 274.529053
[2016-11-22 06:13:05,018] >> epoch 10/1890000, average cost 274.946472
[2016-11-22 06:15:23,304] >> epoch 10/1900000, average cost 274.997894
[2016-11-22 06:16:45,365] >> epoch 10/1910000, average cost 274.342896
[2016-11-22 06:19:05,730] >> epoch 10/1920000, average cost 274.622925
[2016-11-22 06:20:42,610] >> epoch 10/1930000, average cost 274.269409
[2016-11-22 06:22:06,958] >> epoch 10/1940000, average cost 274.862335
[2016-11-22 06:23:08,095] >> epoch 10/1950000, average cost 274.525177
[2016-11-22 06:24:30,783] >> epoch 10/1960000, average cost 273.973877
[2016-11-22 06:25:32,156] >> epoch 10/1970000, average cost 274.430054
[2016-11-22 06:26:45,648] >> epoch 10/1980000, average cost 274.807190
[2016-11-22 06:28:14,744] >> epoch 10/1990000, average cost 274.494965
[2016-11-22 06:30:29,111] >> epoch 10/2000000, average cost 274.613525
[2016-11-22 06:30:29,126] >> epoch 11/2000000, average cost 274.626709
[2016-11-22 06:30:29,142] >> Training finished in 6:34:23.774207
[2016-11-22 06:31:25,263] >> Loading model
[2016-11-22 06:31:25,782] >> Loading datasets
[2016-11-22 06:31:25,802] >> Reconstruction training started with arguments:
{'activation_noise': None,
 'adadelta': False,
 'adadelta_epsilon': '1e-6',
 'adadelta_rho': '0.95',
 'adagrad': False,
 'adagrad_decay': False,
 'batch_size': 128,
 'ce_sparsity': 0.01,
 'ce_sparsity_weight': 0.0,
 'compound': False,
 'corruption_level': 0.2,
 'datasets': (DatasetContainer [PFileStreamDataset@/export/data1/data/ddraper/train.4.pfile],
              DatasetContainer [],
              DatasetContainer []),
 'epochs': 50,
 'fix_layers': [],
 'graph': False,
 'hooks': [],
 'l1_reg': '0.0',
 'l2_reg': '0.0',
 'layer_args': {1: {}, 2: {}},
 'layers': [3],
 'learning_rate': '0.01',
 'loss': 'crossentropy',
 'minibatches': 2000000,
 'momentum': '',
 'noise': 'mask',
 'sparsity': 0.05,
 'sparsity_weight': 0.0,
 'validate': False,
 'verbosity': 1,
 'warn': False}
[2016-11-22 06:31:25,802] >> Reconstruction training started with da:
{'hidden_activation': u'sigmoid',
 'n_hidden': 1000,
 'n_visible': 1000,
 'tied_weights': True,
 'visible_activation': u'sigmoid'}
[2016-11-22 06:31:25,802] >> Compiling theano graph
Using gpu device 0: Tesla M2075 (CNMeM is disabled, cuDNN not available)
[2016-11-22 06:32:51,802] >> Training started
[2016-11-22 06:34:39,066] >> epoch 0/10000, average cost 503.177887
[2016-11-22 06:37:40,297] >> epoch 0/20000, average cost 496.566498
[2016-11-22 06:39:36,585] >> epoch 0/30000, average cost 495.312012
[2016-11-22 06:42:40,366] >> epoch 0/40000, average cost 494.829590
[2016-11-22 06:44:13,317] >> epoch 0/50000, average cost 494.456604
[2016-11-22 06:46:03,201] >> epoch 0/60000, average cost 494.226959
[2016-11-22 06:47:12,799] >> epoch 0/70000, average cost 494.119110
[2016-11-22 06:48:38,023] >> epoch 0/80000, average cost 494.071686
[2016-11-22 06:49:47,344] >> epoch 0/90000, average cost 493.898956
[2016-11-22 06:51:12,946] >> epoch 0/100000, average cost 493.777100
[2016-11-22 06:52:22,909] >> epoch 0/110000, average cost 493.829498
[2016-11-22 06:53:48,419] >> epoch 0/120000, average cost 493.685608
[2016-11-22 06:54:58,911] >> epoch 0/130000, average cost 493.619598
[2016-11-22 06:56:27,137] >> epoch 0/140000, average cost 493.507599
[2016-11-22 06:57:46,764] >> epoch 0/150000, average cost 493.407898
[2016-11-22 06:58:54,794] >> epoch 0/160000, average cost 493.334412
[2016-11-22 07:00:07,559] >> epoch 0/170000, average cost 493.209900
[2016-11-22 07:01:14,543] >> epoch 0/180000, average cost 493.205994
[2016-11-22 07:01:31,393] >> epoch 1/183474, average cost 494.542084
[2016-11-22 07:04:46,980] >> epoch 1/200000, average cost 492.932007
[2016-11-22 07:07:00,564] >> epoch 1/210000, average cost 492.881348
[2016-11-22 07:08:20,813] >> epoch 1/220000, average cost 492.780090
[2016-11-22 07:10:31,138] >> epoch 1/230000, average cost 492.749512
[2016-11-22 07:12:02,256] >> epoch 1/240000, average cost 492.539886
[2016-11-22 07:13:31,102] >> epoch 1/250000, average cost 492.491608
[2016-11-22 07:14:44,836] >> epoch 1/260000, average cost 492.579193
[2016-11-22 07:16:06,518] >> epoch 1/270000, average cost 492.439148
[2016-11-22 07:17:19,358] >> epoch 1/280000, average cost 492.349213
[2016-11-22 07:18:47,296] >> epoch 1/290000, average cost 492.384308
[2016-11-22 07:19:58,761] >> epoch 1/300000, average cost 492.374908
[2016-11-22 07:21:27,440] >> epoch 1/310000, average cost 492.342957
[2016-11-22 07:22:38,883] >> epoch 1/320000, average cost 492.292603
[2016-11-22 07:24:04,547] >> epoch 1/330000, average cost 492.193787
[2016-11-22 07:25:31,307] >> epoch 1/340000, average cost 492.190399
[2016-11-22 07:26:42,178] >> epoch 1/350000, average cost 492.147949
[2016-11-22 07:28:11,715] >> epoch 1/360000, average cost 492.155090
[2016-11-22 07:28:46,303] >> epoch 2/366948, average cost 492.465210
[2016-11-22 07:31:52,932] >> epoch 2/380000, average cost 491.966858
[2016-11-22 07:33:23,856] >> epoch 2/390000, average cost 491.994385
[2016-11-22 07:35:24,930] >> epoch 2/400000, average cost 491.911438
[2016-11-22 07:36:49,540] >> epoch 2/410000, average cost 491.979858
[2016-11-22 07:38:49,669] >> epoch 2/420000, average cost 491.793945
[2016-11-22 07:39:52,376] >> epoch 2/430000, average cost 491.760345
[2016-11-22 07:41:18,520] >> epoch 2/440000, average cost 491.866943
[2016-11-22 07:42:27,018] >> epoch 2/450000, average cost 491.823212
[2016-11-22 07:43:49,003] >> epoch 2/460000, average cost 491.753601
[2016-11-22 07:44:58,685] >> epoch 2/470000, average cost 491.737305
[2016-11-22 07:46:21,995] >> epoch 2/480000, average cost 491.863342
[2016-11-22 07:47:31,652] >> epoch 2/490000, average cost 491.808044
[2016-11-22 07:48:58,155] >> epoch 2/500000, average cost 491.778015
[2016-11-22 07:50:08,099] >> epoch 2/510000, average cost 491.720154
[2016-11-22 07:51:26,720] >> epoch 2/520000, average cost 491.749542
[2016-11-22 07:52:48,344] >> epoch 2/530000, average cost 491.736786
[2016-11-22 07:53:56,597] >> epoch 2/540000, average cost 491.692047
[2016-11-22 07:55:06,222] >> epoch 2/550000, average cost 491.737488
[2016-11-22 07:55:08,319] >> epoch 3/550422, average cost 491.817780
[2016-11-22 07:59:07,904] >> epoch 3/570000, average cost 491.610809
[2016-11-22 08:00:34,707] >> epoch 3/580000, average cost 491.596039
[2016-11-22 08:02:41,629] >> epoch 3/590000, average cost 491.618195
[2016-11-22 08:04:05,900] >> epoch 3/600000, average cost 491.539093
[2016-11-22 08:05:51,361] >> epoch 3/610000, average cost 491.457062
[2016-11-22 08:07:01,000] >> epoch 3/620000, average cost 491.495209
[2016-11-22 08:08:18,951] >> epoch 3/630000, average cost 491.581940
[2016-11-22 08:09:29,642] >> epoch 3/640000, average cost 491.482544
[2016-11-22 08:10:47,823] >> epoch 3/650000, average cost 491.456696
[2016-11-22 08:11:57,694] >> epoch 3/660000, average cost 491.582001
[2016-11-22 08:13:25,454] >> epoch 3/670000, average cost 491.543304
[2016-11-22 08:14:33,228] >> epoch 3/680000, average cost 491.552399
[2016-11-22 08:16:03,721] >> epoch 3/690000, average cost 491.528503
[2016-11-22 08:17:15,827] >> epoch 3/700000, average cost 491.490692
[2016-11-22 08:18:32,319] >> epoch 3/710000, average cost 491.506989
[2016-11-22 08:19:52,110] >> epoch 3/720000, average cost 491.456940
[2016-11-22 08:21:02,144] >> epoch 3/730000, average cost 491.529938
[2016-11-22 08:21:21,381] >> epoch 4/733896, average cost 491.533875
[2016-11-22 08:24:37,132] >> epoch 4/750000, average cost 491.403656
[2016-11-22 08:26:35,403] >> epoch 4/760000, average cost 491.421600
[2016-11-22 08:27:58,925] >> epoch 4/770000, average cost 491.385742
[2016-11-22 08:30:13,267] >> epoch 4/780000, average cost 491.425964
[2016-11-22 08:31:45,618] >> epoch 4/790000, average cost 491.257263
[2016-11-22 08:33:16,315] >> epoch 4/800000, average cost 491.253815
[2016-11-22 08:34:28,472] >> epoch 4/810000, average cost 491.422791
[2016-11-22 08:35:51,810] >> epoch 4/820000, average cost 491.323639
[2016-11-22 08:37:03,938] >> epoch 4/830000, average cost 491.294159
[2016-11-22 08:38:33,867] >> epoch 4/840000, average cost 491.353699
[2016-11-22 08:39:49,363] >> epoch 4/850000, average cost 491.405487
[2016-11-22 08:41:12,040] >> epoch 4/860000, average cost 491.412109
[2016-11-22 08:42:24,025] >> epoch 4/870000, average cost 491.386810
[2016-11-22 08:43:54,744] >> epoch 4/880000, average cost 491.314697
[2016-11-22 08:45:13,156] >> epoch 4/890000, average cost 491.351990
[2016-11-22 08:46:33,558] >> epoch 4/900000, average cost 491.347748
[2016-11-22 08:48:06,082] >> epoch 4/910000, average cost 491.363892
[2016-11-22 08:48:42,662] >> epoch 5/917370, average cost 491.360748
[2016-11-22 08:51:12,498] >> epoch 5/930000, average cost 491.237488
[2016-11-22 08:53:13,696] >> epoch 5/940000, average cost 491.278290
[2016-11-22 08:55:17,110] >> epoch 5/950000, average cost 491.242188
[2016-11-22 08:56:41,905] >> epoch 5/960000, average cost 491.321136
[2016-11-22 08:58:45,825] >> epoch 5/970000, average cost 491.161957
[2016-11-22 08:59:57,468] >> epoch 5/980000, average cost 491.142395
[2016-11-22 09:01:24,276] >> epoch 5/990000, average cost 491.251007
[2016-11-22 09:02:34,669] >> epoch 5/1000000, average cost 491.235809
[2016-11-22 09:04:01,061] >> epoch 5/1010000, average cost 491.191986
[2016-11-22 09:05:12,395] >> epoch 5/1020000, average cost 491.179840
[2016-11-22 09:06:38,041] >> epoch 5/1030000, average cost 491.318298
[2016-11-22 09:07:50,535] >> epoch 5/1040000, average cost 491.280151
[2016-11-22 09:09:17,442] >> epoch 5/1050000, average cost 491.270111
[2016-11-22 09:10:29,023] >> epoch 5/1060000, average cost 491.225555
[2016-11-22 09:11:58,088] >> epoch 5/1070000, average cost 491.252014
[2016-11-22 09:13:09,788] >> epoch 5/1080000, average cost 491.266144
[2016-11-22 09:14:33,340] >> epoch 5/1090000, average cost 491.223938
[2016-11-22 09:15:40,241] >> epoch 5/1100000, average cost 491.278442
[2016-11-22 09:15:44,853] >> epoch 6/1100844, average cost 491.242371
[2016-11-22 09:19:12,541] >> epoch 6/1120000, average cost 491.173492
[2016-11-22 09:21:17,437] >> epoch 6/1130000, average cost 491.182587
[2016-11-22 09:23:22,774] >> epoch 6/1140000, average cost 491.198608
[2016-11-22 09:24:53,384] >> epoch 6/1150000, average cost 491.142365
[2016-11-22 09:26:38,616] >> epoch 6/1160000, average cost 491.058838
[2016-11-22 09:27:48,650] >> epoch 6/1170000, average cost 491.101044
[2016-11-22 09:29:18,079] >> epoch 6/1180000, average cost 491.202911
[2016-11-22 09:30:30,421] >> epoch 6/1190000, average cost 491.108795
[2016-11-22 09:31:55,810] >> epoch 6/1200000, average cost 491.092712
[2016-11-22 09:33:06,906] >> epoch 6/1210000, average cost 491.220001
[2016-11-22 09:34:36,739] >> epoch 6/1220000, average cost 491.196411
[2016-11-22 09:35:48,500] >> epoch 6/1230000, average cost 491.223938
[2016-11-22 09:37:07,381] >> epoch 6/1240000, average cost 491.188660
[2016-11-22 09:38:23,872] >> epoch 6/1250000, average cost 491.161896
[2016-11-22 09:39:48,693] >> epoch 6/1260000, average cost 491.184906
[2016-11-22 09:41:02,288] >> epoch 6/1270000, average cost 491.150909
[2016-11-22 09:42:28,240] >> epoch 6/1280000, average cost 491.229156
[2016-11-22 09:42:50,002] >> epoch 7/1284318, average cost 491.165405
[2016-11-22 09:45:59,124] >> epoch 7/1300000, average cost 491.101593
[2016-11-22 09:47:23,482] >> epoch 7/1310000, average cost 491.135315
[2016-11-22 09:49:24,627] >> epoch 7/1320000, average cost 491.100098
[2016-11-22 09:51:28,290] >> epoch 7/1330000, average cost 491.163849
[2016-11-22 09:52:52,038] >> epoch 7/1340000, average cost 490.975891
[2016-11-22 09:54:12,677] >> epoch 7/1350000, average cost 490.987396
[2016-11-22 09:55:19,300] >> epoch 7/1360000, average cost 491.160065
[2016-11-22 09:56:44,400] >> epoch 7/1370000, average cost 491.075043
[2016-11-22 09:57:50,442] >> epoch 7/1380000, average cost 491.045258
[2016-11-22 09:59:08,220] >> epoch 7/1390000, average cost 491.098206
[2016-11-22 10:00:15,990] >> epoch 7/1400000, average cost 491.160248
[2016-11-22 10:01:34,744] >> epoch 7/1410000, average cost 491.179413
[2016-11-22 10:02:42,643] >> epoch 7/1420000, average cost 491.152313
[2016-11-22 10:04:06,137] >> epoch 7/1430000, average cost 491.084351
[2016-11-22 10:05:18,419] >> epoch 7/1440000, average cost 491.130157
[2016-11-22 10:06:35,371] >> epoch 7/1450000, average cost 491.129059
[2016-11-22 10:07:45,631] >> epoch 7/1460000, average cost 491.146515
[2016-11-22 10:08:40,329] >> epoch 8/1467792, average cost 491.108154
[2016-11-22 10:11:06,593] >> epoch 8/1480000, average cost 491.026794
[2016-11-22 10:13:02,995] >> epoch 8/1490000, average cost 491.075653
[2016-11-22 10:14:29,740] >> epoch 8/1500000, average cost 491.044312
[2016-11-22 10:16:26,850] >> epoch 8/1510000, average cost 491.120758
[2016-11-22 10:18:26,509] >> epoch 8/1520000, average cost 490.972687
[2016-11-22 10:19:34,710] >> epoch 8/1530000, average cost 490.956512
[2016-11-22 10:20:56,309] >> epoch 8/1540000, average cost 491.057953
[2016-11-22 10:22:03,646] >> epoch 8/1550000, average cost 491.058014
[2016-11-22 10:23:29,768] >> epoch 8/1560000, average cost 491.014801
[2016-11-22 10:24:39,865] >> epoch 8/1570000, average cost 491.001251
[2016-11-22 10:25:58,727] >> epoch 8/1580000, average cost 491.143951
[2016-11-22 10:27:08,430] >> epoch 8/1590000, average cost 491.105011
[2016-11-22 10:28:33,880] >> epoch 8/1600000, average cost 491.102509
[2016-11-22 10:29:42,836] >> epoch 8/1610000, average cost 491.059692
[2016-11-22 10:31:04,831] >> epoch 8/1620000, average cost 491.090698
[2016-11-22 10:32:12,899] >> epoch 8/1630000, average cost 491.101837
[2016-11-22 10:33:34,997] >> epoch 8/1640000, average cost 491.065247
[2016-11-22 10:34:41,448] >> epoch 8/1650000, average cost 491.120605
[2016-11-22 10:34:48,748] >> epoch 9/1651266, average cost 491.062439
[2016-11-22 10:38:15,862] >> epoch 9/1670000, average cost 491.019287
[2016-11-22 10:40:21,747] >> epoch 9/1680000, average cost 491.031006
[2016-11-22 10:41:48,494] >> epoch 9/1690000, average cost 491.043213
[2016-11-22 10:43:56,120] >> epoch 9/1700000, average cost 491.005005
[2016-11-22 10:45:45,484] >> epoch 9/1710000, average cost 490.913086
[2016-11-22 10:46:58,313] >> epoch 9/1720000, average cost 490.940338
[2016-11-22 10:48:21,910] >> epoch 9/1730000, average cost 491.069946
[2016-11-22 10:49:35,944] >> epoch 9/1740000, average cost 490.964111
[2016-11-22 10:51:03,471] >> epoch 9/1750000, average cost 490.951691
[2016-11-22 10:52:16,166] >> epoch 9/1760000, average cost 491.079956
[2016-11-22 10:53:41,901] >> epoch 9/1770000, average cost 491.054962
[2016-11-22 10:54:54,674] >> epoch 9/1780000, average cost 491.080658
[2016-11-22 10:56:22,263] >> epoch 9/1790000, average cost 491.063263
[2016-11-22 10:57:33,056] >> epoch 9/1800000, average cost 491.025146
[2016-11-22 10:58:57,722] >> epoch 9/1810000, average cost 491.052246
[2016-11-22 11:00:11,643] >> epoch 9/1820000, average cost 491.027252
[2016-11-22 11:01:38,767] >> epoch 9/1830000, average cost 491.096741
[2016-11-22 11:02:02,044] >> epoch 10/1834740, average cost 491.023773
[2016-11-22 11:05:18,105] >> epoch 10/1850000, average cost 490.966492
[2016-11-22 11:06:46,200] >> epoch 10/1860000, average cost 491.020111
[2016-11-22 11:08:50,538] >> epoch 10/1870000, average cost 490.974396
[2016-11-22 11:10:18,924] >> epoch 10/1880000, average cost 491.040039
[2016-11-22 11:12:31,620] >> epoch 10/1890000, average cost 490.864288
[2016-11-22 11:13:59,779] >> epoch 10/1900000, average cost 490.858612
[2016-11-22 11:15:10,737] >> epoch 10/1910000, average cost 491.045593
[2016-11-22 11:16:34,303] >> epoch 10/1920000, average cost 490.957306
[2016-11-22 11:17:43,468] >> epoch 10/1930000, average cost 490.931854
[2016-11-22 11:19:08,153] >> epoch 10/1940000, average cost 490.975555
[2016-11-22 11:20:18,525] >> epoch 10/1950000, average cost 491.063751
[2016-11-22 11:21:44,872] >> epoch 10/1960000, average cost 491.064697
[2016-11-22 11:22:57,386] >> epoch 10/1970000, average cost 491.038910
[2016-11-22 11:24:26,501] >> epoch 10/1980000, average cost 490.979004
[2016-11-22 11:25:40,103] >> epoch 10/1990000, average cost 491.028046
[2016-11-22 11:27:00,618] >> epoch 10/2000000, average cost 491.030396
[2016-11-22 11:27:00,654] >> epoch 11/2000000, average cost 490.987976
[2016-11-22 11:27:00,678] >> Training finished in 4:54:08.875098
[2016-11-22 11:27:35,697] >> Loading model
[2016-11-22 11:27:36,154] >> Loading datasets
[2016-11-22 11:27:36,180] >> Reconstruction training started with arguments:
{'activation_noise': None,
 'adadelta': False,
 'adadelta_epsilon': '1e-6',
 'adadelta_rho': '0.95',
 'adagrad': False,
 'adagrad_decay': False,
 'batch_size': 128,
 'ce_sparsity': 0.01,
 'ce_sparsity_weight': 0.0,
 'compound': False,
 'corruption_level': 0.2,
 'datasets': (DatasetContainer [PFileStreamDataset@/export/data1/data/ddraper/train.4.pfile],
              DatasetContainer [],
              DatasetContainer []),
 'epochs': 50,
 'fix_layers': [],
 'graph': False,
 'hooks': [],
 'l1_reg': '0.0',
 'l2_reg': '0.0',
 'layer_args': {1: {}, 2: {}, 3: {}},
 'layers': [4],
 'learning_rate': '0.01',
 'loss': 'crossentropy',
 'minibatches': 2000000,
 'momentum': '',
 'noise': 'mask',
 'sparsity': 0.05,
 'sparsity_weight': 0.0,
 'validate': False,
 'verbosity': 1,
 'warn': False}
[2016-11-22 11:27:36,180] >> Reconstruction training started with da:
{'hidden_activation': u'sigmoid',
 'n_hidden': 1000,
 'n_visible': 1000,
 'tied_weights': True,
 'visible_activation': u'sigmoid'}
[2016-11-22 11:27:36,180] >> Compiling theano graph
Using gpu device 0: Tesla M2075 (CNMeM is disabled, cuDNN not available)
[2016-11-22 11:28:46,595] >> Training started
[2016-11-22 11:30:08,733] >> epoch 0/10000, average cost 98.578911
[2016-11-22 11:32:09,789] >> epoch 0/20000, average cost 94.766815
[2016-11-22 11:33:34,450] >> epoch 0/30000, average cost 94.364288
[2016-11-22 11:35:37,641] >> epoch 0/40000, average cost 93.920097
[2016-11-22 11:37:07,658] >> epoch 0/50000, average cost 93.758286
[2016-11-22 11:38:55,996] >> epoch 0/60000, average cost 93.915939
[2016-11-22 11:40:11,986] >> epoch 0/70000, average cost 93.595596
[2016-11-22 11:41:34,804] >> epoch 0/80000, average cost 93.195572
[2016-11-22 11:42:51,015] >> epoch 0/90000, average cost 93.281448
[2016-11-22 11:44:18,912] >> epoch 0/100000, average cost 93.298920
[2016-11-22 11:45:34,180] >> epoch 0/110000, average cost 93.265823
[2016-11-22 11:46:58,209] >> epoch 0/120000, average cost 93.032486
[2016-11-22 11:48:16,797] >> epoch 0/130000, average cost 92.741058
[2016-11-22 11:49:43,960] >> epoch 0/140000, average cost 93.070801
[2016-11-22 11:51:08,955] >> epoch 0/150000, average cost 92.961685
[2016-11-22 11:52:21,463] >> epoch 0/160000, average cost 93.085175
[2016-11-22 11:53:42,042] >> epoch 0/170000, average cost 93.248924
[2016-11-22 11:54:55,371] >> epoch 0/180000, average cost 93.118263
[2016-11-22 11:55:14,367] >> epoch 1/183474, average cost 93.720154
[2016-11-22 11:58:31,952] >> epoch 1/200000, average cost 93.067322
[2016-11-22 12:00:28,720] >> epoch 1/210000, average cost 93.163139
[2016-11-22 12:01:53,999] >> epoch 1/220000, average cost 92.949165
[2016-11-22 12:03:58,061] >> epoch 1/230000, average cost 92.797836
[2016-11-22 12:05:29,047] >> epoch 1/240000, average cost 93.182938
[2016-11-22 12:06:59,818] >> epoch 1/250000, average cost 93.098892
[2016-11-22 12:08:13,911] >> epoch 1/260000, average cost 92.576485
[2016-11-22 12:09:40,135] >> epoch 1/270000, average cost 92.852913
[2016-11-22 12:10:53,924] >> epoch 1/280000, average cost 92.649841
[2016-11-22 12:12:25,534] >> epoch 1/290000, average cost 92.985748
[2016-11-22 12:13:43,871] >> epoch 1/300000, average cost 92.801582
[2016-11-22 12:15:07,759] >> epoch 1/310000, average cost 92.243118
[2016-11-22 12:16:24,201] >> epoch 1/320000, average cost 92.549721
[2016-11-22 12:17:55,393] >> epoch 1/330000, average cost 92.904190
[2016-11-22 12:19:18,979] >> epoch 1/340000, average cost 92.773560
[2016-11-22 12:20:34,083] >> epoch 1/350000, average cost 92.767464
[2016-11-22 12:22:02,226] >> epoch 1/360000, average cost 92.998787
[2016-11-22 12:22:40,022] >> epoch 2/366948, average cost 92.855217
[2016-11-22 12:25:38,406] >> epoch 2/380000, average cost 92.889336
[2016-11-22 12:27:05,021] >> epoch 2/390000, average cost 92.870155
[2016-11-22 12:29:08,293] >> epoch 2/400000, average cost 92.794510
[2016-11-22 12:30:39,051] >> epoch 2/410000, average cost 92.646202
[2016-11-22 12:32:40,827] >> epoch 2/420000, average cost 92.856613
[2016-11-22 12:33:55,900] >> epoch 2/430000, average cost 92.957977
[2016-11-22 12:35:21,612] >> epoch 2/440000, average cost 92.564804
[2016-11-22 12:36:36,287] >> epoch 2/450000, average cost 92.546753
[2016-11-22 12:38:03,671] >> epoch 2/460000, average cost 92.445381
[2016-11-22 12:39:17,303] >> epoch 2/470000, average cost 92.765251
[2016-11-22 12:40:44,666] >> epoch 2/480000, average cost 92.570328
[2016-11-22 12:42:00,911] >> epoch 2/490000, average cost 92.211395
[2016-11-22 12:43:33,423] >> epoch 2/500000, average cost 92.339188
[2016-11-22 12:44:51,580] >> epoch 2/510000, average cost 92.761406
[2016-11-22 12:46:10,552] >> epoch 2/520000, average cost 92.407112
[2016-11-22 12:47:37,336] >> epoch 2/530000, average cost 92.490372
[2016-11-22 12:48:50,224] >> epoch 2/540000, average cost 92.910187
[2016-11-22 12:49:59,655] >> epoch 2/550000, average cost 92.639610
[2016-11-22 12:50:01,924] >> epoch 3/550422, average cost 92.653542
[2016-11-22 12:54:12,425] >> epoch 3/570000, average cost 92.615738
[2016-11-22 12:55:40,856] >> epoch 3/580000, average cost 92.763290
[2016-11-22 12:57:45,859] >> epoch 3/590000, average cost 92.534103
[2016-11-22 12:59:19,589] >> epoch 3/600000, average cost 92.510780
[2016-11-22 13:00:58,545] >> epoch 3/610000, average cost 92.798622
[2016-11-22 13:02:12,409] >> epoch 3/620000, average cost 92.586922
[2016-11-22 13:03:40,674] >> epoch 3/630000, average cost 92.215363
[2016-11-22 13:04:56,140] >> epoch 3/640000, average cost 92.425407
[2016-11-22 13:06:17,101] >> epoch 3/650000, average cost 92.437263
[2016-11-22 13:07:31,324] >> epoch 3/660000, average cost 92.514984
[2016-11-22 13:09:02,552] >> epoch 3/670000, average cost 92.324371
[2016-11-22 13:10:18,472] >> epoch 3/680000, average cost 92.007851
[2016-11-22 13:11:38,435] >> epoch 3/690000, average cost 92.373772
[2016-11-22 13:12:55,600] >> epoch 3/700000, average cost 92.336197
[2016-11-22 13:14:16,568] >> epoch 3/710000, average cost 92.473068
[2016-11-22 13:15:46,243] >> epoch 3/720000, average cost 92.623123
[2016-11-22 13:16:57,708] >> epoch 3/730000, average cost 92.532784
[2016-11-22 13:17:18,850] >> epoch 4/733896, average cost 92.488274
[2016-11-22 13:20:29,447] >> epoch 4/750000, average cost 92.488564
[2016-11-22 13:22:28,114] >> epoch 4/760000, average cost 92.621353
[2016-11-22 13:23:56,132] >> epoch 4/770000, average cost 92.382622
[2016-11-22 13:26:01,152] >> epoch 4/780000, average cost 92.257507
[2016-11-22 13:27:30,168] >> epoch 4/790000, average cost 92.646378
[2016-11-22 13:28:58,134] >> epoch 4/800000, average cost 92.577957
[2016-11-22 13:30:09,372] >> epoch 4/810000, average cost 92.045265
[2016-11-22 13:31:36,287] >> epoch 4/820000, average cost 92.332108
[2016-11-22 13:32:48,536] >> epoch 4/830000, average cost 92.119492
[2016-11-22 13:34:07,349] >> epoch 4/840000, average cost 92.457428
[2016-11-22 13:35:18,280] >> epoch 4/850000, average cost 92.282539
[2016-11-22 13:36:47,201] >> epoch 4/860000, average cost 91.727303
[2016-11-22 13:38:03,969] >> epoch 4/870000, average cost 92.039047
[2016-11-22 13:39:23,613] >> epoch 4/880000, average cost 92.399055
[2016-11-22 13:40:39,467] >> epoch 4/890000, average cost 92.228241
[2016-11-22 13:42:07,887] >> epoch 4/900000, average cost 92.235359
[2016-11-22 13:43:37,032] >> epoch 4/910000, average cost 92.485786
[2016-11-22 13:44:17,925] >> epoch 5/917370, average cost 92.321724
[2016-11-22 13:46:50,799] >> epoch 5/930000, average cost 92.363243
[2016-11-22 13:48:53,956] >> epoch 5/940000, average cost 92.341377
[2016-11-22 13:50:56,985] >> epoch 5/950000, average cost 92.299103
[2016-11-22 13:52:25,283] >> epoch 5/960000, average cost 92.129890
[2016-11-22 13:54:26,336] >> epoch 5/970000, average cost 92.332268
[2016-11-22 13:55:42,240] >> epoch 5/980000, average cost 92.444603
[2016-11-22 13:57:13,495] >> epoch 5/990000, average cost 92.054733
[2016-11-22 13:58:30,225] >> epoch 5/1000000, average cost 92.002403
[2016-11-22 13:59:55,870] >> epoch 5/1010000, average cost 91.933266
[2016-11-22 14:01:12,496] >> epoch 5/1020000, average cost 92.244415
[2016-11-22 14:02:44,812] >> epoch 5/1030000, average cost 92.063438
[2016-11-22 14:03:58,580] >> epoch 5/1040000, average cost 91.746872
[2016-11-22 14:05:29,092] >> epoch 5/1050000, average cost 91.799927
[2016-11-22 14:06:47,075] >> epoch 5/1060000, average cost 92.196297
[2016-11-22 14:08:14,253] >> epoch 5/1070000, average cost 91.893097
[2016-11-22 14:09:31,931] >> epoch 5/1080000, average cost 91.985390
[2016-11-22 14:11:02,519] >> epoch 5/1090000, average cost 92.373833
[2016-11-22 14:12:10,637] >> epoch 5/1100000, average cost 92.126534
[2016-11-22 14:12:15,383] >> epoch 6/1100844, average cost 92.134491
[2016-11-22 14:15:53,293] >> epoch 6/1120000, average cost 92.078430
[2016-11-22 14:17:47,476] >> epoch 6/1130000, average cost 92.234665
[2016-11-22 14:19:58,866] >> epoch 6/1140000, average cost 92.033478
[2016-11-22 14:21:28,476] >> epoch 6/1150000, average cost 91.955101
[2016-11-22 14:23:17,662] >> epoch 6/1160000, average cost 92.269653
[2016-11-22 14:24:32,864] >> epoch 6/1170000, average cost 92.067146
[2016-11-22 14:25:57,507] >> epoch 6/1180000, average cost 91.678192
[2016-11-22 14:27:13,205] >> epoch 6/1190000, average cost 91.916954
[2016-11-22 14:28:41,732] >> epoch 6/1200000, average cost 91.889046
[2016-11-22 14:29:59,535] >> epoch 6/1210000, average cost 92.007347
[2016-11-22 14:31:26,714] >> epoch 6/1220000, average cost 91.837784
[2016-11-22 14:32:43,398] >> epoch 6/1230000, average cost 91.447594
[2016-11-22 14:34:15,908] >> epoch 6/1240000, average cost 91.819176
[2016-11-22 14:35:36,611] >> epoch 6/1250000, average cost 91.843483
[2016-11-22 14:37:01,949] >> epoch 6/1260000, average cost 91.929138
[2016-11-22 14:38:25,485] >> epoch 6/1270000, average cost 92.089447
[2016-11-22 14:39:46,287] >> epoch 6/1280000, average cost 92.026924
[2016-11-22 14:40:09,564] >> epoch 7/1284318, average cost 91.961868
[2016-11-22 14:43:25,026] >> epoch 7/1300000, average cost 91.986671
[2016-11-22 14:44:56,021] >> epoch 7/1310000, average cost 92.082771
[2016-11-22 14:46:55,391] >> epoch 7/1320000, average cost 91.873528
[2016-11-22 14:49:00,978] >> epoch 7/1330000, average cost 91.731689
[2016-11-22 14:50:27,292] >> epoch 7/1340000, average cost 92.139877
[2016-11-22 14:51:53,244] >> epoch 7/1350000, average cost 92.084801
[2016-11-22 14:53:04,725] >> epoch 7/1360000, average cost 91.579002
[2016-11-22 14:54:34,415] >> epoch 7/1370000, average cost 91.803673
[2016-11-22 14:55:47,949] >> epoch 7/1380000, average cost 91.609634
[2016-11-22 14:57:19,239] >> epoch 7/1390000, average cost 91.974007
[2016-11-22 14:58:35,487] >> epoch 7/1400000, average cost 91.763733
[2016-11-22 14:59:59,965] >> epoch 7/1410000, average cost 91.292816
[2016-11-22 15:01:16,641] >> epoch 7/1420000, average cost 91.547516
[2016-11-22 15:02:43,106] >> epoch 7/1430000, average cost 91.924866
[2016-11-22 15:04:00,465] >> epoch 7/1440000, average cost 91.745697
[2016-11-22 15:05:26,843] >> epoch 7/1450000, average cost 91.756485
[2016-11-22 15:06:42,964] >> epoch 7/1460000, average cost 92.037163
[2016-11-22 15:07:34,120] >> epoch 8/1467792, average cost 91.828163
[2016-11-22 15:09:58,257] >> epoch 8/1480000, average cost 91.921425
[2016-11-22 15:11:53,544] >> epoch 8/1490000, average cost 91.876945
[2016-11-22 15:13:29,927] >> epoch 8/1500000, average cost 91.869720
[2016-11-22 15:15:28,227] >> epoch 8/1510000, average cost 91.705414
[2016-11-22 15:17:27,940] >> epoch 8/1520000, average cost 91.860245
[2016-11-22 15:18:42,749] >> epoch 8/1530000, average cost 92.013161
[2016-11-22 15:20:12,681] >> epoch 8/1540000, average cost 91.655266
[2016-11-22 15:21:27,082] >> epoch 8/1550000, average cost 91.558372
[2016-11-22 15:22:56,031] >> epoch 8/1560000, average cost 91.529015
[2016-11-22 15:24:12,641] >> epoch 8/1570000, average cost 91.797028
[2016-11-22 15:25:43,767] >> epoch 8/1580000, average cost 91.658989
[2016-11-22 15:26:58,416] >> epoch 8/1590000, average cost 91.361679
[2016-11-22 15:28:26,004] >> epoch 8/1600000, average cost 91.399338
[2016-11-22 15:29:44,992] >> epoch 8/1610000, average cost 91.765297
[2016-11-22 15:31:07,100] >> epoch 8/1620000, average cost 91.513702
[2016-11-22 15:32:23,619] >> epoch 8/1630000, average cost 91.596878
[2016-11-22 15:33:55,965] >> epoch 8/1640000, average cost 91.974060
[2016-11-22 15:35:05,773] >> epoch 8/1650000, average cost 91.734787
[2016-11-22 15:35:12,885] >> epoch 9/1651266, average cost 91.714050
[2016-11-22 15:38:48,766] >> epoch 9/1670000, average cost 91.717278
[2016-11-22 15:40:52,473] >> epoch 9/1680000, average cost 91.854668
[2016-11-22 15:42:23,080] >> epoch 9/1690000, average cost 91.652809
[2016-11-22 15:44:25,850] >> epoch 9/1700000, average cost 91.566559
[2016-11-22 15:46:09,650] >> epoch 9/1710000, average cost 91.900444
[2016-11-22 15:47:24,843] >> epoch 9/1720000, average cost 91.724968
[2016-11-22 15:48:54,417] >> epoch 9/1730000, average cost 91.303337
[2016-11-22 15:50:12,556] >> epoch 9/1740000, average cost 91.560158
[2016-11-22 15:51:43,869] >> epoch 9/1750000, average cost 91.503044
[2016-11-22 15:53:00,755] >> epoch 9/1760000, average cost 91.670052
[2016-11-22 15:54:30,981] >> epoch 9/1770000, average cost 91.506439
[2016-11-22 15:55:47,483] >> epoch 9/1780000, average cost 91.064476
[2016-11-22 15:57:19,330] >> epoch 9/1790000, average cost 91.454407
[2016-11-22 15:58:39,112] >> epoch 9/1800000, average cost 91.522263
[2016-11-22 16:00:05,671] >> epoch 9/1810000, average cost 91.580193
[2016-11-22 16:01:23,529] >> epoch 9/1820000, average cost 91.705284
[2016-11-22 16:02:52,224] >> epoch 9/1830000, average cost 91.688606
[2016-11-22 16:03:18,556] >> epoch 10/1834740, average cost 91.598579
[2016-11-22 16:06:27,429] >> epoch 10/1850000, average cost 91.646385
[2016-11-22 16:08:04,133] >> epoch 10/1860000, average cost 91.734436
[2016-11-22 16:10:05,322] >> epoch 10/1870000, average cost 91.548882
[2016-11-22 16:11:38,628] >> epoch 10/1880000, average cost 91.405495
[2016-11-22 16:13:45,527] >> epoch 10/1890000, average cost 91.778793
[2016-11-22 16:15:15,877] >> epoch 10/1900000, average cost 91.769135
[2016-11-22 16:16:32,326] >> epoch 10/1910000, average cost 91.238678
[2016-11-22 16:18:05,178] >> epoch 10/1920000, average cost 91.478699
[2016-11-22 16:19:22,600] >> epoch 10/1930000, average cost 91.264046
[2016-11-22 16:20:51,290] >> epoch 10/1940000, average cost 91.640259
[2016-11-22 16:22:09,479] >> epoch 10/1950000, average cost 91.424400
[2016-11-22 16:23:37,717] >> epoch 10/1960000, average cost 90.961449
[2016-11-22 16:24:56,429] >> epoch 10/1970000, average cost 91.238388
[2016-11-22 16:26:23,607] >> epoch 10/1980000, average cost 91.605148
[2016-11-22 16:27:43,523] >> epoch 10/1990000, average cost 91.378983
[2016-11-22 16:29:04,214] >> epoch 10/2000000, average cost 91.411186
[2016-11-22 16:29:04,240] >> epoch 11/2000000, average cost 91.478897
[2016-11-22 16:29:04,261] >> Training finished in 5:00:17.665554
[2016-11-22 16:29:35,923] >> Loading model
[2016-11-22 16:29:36,298] >> Loading datasets
[2016-11-22 16:29:36,323] >> Reconstruction training started with arguments:
{'activation_noise': None,
 'adadelta': False,
 'adadelta_epsilon': '1e-6',
 'adadelta_rho': '0.95',
 'adagrad': False,
 'adagrad_decay': False,
 'batch_size': 128,
 'ce_sparsity': 0.01,
 'ce_sparsity_weight': 0.0,
 'compound': False,
 'corruption_level': 0.2,
 'datasets': (DatasetContainer [PFileStreamDataset@/export/data1/data/ddraper/train.4.pfile],
              DatasetContainer [],
              DatasetContainer []),
 'epochs': 50,
 'fix_layers': [],
 'graph': False,
 'hooks': [],
 'l1_reg': '0.0',
 'l2_reg': '0.0',
 'layer_args': {1: {}, 2: {}, 3: {}, 4: {}},
 'layers': [5],
 'learning_rate': '0.01',
 'loss': 'crossentropy',
 'minibatches': 2000000,
 'momentum': '',
 'noise': 'mask',
 'sparsity': 0.05,
 'sparsity_weight': 0.0,
 'validate': False,
 'verbosity': 1,
 'warn': False}
[2016-11-22 16:29:36,324] >> Reconstruction training started with da:
{'hidden_activation': u'sigmoid',
 'n_hidden': 1000,
 'n_visible': 1000,
 'tied_weights': True,
 'visible_activation': u'sigmoid'}
[2016-11-22 16:29:36,324] >> Compiling theano graph
Using gpu device 0: Tesla M2075 (CNMeM is disabled, cuDNN not available)
[2016-11-22 16:30:47,589] >> Training started
[2016-11-22 16:32:08,965] >> epoch 0/10000, average cost 298.664673
[2016-11-22 16:33:59,136] >> epoch 0/20000, average cost 294.447479
[2016-11-22 16:35:38,311] >> epoch 0/30000, average cost 293.094879
[2016-11-22 16:37:37,312] >> epoch 0/40000, average cost 292.348419
[2016-11-22 16:39:15,292] >> epoch 0/50000, average cost 291.913025
[2016-11-22 16:41:05,530] >> epoch 0/60000, average cost 291.719727
[2016-11-22 16:42:28,523] >> epoch 0/70000, average cost 291.440704
[2016-11-22 16:43:58,903] >> epoch 0/80000, average cost 291.255096
[2016-11-22 16:45:18,993] >> epoch 0/90000, average cost 291.227112
[2016-11-22 16:46:55,655] >> epoch 0/100000, average cost 291.118805
[2016-11-22 16:48:21,710] >> epoch 0/110000, average cost 291.117706
[2016-11-22 16:49:47,415] >> epoch 0/120000, average cost 291.003143
[2016-11-22 16:51:12,191] >> epoch 0/130000, average cost 290.864960
[2016-11-22 16:52:40,907] >> epoch 0/140000, average cost 290.869965
[2016-11-22 16:54:13,251] >> epoch 0/150000, average cost 290.813843
[2016-11-22 16:55:33,198] >> epoch 0/160000, average cost 290.860535
[2016-11-22 16:57:10,382] >> epoch 0/170000, average cost 290.810455
[2016-11-22 16:58:27,501] >> epoch 0/180000, average cost 290.735443
[2016-11-22 16:58:48,246] >> epoch 1/183474, average cost 291.883484
[2016-11-22 17:02:02,291] >> epoch 1/200000, average cost 290.638885
[2016-11-22 17:04:08,954] >> epoch 1/210000, average cost 290.665558
[2016-11-22 17:05:38,974] >> epoch 1/220000, average cost 290.607574
[2016-11-22 17:07:45,124] >> epoch 1/230000, average cost 290.492798
[2016-11-22 17:09:17,663] >> epoch 1/240000, average cost 290.591553
[2016-11-22 17:10:45,634] >> epoch 1/250000, average cost 290.478668
[2016-11-22 17:12:04,035] >> epoch 1/260000, average cost 290.325714
[2016-11-22 17:13:32,439] >> epoch 1/270000, average cost 290.413361
[2016-11-22 17:14:52,996] >> epoch 1/280000, average cost 290.318909
[2016-11-22 17:16:19,013] >> epoch 1/290000, average cost 290.349792
[2016-11-22 17:17:38,063] >> epoch 1/300000, average cost 290.371613
[2016-11-22 17:19:09,507] >> epoch 1/310000, average cost 290.163605
[2016-11-22 17:20:33,287] >> epoch 1/320000, average cost 290.177490
[2016-11-22 17:21:54,161] >> epoch 1/330000, average cost 290.232635
[2016-11-22 17:23:25,862] >> epoch 1/340000, average cost 290.202850
[2016-11-22 17:24:45,785] >> epoch 1/350000, average cost 290.176025
[2016-11-22 17:26:09,605] >> epoch 1/360000, average cost 290.147003
[2016-11-22 17:26:51,232] >> epoch 2/366948, average cost 290.376526
[2016-11-22 17:29:51,225] >> epoch 2/380000, average cost 290.078491
[2016-11-22 17:31:24,563] >> epoch 2/390000, average cost 290.072510
[2016-11-22 17:33:28,561] >> epoch 2/400000, average cost 290.062103
[2016-11-22 17:34:58,963] >> epoch 2/410000, average cost 289.979614
[2016-11-22 17:36:55,112] >> epoch 2/420000, average cost 290.016083
[2016-11-22 17:38:15,927] >> epoch 2/430000, average cost 289.982391
[2016-11-22 17:39:45,113] >> epoch 2/440000, average cost 289.852783
[2016-11-22 17:41:05,246] >> epoch 2/450000, average cost 289.866364
[2016-11-22 17:42:32,321] >> epoch 2/460000, average cost 289.836456
[2016-11-22 17:43:50,723] >> epoch 2/470000, average cost 289.842651
[2016-11-22 17:45:25,627] >> epoch 2/480000, average cost 289.903381
[2016-11-22 17:46:46,031] >> epoch 2/490000, average cost 289.752106
[2016-11-22 17:48:14,662] >> epoch 2/500000, average cost 289.738586
[2016-11-22 17:49:35,447] >> epoch 2/510000, average cost 289.794495
[2016-11-22 17:50:56,765] >> epoch 2/520000, average cost 289.725983
[2016-11-22 17:52:28,079] >> epoch 2/530000, average cost 289.771729
[2016-11-22 17:53:44,438] >> epoch 2/540000, average cost 289.773560
[2016-11-22 17:54:53,902] >> epoch 2/550000, average cost 289.734985
[2016-11-22 17:54:56,384] >> epoch 3/550422, average cost 289.880157
[2016-11-22 17:59:07,869] >> epoch 3/570000, average cost 289.675415
[2016-11-22 18:00:44,980] >> epoch 3/580000, average cost 289.737946
[2016-11-22 18:02:40,651] >> epoch 3/590000, average cost 289.684906
[2016-11-22 18:04:07,444] >> epoch 3/600000, average cost 289.623047
[2016-11-22 18:05:48,524] >> epoch 3/610000, average cost 289.687439
[2016-11-22 18:07:04,760] >> epoch 3/620000, average cost 289.576569
[2016-11-22 18:08:35,949] >> epoch 3/630000, average cost 289.510925
[2016-11-22 18:09:55,353] >> epoch 3/640000, average cost 289.580017
[2016-11-22 18:11:17,591] >> epoch 3/650000, average cost 289.547485
[2016-11-22 18:12:37,090] >> epoch 3/660000, average cost 289.598907
[2016-11-22 18:14:07,439] >> epoch 3/670000, average cost 289.553497
[2016-11-22 18:15:28,241] >> epoch 3/680000, average cost 289.459320
[2016-11-22 18:16:50,421] >> epoch 3/690000, average cost 289.485718
[2016-11-22 18:18:12,893] >> epoch 3/700000, average cost 289.480011
[2016-11-22 18:19:38,300] >> epoch 3/710000, average cost 289.552795
[2016-11-22 18:21:03,055] >> epoch 3/720000, average cost 289.537415
[2016-11-22 18:22:17,643] >> epoch 3/730000, average cost 289.495392
[2016-11-22 18:22:40,758] >> epoch 4/733896, average cost 289.580933
[2016-11-22 18:25:54,917] >> epoch 4/750000, average cost 289.457275
[2016-11-22 18:27:58,547] >> epoch 4/760000, average cost 289.506927
[2016-11-22 18:29:27,996] >> epoch 4/770000, average cost 289.480927
[2016-11-22 18:31:31,916] >> epoch 4/780000, average cost 289.395874
[2016-11-22 18:33:05,167] >> epoch 4/790000, average cost 289.506439
[2016-11-22 18:34:39,822] >> epoch 4/800000, average cost 289.429535
[2016-11-22 18:36:01,754] >> epoch 4/810000, average cost 289.308258
[2016-11-22 18:37:28,411] >> epoch 4/820000, average cost 289.413910
[2016-11-22 18:38:48,638] >> epoch 4/830000, average cost 289.346649
[2016-11-22 18:40:15,845] >> epoch 4/840000, average cost 289.395935
[2016-11-22 18:41:34,645] >> epoch 4/850000, average cost 289.445526
[2016-11-22 18:43:10,644] >> epoch 4/860000, average cost 289.275452
[2016-11-22 18:44:34,557] >> epoch 4/870000, average cost 289.304688
[2016-11-22 18:46:01,734] >> epoch 4/880000, average cost 289.367950
[2016-11-22 18:47:28,787] >> epoch 4/890000, average cost 289.363678
[2016-11-22 18:48:52,119] >> epoch 4/900000, average cost 289.371246
[2016-11-22 18:50:24,430] >> epoch 4/910000, average cost 289.355774
[2016-11-22 18:51:09,284] >> epoch 5/917370, average cost 289.397552
[2016-11-22 18:53:49,063] >> epoch 5/930000, average cost 289.327515
[2016-11-22 18:55:34,411] >> epoch 5/940000, average cost 289.332336
[2016-11-22 18:57:38,215] >> epoch 5/950000, average cost 289.360840
[2016-11-22 18:59:11,111] >> epoch 5/960000, average cost 289.303802
[2016-11-22 19:01:10,860] >> epoch 5/970000, average cost 289.337280
[2016-11-22 19:02:30,851] >> epoch 5/980000, average cost 289.329865
[2016-11-22 19:04:04,742] >> epoch 5/990000, average cost 289.218506
[2016-11-22 19:05:26,557] >> epoch 5/1000000, average cost 289.246521
[2016-11-22 19:06:54,705] >> epoch 5/1010000, average cost 289.237762
[2016-11-22 19:08:16,163] >> epoch 5/1020000, average cost 289.252441
[2016-11-22 19:09:50,855] >> epoch 5/1030000, average cost 289.332184
[2016-11-22 19:11:11,243] >> epoch 5/1040000, average cost 289.206451
[2016-11-22 19:12:45,247] >> epoch 5/1050000, average cost 289.201599
[2016-11-22 19:14:08,153] >> epoch 5/1060000, average cost 289.253052
[2016-11-22 19:15:45,514] >> epoch 5/1070000, average cost 289.213898
[2016-11-22 19:17:10,577] >> epoch 5/1080000, average cost 289.268250
[2016-11-22 19:18:41,793] >> epoch 5/1090000, average cost 289.277863
[2016-11-22 19:20:00,042] >> epoch 5/1100000, average cost 289.259644
[2016-11-22 19:20:04,989] >> epoch 6/1100844, average cost 289.276215
[2016-11-22 19:23:41,462] >> epoch 6/1120000, average cost 289.214111
[2016-11-22 19:25:48,995] >> epoch 6/1130000, average cost 289.282959
[2016-11-22 19:27:48,182] >> epoch 6/1140000, average cost 289.254486
[2016-11-22 19:29:30,421] >> epoch 6/1150000, average cost 289.190613
[2016-11-22 19:31:20,674] >> epoch 6/1160000, average cost 289.273560
[2016-11-22 19:32:42,161] >> epoch 6/1170000, average cost 289.168976
[2016-11-22 19:34:14,546] >> epoch 6/1180000, average cost 289.105530
[2016-11-22 19:35:38,186] >> epoch 6/1190000, average cost 289.200439
[2016-11-22 19:37:19,853] >> epoch 6/1200000, average cost 289.164215
[2016-11-22 19:39:14,279] >> epoch 6/1210000, average cost 289.223022
[2016-11-22 19:41:42,136] >> epoch 6/1220000, average cost 289.205505
[2016-11-22 19:43:34,527] >> epoch 6/1230000, average cost 289.098389
[2016-11-22 19:45:57,929] >> epoch 6/1240000, average cost 289.135193
[2016-11-22 19:47:59,027] >> epoch 6/1250000, average cost 289.151337
[2016-11-22 19:50:22,081] >> epoch 6/1260000, average cost 289.214111
[2016-11-22 19:51:48,467] >> epoch 6/1270000, average cost 289.212921
[2016-11-22 19:53:06,090] >> epoch 6/1280000, average cost 289.174286
[2016-11-22 19:53:31,786] >> epoch 7/1284318, average cost 289.194580
[2016-11-22 19:56:42,901] >> epoch 7/1300000, average cost 289.151947
[2016-11-22 19:58:09,611] >> epoch 7/1310000, average cost 289.197357
[2016-11-22 20:00:04,622] >> epoch 7/1320000, average cost 289.187561
[2016-11-22 20:01:59,381] >> epoch 7/1330000, average cost 289.107086
[2016-11-22 20:03:27,361] >> epoch 7/1340000, average cost 289.223907
[2016-11-22 20:04:55,846] >> epoch 7/1350000, average cost 289.154236
[2016-11-22 20:06:10,331] >> epoch 7/1360000, average cost 289.035919
[2016-11-22 20:07:30,250] >> epoch 7/1370000, average cost 289.141937
[2016-11-22 20:08:46,826] >> epoch 7/1380000, average cost 289.083618
[2016-11-22 20:10:11,729] >> epoch 7/1390000, average cost 289.127960
[2016-11-22 20:11:29,236] >> epoch 7/1400000, average cost 289.188446
[2016-11-22 20:13:22,331] >> epoch 7/1410000, average cost 289.031281
[2016-11-22 20:15:09,041] >> epoch 7/1420000, average cost 289.056610
[2016-11-22 20:17:25,931] >> epoch 7/1430000, average cost 289.123047
[2016-11-22 20:19:11,219] >> epoch 7/1440000, average cost 289.114014
[2016-11-22 20:20:32,914] >> epoch 7/1450000, average cost 289.131042
[2016-11-22 20:21:50,891] >> epoch 7/1460000, average cost 289.124664
[2016-11-22 20:22:43,209] >> epoch 8/1467792, average cost 289.129791
[2016-11-22 20:25:10,049] >> epoch 8/1480000, average cost 289.094421
[2016-11-22 20:26:57,808] >> epoch 8/1490000, average cost 289.107452
[2016-11-22 20:28:33,975] >> epoch 8/1500000, average cost 289.142548
[2016-11-22 20:30:32,321] >> epoch 8/1510000, average cost 289.084473
[2016-11-22 20:32:42,755] >> epoch 8/1520000, average cost 289.113525
[2016-11-22 20:34:38,218] >> epoch 8/1530000, average cost 289.118164
[2016-11-22 20:36:56,985] >> epoch 8/1540000, average cost 289.010834
[2016-11-22 20:38:44,893] >> epoch 8/1550000, average cost 289.029633
[2016-11-22 20:41:07,418] >> epoch 8/1560000, average cost 289.033112
[2016-11-22 20:42:47,631] >> epoch 8/1570000, average cost 289.053711
[2016-11-22 20:44:49,535] >> epoch 8/1580000, average cost 289.125854
[2016-11-22 20:46:37,379] >> epoch 8/1590000, average cost 289.017365
[2016-11-22 20:48:32,183] >> epoch 8/1600000, average cost 288.999298
[2016-11-22 20:49:50,759] >> epoch 8/1610000, average cost 289.056641
[2016-11-22 20:51:08,029] >> epoch 8/1620000, average cost 289.018402
[2016-11-22 20:52:23,323] >> epoch 8/1630000, average cost 289.079987
[2016-11-22 20:53:44,695] >> epoch 8/1640000, average cost 289.093262
[2016-11-22 20:54:59,268] >> epoch 8/1650000, average cost 289.067261
[2016-11-22 20:55:07,370] >> epoch 9/1651266, average cost 289.069550
[2016-11-22 20:58:27,307] >> epoch 9/1670000, average cost 289.028961
[2016-11-22 21:00:26,053] >> epoch 9/1680000, average cost 289.100342
[2016-11-22 21:01:48,648] >> epoch 9/1690000, average cost 289.074890
[2016-11-22 21:03:49,601] >> epoch 9/1700000, average cost 289.005920
[2016-11-22 21:05:26,999] >> epoch 9/1710000, average cost 289.099854
[2016-11-22 21:06:40,269] >> epoch 9/1720000, average cost 289.006317
[2016-11-22 21:08:06,682] >> epoch 9/1730000, average cost 288.923370
[2016-11-22 21:09:22,947] >> epoch 9/1740000, average cost 289.034912
[2016-11-22 21:10:42,213] >> epoch 9/1750000, average cost 288.983337
[2016-11-22 21:11:56,445] >> epoch 9/1760000, average cost 289.054657
[2016-11-22 21:13:22,861] >> epoch 9/1770000, average cost 289.042389
[2016-11-22 21:14:40,067] >> epoch 9/1780000, average cost 288.929260
[2016-11-22 21:15:56,763] >> epoch 9/1790000, average cost 288.967285
[2016-11-22 21:17:09,011] >> epoch 9/1800000, average cost 288.989258
[2016-11-22 21:18:33,870] >> epoch 9/1810000, average cost 289.044952
[2016-11-22 21:19:57,509] >> epoch 9/1820000, average cost 289.045959
[2016-11-22 21:21:11,320] >> epoch 9/1830000, average cost 289.011444
[2016-11-22 21:21:39,287] >> epoch 10/1834740, average cost 289.021912
[2016-11-22 21:24:39,063] >> epoch 10/1850000, average cost 288.985443
[2016-11-22 21:26:07,018] >> epoch 10/1860000, average cost 289.041840
[2016-11-22 21:28:02,990] >> epoch 10/1870000, average cost 289.027893
[2016-11-22 21:29:32,967] >> epoch 10/1880000, average cost 288.952484
[2016-11-22 21:31:30,912] >> epoch 10/1890000, average cost 289.060486
[2016-11-22 21:32:54,157] >> epoch 10/1900000, average cost 289.000885
[2016-11-22 21:34:07,377] >> epoch 10/1910000, average cost 288.884766
[2016-11-22 21:35:26,280] >> epoch 10/1920000, average cost 288.977692
[2016-11-22 21:36:39,808] >> epoch 10/1930000, average cost 288.923218
[2016-11-22 21:38:04,385] >> epoch 10/1940000, average cost 288.972046
[2016-11-22 21:39:18,892] >> epoch 10/1950000, average cost 289.042358
[2016-11-22 21:40:46,386] >> epoch 10/1960000, average cost 288.883759
[2016-11-22 21:42:01,726] >> epoch 10/1970000, average cost 288.906860
[2016-11-22 21:43:21,796] >> epoch 10/1980000, average cost 288.976410
[2016-11-22 21:44:40,767] >> epoch 10/1990000, average cost 288.958893
[2016-11-22 21:45:59,209] >> epoch 10/2000000, average cost 288.987091
[2016-11-22 21:45:59,225] >> epoch 11/2000000, average cost 288.975250
[2016-11-22 21:45:59,242] >> Training finished in 5:15:11.651999
[2016-11-22 21:46:27,059] >> Loading model
[2016-11-22 21:46:28,114] >> Loading datasets
Using gpu device 0: Tesla M2075 (CNMeM is disabled, cuDNN not available)
[2016-11-22 21:46:42,607] >> Supervised training started with arguments:
{'activation_noise': None,
 'adadelta': False,
 'adadelta_epsilon': '1e-6',
 'adadelta_rho': '0.95',
 'adagrad': False,
 'adagrad_decay': False,
 'batch_size': 256,
 'datasets': (DatasetContainer [PFileStreamDataset@/export/data1/data/ddraper/train.4.pfile],
              DatasetContainer [PFileDataset@/export/data1/data/ddraper/valid.4.pfile,1, PFileDataset@/export/data1/data/ddraper/valid.4.pfile,2],
              DatasetContainer []),
 'epochs': 50,
 'fix_layers': [],
 'graph': False,
 'hooks': [<functools.partial object at 0x7f1ebc41d578>],
 'l1_reg': '0.0',
 'l2_reg': '0.0',
 'layer_args': [],
 'learning_rate': '0.1',
 'minibatches': -1,
 'momentum': '',
 'newbob': True,
 'newbob_decay': 0.5,
 'newbob_threshold': [0.005, 0.0001],
 'patience': -1,
 'patience_improve_threshold': 0.995,
 'patience_increase': 1.5,
 'pre_validate': False,
 'print_errors': True,
 'validation_interval': -1,
 'verbosity': 0,
 'warn': False}
[2016-11-22 21:46:42,608] >> Compiling theano graph
[2016-11-22 21:47:43,887] >> Training started
[2016-11-22 22:19:34,476] >  epoch 1/91737, training error 0.517289
[2016-11-22 22:19:42,327] >  epoch 1/91737, validation error 0.457822
[2016-11-22 22:52:12,560] >  epoch 2/183474, training error 0.386977
[2016-11-22 22:52:21,321] >  epoch 2/183474, validation error 0.416051
[2016-11-22 23:24:41,135] >  epoch 3/275211, training error 0.341796
[2016-11-22 23:24:49,745] >  epoch 3/275211, validation error 0.384405
[2016-11-22 23:57:11,450] >  epoch 4/366948, training error 0.314152
[2016-11-22 23:57:19,822] >  epoch 4/366948, validation error 0.381227
[2016-11-22 23:57:20,006] >  epoch 4/366948, learning rate set to 0.050000
[2016-11-23 00:29:57,018] >  epoch 5/458685, training error 0.289053
[2016-11-23 00:30:05,815] >  epoch 5/458685, validation error 0.343746
[2016-11-23 00:30:05,949] >  epoch 5/458685, learning rate set to 0.025000
[2016-11-23 01:02:51,235] >  epoch 6/550422, training error 0.279947
[2016-11-23 01:02:59,877] >  epoch 6/550422, validation error 0.334134
[2016-11-23 01:03:00,059] >  epoch 6/550422, learning rate set to 0.012500
[2016-11-23 01:35:44,117] >  epoch 7/642159, training error 0.277132
[2016-11-23 01:35:52,739] >  epoch 7/642159, validation error 0.326750
[2016-11-23 01:35:52,892] >  epoch 7/642159, learning rate set to 0.006250
[2016-11-23 02:08:26,596] >  epoch 8/733896, training error 0.277290
[2016-11-23 02:08:35,446] >  epoch 8/733896, validation error 0.322231
[2016-11-23 02:08:35,624] >  epoch 8/733896, learning rate set to 0.003125
[2016-11-23 02:40:52,667] >  epoch 9/825633, training error 0.278813
[2016-11-23 02:41:01,416] >  epoch 9/825633, validation error 0.319522
[2016-11-23 02:41:01,595] >  epoch 9/825633, learning rate set to 0.001563
[2016-11-23 03:13:27,041] >  epoch 10/917370, training error 0.280686
[2016-11-23 03:13:35,783] >  epoch 10/917370, validation error 0.317482
[2016-11-23 03:13:35,964] >  epoch 10/917370, learning rate set to 0.000781
[2016-11-23 03:46:18,652] >  epoch 11/1009107, training error 0.282572
[2016-11-23 03:46:27,436] >  epoch 11/1009107, validation error 0.315456
[2016-11-23 03:46:27,623] >  epoch 11/1009107, learning rate set to 0.000391
[2016-11-23 04:19:19,598] >  epoch 12/1100844, training error 0.284143
[2016-11-23 04:19:27,616] >  epoch 12/1100844, validation error 0.312995
[2016-11-23 04:19:27,753] >  epoch 12/1100844, learning rate set to 0.000195
[2016-11-23 04:52:14,018] >  epoch 13/1192581, training error 0.285395
[2016-11-23 04:52:21,976] >  epoch 13/1192581, validation error 0.312105
[2016-11-23 04:52:22,140] >  epoch 13/1192581, learning rate set to 0.000098
[2016-11-23 05:24:56,503] >  epoch 14/1284318, training error 0.286171
[2016-11-23 05:25:04,628] >  epoch 14/1284318, validation error 0.311498
[2016-11-23 05:25:04,774] >  epoch 14/1284318, learning rate set to 0.000049
[2016-11-23 05:57:36,221] >  epoch 15/1376055, training error 0.286612
[2016-11-23 05:57:44,878] >  epoch 15/1376055, validation error 0.310741
[2016-11-23 05:57:45,053] >  epoch 15/1376055, learning rate set to 0.000024
[2016-11-23 06:30:19,457] >  epoch 16/1467792, training error 0.286858
[2016-11-23 06:30:28,030] >  epoch 16/1467792, validation error 0.310098
[2016-11-23 06:30:28,228] >  epoch 16/1467792, learning rate set to 0.000012
[2016-11-23 07:03:15,849] >  epoch 17/1559529, training error 0.286976
[2016-11-23 07:03:24,511] >  epoch 17/1559529, validation error 0.309702
[2016-11-23 07:03:24,693] >  epoch 17/1559529, learning rate set to 0.000006
[2016-11-23 07:36:17,237] >  epoch 18/1651266, training error 0.287024
[2016-11-23 07:36:26,088] >  epoch 18/1651266, validation error 0.309736
[2016-11-23 07:36:26,088] >> Training finished in 9:48:42.200685
