[2016-11-18 04:49:42,019] >> Loading model
[2016-11-18 04:49:44,699] >> Loading datasets
[2016-11-18 04:49:44,748] >> Reconstruction training started with arguments:
{'activation_noise': None,
 'adadelta': False,
 'adadelta_epsilon': '1e-6',
 'adadelta_rho': '0.95',
 'adagrad': False,
 'adagrad_decay': False,
 'batch_size': 128,
 'ce_sparsity': 0.01,
 'ce_sparsity_weight': 0.0,
 'compound': False,
 'corruption_level': 0.2,
 'datasets': (DatasetContainer [PFileStreamDataset@/home/ddraper/train.pfile],
              DatasetContainer [],
              DatasetContainer []),
 'epochs': 50,
 'fix_layers': [],
 'graph': False,
 'hooks': [],
 'l1_reg': '0.0',
 'l2_reg': '0.0',
 'layer_args': {},
 'layers': [1],
 'learning_rate': '0.01',
 'loss': u'mse',
 'minibatches': 2000000,
 'momentum': '',
 'noise': 'mask',
 'sparsity': 0.05,
 'sparsity_weight': 0.0,
 'validate': False,
 'verbosity': 1,
 'warn': False}
[2016-11-18 04:49:44,748] >> Reconstruction training started with da:
{'hidden_activation': u'sigmoid',
 u'loss': u'mse',
 'n_hidden': 1000,
 'n_visible': 966,
 'tied_weights': True,
 'visible_activation': u'tanh'}
[2016-11-18 04:49:44,748] >> Compiling theano graph
Using gpu device 0: Tesla M2075 (CNMeM is disabled, cuDNN not available)
[2016-11-18 04:51:18,840] >> Training started
[2016-11-18 04:53:18,593] >> epoch 0/10000, average cost 91.775711
[2016-11-18 04:56:46,419] >> epoch 0/20000, average cost 47.267113
[2016-11-18 04:58:12,725] >> epoch 0/30000, average cost 33.876701
[2016-11-18 05:01:04,512] >> epoch 0/40000, average cost 27.699631
[2016-11-18 05:02:43,377] >> epoch 0/50000, average cost 24.681662
[2016-11-18 05:06:15,166] >> epoch 0/60000, average cost 22.194332
[2016-11-18 05:08:27,669] >> epoch 0/70000, average cost 20.997620
[2016-11-18 05:11:14,401] >> epoch 0/80000, average cost 19.606565
[2016-11-18 05:12:55,380] >> epoch 0/90000, average cost 18.898060
[2016-11-18 05:16:47,738] >> epoch 0/100000, average cost 18.242168
[2016-11-18 05:18:46,295] >> epoch 0/110000, average cost 17.236973
[2016-11-18 05:21:19,657] >> epoch 0/120000, average cost 16.516592
[2016-11-18 05:22:59,800] >> epoch 0/130000, average cost 16.234892
[2016-11-18 05:26:21,488] >> epoch 0/140000, average cost 15.947008
[2016-11-18 05:29:15,489] >> epoch 0/150000, average cost 15.722505
[2016-11-18 05:30:52,833] >> epoch 0/160000, average cost 15.619843
[2016-11-18 05:33:51,718] >> epoch 0/170000, average cost 15.558239
[2016-11-18 05:36:10,740] >> epoch 0/180000, average cost 15.446451
[2016-11-18 05:39:35,417] >> epoch 0/190000, average cost 15.442667
[2016-11-18 05:41:28,129] >> epoch 0/200000, average cost 15.373693
[2016-11-18 05:45:15,185] >> epoch 0/210000, average cost 15.219288
[2016-11-18 05:46:57,691] >> epoch 0/220000, average cost 15.215243
[2016-11-18 05:49:46,232] >> epoch 0/230000, average cost 15.161769
[2016-11-18 05:51:21,599] >> epoch 0/240000, average cost 15.120469
[2016-11-18 05:53:47,919] >> epoch 0/250000, average cost 15.034779
[2016-11-18 05:55:22,467] >> epoch 0/260000, average cost 15.009741
[2016-11-18 05:59:00,506] >> epoch 0/270000, average cost 14.971689
[2016-11-18 06:01:18,372] >> epoch 0/280000, average cost 14.942238
[2016-11-18 06:04:40,264] >> epoch 0/290000, average cost 14.888515
[2016-11-18 06:08:05,984] >> epoch 0/300000, average cost 14.868319
[2016-11-18 06:10:20,311] >> epoch 0/310000, average cost 14.870220
[2016-11-18 06:13:36,142] >> epoch 0/320000, average cost 14.789819
[2016-11-18 06:15:36,333] >> epoch 0/330000, average cost 14.785631
[2016-11-18 06:15:48,901] >> epoch 1/333330, average cost 20.524462
[2016-11-18 06:21:35,521] >> epoch 1/350000, average cost 14.713403
[2016-11-18 06:24:36,679] >> epoch 1/360000, average cost 14.731949
[2016-11-18 06:26:33,909] >> epoch 1/370000, average cost 14.642952
[2016-11-18 06:29:38,274] >> epoch 1/380000, average cost 14.625605
[2016-11-18 06:31:49,633] >> epoch 1/390000, average cost 14.647312
[2016-11-18 06:35:03,113] >> epoch 1/400000, average cost 14.566781
[2016-11-18 06:37:22,865] >> epoch 1/410000, average cost 14.570561
[2016-11-18 06:40:58,371] >> epoch 1/420000, average cost 14.580925
[2016-11-18 06:42:54,268] >> epoch 1/430000, average cost 14.566886
[2016-11-18 06:46:06,024] >> epoch 1/440000, average cost 14.520332
[2016-11-18 06:48:37,290] >> epoch 1/450000, average cost 14.482873
[2016-11-18 06:52:19,137] >> epoch 1/460000, average cost 14.421875
[2016-11-18 06:54:32,136] >> epoch 1/470000, average cost 14.460311
[2016-11-18 06:59:04,117] >> epoch 1/480000, average cost 14.452393
[2016-11-18 07:02:51,588] >> epoch 1/490000, average cost 14.405799
[2016-11-18 07:05:18,967] >> epoch 1/500000, average cost 14.418722
[2016-11-18 07:10:01,714] >> epoch 1/510000, average cost 14.356680
[2016-11-18 07:12:18,730] >> epoch 1/520000, average cost 14.378636
[2016-11-18 07:16:36,930] >> epoch 1/530000, average cost 14.379802
[2016-11-18 07:19:28,377] >> epoch 1/540000, average cost 14.298329
[2016-11-18 07:23:35,112] >> epoch 1/550000, average cost 14.289427
[2016-11-18 07:25:50,484] >> epoch 1/560000, average cost 14.272025
[2016-11-18 07:30:22,055] >> epoch 1/570000, average cost 14.301559
[2016-11-18 07:32:24,342] >> epoch 1/580000, average cost 14.218647
[2016-11-18 07:35:46,952] >> epoch 1/590000, average cost 14.242692
[2016-11-18 07:38:15,236] >> epoch 1/600000, average cost 14.230812
[2016-11-18 07:41:35,310] >> epoch 1/610000, average cost 14.196939
[2016-11-18 07:44:48,630] >> epoch 1/620000, average cost 14.213120
[2016-11-18 07:46:52,229] >> epoch 1/630000, average cost 14.166977
[2016-11-18 07:50:23,606] >> epoch 1/640000, average cost 14.212670
[2016-11-18 07:52:36,277] >> epoch 1/650000, average cost 14.176417
[2016-11-18 07:55:50,223] >> epoch 1/660000, average cost 14.162239
[2016-11-18 07:56:17,734] >> epoch 2/666660, average cost 14.405369
[2016-11-18 08:01:51,906] >> epoch 2/680000, average cost 14.115719
[2016-11-18 08:04:03,403] >> epoch 2/690000, average cost 14.182272
[2016-11-18 08:06:55,044] >> epoch 2/700000, average cost 14.123172
[2016-11-18 08:08:49,711] >> epoch 2/710000, average cost 14.095036
[2016-11-18 08:12:36,436] >> epoch 2/720000, average cost 14.135140
[2016-11-18 08:14:28,270] >> epoch 2/730000, average cost 14.092032
[2016-11-18 08:18:10,954] >> epoch 2/740000, average cost 14.074329
[2016-11-18 08:20:35,137] >> epoch 2/750000, average cost 14.107039
[2016-11-18 08:24:15,385] >> epoch 2/760000, average cost 14.103469
[2016-11-18 08:26:09,735] >> epoch 2/770000, average cost 14.098969
[2016-11-18 08:28:55,382] >> epoch 2/780000, average cost 14.041681
[2016-11-18 08:30:46,345] >> epoch 2/790000, average cost 14.002259
[2016-11-18 08:34:45,164] >> epoch 2/800000, average cost 14.060936
[2016-11-18 08:39:52,009] >> epoch 2/810000, average cost 14.040866
[2016-11-18 08:44:25,436] >> epoch 2/820000, average cost 14.027195
[2016-11-18 08:47:52,102] >> epoch 2/830000, average cost 14.028293
[2016-11-18 08:49:37,264] >> epoch 2/840000, average cost 13.993730
[2016-11-18 08:52:09,821] >> epoch 2/850000, average cost 13.989040
[2016-11-18 08:53:47,921] >> epoch 2/860000, average cost 14.024814
[2016-11-18 08:56:38,171] >> epoch 2/870000, average cost 13.987420
[2016-11-18 08:58:31,046] >> epoch 2/880000, average cost 13.914186
[2016-11-18 09:01:09,322] >> epoch 2/890000, average cost 13.944589
[2016-11-18 09:02:43,343] >> epoch 2/900000, average cost 13.961575
[2016-11-18 09:05:39,828] >> epoch 2/910000, average cost 13.894894
[2016-11-18 09:07:20,899] >> epoch 2/920000, average cost 13.909169
[2016-11-18 09:10:06,706] >> epoch 2/930000, average cost 13.898945
[2016-11-18 09:11:48,808] >> epoch 2/940000, average cost 13.873304
[2016-11-18 09:14:45,832] >> epoch 2/950000, average cost 13.910042
[2016-11-18 09:17:38,972] >> epoch 2/960000, average cost 13.845879
[2016-11-18 09:19:27,919] >> epoch 2/970000, average cost 13.902622
[2016-11-18 09:22:20,513] >> epoch 2/980000, average cost 13.892769
[2016-11-18 09:24:05,404] >> epoch 2/990000, average cost 13.845109
[2016-11-18 09:25:54,098] >> epoch 3/999990, average cost 14.001016
[2016-11-18 09:29:14,274] >> epoch 3/1010000, average cost 13.823837
[2016-11-18 09:31:58,720] >> epoch 3/1020000, average cost 13.862967
[2016-11-18 09:33:38,209] >> epoch 3/1030000, average cost 13.838787
[2016-11-18 09:36:24,177] >> epoch 3/1040000, average cost 13.800728
[2016-11-18 09:38:01,176] >> epoch 3/1050000, average cost 13.826297
[2016-11-18 09:40:56,947] >> epoch 3/1060000, average cost 13.819519
[2016-11-18 09:42:50,043] >> epoch 3/1070000, average cost 13.768229
[2016-11-18 09:45:46,842] >> epoch 3/1080000, average cost 13.801859
[2016-11-18 09:47:27,812] >> epoch 3/1090000, average cost 13.809512
[2016-11-18 09:49:56,648] >> epoch 3/1100000, average cost 13.813308
[2016-11-18 09:51:49,812] >> epoch 3/1110000, average cost 13.758775
[2016-11-18 09:54:13,279] >> epoch 3/1120000, average cost 13.743380
[2016-11-18 09:55:55,205] >> epoch 3/1130000, average cost 13.746030
[2016-11-18 09:59:08,760] >> epoch 3/1140000, average cost 13.749783
[2016-11-18 10:01:52,168] >> epoch 3/1150000, average cost 13.753186
[2016-11-18 10:03:22,612] >> epoch 3/1160000, average cost 13.732075
[2016-11-18 10:05:47,536] >> epoch 3/1170000, average cost 13.734282
[2016-11-18 10:07:43,127] >> epoch 3/1180000, average cost 13.689747
[2016-11-18 10:10:36,187] >> epoch 3/1190000, average cost 13.737817
[2016-11-18 10:12:13,082] >> epoch 3/1200000, average cost 13.727556
[2016-11-18 10:14:57,032] >> epoch 3/1210000, average cost 13.635740
[2016-11-18 10:16:48,201] >> epoch 3/1220000, average cost 13.672879
[2016-11-18 10:19:35,931] >> epoch 3/1230000, average cost 13.660864
[2016-11-18 10:21:17,827] >> epoch 3/1240000, average cost 13.657471
[2016-11-18 10:24:47,345] >> epoch 3/1250000, average cost 13.624341
[2016-11-18 10:26:33,069] >> epoch 3/1260000, average cost 13.630441
[2016-11-18 10:29:43,053] >> epoch 3/1270000, average cost 13.624425
[2016-11-18 10:31:27,390] >> epoch 3/1280000, average cost 13.620712
[2016-11-18 10:34:07,337] >> epoch 3/1290000, average cost 13.594413
[2016-11-18 10:37:25,387] >> epoch 3/1300000, average cost 13.605065
[2016-11-18 10:39:06,428] >> epoch 3/1310000, average cost 13.632464
[2016-11-18 10:42:13,523] >> epoch 3/1320000, average cost 13.584167
[2016-11-18 10:43:59,528] >> epoch 3/1330000, average cost 13.599097
[2016-11-18 10:44:11,820] >> epoch 4/1333320, average cost 13.716551
[2016-11-18 10:48:54,693] >> epoch 4/1350000, average cost 13.567080
[2016-11-18 10:51:23,169] >> epoch 4/1360000, average cost 13.597975
[2016-11-18 10:53:02,143] >> epoch 4/1370000, average cost 13.539853
[2016-11-18 10:55:40,403] >> epoch 4/1380000, average cost 13.544092
[2016-11-18 10:57:14,443] >> epoch 4/1390000, average cost 13.575888
[2016-11-18 11:00:13,004] >> epoch 4/1400000, average cost 13.514421
[2016-11-18 11:01:46,362] >> epoch 4/1410000, average cost 13.531737
[2016-11-18 11:04:30,314] >> epoch 4/1420000, average cost 13.549072
[2016-11-18 11:06:04,706] >> epoch 4/1430000, average cost 13.549457
[2016-11-18 11:08:34,142] >> epoch 4/1440000, average cost 13.525621
[2016-11-18 11:10:36,233] >> epoch 4/1450000, average cost 13.498659
[2016-11-18 11:13:06,565] >> epoch 4/1460000, average cost 13.454836
[2016-11-18 11:14:09,346] >> epoch 4/1470000, average cost 13.497168
[2016-11-18 11:16:43,139] >> epoch 4/1480000, average cost 13.497866
[2016-11-18 11:18:38,232] >> epoch 4/1490000, average cost 13.468875
[2016-11-18 11:20:07,109] >> epoch 4/1500000, average cost 13.487806
[2016-11-18 11:22:17,005] >> epoch 4/1510000, average cost 13.429370
[2016-11-18 11:24:03,151] >> epoch 4/1520000, average cost 13.464919
[2016-11-18 11:27:13,766] >> epoch 4/1530000, average cost 13.470290
[2016-11-18 11:28:53,405] >> epoch 4/1540000, average cost 13.401284
[2016-11-18 11:31:14,561] >> epoch 4/1550000, average cost 13.401717
[2016-11-18 11:32:53,025] >> epoch 4/1560000, average cost 13.393060
[2016-11-18 11:35:13,697] >> epoch 4/1570000, average cost 13.422034
[2016-11-18 11:36:50,041] >> epoch 4/1580000, average cost 13.344191
[2016-11-18 11:39:31,005] >> epoch 4/1590000, average cost 13.376331
[2016-11-18 11:41:17,082] >> epoch 4/1600000, average cost 13.368041
[2016-11-18 11:43:57,467] >> epoch 4/1610000, average cost 13.336825
[2016-11-18 11:46:36,109] >> epoch 4/1620000, average cost 13.359853
[2016-11-18 11:48:16,649] >> epoch 4/1630000, average cost 13.316653
[2016-11-18 11:51:31,422] >> epoch 4/1640000, average cost 13.363800
[2016-11-18 11:53:06,194] >> epoch 4/1650000, average cost 13.333698
[2016-11-18 11:55:51,782] >> epoch 4/1660000, average cost 13.323303
[2016-11-18 11:56:16,736] >> epoch 5/1666650, average cost 13.453273
[2016-11-18 12:00:22,070] >> epoch 5/1680000, average cost 13.281451
[2016-11-18 12:01:50,557] >> epoch 5/1690000, average cost 13.345434
[2016-11-18 12:04:25,787] >> epoch 5/1700000, average cost 13.284523
[2016-11-18 12:06:08,747] >> epoch 5/1710000, average cost 13.270347
[2016-11-18 12:08:45,007] >> epoch 5/1720000, average cost 13.309878
[2016-11-18 12:10:20,352] >> epoch 5/1730000, average cost 13.265841
[2016-11-18 12:12:50,479] >> epoch 5/1740000, average cost 13.252472
[2016-11-18 12:14:29,925] >> epoch 5/1750000, average cost 13.280025
[2016-11-18 12:16:38,295] >> epoch 5/1760000, average cost 13.279693
[2016-11-18 12:18:16,293] >> epoch 5/1770000, average cost 13.280021
[2016-11-18 12:20:50,622] >> epoch 5/1780000, average cost 13.227344
[2016-11-18 12:22:22,326] >> epoch 5/1790000, average cost 13.191555
[2016-11-18 12:23:44,725] >> epoch 5/1800000, average cost 13.245061
[2016-11-18 12:25:54,794] >> epoch 5/1810000, average cost 13.231823
[2016-11-18 12:27:06,121] >> epoch 5/1820000, average cost 13.218281
[2016-11-18 12:29:14,974] >> epoch 5/1830000, average cost 13.224898
[2016-11-18 12:30:36,544] >> epoch 5/1840000, average cost 13.193919
[2016-11-18 12:33:18,181] >> epoch 5/1850000, average cost 13.184275
[2016-11-18 12:35:00,630] >> epoch 5/1860000, average cost 13.226861
[2016-11-18 12:37:34,587] >> epoch 5/1870000, average cost 13.190566
[2016-11-18 12:38:50,706] >> epoch 5/1880000, average cost 13.124642
[2016-11-18 12:41:27,036] >> epoch 5/1890000, average cost 13.157322
[2016-11-18 12:42:51,230] >> epoch 5/1900000, average cost 13.171838
[2016-11-18 12:45:28,437] >> epoch 5/1910000, average cost 13.111711
[2016-11-18 12:47:07,559] >> epoch 5/1920000, average cost 13.125200
[2016-11-18 12:50:00,227] >> epoch 5/1930000, average cost 13.119517
[2016-11-18 12:51:44,844] >> epoch 5/1940000, average cost 13.094643
[2016-11-18 12:54:18,308] >> epoch 5/1950000, average cost 13.136721
[2016-11-18 12:57:25,603] >> epoch 5/1960000, average cost 13.069847
[2016-11-18 12:59:12,585] >> epoch 5/1970000, average cost 13.126860
[2016-11-18 13:02:07,076] >> epoch 5/1980000, average cost 13.116984
[2016-11-18 13:03:49,270] >> epoch 5/1990000, average cost 13.084729
[2016-11-18 13:05:24,300] >> epoch 6/1999980, average cost 13.198753
[2016-11-18 13:06:59,777] >> epoch 7/2000000, average cost 13.095499
[2016-11-18 13:06:59,804] >> Training finished in 8:15:40.937522
[2016-11-18 13:08:57,325] >> Loading model
[2016-11-18 13:08:57,982] >> Loading datasets
[2016-11-18 13:08:58,028] >> Reconstruction training started with arguments:
{'activation_noise': None,
 'adadelta': False,
 'adadelta_epsilon': '1e-6',
 'adadelta_rho': '0.95',
 'adagrad': False,
 'adagrad_decay': False,
 'batch_size': 128,
 'ce_sparsity': 0.01,
 'ce_sparsity_weight': 0.0,
 'compound': False,
 'corruption_level': 0.2,
 'datasets': (DatasetContainer [PFileStreamDataset@/home/ddraper/train.pfile],
              DatasetContainer [],
              DatasetContainer []),
 'epochs': 50,
 'fix_layers': [],
 'graph': False,
 'hooks': [],
 'l1_reg': '0.0',
 'l2_reg': '0.0',
 'layer_args': {1: {}},
 'layers': [2],
 'learning_rate': '0.01',
 'loss': 'crossentropy',
 'minibatches': 2000000,
 'momentum': '',
 'noise': 'mask',
 'sparsity': 0.05,
 'sparsity_weight': 0.0,
 'validate': False,
 'verbosity': 1,
 'warn': False}
[2016-11-18 13:08:58,028] >> Reconstruction training started with da:
{'hidden_activation': u'sigmoid',
 'n_hidden': 1000,
 'n_visible': 1000,
 'tied_weights': True,
 'visible_activation': u'sigmoid'}
[2016-11-18 13:08:58,028] >> Compiling theano graph
Using gpu device 0: Tesla M2075 (CNMeM is disabled, cuDNN not available)
[2016-11-18 13:09:30,587] >> Training started
[2016-11-18 13:10:30,148] >> epoch 0/10000, average cost 254.267700
[2016-11-18 13:13:18,437] >> epoch 0/20000, average cost 250.445175
[2016-11-18 13:14:58,801] >> epoch 0/30000, average cost 249.276001
[2016-11-18 13:17:40,133] >> epoch 0/40000, average cost 248.625153
[2016-11-18 13:19:28,550] >> epoch 0/50000, average cost 248.693726
[2016-11-18 13:22:19,000] >> epoch 0/60000, average cost 248.545624
[2016-11-18 13:24:02,079] >> epoch 0/70000, average cost 248.224350
[2016-11-18 13:26:00,422] >> epoch 0/80000, average cost 248.504379
[2016-11-18 13:27:32,415] >> epoch 0/90000, average cost 248.544205
[2016-11-18 13:29:47,423] >> epoch 0/100000, average cost 248.877182
[2016-11-18 13:31:23,569] >> epoch 0/110000, average cost 248.295868
[2016-11-18 13:33:25,611] >> epoch 0/120000, average cost 248.104446
[2016-11-18 13:34:45,435] >> epoch 0/130000, average cost 248.136902
[2016-11-18 13:36:26,855] >> epoch 0/140000, average cost 248.199020
[2016-11-18 13:38:04,705] >> epoch 0/150000, average cost 248.047379
[2016-11-18 13:39:04,536] >> epoch 0/160000, average cost 248.489395
[2016-11-18 13:40:42,354] >> epoch 0/170000, average cost 248.037079
[2016-11-18 13:41:56,667] >> epoch 0/180000, average cost 247.741806
[2016-11-18 13:43:56,201] >> epoch 0/190000, average cost 248.336456
[2016-11-18 13:45:11,957] >> epoch 0/200000, average cost 248.190170
[2016-11-18 13:47:10,084] >> epoch 0/210000, average cost 247.311050
[2016-11-18 13:48:41,042] >> epoch 0/220000, average cost 247.900253
[2016-11-18 13:50:42,178] >> epoch 0/230000, average cost 247.843094
[2016-11-18 13:52:14,122] >> epoch 0/240000, average cost 247.746429
[2016-11-18 13:54:51,171] >> epoch 0/250000, average cost 247.605255
[2016-11-18 13:56:44,180] >> epoch 0/260000, average cost 247.545898
[2016-11-18 14:00:13,008] >> epoch 0/270000, average cost 247.347382
[2016-11-18 14:01:56,909] >> epoch 0/280000, average cost 247.641571
[2016-11-18 14:04:43,594] >> epoch 0/290000, average cost 247.772446
[2016-11-18 14:08:07,705] >> epoch 0/300000, average cost 247.754028
[2016-11-18 14:09:54,737] >> epoch 0/310000, average cost 248.177551
[2016-11-18 14:12:40,989] >> epoch 0/320000, average cost 247.818604
[2016-11-18 14:14:26,470] >> epoch 0/330000, average cost 247.771805
[2016-11-18 14:14:44,794] >> epoch 1/333330, average cost 248.354416
[2016-11-18 14:17:11,711] >> epoch 1/350000, average cost 247.798080
[2016-11-18 14:19:50,479] >> epoch 1/360000, average cost 248.120605
[2016-11-18 14:21:39,228] >> epoch 1/370000, average cost 247.582657
[2016-11-18 14:24:15,734] >> epoch 1/380000, average cost 247.702606
[2016-11-18 14:25:48,788] >> epoch 1/390000, average cost 247.879272
[2016-11-18 14:28:19,908] >> epoch 1/400000, average cost 247.568130
[2016-11-18 14:29:41,543] >> epoch 1/410000, average cost 247.799728
[2016-11-18 14:31:48,413] >> epoch 1/420000, average cost 248.128082
[2016-11-18 14:33:28,118] >> epoch 1/430000, average cost 248.188599
[2016-11-18 14:36:28,771] >> epoch 1/440000, average cost 248.164795
[2016-11-18 14:38:01,398] >> epoch 1/450000, average cost 247.790619
[2016-11-18 14:39:57,047] >> epoch 1/460000, average cost 247.392731
[2016-11-18 14:41:09,256] >> epoch 1/470000, average cost 247.947281
[2016-11-18 14:43:37,280] >> epoch 1/480000, average cost 247.777496
[2016-11-18 14:45:35,636] >> epoch 1/490000, average cost 248.004425
[2016-11-18 14:46:57,913] >> epoch 1/500000, average cost 247.920319
[2016-11-18 14:49:07,955] >> epoch 1/510000, average cost 247.391129
[2016-11-18 14:50:55,004] >> epoch 1/520000, average cost 247.895370
[2016-11-18 14:54:02,670] >> epoch 1/530000, average cost 248.016220
[2016-11-18 14:55:50,928] >> epoch 1/540000, average cost 247.296722
[2016-11-18 14:57:59,213] >> epoch 1/550000, average cost 247.486206
[2016-11-18 14:59:41,570] >> epoch 1/560000, average cost 247.541626
[2016-11-18 15:02:06,007] >> epoch 1/570000, average cost 247.787476
[2016-11-18 15:03:46,420] >> epoch 1/580000, average cost 247.219406
[2016-11-18 15:06:05,896] >> epoch 1/590000, average cost 247.457855
[2016-11-18 15:07:40,887] >> epoch 1/600000, average cost 247.070175
[2016-11-18 15:10:19,713] >> epoch 1/610000, average cost 247.380905
[2016-11-18 15:12:39,232] >> epoch 1/620000, average cost 247.641251
[2016-11-18 15:14:20,304] >> epoch 1/630000, average cost 247.442169
[2016-11-18 15:17:08,272] >> epoch 1/640000, average cost 247.813004
[2016-11-18 15:18:57,544] >> epoch 1/650000, average cost 247.880707
[2016-11-18 15:21:39,356] >> epoch 1/660000, average cost 247.618530
[2016-11-18 15:22:12,365] >> epoch 2/666660, average cost 247.707291
[2016-11-18 15:24:32,397] >> epoch 2/680000, average cost 247.328079
[2016-11-18 15:26:20,148] >> epoch 2/690000, average cost 248.177795
[2016-11-18 15:29:02,397] >> epoch 2/700000, average cost 247.568146
[2016-11-18 15:30:26,213] >> epoch 2/710000, average cost 247.428177
[2016-11-18 15:33:11,989] >> epoch 2/720000, average cost 247.700195
[2016-11-18 15:34:39,091] >> epoch 2/730000, average cost 247.505005
[2016-11-18 15:37:09,486] >> epoch 2/740000, average cost 247.545151
[2016-11-18 15:38:55,986] >> epoch 2/750000, average cost 247.944199
[2016-11-18 15:41:23,489] >> epoch 2/760000, average cost 247.866348
[2016-11-18 15:43:18,530] >> epoch 2/770000, average cost 248.299850
[2016-11-18 15:45:35,181] >> epoch 2/780000, average cost 247.549744
[2016-11-18 15:47:11,666] >> epoch 2/790000, average cost 247.226395
[2016-11-18 15:48:51,986] >> epoch 2/800000, average cost 247.882675
[2016-11-18 15:51:06,872] >> epoch 2/810000, average cost 247.717178
[2016-11-18 15:52:18,948] >> epoch 2/820000, average cost 247.667648
[2016-11-18 15:54:08,417] >> epoch 2/830000, average cost 247.978149
[2016-11-18 15:55:21,887] >> epoch 2/840000, average cost 247.338654
[2016-11-18 15:57:58,716] >> epoch 2/850000, average cost 247.483231
[2016-11-18 15:59:32,880] >> epoch 2/860000, average cost 247.968597
[2016-11-18 16:02:11,832] >> epoch 2/870000, average cost 247.587952
[2016-11-18 16:03:29,300] >> epoch 2/880000, average cost 247.031952
[2016-11-18 16:06:07,276] >> epoch 2/890000, average cost 247.482346
[2016-11-18 16:07:31,691] >> epoch 2/900000, average cost 247.681396
[2016-11-18 16:09:14,479] >> epoch 2/910000, average cost 247.097504
[2016-11-18 16:10:28,068] >> epoch 2/920000, average cost 247.360031
[2016-11-18 16:11:57,426] >> epoch 2/930000, average cost 247.040054
[2016-11-18 16:13:06,795] >> epoch 2/940000, average cost 247.102249
[2016-11-18 16:14:40,411] >> epoch 2/950000, average cost 247.440643
[2016-11-18 16:16:17,375] >> epoch 2/960000, average cost 247.341553
[2016-11-18 16:17:27,375] >> epoch 2/970000, average cost 247.617798
[2016-11-18 16:19:14,543] >> epoch 2/980000, average cost 247.936371
[2016-11-18 16:20:37,890] >> epoch 2/990000, average cost 247.413696
[2016-11-18 16:21:55,113] >> epoch 3/999990, average cost 247.569656
[2016-11-18 16:22:56,089] >> epoch 3/1010000, average cost 247.287399
[2016-11-18 16:24:34,815] >> epoch 3/1020000, average cost 247.891022
[2016-11-18 16:25:50,541] >> epoch 3/1030000, average cost 247.572098
[2016-11-18 16:27:34,665] >> epoch 3/1040000, average cost 247.265320
[2016-11-18 16:28:57,662] >> epoch 3/1050000, average cost 247.545853
[2016-11-18 16:30:35,884] >> epoch 3/1060000, average cost 247.527298
[2016-11-18 16:31:57,066] >> epoch 3/1070000, average cost 247.320129
[2016-11-18 16:33:38,478] >> epoch 3/1080000, average cost 247.661957
[2016-11-18 16:34:57,349] >> epoch 3/1090000, average cost 247.770447
[2016-11-18 16:36:20,959] >> epoch 3/1100000, average cost 248.140350
[2016-11-18 16:37:33,983] >> epoch 3/1110000, average cost 247.587402
[2016-11-18 16:38:47,258] >> epoch 3/1120000, average cost 247.436157
[2016-11-18 16:39:50,675] >> epoch 3/1130000, average cost 247.488998
[2016-11-18 16:40:42,812] >> epoch 3/1140000, average cost 247.586670
[2016-11-18 16:42:03,141] >> epoch 3/1150000, average cost 247.457596
[2016-11-18 16:42:52,922] >> epoch 3/1160000, average cost 247.916672
[2016-11-18 16:43:55,782] >> epoch 3/1170000, average cost 247.488953
[2016-11-18 16:44:46,471] >> epoch 3/1180000, average cost 247.197571
[2016-11-18 16:46:15,738] >> epoch 3/1190000, average cost 247.829575
[2016-11-18 16:47:12,179] >> epoch 3/1200000, average cost 247.674728
[2016-11-18 16:48:25,178] >> epoch 3/1210000, average cost 246.826981
[2016-11-18 16:49:21,183] >> epoch 3/1220000, average cost 247.424103
[2016-11-18 16:50:33,963] >> epoch 3/1230000, average cost 247.385193
[2016-11-18 16:51:23,897] >> epoch 3/1240000, average cost 247.281799
[2016-11-18 16:52:49,069] >> epoch 3/1250000, average cost 247.165070
[2016-11-18 16:53:55,954] >> epoch 3/1260000, average cost 247.107849
[2016-11-18 16:55:05,655] >> epoch 3/1270000, average cost 246.907974
[2016-11-18 16:56:07,242] >> epoch 3/1280000, average cost 247.228027
[2016-11-18 16:57:36,131] >> epoch 3/1290000, average cost 247.357681
[2016-11-18 16:59:04,325] >> epoch 3/1300000, average cost 247.353378
[2016-11-18 17:00:05,427] >> epoch 3/1310000, average cost 247.775681
[2016-11-18 17:01:41,435] >> epoch 3/1320000, average cost 247.439331
[2016-11-18 17:02:52,773] >> epoch 3/1330000, average cost 247.369598
[2016-11-18 17:03:11,377] >> epoch 4/1333320, average cost 247.464554
[2016-11-18 17:04:58,954] >> epoch 4/1350000, average cost 247.427368
[2016-11-18 17:06:30,814] >> epoch 4/1360000, average cost 247.743744
[2016-11-18 17:07:38,277] >> epoch 4/1370000, average cost 247.237625
[2016-11-18 17:09:04,210] >> epoch 4/1380000, average cost 247.339279
[2016-11-18 17:10:02,553] >> epoch 4/1390000, average cost 247.504822
[2016-11-18 17:11:29,107] >> epoch 4/1400000, average cost 247.240173
[2016-11-18 17:12:50,255] >> epoch 4/1410000, average cost 247.441895
[2016-11-18 17:14:22,010] >> epoch 4/1420000, average cost 247.783371
[2016-11-18 17:15:24,751] >> epoch 4/1430000, average cost 247.847122
[2016-11-18 17:17:11,802] >> epoch 4/1440000, average cost 247.833420
[2016-11-18 17:18:17,031] >> epoch 4/1450000, average cost 247.466431
[2016-11-18 17:19:37,575] >> epoch 4/1460000, average cost 247.066696
[2016-11-18 17:20:32,795] >> epoch 4/1470000, average cost 247.606323
[2016-11-18 17:21:31,626] >> epoch 4/1480000, average cost 247.455368
[2016-11-18 17:22:38,183] >> epoch 4/1490000, average cost 247.693405
[2016-11-18 17:24:22,328] >> epoch 4/1500000, average cost 247.591949
[2016-11-18 17:25:43,704] >> epoch 4/1510000, average cost 247.085007
[2016-11-18 17:27:20,698] >> epoch 4/1520000, average cost 247.583923
[2016-11-18 17:29:17,829] >> epoch 4/1530000, average cost 247.701355
[2016-11-18 17:30:59,850] >> epoch 4/1540000, average cost 246.986771
[2016-11-18 17:32:54,220] >> epoch 4/1550000, average cost 247.191406
[2016-11-18 17:35:10,240] >> epoch 4/1560000, average cost 247.247147
[2016-11-18 17:37:13,287] >> epoch 4/1570000, average cost 247.492554
[2016-11-18 17:38:36,107] >> epoch 4/1580000, average cost 246.921906
[2016-11-18 17:40:39,232] >> epoch 4/1590000, average cost 247.157547
[2016-11-18 17:41:58,574] >> epoch 4/1600000, average cost 246.798828
[2016-11-18 17:43:49,992] >> epoch 4/1610000, average cost 247.086777
[2016-11-18 17:46:38,951] >> epoch 4/1620000, average cost 247.363129
[2016-11-18 17:47:52,886] >> epoch 4/1630000, average cost 247.171356
[2016-11-18 17:50:47,659] >> epoch 4/1640000, average cost 247.524796
[2016-11-18 17:51:57,310] >> epoch 4/1650000, average cost 247.608597
[2016-11-18 17:53:33,694] >> epoch 4/1660000, average cost 247.349243
[2016-11-18 17:54:06,538] >> epoch 5/1666650, average cost 247.389526
[2016-11-18 17:55:39,093] >> epoch 5/1680000, average cost 247.073700
[2016-11-18 17:56:41,436] >> epoch 5/1690000, average cost 247.909119
[2016-11-18 17:58:10,945] >> epoch 5/1700000, average cost 247.297852
[2016-11-18 17:59:23,714] >> epoch 5/1710000, average cost 247.167877
[2016-11-18 18:00:53,142] >> epoch 5/1720000, average cost 247.439499
[2016-11-18 18:02:04,303] >> epoch 5/1730000, average cost 247.248383
[2016-11-18 18:03:30,793] >> epoch 5/1740000, average cost 247.295853
[2016-11-18 18:04:36,857] >> epoch 5/1750000, average cost 247.671906
[2016-11-18 18:05:57,949] >> epoch 5/1760000, average cost 247.612778
[2016-11-18 18:07:07,584] >> epoch 5/1770000, average cost 248.045319
[2016-11-18 18:08:33,494] >> epoch 5/1780000, average cost 247.281982
[2016-11-18 18:09:46,300] >> epoch 5/1790000, average cost 246.999893
[2016-11-18 18:10:38,016] >> epoch 5/1800000, average cost 247.629471
[2016-11-18 18:12:16,590] >> epoch 5/1810000, average cost 247.470596
[2016-11-18 18:13:23,847] >> epoch 5/1820000, average cost 247.434280
[2016-11-18 18:14:55,175] >> epoch 5/1830000, average cost 247.716904
[2016-11-18 18:15:57,243] >> epoch 5/1840000, average cost 247.109299
[2016-11-18 18:17:18,795] >> epoch 5/1850000, average cost 247.243774
[2016-11-18 18:18:10,597] >> epoch 5/1860000, average cost 247.735855
[2016-11-18 18:19:58,874] >> epoch 5/1870000, average cost 247.353928
[2016-11-18 18:21:10,633] >> epoch 5/1880000, average cost 246.795151
[2016-11-18 18:23:10,148] >> epoch 5/1890000, average cost 247.248718
[2016-11-18 18:24:24,366] >> epoch 5/1900000, average cost 247.443497
[2016-11-18 18:26:00,070] >> epoch 5/1910000, average cost 246.873581
[2016-11-18 18:27:28,206] >> epoch 5/1920000, average cost 247.131393
[2016-11-18 18:29:10,790] >> epoch 5/1930000, average cost 246.823700
[2016-11-18 18:30:20,265] >> epoch 5/1940000, average cost 246.876770
[2016-11-18 18:32:07,355] >> epoch 5/1950000, average cost 247.225052
[2016-11-18 18:33:51,593] >> epoch 5/1960000, average cost 247.118851
[2016-11-18 18:35:14,667] >> epoch 5/1970000, average cost 247.387177
[2016-11-18 18:37:13,532] >> epoch 5/1980000, average cost 247.723251
[2016-11-18 18:38:22,115] >> epoch 5/1990000, average cost 247.191330
[2016-11-18 18:39:38,234] >> epoch 6/1999980, average cost 247.328476
[2016-11-18 18:39:49,902] >> epoch 7/2000000, average cost 247.405670
[2016-11-18 18:39:49,906] >> Training finished in 5:30:19.304004
[2016-11-18 18:40:05,719] >> Loading model
[2016-11-18 18:40:06,320] >> Loading datasets
[2016-11-18 18:40:06,339] >> Reconstruction training started with arguments:
{'activation_noise': None,
 'adadelta': False,
 'adadelta_epsilon': '1e-6',
 'adadelta_rho': '0.95',
 'adagrad': False,
 'adagrad_decay': False,
 'batch_size': 128,
 'ce_sparsity': 0.01,
 'ce_sparsity_weight': 0.0,
 'compound': False,
 'corruption_level': 0.2,
 'datasets': (DatasetContainer [PFileStreamDataset@/home/ddraper/train.pfile],
              DatasetContainer [],
              DatasetContainer []),
 'epochs': 50,
 'fix_layers': [],
 'graph': False,
 'hooks': [],
 'l1_reg': '0.0',
 'l2_reg': '0.0',
 'layer_args': {1: {}, 2: {}},
 'layers': [3],
 'learning_rate': '0.01',
 'loss': 'crossentropy',
 'minibatches': 2000000,
 'momentum': '',
 'noise': 'mask',
 'sparsity': 0.05,
 'sparsity_weight': 0.0,
 'validate': False,
 'verbosity': 1,
 'warn': False}
[2016-11-18 18:40:06,339] >> Reconstruction training started with da:
{'hidden_activation': u'sigmoid',
 'n_hidden': 1000,
 'n_visible': 1000,
 'tied_weights': True,
 'visible_activation': u'sigmoid'}
[2016-11-18 18:40:06,339] >> Compiling theano graph
Using gpu device 0: Tesla M2075 (CNMeM is disabled, cuDNN not available)
[2016-11-18 18:40:24,079] >> Training started
[2016-11-18 18:41:21,111] >> epoch 0/10000, average cost 460.638092
[2016-11-18 18:42:41,154] >> epoch 0/20000, average cost 453.912506
[2016-11-18 18:43:52,455] >> epoch 0/30000, average cost 452.826996
[2016-11-18 18:45:32,286] >> epoch 0/40000, average cost 452.310547
[2016-11-18 18:46:38,845] >> epoch 0/50000, average cost 451.978455
[2016-11-18 18:48:11,159] >> epoch 0/60000, average cost 451.741302
[2016-11-18 18:49:16,703] >> epoch 0/70000, average cost 451.670746
[2016-11-18 18:50:36,297] >> epoch 0/80000, average cost 451.433685
[2016-11-18 18:51:39,995] >> epoch 0/90000, average cost 451.357300
[2016-11-18 18:53:02,734] >> epoch 0/100000, average cost 451.255402
[2016-11-18 18:54:09,667] >> epoch 0/110000, average cost 451.143097
[2016-11-18 18:55:39,090] >> epoch 0/120000, average cost 451.045807
[2016-11-18 18:56:47,037] >> epoch 0/130000, average cost 450.860046
[2016-11-18 18:57:50,139] >> epoch 0/140000, average cost 450.802948
[2016-11-18 18:58:57,403] >> epoch 0/150000, average cost 450.629364
[2016-11-18 18:59:56,298] >> epoch 0/160000, average cost 450.632507
[2016-11-18 19:01:08,691] >> epoch 0/170000, average cost 450.481110
[2016-11-18 19:02:11,026] >> epoch 0/180000, average cost 450.409790
[2016-11-18 19:03:21,358] >> epoch 0/190000, average cost 450.335907
[2016-11-18 19:04:23,385] >> epoch 0/200000, average cost 450.285492
[2016-11-18 19:05:37,108] >> epoch 0/210000, average cost 450.311157
[2016-11-18 19:06:46,216] >> epoch 0/220000, average cost 450.184998
[2016-11-18 19:07:58,625] >> epoch 0/230000, average cost 450.182648
[2016-11-18 19:08:59,567] >> epoch 0/240000, average cost 449.894012
[2016-11-18 19:10:17,548] >> epoch 0/250000, average cost 450.018646
[2016-11-18 19:11:22,811] >> epoch 0/260000, average cost 449.886749
[2016-11-18 19:12:28,646] >> epoch 0/270000, average cost 449.789337
[2016-11-18 19:13:32,502] >> epoch 0/280000, average cost 449.812286
[2016-11-18 19:14:50,209] >> epoch 0/290000, average cost 449.797394
[2016-11-18 19:16:05,099] >> epoch 0/300000, average cost 449.635254
[2016-11-18 19:16:57,265] >> epoch 0/310000, average cost 449.738556
[2016-11-18 19:18:31,122] >> epoch 0/320000, average cost 449.756195
[2016-11-18 19:19:42,547] >> epoch 0/330000, average cost 449.645355
[2016-11-18 19:20:02,522] >> epoch 1/333330, average cost 451.027618
[2016-11-18 19:21:57,715] >> epoch 1/350000, average cost 449.509460
[2016-11-18 19:23:25,158] >> epoch 1/360000, average cost 449.446136
[2016-11-18 19:24:34,830] >> epoch 1/370000, average cost 449.540253
[2016-11-18 19:25:53,713] >> epoch 1/380000, average cost 449.436462
[2016-11-18 19:26:55,750] >> epoch 1/390000, average cost 449.334290
[2016-11-18 19:28:12,648] >> epoch 1/400000, average cost 449.409912
[2016-11-18 19:29:11,214] >> epoch 1/410000, average cost 449.327057
[2016-11-18 19:30:18,162] >> epoch 1/420000, average cost 449.285400
[2016-11-18 19:31:13,549] >> epoch 1/430000, average cost 449.298187
[2016-11-18 19:32:31,636] >> epoch 1/440000, average cost 449.259796
[2016-11-18 19:33:29,733] >> epoch 1/450000, average cost 449.278748
[2016-11-18 19:34:51,575] >> epoch 1/460000, average cost 449.187103
[2016-11-18 19:36:10,535] >> epoch 1/470000, average cost 449.169037
[2016-11-18 19:37:58,419] >> epoch 1/480000, average cost 449.109161
[2016-11-18 19:40:04,497] >> epoch 1/490000, average cost 449.134613
[2016-11-18 19:41:31,634] >> epoch 1/500000, average cost 449.101959
[2016-11-18 19:43:43,439] >> epoch 1/510000, average cost 449.056396
[2016-11-18 19:46:31,785] >> epoch 1/520000, average cost 449.089661
[2016-11-18 19:49:24,764] >> epoch 1/530000, average cost 449.079712
[2016-11-18 19:50:49,906] >> epoch 1/540000, average cost 449.145142
[2016-11-18 19:52:12,899] >> epoch 1/550000, average cost 449.144501
[2016-11-18 19:53:23,898] >> epoch 1/560000, average cost 449.154205
[2016-11-18 19:54:46,958] >> epoch 1/570000, average cost 448.966736
[2016-11-18 19:55:59,740] >> epoch 1/580000, average cost 449.046265
[2016-11-18 19:57:27,229] >> epoch 1/590000, average cost 449.021698
[2016-11-18 19:58:37,523] >> epoch 1/600000, average cost 448.921204
[2016-11-18 20:00:25,798] >> epoch 1/610000, average cost 449.067444
[2016-11-18 20:02:05,410] >> epoch 1/620000, average cost 448.991394
[2016-11-18 20:03:23,797] >> epoch 1/630000, average cost 448.981140
[2016-11-18 20:05:05,712] >> epoch 1/640000, average cost 448.953064
[2016-11-18 20:06:27,299] >> epoch 1/650000, average cost 449.108398
[2016-11-18 20:08:07,786] >> epoch 1/660000, average cost 449.044800
[2016-11-18 20:08:41,270] >> epoch 2/666660, average cost 449.177368
[2016-11-18 20:11:07,821] >> epoch 2/680000, average cost 448.948853
[2016-11-18 20:12:21,459] >> epoch 2/690000, average cost 448.865662
[2016-11-18 20:13:42,742] >> epoch 2/700000, average cost 449.005402
[2016-11-18 20:14:58,833] >> epoch 2/710000, average cost 448.919586
[2016-11-18 20:16:33,692] >> epoch 2/720000, average cost 448.870392
[2016-11-18 20:17:42,954] >> epoch 2/730000, average cost 448.886749
[2016-11-18 20:19:06,908] >> epoch 2/740000, average cost 448.917358
[2016-11-18 20:20:11,029] >> epoch 2/750000, average cost 448.816864
[2016-11-18 20:21:42,302] >> epoch 2/760000, average cost 448.859802
[2016-11-18 20:22:50,984] >> epoch 2/770000, average cost 448.836456
[2016-11-18 20:24:24,400] >> epoch 2/780000, average cost 448.875549
[2016-11-18 20:25:33,491] >> epoch 2/790000, average cost 448.834137
[2016-11-18 20:27:19,780] >> epoch 2/800000, average cost 448.764252
[2016-11-18 20:28:59,487] >> epoch 2/810000, average cost 448.785645
[2016-11-18 20:30:16,290] >> epoch 2/820000, average cost 448.735046
[2016-11-18 20:31:57,328] >> epoch 2/830000, average cost 448.776001
[2016-11-18 20:33:11,293] >> epoch 2/840000, average cost 448.715790
[2016-11-18 20:34:45,465] >> epoch 2/850000, average cost 448.762787
[2016-11-18 20:36:04,856] >> epoch 2/860000, average cost 448.746552
[2016-11-18 20:37:49,790] >> epoch 2/870000, average cost 448.779785
[2016-11-18 20:38:59,438] >> epoch 2/880000, average cost 448.885498
[2016-11-18 20:40:42,755] >> epoch 2/890000, average cost 448.809204
[2016-11-18 20:41:49,599] >> epoch 2/900000, average cost 448.783752
[2016-11-18 20:43:25,232] >> epoch 2/910000, average cost 448.683990
[2016-11-18 20:44:46,510] >> epoch 2/920000, average cost 448.793243
[2016-11-18 20:46:25,410] >> epoch 2/930000, average cost 448.700562
[2016-11-18 20:47:49,654] >> epoch 2/940000, average cost 448.770813
[2016-11-18 20:49:21,276] >> epoch 2/950000, average cost 448.712463
[2016-11-18 20:51:10,342] >> epoch 2/960000, average cost 448.792206
[2016-11-18 20:52:34,776] >> epoch 2/970000, average cost 448.640106
[2016-11-18 20:54:17,122] >> epoch 2/980000, average cost 448.845642
[2016-11-18 20:55:40,956] >> epoch 2/990000, average cost 448.831299
[2016-11-18 20:56:56,820] >> epoch 3/999990, average cost 448.809967
[2016-11-18 20:58:57,717] >> epoch 3/1010000, average cost 448.702362
[2016-11-18 21:00:38,474] >> epoch 3/1020000, average cost 448.665558
[2016-11-18 21:01:51,644] >> epoch 3/1030000, average cost 448.734802
[2016-11-18 21:03:27,266] >> epoch 3/1040000, average cost 448.742615
[2016-11-18 21:04:32,674] >> epoch 3/1050000, average cost 448.684113
[2016-11-18 21:06:17,277] >> epoch 3/1060000, average cost 448.645142
[2016-11-18 21:07:25,943] >> epoch 3/1070000, average cost 448.745209
[2016-11-18 21:09:05,561] >> epoch 3/1080000, average cost 448.624695
[2016-11-18 21:10:20,774] >> epoch 3/1090000, average cost 448.657349
[2016-11-18 21:11:57,023] >> epoch 3/1100000, average cost 448.656555
[2016-11-18 21:13:12,396] >> epoch 3/1110000, average cost 448.662750
[2016-11-18 21:14:54,654] >> epoch 3/1120000, average cost 448.673889
[2016-11-18 21:16:19,455] >> epoch 3/1130000, average cost 448.582336
[2016-11-18 21:17:58,237] >> epoch 3/1140000, average cost 448.619385
[2016-11-18 21:19:42,035] >> epoch 3/1150000, average cost 448.539215
[2016-11-18 21:21:03,993] >> epoch 3/1160000, average cost 448.629486
[2016-11-18 21:22:45,732] >> epoch 3/1170000, average cost 448.566956
[2016-11-18 21:23:54,484] >> epoch 3/1180000, average cost 448.576599
[2016-11-18 21:25:40,539] >> epoch 3/1190000, average cost 448.584015
[2016-11-18 21:26:40,456] >> epoch 3/1200000, average cost 448.597748
[2016-11-18 21:28:18,703] >> epoch 3/1210000, average cost 448.721710
[2016-11-18 21:29:31,257] >> epoch 3/1220000, average cost 448.651001
[2016-11-18 21:31:12,732] >> epoch 3/1230000, average cost 448.709564
[2016-11-18 21:32:21,661] >> epoch 3/1240000, average cost 448.479065
[2016-11-18 21:33:57,779] >> epoch 3/1250000, average cost 448.671997
[2016-11-18 21:35:21,273] >> epoch 3/1260000, average cost 448.591888
[2016-11-18 21:37:02,683] >> epoch 3/1270000, average cost 448.539154
[2016-11-18 21:38:21,539] >> epoch 3/1280000, average cost 448.619110
[2016-11-18 21:40:06,717] >> epoch 3/1290000, average cost 448.637146
[2016-11-18 21:41:56,018] >> epoch 3/1300000, average cost 448.519104
[2016-11-18 21:43:14,284] >> epoch 3/1310000, average cost 448.667053
[2016-11-18 21:45:00,787] >> epoch 3/1320000, average cost 448.724701
[2016-11-18 21:46:24,387] >> epoch 3/1330000, average cost 448.646057
[2016-11-18 21:46:40,457] >> epoch 4/1333320, average cost 448.637726
[2016-11-18 21:49:40,246] >> epoch 4/1350000, average cost 448.574493
[2016-11-18 21:51:30,140] >> epoch 4/1360000, average cost 448.535553
[2016-11-18 21:52:42,543] >> epoch 4/1370000, average cost 448.664490
[2016-11-18 21:54:29,516] >> epoch 4/1380000, average cost 448.589264
[2016-11-18 21:55:35,283] >> epoch 4/1390000, average cost 448.510010
[2016-11-18 21:57:20,069] >> epoch 4/1400000, average cost 448.614807
[2016-11-18 21:58:25,066] >> epoch 4/1410000, average cost 448.542694
[2016-11-18 21:59:51,950] >> epoch 4/1420000, average cost 448.521088
[2016-11-18 22:01:03,341] >> epoch 4/1430000, average cost 448.557190
[2016-11-18 22:02:37,782] >> epoch 4/1440000, average cost 448.533051
[2016-11-18 22:03:51,692] >> epoch 4/1450000, average cost 448.580200
[2016-11-18 22:05:29,175] >> epoch 4/1460000, average cost 448.508514
[2016-11-18 22:06:43,859] >> epoch 4/1470000, average cost 448.496185
[2016-11-18 22:08:31,131] >> epoch 4/1480000, average cost 448.456299
[2016-11-18 22:10:13,022] >> epoch 4/1490000, average cost 448.504242
[2016-11-18 22:11:24,773] >> epoch 4/1500000, average cost 448.472412
[2016-11-18 22:13:02,386] >> epoch 4/1510000, average cost 448.457336
[2016-11-18 22:14:20,254] >> epoch 4/1520000, average cost 448.493256
[2016-11-18 22:15:57,974] >> epoch 4/1530000, average cost 448.496094
[2016-11-18 22:17:12,140] >> epoch 4/1540000, average cost 448.569641
[2016-11-18 22:18:53,367] >> epoch 4/1550000, average cost 448.602692
[2016-11-18 22:20:11,882] >> epoch 4/1560000, average cost 448.611664
[2016-11-18 22:21:43,275] >> epoch 4/1570000, average cost 448.428497
[2016-11-18 22:22:48,620] >> epoch 4/1580000, average cost 448.534454
[2016-11-18 22:24:33,783] >> epoch 4/1590000, average cost 448.513641
[2016-11-18 22:25:47,878] >> epoch 4/1600000, average cost 448.422607
[2016-11-18 22:27:31,221] >> epoch 4/1610000, average cost 448.580597
[2016-11-18 22:29:08,692] >> epoch 4/1620000, average cost 448.508850
[2016-11-18 22:30:21,497] >> epoch 4/1630000, average cost 448.504700
[2016-11-18 22:32:03,661] >> epoch 4/1640000, average cost 448.483765
[2016-11-18 22:33:24,797] >> epoch 4/1650000, average cost 448.658508
[2016-11-18 22:35:20,371] >> epoch 4/1660000, average cost 448.604187
[2016-11-18 22:35:52,597] >> epoch 5/1666650, average cost 448.535217
[2016-11-18 22:38:33,699] >> epoch 5/1680000, average cost 448.513489
[2016-11-18 22:39:46,899] >> epoch 5/1690000, average cost 448.437012
[2016-11-18 22:41:34,550] >> epoch 5/1700000, average cost 448.583038
[2016-11-18 22:42:47,020] >> epoch 5/1710000, average cost 448.514404
[2016-11-18 22:44:31,423] >> epoch 5/1720000, average cost 448.460297
[2016-11-18 22:45:39,587] >> epoch 5/1730000, average cost 448.496460
[2016-11-18 22:47:09,198] >> epoch 5/1740000, average cost 448.523560
[2016-11-18 22:48:33,900] >> epoch 5/1750000, average cost 448.429108
[2016-11-18 22:50:01,713] >> epoch 5/1760000, average cost 448.482239
[2016-11-18 22:51:21,070] >> epoch 5/1770000, average cost 448.460693
[2016-11-18 22:53:06,697] >> epoch 5/1780000, average cost 448.505249
[2016-11-18 22:54:20,779] >> epoch 5/1790000, average cost 448.480804
[2016-11-18 22:56:00,338] >> epoch 5/1800000, average cost 448.403198
[2016-11-18 22:57:41,333] >> epoch 5/1810000, average cost 448.436798
[2016-11-18 22:58:56,134] >> epoch 5/1820000, average cost 448.389404
[2016-11-18 23:00:37,079] >> epoch 5/1830000, average cost 448.436310
[2016-11-18 23:01:46,824] >> epoch 5/1840000, average cost 448.389740
[2016-11-18 23:04:36,292] >> epoch 5/1850000, average cost 448.423187
[2016-11-18 23:06:32,071] >> epoch 5/1860000, average cost 448.423248
[2016-11-18 23:09:32,702] >> epoch 5/1870000, average cost 448.459747
[2016-11-18 23:11:20,136] >> epoch 5/1880000, average cost 448.569305
[2016-11-18 23:14:22,803] >> epoch 5/1890000, average cost 448.498993
[2016-11-18 23:16:10,214] >> epoch 5/1900000, average cost 448.472565
[2016-11-18 23:19:05,677] >> epoch 5/1910000, average cost 448.379791
[2016-11-18 23:20:54,730] >> epoch 5/1920000, average cost 448.498505
[2016-11-18 23:24:05,948] >> epoch 5/1930000, average cost 448.404236
[2016-11-18 23:25:57,964] >> epoch 5/1940000, average cost 448.484161
[2016-11-18 23:28:49,908] >> epoch 5/1950000, average cost 448.428894
[2016-11-18 23:31:37,857] >> epoch 5/1960000, average cost 448.509186
[2016-11-18 23:33:31,658] >> epoch 5/1970000, average cost 448.362244
[2016-11-18 23:36:29,930] >> epoch 5/1980000, average cost 448.565002
[2016-11-18 23:38:09,479] >> epoch 5/1990000, average cost 448.558685
[2016-11-18 23:39:51,369] >> epoch 6/1999980, average cost 448.468475
[2016-11-18 23:41:13,671] >> epoch 7/2000000, average cost 448.433838
[2016-11-18 23:41:13,686] >> Training finished in 5:00:49.578025
[2016-11-18 23:42:34,109] >> Loading model
[2016-11-18 23:42:34,671] >> Loading datasets
[2016-11-18 23:42:34,695] >> Reconstruction training started with arguments:
{'activation_noise': None,
 'adadelta': False,
 'adadelta_epsilon': '1e-6',
 'adadelta_rho': '0.95',
 'adagrad': False,
 'adagrad_decay': False,
 'batch_size': 128,
 'ce_sparsity': 0.01,
 'ce_sparsity_weight': 0.0,
 'compound': False,
 'corruption_level': 0.2,
 'datasets': (DatasetContainer [PFileStreamDataset@/home/ddraper/train.pfile],
              DatasetContainer [],
              DatasetContainer []),
 'epochs': 50,
 'fix_layers': [],
 'graph': False,
 'hooks': [],
 'l1_reg': '0.0',
 'l2_reg': '0.0',
 'layer_args': {1: {}, 2: {}, 3: {}},
 'layers': [4],
 'learning_rate': '0.01',
 'loss': 'crossentropy',
 'minibatches': 2000000,
 'momentum': '',
 'noise': 'mask',
 'sparsity': 0.05,
 'sparsity_weight': 0.0,
 'validate': False,
 'verbosity': 1,
 'warn': False}
[2016-11-18 23:42:34,695] >> Reconstruction training started with da:
{'hidden_activation': u'sigmoid',
 'n_hidden': 1000,
 'n_visible': 1000,
 'tied_weights': True,
 'visible_activation': u'sigmoid'}
[2016-11-18 23:42:34,695] >> Compiling theano graph
Using gpu device 0: Tesla M2075 (CNMeM is disabled, cuDNN not available)
[2016-11-18 23:43:05,517] >> Training started
[2016-11-18 23:44:10,937] >> epoch 0/10000, average cost 104.966003
[2016-11-18 23:46:42,401] >> epoch 0/20000, average cost 101.500702
[2016-11-18 23:48:24,371] >> epoch 0/30000, average cost 100.601578
[2016-11-18 23:50:41,251] >> epoch 0/40000, average cost 100.034752
[2016-11-18 23:52:18,963] >> epoch 0/50000, average cost 100.110466
[2016-11-18 23:54:41,160] >> epoch 0/60000, average cost 99.993111
[2016-11-18 23:56:26,420] >> epoch 0/70000, average cost 99.686928
[2016-11-18 23:58:54,411] >> epoch 0/80000, average cost 99.932999
[2016-11-19 00:00:18,681] >> epoch 0/90000, average cost 100.007446
[2016-11-19 00:02:45,036] >> epoch 0/100000, average cost 100.234512
[2016-11-19 00:04:23,793] >> epoch 0/110000, average cost 99.691078
[2016-11-19 00:07:03,410] >> epoch 0/120000, average cost 99.512177
[2016-11-19 00:08:57,091] >> epoch 0/130000, average cost 99.544617
[2016-11-19 00:11:58,231] >> epoch 0/140000, average cost 99.552025
[2016-11-19 00:14:18,289] >> epoch 0/150000, average cost 99.476463
[2016-11-19 00:15:56,196] >> epoch 0/160000, average cost 99.743851
[2016-11-19 00:18:30,786] >> epoch 0/170000, average cost 99.434715
[2016-11-19 00:20:21,273] >> epoch 0/180000, average cost 99.161560
[2016-11-19 00:23:12,792] >> epoch 0/190000, average cost 99.645554
[2016-11-19 00:25:04,516] >> epoch 0/200000, average cost 99.503387
[2016-11-19 00:27:54,447] >> epoch 0/210000, average cost 98.725311
[2016-11-19 00:29:44,449] >> epoch 0/220000, average cost 99.223038
[2016-11-19 00:32:20,860] >> epoch 0/230000, average cost 99.103935
[2016-11-19 00:34:21,287] >> epoch 0/240000, average cost 99.126434
[2016-11-19 00:37:06,717] >> epoch 0/250000, average cost 98.888947
[2016-11-19 00:39:00,983] >> epoch 0/260000, average cost 98.880814
[2016-11-19 00:42:03,114] >> epoch 0/270000, average cost 98.676064
[2016-11-19 00:43:58,722] >> epoch 0/280000, average cost 98.941910
[2016-11-19 00:46:35,114] >> epoch 0/290000, average cost 99.024094
[2016-11-19 00:49:33,195] >> epoch 0/300000, average cost 99.014664
[2016-11-19 00:51:30,401] >> epoch 0/310000, average cost 99.334633
[2016-11-19 00:54:07,952] >> epoch 0/320000, average cost 98.903435
[2016-11-19 00:55:58,284] >> epoch 0/330000, average cost 98.943192
[2016-11-19 00:56:19,541] >> epoch 1/333330, average cost 99.664749
[2016-11-19 00:59:01,426] >> epoch 1/350000, average cost 98.997704
[2016-11-19 01:01:38,130] >> epoch 1/360000, average cost 99.263222
[2016-11-19 01:03:29,447] >> epoch 1/370000, average cost 98.721512
[2016-11-19 01:05:52,396] >> epoch 1/380000, average cost 98.852028
[2016-11-19 01:07:27,237] >> epoch 1/390000, average cost 98.956215
[2016-11-19 01:10:04,827] >> epoch 1/400000, average cost 98.693291
[2016-11-19 01:11:51,469] >> epoch 1/410000, average cost 98.900703
[2016-11-19 01:14:10,683] >> epoch 1/420000, average cost 99.226906
[2016-11-19 01:15:51,270] >> epoch 1/430000, average cost 99.266342
[2016-11-19 01:18:20,405] >> epoch 1/440000, average cost 99.166962
[2016-11-19 01:19:55,508] >> epoch 1/450000, average cost 98.855461
[2016-11-19 01:22:22,113] >> epoch 1/460000, average cost 98.492538
[2016-11-19 01:24:16,307] >> epoch 1/470000, average cost 98.972847
[2016-11-19 01:27:08,927] >> epoch 1/480000, average cost 98.821815
[2016-11-19 01:29:42,443] >> epoch 1/490000, average cost 98.952087
[2016-11-19 01:31:30,988] >> epoch 1/500000, average cost 98.941910
[2016-11-19 01:34:20,081] >> epoch 1/510000, average cost 98.496674
[2016-11-19 01:36:11,060] >> epoch 1/520000, average cost 98.913162
[2016-11-19 01:39:00,007] >> epoch 1/530000, average cost 98.948997
[2016-11-19 01:40:56,729] >> epoch 1/540000, average cost 98.364906
[2016-11-19 01:43:42,808] >> epoch 1/550000, average cost 98.491661
[2016-11-19 01:45:29,735] >> epoch 1/560000, average cost 98.489998
[2016-11-19 01:48:09,325] >> epoch 1/570000, average cost 98.758179
[2016-11-19 01:49:56,298] >> epoch 1/580000, average cost 98.241158
[2016-11-19 01:52:50,916] >> epoch 1/590000, average cost 98.421722
[2016-11-19 01:54:47,265] >> epoch 1/600000, average cost 98.144951
[2016-11-19 01:57:34,931] >> epoch 1/610000, average cost 98.320992
[2016-11-19 02:00:15,909] >> epoch 1/620000, average cost 98.600494
[2016-11-19 02:02:13,543] >> epoch 1/630000, average cost 98.373291
[2016-11-19 02:05:07,610] >> epoch 1/640000, average cost 98.716171
[2016-11-19 02:06:54,035] >> epoch 1/650000, average cost 98.653503
[2016-11-19 02:09:51,698] >> epoch 1/660000, average cost 98.422997
[2016-11-19 02:10:31,294] >> epoch 2/666660, average cost 98.730690
[2016-11-19 02:13:10,352] >> epoch 2/680000, average cost 98.276230
[2016-11-19 02:14:47,200] >> epoch 2/690000, average cost 98.982536
[2016-11-19 02:17:26,621] >> epoch 2/700000, average cost 98.394524
[2016-11-19 02:19:06,753] >> epoch 2/710000, average cost 98.302284
[2016-11-19 02:21:38,160] >> epoch 2/720000, average cost 98.494728
[2016-11-19 02:23:26,819] >> epoch 2/730000, average cost 98.348610
[2016-11-19 02:25:59,492] >> epoch 2/740000, average cost 98.373489
[2016-11-19 02:27:42,629] >> epoch 2/750000, average cost 98.738022
[2016-11-19 02:30:03,757] >> epoch 2/760000, average cost 98.695534
[2016-11-19 02:31:53,400] >> epoch 2/770000, average cost 99.002693
[2016-11-19 02:34:28,147] >> epoch 2/780000, average cost 98.341141
[2016-11-19 02:36:07,319] >> epoch 2/790000, average cost 98.037323
[2016-11-19 02:38:59,070] >> epoch 2/800000, average cost 98.651451
[2016-11-19 02:41:38,537] >> epoch 2/810000, average cost 98.438538
[2016-11-19 02:43:23,731] >> epoch 2/820000, average cost 98.424644
[2016-11-19 02:46:02,036] >> epoch 2/830000, average cost 98.659401
[2016-11-19 02:47:36,963] >> epoch 2/840000, average cost 98.131065
[2016-11-19 02:50:08,973] >> epoch 2/850000, average cost 98.252541
[2016-11-19 02:51:53,970] >> epoch 2/860000, average cost 98.613266
[2016-11-19 02:54:36,924] >> epoch 2/870000, average cost 98.320198
[2016-11-19 02:56:23,606] >> epoch 2/880000, average cost 97.778503
[2016-11-19 02:58:56,426] >> epoch 2/890000, average cost 98.158226
[2016-11-19 03:00:40,399] >> epoch 2/900000, average cost 98.305984
[2016-11-19 03:03:27,452] >> epoch 2/910000, average cost 97.876793
[2016-11-19 03:05:22,034] >> epoch 2/920000, average cost 97.991310
[2016-11-19 03:08:09,425] >> epoch 2/930000, average cost 97.802361
[2016-11-19 03:09:55,486] >> epoch 2/940000, average cost 97.748016
[2016-11-19 03:12:26,096] >> epoch 2/950000, average cost 98.141586
[2016-11-19 03:15:15,975] >> epoch 2/960000, average cost 97.940079
[2016-11-19 03:17:11,935] >> epoch 2/970000, average cost 98.233391
[2016-11-19 03:19:57,177] >> epoch 2/980000, average cost 98.432739
[2016-11-19 03:21:58,028] >> epoch 2/990000, average cost 97.892113
[2016-11-19 03:23:56,581] >> epoch 3/999990, average cost 98.299179
[2016-11-19 03:25:16,820] >> epoch 3/1010000, average cost 97.904686
[2016-11-19 03:27:47,603] >> epoch 3/1020000, average cost 98.413918
[2016-11-19 03:29:37,531] >> epoch 3/1030000, average cost 98.112335
[2016-11-19 03:32:21,685] >> epoch 3/1040000, average cost 97.795563
[2016-11-19 03:34:10,892] >> epoch 3/1050000, average cost 98.061859
[2016-11-19 03:36:42,420] >> epoch 3/1060000, average cost 98.053833
[2016-11-19 03:38:34,731] >> epoch 3/1070000, average cost 97.835228
[2016-11-19 03:41:20,543] >> epoch 3/1080000, average cost 98.164528
[2016-11-19 03:42:57,473] >> epoch 3/1090000, average cost 98.291725
[2016-11-19 03:45:30,447] >> epoch 3/1100000, average cost 98.569008
[2016-11-19 03:47:09,625] >> epoch 3/1110000, average cost 98.060371
[2016-11-19 03:49:49,635] >> epoch 3/1120000, average cost 97.906921
[2016-11-19 03:51:37,376] >> epoch 3/1130000, average cost 97.998489
[2016-11-19 03:54:18,736] >> epoch 3/1140000, average cost 98.033379
[2016-11-19 03:56:59,703] >> epoch 3/1150000, average cost 97.965553
[2016-11-19 03:58:51,135] >> epoch 3/1160000, average cost 98.267807
[2016-11-19 04:01:11,670] >> epoch 3/1170000, average cost 97.959976
[2016-11-19 04:02:55,627] >> epoch 3/1180000, average cost 97.724228
[2016-11-19 04:05:34,748] >> epoch 3/1190000, average cost 98.218857
[2016-11-19 04:07:20,025] >> epoch 3/1200000, average cost 98.095490
[2016-11-19 04:09:48,682] >> epoch 3/1210000, average cost 97.346916
[2016-11-19 04:11:38,908] >> epoch 3/1220000, average cost 97.862488
[2016-11-19 04:14:15,614] >> epoch 3/1230000, average cost 97.758537
[2016-11-19 04:15:54,533] >> epoch 3/1240000, average cost 97.779778
[2016-11-19 04:18:36,587] >> epoch 3/1250000, average cost 97.567856
[2016-11-19 04:20:19,610] >> epoch 3/1260000, average cost 97.591637
[2016-11-19 04:23:08,680] >> epoch 3/1270000, average cost 97.372131
[2016-11-19 04:24:52,508] >> epoch 3/1280000, average cost 97.675385
[2016-11-19 04:27:21,680] >> epoch 3/1290000, average cost 97.752197
[2016-11-19 04:30:13,962] >> epoch 3/1300000, average cost 97.750252
[2016-11-19 04:32:02,800] >> epoch 3/1310000, average cost 98.105125
[2016-11-19 04:35:03,339] >> epoch 3/1320000, average cost 97.662041
[2016-11-19 04:36:59,070] >> epoch 3/1330000, average cost 97.700623
[2016-11-19 04:37:20,361] >> epoch 4/1333320, average cost 97.920052
[2016-11-19 04:40:05,568] >> epoch 4/1350000, average cost 97.794662
[2016-11-19 04:42:44,008] >> epoch 4/1360000, average cost 98.058586
[2016-11-19 04:44:32,081] >> epoch 4/1370000, average cost 97.538864
[2016-11-19 04:47:19,382] >> epoch 4/1380000, average cost 97.690575
[2016-11-19 04:49:14,190] >> epoch 4/1390000, average cost 97.789665
[2016-11-19 04:51:52,507] >> epoch 4/1400000, average cost 97.546478
[2016-11-19 04:53:38,391] >> epoch 4/1410000, average cost 97.748985
[2016-11-19 04:56:26,270] >> epoch 4/1420000, average cost 98.074043
[2016-11-19 04:58:08,262] >> epoch 4/1430000, average cost 98.137062
[2016-11-19 05:00:53,483] >> epoch 4/1440000, average cost 98.048363
[2016-11-19 05:02:44,839] >> epoch 4/1450000, average cost 97.735535
[2016-11-19 05:05:34,878] >> epoch 4/1460000, average cost 97.383987
[2016-11-19 05:07:17,693] >> epoch 4/1470000, average cost 97.866837
[2016-11-19 05:10:01,083] >> epoch 4/1480000, average cost 97.731323
[2016-11-19 05:12:55,080] >> epoch 4/1490000, average cost 97.849174
[2016-11-19 05:14:29,848] >> epoch 4/1500000, average cost 97.855423
[2016-11-19 05:16:47,554] >> epoch 4/1510000, average cost 97.420662
[2016-11-19 05:18:38,093] >> epoch 4/1520000, average cost 97.836014
[2016-11-19 05:21:04,479] >> epoch 4/1530000, average cost 97.868607
[2016-11-19 05:22:44,557] >> epoch 4/1540000, average cost 97.300491
[2016-11-19 05:25:17,002] >> epoch 4/1550000, average cost 97.437965
[2016-11-19 05:26:55,957] >> epoch 4/1560000, average cost 97.443985
[2016-11-19 05:29:20,950] >> epoch 4/1570000, average cost 97.699242
[2016-11-19 05:31:05,735] >> epoch 4/1580000, average cost 97.203743
[2016-11-19 05:33:50,219] >> epoch 4/1590000, average cost 97.379997
[2016-11-19 05:35:32,852] >> epoch 4/1600000, average cost 97.103188
[2016-11-19 05:38:11,910] >> epoch 4/1610000, average cost 97.288986
[2016-11-19 05:41:00,743] >> epoch 4/1620000, average cost 97.567909
[2016-11-19 05:42:46,688] >> epoch 4/1630000, average cost 97.335152
[2016-11-19 05:45:26,285] >> epoch 4/1640000, average cost 97.695908
[2016-11-19 05:47:17,184] >> epoch 4/1650000, average cost 97.625900
[2016-11-19 05:50:18,906] >> epoch 4/1660000, average cost 97.409554
[2016-11-19 05:50:58,400] >> epoch 5/1666650, average cost 97.636589
[2016-11-19 05:53:17,940] >> epoch 5/1680000, average cost 97.264450
[2016-11-19 05:55:03,928] >> epoch 5/1690000, average cost 97.959229
[2016-11-19 05:57:52,091] >> epoch 5/1700000, average cost 97.376999
[2016-11-19 05:59:46,888] >> epoch 5/1710000, average cost 97.300209
[2016-11-19 06:02:44,740] >> epoch 5/1720000, average cost 97.484772
[2016-11-19 06:04:40,549] >> epoch 5/1730000, average cost 97.357323
[2016-11-19 06:07:29,800] >> epoch 5/1740000, average cost 97.368614
[2016-11-19 06:09:28,360] >> epoch 5/1750000, average cost 97.735466
[2016-11-19 06:12:05,390] >> epoch 5/1760000, average cost 97.697823
[2016-11-19 06:13:57,778] >> epoch 5/1770000, average cost 98.002541
[2016-11-19 06:16:57,335] >> epoch 5/1780000, average cost 97.367851
[2016-11-19 06:18:52,247] >> epoch 5/1790000, average cost 97.068634
[2016-11-19 06:21:27,766] >> epoch 5/1800000, average cost 97.691147
[2016-11-19 06:24:00,919] >> epoch 5/1810000, average cost 97.466209
[2016-11-19 06:25:51,835] >> epoch 5/1820000, average cost 97.475037
[2016-11-19 06:28:41,979] >> epoch 5/1830000, average cost 97.695290
[2016-11-19 06:30:19,937] >> epoch 5/1840000, average cost 97.208214
[2016-11-19 06:32:47,963] >> epoch 5/1850000, average cost 97.324249
[2016-11-19 06:34:38,251] >> epoch 5/1860000, average cost 97.703430
[2016-11-19 06:37:16,515] >> epoch 5/1870000, average cost 97.380974
[2016-11-19 06:39:06,525] >> epoch 5/1880000, average cost 96.892723
[2016-11-19 06:42:02,521] >> epoch 5/1890000, average cost 97.271263
[2016-11-19 06:43:51,407] >> epoch 5/1900000, average cost 97.405220
[2016-11-19 06:46:50,041] >> epoch 5/1910000, average cost 96.998123
[2016-11-19 06:48:48,628] >> epoch 5/1920000, average cost 97.126915
[2016-11-19 06:51:53,964] >> epoch 5/1930000, average cost 96.945648
[2016-11-19 06:53:56,518] >> epoch 5/1940000, average cost 96.897858
[2016-11-19 06:57:00,462] >> epoch 5/1950000, average cost 97.289322
[2016-11-19 07:00:06,785] >> epoch 5/1960000, average cost 97.111153
[2016-11-19 07:02:20,884] >> epoch 5/1970000, average cost 97.403336
[2016-11-19 07:05:29,442] >> epoch 5/1980000, average cost 97.594193
[2016-11-19 07:07:52,770] >> epoch 5/1990000, average cost 97.074097
[2016-11-19 07:10:06,643] >> epoch 6/1999980, average cost 97.369179
[2016-11-19 07:10:22,616] >> epoch 7/2000000, average cost 97.680244
[2016-11-19 07:10:22,630] >> Training finished in 7:27:17.099729
[2016-11-19 07:10:47,536] >> Loading model
[2016-11-19 07:10:48,033] >> Loading datasets
[2016-11-19 07:10:48,051] >> Reconstruction training started with arguments:
{'activation_noise': None,
 'adadelta': False,
 'adadelta_epsilon': '1e-6',
 'adadelta_rho': '0.95',
 'adagrad': False,
 'adagrad_decay': False,
 'batch_size': 128,
 'ce_sparsity': 0.01,
 'ce_sparsity_weight': 0.0,
 'compound': False,
 'corruption_level': 0.2,
 'datasets': (DatasetContainer [PFileStreamDataset@/home/ddraper/train.pfile],
              DatasetContainer [],
              DatasetContainer []),
 'epochs': 50,
 'fix_layers': [],
 'graph': False,
 'hooks': [],
 'l1_reg': '0.0',
 'l2_reg': '0.0',
 'layer_args': {1: {}, 2: {}, 3: {}, 4: {}},
 'layers': [5],
 'learning_rate': '0.01',
 'loss': 'crossentropy',
 'minibatches': 2000000,
 'momentum': '',
 'noise': 'mask',
 'sparsity': 0.05,
 'sparsity_weight': 0.0,
 'validate': False,
 'verbosity': 1,
 'warn': False}
[2016-11-19 07:10:48,051] >> Reconstruction training started with da:
{'hidden_activation': u'sigmoid',
 'n_hidden': 1000,
 'n_visible': 1000,
 'tied_weights': True,
 'visible_activation': u'sigmoid'}
[2016-11-19 07:10:48,051] >> Compiling theano graph
Using gpu device 0: Tesla M2075 (CNMeM is disabled, cuDNN not available)
[2016-11-19 07:11:07,537] >> Training started
[2016-11-19 07:12:15,437] >> epoch 0/10000, average cost 226.458969
[2016-11-19 07:15:01,317] >> epoch 0/20000, average cost 222.679001
[2016-11-19 07:16:59,301] >> epoch 0/30000, average cost 221.175293
[2016-11-19 07:19:58,603] >> epoch 0/40000, average cost 220.364120
[2016-11-19 07:21:50,961] >> epoch 0/50000, average cost 220.066132
[2016-11-19 07:24:26,712] >> epoch 0/60000, average cost 219.826523
[2016-11-19 07:26:21,602] >> epoch 0/70000, average cost 219.559082
[2016-11-19 07:29:15,355] >> epoch 0/80000, average cost 219.565399
[2016-11-19 07:31:05,501] >> epoch 0/90000, average cost 219.492996
[2016-11-19 07:33:58,908] >> epoch 0/100000, average cost 219.522507
[2016-11-19 07:35:57,795] >> epoch 0/110000, average cost 219.281921
[2016-11-19 07:39:06,338] >> epoch 0/120000, average cost 219.152496
[2016-11-19 07:40:57,167] >> epoch 0/130000, average cost 219.116272
[2016-11-19 07:43:23,353] >> epoch 0/140000, average cost 219.095169
[2016-11-19 07:46:24,956] >> epoch 0/150000, average cost 219.043381
[2016-11-19 07:48:27,204] >> epoch 0/160000, average cost 219.107697
[2016-11-19 07:51:17,167] >> epoch 0/170000, average cost 218.985825
[2016-11-19 07:53:05,045] >> epoch 0/180000, average cost 218.894257
[2016-11-19 07:55:41,984] >> epoch 0/190000, average cost 219.012924
[2016-11-19 07:57:33,562] >> epoch 0/200000, average cost 218.950180
[2016-11-19 08:00:09,489] >> epoch 0/210000, average cost 218.692596
[2016-11-19 08:01:59,266] >> epoch 0/220000, average cost 218.805893
[2016-11-19 08:04:17,961] >> epoch 0/230000, average cost 218.774780
[2016-11-19 08:06:13,196] >> epoch 0/240000, average cost 218.735382
[2016-11-19 08:08:44,323] >> epoch 0/250000, average cost 218.636627
[2016-11-19 08:10:25,577] >> epoch 0/260000, average cost 218.620773
[2016-11-19 08:13:04,946] >> epoch 0/270000, average cost 218.528595
[2016-11-19 08:14:53,015] >> epoch 0/280000, average cost 218.633148
[2016-11-19 08:17:30,198] >> epoch 0/290000, average cost 218.640793
[2016-11-19 08:20:22,759] >> epoch 0/300000, average cost 218.611847
[2016-11-19 08:22:09,034] >> epoch 0/310000, average cost 218.666550
[2016-11-19 08:25:10,005] >> epoch 0/320000, average cost 218.521103
[2016-11-19 08:27:26,857] >> epoch 0/330000, average cost 218.538269
[2016-11-19 08:27:50,192] >> epoch 1/333330, average cost 219.438446
[2016-11-19 08:30:52,252] >> epoch 1/350000, average cost 218.522156
[2016-11-19 08:33:42,923] >> epoch 1/360000, average cost 218.582779
[2016-11-19 08:35:37,161] >> epoch 1/370000, average cost 218.378525
[2016-11-19 08:38:42,581] >> epoch 1/380000, average cost 218.406494
[2016-11-19 08:40:41,494] >> epoch 1/390000, average cost 218.450302
[2016-11-19 08:43:44,934] >> epoch 1/400000, average cost 218.358276
[2016-11-19 08:45:41,276] >> epoch 1/410000, average cost 218.408005
[2016-11-19 08:48:50,648] >> epoch 1/420000, average cost 218.528702
[2016-11-19 08:50:50,040] >> epoch 1/430000, average cost 218.507248
[2016-11-19 08:53:47,772] >> epoch 1/440000, average cost 218.484756
[2016-11-19 08:55:52,606] >> epoch 1/450000, average cost 218.360992
[2016-11-19 08:58:42,026] >> epoch 1/460000, average cost 218.179596
[2016-11-19 09:00:37,256] >> epoch 1/470000, average cost 218.351456
[2016-11-19 09:03:40,388] >> epoch 1/480000, average cost 218.289749
[2016-11-19 09:06:40,287] >> epoch 1/490000, average cost 218.314651
[2016-11-19 09:08:26,080] >> epoch 1/500000, average cost 218.316650
[2016-11-19 09:11:09,809] >> epoch 1/510000, average cost 218.181030
[2016-11-19 09:13:10,357] >> epoch 1/520000, average cost 218.295258
[2016-11-19 09:15:43,682] >> epoch 1/530000, average cost 218.304993
[2016-11-19 09:17:35,240] >> epoch 1/540000, average cost 218.107422
[2016-11-19 09:20:06,708] >> epoch 1/550000, average cost 218.123779
[2016-11-19 09:21:52,334] >> epoch 1/560000, average cost 218.145096
[2016-11-19 09:24:20,884] >> epoch 1/570000, average cost 218.190018
[2016-11-19 09:26:07,811] >> epoch 1/580000, average cost 218.026703
[2016-11-19 09:28:43,845] >> epoch 1/590000, average cost 218.070145
[2016-11-19 09:30:46,588] >> epoch 1/600000, average cost 217.968994
[2016-11-19 09:33:34,704] >> epoch 1/610000, average cost 218.057556
[2016-11-19 09:36:35,814] >> epoch 1/620000, average cost 218.140945
[2016-11-19 09:38:38,834] >> epoch 1/630000, average cost 218.060776
[2016-11-19 09:41:51,433] >> epoch 1/640000, average cost 218.134354
[2016-11-19 09:43:59,754] >> epoch 1/650000, average cost 218.112228
[2016-11-19 09:47:24,683] >> epoch 1/660000, average cost 218.055374
[2016-11-19 09:48:07,956] >> epoch 2/666660, average cost 218.263153
[2016-11-19 09:50:47,393] >> epoch 2/680000, average cost 217.984772
[2016-11-19 09:52:37,294] >> epoch 2/690000, average cost 218.194977
[2016-11-19 09:55:54,884] >> epoch 2/700000, average cost 218.005280
[2016-11-19 09:57:57,472] >> epoch 2/710000, average cost 217.946106
[2016-11-19 10:01:04,463] >> epoch 2/720000, average cost 218.022980
[2016-11-19 10:03:18,702] >> epoch 2/730000, average cost 217.979156
[2016-11-19 10:06:34,489] >> epoch 2/740000, average cost 217.981018
[2016-11-19 10:08:31,655] >> epoch 2/750000, average cost 218.124146
[2016-11-19 10:11:31,906] >> epoch 2/760000, average cost 218.074127
[2016-11-19 10:13:39,899] >> epoch 2/770000, average cost 218.193207
[2016-11-19 10:16:42,963] >> epoch 2/780000, average cost 217.973755
[2016-11-19 10:18:54,072] >> epoch 2/790000, average cost 217.833649
[2016-11-19 10:21:42,451] >> epoch 2/800000, average cost 218.036850
[2016-11-19 10:24:45,284] >> epoch 2/810000, average cost 217.958496
[2016-11-19 10:26:55,295] >> epoch 2/820000, average cost 217.956955
[2016-11-19 10:30:12,925] >> epoch 2/830000, average cost 218.025726
[2016-11-19 10:32:14,322] >> epoch 2/840000, average cost 217.879120
[2016-11-19 10:33:45,658] >> epoch 2/850000, average cost 217.918182
[2016-11-19 10:35:05,326] >> epoch 2/860000, average cost 218.024582
[2016-11-19 10:36:44,321] >> epoch 2/870000, average cost 217.919403
[2016-11-19 10:38:04,684] >> epoch 2/880000, average cost 217.760529
[2016-11-19 10:39:47,219] >> epoch 2/890000, average cost 217.880798
[2016-11-19 10:41:05,630] >> epoch 2/900000, average cost 217.907974
[2016-11-19 10:42:47,223] >> epoch 2/910000, average cost 217.778580
[2016-11-19 10:44:12,004] >> epoch 2/920000, average cost 217.802094
[2016-11-19 10:45:47,752] >> epoch 2/930000, average cost 217.734695
[2016-11-19 10:47:11,321] >> epoch 2/940000, average cost 217.746399
[2016-11-19 10:48:42,731] >> epoch 2/950000, average cost 217.871521
[2016-11-19 10:50:10,975] >> epoch 2/960000, average cost 217.827072
[2016-11-19 10:51:41,028] >> epoch 2/970000, average cost 217.880096
[2016-11-19 10:53:24,753] >> epoch 2/980000, average cost 217.938080
[2016-11-19 10:54:44,662] >> epoch 2/990000, average cost 217.784546
[2016-11-19 10:56:12,541] >> epoch 3/999990, average cost 217.933655
[2016-11-19 10:57:30,740] >> epoch 3/1010000, average cost 217.777527
[2016-11-19 10:59:08,174] >> epoch 3/1020000, average cost 217.943542
[2016-11-19 11:00:27,082] >> epoch 3/1030000, average cost 217.835754
[2016-11-19 11:02:03,472] >> epoch 3/1040000, average cost 217.720856
[2016-11-19 11:03:20,240] >> epoch 3/1050000, average cost 217.818451
[2016-11-19 11:04:49,827] >> epoch 3/1060000, average cost 217.818451
[2016-11-19 11:06:12,525] >> epoch 3/1070000, average cost 217.750107
[2016-11-19 11:07:46,392] >> epoch 3/1080000, average cost 217.874603
[2016-11-19 11:08:57,634] >> epoch 3/1090000, average cost 217.904678
[2016-11-19 11:10:24,898] >> epoch 3/1100000, average cost 218.002029
[2016-11-19 11:11:45,996] >> epoch 3/1110000, average cost 217.835007
[2016-11-19 11:13:32,076] >> epoch 3/1120000, average cost 217.764694
[2016-11-19 11:14:50,059] >> epoch 3/1130000, average cost 217.769073
[2016-11-19 11:16:29,484] >> epoch 3/1140000, average cost 217.790756
[2016-11-19 11:18:01,968] >> epoch 3/1150000, average cost 217.765350
[2016-11-19 11:19:24,887] >> epoch 3/1160000, average cost 217.860382
[2016-11-19 11:21:08,359] >> epoch 3/1170000, average cost 217.774750
[2016-11-19 11:22:32,032] >> epoch 3/1180000, average cost 217.719498
[2016-11-19 11:24:11,059] >> epoch 3/1190000, average cost 217.858871
[2016-11-19 11:25:30,941] >> epoch 3/1200000, average cost 217.815399
[2016-11-19 11:27:19,258] >> epoch 3/1210000, average cost 217.597733
[2016-11-19 11:28:40,078] >> epoch 3/1220000, average cost 217.735107
[2016-11-19 11:30:17,416] >> epoch 3/1230000, average cost 217.718246
[2016-11-19 11:31:49,277] >> epoch 3/1240000, average cost 217.706879
[2016-11-19 11:33:23,595] >> epoch 3/1250000, average cost 217.639755
[2016-11-19 11:34:47,741] >> epoch 3/1260000, average cost 217.645157
[2016-11-19 11:36:33,691] >> epoch 3/1270000, average cost 217.580978
[2016-11-19 11:38:01,889] >> epoch 3/1280000, average cost 217.695099
[2016-11-19 11:39:47,470] >> epoch 3/1290000, average cost 217.729645
[2016-11-19 11:41:33,694] >> epoch 3/1300000, average cost 217.713593
[2016-11-19 11:42:59,248] >> epoch 3/1310000, average cost 217.794922
[2016-11-19 11:44:46,513] >> epoch 3/1320000, average cost 217.673798
[2016-11-19 11:46:11,166] >> epoch 3/1330000, average cost 217.707199
[2016-11-19 11:46:34,648] >> epoch 4/1333320, average cost 217.767502
[2016-11-19 11:48:58,611] >> epoch 4/1350000, average cost 217.728104
[2016-11-19 11:50:33,042] >> epoch 4/1360000, average cost 217.791595
[2016-11-19 11:51:50,030] >> epoch 4/1370000, average cost 217.616730
[2016-11-19 11:53:30,944] >> epoch 4/1380000, average cost 217.658020
[2016-11-19 11:54:43,608] >> epoch 4/1390000, average cost 217.712677
[2016-11-19 11:56:30,322] >> epoch 4/1400000, average cost 217.636856
[2016-11-19 11:57:47,457] >> epoch 4/1410000, average cost 217.704147
[2016-11-19 11:59:15,171] >> epoch 4/1420000, average cost 217.829330
[2016-11-19 12:00:26,219] >> epoch 4/1430000, average cost 217.824448
[2016-11-19 12:02:06,703] >> epoch 4/1440000, average cost 217.818756
[2016-11-19 12:03:30,254] >> epoch 4/1450000, average cost 217.702896
[2016-11-19 12:05:05,134] >> epoch 4/1460000, average cost 217.541779
[2016-11-19 12:06:30,334] >> epoch 4/1470000, average cost 217.722626
[2016-11-19 12:08:08,651] >> epoch 4/1480000, average cost 217.671127
[2016-11-19 12:09:39,856] >> epoch 4/1490000, average cost 217.709732
[2016-11-19 12:11:06,117] >> epoch 4/1500000, average cost 217.719223
[2016-11-19 12:12:46,759] >> epoch 4/1510000, average cost 217.595795
[2016-11-19 12:14:11,133] >> epoch 4/1520000, average cost 217.718918
[2016-11-19 12:15:48,843] >> epoch 4/1530000, average cost 217.731232
[2016-11-19 12:17:10,856] >> epoch 4/1540000, average cost 217.556625
[2016-11-19 12:18:50,545] >> epoch 4/1550000, average cost 217.581375
[2016-11-19 12:20:04,657] >> epoch 4/1560000, average cost 217.611252
[2016-11-19 12:21:29,164] >> epoch 4/1570000, average cost 217.664551
[2016-11-19 12:22:52,609] >> epoch 4/1580000, average cost 217.508118
[2016-11-19 12:24:31,909] >> epoch 4/1590000, average cost 217.560699
[2016-11-19 12:25:48,850] >> epoch 4/1600000, average cost 217.468124
[2016-11-19 12:27:16,925] >> epoch 4/1610000, average cost 217.566132
[2016-11-19 12:28:52,508] >> epoch 4/1620000, average cost 217.652618
[2016-11-19 12:30:22,073] >> epoch 4/1630000, average cost 217.582352
[2016-11-19 12:32:01,274] >> epoch 4/1640000, average cost 217.655670
[2016-11-19 12:33:28,187] >> epoch 4/1650000, average cost 217.642624
[2016-11-19 12:35:20,710] >> epoch 4/1660000, average cost 217.608597
[2016-11-19 12:36:03,804] >> epoch 5/1666650, average cost 217.658218
[2016-11-19 12:38:26,154] >> epoch 5/1680000, average cost 217.546432
[2016-11-19 12:39:45,893] >> epoch 5/1690000, average cost 217.757446
[2016-11-19 12:41:27,208] >> epoch 5/1700000, average cost 217.577255
[2016-11-19 12:42:48,574] >> epoch 5/1710000, average cost 217.527328
[2016-11-19 12:44:34,413] >> epoch 5/1720000, average cost 217.609497
[2016-11-19 12:45:54,661] >> epoch 5/1730000, average cost 217.571793
[2016-11-19 12:47:40,585] >> epoch 5/1740000, average cost 217.578293
[2016-11-19 12:49:04,501] >> epoch 5/1750000, average cost 217.721649
[2016-11-19 12:50:46,342] >> epoch 5/1760000, average cost 217.687805
[2016-11-19 12:52:13,760] >> epoch 5/1770000, average cost 217.795898
[2016-11-19 12:53:49,012] >> epoch 5/1780000, average cost 217.593643
[2016-11-19 12:55:08,227] >> epoch 5/1790000, average cost 217.454453
[2016-11-19 12:56:54,414] >> epoch 5/1800000, average cost 217.659943
[2016-11-19 12:58:27,424] >> epoch 5/1810000, average cost 217.590057
[2016-11-19 12:59:41,626] >> epoch 5/1820000, average cost 217.587250
[2016-11-19 13:01:24,981] >> epoch 5/1830000, average cost 217.670105
[2016-11-19 13:02:51,519] >> epoch 5/1840000, average cost 217.519272
[2016-11-19 13:04:38,115] >> epoch 5/1850000, average cost 217.570496
[2016-11-19 13:06:03,378] >> epoch 5/1860000, average cost 217.673279
[2016-11-19 13:07:48,085] >> epoch 5/1870000, average cost 217.574356
[2016-11-19 13:09:11,439] >> epoch 5/1880000, average cost 217.427750
[2016-11-19 13:10:49,492] >> epoch 5/1890000, average cost 217.540329
[2016-11-19 13:12:03,959] >> epoch 5/1900000, average cost 217.577194
[2016-11-19 13:13:36,401] >> epoch 5/1910000, average cost 217.445847
[2016-11-19 13:14:55,448] >> epoch 5/1920000, average cost 217.478943
[2016-11-19 13:16:34,835] >> epoch 5/1930000, average cost 217.413177
[2016-11-19 13:17:57,699] >> epoch 5/1940000, average cost 217.430298
[2016-11-19 13:19:41,006] >> epoch 5/1950000, average cost 217.558029
[2016-11-19 13:21:28,010] >> epoch 5/1960000, average cost 217.507217
[2016-11-19 13:22:56,225] >> epoch 5/1970000, average cost 217.566498
[2016-11-19 13:24:44,976] >> epoch 5/1980000, average cost 217.627106
[2016-11-19 13:26:08,060] >> epoch 5/1990000, average cost 217.481949
[2016-11-19 13:27:40,032] >> epoch 6/1999980, average cost 217.571289
[2016-11-19 13:28:00,213] >> epoch 7/2000000, average cost 217.368561
[2016-11-19 13:28:00,229] >> Training finished in 6:16:52.691045
[2016-11-19 13:28:25,966] >> Loading model
[2016-11-19 13:28:26,394] >> Loading datasets
[2016-11-19 13:28:26,417] >> Reconstruction training started with arguments:
{'activation_noise': None,
 'adadelta': False,
 'adadelta_epsilon': '1e-6',
 'adadelta_rho': '0.95',
 'adagrad': False,
 'adagrad_decay': False,
 'batch_size': 128,
 'ce_sparsity': 0.01,
 'ce_sparsity_weight': 0.0,
 'compound': False,
 'corruption_level': 0.2,
 'datasets': (DatasetContainer [PFileStreamDataset@/home/ddraper/train.pfile],
              DatasetContainer [],
              DatasetContainer []),
 'epochs': 50,
 'fix_layers': [],
 'graph': False,
 'hooks': [],
 'l1_reg': '0.0',
 'l2_reg': '0.0',
 'layer_args': {1: {}, 2: {}, 3: {}, 4: {}, 5: {}},
 'layers': [6],
 'learning_rate': '0.01',
 'loss': 'crossentropy',
 'minibatches': 2000000,
 'momentum': '',
 'noise': 'mask',
 'sparsity': 0.05,
 'sparsity_weight': 0.0,
 'validate': False,
 'verbosity': 1,
 'warn': False}
[2016-11-19 13:28:26,417] >> Reconstruction training started with da:
{'hidden_activation': u'sigmoid',
 'n_hidden': 1000,
 'n_visible': 1000,
 'tied_weights': True,
 'visible_activation': u'sigmoid'}
[2016-11-19 13:28:26,417] >> Compiling theano graph
Using gpu device 0: Tesla M2075 (CNMeM is disabled, cuDNN not available)
[2016-11-19 13:28:52,265] >> Training started
[2016-11-19 13:30:09,881] >> epoch 0/10000, average cost 121.893349
[2016-11-19 13:31:51,975] >> epoch 0/20000, average cost 119.639297
[2016-11-19 13:33:15,683] >> epoch 0/30000, average cost 118.844398
[2016-11-19 13:34:48,847] >> epoch 0/40000, average cost 118.412048
[2016-11-19 13:36:12,168] >> epoch 0/50000, average cost 118.325302
[2016-11-19 13:37:49,914] >> epoch 0/60000, average cost 118.223190
[2016-11-19 13:39:20,152] >> epoch 0/70000, average cost 118.030861
[2016-11-19 13:41:06,949] >> epoch 0/80000, average cost 118.121979
[2016-11-19 13:42:29,873] >> epoch 0/90000, average cost 118.137863
[2016-11-19 13:44:05,977] >> epoch 0/100000, average cost 118.190079
[2016-11-19 13:45:30,965] >> epoch 0/110000, average cost 117.902466
[2016-11-19 13:47:13,188] >> epoch 0/120000, average cost 117.835274
[2016-11-19 13:48:34,733] >> epoch 0/130000, average cost 117.840050
[2016-11-19 13:50:11,608] >> epoch 0/140000, average cost 117.824402
[2016-11-19 13:51:52,842] >> epoch 0/150000, average cost 117.766960
[2016-11-19 13:53:19,324] >> epoch 0/160000, average cost 117.871437
[2016-11-19 13:54:50,669] >> epoch 0/170000, average cost 117.743301
[2016-11-19 13:56:14,715] >> epoch 0/180000, average cost 117.596901
[2016-11-19 13:57:50,420] >> epoch 0/190000, average cost 117.798225
[2016-11-19 13:59:13,427] >> epoch 0/200000, average cost 117.742653
[2016-11-19 14:00:48,855] >> epoch 0/210000, average cost 117.389999
[2016-11-19 14:02:15,241] >> epoch 0/220000, average cost 117.573662
[2016-11-19 14:03:58,961] >> epoch 0/230000, average cost 117.518425
[2016-11-19 14:05:25,802] >> epoch 0/240000, average cost 117.544426
[2016-11-19 14:07:08,848] >> epoch 0/250000, average cost 117.394737
[2016-11-19 14:08:37,259] >> epoch 0/260000, average cost 117.379410
[2016-11-19 14:10:21,253] >> epoch 0/270000, average cost 117.307762
[2016-11-19 14:11:50,106] >> epoch 0/280000, average cost 117.394035
[2016-11-19 14:13:25,931] >> epoch 0/290000, average cost 117.414398
[2016-11-19 14:14:56,489] >> epoch 0/300000, average cost 117.422066
[2016-11-19 14:16:19,541] >> epoch 0/310000, average cost 117.535988
[2016-11-19 14:18:02,501] >> epoch 0/320000, average cost 117.335838
[2016-11-19 14:19:25,097] >> epoch 0/330000, average cost 117.337303
[2016-11-19 14:19:52,512] >> epoch 1/333330, average cost 117.942841
[2016-11-19 14:22:28,894] >> epoch 1/350000, average cost 117.369499
[2016-11-19 14:24:14,629] >> epoch 1/360000, average cost 117.465378
[2016-11-19 14:25:44,797] >> epoch 1/370000, average cost 117.218086
[2016-11-19 14:27:29,693] >> epoch 1/380000, average cost 117.251564
[2016-11-19 14:28:57,750] >> epoch 1/390000, average cost 117.295403
[2016-11-19 14:30:36,003] >> epoch 1/400000, average cost 117.176537
[2016-11-19 14:32:05,960] >> epoch 1/410000, average cost 117.254700
[2016-11-19 14:33:48,631] >> epoch 1/420000, average cost 117.415413
[2016-11-19 14:35:10,895] >> epoch 1/430000, average cost 117.414597
[2016-11-19 14:36:47,034] >> epoch 1/440000, average cost 117.339127
[2016-11-19 14:38:16,716] >> epoch 1/450000, average cost 117.203102
[2016-11-19 14:40:04,370] >> epoch 1/460000, average cost 117.050652
[2016-11-19 14:41:27,480] >> epoch 1/470000, average cost 117.268028
[2016-11-19 14:43:08,615] >> epoch 1/480000, average cost 117.176102
[2016-11-19 14:44:48,248] >> epoch 1/490000, average cost 117.225372
[2016-11-19 14:46:13,652] >> epoch 1/500000, average cost 117.246529
[2016-11-19 14:48:00,121] >> epoch 1/510000, average cost 117.029472
[2016-11-19 14:49:27,433] >> epoch 1/520000, average cost 117.199303
[2016-11-19 14:51:09,189] >> epoch 1/530000, average cost 117.241486
[2016-11-19 14:52:32,705] >> epoch 1/540000, average cost 116.969528
[2016-11-19 14:54:10,309] >> epoch 1/550000, average cost 116.999748
[2016-11-19 14:55:39,743] >> epoch 1/560000, average cost 117.002747
[2016-11-19 14:57:15,220] >> epoch 1/570000, average cost 117.146614
[2016-11-19 14:58:40,090] >> epoch 1/580000, average cost 116.886490
[2016-11-19 15:00:15,810] >> epoch 1/590000, average cost 116.942513
[2016-11-19 15:01:44,395] >> epoch 1/600000, average cost 116.846138
[2016-11-19 15:03:23,198] >> epoch 1/610000, average cost 116.917366
[2016-11-19 15:05:05,726] >> epoch 1/620000, average cost 117.011009
[2016-11-19 15:06:31,370] >> epoch 1/630000, average cost 116.925812
[2016-11-19 15:08:23,161] >> epoch 1/640000, average cost 117.071472
[2016-11-19 15:09:48,961] >> epoch 1/650000, average cost 117.028297
[2016-11-19 15:11:38,777] >> epoch 1/660000, average cost 116.923950
[2016-11-19 15:12:27,592] >> epoch 2/666660, average cost 117.140633
[2016-11-19 15:14:49,649] >> epoch 2/680000, average cost 116.872574
[2016-11-19 15:16:19,800] >> epoch 2/690000, average cost 117.157600
[2016-11-19 15:18:03,702] >> epoch 2/700000, average cost 116.899513
[2016-11-19 15:19:18,424] >> epoch 2/710000, average cost 116.853424
[2016-11-19 15:20:54,081] >> epoch 2/720000, average cost 116.919815
[2016-11-19 15:22:20,830] >> epoch 2/730000, average cost 116.864075
[2016-11-19 15:24:03,578] >> epoch 2/740000, average cost 116.853897
[2016-11-19 15:25:34,241] >> epoch 2/750000, average cost 117.042572
[2016-11-19 15:27:13,073] >> epoch 2/760000, average cost 117.020302
[2016-11-19 15:28:41,304] >> epoch 2/770000, average cost 117.123672
[2016-11-19 15:30:05,210] >> epoch 2/780000, average cost 116.824661
[2016-11-19 15:31:34,091] >> epoch 2/790000, average cost 116.713249
[2016-11-19 15:32:59,167] >> epoch 2/800000, average cost 116.982513
[2016-11-19 15:34:34,188] >> epoch 2/810000, average cost 116.872299
[2016-11-19 15:35:45,874] >> epoch 2/820000, average cost 116.867172
[2016-11-19 15:37:19,447] >> epoch 2/830000, average cost 116.976540
[2016-11-19 15:38:40,417] >> epoch 2/840000, average cost 116.746872
[2016-11-19 15:40:11,612] >> epoch 2/850000, average cost 116.798126
[2016-11-19 15:41:34,913] >> epoch 2/860000, average cost 116.965088
[2016-11-19 15:43:15,177] >> epoch 2/870000, average cost 116.834900
[2016-11-19 15:44:37,153] >> epoch 2/880000, average cost 116.594978
[2016-11-19 15:46:19,769] >> epoch 2/890000, average cost 116.745399
[2016-11-19 15:47:40,075] >> epoch 2/900000, average cost 116.821121
[2016-11-19 15:49:05,139] >> epoch 2/910000, average cost 116.640572
[2016-11-19 15:50:30,779] >> epoch 2/920000, average cost 116.660225
[2016-11-19 15:51:55,948] >> epoch 2/930000, average cost 116.589973
[2016-11-19 15:53:25,397] >> epoch 2/940000, average cost 116.592400
[2016-11-19 15:55:02,454] >> epoch 2/950000, average cost 116.718651
[2016-11-19 15:56:40,366] >> epoch 2/960000, average cost 116.653374
[2016-11-19 15:58:04,403] >> epoch 2/970000, average cost 116.789177
[2016-11-19 15:59:52,156] >> epoch 2/980000, average cost 116.853622
[2016-11-19 16:01:18,787] >> epoch 2/990000, average cost 116.624977
[2016-11-19 16:02:47,331] >> epoch 3/999990, average cost 116.824120
[2016-11-19 16:04:18,825] >> epoch 3/1010000, average cost 116.642998
[2016-11-19 16:05:47,659] >> epoch 3/1020000, average cost 116.844704
[2016-11-19 16:07:10,294] >> epoch 3/1030000, average cost 116.717674
[2016-11-19 16:08:41,959] >> epoch 3/1040000, average cost 116.582001
[2016-11-19 16:09:52,212] >> epoch 3/1050000, average cost 116.670586
[2016-11-19 16:11:23,568] >> epoch 3/1060000, average cost 116.674835
[2016-11-19 16:12:48,143] >> epoch 3/1070000, average cost 116.578377
[2016-11-19 16:14:31,850] >> epoch 3/1080000, average cost 116.726303
[2016-11-19 16:15:57,497] >> epoch 3/1090000, average cost 116.798714
[2016-11-19 16:17:35,149] >> epoch 3/1100000, average cost 116.893135
[2016-11-19 16:18:56,801] >> epoch 3/1110000, average cost 116.647179
[2016-11-19 16:20:45,103] >> epoch 3/1120000, average cost 116.604111
[2016-11-19 16:22:13,787] >> epoch 3/1130000, average cost 116.653351
[2016-11-19 16:23:45,409] >> epoch 3/1140000, average cost 116.656372
[2016-11-19 16:25:16,978] >> epoch 3/1150000, average cost 116.630539
[2016-11-19 16:26:38,991] >> epoch 3/1160000, average cost 116.746353
[2016-11-19 16:28:11,791] >> epoch 3/1170000, average cost 116.636902
[2016-11-19 16:29:36,266] >> epoch 3/1180000, average cost 116.516403
[2016-11-19 16:31:19,891] >> epoch 3/1190000, average cost 116.736900
[2016-11-19 16:32:44,007] >> epoch 3/1200000, average cost 116.703400
[2016-11-19 16:34:27,793] >> epoch 3/1210000, average cost 116.366951
[2016-11-19 16:35:52,799] >> epoch 3/1220000, average cost 116.574226
[2016-11-19 16:37:35,832] >> epoch 3/1230000, average cost 116.528984
[2016-11-19 16:39:02,017] >> epoch 3/1240000, average cost 116.566864
[2016-11-19 16:40:28,298] >> epoch 3/1250000, average cost 116.438377
[2016-11-19 16:41:39,305] >> epoch 3/1260000, average cost 116.442726
[2016-11-19 16:43:09,984] >> epoch 3/1270000, average cost 116.390503
[2016-11-19 16:44:37,307] >> epoch 3/1280000, average cost 116.478699
[2016-11-19 16:46:18,493] >> epoch 3/1290000, average cost 116.519463
[2016-11-19 16:48:02,481] >> epoch 3/1300000, average cost 116.529739
[2016-11-19 16:49:27,240] >> epoch 3/1310000, average cost 116.657272
[2016-11-19 16:51:11,984] >> epoch 3/1320000, average cost 116.484123
[2016-11-19 16:52:37,638] >> epoch 3/1330000, average cost 116.490013
[2016-11-19 16:53:05,249] >> epoch 4/1333320, average cost 116.609619
[2016-11-19 16:55:21,669] >> epoch 4/1350000, average cost 116.546272
[2016-11-19 16:56:51,963] >> epoch 4/1360000, average cost 116.649612
[2016-11-19 16:58:14,408] >> epoch 4/1370000, average cost 116.422379
[2016-11-19 16:59:52,174] >> epoch 4/1380000, average cost 116.467628
[2016-11-19 17:01:18,611] >> epoch 4/1390000, average cost 116.522438
[2016-11-19 17:02:54,386] >> epoch 4/1400000, average cost 116.411423
[2016-11-19 17:04:17,150] >> epoch 4/1410000, average cost 116.501450
[2016-11-19 17:05:59,119] >> epoch 4/1420000, average cost 116.664513
[2016-11-19 17:07:21,991] >> epoch 4/1430000, average cost 116.675102
[2016-11-19 17:09:07,597] >> epoch 4/1440000, average cost 116.607063
[2016-11-19 17:10:35,837] >> epoch 4/1450000, average cost 116.486214
[2016-11-19 17:12:01,195] >> epoch 4/1460000, average cost 116.347916
[2016-11-19 17:13:14,445] >> epoch 4/1470000, average cost 116.558037
[2016-11-19 17:14:52,475] >> epoch 4/1480000, average cost 116.490677
[2016-11-19 17:16:35,073] >> epoch 4/1490000, average cost 116.533089
[2016-11-19 17:17:59,728] >> epoch 4/1500000, average cost 116.556801
[2016-11-19 17:19:42,008] >> epoch 4/1510000, average cost 116.365852
[2016-11-19 17:21:07,171] >> epoch 4/1520000, average cost 116.525986
[2016-11-19 17:22:51,897] >> epoch 4/1530000, average cost 116.583641
[2016-11-19 17:24:16,739] >> epoch 4/1540000, average cost 116.325340
[2016-11-19 17:26:01,204] >> epoch 4/1550000, average cost 116.363297
[2016-11-19 17:27:13,121] >> epoch 4/1560000, average cost 116.364174
[2016-11-19 17:28:39,623] >> epoch 4/1570000, average cost 116.508537
[2016-11-19 17:30:03,170] >> epoch 4/1580000, average cost 116.273285
[2016-11-19 17:31:39,826] >> epoch 4/1590000, average cost 116.333900
[2016-11-19 17:33:20,171] >> epoch 4/1600000, average cost 116.243126
[2016-11-19 17:34:48,213] >> epoch 4/1610000, average cost 116.322678
[2016-11-19 17:36:23,900] >> epoch 4/1620000, average cost 116.411385
[2016-11-19 17:37:41,060] >> epoch 4/1630000, average cost 116.342377
[2016-11-19 17:39:18,043] >> epoch 4/1640000, average cost 116.489388
[2016-11-19 17:40:46,675] >> epoch 4/1650000, average cost 116.455421
[2016-11-19 17:42:27,324] >> epoch 4/1660000, average cost 116.355766
[2016-11-19 17:43:15,893] >> epoch 5/1666650, average cost 116.458702
[2016-11-19 17:45:17,368] >> epoch 5/1680000, average cost 116.325539
[2016-11-19 17:46:57,147] >> epoch 5/1690000, average cost 116.601135
[2016-11-19 17:48:27,028] >> epoch 5/1700000, average cost 116.361122
[2016-11-19 17:49:47,723] >> epoch 5/1710000, average cost 116.317665
[2016-11-19 17:51:20,696] >> epoch 5/1720000, average cost 116.385651
[2016-11-19 17:52:36,125] >> epoch 5/1730000, average cost 116.341599
[2016-11-19 17:54:17,984] >> epoch 5/1740000, average cost 116.336662
[2016-11-19 17:55:44,003] >> epoch 5/1750000, average cost 116.523323
[2016-11-19 17:57:02,396] >> epoch 5/1760000, average cost 116.505478
[2016-11-19 17:58:25,013] >> epoch 5/1770000, average cost 116.607063
[2016-11-19 18:00:03,788] >> epoch 5/1780000, average cost 116.324684
[2016-11-19 18:01:24,869] >> epoch 5/1790000, average cost 116.223709
[2016-11-19 18:02:48,130] >> epoch 5/1800000, average cost 116.496063
[2016-11-19 18:04:28,084] >> epoch 5/1810000, average cost 116.382660
[2016-11-19 18:05:45,482] >> epoch 5/1820000, average cost 116.389977
[2016-11-19 18:07:23,796] >> epoch 5/1830000, average cost 116.497459
[2016-11-19 18:08:44,390] >> epoch 5/1840000, average cost 116.287140
[2016-11-19 18:10:09,655] >> epoch 5/1850000, average cost 116.328247
[2016-11-19 18:11:38,189] >> epoch 5/1860000, average cost 116.501572
[2016-11-19 18:13:09,676] >> epoch 5/1870000, average cost 116.380066
[2016-11-19 18:14:32,637] >> epoch 5/1880000, average cost 116.158028
[2016-11-19 18:16:03,943] >> epoch 5/1890000, average cost 116.305977
[2016-11-19 18:17:32,423] >> epoch 5/1900000, average cost 116.385315
[2016-11-19 18:19:08,798] >> epoch 5/1910000, average cost 116.207016
[2016-11-19 18:20:43,493] >> epoch 5/1920000, average cost 116.240326
[2016-11-19 18:22:04,232] >> epoch 5/1930000, average cost 116.162697
[2016-11-19 18:23:23,987] >> epoch 5/1940000, average cost 116.174210
[2016-11-19 18:25:07,654] >> epoch 5/1950000, average cost 116.309273
[2016-11-19 18:26:55,897] >> epoch 5/1960000, average cost 116.237640
[2016-11-19 18:28:11,052] >> epoch 5/1970000, average cost 116.371803
[2016-11-19 18:29:44,201] >> epoch 5/1980000, average cost 116.450584
[2016-11-19 18:30:58,830] >> epoch 5/1990000, average cost 116.233002
[2016-11-19 18:32:33,634] >> epoch 6/1999980, average cost 116.352814
[2016-11-19 18:32:52,450] >> epoch 7/2000000, average cost 116.304626
[2016-11-19 18:32:52,450] >> Training finished in 5:04:00.180915
[2016-11-19 18:33:03,309] >> Loading model
[2016-11-19 18:33:04,478] >> Loading datasets
Using gpu device 0: Tesla M2075 (CNMeM is disabled, cuDNN not available)
[2016-11-19 18:33:36,656] >> Supervised training started with arguments:
{'activation_noise': None,
 'adadelta': False,
 'adadelta_epsilon': '1e-6',
 'adadelta_rho': '0.95',
 'adagrad': False,
 'adagrad_decay': False,
 'batch_size': 256,
 'datasets': (DatasetContainer [PFileStreamDataset@/home/ddraper/train.pfile],
              DatasetContainer [PFileDataset@/home/ddraper/valid.pfile,1, PFileDataset@/home/ddraper/valid.pfile,2, PFileDataset@/home/ddraper/valid.pfile,3, PFileDataset@/home/ddraper/valid.pfile,4, PFileDataset@/home/ddraper/valid.pfile,5],
              DatasetContainer []),
 'epochs': 50,
 'fix_layers': [],
 'graph': False,
 'hooks': [<functools.partial object at 0x7f9e098da4c8>],
 'l1_reg': '0.0',
 'l2_reg': '0.0',
 'layer_args': [],
 'learning_rate': '1',
 'minibatches': -1,
 'momentum': '',
 'newbob': True,
 'newbob_decay': 0.5,
 'newbob_threshold': [0.005, 0.0001],
 'patience': -1,
 'patience_improve_threshold': 0.995,
 'patience_increase': 1.5,
 'pre_validate': False,
 'print_errors': True,
 'validation_interval': -1,
 'verbosity': 0,
 'warn': False}
[2016-11-19 18:33:36,656] >> Compiling theano graph
[2016-11-19 18:34:08,796] >> Training started
[2016-11-19 19:42:17,583] >  epoch 1/166665, training error 0.401068
[2016-11-19 19:42:43,728] >  epoch 1/166665, validation error 0.384670
[2016-11-19 20:51:15,792] >  epoch 2/333330, training error 0.259407
[2016-11-19 20:51:42,266] >  epoch 2/333330, validation error 0.366312
[2016-11-19 22:00:20,094] >  epoch 3/499995, training error 0.224733
[2016-11-19 22:00:46,603] >  epoch 3/499995, validation error 0.355494
[2016-11-19 23:09:41,775] >  epoch 4/666660, training error 0.206371
[2016-11-19 23:10:04,678] >  epoch 4/666660, validation error 0.340290
[2016-11-20 00:17:55,483] >  epoch 5/833325, training error 0.195691
[2016-11-20 00:18:14,012] >  epoch 5/833325, validation error 0.339608
[2016-11-20 00:18:14,166] >  epoch 5/833325, learning rate set to 0.500000
[2016-11-20 01:25:41,067] >  epoch 6/999990, training error 0.191098
[2016-11-20 01:26:03,665] >  epoch 6/999990, validation error 0.323915
[2016-11-20 01:26:03,823] >  epoch 6/999990, learning rate set to 0.250000
[2016-11-20 02:32:29,398] >  epoch 7/1166655, training error 0.191554
[2016-11-20 02:32:49,031] >  epoch 7/1166655, validation error 0.310004
[2016-11-20 02:32:49,174] >  epoch 7/1166655, learning rate set to 0.125000
[2016-11-20 03:47:53,342] >  epoch 8/1333320, training error 0.194457
[2016-11-20 03:48:20,422] >  epoch 8/1333320, validation error 0.304177
[2016-11-20 03:48:20,728] >  epoch 8/1333320, learning rate set to 0.062500
[2016-11-20 04:58:08,425] >  epoch 9/1499985, training error 0.199732
[2016-11-20 04:58:30,588] >  epoch 9/1499985, validation error 0.295269
[2016-11-20 04:58:30,736] >  epoch 9/1499985, learning rate set to 0.031250
[2016-11-20 06:10:27,988] >  epoch 10/1666650, training error 0.206367
[2016-11-20 06:10:47,548] >  epoch 10/1666650, validation error 0.289883
[2016-11-20 06:10:47,691] >  epoch 10/1666650, learning rate set to 0.015625
[2016-11-20 07:24:56,118] >  epoch 11/1833315, training error 0.210722
[2016-11-20 07:25:19,587] >  epoch 11/1833315, validation error 0.284547
[2016-11-20 07:25:19,744] >  epoch 11/1833315, learning rate set to 0.007812
[2016-11-20 08:36:33,960] >  epoch 12/1999980, training error 0.216165
[2016-11-20 08:36:56,115] >  epoch 12/1999980, validation error 0.282365
[2016-11-20 08:36:56,269] >  epoch 12/1999980, learning rate set to 0.003906
[2016-11-20 09:49:03,520] >  epoch 13/2166645, training error 0.221797
[2016-11-20 09:49:22,963] >  epoch 13/2166645, validation error 0.279707
[2016-11-20 09:49:23,136] >  epoch 13/2166645, learning rate set to 0.001953
[2016-11-20 11:03:40,062] >  epoch 14/2333310, training error 0.226083
[2016-11-20 11:03:58,987] >  epoch 14/2333310, validation error 0.277040
[2016-11-20 11:03:59,338] >  epoch 14/2333310, learning rate set to 0.000977
[2016-11-20 12:19:45,754] >  epoch 15/2499975, training error 0.229058
[2016-11-20 12:20:07,264] >  epoch 15/2499975, validation error 0.274542
[2016-11-20 12:20:07,595] >  epoch 15/2499975, learning rate set to 0.000488
[2016-11-20 13:34:45,452] >  epoch 16/2666640, training error 0.231045
[2016-11-20 13:35:07,450] >  epoch 16/2666640, validation error 0.271981
[2016-11-20 13:35:07,752] >  epoch 16/2666640, learning rate set to 0.000244
[2016-11-20 14:49:55,148] >  epoch 17/2833305, training error 0.232089
[2016-11-20 14:50:16,884] >  epoch 17/2833305, validation error 0.270758
[2016-11-20 14:50:17,172] >  epoch 17/2833305, learning rate set to 0.000122
[2016-11-20 16:04:36,081] >  epoch 18/2999970, training error 0.232605
[2016-11-20 16:04:56,696] >  epoch 18/2999970, validation error 0.270475
[2016-11-20 16:04:56,929] >  epoch 18/2999970, learning rate set to 0.000061
[2016-11-20 17:18:53,185] >  epoch 19/3166635, training error 0.232832
[2016-11-20 17:19:14,129] >  epoch 19/3166635, validation error 0.270722
[2016-11-20 17:19:14,167] >> Training finished in 22:45:05.338959
