[2016-12-21 00:12:44,316] >> Loading datasets
[2016-12-21 00:12:44,318] >> Reconstruction training started with arguments:
{'activation_noise': None,
 'adadelta': False,
 'adadelta_epsilon': '1e-6',
 'adadelta_rho': '0.95',
 'adagrad': False,
 'adagrad_decay': False,
 'batch_size': 128,
 'ce_sparsity': 0.01,
 'ce_sparsity_weight': 0.0,
 'compound': False,
 'corruption_level': 0.2,
 'datasets': (DatasetContainer [PFileStreamDataset@/export/data1/data/ddraper/train.pfile],
              DatasetContainer [],
              DatasetContainer []),
 'epochs': 50,
 'fix_layers': [],
 'graph': False,
 'hooks': [],
 'l1_reg': '0.0',
 'l2_reg': '0.0',
 'layer_args': {1: {}, 2: {}},
 'layers': [3],
 'learning_rate': '0.01',
 'loss': 'crossentropy',
 'minibatches': 2000000,
 'momentum': '',
 'noise': 'mask',
 'sparsity': 0.05,
 'sparsity_weight': 0.0,
 'validate': False,
 'verbosity': 1,
 'warn': False}
[2016-12-21 00:12:44,318] >> Reconstruction training started with da:
{'hidden_activation': u'sigmoid',
 'n_hidden': 1000,
 'n_visible': 1000,
 'tied_weights': True,
 'visible_activation': u'sigmoid'}
[2016-12-21 00:12:44,318] >> Compiling theano graph
Using gpu device 0: Tesla M2075 (CNMeM is disabled, cuDNN not available)
[2016-12-21 00:13:30,488] >> Training started
[2016-12-21 00:14:33,109] >> epoch 0/10000, average cost 455.375793
[2016-12-21 00:15:58,441] >> epoch 0/20000, average cost 448.520264
[2016-12-21 00:17:03,996] >> epoch 0/30000, average cost 447.277100
[2016-12-21 00:18:28,216] >> epoch 0/40000, average cost 446.661957
[2016-12-21 00:19:33,708] >> epoch 0/50000, average cost 446.384613
[2016-12-21 00:20:58,765] >> epoch 0/60000, average cost 446.184113
[2016-12-21 00:22:03,592] >> epoch 0/70000, average cost 446.089386
[2016-12-21 00:23:27,102] >> epoch 0/80000, average cost 445.980896
[2016-12-21 00:24:33,496] >> epoch 0/90000, average cost 445.845459
[2016-12-21 00:25:56,848] >> epoch 0/100000, average cost 445.640564
[2016-12-21 00:27:01,056] >> epoch 0/110000, average cost 445.558899
[2016-12-21 00:28:20,164] >> epoch 0/120000, average cost 445.518646
[2016-12-21 00:29:27,346] >> epoch 0/130000, average cost 445.373901
[2016-12-21 00:30:51,081] >> epoch 0/140000, average cost 445.383392
[2016-12-21 00:32:09,352] >> epoch 0/150000, average cost 445.256104
[2016-12-21 00:33:20,322] >> epoch 0/160000, average cost 445.271515
[2016-12-21 00:34:45,996] >> epoch 0/170000, average cost 445.157104
[2016-12-21 00:35:53,692] >> epoch 0/180000, average cost 445.097809
[2016-12-21 00:37:14,224] >> epoch 0/190000, average cost 444.924744
[2016-12-21 00:38:26,058] >> epoch 0/200000, average cost 444.928864
[2016-12-21 00:39:36,008] >> epoch 0/210000, average cost 444.854187
[2016-12-21 00:40:52,207] >> epoch 0/220000, average cost 444.877686
[2016-12-21 00:42:01,561] >> epoch 0/230000, average cost 444.741791
[2016-12-21 00:43:12,246] >> epoch 0/240000, average cost 444.741791
[2016-12-21 00:44:19,038] >> epoch 0/250000, average cost 444.572601
[2016-12-21 00:45:32,064] >> epoch 0/260000, average cost 444.498413
[2016-12-21 00:46:41,147] >> epoch 0/270000, average cost 444.545898
[2016-12-21 00:47:53,041] >> epoch 0/280000, average cost 444.470459
[2016-12-21 00:49:02,636] >> epoch 0/290000, average cost 444.458191
[2016-12-21 00:50:19,364] >> epoch 0/300000, average cost 444.449463
[2016-12-21 00:51:27,085] >> epoch 0/310000, average cost 444.342896
[2016-12-21 00:52:42,096] >> epoch 0/320000, average cost 444.208405
[2016-12-21 00:53:45,569] >> epoch 0/330000, average cost 444.197357
[2016-12-21 00:54:01,613] >> epoch 1/333330, average cost 445.603577
[2016-12-21 00:56:39,911] >> epoch 1/350000, average cost 444.308685
[2016-12-21 00:58:04,045] >> epoch 1/360000, average cost 444.276001
[2016-12-21 00:59:04,804] >> epoch 1/370000, average cost 444.029694
[2016-12-21 01:00:52,694] >> epoch 1/380000, average cost 444.063812
[2016-12-21 01:02:02,618] >> epoch 1/390000, average cost 444.018951
[2016-12-21 01:03:26,744] >> epoch 1/400000, average cost 444.035004
[2016-12-21 01:04:47,326] >> epoch 1/410000, average cost 444.069336
[2016-12-21 01:06:11,645] >> epoch 1/420000, average cost 444.036560
[2016-12-21 01:07:16,222] >> epoch 1/430000, average cost 443.891296
[2016-12-21 01:08:40,733] >> epoch 1/440000, average cost 443.902252
[2016-12-21 01:09:47,816] >> epoch 1/450000, average cost 443.862213
[2016-12-21 01:11:11,466] >> epoch 1/460000, average cost 443.841949
[2016-12-21 01:12:44,348] >> epoch 1/470000, average cost 443.805786
[2016-12-21 01:13:47,387] >> epoch 1/480000, average cost 443.886810
[2016-12-21 01:15:14,721] >> epoch 1/490000, average cost 443.821808
[2016-12-21 01:16:22,961] >> epoch 1/500000, average cost 443.861694
[2016-12-21 01:17:50,768] >> epoch 1/510000, average cost 443.805298
[2016-12-21 01:19:04,700] >> epoch 1/520000, average cost 443.739197
[2016-12-21 01:20:18,325] >> epoch 1/530000, average cost 443.711914
[2016-12-21 01:21:32,398] >> epoch 1/540000, average cost 443.734650
[2016-12-21 01:22:42,669] >> epoch 1/550000, average cost 443.765808
[2016-12-21 01:23:45,645] >> epoch 1/560000, average cost 443.717651
[2016-12-21 01:25:04,316] >> epoch 1/570000, average cost 443.770111
[2016-12-21 01:26:21,073] >> epoch 1/580000, average cost 443.635956
[2016-12-21 01:27:36,229] >> epoch 1/590000, average cost 443.589996
[2016-12-21 01:28:49,748] >> epoch 1/600000, average cost 443.666138
[2016-12-21 01:30:01,059] >> epoch 1/610000, average cost 443.584595
[2016-12-21 01:31:22,758] >> epoch 1/620000, average cost 443.655396
[2016-12-21 01:32:30,152] >> epoch 1/630000, average cost 443.661743
[2016-12-21 01:33:50,190] >> epoch 1/640000, average cost 443.627136
[2016-12-21 01:34:57,284] >> epoch 1/650000, average cost 443.517212
[2016-12-21 01:36:16,969] >> epoch 1/660000, average cost 443.526947
[2016-12-21 01:37:10,804] >> epoch 2/666660, average cost 443.828461
[2016-12-21 01:39:13,627] >> epoch 2/680000, average cost 443.695099
[2016-12-21 01:40:18,837] >> epoch 2/690000, average cost 443.647888
[2016-12-21 01:41:44,088] >> epoch 2/700000, average cost 443.497192
[2016-12-21 01:42:48,609] >> epoch 2/710000, average cost 443.520264
[2016-12-21 01:44:13,729] >> epoch 2/720000, average cost 443.479645
[2016-12-21 01:45:19,265] >> epoch 2/730000, average cost 443.501801
[2016-12-21 01:46:44,102] >> epoch 2/740000, average cost 443.577942
[2016-12-21 01:47:50,838] >> epoch 2/750000, average cost 443.560303
[2016-12-21 01:49:14,060] >> epoch 2/760000, average cost 443.474792
[2016-12-21 01:50:13,325] >> epoch 2/770000, average cost 443.453400
[2016-12-21 01:52:07,425] >> epoch 2/780000, average cost 443.410614
[2016-12-21 01:53:14,939] >> epoch 2/790000, average cost 443.459900
[2016-12-21 01:54:42,372] >> epoch 2/800000, average cost 443.384644
[2016-12-21 01:56:13,529] >> epoch 2/810000, average cost 443.517395
[2016-12-21 01:57:24,257] >> epoch 2/820000, average cost 443.392639
[2016-12-21 01:58:52,048] >> epoch 2/830000, average cost 443.516296
[2016-12-21 02:00:04,611] >> epoch 2/840000, average cost 443.439758
[2016-12-21 02:01:37,570] >> epoch 2/850000, average cost 443.448792
[2016-12-21 02:02:51,214] >> epoch 2/860000, average cost 443.346649
[2016-12-21 02:04:08,016] >> epoch 2/870000, average cost 443.423950
[2016-12-21 02:05:20,785] >> epoch 2/880000, average cost 443.411896
[2016-12-21 02:06:32,056] >> epoch 2/890000, average cost 443.459839
[2016-12-21 02:07:51,980] >> epoch 2/900000, average cost 443.445648
[2016-12-21 02:09:02,709] >> epoch 2/910000, average cost 443.378754
[2016-12-21 02:10:17,925] >> epoch 2/920000, average cost 443.324036
[2016-12-21 02:11:28,702] >> epoch 2/930000, average cost 443.349091
[2016-12-21 02:12:44,649] >> epoch 2/940000, average cost 443.338409
[2016-12-21 02:13:57,344] >> epoch 2/950000, average cost 443.408813
[2016-12-21 02:15:18,006] >> epoch 2/960000, average cost 443.401215
[2016-12-21 02:16:24,044] >> epoch 2/970000, average cost 443.407745
[2016-12-21 02:17:54,105] >> epoch 2/980000, average cost 443.330841
[2016-12-21 02:19:09,418] >> epoch 2/990000, average cost 443.276398
[2016-12-21 02:20:12,346] >> epoch 3/999990, average cost 443.443115
[2016-12-21 02:21:57,608] >> epoch 3/1010000, average cost 443.466888
[2016-12-21 02:23:22,266] >> epoch 3/1020000, average cost 443.423706
[2016-12-21 02:24:28,392] >> epoch 3/1030000, average cost 443.406891
[2016-12-21 02:25:53,832] >> epoch 3/1040000, average cost 443.296112
[2016-12-21 02:26:59,461] >> epoch 3/1050000, average cost 443.290894
[2016-12-21 02:28:24,838] >> epoch 3/1060000, average cost 443.311096
[2016-12-21 02:29:31,019] >> epoch 3/1070000, average cost 443.379456
[2016-12-21 02:30:56,008] >> epoch 3/1080000, average cost 443.384491
[2016-12-21 02:31:59,608] >> epoch 3/1090000, average cost 443.356812
[2016-12-21 02:33:20,743] >> epoch 3/1100000, average cost 443.255341
[2016-12-21 02:34:27,702] >> epoch 3/1110000, average cost 443.260010
[2016-12-21 02:35:52,971] >> epoch 3/1120000, average cost 443.296509
[2016-12-21 02:36:59,970] >> epoch 3/1130000, average cost 443.234253
[2016-12-21 02:38:26,224] >> epoch 3/1140000, average cost 443.315094
[2016-12-21 02:39:53,545] >> epoch 3/1150000, average cost 443.261108
[2016-12-21 02:41:00,187] >> epoch 3/1160000, average cost 443.360199
[2016-12-21 02:42:21,416] >> epoch 3/1170000, average cost 443.318146
[2016-12-21 02:43:31,592] >> epoch 3/1180000, average cost 443.307007
[2016-12-21 02:44:58,394] >> epoch 3/1190000, average cost 443.211853
[2016-12-21 02:46:11,346] >> epoch 3/1200000, average cost 443.277740
[2016-12-21 02:47:22,310] >> epoch 3/1210000, average cost 443.262787
[2016-12-21 02:48:35,264] >> epoch 3/1220000, average cost 443.336304
[2016-12-21 02:49:47,709] >> epoch 3/1230000, average cost 443.263336
[2016-12-21 02:51:02,365] >> epoch 3/1240000, average cost 443.313110
[2016-12-21 02:52:14,665] >> epoch 3/1250000, average cost 443.201599
[2016-12-21 02:53:27,961] >> epoch 3/1260000, average cost 443.182953
[2016-12-21 02:54:41,415] >> epoch 3/1270000, average cost 443.266693
[2016-12-21 02:55:57,546] >> epoch 3/1280000, average cost 443.242950
[2016-12-21 02:57:12,848] >> epoch 3/1290000, average cost 443.279205
[2016-12-21 02:58:31,606] >> epoch 3/1300000, average cost 443.293793
[2016-12-21 02:59:41,298] >> epoch 3/1310000, average cost 443.232849
[2016-12-21 03:01:00,193] >> epoch 3/1320000, average cost 443.155853
[2016-12-21 03:02:05,431] >> epoch 3/1330000, average cost 443.160400
[2016-12-21 03:02:33,694] >> epoch 4/1333320, average cost 443.289948
[2016-12-21 03:04:59,425] >> epoch 4/1350000, average cost 443.348938
[2016-12-21 03:06:24,621] >> epoch 4/1360000, average cost 443.352600
[2016-12-21 03:07:30,045] >> epoch 4/1370000, average cost 443.149139
[2016-12-21 03:09:15,982] >> epoch 4/1380000, average cost 443.199493
[2016-12-21 03:10:39,076] >> epoch 4/1390000, average cost 443.189514
[2016-12-21 03:12:01,594] >> epoch 4/1400000, average cost 443.234894
[2016-12-21 03:13:15,081] >> epoch 4/1410000, average cost 443.295349
[2016-12-21 03:14:58,056] >> epoch 4/1420000, average cost 443.272400
[2016-12-21 03:16:17,493] >> epoch 4/1430000, average cost 443.157501
[2016-12-21 03:17:41,372] >> epoch 4/1440000, average cost 443.189392
[2016-12-21 03:19:01,439] >> epoch 4/1450000, average cost 443.174286
[2016-12-21 03:20:26,397] >> epoch 4/1460000, average cost 443.168488
[2016-12-21 03:21:48,145] >> epoch 4/1470000, average cost 443.144287
[2016-12-21 03:23:09,762] >> epoch 4/1480000, average cost 443.245300
[2016-12-21 03:24:39,531] >> epoch 4/1490000, average cost 443.203888
[2016-12-21 03:25:48,445] >> epoch 4/1500000, average cost 443.263855
[2016-12-21 03:27:17,653] >> epoch 4/1510000, average cost 443.208160
[2016-12-21 03:28:30,861] >> epoch 4/1520000, average cost 443.164398
[2016-12-21 03:29:48,157] >> epoch 4/1530000, average cost 443.160889
[2016-12-21 03:31:03,783] >> epoch 4/1540000, average cost 443.187958
[2016-12-21 03:32:16,147] >> epoch 4/1550000, average cost 443.231659
[2016-12-21 03:33:20,293] >> epoch 4/1560000, average cost 443.194550
[2016-12-21 03:34:43,375] >> epoch 4/1570000, average cost 443.268494
[2016-12-21 03:36:00,594] >> epoch 4/1580000, average cost 443.144165
[2016-12-21 03:37:13,665] >> epoch 4/1590000, average cost 443.102051
[2016-12-21 03:38:28,088] >> epoch 4/1600000, average cost 443.204163
[2016-12-21 03:39:41,313] >> epoch 4/1610000, average cost 443.123138
[2016-12-21 03:41:02,287] >> epoch 4/1620000, average cost 443.207397
[2016-12-21 03:42:09,102] >> epoch 4/1630000, average cost 443.222809
[2016-12-21 03:43:29,733] >> epoch 4/1640000, average cost 443.194855
[2016-12-21 03:44:36,853] >> epoch 4/1650000, average cost 443.104462
[2016-12-21 03:45:55,061] >> epoch 4/1660000, average cost 443.113007
[2016-12-21 03:46:47,597] >> epoch 5/1666650, average cost 443.200684
[2016-12-21 03:48:50,272] >> epoch 5/1680000, average cost 443.302948
[2016-12-21 03:49:54,432] >> epoch 5/1690000, average cost 443.265900
[2016-12-21 03:51:15,464] >> epoch 5/1700000, average cost 443.126892
[2016-12-21 03:52:19,800] >> epoch 5/1710000, average cost 443.156738
[2016-12-21 03:53:43,610] >> epoch 5/1720000, average cost 443.122040
[2016-12-21 03:54:49,696] >> epoch 5/1730000, average cost 443.154846
[2016-12-21 03:56:14,859] >> epoch 5/1740000, average cost 443.238800
[2016-12-21 03:57:21,147] >> epoch 5/1750000, average cost 443.226013
[2016-12-21 03:58:46,929] >> epoch 5/1760000, average cost 443.146637
[2016-12-21 03:59:53,201] >> epoch 5/1770000, average cost 443.127594
[2016-12-21 04:01:13,616] >> epoch 5/1780000, average cost 443.095215
[2016-12-21 04:02:23,710] >> epoch 5/1790000, average cost 443.149963
[2016-12-21 04:04:11,875] >> epoch 5/1800000, average cost 443.074890
[2016-12-21 04:05:30,868] >> epoch 5/1810000, average cost 443.219788
[2016-12-21 04:06:40,175] >> epoch 5/1820000, average cost 443.098999
[2016-12-21 04:08:07,404] >> epoch 5/1830000, average cost 443.226501
[2016-12-21 04:09:11,871] >> epoch 5/1840000, average cost 443.160797
[2016-12-21 04:10:39,056] >> epoch 5/1850000, average cost 443.159210
[2016-12-21 04:11:51,788] >> epoch 5/1860000, average cost 443.071014
[2016-12-21 04:13:10,671] >> epoch 5/1870000, average cost 443.152100
[2016-12-21 04:14:24,097] >> epoch 5/1880000, average cost 443.144440
[2016-12-21 04:15:38,397] >> epoch 5/1890000, average cost 443.199738
[2016-12-21 04:16:56,334] >> epoch 5/1900000, average cost 443.182190
[2016-12-21 04:18:07,926] >> epoch 5/1910000, average cost 443.131287
[2016-12-21 04:19:22,947] >> epoch 5/1920000, average cost 443.065094
[2016-12-21 04:20:34,336] >> epoch 5/1930000, average cost 443.105194
[2016-12-21 04:21:51,469] >> epoch 5/1940000, average cost 443.093262
[2016-12-21 04:23:05,700] >> epoch 5/1950000, average cost 443.170135
[2016-12-21 04:24:26,017] >> epoch 5/1960000, average cost 443.165192
[2016-12-21 04:25:32,936] >> epoch 5/1970000, average cost 443.169952
[2016-12-21 04:26:53,942] >> epoch 5/1980000, average cost 443.098053
[2016-12-21 04:27:56,149] >> epoch 5/1990000, average cost 443.055695
[2016-12-21 04:29:07,064] >> epoch 6/1999980, average cost 443.149567
[2016-12-21 04:29:42,366] >> epoch 7/2000000, average cost 443.259186
[2016-12-21 04:29:42,402] >> Training finished in 4:16:11.878207
[2016-12-21 04:30:54,218] >> Loading model
[2016-12-21 04:30:54,742] >> Loading datasets
[2016-12-21 04:30:54,746] >> Reconstruction training started with arguments:
{'activation_noise': None,
 'adadelta': False,
 'adadelta_epsilon': '1e-6',
 'adadelta_rho': '0.95',
 'adagrad': False,
 'adagrad_decay': False,
 'batch_size': 128,
 'ce_sparsity': 0.01,
 'ce_sparsity_weight': 0.0,
 'compound': False,
 'corruption_level': 0.2,
 'datasets': (DatasetContainer [PFileStreamDataset@/export/data1/data/ddraper/train.pfile],
              DatasetContainer [],
              DatasetContainer []),
 'epochs': 50,
 'fix_layers': [],
 'graph': False,
 'hooks': [],
 'l1_reg': '0.0',
 'l2_reg': '0.0',
 'layer_args': {1: {}, 2: {}, 3: {}},
 'layers': [4],
 'learning_rate': '0.01',
 'loss': 'crossentropy',
 'minibatches': 2000000,
 'momentum': '',
 'noise': 'mask',
 'sparsity': 0.05,
 'sparsity_weight': 0.0,
 'validate': False,
 'verbosity': 1,
 'warn': False}
[2016-12-21 04:30:54,746] >> Reconstruction training started with da:
{'hidden_activation': u'sigmoid',
 'n_hidden': 1000,
 'n_visible': 1000,
 'tied_weights': True,
 'visible_activation': u'sigmoid'}
[2016-12-21 04:30:54,746] >> Compiling theano graph
Using gpu device 0: Tesla M2075 (CNMeM is disabled, cuDNN not available)
[2016-12-21 04:31:27,356] >> Training started
[2016-12-21 04:32:36,496] >> epoch 0/10000, average cost 111.108841
[2016-12-21 04:34:07,737] >> epoch 0/20000, average cost 106.756973
[2016-12-21 04:35:20,761] >> epoch 0/30000, average cost 106.237473
[2016-12-21 04:36:52,264] >> epoch 0/40000, average cost 105.866096
[2016-12-21 04:38:05,158] >> epoch 0/50000, average cost 105.929321
[2016-12-21 04:39:37,080] >> epoch 0/60000, average cost 105.415611
[2016-12-21 04:40:49,760] >> epoch 0/70000, average cost 105.314659
[2016-12-21 04:42:21,896] >> epoch 0/80000, average cost 105.322853
[2016-12-21 04:43:35,546] >> epoch 0/90000, average cost 105.508675
[2016-12-21 04:45:08,388] >> epoch 0/100000, average cost 105.168365
[2016-12-21 04:46:23,935] >> epoch 0/110000, average cost 105.226540
[2016-12-21 04:47:55,460] >> epoch 0/120000, average cost 105.510101
[2016-12-21 04:49:12,092] >> epoch 0/130000, average cost 105.477974
[2016-12-21 04:50:44,033] >> epoch 0/140000, average cost 105.557510
[2016-12-21 04:52:18,173] >> epoch 0/150000, average cost 105.421577
[2016-12-21 04:53:31,527] >> epoch 0/160000, average cost 104.989761
[2016-12-21 04:55:05,737] >> epoch 0/170000, average cost 105.117836
[2016-12-21 04:56:19,217] >> epoch 0/180000, average cost 105.419235
[2016-12-21 04:57:49,136] >> epoch 0/190000, average cost 104.862366
[2016-12-21 04:59:16,075] >> epoch 0/200000, average cost 105.483849
[2016-12-21 05:00:33,265] >> epoch 0/210000, average cost 105.292465
[2016-12-21 05:01:51,614] >> epoch 0/220000, average cost 105.438927
[2016-12-21 05:03:09,626] >> epoch 0/230000, average cost 105.345161
[2016-12-21 05:04:26,008] >> epoch 0/240000, average cost 105.381615
[2016-12-21 05:05:39,638] >> epoch 0/250000, average cost 104.692101
[2016-12-21 05:06:55,207] >> epoch 0/260000, average cost 104.699959
[2016-12-21 05:08:10,344] >> epoch 0/270000, average cost 105.118698
[2016-12-21 05:09:29,347] >> epoch 0/280000, average cost 105.201698
[2016-12-21 05:10:49,507] >> epoch 0/290000, average cost 105.127426
[2016-12-21 05:12:11,385] >> epoch 0/300000, average cost 105.002861
[2016-12-21 05:13:25,735] >> epoch 0/310000, average cost 105.101425
[2016-12-21 05:14:45,028] >> epoch 0/320000, average cost 104.321312
[2016-12-21 05:15:54,258] >> epoch 0/330000, average cost 105.229103
[2016-12-21 05:16:12,331] >> epoch 1/333330, average cost 105.502968
[2016-12-21 05:18:59,616] >> epoch 1/350000, average cost 105.133553
[2016-12-21 05:20:30,446] >> epoch 1/360000, average cost 104.984512
[2016-12-21 05:21:42,891] >> epoch 1/370000, average cost 104.187042
[2016-12-21 05:23:13,754] >> epoch 1/380000, average cost 104.837616
[2016-12-21 05:24:21,312] >> epoch 1/390000, average cost 104.447578
[2016-12-21 05:25:51,796] >> epoch 1/400000, average cost 104.212776
[2016-12-21 05:27:08,478] >> epoch 1/410000, average cost 104.271400
[2016-12-21 05:28:40,461] >> epoch 1/420000, average cost 104.829971
[2016-12-21 05:29:53,495] >> epoch 1/430000, average cost 104.195244
[2016-12-21 05:31:24,703] >> epoch 1/440000, average cost 104.373055
[2016-12-21 05:32:38,768] >> epoch 1/450000, average cost 104.532089
[2016-12-21 05:34:09,030] >> epoch 1/460000, average cost 104.838860
[2016-12-21 05:35:23,936] >> epoch 1/470000, average cost 104.753525
[2016-12-21 05:36:52,607] >> epoch 1/480000, average cost 104.695732
[2016-12-21 05:38:25,433] >> epoch 1/490000, average cost 104.334740
[2016-12-21 05:39:37,820] >> epoch 1/500000, average cost 104.495041
[2016-12-21 05:41:10,028] >> epoch 1/510000, average cost 104.748375
[2016-12-21 05:42:29,743] >> epoch 1/520000, average cost 104.282326
[2016-12-21 05:43:47,738] >> epoch 1/530000, average cost 104.618935
[2016-12-21 05:45:06,445] >> epoch 1/540000, average cost 104.766953
[2016-12-21 05:46:21,074] >> epoch 1/550000, average cost 104.856102
[2016-12-21 05:47:28,568] >> epoch 1/560000, average cost 104.678879
[2016-12-21 05:48:57,422] >> epoch 1/570000, average cost 104.959900
[2016-12-21 05:50:15,758] >> epoch 1/580000, average cost 104.303658
[2016-12-21 05:51:36,998] >> epoch 1/590000, average cost 104.077492
[2016-12-21 05:52:53,852] >> epoch 1/600000, average cost 104.509933
[2016-12-21 05:54:11,587] >> epoch 1/610000, average cost 104.578659
[2016-12-21 05:55:35,657] >> epoch 1/620000, average cost 104.708397
[2016-12-21 05:56:48,307] >> epoch 1/630000, average cost 104.492920
[2016-12-21 05:58:10,149] >> epoch 1/640000, average cost 104.865974
[2016-12-21 05:59:23,551] >> epoch 1/650000, average cost 103.756660
[2016-12-21 06:00:43,162] >> epoch 1/660000, average cost 104.480751
[2016-12-21 06:01:38,233] >> epoch 2/666660, average cost 104.573174
[2016-12-21 06:03:48,288] >> epoch 2/680000, average cost 104.930389
[2016-12-21 06:04:59,244] >> epoch 2/690000, average cost 104.271721
[2016-12-21 06:06:28,832] >> epoch 2/700000, average cost 103.812447
[2016-12-21 06:07:40,031] >> epoch 2/710000, average cost 104.404182
[2016-12-21 06:09:09,804] >> epoch 2/720000, average cost 104.171249
[2016-12-21 06:10:20,545] >> epoch 2/730000, average cost 103.779541
[2016-12-21 06:11:50,052] >> epoch 2/740000, average cost 103.918938
[2016-12-21 06:13:01,915] >> epoch 2/750000, average cost 104.248123
[2016-12-21 06:14:29,613] >> epoch 2/760000, average cost 103.850067
[2016-12-21 06:15:42,278] >> epoch 2/770000, average cost 103.926071
[2016-12-21 06:17:07,096] >> epoch 2/780000, average cost 104.040443
[2016-12-21 06:18:19,963] >> epoch 2/790000, average cost 104.442688
[2016-12-21 06:19:45,828] >> epoch 2/800000, average cost 104.240158
[2016-12-21 06:21:17,933] >> epoch 2/810000, average cost 104.338379
[2016-12-21 06:22:31,700] >> epoch 2/820000, average cost 104.118462
[2016-12-21 06:24:03,148] >> epoch 2/830000, average cost 104.059227
[2016-12-21 06:25:15,957] >> epoch 2/840000, average cost 104.174049
[2016-12-21 06:26:46,911] >> epoch 2/850000, average cost 104.177887
[2016-12-21 06:27:57,290] >> epoch 2/860000, average cost 103.966972
[2016-12-21 06:29:16,924] >> epoch 2/870000, average cost 104.467590
[2016-12-21 06:30:32,197] >> epoch 2/880000, average cost 104.380486
[2016-12-21 06:31:49,543] >> epoch 2/890000, average cost 104.370972
[2016-12-21 06:33:10,810] >> epoch 2/900000, average cost 104.533699
[2016-12-21 06:34:25,413] >> epoch 2/910000, average cost 104.131882
[2016-12-21 06:35:40,852] >> epoch 2/920000, average cost 103.699326
[2016-12-21 06:36:56,415] >> epoch 2/930000, average cost 103.983505
[2016-12-21 06:38:15,032] >> epoch 2/940000, average cost 104.170822
[2016-12-21 06:39:31,435] >> epoch 2/950000, average cost 104.386253
[2016-12-21 06:40:52,784] >> epoch 2/960000, average cost 104.200562
[2016-12-21 06:42:03,554] >> epoch 2/970000, average cost 104.334702
[2016-12-21 06:43:25,919] >> epoch 2/980000, average cost 103.779289
[2016-12-21 06:44:39,050] >> epoch 2/990000, average cost 103.800987
[2016-12-21 06:45:44,050] >> epoch 3/999990, average cost 104.172661
[2016-12-21 06:47:40,970] >> epoch 3/1010000, average cost 104.432564
[2016-12-21 06:49:16,297] >> epoch 3/1020000, average cost 103.949593
[2016-12-21 06:50:31,411] >> epoch 3/1030000, average cost 103.924934
[2016-12-21 06:52:07,707] >> epoch 3/1040000, average cost 103.748772
[2016-12-21 06:53:24,631] >> epoch 3/1050000, average cost 103.943611
[2016-12-21 06:54:55,946] >> epoch 3/1060000, average cost 103.534889
[2016-12-21 06:56:12,715] >> epoch 3/1070000, average cost 103.520470
[2016-12-21 06:57:47,139] >> epoch 3/1080000, average cost 103.577827
[2016-12-21 06:59:05,006] >> epoch 3/1090000, average cost 103.826477
[2016-12-21 07:00:39,011] >> epoch 3/1100000, average cost 103.534988
[2016-12-21 07:01:58,468] >> epoch 3/1110000, average cost 103.617241
[2016-12-21 07:03:29,585] >> epoch 3/1120000, average cost 103.944130
[2016-12-21 07:04:49,862] >> epoch 3/1130000, average cost 103.936829
[2016-12-21 07:06:20,408] >> epoch 3/1140000, average cost 104.052483
[2016-12-21 07:07:57,609] >> epoch 3/1150000, average cost 103.959885
[2016-12-21 07:09:12,573] >> epoch 3/1160000, average cost 103.563950
[2016-12-21 07:10:57,845] >> epoch 3/1170000, average cost 103.684059
[2016-12-21 07:12:18,974] >> epoch 3/1180000, average cost 104.022804
[2016-12-21 07:13:52,264] >> epoch 3/1190000, average cost 103.490822
[2016-12-21 07:15:14,011] >> epoch 3/1200000, average cost 104.109840
[2016-12-21 07:16:33,344] >> epoch 3/1210000, average cost 103.963028
[2016-12-21 07:17:53,065] >> epoch 3/1220000, average cost 104.116768
[2016-12-21 07:19:15,583] >> epoch 3/1230000, average cost 104.042709
[2016-12-21 07:20:36,494] >> epoch 3/1240000, average cost 104.086662
[2016-12-21 07:21:59,803] >> epoch 3/1250000, average cost 103.411537
[2016-12-21 07:23:19,850] >> epoch 3/1260000, average cost 103.452278
[2016-12-21 07:24:42,439] >> epoch 3/1270000, average cost 103.879662
[2016-12-21 07:26:02,882] >> epoch 3/1280000, average cost 103.973778
[2016-12-21 07:27:24,140] >> epoch 3/1290000, average cost 103.911476
[2016-12-21 07:28:48,389] >> epoch 3/1300000, average cost 103.809052
[2016-12-21 07:30:05,233] >> epoch 3/1310000, average cost 103.904091
[2016-12-21 07:31:29,249] >> epoch 3/1320000, average cost 103.158295
[2016-12-21 07:32:41,900] >> epoch 3/1330000, average cost 104.069725
[2016-12-21 07:33:06,058] >> epoch 4/1333320, average cost 103.826347
[2016-12-21 07:35:54,970] >> epoch 4/1350000, average cost 103.997231
[2016-12-21 07:37:24,010] >> epoch 4/1360000, average cost 103.849884
[2016-12-21 07:38:40,777] >> epoch 4/1370000, average cost 103.087616
[2016-12-21 07:40:14,434] >> epoch 4/1380000, average cost 103.728477
[2016-12-21 07:41:29,653] >> epoch 4/1390000, average cost 103.351974
[2016-12-21 07:43:02,363] >> epoch 4/1400000, average cost 103.141167
[2016-12-21 07:44:19,229] >> epoch 4/1410000, average cost 103.199402
[2016-12-21 07:45:49,815] >> epoch 4/1420000, average cost 103.751251
[2016-12-21 07:47:08,840] >> epoch 4/1430000, average cost 103.151573
[2016-12-21 07:48:39,978] >> epoch 4/1440000, average cost 103.321014
[2016-12-21 07:50:00,067] >> epoch 4/1450000, average cost 103.476509
[2016-12-21 07:51:29,762] >> epoch 4/1460000, average cost 103.801758
[2016-12-21 07:52:49,759] >> epoch 4/1470000, average cost 103.701416
[2016-12-21 07:54:20,638] >> epoch 4/1480000, average cost 103.666138
[2016-12-21 07:55:57,344] >> epoch 4/1490000, average cost 103.314026
[2016-12-21 07:57:12,475] >> epoch 4/1500000, average cost 103.484673
[2016-12-21 07:58:49,836] >> epoch 4/1510000, average cost 103.731102
[2016-12-21 08:00:12,907] >> epoch 4/1520000, average cost 103.294716
[2016-12-21 08:01:37,415] >> epoch 4/1530000, average cost 103.621216
[2016-12-21 08:03:00,703] >> epoch 4/1540000, average cost 103.765747
[2016-12-21 08:04:24,139] >> epoch 4/1550000, average cost 103.880157
[2016-12-21 08:05:39,985] >> epoch 4/1560000, average cost 103.692444
[2016-12-21 08:07:12,899] >> epoch 4/1570000, average cost 103.976585
[2016-12-21 08:08:30,166] >> epoch 4/1580000, average cost 103.335022
[2016-12-21 08:09:48,982] >> epoch 4/1590000, average cost 103.122078
[2016-12-21 08:11:08,322] >> epoch 4/1600000, average cost 103.555389
[2016-12-21 08:12:26,747] >> epoch 4/1610000, average cost 103.622185
[2016-12-21 08:13:52,630] >> epoch 4/1620000, average cost 103.757652
[2016-12-21 08:15:07,777] >> epoch 4/1630000, average cost 103.567223
[2016-12-21 08:16:34,067] >> epoch 4/1640000, average cost 103.905998
[2016-12-21 08:17:50,348] >> epoch 4/1650000, average cost 102.840096
[2016-12-21 08:19:15,760] >> epoch 4/1660000, average cost 103.552666
[2016-12-21 08:20:04,581] >> epoch 5/1666650, average cost 103.554588
[2016-12-21 08:22:27,104] >> epoch 5/1680000, average cost 104.001747
[2016-12-21 08:23:40,221] >> epoch 5/1690000, average cost 103.380402
[2016-12-21 08:25:14,357] >> epoch 5/1700000, average cost 102.899681
[2016-12-21 08:26:27,746] >> epoch 5/1710000, average cost 103.525070
[2016-12-21 08:28:02,708] >> epoch 5/1720000, average cost 103.272797
[2016-12-21 08:29:15,806] >> epoch 5/1730000, average cost 102.892586
[2016-12-21 08:30:44,947] >> epoch 5/1740000, average cost 103.038177
[2016-12-21 08:32:02,989] >> epoch 5/1750000, average cost 103.365280
[2016-12-21 08:33:35,563] >> epoch 5/1760000, average cost 102.975876
[2016-12-21 08:34:52,628] >> epoch 5/1770000, average cost 103.052925
[2016-12-21 08:36:24,338] >> epoch 5/1780000, average cost 103.174889
[2016-12-21 08:37:42,008] >> epoch 5/1790000, average cost 103.576630
[2016-12-21 08:39:13,967] >> epoch 5/1800000, average cost 103.379143
[2016-12-21 08:40:49,757] >> epoch 5/1810000, average cost 103.470741
[2016-12-21 08:42:03,840] >> epoch 5/1820000, average cost 103.252563
[2016-12-21 08:43:39,535] >> epoch 5/1830000, average cost 103.207649
[2016-12-21 08:44:53,941] >> epoch 5/1840000, average cost 103.329803
[2016-12-21 08:46:29,409] >> epoch 5/1850000, average cost 103.313560
[2016-12-21 08:47:43,934] >> epoch 5/1860000, average cost 103.118813
[2016-12-21 08:49:11,113] >> epoch 5/1870000, average cost 103.633568
[2016-12-21 08:50:28,987] >> epoch 5/1880000, average cost 103.519852
[2016-12-21 08:51:47,108] >> epoch 5/1890000, average cost 103.524712
[2016-12-21 08:53:12,895] >> epoch 5/1900000, average cost 103.698013
[2016-12-21 08:54:33,169] >> epoch 5/1910000, average cost 103.302216
[2016-12-21 08:55:51,758] >> epoch 5/1920000, average cost 102.869690
[2016-12-21 08:57:13,737] >> epoch 5/1930000, average cost 103.159447
[2016-12-21 08:58:37,106] >> epoch 5/1940000, average cost 103.352547
[2016-12-21 08:59:56,839] >> epoch 5/1950000, average cost 103.553574
[2016-12-21 09:01:21,342] >> epoch 5/1960000, average cost 103.395004
[2016-12-21 09:02:37,790] >> epoch 5/1970000, average cost 103.524033
[2016-12-21 09:04:02,807] >> epoch 5/1980000, average cost 102.983932
[2016-12-21 09:05:20,815] >> epoch 5/1990000, average cost 103.003922
[2016-12-21 09:06:40,687] >> epoch 6/1999980, average cost 103.318642
[2016-12-21 09:07:12,248] >> epoch 7/2000000, average cost 103.404991
[2016-12-21 09:07:15,337] >> Training finished in 4:35:44.891583
[2016-12-21 09:08:21,432] >> Loading model
[2016-12-21 09:08:21,900] >> Loading datasets
[2016-12-21 09:08:21,902] >> Reconstruction training started with arguments:
{'activation_noise': None,
 'adadelta': False,
 'adadelta_epsilon': '1e-6',
 'adadelta_rho': '0.95',
 'adagrad': False,
 'adagrad_decay': False,
 'batch_size': 128,
 'ce_sparsity': 0.01,
 'ce_sparsity_weight': 0.0,
 'compound': False,
 'corruption_level': 0.2,
 'datasets': (DatasetContainer [PFileStreamDataset@/export/data1/data/ddraper/train.pfile],
              DatasetContainer [],
              DatasetContainer []),
 'epochs': 50,
 'fix_layers': [],
 'graph': False,
 'hooks': [],
 'l1_reg': '0.0',
 'l2_reg': '0.0',
 'layer_args': {1: {}, 2: {}, 3: {}, 4: {}},
 'layers': [5],
 'learning_rate': '0.01',
 'loss': 'crossentropy',
 'minibatches': 2000000,
 'momentum': '',
 'noise': 'mask',
 'sparsity': 0.05,
 'sparsity_weight': 0.0,
 'validate': False,
 'verbosity': 1,
 'warn': False}
[2016-12-21 09:08:21,903] >> Reconstruction training started with da:
{'hidden_activation': u'sigmoid',
 'n_hidden': 1000,
 'n_visible': 1000,
 'tied_weights': True,
 'visible_activation': u'sigmoid'}
[2016-12-21 09:08:21,903] >> Compiling theano graph
Using gpu device 0: Tesla M2075 (CNMeM is disabled, cuDNN not available)
[2016-12-21 09:08:55,346] >> Training started
[2016-12-21 09:10:10,073] >> epoch 0/10000, average cost 238.481277
[2016-12-21 09:11:46,301] >> epoch 0/20000, average cost 233.884399
[2016-12-21 09:13:05,588] >> epoch 0/30000, average cost 232.512375
[2016-12-21 09:14:45,262] >> epoch 0/40000, average cost 231.762024
[2016-12-21 09:16:05,505] >> epoch 0/50000, average cost 231.457275
[2016-12-21 09:17:41,192] >> epoch 0/60000, average cost 231.042725
[2016-12-21 09:19:03,392] >> epoch 0/70000, average cost 230.829697
[2016-12-21 09:20:37,577] >> epoch 0/80000, average cost 230.743607
[2016-12-21 09:21:55,196] >> epoch 0/90000, average cost 230.757446
[2016-12-21 09:23:33,536] >> epoch 0/100000, average cost 230.529495
[2016-12-21 09:24:57,830] >> epoch 0/110000, average cost 230.504105
[2016-12-21 09:26:26,587] >> epoch 0/120000, average cost 230.578079
[2016-12-21 09:27:53,447] >> epoch 0/130000, average cost 230.561371
[2016-12-21 09:29:22,900] >> epoch 0/140000, average cost 230.568451
[2016-12-21 09:31:01,196] >> epoch 0/150000, average cost 230.476044
[2016-12-21 09:32:19,039] >> epoch 0/160000, average cost 230.337753
[2016-12-21 09:33:58,388] >> epoch 0/170000, average cost 230.328201
[2016-12-21 09:35:20,829] >> epoch 0/180000, average cost 230.442352
[2016-12-21 09:36:52,354] >> epoch 0/190000, average cost 230.159775
[2016-12-21 09:38:20,896] >> epoch 0/200000, average cost 230.379105
[2016-12-21 09:39:46,190] >> epoch 0/210000, average cost 230.268448
[2016-12-21 09:41:15,020] >> epoch 0/220000, average cost 230.353149
[2016-12-21 09:42:35,026] >> epoch 0/230000, average cost 230.283203
[2016-12-21 09:43:59,084] >> epoch 0/240000, average cost 230.300644
[2016-12-21 09:45:20,396] >> epoch 0/250000, average cost 229.954895
[2016-12-21 09:46:43,725] >> epoch 0/260000, average cost 229.945450
[2016-12-21 09:48:06,429] >> epoch 0/270000, average cost 230.090607
[2016-12-21 09:49:34,308] >> epoch 0/280000, average cost 230.107071
[2016-12-21 09:51:03,122] >> epoch 0/290000, average cost 230.072601
[2016-12-21 09:52:32,731] >> epoch 0/300000, average cost 230.006775
[2016-12-21 09:53:56,936] >> epoch 0/310000, average cost 230.020798
[2016-12-21 09:55:25,636] >> epoch 0/320000, average cost 229.669449
[2016-12-21 09:56:42,344] >> epoch 0/330000, average cost 230.039902
[2016-12-21 09:57:07,513] >> epoch 1/333330, average cost 230.824417
[2016-12-21 09:59:55,545] >> epoch 1/350000, average cost 230.000473
[2016-12-21 10:01:34,094] >> epoch 1/360000, average cost 229.888443
[2016-12-21 10:02:53,942] >> epoch 1/370000, average cost 229.539444
[2016-12-21 10:04:31,526] >> epoch 1/380000, average cost 229.789871
[2016-12-21 10:05:51,451] >> epoch 1/390000, average cost 229.647980
[2016-12-21 10:07:20,682] >> epoch 1/400000, average cost 229.518753
[2016-12-21 10:08:42,716] >> epoch 1/410000, average cost 229.516357
[2016-12-21 10:10:15,001] >> epoch 1/420000, average cost 229.778229
[2016-12-21 10:11:36,428] >> epoch 1/430000, average cost 229.453003
[2016-12-21 10:13:04,102] >> epoch 1/440000, average cost 229.527100
[2016-12-21 10:14:42,717] >> epoch 1/450000, average cost 229.552399
[2016-12-21 10:16:15,089] >> epoch 1/460000, average cost 229.728302
[2016-12-21 10:17:37,644] >> epoch 1/470000, average cost 229.658997
[2016-12-21 10:19:06,265] >> epoch 1/480000, average cost 229.639069
[2016-12-21 10:20:44,622] >> epoch 1/490000, average cost 229.504593
[2016-12-21 10:22:02,593] >> epoch 1/500000, average cost 229.587051
[2016-12-21 10:23:42,092] >> epoch 1/510000, average cost 229.642120
[2016-12-21 10:25:09,956] >> epoch 1/520000, average cost 229.446869
[2016-12-21 10:26:34,634] >> epoch 1/530000, average cost 229.548981
[2016-12-21 10:28:03,686] >> epoch 1/540000, average cost 229.573975
[2016-12-21 10:29:28,838] >> epoch 1/550000, average cost 229.656082
[2016-12-21 10:30:45,862] >> epoch 1/560000, average cost 229.551743
[2016-12-21 10:32:16,744] >> epoch 1/570000, average cost 229.717697
[2016-12-21 10:33:45,558] >> epoch 1/580000, average cost 229.371353
[2016-12-21 10:35:08,792] >> epoch 1/590000, average cost 229.299225
[2016-12-21 10:36:35,609] >> epoch 1/600000, average cost 229.457443
[2016-12-21 10:37:54,992] >> epoch 1/610000, average cost 229.442596
[2016-12-21 10:39:26,746] >> epoch 1/620000, average cost 229.535446
[2016-12-21 10:40:53,474] >> epoch 1/630000, average cost 229.444550
[2016-12-21 10:42:21,235] >> epoch 1/640000, average cost 229.583618
[2016-12-21 10:43:43,832] >> epoch 1/650000, average cost 229.108154
[2016-12-21 10:45:10,223] >> epoch 1/660000, average cost 229.408768
[2016-12-21 10:45:51,288] >> epoch 2/666660, average cost 229.574417
[2016-12-21 10:48:27,646] >> epoch 2/680000, average cost 229.621857
[2016-12-21 10:49:46,677] >> epoch 2/690000, average cost 229.304626
[2016-12-21 10:51:23,548] >> epoch 2/700000, average cost 229.106827
[2016-12-21 10:52:43,477] >> epoch 2/710000, average cost 229.349152
[2016-12-21 10:54:20,820] >> epoch 2/720000, average cost 229.267349
[2016-12-21 10:55:42,098] >> epoch 2/730000, average cost 229.096497
[2016-12-21 10:57:14,554] >> epoch 2/740000, average cost 229.129730
[2016-12-21 10:58:37,268] >> epoch 2/750000, average cost 229.300018
[2016-12-21 11:00:10,981] >> epoch 2/760000, average cost 229.094131
[2016-12-21 11:01:34,784] >> epoch 2/770000, average cost 229.130875
[2016-12-21 11:03:06,882] >> epoch 2/780000, average cost 229.144730
[2016-12-21 11:04:29,167] >> epoch 2/790000, average cost 229.347672
[2016-12-21 11:05:56,396] >> epoch 2/800000, average cost 229.258881
[2016-12-21 11:07:36,626] >> epoch 2/810000, average cost 229.306595
[2016-12-21 11:08:54,234] >> epoch 2/820000, average cost 229.212143
[2016-12-21 11:10:30,955] >> epoch 2/830000, average cost 229.243652
[2016-12-21 11:11:48,820] >> epoch 2/840000, average cost 229.234055
[2016-12-21 11:13:28,989] >> epoch 2/850000, average cost 229.246201
[2016-12-21 11:14:50,760] >> epoch 2/860000, average cost 229.118881
[2016-12-21 11:16:22,526] >> epoch 2/870000, average cost 229.316406
[2016-12-21 11:17:49,904] >> epoch 2/880000, average cost 229.282043
[2016-12-21 11:19:10,062] >> epoch 2/890000, average cost 229.286743
[2016-12-21 11:20:42,462] >> epoch 2/900000, average cost 229.399704
[2016-12-21 11:22:07,647] >> epoch 2/910000, average cost 229.185806
[2016-12-21 11:23:34,242] >> epoch 2/920000, average cost 229.008057
[2016-12-21 11:24:56,384] >> epoch 2/930000, average cost 229.115082
[2016-12-21 11:26:19,640] >> epoch 2/940000, average cost 229.151077
[2016-12-21 11:27:43,514] >> epoch 2/950000, average cost 229.294769
[2016-12-21 11:29:10,313] >> epoch 2/960000, average cost 229.206894
[2016-12-21 11:30:33,089] >> epoch 2/970000, average cost 229.270401
[2016-12-21 11:32:10,560] >> epoch 2/980000, average cost 229.027771
[2016-12-21 11:33:38,436] >> epoch 2/990000, average cost 229.024673
[2016-12-21 11:34:48,456] >> epoch 3/999990, average cost 229.226242
[2016-12-21 11:36:42,732] >> epoch 3/1010000, average cost 229.329300
[2016-12-21 11:38:19,241] >> epoch 3/1020000, average cost 229.100281
[2016-12-21 11:39:39,898] >> epoch 3/1030000, average cost 229.080643
[2016-12-21 11:41:16,787] >> epoch 3/1040000, average cost 229.015503
[2016-12-21 11:42:39,038] >> epoch 3/1050000, average cost 229.097855
[2016-12-21 11:44:15,439] >> epoch 3/1060000, average cost 228.940582
[2016-12-21 11:45:35,114] >> epoch 3/1070000, average cost 228.913879
[2016-12-21 11:47:09,912] >> epoch 3/1080000, average cost 228.948105
[2016-12-21 11:48:33,752] >> epoch 3/1090000, average cost 229.066025
[2016-12-21 11:50:10,077] >> epoch 3/1100000, average cost 228.904724
[2016-12-21 11:51:35,594] >> epoch 3/1110000, average cost 228.949142
[2016-12-21 11:53:09,361] >> epoch 3/1120000, average cost 229.076370
[2016-12-21 11:54:37,184] >> epoch 3/1130000, average cost 229.106598
[2016-12-21 11:56:06,844] >> epoch 3/1140000, average cost 229.154480
[2016-12-21 11:57:41,995] >> epoch 3/1150000, average cost 229.099823
[2016-12-21 11:59:04,376] >> epoch 3/1160000, average cost 229.002899
[2016-12-21 12:00:42,369] >> epoch 3/1170000, average cost 229.028046
[2016-12-21 12:02:04,570] >> epoch 3/1180000, average cost 229.162643
[2016-12-21 12:03:40,139] >> epoch 3/1190000, average cost 228.916397
[2016-12-21 12:05:10,520] >> epoch 3/1200000, average cost 229.167130
[2016-12-21 12:06:37,460] >> epoch 3/1210000, average cost 229.077301
[2016-12-21 12:08:04,766] >> epoch 3/1220000, average cost 229.189651
[2016-12-21 12:09:29,864] >> epoch 3/1230000, average cost 229.149246
[2016-12-21 12:10:55,472] >> epoch 3/1240000, average cost 229.190994
[2016-12-21 12:12:19,872] >> epoch 3/1250000, average cost 228.885178
[2016-12-21 12:13:44,414] >> epoch 3/1260000, average cost 228.894821
[2016-12-21 12:15:06,981] >> epoch 3/1270000, average cost 229.057175
[2016-12-21 12:16:35,504] >> epoch 3/1280000, average cost 229.101654
[2016-12-21 12:18:07,592] >> epoch 3/1290000, average cost 229.092270
[2016-12-21 12:19:39,620] >> epoch 3/1300000, average cost 229.046982
[2016-12-21 12:21:06,284] >> epoch 3/1310000, average cost 229.088196
[2016-12-21 12:22:35,998] >> epoch 3/1320000, average cost 228.754929
[2016-12-21 12:23:51,269] >> epoch 3/1330000, average cost 229.141953
[2016-12-21 12:24:15,306] >> epoch 4/1333320, average cost 229.054001
[2016-12-21 12:27:19,291] >> epoch 4/1350000, average cost 229.139557
[2016-12-21 12:28:58,935] >> epoch 4/1360000, average cost 229.056656
[2016-12-21 12:30:23,038] >> epoch 4/1370000, average cost 228.727493
[2016-12-21 12:32:00,080] >> epoch 4/1380000, average cost 228.996353
[2016-12-21 12:33:25,268] >> epoch 4/1390000, average cost 228.862000
[2016-12-21 12:34:57,713] >> epoch 4/1400000, average cost 228.763031
[2016-12-21 12:36:25,408] >> epoch 4/1410000, average cost 228.775345
[2016-12-21 12:37:58,069] >> epoch 4/1420000, average cost 229.043594
[2016-12-21 12:39:23,060] >> epoch 4/1430000, average cost 228.737732
[2016-12-21 12:40:58,637] >> epoch 4/1440000, average cost 228.826706
[2016-12-21 12:42:27,146] >> epoch 4/1450000, average cost 228.866806
[2016-12-21 12:44:02,066] >> epoch 4/1460000, average cost 229.047180
[2016-12-21 12:45:31,934] >> epoch 4/1470000, average cost 228.990479
[2016-12-21 12:47:04,538] >> epoch 4/1480000, average cost 228.990570
[2016-12-21 12:48:38,014] >> epoch 4/1490000, average cost 228.862198
[2016-12-21 12:49:59,686] >> epoch 4/1500000, average cost 228.956024
[2016-12-21 12:51:43,989] >> epoch 4/1510000, average cost 229.025574
[2016-12-21 12:53:14,780] >> epoch 4/1520000, average cost 228.840424
[2016-12-21 12:54:41,107] >> epoch 4/1530000, average cost 228.953506
[2016-12-21 12:56:12,158] >> epoch 4/1540000, average cost 228.983078
[2016-12-21 12:57:39,170] >> epoch 4/1550000, average cost 229.078568
[2016-12-21 12:59:05,078] >> epoch 4/1560000, average cost 228.982422
[2016-12-21 13:00:32,900] >> epoch 4/1570000, average cost 229.153778
[2016-12-21 13:02:02,800] >> epoch 4/1580000, average cost 228.824799
[2016-12-21 13:03:31,277] >> epoch 4/1590000, average cost 228.758453
[2016-12-21 13:04:56,083] >> epoch 4/1600000, average cost 228.920151
[2016-12-21 13:06:23,482] >> epoch 4/1610000, average cost 228.921143
[2016-12-21 13:07:52,946] >> epoch 4/1620000, average cost 229.013443
[2016-12-21 13:09:21,101] >> epoch 4/1630000, average cost 228.929245
[2016-12-21 13:10:46,740] >> epoch 4/1640000, average cost 229.085052
[2016-12-21 13:12:16,916] >> epoch 4/1650000, average cost 228.617950
[2016-12-21 13:13:40,107] >> epoch 4/1660000, average cost 228.921570
[2016-12-21 13:14:24,299] >> epoch 5/1666650, average cost 228.933197
[2016-12-21 13:16:54,997] >> epoch 5/1680000, average cost 229.146927
[2016-12-21 13:18:13,249] >> epoch 5/1690000, average cost 228.839706
[2016-12-21 13:19:50,898] >> epoch 5/1700000, average cost 228.655518
[2016-12-21 13:21:10,534] >> epoch 5/1710000, average cost 228.903870
[2016-12-21 13:22:47,758] >> epoch 5/1720000, average cost 228.817093
[2016-12-21 13:24:08,942] >> epoch 5/1730000, average cost 228.664474
[2016-12-21 13:25:43,654] >> epoch 5/1740000, average cost 228.700851
[2016-12-21 13:27:06,098] >> epoch 5/1750000, average cost 228.880081
[2016-12-21 13:28:40,280] >> epoch 5/1760000, average cost 228.676895
[2016-12-21 13:30:04,064] >> epoch 5/1770000, average cost 228.716675
[2016-12-21 13:31:36,645] >> epoch 5/1780000, average cost 228.745605
[2016-12-21 13:33:00,716] >> epoch 5/1790000, average cost 228.936096
[2016-12-21 13:34:32,867] >> epoch 5/1800000, average cost 228.854752
[2016-12-21 13:36:12,450] >> epoch 5/1810000, average cost 228.915497
[2016-12-21 13:37:31,508] >> epoch 5/1820000, average cost 228.822479
[2016-12-21 13:39:10,618] >> epoch 5/1830000, average cost 228.860077
[2016-12-21 13:40:23,739] >> epoch 5/1840000, average cost 228.854874
[2016-12-21 13:42:05,203] >> epoch 5/1850000, average cost 228.865707
[2016-12-21 13:43:31,308] >> epoch 5/1860000, average cost 228.750000
[2016-12-21 13:45:00,350] >> epoch 5/1870000, average cost 228.947479
[2016-12-21 13:46:26,196] >> epoch 5/1880000, average cost 228.921143
[2016-12-21 13:47:44,559] >> epoch 5/1890000, average cost 228.925125
[2016-12-21 13:49:13,603] >> epoch 5/1900000, average cost 229.036148
[2016-12-21 13:50:37,938] >> epoch 5/1910000, average cost 228.830551
[2016-12-21 13:51:58,221] >> epoch 5/1920000, average cost 228.663803
[2016-12-21 13:53:20,034] >> epoch 5/1930000, average cost 228.770905
[2016-12-21 13:54:25,952] >> epoch 5/1940000, average cost 228.811218
[2016-12-21 13:58:23,171] >> epoch 5/1950000, average cost 228.954132
[2016-12-21 14:01:39,134] >> epoch 5/1960000, average cost 228.874832
[2016-12-21 14:02:57,483] >> epoch 5/1970000, average cost 228.928619
[2016-12-21 14:04:24,387] >> epoch 5/1980000, average cost 228.703568
[2016-12-21 14:05:40,689] >> epoch 5/1990000, average cost 228.701797
[2016-12-21 14:07:00,995] >> epoch 6/1999980, average cost 228.839432
[2016-12-21 14:07:34,737] >> epoch 7/2000000, average cost 229.045868
[2016-12-21 14:07:37,763] >> Training finished in 4:58:39.386271
[2016-12-21 14:08:42,246] >> Loading model
[2016-12-21 14:08:42,662] >> Loading datasets
[2016-12-21 14:08:42,678] >> Reconstruction training started with arguments:
{'activation_noise': None,
 'adadelta': False,
 'adadelta_epsilon': '1e-6',
 'adadelta_rho': '0.95',
 'adagrad': False,
 'adagrad_decay': False,
 'batch_size': 128,
 'ce_sparsity': 0.01,
 'ce_sparsity_weight': 0.0,
 'compound': False,
 'corruption_level': 0.2,
 'datasets': (DatasetContainer [PFileStreamDataset@/export/data1/data/ddraper/train.pfile],
              DatasetContainer [],
              DatasetContainer []),
 'epochs': 50,
 'fix_layers': [],
 'graph': False,
 'hooks': [],
 'l1_reg': '0.0',
 'l2_reg': '0.0',
 'layer_args': {1: {}, 2: {}, 3: {}, 4: {}, 5: {}},
 'layers': [6],
 'learning_rate': '0.01',
 'loss': 'crossentropy',
 'minibatches': 2000000,
 'momentum': '',
 'noise': 'mask',
 'sparsity': 0.05,
 'sparsity_weight': 0.0,
 'validate': False,
 'verbosity': 1,
 'warn': False}
[2016-12-21 14:08:42,678] >> Reconstruction training started with da:
{'hidden_activation': u'sigmoid',
 'n_hidden': 1000,
 'n_visible': 1000,
 'tied_weights': True,
 'visible_activation': u'sigmoid'}
[2016-12-21 14:08:42,679] >> Compiling theano graph
Using gpu device 0: Tesla M2075 (CNMeM is disabled, cuDNN not available)
[2016-12-21 14:08:54,535] >> Training started
[2016-12-21 14:10:11,268] >> epoch 0/10000, average cost 144.913757
[2016-12-21 14:11:28,873] >> epoch 0/20000, average cost 141.814346
[2016-12-21 14:12:38,514] >> epoch 0/30000, average cost 140.905350
[2016-12-21 14:14:08,849] >> epoch 0/40000, average cost 140.486618
[2016-12-21 14:15:31,622] >> epoch 0/50000, average cost 140.361908
[2016-12-21 14:17:09,918] >> epoch 0/60000, average cost 140.014267
[2016-12-21 14:18:29,829] >> epoch 0/70000, average cost 139.900925
[2016-12-21 14:20:04,637] >> epoch 0/80000, average cost 139.867325
[2016-12-21 14:21:30,255] >> epoch 0/90000, average cost 139.903870
[2016-12-21 14:22:54,554] >> epoch 0/100000, average cost 139.759415
[2016-12-21 14:24:18,213] >> epoch 0/110000, average cost 139.755737
[2016-12-21 14:25:50,498] >> epoch 0/120000, average cost 139.861618
[2016-12-21 14:27:20,859] >> epoch 0/130000, average cost 139.815613
[2016-12-21 14:28:51,563] >> epoch 0/140000, average cost 139.895294
[2016-12-21 14:30:29,012] >> epoch 0/150000, average cost 139.800003
[2016-12-21 14:31:44,211] >> epoch 0/160000, average cost 139.584732
[2016-12-21 14:33:22,074] >> epoch 0/170000, average cost 139.624374
[2016-12-21 14:34:41,987] >> epoch 0/180000, average cost 139.781387
[2016-12-21 14:36:20,945] >> epoch 0/190000, average cost 139.511627
[2016-12-21 14:37:44,078] >> epoch 0/200000, average cost 139.782318
[2016-12-21 14:39:21,425] >> epoch 0/210000, average cost 139.689819
[2016-12-21 14:40:39,625] >> epoch 0/220000, average cost 139.751556
[2016-12-21 14:42:11,665] >> epoch 0/230000, average cost 139.686340
[2016-12-21 14:43:47,611] >> epoch 0/240000, average cost 139.706818
[2016-12-21 14:45:20,876] >> epoch 0/250000, average cost 139.409424
[2016-12-21 14:46:55,825] >> epoch 0/260000, average cost 139.394806
[2016-12-21 14:48:18,562] >> epoch 0/270000, average cost 139.594681
[2016-12-21 14:49:55,849] >> epoch 0/280000, average cost 139.610474
[2016-12-21 14:51:25,796] >> epoch 0/290000, average cost 139.572754
[2016-12-21 14:52:57,201] >> epoch 0/300000, average cost 139.493790
[2016-12-21 14:54:18,326] >> epoch 0/310000, average cost 139.536102
[2016-12-21 14:55:57,088] >> epoch 0/320000, average cost 139.180847
[2016-12-21 14:57:17,564] >> epoch 0/330000, average cost 139.591049
[2016-12-21 14:57:39,341] >> epoch 1/333330, average cost 139.983124
[2016-12-21 15:00:24,910] >> epoch 1/350000, average cost 139.507568
[2016-12-21 15:02:02,559] >> epoch 1/360000, average cost 139.426346
[2016-12-21 15:03:22,571] >> epoch 1/370000, average cost 139.075394
[2016-12-21 15:05:00,857] >> epoch 1/380000, average cost 139.371246
[2016-12-21 15:06:21,644] >> epoch 1/390000, average cost 139.175140
[2016-12-21 15:08:08,835] >> epoch 1/400000, average cost 139.051651
[2016-12-21 15:09:43,436] >> epoch 1/410000, average cost 139.081497
[2016-12-21 15:11:15,575] >> epoch 1/420000, average cost 139.306030
[2016-12-21 15:12:44,492] >> epoch 1/430000, average cost 139.042282
[2016-12-21 15:14:24,076] >> epoch 1/440000, average cost 139.108139
[2016-12-21 15:15:56,259] >> epoch 1/450000, average cost 139.179321
[2016-12-21 15:17:24,436] >> epoch 1/460000, average cost 139.284943
[2016-12-21 15:18:57,116] >> epoch 1/470000, average cost 139.277115
[2016-12-21 15:20:31,636] >> epoch 1/480000, average cost 139.216095
[2016-12-21 15:22:09,549] >> epoch 1/490000, average cost 139.060776
[2016-12-21 15:23:30,598] >> epoch 1/500000, average cost 139.095795
[2016-12-21 15:25:13,041] >> epoch 1/510000, average cost 139.220795
[2016-12-21 15:26:37,962] >> epoch 1/520000, average cost 139.014771
[2016-12-21 15:28:21,658] >> epoch 1/530000, average cost 139.138428
[2016-12-21 15:29:44,271] >> epoch 1/540000, average cost 139.196640
[2016-12-21 15:31:25,796] >> epoch 1/550000, average cost 139.225815
[2016-12-21 15:32:45,603] >> epoch 1/560000, average cost 139.140381
[2016-12-21 15:34:42,093] >> epoch 1/570000, average cost 139.240921
[2016-12-21 15:36:16,952] >> epoch 1/580000, average cost 138.957397
[2016-12-21 15:37:41,451] >> epoch 1/590000, average cost 138.871643
[2016-12-21 15:39:12,537] >> epoch 1/600000, average cost 139.042282
[2016-12-21 15:41:05,120] >> epoch 1/610000, average cost 139.076645
[2016-12-21 15:42:53,870] >> epoch 1/620000, average cost 139.109695
[2016-12-21 15:44:35,972] >> epoch 1/630000, average cost 139.026245
[2016-12-21 15:46:28,388] >> epoch 1/640000, average cost 139.164688
[2016-12-21 15:48:19,246] >> epoch 1/650000, average cost 138.670990
[2016-12-21 15:50:10,642] >> epoch 1/660000, average cost 138.995377
[2016-12-21 15:50:59,407] >> epoch 2/666660, average cost 139.143753
[2016-12-21 15:53:11,660] >> epoch 2/680000, average cost 139.162949
[2016-12-21 15:54:37,920] >> epoch 2/690000, average cost 138.877289
[2016-12-21 15:57:08,180] >> epoch 2/700000, average cost 138.655243
[2016-12-21 15:58:52,840] >> epoch 2/710000, average cost 138.943359
[2016-12-21 16:01:11,272] >> epoch 2/720000, average cost 138.832260
[2016-12-21 16:03:00,639] >> epoch 2/730000, average cost 138.626358
[2016-12-21 16:05:16,666] >> epoch 2/740000, average cost 138.690659
[2016-12-21 16:06:57,166] >> epoch 2/750000, average cost 138.832916
[2016-12-21 16:09:12,053] >> epoch 2/760000, average cost 138.657532
[2016-12-21 16:10:45,824] >> epoch 2/770000, average cost 138.703720
[2016-12-21 16:12:47,904] >> epoch 2/780000, average cost 138.744095
[2016-12-21 16:14:31,328] >> epoch 2/790000, average cost 138.898987
[2016-12-21 16:17:00,227] >> epoch 2/800000, average cost 138.822220
[2016-12-21 16:18:58,643] >> epoch 2/810000, average cost 138.862503
[2016-12-21 16:20:23,285] >> epoch 2/820000, average cost 138.765991
[2016-12-21 16:22:07,825] >> epoch 2/830000, average cost 138.717606
[2016-12-21 16:23:34,684] >> epoch 2/840000, average cost 138.768723
[2016-12-21 16:26:22,206] >> epoch 2/850000, average cost 138.779648
[2016-12-21 16:27:55,563] >> epoch 2/860000, average cost 138.673950
[2016-12-21 16:29:32,490] >> epoch 2/870000, average cost 138.898193
[2016-12-21 16:30:51,982] >> epoch 2/880000, average cost 138.842377
[2016-12-21 16:32:53,912] >> epoch 2/890000, average cost 138.848480
[2016-12-21 16:34:09,385] >> epoch 2/900000, average cost 138.893845
[2016-12-21 16:36:06,087] >> epoch 2/910000, average cost 138.746872
[2016-12-21 16:37:42,232] >> epoch 2/920000, average cost 138.545929
[2016-12-21 16:39:05,929] >> epoch 2/930000, average cost 138.663940
[2016-12-21 16:41:01,641] >> epoch 2/940000, average cost 138.768112
[2016-12-21 16:43:39,519] >> epoch 2/950000, average cost 138.826843
[2016-12-21 16:46:04,555] >> epoch 2/960000, average cost 138.773849
[2016-12-21 16:47:55,016] >> epoch 2/970000, average cost 138.796707
[2016-12-21 16:51:05,330] >> epoch 2/980000, average cost 138.561096
[2016-12-21 16:52:59,084] >> epoch 2/990000, average cost 138.575119
[2016-12-21 16:54:58,097] >> epoch 3/999990, average cost 138.779129
[2016-12-21 16:57:25,901] >> epoch 3/1010000, average cost 138.833008
[2016-12-21 16:59:00,351] >> epoch 3/1020000, average cost 138.631088
[2016-12-21 17:00:22,581] >> epoch 3/1030000, average cost 138.603943
[2016-12-21 17:02:27,924] >> epoch 3/1040000, average cost 138.546066
[2016-12-21 17:03:50,287] >> epoch 3/1050000, average cost 138.644852
[2016-12-21 17:05:54,491] >> epoch 3/1060000, average cost 138.434372
[2016-12-21 17:07:12,976] >> epoch 3/1070000, average cost 138.416748
[2016-12-21 17:09:00,519] >> epoch 3/1080000, average cost 138.465866
[2016-12-21 17:10:31,407] >> epoch 3/1090000, average cost 138.557755
[2016-12-21 17:12:01,520] >> epoch 3/1100000, average cost 138.455627
[2016-12-21 17:13:18,476] >> epoch 3/1110000, average cost 138.480392
[2016-12-21 17:14:54,071] >> epoch 3/1120000, average cost 138.612061
[2016-12-21 17:16:35,195] >> epoch 3/1130000, average cost 138.592209
[2016-12-21 17:18:42,054] >> epoch 3/1140000, average cost 138.687531
[2016-12-21 17:20:27,358] >> epoch 3/1150000, average cost 138.628998
[2016-12-21 17:21:55,472] >> epoch 3/1160000, average cost 138.436096
[2016-12-21 17:23:48,518] >> epoch 3/1170000, average cost 138.491684
[2016-12-21 17:25:09,308] >> epoch 3/1180000, average cost 138.654572
[2016-12-21 17:27:01,028] >> epoch 3/1190000, average cost 138.418732
[2016-12-21 17:28:27,373] >> epoch 3/1200000, average cost 138.682907
[2016-12-21 17:30:29,382] >> epoch 3/1210000, average cost 138.615326
[2016-12-21 17:32:02,705] >> epoch 3/1220000, average cost 138.681534
[2016-12-21 17:34:01,293] >> epoch 3/1230000, average cost 138.638107
[2016-12-21 17:35:32,541] >> epoch 3/1240000, average cost 138.669479
[2016-12-21 17:37:27,204] >> epoch 3/1250000, average cost 138.383881
[2016-12-21 17:39:08,163] >> epoch 3/1260000, average cost 138.394608
[2016-12-21 17:41:11,608] >> epoch 3/1270000, average cost 138.600632
[2016-12-21 17:42:53,967] >> epoch 3/1280000, average cost 138.625595
[2016-12-21 17:44:56,733] >> epoch 3/1290000, average cost 138.610306
[2016-12-21 17:47:00,247] >> epoch 3/1300000, average cost 138.539154
[2016-12-21 17:48:37,945] >> epoch 3/1310000, average cost 138.597275
[2016-12-21 17:50:43,715] >> epoch 3/1320000, average cost 138.268616
[2016-12-21 17:52:12,341] >> epoch 3/1330000, average cost 138.678192
[2016-12-21 17:52:36,637] >> epoch 4/1333320, average cost 138.564651
[2016-12-21 17:56:03,001] >> epoch 4/1350000, average cost 138.623398
[2016-12-21 17:57:32,985] >> epoch 4/1360000, average cost 138.553482
[2016-12-21 17:58:47,554] >> epoch 4/1370000, average cost 138.239426
[2016-12-21 18:00:40,961] >> epoch 4/1380000, average cost 138.534012
[2016-12-21 18:01:58,703] >> epoch 4/1390000, average cost 138.353455
[2016-12-21 18:03:38,905] >> epoch 4/1400000, average cost 138.248734
[2016-12-21 18:05:03,624] >> epoch 4/1410000, average cost 138.278519
[2016-12-21 18:06:55,909] >> epoch 4/1420000, average cost 138.516830
[2016-12-21 18:08:32,009] >> epoch 4/1430000, average cost 138.269608
[2016-12-21 18:10:17,462] >> epoch 4/1440000, average cost 138.340851
[2016-12-21 18:11:47,732] >> epoch 4/1450000, average cost 138.415894
[2016-12-21 18:13:33,826] >> epoch 4/1460000, average cost 138.520676
[2016-12-21 18:15:00,525] >> epoch 4/1470000, average cost 138.531540
[2016-12-21 18:16:36,150] >> epoch 4/1480000, average cost 138.485672
[2016-12-21 18:18:33,897] >> epoch 4/1490000, average cost 138.335205
[2016-12-21 18:19:55,884] >> epoch 4/1500000, average cost 138.388138
[2016-12-21 18:21:23,180] >> epoch 4/1510000, average cost 138.514481
[2016-12-21 18:22:52,584] >> epoch 4/1520000, average cost 138.322525
[2016-12-21 18:24:49,192] >> epoch 4/1530000, average cost 138.458603
[2016-12-21 18:26:09,879] >> epoch 4/1540000, average cost 138.533020
[2016-12-21 18:27:43,679] >> epoch 4/1550000, average cost 138.557404
[2016-12-21 18:29:04,350] >> epoch 4/1560000, average cost 138.495743
[2016-12-21 18:30:50,860] >> epoch 4/1570000, average cost 138.595093
[2016-12-21 18:32:42,690] >> epoch 4/1580000, average cost 138.343552
[2016-12-21 18:35:21,613] >> epoch 4/1590000, average cost 138.247009
[2016-12-21 18:36:52,646] >> epoch 4/1600000, average cost 138.433395
[2016-12-21 18:38:54,135] >> epoch 4/1610000, average cost 138.477753
[2016-12-21 18:41:04,833] >> epoch 4/1620000, average cost 138.510559
[2016-12-21 18:42:54,664] >> epoch 4/1630000, average cost 138.446442
[2016-12-21 18:45:26,678] >> epoch 4/1640000, average cost 138.585892
[2016-12-21 18:47:12,429] >> epoch 4/1650000, average cost 138.109268
[2016-12-21 18:49:09,751] >> epoch 4/1660000, average cost 138.444977
[2016-12-21 18:49:53,073] >> epoch 5/1666650, average cost 138.435562
[2016-12-21 18:52:31,287] >> epoch 5/1680000, average cost 138.612793
[2016-12-21 18:54:08,478] >> epoch 5/1690000, average cost 138.354187
[2016-12-21 18:55:36,775] >> epoch 5/1700000, average cost 138.134979
[2016-12-21 18:57:04,637] >> epoch 5/1710000, average cost 138.436356
[2016-12-21 18:58:47,340] >> epoch 5/1720000, average cost 138.317566
[2016-12-21 19:00:10,882] >> epoch 5/1730000, average cost 138.127838
[2016-12-21 19:01:49,521] >> epoch 5/1740000, average cost 138.204620
[2016-12-21 19:03:14,204] >> epoch 5/1750000, average cost 138.342377
[2016-12-21 19:04:59,592] >> epoch 5/1760000, average cost 138.174362
[2016-12-21 19:06:44,486] >> epoch 5/1770000, average cost 138.234360
[2016-12-21 19:08:12,152] >> epoch 5/1780000, average cost 138.270294
[2016-12-21 19:10:03,576] >> epoch 5/1790000, average cost 138.429077
[2016-12-21 19:12:04,521] >> epoch 5/1800000, average cost 138.352493
[2016-12-21 19:13:54,194] >> epoch 5/1810000, average cost 138.407608
[2016-12-21 19:15:19,576] >> epoch 5/1820000, average cost 138.321320
[2016-12-21 19:17:16,379] >> epoch 5/1830000, average cost 138.266830
[2016-12-21 19:18:54,410] >> epoch 5/1840000, average cost 138.322617
[2016-12-21 19:21:05,855] >> epoch 5/1850000, average cost 138.342300
[2016-12-21 19:22:43,772] >> epoch 5/1860000, average cost 138.236389
[2016-12-21 19:24:47,502] >> epoch 5/1870000, average cost 138.470886
[2016-12-21 19:26:46,365] >> epoch 5/1880000, average cost 138.407486
[2016-12-21 19:28:47,704] >> epoch 5/1890000, average cost 138.424561
[2016-12-21 19:30:11,570] >> epoch 5/1900000, average cost 138.470093
[2016-12-21 19:32:36,728] >> epoch 5/1910000, average cost 138.328918
[2016-12-21 19:34:03,881] >> epoch 5/1920000, average cost 138.132980
[2016-12-21 19:35:42,916] >> epoch 5/1930000, average cost 138.257050
[2016-12-21 19:37:12,794] >> epoch 5/1940000, average cost 138.368469
[2016-12-21 19:39:17,684] >> epoch 5/1950000, average cost 138.425690
[2016-12-21 19:40:56,666] >> epoch 5/1960000, average cost 138.377457
[2016-12-21 19:42:23,901] >> epoch 5/1970000, average cost 138.404510
[2016-12-21 19:44:01,140] >> epoch 5/1980000, average cost 138.172821
[2016-12-21 19:45:31,622] >> epoch 5/1990000, average cost 138.194290
[2016-12-21 19:47:00,513] >> epoch 6/1999980, average cost 138.329224
[2016-12-21 19:47:49,754] >> epoch 7/2000000, average cost 138.299835
[2016-12-21 19:47:49,754] >> Training finished in 5:38:55.218359
[2016-12-21 19:48:46,625] >> Loading model
[2016-12-21 19:48:48,121] >> Loading datasets
Using gpu device 0: Tesla M2075 (CNMeM is disabled, cuDNN not available)
[2016-12-21 19:49:54,126] >> Supervised training started with arguments:
{'activation_noise': None,
 'adadelta': False,
 'adadelta_epsilon': '1e-6',
 'adadelta_rho': '0.95',
 'adagrad': False,
 'adagrad_decay': False,
 'batch_size': 256,
 'datasets': (DatasetContainer [PFileStreamDataset@/export/data1/data/ddraper/train.pfile],
              DatasetContainer [PFileDataset@/export/data1/data/ddraper/valid.pfile,1, PFileDataset@/export/data1/data/ddraper/valid.pfile,2, PFileDataset@/export/data1/data/ddraper/valid.pfile,3, PFileDataset@/export/data1/data/ddraper/valid.pfile,4, PFileDataset@/export/data1/data/ddraper/valid.pfile,5],
              DatasetContainer []),
 'epochs': 50,
 'fix_layers': [],
 'graph': False,
 'hooks': [<functools.partial object at 0x7f6d8525c470>],
 'l1_reg': '0.0',
 'l2_reg': '0.0',
 'layer_args': [],
 'learning_rate': '1',
 'minibatches': -1,
 'momentum': '',
 'newbob': True,
 'newbob_decay': 0.5,
 'newbob_threshold': [0.005, 0.0001],
 'patience': -1,
 'patience_improve_threshold': 0.995,
 'patience_increase': 1.5,
 'pre_validate': False,
 'print_errors': True,
 'validation_interval': -1,
 'verbosity': 0,
 'warn': False}
[2016-12-21 19:49:54,127] >> Compiling theano graph
[2016-12-21 19:51:42,216] >> Training started
[2016-12-21 21:00:23,840] >  epoch 1/166665, training error 0.405439
[2016-12-21 21:00:42,372] >  epoch 1/166665, validation error 0.407424
[2016-12-21 22:12:13,989] >  epoch 2/333330, training error 0.260529
[2016-12-21 22:12:38,419] >  epoch 2/333330, validation error 0.362760
[2016-12-21 23:23:13,105] >  epoch 3/499995, training error 0.226353
[2016-12-21 23:23:38,397] >  epoch 3/499995, validation error 0.352983
[2016-12-22 00:33:22,107] >  epoch 4/666660, training error 0.207863
[2016-12-22 00:33:40,817] >  epoch 4/666660, validation error 0.344644
[2016-12-22 01:44:11,057] >  epoch 5/833325, training error 0.193389
[2016-12-22 01:44:29,568] >  epoch 5/833325, validation error 0.345734
[2016-12-22 01:44:29,596] >  epoch 5/833325, learning rate set to 0.500000
[2016-12-22 02:54:37,612] >  epoch 6/999990, training error 0.187567
[2016-12-22 02:55:01,564] >  epoch 6/999990, validation error 0.327321
[2016-12-22 02:55:01,902] >  epoch 6/999990, learning rate set to 0.250000
[2016-12-22 04:05:17,896] >  epoch 7/1166655, training error 0.190049
[2016-12-22 04:05:40,154] >  epoch 7/1166655, validation error 0.318426
[2016-12-22 04:05:42,333] >  epoch 7/1166655, learning rate set to 0.125000
[2016-12-22 05:17:24,065] >  epoch 8/1333320, training error 0.194892
[2016-12-22 05:17:43,091] >  epoch 8/1333320, validation error 0.308610
[2016-12-22 05:17:43,323] >  epoch 8/1333320, learning rate set to 0.062500
[2016-12-22 06:29:32,358] >  epoch 9/1499985, training error 0.200552
[2016-12-22 06:29:57,288] >  epoch 9/1499985, validation error 0.304209
[2016-12-22 06:29:57,587] >  epoch 9/1499985, learning rate set to 0.031250
[2016-12-22 07:39:39,515] >  epoch 10/1666650, training error 0.204218
[2016-12-22 07:40:01,486] >  epoch 10/1666650, validation error 0.296638
[2016-12-22 07:40:01,647] >  epoch 10/1666650, learning rate set to 0.015625
[2016-12-22 08:50:50,052] >  epoch 11/1833315, training error 0.209048
[2016-12-22 08:51:13,304] >  epoch 11/1833315, validation error 0.291469
[2016-12-22 08:51:13,450] >  epoch 11/1833315, learning rate set to 0.007812
[2016-12-22 10:01:40,215] >  epoch 12/1999980, training error 0.216150
[2016-12-22 10:02:02,139] >  epoch 12/1999980, validation error 0.288410
[2016-12-22 10:02:02,285] >  epoch 12/1999980, learning rate set to 0.003906
[2016-12-22 11:11:34,835] >  epoch 13/2166645, training error 0.222971
[2016-12-22 11:11:58,543] >  epoch 13/2166645, validation error 0.285180
[2016-12-22 11:11:58,844] >  epoch 13/2166645, learning rate set to 0.001953
[2016-12-22 12:22:44,431] >  epoch 14/2333310, training error 0.228359
[2016-12-22 12:23:06,481] >  epoch 14/2333310, validation error 0.282843
[2016-12-22 12:23:06,800] >  epoch 14/2333310, learning rate set to 0.000977
[2016-12-22 13:33:50,277] >  epoch 15/2499975, training error 0.232016
[2016-12-22 13:34:12,853] >  epoch 15/2499975, validation error 0.280804
[2016-12-22 13:34:13,158] >  epoch 15/2499975, learning rate set to 0.000488
[2016-12-22 14:45:00,725] >  epoch 16/2666640, training error 0.234262
[2016-12-22 14:45:27,880] >  epoch 16/2666640, validation error 0.278579
[2016-12-22 14:45:28,183] >  epoch 16/2666640, learning rate set to 0.000244
[2016-12-22 15:57:07,879] >  epoch 17/2833305, training error 0.235342
[2016-12-22 15:57:31,909] >  epoch 17/2833305, validation error 0.276894
[2016-12-22 15:57:32,085] >  epoch 17/2833305, learning rate set to 0.000122
[2016-12-22 17:07:16,113] >  epoch 18/2999970, training error 0.235708
[2016-12-22 17:07:36,948] >  epoch 18/2999970, validation error 0.275928
[2016-12-22 17:07:40,681] >  epoch 18/2999970, learning rate set to 0.000061
[2016-12-22 18:19:17,289] >  epoch 19/3166635, training error 0.235815
[2016-12-22 18:19:41,820] >  epoch 19/3166635, validation error 0.275758
[2016-12-22 18:19:42,163] >  epoch 19/3166635, learning rate set to 0.000031
[2016-12-22 19:34:03,987] >  epoch 20/3333300, training error 0.235836
[2016-12-22 19:34:28,888] >  epoch 20/3333300, validation error 0.275811
[2016-12-22 19:34:28,936] >> Training finished in 23:42:46.687030
