[2016-12-18 18:34:50,563] >> Loading model
[2016-12-18 18:34:51,244] >> Loading datasets
[2016-12-18 18:34:51,245] >> Reconstruction training started with arguments:
{'activation_noise': None,
 'adadelta': False,
 'adadelta_epsilon': '1e-6',
 'adadelta_rho': '0.95',
 'adagrad': False,
 'adagrad_decay': False,
 'batch_size': 128,
 'ce_sparsity': 0.01,
 'ce_sparsity_weight': 0.0,
 'compound': False,
 'corruption_level': 0.2,
 'datasets': (DatasetContainer [PFileStreamDataset@/export/data1/data/ddraper/train.pfile],
              DatasetContainer [],
              DatasetContainer []),
 'epochs': 50,
 'fix_layers': [],
 'graph': False,
 'hooks': [],
 'l1_reg': '0.0',
 'l2_reg': '0.0',
 'layer_args': {},
 'layers': [1],
 'learning_rate': '0.01',
 'loss': u'mse',
 'minibatches': 2000000,
 'momentum': '',
 'noise': 'mask',
 'sparsity': 0.05,
 'sparsity_weight': 0.0,
 'validate': False,
 'verbosity': 1,
 'warn': False}
[2016-12-18 18:34:51,245] >> Reconstruction training started with da:
{'hidden_activation': u'sigmoid',
 u'loss': u'mse',
 'n_hidden': 1000,
 'n_visible': 966,
 'tied_weights': True,
 'visible_activation': u'tanh'}
[2016-12-18 18:34:51,245] >> Compiling theano graph
Using gpu device 0: Tesla M2075 (CNMeM is disabled, cuDNN not available)
[2016-12-18 18:35:12,696] >> Training started
[2016-12-18 18:36:14,043] >> epoch 0/10000, average cost 98.517372
[2016-12-18 18:37:00,278] >> epoch 0/20000, average cost 45.954849
[2016-12-18 18:37:49,322] >> epoch 0/30000, average cost 33.594860
[2016-12-18 18:38:41,606] >> epoch 0/40000, average cost 27.832340
[2016-12-18 18:39:30,179] >> epoch 0/50000, average cost 24.535238
[2016-12-18 18:40:21,605] >> epoch 0/60000, average cost 22.811447
[2016-12-18 18:41:14,741] >> epoch 0/70000, average cost 21.058466
[2016-12-18 18:42:07,108] >> epoch 0/80000, average cost 19.811953
[2016-12-18 18:43:01,868] >> epoch 0/90000, average cost 19.335817
[2016-12-18 18:43:48,405] >> epoch 0/100000, average cost 18.882685
[2016-12-18 18:44:36,220] >> epoch 0/110000, average cost 18.157345
[2016-12-18 18:45:27,209] >> epoch 0/120000, average cost 17.120338
[2016-12-18 18:46:16,881] >> epoch 0/130000, average cost 16.889420
[2016-12-18 18:47:17,656] >> epoch 0/140000, average cost 16.482403
[2016-12-18 18:48:22,702] >> epoch 0/150000, average cost 15.758666
[2016-12-18 18:49:12,362] >> epoch 0/160000, average cost 15.428145
[2016-12-18 18:50:13,478] >> epoch 0/170000, average cost 15.361611
[2016-12-18 18:51:09,392] >> epoch 0/180000, average cost 15.307828
[2016-12-18 18:52:06,660] >> epoch 0/190000, average cost 15.205049
[2016-12-18 18:52:56,967] >> epoch 0/200000, average cost 15.182274
[2016-12-18 18:53:49,219] >> epoch 0/210000, average cost 15.116044
[2016-12-18 18:54:48,059] >> epoch 0/220000, average cost 15.068081
[2016-12-18 18:55:45,606] >> epoch 0/230000, average cost 14.999963
[2016-12-18 18:56:35,794] >> epoch 0/240000, average cost 14.959703
[2016-12-18 18:57:28,322] >> epoch 0/250000, average cost 14.856585
[2016-12-18 18:58:28,506] >> epoch 0/260000, average cost 14.804967
[2016-12-18 18:59:24,471] >> epoch 0/270000, average cost 14.806626
[2016-12-18 19:00:17,563] >> epoch 0/280000, average cost 14.786233
[2016-12-18 19:01:38,530] >> epoch 0/290000, average cost 14.743419
[2016-12-18 19:02:40,098] >> epoch 0/300000, average cost 14.689844
[2016-12-18 19:03:37,220] >> epoch 0/310000, average cost 14.703853
[2016-12-18 19:04:36,396] >> epoch 0/320000, average cost 14.561362
[2016-12-18 19:05:23,496] >> epoch 0/330000, average cost 14.663367
[2016-12-18 19:05:36,187] >> epoch 1/333330, average cost 20.726086
[2016-12-18 19:07:43,664] >> epoch 1/350000, average cost 14.564258
[2016-12-18 19:08:54,569] >> epoch 1/360000, average cost 14.511344
[2016-12-18 19:09:48,958] >> epoch 1/370000, average cost 14.409303
[2016-12-18 19:10:58,207] >> epoch 1/380000, average cost 14.482353
[2016-12-18 19:11:48,450] >> epoch 1/390000, average cost 14.408950
[2016-12-18 19:12:55,885] >> epoch 1/400000, average cost 14.368763
[2016-12-18 19:13:49,932] >> epoch 1/410000, average cost 14.317611
[2016-12-18 19:14:58,390] >> epoch 1/420000, average cost 14.387022
[2016-12-18 19:15:51,394] >> epoch 1/430000, average cost 14.320625
[2016-12-18 19:16:57,567] >> epoch 1/440000, average cost 14.284410
[2016-12-18 19:17:54,613] >> epoch 1/450000, average cost 14.304898
[2016-12-18 19:19:02,071] >> epoch 1/460000, average cost 14.318570
[2016-12-18 19:20:00,194] >> epoch 1/470000, average cost 14.315846
[2016-12-18 19:21:11,810] >> epoch 1/480000, average cost 14.262940
[2016-12-18 19:22:34,739] >> epoch 1/490000, average cost 14.222980
[2016-12-18 19:23:32,421] >> epoch 1/500000, average cost 14.222110
[2016-12-18 19:24:44,683] >> epoch 1/510000, average cost 14.233086
[2016-12-18 19:25:45,550] >> epoch 1/520000, average cost 14.179873
[2016-12-18 19:26:46,598] >> epoch 1/530000, average cost 14.211283
[2016-12-18 19:28:08,156] >> epoch 1/540000, average cost 14.208442
[2016-12-18 19:29:18,472] >> epoch 1/550000, average cost 14.207612
[2016-12-18 19:30:20,726] >> epoch 1/560000, average cost 14.167369
[2016-12-18 19:31:21,419] >> epoch 1/570000, average cost 14.191360
[2016-12-18 19:32:26,474] >> epoch 1/580000, average cost 14.116094
[2016-12-18 19:33:27,173] >> epoch 1/590000, average cost 14.085585
[2016-12-18 19:34:26,885] >> epoch 1/600000, average cost 14.089016
[2016-12-18 19:35:32,767] >> epoch 1/610000, average cost 14.129147
[2016-12-18 19:36:42,226] >> epoch 1/620000, average cost 14.107951
[2016-12-18 19:37:37,610] >> epoch 1/630000, average cost 14.075933
[2016-12-18 19:38:45,995] >> epoch 1/640000, average cost 14.139872
[2016-12-18 19:39:42,492] >> epoch 1/650000, average cost 13.979566
[2016-12-18 19:40:49,115] >> epoch 1/660000, average cost 14.080037
[2016-12-18 19:41:30,137] >> epoch 2/666660, average cost 14.251346
[2016-12-18 19:43:21,953] >> epoch 2/680000, average cost 14.091478
[2016-12-18 19:44:18,682] >> epoch 2/690000, average cost 14.005844
[2016-12-18 19:45:32,625] >> epoch 2/700000, average cost 13.947990
[2016-12-18 19:46:27,377] >> epoch 2/710000, average cost 14.012896
[2016-12-18 19:47:40,670] >> epoch 2/720000, average cost 13.987950
[2016-12-18 19:48:36,550] >> epoch 2/730000, average cost 13.940700
[2016-12-18 19:49:48,267] >> epoch 2/740000, average cost 13.908903
[2016-12-18 19:50:45,363] >> epoch 2/750000, average cost 13.954467
[2016-12-18 19:51:55,202] >> epoch 2/760000, average cost 13.921674
[2016-12-18 19:52:52,151] >> epoch 2/770000, average cost 13.900048
[2016-12-18 19:54:09,855] >> epoch 2/780000, average cost 13.914508
[2016-12-18 19:55:18,817] >> epoch 2/790000, average cost 13.935419
[2016-12-18 19:56:30,761] >> epoch 2/800000, average cost 13.935097
[2016-12-18 19:57:48,177] >> epoch 2/810000, average cost 13.909150
[2016-12-18 19:58:44,784] >> epoch 2/820000, average cost 13.897302
[2016-12-18 20:00:09,664] >> epoch 2/830000, average cost 13.865072
[2016-12-18 20:01:09,512] >> epoch 2/840000, average cost 13.879394
[2016-12-18 20:02:22,619] >> epoch 2/850000, average cost 13.854072
[2016-12-18 20:03:24,346] >> epoch 2/860000, average cost 13.867269
[2016-12-18 20:04:27,133] >> epoch 2/870000, average cost 13.884401
[2016-12-18 20:05:30,502] >> epoch 2/880000, average cost 13.885197
[2016-12-18 20:06:31,957] >> epoch 2/890000, average cost 13.864079
[2016-12-18 20:07:34,983] >> epoch 2/900000, average cost 13.871199
[2016-12-18 20:08:35,199] >> epoch 2/910000, average cost 13.827379
[2016-12-18 20:09:39,814] >> epoch 2/920000, average cost 13.782942
[2016-12-18 20:10:41,429] >> epoch 2/930000, average cost 13.782214
[2016-12-18 20:11:44,923] >> epoch 2/940000, average cost 13.826187
[2016-12-18 20:12:46,594] >> epoch 2/950000, average cost 13.815694
[2016-12-18 20:13:56,555] >> epoch 2/960000, average cost 13.790066
[2016-12-18 20:14:52,647] >> epoch 2/970000, average cost 13.826892
[2016-12-18 20:16:00,484] >> epoch 2/980000, average cost 13.749474
[2016-12-18 20:16:59,891] >> epoch 2/990000, average cost 13.752966
[2016-12-18 20:17:58,987] >> epoch 3/999990, average cost 13.887258
[2016-12-18 20:19:21,504] >> epoch 3/1010000, average cost 13.806465
[2016-12-18 20:21:02,958] >> epoch 3/1020000, average cost 13.738364
[2016-12-18 20:22:11,469] >> epoch 3/1030000, average cost 13.719703
[2016-12-18 20:23:23,274] >> epoch 3/1040000, average cost 13.706091
[2016-12-18 20:24:26,671] >> epoch 3/1050000, average cost 13.744048
[2016-12-18 20:25:35,909] >> epoch 3/1060000, average cost 13.679317
[2016-12-18 20:26:31,411] >> epoch 3/1070000, average cost 13.662178
[2016-12-18 20:27:47,123] >> epoch 3/1080000, average cost 13.654825
[2016-12-18 20:28:46,337] >> epoch 3/1090000, average cost 13.693556
[2016-12-18 20:30:00,358] >> epoch 3/1100000, average cost 13.662553
[2016-12-18 20:31:06,776] >> epoch 3/1110000, average cost 13.643642
[2016-12-18 20:32:15,241] >> epoch 3/1120000, average cost 13.677524
[2016-12-18 20:33:13,354] >> epoch 3/1130000, average cost 13.683224
[2016-12-18 20:34:26,583] >> epoch 3/1140000, average cost 13.692595
[2016-12-18 20:35:46,144] >> epoch 3/1150000, average cost 13.667758
[2016-12-18 20:36:44,499] >> epoch 3/1160000, average cost 13.616872
[2016-12-18 20:38:11,652] >> epoch 3/1170000, average cost 13.628138
[2016-12-18 20:39:19,419] >> epoch 3/1180000, average cost 13.647833
[2016-12-18 20:40:31,878] >> epoch 3/1190000, average cost 13.620232
[2016-12-18 20:41:36,806] >> epoch 3/1200000, average cost 13.653457
[2016-12-18 20:42:41,814] >> epoch 3/1210000, average cost 13.652886
[2016-12-18 20:43:47,975] >> epoch 3/1220000, average cost 13.653967
[2016-12-18 20:44:52,074] >> epoch 3/1230000, average cost 13.631713
[2016-12-18 20:45:56,208] >> epoch 3/1240000, average cost 13.633381
[2016-12-18 20:47:14,672] >> epoch 3/1250000, average cost 13.579811
[2016-12-18 20:48:22,493] >> epoch 3/1260000, average cost 13.559443
[2016-12-18 20:49:31,501] >> epoch 3/1270000, average cost 13.600366
[2016-12-18 20:50:37,270] >> epoch 3/1280000, average cost 13.610695
[2016-12-18 20:51:43,803] >> epoch 3/1290000, average cost 13.597850
[2016-12-18 20:52:53,745] >> epoch 3/1300000, average cost 13.577159
[2016-12-18 20:53:53,285] >> epoch 3/1310000, average cost 13.617021
[2016-12-18 20:55:02,122] >> epoch 3/1320000, average cost 13.507399
[2016-12-18 20:55:56,620] >> epoch 3/1330000, average cost 13.625763
[2016-12-18 20:56:18,171] >> epoch 4/1333320, average cost 13.649682
[2016-12-18 20:58:29,863] >> epoch 4/1350000, average cost 13.583348
[2016-12-18 20:59:42,059] >> epoch 4/1360000, average cost 13.556716
[2016-12-18 21:00:36,997] >> epoch 4/1370000, average cost 13.472338
[2016-12-18 21:01:50,083] >> epoch 4/1380000, average cost 13.558427
[2016-12-18 21:02:44,405] >> epoch 4/1390000, average cost 13.503084
[2016-12-18 21:03:56,936] >> epoch 4/1400000, average cost 13.482350
[2016-12-18 21:04:53,224] >> epoch 4/1410000, average cost 13.449598
[2016-12-18 21:06:03,833] >> epoch 4/1420000, average cost 13.527799
[2016-12-18 21:07:01,688] >> epoch 4/1430000, average cost 13.474974
[2016-12-18 21:08:11,144] >> epoch 4/1440000, average cost 13.452367
[2016-12-18 21:09:09,727] >> epoch 4/1450000, average cost 13.479736
[2016-12-18 21:10:20,422] >> epoch 4/1460000, average cost 13.505581
[2016-12-18 21:11:20,678] >> epoch 4/1470000, average cost 13.515536
[2016-12-18 21:12:32,509] >> epoch 4/1480000, average cost 13.473645
[2016-12-18 21:14:34,248] >> epoch 4/1490000, average cost 13.444945
[2016-12-18 21:15:41,836] >> epoch 4/1500000, average cost 13.450619
[2016-12-18 21:16:59,945] >> epoch 4/1510000, average cost 13.473481
[2016-12-18 21:18:03,800] >> epoch 4/1520000, average cost 13.421329
[2016-12-18 21:19:10,053] >> epoch 4/1530000, average cost 13.461775
[2016-12-18 21:20:16,442] >> epoch 4/1540000, average cost 13.470346
[2016-12-18 21:21:20,743] >> epoch 4/1550000, average cost 13.475485
[2016-12-18 21:22:25,870] >> epoch 4/1560000, average cost 13.438973
[2016-12-18 21:23:29,999] >> epoch 4/1570000, average cost 13.468864
[2016-12-18 21:24:36,586] >> epoch 4/1580000, average cost 13.402554
[2016-12-18 21:25:42,916] >> epoch 4/1590000, average cost 13.373981
[2016-12-18 21:26:47,978] >> epoch 4/1600000, average cost 13.390055
[2016-12-18 21:27:53,875] >> epoch 4/1610000, average cost 13.430784
[2016-12-18 21:29:07,057] >> epoch 4/1620000, average cost 13.414361
[2016-12-18 21:30:05,957] >> epoch 4/1630000, average cost 13.382443
[2016-12-18 21:31:16,687] >> epoch 4/1640000, average cost 13.449373
[2016-12-18 21:32:16,781] >> epoch 4/1650000, average cost 13.304056
[2016-12-18 21:33:26,855] >> epoch 4/1660000, average cost 13.395134
[2016-12-18 21:33:59,628] >> epoch 5/1666650, average cost 13.461117
[2016-12-18 21:35:58,128] >> epoch 5/1680000, average cost 13.417736
[2016-12-18 21:36:53,440] >> epoch 5/1690000, average cost 13.337357
[2016-12-18 21:38:07,840] >> epoch 5/1700000, average cost 13.282275
[2016-12-18 21:39:02,991] >> epoch 5/1710000, average cost 13.353060
[2016-12-18 21:40:31,612] >> epoch 5/1720000, average cost 13.324316
[2016-12-18 21:41:33,319] >> epoch 5/1730000, average cost 13.277328
[2016-12-18 21:42:44,332] >> epoch 5/1740000, average cost 13.256802
[2016-12-18 21:43:46,010] >> epoch 5/1750000, average cost 13.301953
[2016-12-18 21:45:01,749] >> epoch 5/1760000, average cost 13.273535
[2016-12-18 21:46:03,030] >> epoch 5/1770000, average cost 13.253774
[2016-12-18 21:47:14,516] >> epoch 5/1780000, average cost 13.264614
[2016-12-18 21:48:14,953] >> epoch 5/1790000, average cost 13.292521
[2016-12-18 21:49:32,220] >> epoch 5/1800000, average cost 13.287619
[2016-12-18 21:50:48,628] >> epoch 5/1810000, average cost 13.270222
[2016-12-18 21:51:51,446] >> epoch 5/1820000, average cost 13.260299
[2016-12-18 21:53:14,630] >> epoch 5/1830000, average cost 13.227847
[2016-12-18 21:54:12,596] >> epoch 5/1840000, average cost 13.246527
[2016-12-18 21:55:31,292] >> epoch 5/1850000, average cost 13.223395
[2016-12-18 21:56:37,675] >> epoch 5/1860000, average cost 13.232980
[2016-12-18 21:57:51,466] >> epoch 5/1870000, average cost 13.259814
[2016-12-18 21:58:57,931] >> epoch 5/1880000, average cost 13.253062
[2016-12-18 22:00:10,348] >> epoch 5/1890000, average cost 13.240288
[2016-12-18 22:01:15,720] >> epoch 5/1900000, average cost 13.244618
[2016-12-18 22:02:30,704] >> epoch 5/1910000, average cost 13.203294
[2016-12-18 22:03:38,282] >> epoch 5/1920000, average cost 13.165073
[2016-12-18 22:04:44,482] >> epoch 5/1930000, average cost 13.163556
[2016-12-18 22:05:50,372] >> epoch 5/1940000, average cost 13.205503
[2016-12-18 22:07:24,549] >> epoch 5/1950000, average cost 13.201536
[2016-12-18 22:08:44,493] >> epoch 5/1960000, average cost 13.179797
[2016-12-18 22:09:45,985] >> epoch 5/1970000, average cost 13.209055
[2016-12-18 22:10:56,782] >> epoch 5/1980000, average cost 13.139044
[2016-12-18 22:12:00,599] >> epoch 5/1990000, average cost 13.142414
[2016-12-18 22:12:59,429] >> epoch 6/1999980, average cost 13.250273
[2016-12-18 22:13:32,847] >> epoch 7/2000000, average cost 13.162325
[2016-12-18 22:13:32,881] >> Training finished in 3:38:20.150273
[2016-12-18 22:14:32,690] >> Loading model
[2016-12-18 22:14:33,303] >> Loading datasets
[2016-12-18 22:14:33,306] >> Reconstruction training started with arguments:
{'activation_noise': None,
 'adadelta': False,
 'adadelta_epsilon': '1e-6',
 'adadelta_rho': '0.95',
 'adagrad': False,
 'adagrad_decay': False,
 'batch_size': 128,
 'ce_sparsity': 0.01,
 'ce_sparsity_weight': 0.0,
 'compound': False,
 'corruption_level': 0.2,
 'datasets': (DatasetContainer [PFileStreamDataset@/export/data1/data/ddraper/train.pfile],
              DatasetContainer [],
              DatasetContainer []),
 'epochs': 50,
 'fix_layers': [],
 'graph': False,
 'hooks': [],
 'l1_reg': '0.0',
 'l2_reg': '0.0',
 'layer_args': {1: {}},
 'layers': [2],
 'learning_rate': '0.01',
 'loss': 'crossentropy',
 'minibatches': 2000000,
 'momentum': '',
 'noise': 'mask',
 'sparsity': 0.05,
 'sparsity_weight': 0.0,
 'validate': False,
 'verbosity': 1,
 'warn': False}
[2016-12-18 22:14:33,306] >> Reconstruction training started with da:
{'hidden_activation': u'sigmoid',
 'n_hidden': 1000,
 'n_visible': 1000,
 'tied_weights': True,
 'visible_activation': u'sigmoid'}
[2016-12-18 22:14:33,306] >> Compiling theano graph
Using gpu device 0: Tesla M2075 (CNMeM is disabled, cuDNN not available)
[2016-12-18 22:15:17,325] >> Training started
[2016-12-18 22:16:16,045] >> epoch 0/10000, average cost 244.471497
[2016-12-18 22:17:33,957] >> epoch 0/20000, average cost 239.554703
[2016-12-18 22:18:33,312] >> epoch 0/30000, average cost 238.747299
[2016-12-18 22:19:50,692] >> epoch 0/40000, average cost 238.216019
[2016-12-18 22:20:51,086] >> epoch 0/50000, average cost 238.230728
[2016-12-18 22:22:07,955] >> epoch 0/60000, average cost 237.653351
[2016-12-18 22:23:09,544] >> epoch 0/70000, average cost 237.515045
[2016-12-18 22:24:24,828] >> epoch 0/80000, average cost 237.650452
[2016-12-18 22:25:27,669] >> epoch 0/90000, average cost 237.804550
[2016-12-18 22:26:42,044] >> epoch 0/100000, average cost 237.397873
[2016-12-18 22:27:45,890] >> epoch 0/110000, average cost 237.455048
[2016-12-18 22:28:58,521] >> epoch 0/120000, average cost 237.849945
[2016-12-18 22:30:02,533] >> epoch 0/130000, average cost 237.804352
[2016-12-18 22:31:17,394] >> epoch 0/140000, average cost 238.008850
[2016-12-18 22:32:33,492] >> epoch 0/150000, average cost 237.767181
[2016-12-18 22:34:11,661] >> epoch 0/160000, average cost 237.386398
[2016-12-18 22:35:45,653] >> epoch 0/170000, average cost 237.558731
[2016-12-18 22:36:53,100] >> epoch 0/180000, average cost 237.970581
[2016-12-18 22:38:08,521] >> epoch 0/190000, average cost 237.235474
[2016-12-18 22:39:20,969] >> epoch 0/200000, average cost 238.004257
[2016-12-18 22:40:29,916] >> epoch 0/210000, average cost 237.812927
[2016-12-18 22:41:43,956] >> epoch 0/220000, average cost 238.033218
[2016-12-18 22:42:52,976] >> epoch 0/230000, average cost 237.873383
[2016-12-18 22:44:04,253] >> epoch 0/240000, average cost 237.882294
[2016-12-18 22:45:15,845] >> epoch 0/250000, average cost 237.160400
[2016-12-18 22:46:27,624] >> epoch 0/260000, average cost 237.151520
[2016-12-18 22:47:39,305] >> epoch 0/270000, average cost 237.729477
[2016-12-18 22:48:52,656] >> epoch 0/280000, average cost 237.810303
[2016-12-18 22:50:02,892] >> epoch 0/290000, average cost 237.767746
[2016-12-18 22:51:18,358] >> epoch 0/300000, average cost 237.582550
[2016-12-18 22:52:26,140] >> epoch 0/310000, average cost 237.733643
[2016-12-18 22:53:39,262] >> epoch 0/320000, average cost 236.782654
[2016-12-18 22:54:40,585] >> epoch 0/330000, average cost 237.900543
[2016-12-18 22:54:55,071] >> epoch 1/333330, average cost 237.985779
[2016-12-18 22:57:14,248] >> epoch 1/350000, average cost 237.931396
[2016-12-18 22:58:33,299] >> epoch 1/360000, average cost 237.727722
[2016-12-18 22:59:27,761] >> epoch 1/370000, average cost 236.692596
[2016-12-18 23:01:07,787] >> epoch 1/380000, average cost 237.506332
[2016-12-18 23:02:17,544] >> epoch 1/390000, average cost 237.063019
[2016-12-18 23:03:34,097] >> epoch 1/400000, average cost 236.787598
[2016-12-18 23:04:37,273] >> epoch 1/410000, average cost 236.966171
[2016-12-18 23:05:50,477] >> epoch 1/420000, average cost 237.579956
[2016-12-18 23:06:55,490] >> epoch 1/430000, average cost 236.805878
[2016-12-18 23:08:10,385] >> epoch 1/440000, average cost 237.009796
[2016-12-18 23:09:19,510] >> epoch 1/450000, average cost 237.220428
[2016-12-18 23:10:35,888] >> epoch 1/460000, average cost 237.577499
[2016-12-18 23:11:40,566] >> epoch 1/470000, average cost 237.522522
[2016-12-18 23:13:02,150] >> epoch 1/480000, average cost 237.500000
[2016-12-18 23:14:26,534] >> epoch 1/490000, average cost 237.034149
[2016-12-18 23:15:34,898] >> epoch 1/500000, average cost 237.315979
[2016-12-18 23:17:08,449] >> epoch 1/510000, average cost 237.645798
[2016-12-18 23:18:18,101] >> epoch 1/520000, average cost 237.054047
[2016-12-18 23:19:30,674] >> epoch 1/530000, average cost 237.431320
[2016-12-18 23:20:45,585] >> epoch 1/540000, average cost 237.653351
[2016-12-18 23:21:58,532] >> epoch 1/550000, average cost 237.777878
[2016-12-18 23:23:10,157] >> epoch 1/560000, average cost 237.576599
[2016-12-18 23:24:24,600] >> epoch 1/570000, average cost 237.886597
[2016-12-18 23:25:28,778] >> epoch 1/580000, average cost 237.094330
[2016-12-18 23:27:03,571] >> epoch 1/590000, average cost 236.871948
[2016-12-18 23:28:23,977] >> epoch 1/600000, average cost 237.435730
[2016-12-18 23:29:36,321] >> epoch 1/610000, average cost 237.486969
[2016-12-18 23:30:53,883] >> epoch 1/620000, average cost 237.701721
[2016-12-18 23:31:59,309] >> epoch 1/630000, average cost 237.414673
[2016-12-18 23:33:11,445] >> epoch 1/640000, average cost 237.881393
[2016-12-18 23:34:18,880] >> epoch 1/650000, average cost 236.485580
[2016-12-18 23:35:29,690] >> epoch 1/660000, average cost 237.402847
[2016-12-18 23:36:12,530] >> epoch 2/666660, average cost 237.366257
[2016-12-18 23:38:01,572] >> epoch 2/680000, average cost 238.097900
[2016-12-18 23:39:00,108] >> epoch 2/690000, average cost 237.261368
[2016-12-18 23:40:15,880] >> epoch 2/700000, average cost 236.617554
[2016-12-18 23:41:14,276] >> epoch 2/710000, average cost 237.412170
[2016-12-18 23:42:30,289] >> epoch 2/720000, average cost 237.085953
[2016-12-18 23:43:30,029] >> epoch 2/730000, average cost 236.637344
[2016-12-18 23:44:45,059] >> epoch 2/740000, average cost 236.854080
[2016-12-18 23:45:45,726] >> epoch 2/750000, average cost 237.309555
[2016-12-18 23:46:59,780] >> epoch 2/760000, average cost 236.725403
[2016-12-18 23:48:01,840] >> epoch 2/770000, average cost 236.833054
[2016-12-18 23:49:14,664] >> epoch 2/780000, average cost 236.996017
[2016-12-18 23:50:17,444] >> epoch 2/790000, average cost 237.458893
[2016-12-18 23:51:29,580] >> epoch 2/800000, average cost 237.233582
[2016-12-18 23:53:24,894] >> epoch 2/810000, average cost 237.460724
[2016-12-18 23:54:36,794] >> epoch 2/820000, average cost 237.069382
[2016-12-18 23:56:00,890] >> epoch 2/830000, average cost 237.121521
[2016-12-18 23:57:08,408] >> epoch 2/840000, average cost 237.272995
[2016-12-18 23:58:24,213] >> epoch 2/850000, average cost 237.304504
[2016-12-18 23:59:35,456] >> epoch 2/860000, average cost 236.952118
[2016-12-19 00:00:43,068] >> epoch 2/870000, average cost 237.629822
[2016-12-19 00:01:54,384] >> epoch 2/880000, average cost 237.512573
[2016-12-19 00:03:00,884] >> epoch 2/890000, average cost 237.564148
[2016-12-19 00:04:13,856] >> epoch 2/900000, average cost 237.711349
[2016-12-19 00:05:22,624] >> epoch 2/910000, average cost 237.190353
[2016-12-19 00:06:34,111] >> epoch 2/920000, average cost 236.721619
[2016-12-19 00:07:38,156] >> epoch 2/930000, average cost 237.091125
[2016-12-19 00:08:49,969] >> epoch 2/940000, average cost 237.351898
[2016-12-19 00:09:56,433] >> epoch 2/950000, average cost 237.600830
[2016-12-19 00:11:08,345] >> epoch 2/960000, average cost 237.398102
[2016-12-19 00:12:16,100] >> epoch 2/970000, average cost 237.562393
[2016-12-19 00:13:25,145] >> epoch 2/980000, average cost 236.839844
[2016-12-19 00:14:34,616] >> epoch 2/990000, average cost 236.916870
[2016-12-19 00:15:19,943] >> epoch 3/999990, average cost 237.231430
[2016-12-19 00:16:43,211] >> epoch 3/1010000, average cost 237.813156
[2016-12-19 00:18:03,249] >> epoch 3/1020000, average cost 237.195343
[2016-12-19 00:19:03,578] >> epoch 3/1030000, average cost 237.122681
[2016-12-19 00:20:50,313] >> epoch 3/1040000, average cost 236.908981
[2016-12-19 00:22:02,973] >> epoch 3/1050000, average cost 237.131927
[2016-12-19 00:23:22,587] >> epoch 3/1060000, average cost 236.672623
[2016-12-19 00:24:25,196] >> epoch 3/1070000, average cost 236.626923
[2016-12-19 00:25:43,592] >> epoch 3/1080000, average cost 236.854401
[2016-12-19 00:26:48,622] >> epoch 3/1090000, average cost 237.032104
[2016-12-19 00:28:05,608] >> epoch 3/1100000, average cost 236.679596
[2016-12-19 00:29:12,084] >> epoch 3/1110000, average cost 236.768723
[2016-12-19 00:30:27,656] >> epoch 3/1120000, average cost 237.198380
[2016-12-19 00:31:34,625] >> epoch 3/1130000, average cost 237.169327
[2016-12-19 00:32:53,513] >> epoch 3/1140000, average cost 237.403946
[2016-12-19 00:34:17,579] >> epoch 3/1150000, average cost 237.187256
[2016-12-19 00:35:23,281] >> epoch 3/1160000, average cost 236.822952
[2016-12-19 00:36:45,428] >> epoch 3/1170000, average cost 237.003128
[2016-12-19 00:37:53,728] >> epoch 3/1180000, average cost 237.447083
[2016-12-19 00:39:13,742] >> epoch 3/1190000, average cost 236.710922
[2016-12-19 00:40:26,372] >> epoch 3/1200000, average cost 237.504105
[2016-12-19 00:41:40,296] >> epoch 3/1210000, average cost 237.329895
[2016-12-19 00:42:51,948] >> epoch 3/1220000, average cost 237.571945
[2016-12-19 00:44:05,528] >> epoch 3/1230000, average cost 237.419800
[2016-12-19 00:45:16,756] >> epoch 3/1240000, average cost 237.439453
[2016-12-19 00:46:36,577] >> epoch 3/1250000, average cost 236.735657
[2016-12-19 00:47:47,261] >> epoch 3/1260000, average cost 236.709793
[2016-12-19 00:49:07,668] >> epoch 3/1270000, average cost 237.309830
[2016-12-19 00:50:23,668] >> epoch 3/1280000, average cost 237.400452
[2016-12-19 00:51:32,994] >> epoch 3/1290000, average cost 237.367630
[2016-12-19 00:52:43,568] >> epoch 3/1300000, average cost 237.189606
[2016-12-19 00:53:50,808] >> epoch 3/1310000, average cost 237.341370
[2016-12-19 00:55:01,965] >> epoch 3/1320000, average cost 236.398193
[2016-12-19 00:56:03,429] >> epoch 3/1330000, average cost 237.493896
[2016-12-19 00:56:30,757] >> epoch 4/1333320, average cost 237.125992
[2016-12-19 00:58:59,161] >> epoch 4/1350000, average cost 237.550980
[2016-12-19 01:00:24,509] >> epoch 4/1360000, average cost 237.361572
[2016-12-19 01:01:24,832] >> epoch 4/1370000, average cost 236.312302
[2016-12-19 01:02:45,334] >> epoch 4/1380000, average cost 237.140457
[2016-12-19 01:03:48,711] >> epoch 4/1390000, average cost 236.708176
[2016-12-19 01:05:06,945] >> epoch 4/1400000, average cost 236.435822
[2016-12-19 01:06:10,434] >> epoch 4/1410000, average cost 236.617096
[2016-12-19 01:07:26,727] >> epoch 4/1420000, average cost 237.223099
[2016-12-19 01:08:30,481] >> epoch 4/1430000, average cost 236.461426
[2016-12-19 01:09:46,933] >> epoch 4/1440000, average cost 236.644745
[2016-12-19 01:10:52,032] >> epoch 4/1450000, average cost 236.880447
[2016-12-19 01:12:07,532] >> epoch 4/1460000, average cost 237.233597
[2016-12-19 01:13:22,368] >> epoch 4/1470000, average cost 237.175705
[2016-12-19 01:14:58,270] >> epoch 4/1480000, average cost 237.155106
[2016-12-19 01:16:29,117] >> epoch 4/1490000, average cost 236.702927
[2016-12-19 01:17:31,097] >> epoch 4/1500000, average cost 236.972931
[2016-12-19 01:18:53,873] >> epoch 4/1510000, average cost 237.322495
[2016-12-19 01:20:06,860] >> epoch 4/1520000, average cost 236.723801
[2016-12-19 01:21:18,670] >> epoch 4/1530000, average cost 237.103180
[2016-12-19 01:22:32,992] >> epoch 4/1540000, average cost 237.339554
[2016-12-19 01:23:42,353] >> epoch 4/1550000, average cost 237.421677
[2016-12-19 01:24:55,632] >> epoch 4/1560000, average cost 237.267120
[2016-12-19 01:26:04,675] >> epoch 4/1570000, average cost 237.570923
[2016-12-19 01:27:19,328] >> epoch 4/1580000, average cost 236.765579
[2016-12-19 01:28:29,188] >> epoch 4/1590000, average cost 236.533768
[2016-12-19 01:29:43,493] >> epoch 4/1600000, average cost 237.139008
[2016-12-19 01:30:56,210] >> epoch 4/1610000, average cost 237.175095
[2016-12-19 01:32:15,502] >> epoch 4/1620000, average cost 237.375153
[2016-12-19 01:33:22,704] >> epoch 4/1630000, average cost 237.094971
[2016-12-19 01:34:38,976] >> epoch 4/1640000, average cost 237.585754
[2016-12-19 01:35:47,588] >> epoch 4/1650000, average cost 236.166702
[2016-12-19 01:37:03,461] >> epoch 4/1660000, average cost 237.102478
[2016-12-19 01:37:34,674] >> epoch 5/1666650, average cost 237.029007
[2016-12-19 01:39:42,863] >> epoch 5/1680000, average cost 237.801422
[2016-12-19 01:41:11,901] >> epoch 5/1690000, average cost 236.958176
[2016-12-19 01:42:39,134] >> epoch 5/1700000, average cost 236.324905
[2016-12-19 01:43:46,061] >> epoch 5/1710000, average cost 237.104721
[2016-12-19 01:45:09,873] >> epoch 5/1720000, average cost 236.796432
[2016-12-19 01:46:18,140] >> epoch 5/1730000, average cost 236.342896
[2016-12-19 01:47:44,992] >> epoch 5/1740000, average cost 236.558731
[2016-12-19 01:48:54,173] >> epoch 5/1750000, average cost 237.026520
[2016-12-19 01:50:19,749] >> epoch 5/1760000, average cost 236.445175
[2016-12-19 01:51:24,368] >> epoch 5/1770000, average cost 236.548203
[2016-12-19 01:52:48,018] >> epoch 5/1780000, average cost 236.698624
[2016-12-19 01:54:02,606] >> epoch 5/1790000, average cost 237.176193
[2016-12-19 01:55:28,122] >> epoch 5/1800000, average cost 236.962418
[2016-12-19 01:56:49,432] >> epoch 5/1810000, average cost 237.168274
[2016-12-19 01:57:55,481] >> epoch 5/1820000, average cost 236.785721
[2016-12-19 01:59:22,839] >> epoch 5/1830000, average cost 236.853607
[2016-12-19 02:00:35,567] >> epoch 5/1840000, average cost 237.004425
[2016-12-19 02:01:59,775] >> epoch 5/1850000, average cost 237.014069
[2016-12-19 02:03:11,260] >> epoch 5/1860000, average cost 236.688919
[2016-12-19 02:04:28,508] >> epoch 5/1870000, average cost 237.367477
[2016-12-19 02:05:40,118] >> epoch 5/1880000, average cost 237.237701
[2016-12-19 02:07:04,119] >> epoch 5/1890000, average cost 237.294449
[2016-12-19 02:08:22,697] >> epoch 5/1900000, average cost 237.461349
[2016-12-19 02:09:49,074] >> epoch 5/1910000, average cost 236.903168
[2016-12-19 02:11:04,385] >> epoch 5/1920000, average cost 236.460724
[2016-12-19 02:12:25,235] >> epoch 5/1930000, average cost 236.835648
[2016-12-19 02:13:40,774] >> epoch 5/1940000, average cost 237.088196
[2016-12-19 02:14:55,042] >> epoch 5/1950000, average cost 237.345001
[2016-12-19 02:16:18,447] >> epoch 5/1960000, average cost 237.136230
[2016-12-19 02:17:23,497] >> epoch 5/1970000, average cost 237.305328
[2016-12-19 02:18:40,670] >> epoch 5/1980000, average cost 236.585342
[2016-12-19 02:19:50,256] >> epoch 5/1990000, average cost 236.647827
[2016-12-19 02:20:55,166] >> epoch 6/1999980, average cost 236.955048
[2016-12-19 02:21:23,235] >> epoch 7/2000000, average cost 237.774811
[2016-12-19 02:21:24,780] >> Training finished in 4:06:05.909894
[2016-12-19 02:22:36,660] >> Loading model
[2016-12-19 02:22:37,234] >> Loading datasets
[2016-12-19 02:22:37,236] >> Reconstruction training started with arguments:
{'activation_noise': None,
 'adadelta': False,
 'adadelta_epsilon': '1e-6',
 'adadelta_rho': '0.95',
 'adagrad': False,
 'adagrad_decay': False,
 'batch_size': 128,
 'ce_sparsity': 0.01,
 'ce_sparsity_weight': 0.0,
 'compound': False,
 'corruption_level': 0.2,
 'datasets': (DatasetContainer [PFileStreamDataset@/export/data1/data/ddraper/train.pfile],
              DatasetContainer [],
              DatasetContainer []),
 'epochs': 50,
 'fix_layers': [],
 'graph': False,
 'hooks': [],
 'l1_reg': '0.0',
 'l2_reg': '0.0',
 'layer_args': {1: {}, 2: {}},
 'layers': [3],
 'learning_rate': '0.01',
 'loss': 'crossentropy',
 'minibatches': 2000000,
 'momentum': '',
 'noise': 'mask',
 'sparsity': 0.05,
 'sparsity_weight': 0.0,
 'validate': False,
 'verbosity': 1,
 'warn': False}
[2016-12-19 02:22:37,236] >> Reconstruction training started with da:
{'hidden_activation': u'sigmoid',
 'n_hidden': 1000,
 'n_visible': 1000,
 'tied_weights': True,
 'visible_activation': u'sigmoid'}
[2016-12-19 02:22:37,237] >> Compiling theano graph
Using gpu device 0: Tesla M2075 (CNMeM is disabled, cuDNN not available)
[2016-12-19 02:23:23,564] >> Training started
[2016-12-19 02:24:28,725] >> epoch 0/10000, average cost 462.853699
[2016-12-19 02:25:52,977] >> epoch 0/20000, average cost 456.055939
[2016-12-19 02:26:59,736] >> epoch 0/30000, average cost 454.890198
[2016-12-19 02:28:24,346] >> epoch 0/40000, average cost 454.356537
[2016-12-19 02:29:32,653] >> epoch 0/50000, average cost 454.083191
[2016-12-19 02:30:55,606] >> epoch 0/60000, average cost 453.961639
[2016-12-19 02:32:04,967] >> epoch 0/70000, average cost 453.856598
[2016-12-19 02:33:32,487] >> epoch 0/80000, average cost 453.768341
[2016-12-19 02:34:52,974] >> epoch 0/90000, average cost 453.582489
[2016-12-19 02:36:16,439] >> epoch 0/100000, average cost 453.427551
[2016-12-19 02:37:28,076] >> epoch 0/110000, average cost 453.299500
[2016-12-19 02:38:47,852] >> epoch 0/120000, average cost 453.161896
[2016-12-19 02:39:59,825] >> epoch 0/130000, average cost 452.994354
[2016-12-19 02:41:20,747] >> epoch 0/140000, average cost 453.001312
[2016-12-19 02:42:43,630] >> epoch 0/150000, average cost 452.862915
[2016-12-19 02:43:52,561] >> epoch 0/160000, average cost 452.952698
[2016-12-19 02:45:15,763] >> epoch 0/170000, average cost 452.801514
[2016-12-19 02:46:26,354] >> epoch 0/180000, average cost 452.646942
[2016-12-19 02:47:48,325] >> epoch 0/190000, average cost 452.588654
[2016-12-19 02:49:03,008] >> epoch 0/200000, average cost 452.434143
[2016-12-19 02:50:18,643] >> epoch 0/210000, average cost 452.399994
[2016-12-19 02:51:33,618] >> epoch 0/220000, average cost 452.389648
[2016-12-19 02:52:49,086] >> epoch 0/230000, average cost 452.222961
[2016-12-19 02:54:03,013] >> epoch 0/240000, average cost 452.258789
[2016-12-19 02:55:18,656] >> epoch 0/250000, average cost 452.174988
[2016-12-19 02:56:32,684] >> epoch 0/260000, average cost 452.091858
[2016-12-19 02:57:47,944] >> epoch 0/270000, average cost 452.081299
[2016-12-19 02:59:02,005] >> epoch 0/280000, average cost 451.979614
[2016-12-19 03:00:35,337] >> epoch 0/290000, average cost 451.956238
[2016-12-19 03:02:13,912] >> epoch 0/300000, average cost 451.984497
[2016-12-19 03:03:31,969] >> epoch 0/310000, average cost 451.864685
[2016-12-19 03:04:52,182] >> epoch 0/320000, average cost 451.929352
[2016-12-19 03:05:58,357] >> epoch 0/330000, average cost 451.692841
[2016-12-19 03:06:21,383] >> epoch 1/333330, average cost 453.214874
[2016-12-19 03:08:47,935] >> epoch 1/350000, average cost 451.786102
[2016-12-19 03:10:13,984] >> epoch 1/360000, average cost 451.800446
[2016-12-19 03:11:23,736] >> epoch 1/370000, average cost 451.712708
[2016-12-19 03:12:48,250] >> epoch 1/380000, average cost 451.623444
[2016-12-19 03:14:06,585] >> epoch 1/390000, average cost 451.678009
[2016-12-19 03:15:23,069] >> epoch 1/400000, average cost 451.699402
[2016-12-19 03:16:35,322] >> epoch 1/410000, average cost 451.740051
[2016-12-19 03:17:56,653] >> epoch 1/420000, average cost 451.594910
[2016-12-19 03:19:09,135] >> epoch 1/430000, average cost 451.589508
[2016-12-19 03:20:30,558] >> epoch 1/440000, average cost 451.523590
[2016-12-19 03:21:41,730] >> epoch 1/450000, average cost 451.444611
[2016-12-19 03:23:03,828] >> epoch 1/460000, average cost 451.360992
[2016-12-19 03:24:15,219] >> epoch 1/470000, average cost 451.353088
[2016-12-19 03:25:36,213] >> epoch 1/480000, average cost 451.432800
[2016-12-19 03:27:15,846] >> epoch 1/490000, average cost 451.471191
[2016-12-19 03:28:37,043] >> epoch 1/500000, average cost 451.457794
[2016-12-19 03:30:04,806] >> epoch 1/510000, average cost 451.345490
[2016-12-19 03:31:21,068] >> epoch 1/520000, average cost 451.382904
[2016-12-19 03:32:33,908] >> epoch 1/530000, average cost 451.278046
[2016-12-19 03:33:50,994] >> epoch 1/540000, average cost 451.277893
[2016-12-19 03:35:03,097] >> epoch 1/550000, average cost 451.278687
[2016-12-19 03:36:18,440] >> epoch 1/560000, average cost 451.256195
[2016-12-19 03:37:30,260] >> epoch 1/570000, average cost 451.255615
[2016-12-19 03:38:47,348] >> epoch 1/580000, average cost 451.273865
[2016-12-19 03:39:59,665] >> epoch 1/590000, average cost 451.220398
[2016-12-19 03:41:16,352] >> epoch 1/600000, average cost 451.230164
[2016-12-19 03:42:30,212] >> epoch 1/610000, average cost 451.151489
[2016-12-19 03:43:50,689] >> epoch 1/620000, average cost 451.157196
[2016-12-19 03:45:02,389] >> epoch 1/630000, average cost 451.234436
[2016-12-19 03:46:19,120] >> epoch 1/640000, average cost 451.140564
[2016-12-19 03:47:32,816] >> epoch 1/650000, average cost 451.268860
[2016-12-19 03:48:48,255] >> epoch 1/660000, average cost 451.107208
[2016-12-19 03:49:21,203] >> epoch 2/666660, average cost 451.410065
[2016-12-19 03:51:32,416] >> epoch 2/680000, average cost 451.142639
[2016-12-19 03:52:36,722] >> epoch 2/690000, average cost 451.253448
[2016-12-19 03:54:25,763] >> epoch 2/700000, average cost 451.195709
[2016-12-19 03:55:43,640] >> epoch 2/710000, average cost 451.088135
[2016-12-19 03:57:12,258] >> epoch 2/720000, average cost 451.130402
[2016-12-19 03:58:21,073] >> epoch 2/730000, average cost 451.191406
[2016-12-19 03:59:45,554] >> epoch 2/740000, average cost 451.226654
[2016-12-19 04:00:59,035] >> epoch 2/750000, average cost 451.175201
[2016-12-19 04:02:30,110] >> epoch 2/760000, average cost 451.170502
[2016-12-19 04:03:40,801] >> epoch 2/770000, average cost 451.096954
[2016-12-19 04:05:00,922] >> epoch 2/780000, average cost 451.022614
[2016-12-19 04:06:11,425] >> epoch 2/790000, average cost 450.984802
[2016-12-19 04:07:45,215] >> epoch 2/800000, average cost 450.945312
[2016-12-19 04:09:10,397] >> epoch 2/810000, average cost 451.069458
[2016-12-19 04:10:19,525] >> epoch 2/820000, average cost 451.003204
[2016-12-19 04:11:43,317] >> epoch 2/830000, average cost 451.128113
[2016-12-19 04:12:54,052] >> epoch 2/840000, average cost 451.038544
[2016-12-19 04:14:20,552] >> epoch 2/850000, average cost 451.031006
[2016-12-19 04:15:34,450] >> epoch 2/860000, average cost 450.982300
[2016-12-19 04:16:51,834] >> epoch 2/870000, average cost 450.939636
[2016-12-19 04:18:06,260] >> epoch 2/880000, average cost 450.963562
[2016-12-19 04:19:22,013] >> epoch 2/890000, average cost 451.009186
[2016-12-19 04:20:36,693] >> epoch 2/900000, average cost 450.917511
[2016-12-19 04:21:53,823] >> epoch 2/910000, average cost 451.002197
[2016-12-19 04:23:09,907] >> epoch 2/920000, average cost 450.955750
[2016-12-19 04:24:23,361] >> epoch 2/930000, average cost 450.939148
[2016-12-19 04:25:36,541] >> epoch 2/940000, average cost 450.915436
[2016-12-19 04:26:50,713] >> epoch 2/950000, average cost 450.911560
[2016-12-19 04:28:06,997] >> epoch 2/960000, average cost 450.958496
[2016-12-19 04:29:18,344] >> epoch 2/970000, average cost 450.933563
[2016-12-19 04:30:35,390] >> epoch 2/980000, average cost 450.981537
[2016-12-19 04:31:46,616] >> epoch 2/990000, average cost 450.946106
[2016-12-19 04:33:08,347] >> epoch 3/999990, average cost 451.032867
[2016-12-19 04:34:41,201] >> epoch 3/1010000, average cost 450.935150
[2016-12-19 04:36:14,850] >> epoch 3/1020000, average cost 451.009308
[2016-12-19 04:37:23,226] >> epoch 3/1030000, average cost 450.987244
[2016-12-19 04:38:49,842] >> epoch 3/1040000, average cost 450.914764
[2016-12-19 04:40:00,804] >> epoch 3/1050000, average cost 450.895264
[2016-12-19 04:41:22,887] >> epoch 3/1060000, average cost 450.975800
[2016-12-19 04:42:33,680] >> epoch 3/1070000, average cost 451.007385
[2016-12-19 04:43:55,084] >> epoch 3/1080000, average cost 451.048309
[2016-12-19 04:45:05,660] >> epoch 3/1090000, average cost 450.953064
[2016-12-19 04:46:36,158] >> epoch 3/1100000, average cost 450.909210
[2016-12-19 04:48:04,374] >> epoch 3/1110000, average cost 450.868042
[2016-12-19 04:49:27,884] >> epoch 3/1120000, average cost 450.841003
[2016-12-19 04:50:38,053] >> epoch 3/1130000, average cost 450.755463
[2016-12-19 04:52:04,809] >> epoch 3/1140000, average cost 450.843689
[2016-12-19 04:53:35,694] >> epoch 3/1150000, average cost 450.809296
[2016-12-19 04:54:53,980] >> epoch 3/1160000, average cost 450.997101
[2016-12-19 04:56:22,417] >> epoch 3/1170000, average cost 450.920807
[2016-12-19 04:57:42,913] >> epoch 3/1180000, average cost 450.833405
[2016-12-19 04:59:09,848] >> epoch 3/1190000, average cost 450.872742
[2016-12-19 05:00:25,196] >> epoch 3/1200000, average cost 450.766388
[2016-12-19 05:01:44,406] >> epoch 3/1210000, average cost 450.817261
[2016-12-19 05:03:02,310] >> epoch 3/1220000, average cost 450.857910
[2016-12-19 05:04:16,950] >> epoch 3/1230000, average cost 450.757263
[2016-12-19 05:05:32,280] >> epoch 3/1240000, average cost 450.852692
[2016-12-19 05:06:51,118] >> epoch 3/1250000, average cost 450.828644
[2016-12-19 05:08:07,350] >> epoch 3/1260000, average cost 450.786743
[2016-12-19 05:09:25,747] >> epoch 3/1270000, average cost 450.817535
[2016-12-19 05:10:44,970] >> epoch 3/1280000, average cost 450.765442
[2016-12-19 05:12:04,184] >> epoch 3/1290000, average cost 450.791443
[2016-12-19 05:13:35,598] >> epoch 3/1300000, average cost 450.857941
[2016-12-19 05:14:54,624] >> epoch 3/1310000, average cost 450.773193
[2016-12-19 05:16:17,425] >> epoch 3/1320000, average cost 450.884735
[2016-12-19 05:17:23,985] >> epoch 3/1330000, average cost 450.676514
[2016-12-19 05:17:47,719] >> epoch 4/1333320, average cost 450.864899
[2016-12-19 05:20:18,270] >> epoch 4/1350000, average cost 450.828705
[2016-12-19 05:21:44,917] >> epoch 4/1360000, average cost 450.889587
[2016-12-19 05:22:54,460] >> epoch 4/1370000, average cost 450.830750
[2016-12-19 05:24:19,301] >> epoch 4/1380000, average cost 450.759460
[2016-12-19 05:25:30,881] >> epoch 4/1390000, average cost 450.837708
[2016-12-19 05:26:53,943] >> epoch 4/1400000, average cost 450.885254
[2016-12-19 05:28:06,212] >> epoch 4/1410000, average cost 450.953613
[2016-12-19 05:29:28,537] >> epoch 4/1420000, average cost 450.814850
[2016-12-19 05:30:40,796] >> epoch 4/1430000, average cost 450.839386
[2016-12-19 05:32:03,600] >> epoch 4/1440000, average cost 450.790588
[2016-12-19 05:33:16,404] >> epoch 4/1450000, average cost 450.730988
[2016-12-19 05:34:39,285] >> epoch 4/1460000, average cost 450.659454
[2016-12-19 05:35:51,584] >> epoch 4/1470000, average cost 450.670105
[2016-12-19 05:37:13,619] >> epoch 4/1480000, average cost 450.764252
[2016-12-19 05:38:38,053] >> epoch 4/1490000, average cost 450.824890
[2016-12-19 05:40:01,074] >> epoch 4/1500000, average cost 450.821442
[2016-12-19 05:41:35,711] >> epoch 4/1510000, average cost 450.729156
[2016-12-19 05:42:54,697] >> epoch 4/1520000, average cost 450.787750
[2016-12-19 05:44:09,733] >> epoch 4/1530000, average cost 450.684113
[2016-12-19 05:45:27,320] >> epoch 4/1540000, average cost 450.696960
[2016-12-19 05:46:41,084] >> epoch 4/1550000, average cost 450.722290
[2016-12-19 05:47:56,929] >> epoch 4/1560000, average cost 450.708191
[2016-12-19 05:49:09,182] >> epoch 4/1570000, average cost 450.719147
[2016-12-19 05:50:26,852] >> epoch 4/1580000, average cost 450.747986
[2016-12-19 05:51:40,648] >> epoch 4/1590000, average cost 450.694458
[2016-12-19 05:52:58,314] >> epoch 4/1600000, average cost 450.733795
[2016-12-19 05:54:14,161] >> epoch 4/1610000, average cost 450.649994
[2016-12-19 05:55:35,296] >> epoch 4/1620000, average cost 450.674744
[2016-12-19 05:56:47,156] >> epoch 4/1630000, average cost 450.761108
[2016-12-19 05:58:05,024] >> epoch 4/1640000, average cost 450.659698
[2016-12-19 05:59:19,940] >> epoch 4/1650000, average cost 450.817902
[2016-12-19 06:00:36,134] >> epoch 4/1660000, average cost 450.644501
[2016-12-19 06:01:13,803] >> epoch 5/1666650, average cost 450.757568
[2016-12-19 06:03:22,151] >> epoch 5/1680000, average cost 450.700836
[2016-12-19 06:04:30,008] >> epoch 5/1690000, average cost 450.818512
[2016-12-19 06:05:52,461] >> epoch 5/1700000, average cost 450.774292
[2016-12-19 06:07:16,261] >> epoch 5/1710000, average cost 450.674713
[2016-12-19 06:08:50,129] >> epoch 5/1720000, average cost 450.715454
[2016-12-19 06:10:02,396] >> epoch 5/1730000, average cost 450.790405
[2016-12-19 06:11:28,115] >> epoch 5/1740000, average cost 450.837708
[2016-12-19 06:12:41,339] >> epoch 5/1750000, average cost 450.778900
[2016-12-19 06:14:05,783] >> epoch 5/1760000, average cost 450.785309
[2016-12-19 06:15:18,525] >> epoch 5/1770000, average cost 450.720001
[2016-12-19 06:16:39,692] >> epoch 5/1780000, average cost 450.648804
[2016-12-19 06:17:52,232] >> epoch 5/1790000, average cost 450.616638
[2016-12-19 06:19:16,972] >> epoch 5/1800000, average cost 450.580688
[2016-12-19 06:20:42,551] >> epoch 5/1810000, average cost 450.717438
[2016-12-19 06:21:53,569] >> epoch 5/1820000, average cost 450.654388
[2016-12-19 06:23:18,658] >> epoch 5/1830000, average cost 450.780243
[2016-12-19 06:24:30,467] >> epoch 5/1840000, average cost 450.695892
[2016-12-19 06:25:56,834] >> epoch 5/1850000, average cost 450.695801
[2016-12-19 06:27:10,614] >> epoch 5/1860000, average cost 450.660706
[2016-12-19 06:28:27,717] >> epoch 5/1870000, average cost 450.610291
[2016-12-19 06:29:42,791] >> epoch 5/1880000, average cost 450.642456
[2016-12-19 06:31:00,242] >> epoch 5/1890000, average cost 450.697754
[2016-12-19 06:32:13,249] >> epoch 5/1900000, average cost 450.602386
[2016-12-19 06:33:31,478] >> epoch 5/1910000, average cost 450.686951
[2016-12-19 06:34:47,371] >> epoch 5/1920000, average cost 450.662537
[2016-12-19 06:36:08,612] >> epoch 5/1930000, average cost 450.635590
[2016-12-19 06:37:25,021] >> epoch 5/1940000, average cost 450.628296
[2016-12-19 06:38:42,104] >> epoch 5/1950000, average cost 450.625305
[2016-12-19 06:40:05,454] >> epoch 5/1960000, average cost 450.667206
[2016-12-19 06:41:21,105] >> epoch 5/1970000, average cost 450.645844
[2016-12-19 06:42:46,100] >> epoch 5/1980000, average cost 450.706665
[2016-12-19 06:43:59,324] >> epoch 5/1990000, average cost 450.669800
[2016-12-19 06:45:12,469] >> epoch 6/1999980, average cost 450.686768
[2016-12-19 06:45:42,190] >> epoch 7/2000000, average cost 450.662354
[2016-12-19 06:45:42,198] >> Training finished in 4:22:18.615145
[2016-12-19 06:46:52,571] >> Loading model
[2016-12-19 06:46:53,089] >> Loading datasets
[2016-12-19 06:46:53,092] >> Reconstruction training started with arguments:
{'activation_noise': None,
 'adadelta': False,
 'adadelta_epsilon': '1e-6',
 'adadelta_rho': '0.95',
 'adagrad': False,
 'adagrad_decay': False,
 'batch_size': 128,
 'ce_sparsity': 0.01,
 'ce_sparsity_weight': 0.0,
 'compound': False,
 'corruption_level': 0.2,
 'datasets': (DatasetContainer [PFileStreamDataset@/export/data1/data/ddraper/train.pfile],
              DatasetContainer [],
              DatasetContainer []),
 'epochs': 50,
 'fix_layers': [],
 'graph': False,
 'hooks': [],
 'l1_reg': '0.0',
 'l2_reg': '0.0',
 'layer_args': {1: {}, 2: {}, 3: {}},
 'layers': [4],
 'learning_rate': '0.01',
 'loss': 'crossentropy',
 'minibatches': 2000000,
 'momentum': '',
 'noise': 'mask',
 'sparsity': 0.05,
 'sparsity_weight': 0.0,
 'validate': False,
 'verbosity': 1,
 'warn': False}
[2016-12-19 06:46:53,092] >> Reconstruction training started with da:
{'hidden_activation': u'sigmoid',
 'n_hidden': 1000,
 'n_visible': 1000,
 'tied_weights': True,
 'visible_activation': u'sigmoid'}
[2016-12-19 06:46:53,092] >> Compiling theano graph
Using gpu device 0: Tesla M2075 (CNMeM is disabled, cuDNN not available)
[2016-12-19 06:47:37,923] >> Training started
[2016-12-19 06:48:46,934] >> epoch 0/10000, average cost 110.494911
[2016-12-19 06:50:12,522] >> epoch 0/20000, average cost 105.968277
[2016-12-19 06:51:23,708] >> epoch 0/30000, average cost 105.350449
[2016-12-19 06:52:50,328] >> epoch 0/40000, average cost 104.947266
[2016-12-19 06:54:03,017] >> epoch 0/50000, average cost 104.951401
[2016-12-19 06:55:27,726] >> epoch 0/60000, average cost 104.388191
[2016-12-19 06:56:41,798] >> epoch 0/70000, average cost 104.255577
[2016-12-19 06:58:04,567] >> epoch 0/80000, average cost 104.249443
[2016-12-19 06:59:17,611] >> epoch 0/90000, average cost 104.436310
[2016-12-19 07:00:38,425] >> epoch 0/100000, average cost 104.077759
[2016-12-19 07:01:54,691] >> epoch 0/110000, average cost 104.159851
[2016-12-19 07:03:23,955] >> epoch 0/120000, average cost 104.452209
[2016-12-19 07:04:43,963] >> epoch 0/130000, average cost 104.439796
[2016-12-19 07:06:08,401] >> epoch 0/140000, average cost 104.517166
[2016-12-19 07:07:36,626] >> epoch 0/150000, average cost 104.384102
[2016-12-19 07:08:52,272] >> epoch 0/160000, average cost 103.943878
[2016-12-19 07:10:21,111] >> epoch 0/170000, average cost 104.065811
[2016-12-19 07:11:45,384] >> epoch 0/180000, average cost 104.427620
[2016-12-19 07:13:12,828] >> epoch 0/190000, average cost 103.810234
[2016-12-19 07:14:31,442] >> epoch 0/200000, average cost 104.484344
[2016-12-19 07:15:51,489] >> epoch 0/210000, average cost 104.299583
[2016-12-19 07:17:10,676] >> epoch 0/220000, average cost 104.445679
[2016-12-19 07:18:27,239] >> epoch 0/230000, average cost 104.360710
[2016-12-19 07:19:45,953] >> epoch 0/240000, average cost 104.378090
[2016-12-19 07:21:06,008] >> epoch 0/250000, average cost 103.696297
[2016-12-19 07:22:23,455] >> epoch 0/260000, average cost 103.703438
[2016-12-19 07:23:43,418] >> epoch 0/270000, average cost 104.145271
[2016-12-19 07:25:04,975] >> epoch 0/280000, average cost 104.204422
[2016-12-19 07:26:25,351] >> epoch 0/290000, average cost 104.150871
[2016-12-19 07:27:48,958] >> epoch 0/300000, average cost 104.021088
[2016-12-19 07:29:07,784] >> epoch 0/310000, average cost 104.116165
[2016-12-19 07:30:28,889] >> epoch 0/320000, average cost 103.316925
[2016-12-19 07:31:38,436] >> epoch 0/330000, average cost 104.269127
[2016-12-19 07:32:01,851] >> epoch 1/333330, average cost 104.511131
[2016-12-19 07:34:37,454] >> epoch 1/350000, average cost 104.178413
[2016-12-19 07:36:06,054] >> epoch 1/360000, average cost 104.002312
[2016-12-19 07:37:20,156] >> epoch 1/370000, average cost 103.183647
[2016-12-19 07:38:47,466] >> epoch 1/380000, average cost 103.871696
[2016-12-19 07:40:02,880] >> epoch 1/390000, average cost 103.456375
[2016-12-19 07:41:28,447] >> epoch 1/400000, average cost 103.233528
[2016-12-19 07:42:45,734] >> epoch 1/410000, average cost 103.281227
[2016-12-19 07:44:09,489] >> epoch 1/420000, average cost 103.846329
[2016-12-19 07:45:26,906] >> epoch 1/430000, average cost 103.200394
[2016-12-19 07:46:51,187] >> epoch 1/440000, average cost 103.373573
[2016-12-19 07:48:08,876] >> epoch 1/450000, average cost 103.580650
[2016-12-19 07:49:33,501] >> epoch 1/460000, average cost 103.883118
[2016-12-19 07:50:52,488] >> epoch 1/470000, average cost 103.803085
[2016-12-19 07:52:17,840] >> epoch 1/480000, average cost 103.737648
[2016-12-19 07:53:45,766] >> epoch 1/490000, average cost 103.349442
[2016-12-19 07:55:10,124] >> epoch 1/500000, average cost 103.506615
[2016-12-19 07:56:48,049] >> epoch 1/510000, average cost 103.794586
[2016-12-19 07:58:06,968] >> epoch 1/520000, average cost 103.326439
[2016-12-19 07:59:24,182] >> epoch 1/530000, average cost 103.664940
[2016-12-19 08:00:43,741] >> epoch 1/540000, average cost 103.811653
[2016-12-19 08:01:59,887] >> epoch 1/550000, average cost 103.916443
[2016-12-19 08:03:17,594] >> epoch 1/560000, average cost 103.721573
[2016-12-19 08:04:34,915] >> epoch 1/570000, average cost 104.024742
[2016-12-19 08:05:53,743] >> epoch 1/580000, average cost 103.335159
[2016-12-19 08:07:10,272] >> epoch 1/590000, average cost 103.140472
[2016-12-19 08:08:30,428] >> epoch 1/600000, average cost 103.569939
[2016-12-19 08:09:50,276] >> epoch 1/610000, average cost 103.612816
[2016-12-19 08:11:11,509] >> epoch 1/620000, average cost 103.770149
[2016-12-19 08:12:29,179] >> epoch 1/630000, average cost 103.565765
[2016-12-19 08:13:49,177] >> epoch 1/640000, average cost 103.902786
[2016-12-19 08:15:07,999] >> epoch 1/650000, average cost 102.765160
[2016-12-19 08:16:23,967] >> epoch 1/660000, average cost 103.528259
[2016-12-19 08:17:04,187] >> epoch 2/666660, average cost 103.609467
[2016-12-19 08:19:14,434] >> epoch 2/680000, average cost 104.004272
[2016-12-19 08:20:25,462] >> epoch 2/690000, average cost 103.311226
[2016-12-19 08:21:57,360] >> epoch 2/700000, average cost 102.836273
[2016-12-19 08:23:19,406] >> epoch 2/710000, average cost 103.469528
[2016-12-19 08:24:46,659] >> epoch 2/720000, average cost 103.200165
[2016-12-19 08:26:05,750] >> epoch 2/730000, average cost 102.806046
[2016-12-19 08:27:32,120] >> epoch 2/740000, average cost 102.950760
[2016-12-19 08:28:50,001] >> epoch 2/750000, average cost 103.267441
[2016-12-19 08:30:17,282] >> epoch 2/760000, average cost 102.854156
[2016-12-19 08:31:37,280] >> epoch 2/770000, average cost 102.919716
[2016-12-19 08:33:04,496] >> epoch 2/780000, average cost 103.080475
[2016-12-19 08:34:23,202] >> epoch 2/790000, average cost 103.485535
[2016-12-19 08:35:53,101] >> epoch 2/800000, average cost 103.279526
[2016-12-19 08:37:27,653] >> epoch 2/810000, average cost 103.370659
[2016-12-19 08:38:46,322] >> epoch 2/820000, average cost 103.129189
[2016-12-19 08:40:17,584] >> epoch 2/830000, average cost 103.049622
[2016-12-19 08:41:36,720] >> epoch 2/840000, average cost 103.171822
[2016-12-19 08:43:10,410] >> epoch 2/850000, average cost 103.194855
[2016-12-19 08:44:30,052] >> epoch 2/860000, average cost 102.963097
[2016-12-19 08:45:54,609] >> epoch 2/870000, average cost 103.498138
[2016-12-19 08:47:14,649] >> epoch 2/880000, average cost 103.376381
[2016-12-19 08:48:37,598] >> epoch 2/890000, average cost 103.359154
[2016-12-19 08:49:58,641] >> epoch 2/900000, average cost 103.560112
[2016-12-19 08:51:22,870] >> epoch 2/910000, average cost 103.115936
[2016-12-19 08:52:45,753] >> epoch 2/920000, average cost 102.688515
[2016-12-19 08:54:14,599] >> epoch 2/930000, average cost 102.975464
[2016-12-19 08:55:36,529] >> epoch 2/940000, average cost 103.142242
[2016-12-19 08:56:59,746] >> epoch 2/950000, average cost 103.359741
[2016-12-19 08:58:25,691] >> epoch 2/960000, average cost 103.180122
[2016-12-19 08:59:43,340] >> epoch 2/970000, average cost 103.305809
[2016-12-19 09:01:06,158] >> epoch 2/980000, average cost 102.719398
[2016-12-19 09:02:25,567] >> epoch 2/990000, average cost 102.734062
[2016-12-19 09:03:31,762] >> epoch 3/999990, average cost 103.180008
[2016-12-19 09:05:06,599] >> epoch 3/1010000, average cost 103.413033
[2016-12-19 09:06:35,687] >> epoch 3/1020000, average cost 102.885536
[2016-12-19 09:07:49,675] >> epoch 3/1030000, average cost 102.847527
[2016-12-19 09:09:17,679] >> epoch 3/1040000, average cost 102.702324
[2016-12-19 09:10:33,397] >> epoch 3/1050000, average cost 102.873810
[2016-12-19 09:11:59,473] >> epoch 3/1060000, average cost 102.453255
[2016-12-19 09:13:15,392] >> epoch 3/1070000, average cost 102.455086
[2016-12-19 09:14:38,941] >> epoch 3/1080000, average cost 102.488548
[2016-12-19 09:15:55,991] >> epoch 3/1090000, average cost 102.739891
[2016-12-19 09:17:25,454] >> epoch 3/1100000, average cost 102.420601
[2016-12-19 09:18:43,442] >> epoch 3/1110000, average cost 102.536499
[2016-12-19 09:20:09,151] >> epoch 3/1120000, average cost 102.883606
[2016-12-19 09:21:28,567] >> epoch 3/1130000, average cost 102.869446
[2016-12-19 09:22:54,765] >> epoch 3/1140000, average cost 102.983749
[2016-12-19 09:24:24,769] >> epoch 3/1150000, average cost 102.866684
[2016-12-19 09:25:40,258] >> epoch 3/1160000, average cost 102.457893
[2016-12-19 09:27:11,125] >> epoch 3/1170000, average cost 102.579529
[2016-12-19 09:28:29,348] >> epoch 3/1180000, average cost 102.958809
[2016-12-19 09:29:58,344] >> epoch 3/1190000, average cost 102.379906
[2016-12-19 09:31:18,271] >> epoch 3/1200000, average cost 103.054497
[2016-12-19 09:32:40,759] >> epoch 3/1210000, average cost 102.871979
[2016-12-19 09:34:00,499] >> epoch 3/1220000, average cost 103.033066
[2016-12-19 09:35:23,930] >> epoch 3/1230000, average cost 102.960022
[2016-12-19 09:36:45,907] >> epoch 3/1240000, average cost 102.999268
[2016-12-19 09:38:13,388] >> epoch 3/1250000, average cost 102.325180
[2016-12-19 09:39:34,052] >> epoch 3/1260000, average cost 102.364586
[2016-12-19 09:41:01,916] >> epoch 3/1270000, average cost 102.793015
[2016-12-19 09:42:26,251] >> epoch 3/1280000, average cost 102.864311
[2016-12-19 09:43:56,155] >> epoch 3/1290000, average cost 102.830498
[2016-12-19 09:45:20,270] >> epoch 3/1300000, average cost 102.690193
[2016-12-19 09:46:39,236] >> epoch 3/1310000, average cost 102.803391
[2016-12-19 09:48:01,723] >> epoch 3/1320000, average cost 102.024635
[2016-12-19 09:49:09,458] >> epoch 3/1330000, average cost 102.947594
[2016-12-19 09:49:39,114] >> epoch 4/1333320, average cost 102.741417
[2016-12-19 09:52:09,860] >> epoch 4/1350000, average cost 102.890434
[2016-12-19 09:53:39,245] >> epoch 4/1360000, average cost 102.714386
[2016-12-19 09:54:54,449] >> epoch 4/1370000, average cost 101.940041
[2016-12-19 09:56:21,474] >> epoch 4/1380000, average cost 102.594826
[2016-12-19 09:57:38,448] >> epoch 4/1390000, average cost 102.212128
[2016-12-19 09:59:04,661] >> epoch 4/1400000, average cost 101.968552
[2016-12-19 10:00:22,904] >> epoch 4/1410000, average cost 102.078270
[2016-12-19 10:01:47,582] >> epoch 4/1420000, average cost 102.601471
[2016-12-19 10:03:06,380] >> epoch 4/1430000, average cost 101.974686
[2016-12-19 10:04:32,348] >> epoch 4/1440000, average cost 102.153328
[2016-12-19 10:05:50,683] >> epoch 4/1450000, average cost 102.353134
[2016-12-19 10:07:13,967] >> epoch 4/1460000, average cost 102.676140
[2016-12-19 10:08:29,253] >> epoch 4/1470000, average cost 102.582687
[2016-12-19 10:10:01,664] >> epoch 4/1480000, average cost 102.519234
[2016-12-19 10:11:31,441] >> epoch 4/1490000, average cost 102.166161
[2016-12-19 10:12:49,110] >> epoch 4/1500000, average cost 102.316071
[2016-12-19 10:14:23,005] >> epoch 4/1510000, average cost 102.608147
[2016-12-19 10:15:46,543] >> epoch 4/1520000, average cost 102.163429
[2016-12-19 10:17:08,347] >> epoch 4/1530000, average cost 102.481682
[2016-12-19 10:18:30,010] >> epoch 4/1540000, average cost 102.630905
[2016-12-19 10:19:50,860] >> epoch 4/1550000, average cost 102.747871
[2016-12-19 10:21:12,500] >> epoch 4/1560000, average cost 102.572151
[2016-12-19 10:22:35,911] >> epoch 4/1570000, average cost 102.852516
[2016-12-19 10:23:57,182] >> epoch 4/1580000, average cost 102.178650
[2016-12-19 10:25:24,019] >> epoch 4/1590000, average cost 102.009010
[2016-12-19 10:26:48,714] >> epoch 4/1600000, average cost 102.424149
[2016-12-19 10:28:13,447] >> epoch 4/1610000, average cost 102.482620
[2016-12-19 10:29:40,305] >> epoch 4/1620000, average cost 102.626953
[2016-12-19 10:30:57,937] >> epoch 4/1630000, average cost 102.425308
[2016-12-19 10:32:19,094] >> epoch 4/1640000, average cost 102.787163
[2016-12-19 10:33:38,438] >> epoch 4/1650000, average cost 101.683937
[2016-12-19 10:35:00,061] >> epoch 4/1660000, average cost 102.401474
[2016-12-19 10:35:39,174] >> epoch 5/1666650, average cost 102.417427
[2016-12-19 10:38:00,079] >> epoch 5/1680000, average cost 102.890091
[2016-12-19 10:39:16,552] >> epoch 5/1690000, average cost 102.223709
[2016-12-19 10:40:46,322] >> epoch 5/1700000, average cost 101.747879
[2016-12-19 10:42:02,510] >> epoch 5/1710000, average cost 102.380836
[2016-12-19 10:43:28,517] >> epoch 5/1720000, average cost 102.122917
[2016-12-19 10:44:45,145] >> epoch 5/1730000, average cost 101.729210
[2016-12-19 10:46:11,210] >> epoch 5/1740000, average cost 101.914642
[2016-12-19 10:47:29,480] >> epoch 5/1750000, average cost 102.222740
[2016-12-19 10:48:56,719] >> epoch 5/1760000, average cost 101.801407
[2016-12-19 10:50:16,123] >> epoch 5/1770000, average cost 101.888527
[2016-12-19 10:51:42,871] >> epoch 5/1780000, average cost 102.047653
[2016-12-19 10:53:01,952] >> epoch 5/1790000, average cost 102.454803
[2016-12-19 10:54:30,181] >> epoch 5/1800000, average cost 102.254837
[2016-12-19 10:56:00,748] >> epoch 5/1810000, average cost 102.347313
[2016-12-19 10:57:17,015] >> epoch 5/1820000, average cost 102.121834
[2016-12-19 10:58:52,356] >> epoch 5/1830000, average cost 102.060867
[2016-12-19 11:00:08,779] >> epoch 5/1840000, average cost 102.184227
[2016-12-19 11:01:48,548] >> epoch 5/1850000, average cost 102.199234
[2016-12-19 11:03:07,082] >> epoch 5/1860000, average cost 101.999702
[2016-12-19 11:04:33,950] >> epoch 5/1870000, average cost 102.524559
[2016-12-19 11:05:52,699] >> epoch 5/1880000, average cost 102.414673
[2016-12-19 11:07:09,701] >> epoch 5/1890000, average cost 102.409790
[2016-12-19 11:08:28,490] >> epoch 5/1900000, average cost 102.609497
[2016-12-19 11:09:45,662] >> epoch 5/1910000, average cost 102.160126
[2016-12-19 11:11:04,532] >> epoch 5/1920000, average cost 101.771797
[2016-12-19 11:12:21,845] >> epoch 5/1930000, average cost 102.064316
[2016-12-19 11:13:41,961] >> epoch 5/1940000, average cost 102.232590
[2016-12-19 11:15:01,321] >> epoch 5/1950000, average cost 102.456322
[2016-12-19 11:16:23,002] >> epoch 5/1960000, average cost 102.300751
[2016-12-19 11:17:39,446] >> epoch 5/1970000, average cost 102.418854
[2016-12-19 11:18:59,815] >> epoch 5/1980000, average cost 101.861938
[2016-12-19 11:20:19,520] >> epoch 5/1990000, average cost 101.887543
[2016-12-19 11:21:21,156] >> epoch 6/1999980, average cost 102.193863
[2016-12-19 11:21:47,813] >> epoch 7/2000000, average cost 102.726822
[2016-12-19 11:21:47,846] >> Training finished in 4:34:09.874321
[2016-12-19 11:22:59,077] >> Loading model
[2016-12-19 11:22:59,533] >> Loading datasets
[2016-12-19 11:22:59,535] >> Reconstruction training started with arguments:
{'activation_noise': None,
 'adadelta': False,
 'adadelta_epsilon': '1e-6',
 'adadelta_rho': '0.95',
 'adagrad': False,
 'adagrad_decay': False,
 'batch_size': 128,
 'ce_sparsity': 0.01,
 'ce_sparsity_weight': 0.0,
 'compound': False,
 'corruption_level': 0.2,
 'datasets': (DatasetContainer [PFileStreamDataset@/export/data1/data/ddraper/train.pfile],
              DatasetContainer [],
              DatasetContainer []),
 'epochs': 50,
 'fix_layers': [],
 'graph': False,
 'hooks': [],
 'l1_reg': '0.0',
 'l2_reg': '0.0',
 'layer_args': {1: {}, 2: {}, 3: {}, 4: {}},
 'layers': [5],
 'learning_rate': '0.01',
 'loss': 'crossentropy',
 'minibatches': 2000000,
 'momentum': '',
 'noise': 'mask',
 'sparsity': 0.05,
 'sparsity_weight': 0.0,
 'validate': False,
 'verbosity': 1,
 'warn': False}
[2016-12-19 11:22:59,536] >> Reconstruction training started with da:
{'hidden_activation': u'sigmoid',
 'n_hidden': 1000,
 'n_visible': 1000,
 'tied_weights': True,
 'visible_activation': u'sigmoid'}
[2016-12-19 11:22:59,536] >> Compiling theano graph
Using gpu device 0: Tesla M2075 (CNMeM is disabled, cuDNN not available)
[2016-12-19 11:23:47,821] >> Training started
[2016-12-19 11:25:06,313] >> epoch 0/10000, average cost 231.459793
[2016-12-19 11:26:36,423] >> epoch 0/20000, average cost 227.200027
[2016-12-19 11:27:52,442] >> epoch 0/30000, average cost 225.822205
[2016-12-19 11:29:26,541] >> epoch 0/40000, average cost 225.115997
[2016-12-19 11:30:51,242] >> epoch 0/50000, average cost 224.786407
[2016-12-19 11:32:24,198] >> epoch 0/60000, average cost 224.391693
[2016-12-19 11:33:48,632] >> epoch 0/70000, average cost 224.174332
[2016-12-19 11:35:18,087] >> epoch 0/80000, average cost 224.091049
[2016-12-19 11:36:42,674] >> epoch 0/90000, average cost 224.075195
[2016-12-19 11:38:12,428] >> epoch 0/100000, average cost 223.873001
[2016-12-19 11:39:37,216] >> epoch 0/110000, average cost 223.835602
[2016-12-19 11:41:07,250] >> epoch 0/120000, average cost 223.880371
[2016-12-19 11:42:31,360] >> epoch 0/130000, average cost 223.844543
[2016-12-19 11:44:04,142] >> epoch 0/140000, average cost 223.843628
[2016-12-19 11:45:39,609] >> epoch 0/150000, average cost 223.757721
[2016-12-19 11:47:02,624] >> epoch 0/160000, average cost 223.608307
[2016-12-19 11:48:37,805] >> epoch 0/170000, average cost 223.623306
[2016-12-19 11:50:00,411] >> epoch 0/180000, average cost 223.705673
[2016-12-19 11:51:32,730] >> epoch 0/190000, average cost 223.479675
[2016-12-19 11:53:02,712] >> epoch 0/200000, average cost 223.647171
[2016-12-19 11:54:27,830] >> epoch 0/210000, average cost 223.555969
[2016-12-19 11:55:59,601] >> epoch 0/220000, average cost 223.602997
[2016-12-19 11:57:30,302] >> epoch 0/230000, average cost 223.544876
[2016-12-19 11:58:58,856] >> epoch 0/240000, average cost 223.539169
[2016-12-19 12:00:28,874] >> epoch 0/250000, average cost 223.300644
[2016-12-19 12:02:01,304] >> epoch 0/260000, average cost 223.285599
[2016-12-19 12:03:28,790] >> epoch 0/270000, average cost 223.393280
[2016-12-19 12:04:57,344] >> epoch 0/280000, average cost 223.401398
[2016-12-19 12:06:27,345] >> epoch 0/290000, average cost 223.355698
[2016-12-19 12:07:56,698] >> epoch 0/300000, average cost 223.294647
[2016-12-19 12:09:24,290] >> epoch 0/310000, average cost 223.320801
[2016-12-19 12:10:51,782] >> epoch 0/320000, average cost 223.042404
[2016-12-19 12:12:04,306] >> epoch 0/330000, average cost 223.339844
[2016-12-19 12:12:32,160] >> epoch 1/333330, average cost 224.119522
[2016-12-19 12:15:14,156] >> epoch 1/350000, average cost 223.283844
[2016-12-19 12:16:47,112] >> epoch 1/360000, average cost 223.200378
[2016-12-19 12:18:08,798] >> epoch 1/370000, average cost 222.938004
[2016-12-19 12:19:40,480] >> epoch 1/380000, average cost 223.120605
[2016-12-19 12:20:58,088] >> epoch 1/390000, average cost 222.998901
[2016-12-19 12:22:30,745] >> epoch 1/400000, average cost 222.865173
[2016-12-19 12:23:53,768] >> epoch 1/410000, average cost 222.893051
[2016-12-19 12:25:22,772] >> epoch 1/420000, average cost 223.091782
[2016-12-19 12:26:45,308] >> epoch 1/430000, average cost 222.830795
[2016-12-19 12:28:12,607] >> epoch 1/440000, average cost 222.880249
[2016-12-19 12:29:36,032] >> epoch 1/450000, average cost 222.907257
[2016-12-19 12:31:05,060] >> epoch 1/460000, average cost 223.022354
[2016-12-19 12:32:28,910] >> epoch 1/470000, average cost 222.991455
[2016-12-19 12:33:58,574] >> epoch 1/480000, average cost 222.946426
[2016-12-19 12:35:33,402] >> epoch 1/490000, average cost 222.826294
[2016-12-19 12:36:53,753] >> epoch 1/500000, average cost 222.905319
[2016-12-19 12:38:28,772] >> epoch 1/510000, average cost 222.954529
[2016-12-19 12:39:57,956] >> epoch 1/520000, average cost 222.794144
[2016-12-19 12:41:23,220] >> epoch 1/530000, average cost 222.877243
[2016-12-19 12:42:50,532] >> epoch 1/540000, average cost 222.892776
[2016-12-19 12:44:14,540] >> epoch 1/550000, average cost 222.937454
[2016-12-19 12:45:41,335] >> epoch 1/560000, average cost 222.862549
[2016-12-19 12:47:05,131] >> epoch 1/570000, average cost 222.967896
[2016-12-19 12:48:29,408] >> epoch 1/580000, average cost 222.720093
[2016-12-19 12:49:57,230] >> epoch 1/590000, average cost 222.663849
[2016-12-19 12:51:25,425] >> epoch 1/600000, average cost 222.793655
[2016-12-19 12:52:56,192] >> epoch 1/610000, average cost 222.773544
[2016-12-19 12:54:25,669] >> epoch 1/620000, average cost 222.831680
[2016-12-19 12:55:51,581] >> epoch 1/630000, average cost 222.748306
[2016-12-19 12:57:31,016] >> epoch 1/640000, average cost 222.872452
[2016-12-19 12:58:54,556] >> epoch 1/650000, average cost 222.486954
[2016-12-19 13:00:21,030] >> epoch 1/660000, average cost 222.745102
[2016-12-19 13:01:19,415] >> epoch 2/666660, average cost 222.901154
[2016-12-19 13:03:45,684] >> epoch 2/680000, average cost 222.883850
[2016-12-19 13:05:05,923] >> epoch 2/690000, average cost 222.647278
[2016-12-19 13:06:38,461] >> epoch 2/700000, average cost 222.498550
[2016-12-19 13:08:00,991] >> epoch 2/710000, average cost 222.690826
[2016-12-19 13:09:31,468] >> epoch 2/720000, average cost 222.605957
[2016-12-19 13:10:55,772] >> epoch 2/730000, average cost 222.450394
[2016-12-19 13:12:24,716] >> epoch 2/740000, average cost 222.489426
[2016-12-19 13:13:49,498] >> epoch 2/750000, average cost 222.633545
[2016-12-19 13:15:13,860] >> epoch 2/760000, average cost 222.465195
[2016-12-19 13:16:38,427] >> epoch 2/770000, average cost 222.483505
[2016-12-19 13:18:12,422] >> epoch 2/780000, average cost 222.507095
[2016-12-19 13:19:35,868] >> epoch 2/790000, average cost 222.648300
[2016-12-19 13:21:04,412] >> epoch 2/800000, average cost 222.586670
[2016-12-19 13:22:40,338] >> epoch 2/810000, average cost 222.621078
[2016-12-19 13:24:00,416] >> epoch 2/820000, average cost 222.534546
[2016-12-19 13:25:33,542] >> epoch 2/830000, average cost 222.545380
[2016-12-19 13:26:54,541] >> epoch 2/840000, average cost 222.560120
[2016-12-19 13:28:29,049] >> epoch 2/850000, average cost 222.559006
[2016-12-19 13:29:53,688] >> epoch 2/860000, average cost 222.475525
[2016-12-19 13:31:19,426] >> epoch 2/870000, average cost 222.627808
[2016-12-19 13:32:45,162] >> epoch 2/880000, average cost 222.591446
[2016-12-19 13:34:10,568] >> epoch 2/890000, average cost 222.592377
[2016-12-19 13:35:37,304] >> epoch 2/900000, average cost 222.660645
[2016-12-19 13:37:02,742] >> epoch 2/910000, average cost 222.511871
[2016-12-19 13:38:30,032] >> epoch 2/920000, average cost 222.379150
[2016-12-19 13:39:55,418] >> epoch 2/930000, average cost 222.469696
[2016-12-19 13:41:18,302] >> epoch 2/940000, average cost 222.507355
[2016-12-19 13:43:02,352] >> epoch 2/950000, average cost 222.583572
[2016-12-19 13:44:37,810] >> epoch 2/960000, average cost 222.523102
[2016-12-19 13:46:04,677] >> epoch 2/970000, average cost 222.572571
[2016-12-19 13:47:35,570] >> epoch 2/980000, average cost 222.373871
[2016-12-19 13:49:01,766] >> epoch 2/990000, average cost 222.400253
[2016-12-19 13:50:22,659] >> epoch 3/999990, average cost 222.556458
[2016-12-19 13:52:11,600] >> epoch 3/1010000, average cost 222.609451
[2016-12-19 13:53:44,461] >> epoch 3/1020000, average cost 222.448181
[2016-12-19 13:55:05,432] >> epoch 3/1030000, average cost 222.436172
[2016-12-19 13:56:37,966] >> epoch 3/1040000, average cost 222.392227
[2016-12-19 13:57:59,252] >> epoch 3/1050000, average cost 222.443024
[2016-12-19 13:59:28,668] >> epoch 3/1060000, average cost 222.304077
[2016-12-19 14:00:50,942] >> epoch 3/1070000, average cost 222.279099
[2016-12-19 14:02:20,462] >> epoch 3/1080000, average cost 222.329346
[2016-12-19 14:03:45,130] >> epoch 3/1090000, average cost 222.407349
[2016-12-19 14:05:13,219] >> epoch 3/1100000, average cost 222.289154
[2016-12-19 14:06:37,820] >> epoch 3/1110000, average cost 222.316650
[2016-12-19 14:07:57,547] >> epoch 3/1120000, average cost 222.423676
[2016-12-19 14:09:16,663] >> epoch 3/1130000, average cost 222.428696
[2016-12-19 14:10:52,269] >> epoch 3/1140000, average cost 222.472519
[2016-12-19 14:12:27,650] >> epoch 3/1150000, average cost 222.432129
[2016-12-19 14:13:47,377] >> epoch 3/1160000, average cost 222.321350
[2016-12-19 14:15:22,549] >> epoch 3/1170000, average cost 222.376495
[2016-12-19 14:16:56,774] >> epoch 3/1180000, average cost 222.469345
[2016-12-19 14:18:24,669] >> epoch 3/1190000, average cost 222.292847
[2016-12-19 14:19:51,560] >> epoch 3/1200000, average cost 222.474182
[2016-12-19 14:21:21,645] >> epoch 3/1210000, average cost 222.411148
[2016-12-19 14:22:48,381] >> epoch 3/1220000, average cost 222.489975
[2016-12-19 14:24:12,682] >> epoch 3/1230000, average cost 222.453445
[2016-12-19 14:25:39,362] >> epoch 3/1240000, average cost 222.474426
[2016-12-19 14:27:02,714] >> epoch 3/1250000, average cost 222.263306
[2016-12-19 14:28:28,976] >> epoch 3/1260000, average cost 222.267319
[2016-12-19 14:29:53,804] >> epoch 3/1270000, average cost 222.402222
[2016-12-19 14:31:21,119] >> epoch 3/1280000, average cost 222.420151
[2016-12-19 14:32:50,456] >> epoch 3/1290000, average cost 222.399796
[2016-12-19 14:34:12,944] >> epoch 3/1300000, average cost 222.372147
[2016-12-19 14:35:42,758] >> epoch 3/1310000, average cost 222.407349
[2016-12-19 14:37:08,828] >> epoch 3/1320000, average cost 222.163132
[2016-12-19 14:38:25,332] >> epoch 3/1330000, average cost 222.467133
[2016-12-19 14:38:54,309] >> epoch 4/1333320, average cost 222.393234
[2016-12-19 14:41:26,673] >> epoch 4/1350000, average cost 222.454407
[2016-12-19 14:42:57,703] >> epoch 4/1360000, average cost 222.382477
[2016-12-19 14:44:18,392] >> epoch 4/1370000, average cost 222.150879
[2016-12-19 14:45:48,649] >> epoch 4/1380000, average cost 222.346024
[2016-12-19 14:47:09,588] >> epoch 4/1390000, average cost 222.234146
[2016-12-19 14:48:38,036] >> epoch 4/1400000, average cost 222.129227
[2016-12-19 14:50:01,142] >> epoch 4/1410000, average cost 222.172974
[2016-12-19 14:51:28,424] >> epoch 4/1420000, average cost 222.374023
[2016-12-19 14:52:51,254] >> epoch 4/1430000, average cost 222.137177
[2016-12-19 14:54:19,634] >> epoch 4/1440000, average cost 222.199905
[2016-12-19 14:55:41,684] >> epoch 4/1450000, average cost 222.244904
[2016-12-19 14:57:09,133] >> epoch 4/1460000, average cost 222.356522
[2016-12-19 14:58:31,892] >> epoch 4/1470000, average cost 222.339844
[2016-12-19 15:00:00,110] >> epoch 4/1480000, average cost 222.317978
[2016-12-19 15:01:29,438] >> epoch 4/1490000, average cost 222.203949
[2016-12-19 15:02:50,564] >> epoch 4/1500000, average cost 222.288101
[2016-12-19 15:04:29,654] >> epoch 4/1510000, average cost 222.354568
[2016-12-19 15:06:00,188] >> epoch 4/1520000, average cost 222.208023
[2016-12-19 15:07:28,536] >> epoch 4/1530000, average cost 222.293182
[2016-12-19 15:08:56,116] >> epoch 4/1540000, average cost 222.325424
[2016-12-19 15:10:24,764] >> epoch 4/1550000, average cost 222.378845
[2016-12-19 15:11:53,246] >> epoch 4/1560000, average cost 222.307068
[2016-12-19 15:13:22,418] >> epoch 4/1570000, average cost 222.417953
[2016-12-19 15:14:52,527] >> epoch 4/1580000, average cost 222.192001
[2016-12-19 15:16:15,071] >> epoch 4/1590000, average cost 222.139145
[2016-12-19 15:17:43,366] >> epoch 4/1600000, average cost 222.273972
[2016-12-19 15:19:07,906] >> epoch 4/1610000, average cost 222.267807
[2016-12-19 15:20:39,820] >> epoch 4/1620000, average cost 222.320908
[2016-12-19 15:22:08,314] >> epoch 4/1630000, average cost 222.254578
[2016-12-19 15:23:33,259] >> epoch 4/1640000, average cost 222.383347
[2016-12-19 15:25:02,732] >> epoch 4/1650000, average cost 222.011673
[2016-12-19 15:26:23,885] >> epoch 4/1660000, average cost 222.270905
[2016-12-19 15:27:06,445] >> epoch 5/1666650, average cost 222.278076
[2016-12-19 15:29:30,929] >> epoch 5/1680000, average cost 222.419144
[2016-12-19 15:30:57,512] >> epoch 5/1690000, average cost 222.195648
[2016-12-19 15:32:28,774] >> epoch 5/1700000, average cost 222.054718
[2016-12-19 15:33:56,781] >> epoch 5/1710000, average cost 222.245300
[2016-12-19 15:35:28,767] >> epoch 5/1720000, average cost 222.178421
[2016-12-19 15:36:50,960] >> epoch 5/1730000, average cost 222.026596
[2016-12-19 15:38:26,348] >> epoch 5/1740000, average cost 222.077225
[2016-12-19 15:39:51,544] >> epoch 5/1750000, average cost 222.214905
[2016-12-19 15:41:31,143] >> epoch 5/1760000, average cost 222.052307
[2016-12-19 15:42:52,964] >> epoch 5/1770000, average cost 222.082977
[2016-12-19 15:44:22,772] >> epoch 5/1780000, average cost 222.110596
[2016-12-19 15:45:49,569] >> epoch 5/1790000, average cost 222.246353
[2016-12-19 15:47:18,613] >> epoch 5/1800000, average cost 222.194794
[2016-12-19 15:48:55,581] >> epoch 5/1810000, average cost 222.228973
[2016-12-19 15:50:16,893] >> epoch 5/1820000, average cost 222.149979
[2016-12-19 15:51:52,152] >> epoch 5/1830000, average cost 222.170074
[2016-12-19 15:53:14,457] >> epoch 5/1840000, average cost 222.188904
[2016-12-19 15:54:50,528] >> epoch 5/1850000, average cost 222.186829
[2016-12-19 15:56:13,952] >> epoch 5/1860000, average cost 222.114227
[2016-12-19 15:57:41,666] >> epoch 5/1870000, average cost 222.260147
[2016-12-19 15:59:09,638] >> epoch 5/1880000, average cost 222.228745
[2016-12-19 16:00:38,318] >> epoch 5/1890000, average cost 222.234543
[2016-12-19 16:02:05,061] >> epoch 5/1900000, average cost 222.305481
[2016-12-19 16:03:32,580] >> epoch 5/1910000, average cost 222.161255
[2016-12-19 16:05:04,281] >> epoch 5/1920000, average cost 222.031631
[2016-12-19 16:06:27,730] >> epoch 5/1930000, average cost 222.127243
[2016-12-19 16:07:55,576] >> epoch 5/1940000, average cost 222.161804
[2016-12-19 16:09:21,836] >> epoch 5/1950000, average cost 222.247772
[2016-12-19 16:10:52,795] >> epoch 5/1960000, average cost 222.182571
[2016-12-19 16:12:16,331] >> epoch 5/1970000, average cost 222.233246
[2016-12-19 16:13:46,150] >> epoch 5/1980000, average cost 222.048004
[2016-12-19 16:15:14,114] >> epoch 5/1990000, average cost 222.082428
[2016-12-19 16:16:27,520] >> epoch 6/1999980, average cost 222.174835
[2016-12-19 16:16:46,502] >> epoch 7/2000000, average cost 222.223267
[2016-12-19 16:16:48,024] >> Training finished in 4:52:58.680623
[2016-12-19 16:17:57,960] >> Loading model
[2016-12-19 16:17:58,362] >> Loading datasets
[2016-12-19 16:17:58,375] >> Reconstruction training started with arguments:
{'activation_noise': None,
 'adadelta': False,
 'adadelta_epsilon': '1e-6',
 'adadelta_rho': '0.95',
 'adagrad': False,
 'adagrad_decay': False,
 'batch_size': 128,
 'ce_sparsity': 0.01,
 'ce_sparsity_weight': 0.0,
 'compound': False,
 'corruption_level': 0.2,
 'datasets': (DatasetContainer [PFileStreamDataset@/export/data1/data/ddraper/train.pfile],
              DatasetContainer [],
              DatasetContainer []),
 'epochs': 50,
 'fix_layers': [],
 'graph': False,
 'hooks': [],
 'l1_reg': '0.0',
 'l2_reg': '0.0',
 'layer_args': {1: {}, 2: {}, 3: {}, 4: {}, 5: {}},
 'layers': [6],
 'learning_rate': '0.01',
 'loss': 'crossentropy',
 'minibatches': 2000000,
 'momentum': '',
 'noise': 'mask',
 'sparsity': 0.05,
 'sparsity_weight': 0.0,
 'validate': False,
 'verbosity': 1,
 'warn': False}
[2016-12-19 16:17:58,376] >> Reconstruction training started with da:
{'hidden_activation': u'sigmoid',
 'n_hidden': 1000,
 'n_visible': 1000,
 'tied_weights': True,
 'visible_activation': u'sigmoid'}
[2016-12-19 16:17:58,376] >> Compiling theano graph
Using gpu device 0: Tesla M2075 (CNMeM is disabled, cuDNN not available)
[2016-12-19 16:18:23,042] >> Training started
[2016-12-19 16:19:44,972] >> epoch 0/10000, average cost 129.390320
[2016-12-19 16:21:23,661] >> epoch 0/20000, average cost 126.677788
[2016-12-19 16:22:43,796] >> epoch 0/30000, average cost 125.934128
[2016-12-19 16:24:37,502] >> epoch 0/40000, average cost 125.534935
[2016-12-19 16:26:00,365] >> epoch 0/50000, average cost 125.448990
[2016-12-19 16:27:44,873] >> epoch 0/60000, average cost 125.110748
[2016-12-19 16:29:10,772] >> epoch 0/70000, average cost 124.994476
[2016-12-19 16:30:53,059] >> epoch 0/80000, average cost 124.953629
[2016-12-19 16:32:21,219] >> epoch 0/90000, average cost 124.993477
[2016-12-19 16:34:01,110] >> epoch 0/100000, average cost 124.827934
[2016-12-19 16:35:31,383] >> epoch 0/110000, average cost 124.842415
[2016-12-19 16:37:08,599] >> epoch 0/120000, average cost 124.940315
[2016-12-19 16:38:41,863] >> epoch 0/130000, average cost 124.920921
[2016-12-19 16:40:17,941] >> epoch 0/140000, average cost 124.965279
[2016-12-19 16:42:00,944] >> epoch 0/150000, average cost 124.873451
[2016-12-19 16:43:24,882] >> epoch 0/160000, average cost 124.681091
[2016-12-19 16:45:08,316] >> epoch 0/170000, average cost 124.700539
[2016-12-19 16:46:36,291] >> epoch 0/180000, average cost 124.864601
[2016-12-19 16:48:14,210] >> epoch 0/190000, average cost 124.578972
[2016-12-19 16:49:49,820] >> epoch 0/200000, average cost 124.862587
[2016-12-19 16:51:12,032] >> epoch 0/210000, average cost 124.766777
[2016-12-19 16:52:47,096] >> epoch 0/220000, average cost 124.830551
[2016-12-19 16:54:13,856] >> epoch 0/230000, average cost 124.769211
[2016-12-19 16:55:46,165] >> epoch 0/240000, average cost 124.799591
[2016-12-19 16:57:11,477] >> epoch 0/250000, average cost 124.476875
[2016-12-19 16:58:42,550] >> epoch 0/260000, average cost 124.467873
[2016-12-19 17:00:09,151] >> epoch 0/270000, average cost 124.646790
[2016-12-19 17:01:41,155] >> epoch 0/280000, average cost 124.676521
[2016-12-19 17:03:09,159] >> epoch 0/290000, average cost 124.656502
[2016-12-19 17:04:39,336] >> epoch 0/300000, average cost 124.586090
[2016-12-19 17:06:11,631] >> epoch 0/310000, average cost 124.631638
[2016-12-19 17:07:40,479] >> epoch 0/320000, average cost 124.245071
[2016-12-19 17:08:51,702] >> epoch 0/330000, average cost 124.683578
[2016-12-19 17:09:16,161] >> epoch 1/333330, average cost 125.037361
[2016-12-19 17:11:43,399] >> epoch 1/350000, average cost 124.634834
[2016-12-19 17:13:25,697] >> epoch 1/360000, average cost 124.527016
[2016-12-19 17:14:59,533] >> epoch 1/370000, average cost 124.149811
[2016-12-19 17:16:39,487] >> epoch 1/380000, average cost 124.472237
[2016-12-19 17:18:06,640] >> epoch 1/390000, average cost 124.273178
[2016-12-19 17:19:45,167] >> epoch 1/400000, average cost 124.147148
[2016-12-19 17:21:25,743] >> epoch 1/410000, average cost 124.165649
[2016-12-19 17:23:05,851] >> epoch 1/420000, average cost 124.414711
[2016-12-19 17:24:38,408] >> epoch 1/430000, average cost 124.106003
[2016-12-19 17:26:17,463] >> epoch 1/440000, average cost 124.198441
[2016-12-19 17:27:48,224] >> epoch 1/450000, average cost 124.252922
[2016-12-19 17:29:25,712] >> epoch 1/460000, average cost 124.392921
[2016-12-19 17:30:57,219] >> epoch 1/470000, average cost 124.366653
[2016-12-19 17:32:34,493] >> epoch 1/480000, average cost 124.318802
[2016-12-19 17:34:18,985] >> epoch 1/490000, average cost 124.132324
[2016-12-19 17:35:43,080] >> epoch 1/500000, average cost 124.212997
[2016-12-19 17:37:27,306] >> epoch 1/510000, average cost 124.312622
[2016-12-19 17:39:05,655] >> epoch 1/520000, average cost 124.114151
[2016-12-19 17:40:32,208] >> epoch 1/530000, average cost 124.248047
[2016-12-19 17:42:11,454] >> epoch 1/540000, average cost 124.308800
[2016-12-19 17:43:38,043] >> epoch 1/550000, average cost 124.348549
[2016-12-19 17:45:09,809] >> epoch 1/560000, average cost 124.241096
[2016-12-19 17:47:03,459] >> epoch 1/570000, average cost 124.379951
[2016-12-19 17:49:20,496] >> epoch 1/580000, average cost 124.069351
[2016-12-19 17:51:20,319] >> epoch 1/590000, average cost 123.987785
[2016-12-19 17:52:56,368] >> epoch 1/600000, average cost 124.147987
[2016-12-19 17:54:18,649] >> epoch 1/610000, average cost 124.160004
[2016-12-19 17:55:47,706] >> epoch 1/620000, average cost 124.235573
[2016-12-19 17:57:16,208] >> epoch 1/630000, average cost 124.141426
[2016-12-19 17:58:44,504] >> epoch 1/640000, average cost 124.296585
[2016-12-19 18:00:15,384] >> epoch 1/650000, average cost 123.773087
[2016-12-19 18:01:34,477] >> epoch 1/660000, average cost 124.095703
[2016-12-19 18:02:23,119] >> epoch 2/666660, average cost 124.246735
[2016-12-19 18:04:27,712] >> epoch 2/680000, average cost 124.314339
[2016-12-19 18:05:50,674] >> epoch 2/690000, average cost 123.990509
[2016-12-19 18:07:33,662] >> epoch 2/700000, average cost 123.750298
[2016-12-19 18:08:57,200] >> epoch 2/710000, average cost 124.048752
[2016-12-19 18:10:41,106] >> epoch 2/720000, average cost 123.938522
[2016-12-19 18:12:04,020] >> epoch 2/730000, average cost 123.729225
[2016-12-19 18:13:56,323] >> epoch 2/740000, average cost 123.790527
[2016-12-19 18:15:22,016] >> epoch 2/750000, average cost 123.945900
[2016-12-19 18:16:58,945] >> epoch 2/760000, average cost 123.724426
[2016-12-19 18:18:27,272] >> epoch 2/770000, average cost 123.784897
[2016-12-19 18:20:02,493] >> epoch 2/780000, average cost 123.837685
[2016-12-19 18:21:45,531] >> epoch 2/790000, average cost 124.007050
[2016-12-19 18:23:54,578] >> epoch 2/800000, average cost 123.910698
[2016-12-19 18:26:10,056] >> epoch 2/810000, average cost 123.961189
[2016-12-19 18:27:51,875] >> epoch 2/820000, average cost 123.839264
[2016-12-19 18:30:09,523] >> epoch 2/830000, average cost 123.823685
[2016-12-19 18:31:46,745] >> epoch 2/840000, average cost 123.842735
[2016-12-19 18:33:58,111] >> epoch 2/850000, average cost 123.867271
[2016-12-19 18:35:22,496] >> epoch 2/860000, average cost 123.743675
[2016-12-19 18:36:37,964] >> epoch 2/870000, average cost 123.983452
