[2016-11-23 07:37:15,162] >> Loading model
[2016-11-23 07:37:15,933] >> Loading datasets
[2016-11-23 07:37:15,942] >> Reconstruction training started with arguments:
{'activation_noise': None,
 'adadelta': False,
 'adadelta_epsilon': '1e-6',
 'adadelta_rho': '0.95',
 'adagrad': False,
 'adagrad_decay': False,
 'batch_size': 128,
 'ce_sparsity': 0.01,
 'ce_sparsity_weight': 0.0,
 'compound': False,
 'corruption_level': 0.2,
 'datasets': (DatasetContainer [PFileStreamDataset@/export/data1/data/ddraper/train.4.pfile],
              DatasetContainer [],
              DatasetContainer []),
 'epochs': 50,
 'fix_layers': [],
 'graph': False,
 'hooks': [],
 'l1_reg': '0.0',
 'l2_reg': '0.0',
 'layer_args': {},
 'layers': [1],
 'learning_rate': '0.01',
 'loss': u'mse',
 'minibatches': 2000000,
 'momentum': '',
 'noise': 'mask',
 'sparsity': 0.05,
 'sparsity_weight': 0.0,
 'validate': False,
 'verbosity': 1,
 'warn': False}
[2016-11-23 07:37:15,942] >> Reconstruction training started with da:
{'hidden_activation': u'sigmoid',
 u'loss': u'mse',
 'n_hidden': 1000,
 'n_visible': 966,
 'tied_weights': True,
 'visible_activation': u'tanh'}
[2016-11-23 07:37:15,942] >> Compiling theano graph
Using gpu device 0: Tesla M2075 (CNMeM is disabled, cuDNN not available)
[2016-11-23 07:37:37,847] >> Training started
[2016-11-23 07:38:45,756] >> epoch 0/10000, average cost 89.655762
[2016-11-23 07:40:42,907] >> epoch 0/20000, average cost 42.069607
[2016-11-23 07:42:08,958] >> epoch 0/30000, average cost 28.737968
[2016-11-23 07:44:05,193] >> epoch 0/40000, average cost 23.038719
[2016-11-23 07:45:28,614] >> epoch 0/50000, average cost 20.965561
[2016-11-23 07:47:09,824] >> epoch 0/60000, average cost 19.779009
[2016-11-23 07:48:08,358] >> epoch 0/70000, average cost 18.482662
[2016-11-23 07:49:23,683] >> epoch 0/80000, average cost 17.816059
[2016-11-23 07:50:25,365] >> epoch 0/90000, average cost 17.655779
[2016-11-23 07:51:44,674] >> epoch 0/100000, average cost 17.547554
[2016-11-23 07:52:46,937] >> epoch 0/110000, average cost 17.413179
[2016-11-23 07:54:08,321] >> epoch 0/120000, average cost 17.313021
[2016-11-23 07:55:09,288] >> epoch 0/130000, average cost 17.164799
[2016-11-23 07:56:30,824] >> epoch 0/140000, average cost 17.136948
[2016-11-23 07:57:50,785] >> epoch 0/150000, average cost 17.031828
[2016-11-23 07:58:48,324] >> epoch 0/160000, average cost 16.962938
[2016-11-23 08:00:01,448] >> epoch 0/170000, average cost 16.912344
[2016-11-23 08:00:59,428] >> epoch 0/180000, average cost 16.796604
[2016-11-23 08:01:16,185] >> epoch 1/183474, average cost 23.887835
[2016-11-23 08:03:49,522] >> epoch 1/200000, average cost 16.677885
[2016-11-23 08:06:01,667] >> epoch 1/210000, average cost 16.593109
[2016-11-23 08:07:19,480] >> epoch 1/220000, average cost 16.519560
[2016-11-23 08:09:22,816] >> epoch 1/230000, average cost 16.455891
[2016-11-23 08:10:46,472] >> epoch 1/240000, average cost 16.440157
[2016-11-23 08:12:04,324] >> epoch 1/250000, average cost 16.443436
[2016-11-23 08:13:03,033] >> epoch 1/260000, average cost 16.300116
[2016-11-23 08:14:19,232] >> epoch 1/270000, average cost 16.280085
[2016-11-23 08:15:22,544] >> epoch 1/280000, average cost 16.220491
[2016-11-23 08:16:44,976] >> epoch 1/290000, average cost 16.212563
[2016-11-23 08:17:49,447] >> epoch 1/300000, average cost 16.131851
[2016-11-23 08:19:12,852] >> epoch 1/310000, average cost 16.032669
[2016-11-23 08:20:15,966] >> epoch 1/320000, average cost 16.028801
[2016-11-23 08:21:34,956] >> epoch 1/330000, average cost 16.062397
[2016-11-23 08:22:51,864] >> epoch 1/340000, average cost 15.992861
[2016-11-23 08:23:53,633] >> epoch 1/350000, average cost 15.952587
[2016-11-23 08:25:17,856] >> epoch 1/360000, average cost 15.954606
[2016-11-23 08:25:44,868] >> epoch 2/366948, average cost 16.255281
[2016-11-23 08:28:08,209] >> epoch 2/380000, average cost 15.891191
[2016-11-23 08:29:30,743] >> epoch 2/390000, average cost 15.839081
[2016-11-23 08:31:36,107] >> epoch 2/400000, average cost 15.795898
[2016-11-23 08:32:56,078] >> epoch 2/410000, average cost 15.765070
[2016-11-23 08:35:00,498] >> epoch 2/420000, average cost 15.743157
[2016-11-23 08:36:00,085] >> epoch 2/430000, average cost 15.803256
[2016-11-23 08:37:50,322] >> epoch 2/440000, average cost 15.709596
[2016-11-23 08:39:22,366] >> epoch 2/450000, average cost 15.667340
[2016-11-23 08:41:43,873] >> epoch 2/460000, average cost 15.644590
[2016-11-23 08:43:26,497] >> epoch 2/470000, average cost 15.662322
[2016-11-23 08:45:52,741] >> epoch 2/480000, average cost 15.568499
[2016-11-23 08:47:39,598] >> epoch 2/490000, average cost 15.541183
[2016-11-23 08:49:00,788] >> epoch 2/500000, average cost 15.523719
[2016-11-23 08:50:04,401] >> epoch 2/510000, average cost 15.576544
[2016-11-23 08:51:28,525] >> epoch 2/520000, average cost 15.501706
[2016-11-23 08:52:47,846] >> epoch 2/530000, average cost 15.496434
[2016-11-23 08:53:47,879] >> epoch 2/540000, average cost 15.538272
[2016-11-23 08:54:45,775] >> epoch 2/550000, average cost 15.453030
[2016-11-23 08:54:47,340] >> epoch 3/550422, average cost 15.654856
[2016-11-23 08:58:24,803] >> epoch 3/570000, average cost 15.450934
[2016-11-23 08:59:49,930] >> epoch 3/580000, average cost 15.416906
[2016-11-23 09:01:54,835] >> epoch 3/590000, average cost 15.398019
[2016-11-23 09:03:23,037] >> epoch 3/600000, average cost 15.375287
[2016-11-23 09:05:25,875] >> epoch 3/610000, average cost 15.413103
[2016-11-23 09:07:08,312] >> epoch 3/620000, average cost 15.404520
[2016-11-23 09:09:37,575] >> epoch 3/630000, average cost 15.316216
[2016-11-23 09:11:23,090] >> epoch 3/640000, average cost 15.321997
[2016-11-23 09:13:49,860] >> epoch 3/650000, average cost 15.319843
[2016-11-23 09:15:38,721] >> epoch 3/660000, average cost 15.279627
[2016-11-23 09:18:12,234] >> epoch 3/670000, average cost 15.268289
[2016-11-23 09:19:31,208] >> epoch 3/680000, average cost 15.199841
[2016-11-23 09:20:44,165] >> epoch 3/690000, average cost 15.242574
[2016-11-23 09:21:47,939] >> epoch 3/700000, average cost 15.232114
[2016-11-23 09:23:53,653] >> epoch 3/710000, average cost 15.226425
[2016-11-23 09:26:12,414] >> epoch 3/720000, average cost 15.241139
[2016-11-23 09:27:42,502] >> epoch 3/730000, average cost 15.198983
[2016-11-23 09:27:58,074] >> epoch 4/733896, average cost 15.317334
[2016-11-23 09:31:58,967] >> epoch 4/750000, average cost 15.192434
[2016-11-23 09:35:04,961] >> epoch 4/760000, average cost 15.162432
[2016-11-23 09:36:44,207] >> epoch 4/770000, average cost 15.137188
[2016-11-23 09:38:55,924] >> epoch 4/780000, average cost 15.122168
[2016-11-23 09:40:16,994] >> epoch 4/790000, average cost 15.136247
[2016-11-23 09:42:01,566] >> epoch 4/800000, average cost 15.179563
[2016-11-23 09:43:23,503] >> epoch 4/810000, average cost 15.080425
[2016-11-23 09:45:49,709] >> epoch 4/820000, average cost 15.084019
[2016-11-23 09:47:24,516] >> epoch 4/830000, average cost 15.064211
[2016-11-23 09:48:38,535] >> epoch 4/840000, average cost 15.090798
[2016-11-23 09:49:40,061] >> epoch 4/850000, average cost 15.029272
[2016-11-23 09:51:00,193] >> epoch 4/860000, average cost 14.969336
[2016-11-23 09:52:01,164] >> epoch 4/870000, average cost 14.990870
[2016-11-23 09:53:23,208] >> epoch 4/880000, average cost 15.040328
[2016-11-23 09:54:25,610] >> epoch 4/890000, average cost 14.999986
[2016-11-23 09:55:43,922] >> epoch 4/900000, average cost 14.991754
[2016-11-23 09:57:03,585] >> epoch 4/910000, average cost 15.015052
[2016-11-23 09:57:31,724] >> epoch 5/917370, average cost 15.074227
[2016-11-23 09:59:25,176] >> epoch 5/930000, average cost 14.980828
[2016-11-23 10:01:17,084] >> epoch 5/940000, average cost 14.949221
[2016-11-23 10:03:17,214] >> epoch 5/950000, average cost 14.927019
[2016-11-23 10:04:54,294] >> epoch 5/960000, average cost 14.914931
[2016-11-23 10:07:52,065] >> epoch 5/970000, average cost 14.905033
[2016-11-23 10:09:29,168] >> epoch 5/980000, average cost 14.965230
[2016-11-23 10:11:43,102] >> epoch 5/990000, average cost 14.903423
[2016-11-23 10:13:19,283] >> epoch 5/1000000, average cost 14.868176
[2016-11-23 10:15:36,779] >> epoch 5/1010000, average cost 14.859385
[2016-11-23 10:17:10,663] >> epoch 5/1020000, average cost 14.890217
[2016-11-23 10:19:27,231] >> epoch 5/1030000, average cost 14.810503
[2016-11-23 10:20:58,265] >> epoch 5/1040000, average cost 14.794816
[2016-11-23 10:22:21,406] >> epoch 5/1050000, average cost 14.785764
[2016-11-23 10:23:20,386] >> epoch 5/1060000, average cost 14.833083
[2016-11-23 10:24:38,234] >> epoch 5/1070000, average cost 14.783064
[2016-11-23 10:25:35,241] >> epoch 5/1080000, average cost 14.781204
[2016-11-23 10:26:51,608] >> epoch 5/1090000, average cost 14.825028
[2016-11-23 10:27:51,461] >> epoch 5/1100000, average cost 14.751848
[2016-11-23 10:27:55,280] >> epoch 6/1100844, average cost 14.863636
[2016-11-23 10:30:33,064] >> epoch 6/1120000, average cost 14.756518
[2016-11-23 10:32:38,569] >> epoch 6/1130000, average cost 14.730494
[2016-11-23 10:34:42,225] >> epoch 6/1140000, average cost 14.713723
[2016-11-23 10:36:03,105] >> epoch 6/1150000, average cost 14.697411
[2016-11-23 10:37:45,470] >> epoch 6/1160000, average cost 14.732314
[2016-11-23 10:38:44,247] >> epoch 6/1170000, average cost 14.736374
[2016-11-23 10:39:54,792] >> epoch 6/1180000, average cost 14.656277
[2016-11-23 10:40:55,333] >> epoch 6/1190000, average cost 14.659187
[2016-11-23 10:42:11,540] >> epoch 6/1200000, average cost 14.660044
[2016-11-23 10:43:12,108] >> epoch 6/1210000, average cost 14.633003
[2016-11-23 10:44:25,472] >> epoch 6/1220000, average cost 14.618183
[2016-11-23 10:45:28,346] >> epoch 6/1230000, average cost 14.555511
[2016-11-23 10:46:49,195] >> epoch 6/1240000, average cost 14.593147
[2016-11-23 10:47:52,337] >> epoch 6/1250000, average cost 14.591741
[2016-11-23 10:49:08,291] >> epoch 6/1260000, average cost 14.583806
[2016-11-23 10:50:08,808] >> epoch 6/1270000, average cost 14.595695
[2016-11-23 10:51:28,852] >> epoch 6/1280000, average cost 14.564133
[2016-11-23 10:51:45,179] >> epoch 7/1284318, average cost 14.654548
[2016-11-23 10:54:20,735] >> epoch 7/1300000, average cost 14.548686
[2016-11-23 10:55:42,391] >> epoch 7/1310000, average cost 14.529838
[2016-11-23 10:57:48,638] >> epoch 7/1320000, average cost 14.499825
[2016-11-23 10:59:51,383] >> epoch 7/1330000, average cost 14.490956
[2016-11-23 11:01:12,265] >> epoch 7/1340000, average cost 14.494273
[2016-11-23 11:02:34,187] >> epoch 7/1350000, average cost 14.547991
[2016-11-23 11:03:32,567] >> epoch 7/1360000, average cost 14.452662
[2016-11-23 11:04:52,330] >> epoch 7/1370000, average cost 14.450367
[2016-11-23 11:05:53,100] >> epoch 7/1380000, average cost 14.437392
[2016-11-23 11:07:10,692] >> epoch 7/1390000, average cost 14.465550
[2016-11-23 11:08:10,427] >> epoch 7/1400000, average cost 14.394714
[2016-11-23 11:09:24,930] >> epoch 7/1410000, average cost 14.353117
[2016-11-23 11:10:26,295] >> epoch 7/1420000, average cost 14.365405
[2016-11-23 11:11:46,753] >> epoch 7/1430000, average cost 14.415338
[2016-11-23 11:12:47,924] >> epoch 7/1440000, average cost 14.374819
[2016-11-23 11:14:04,422] >> epoch 7/1450000, average cost 14.368279
[2016-11-23 11:15:03,751] >> epoch 7/1460000, average cost 14.393185
[2016-11-23 11:15:53,542] >> epoch 8/1467792, average cost 14.443950
[2016-11-23 11:17:44,489] >> epoch 8/1480000, average cost 14.352294
[2016-11-23 11:19:34,367] >> epoch 8/1490000, average cost 14.333659
[2016-11-23 11:21:01,095] >> epoch 8/1500000, average cost 14.308036
[2016-11-23 11:23:04,489] >> epoch 8/1510000, average cost 14.298035
[2016-11-23 11:25:06,680] >> epoch 8/1520000, average cost 14.282784
[2016-11-23 11:26:08,592] >> epoch 8/1530000, average cost 14.346626
[2016-11-23 11:27:27,843] >> epoch 8/1540000, average cost 14.294178
[2016-11-23 11:28:26,962] >> epoch 8/1550000, average cost 14.253179
[2016-11-23 11:29:47,311] >> epoch 8/1560000, average cost 14.249225
[2016-11-23 11:30:48,499] >> epoch 8/1570000, average cost 14.273479
[2016-11-23 11:32:11,581] >> epoch 8/1580000, average cost 14.213165
[2016-11-23 11:33:18,322] >> epoch 8/1590000, average cost 14.197180
[2016-11-23 11:34:47,640] >> epoch 8/1600000, average cost 14.183877
[2016-11-23 11:35:49,550] >> epoch 8/1610000, average cost 14.228870
[2016-11-23 11:37:11,007] >> epoch 8/1620000, average cost 14.192263
[2016-11-23 11:38:10,097] >> epoch 8/1630000, average cost 14.188022
[2016-11-23 11:39:32,895] >> epoch 8/1640000, average cost 14.232656
[2016-11-23 11:40:33,827] >> epoch 8/1650000, average cost 14.173697
[2016-11-23 11:40:39,636] >> epoch 9/1651266, average cost 14.255847
[2016-11-23 11:43:34,167] >> epoch 9/1670000, average cost 14.174829
[2016-11-23 11:45:44,217] >> epoch 9/1680000, average cost 14.155643
[2016-11-23 11:47:02,780] >> epoch 9/1690000, average cost 14.137250
[2016-11-23 11:49:08,394] >> epoch 9/1700000, average cost 14.131745
[2016-11-23 11:50:54,631] >> epoch 9/1710000, average cost 14.158688
[2016-11-23 11:51:55,042] >> epoch 9/1720000, average cost 14.177544
[2016-11-23 11:53:10,716] >> epoch 9/1730000, average cost 14.096232
[2016-11-23 11:54:12,865] >> epoch 9/1740000, average cost 14.106650
[2016-11-23 11:55:24,776] >> epoch 9/1750000, average cost 14.105292
[2016-11-23 11:56:20,069] >> epoch 9/1760000, average cost 14.095400
[2016-11-23 11:57:34,711] >> epoch 9/1770000, average cost 14.073478
[2016-11-23 11:58:31,035] >> epoch 9/1780000, average cost 14.018642
[2016-11-23 11:59:40,884] >> epoch 9/1790000, average cost 14.056305
[2016-11-23 12:00:40,183] >> epoch 9/1800000, average cost 14.063423
[2016-11-23 12:01:51,545] >> epoch 9/1810000, average cost 14.059189
[2016-11-23 12:02:47,566] >> epoch 9/1820000, average cost 14.070964
[2016-11-23 12:04:01,467] >> epoch 9/1830000, average cost 14.052691
[2016-11-23 12:04:19,177] >> epoch 10/1834740, average cost 14.103470
[2016-11-23 12:07:11,478] >> epoch 10/1850000, average cost 14.042250
[2016-11-23 12:08:29,943] >> epoch 10/1860000, average cost 14.017781
[2016-11-23 12:10:29,788] >> epoch 10/1870000, average cost 14.000819
[2016-11-23 12:11:49,272] >> epoch 10/1880000, average cost 13.995372
[2016-11-23 12:13:50,070] >> epoch 10/1890000, average cost 14.001475
[2016-11-23 12:15:03,217] >> epoch 10/1900000, average cost 14.058208
[2016-11-23 12:15:57,484] >> epoch 10/1910000, average cost 13.969300
[2016-11-23 12:17:09,805] >> epoch 10/1920000, average cost 13.966268
[2016-11-23 12:18:04,764] >> epoch 10/1930000, average cost 13.958047
[2016-11-23 12:19:20,799] >> epoch 10/1940000, average cost 13.993014
[2016-11-23 12:20:18,899] >> epoch 10/1950000, average cost 13.922841
[2016-11-23 12:21:36,096] >> epoch 10/1960000, average cost 13.891051
[2016-11-23 12:22:31,526] >> epoch 10/1970000, average cost 13.910851
[2016-11-23 12:23:47,516] >> epoch 10/1980000, average cost 13.959186
[2016-11-23 12:24:42,945] >> epoch 10/1990000, average cost 13.924026
[2016-11-23 12:25:55,529] >> epoch 10/2000000, average cost 13.923121
[2016-11-23 12:25:55,544] >> epoch 11/2000000, average cost 13.973259
[2016-11-23 12:25:55,562] >> Training finished in 4:48:17.713918
[2016-11-23 12:26:27,640] >> Loading model
[2016-11-23 12:26:28,284] >> Loading datasets
[2016-11-23 12:26:28,301] >> Reconstruction training started with arguments:
{'activation_noise': None,
 'adadelta': False,
 'adadelta_epsilon': '1e-6',
 'adadelta_rho': '0.95',
 'adagrad': False,
 'adagrad_decay': False,
 'batch_size': 128,
 'ce_sparsity': 0.01,
 'ce_sparsity_weight': 0.0,
 'compound': False,
 'corruption_level': 0.2,
 'datasets': (DatasetContainer [PFileStreamDataset@/export/data1/data/ddraper/train.4.pfile],
              DatasetContainer [],
              DatasetContainer []),
 'epochs': 50,
 'fix_layers': [],
 'graph': False,
 'hooks': [],
 'l1_reg': '0.0',
 'l2_reg': '0.0',
 'layer_args': {1: {}},
 'layers': [2],
 'learning_rate': '0.01',
 'loss': 'crossentropy',
 'minibatches': 2000000,
 'momentum': '',
 'noise': 'mask',
 'sparsity': 0.05,
 'sparsity_weight': 0.0,
 'validate': False,
 'verbosity': 1,
 'warn': False}
[2016-11-23 12:26:28,301] >> Reconstruction training started with da:
{'hidden_activation': u'sigmoid',
 'n_hidden': 1000,
 'n_visible': 1000,
 'tied_weights': True,
 'visible_activation': u'sigmoid'}
[2016-11-23 12:26:28,301] >> Compiling theano graph
Using gpu device 0: Tesla M2075 (CNMeM is disabled, cuDNN not available)
[2016-11-23 12:27:29,949] >> Training started
[2016-11-23 12:28:30,328] >> epoch 0/10000, average cost 282.112091
[2016-11-23 12:30:19,742] >> epoch 0/20000, average cost 277.144073
[2016-11-23 12:31:43,856] >> epoch 0/30000, average cost 276.248718
[2016-11-23 12:33:41,544] >> epoch 0/40000, average cost 275.642670
[2016-11-23 12:35:03,693] >> epoch 0/50000, average cost 275.298981
[2016-11-23 12:36:41,263] >> epoch 0/60000, average cost 275.496033
[2016-11-23 12:37:40,516] >> epoch 0/70000, average cost 275.135010
[2016-11-23 12:38:56,558] >> epoch 0/80000, average cost 274.653076
[2016-11-23 12:39:56,547] >> epoch 0/90000, average cost 274.701111
[2016-11-23 12:41:11,809] >> epoch 0/100000, average cost 274.768005
[2016-11-23 12:42:11,788] >> epoch 0/110000, average cost 274.760590
[2016-11-23 12:43:28,700] >> epoch 0/120000, average cost 274.500366
[2016-11-23 12:44:29,002] >> epoch 0/130000, average cost 274.196808
[2016-11-23 12:45:44,261] >> epoch 0/140000, average cost 274.642914
[2016-11-23 12:46:59,948] >> epoch 0/150000, average cost 274.434143
[2016-11-23 12:47:59,344] >> epoch 0/160000, average cost 274.571411
[2016-11-23 12:49:16,745] >> epoch 0/170000, average cost 274.896149
[2016-11-23 12:50:16,993] >> epoch 0/180000, average cost 274.755951
[2016-11-23 12:50:31,903] >> epoch 1/183474, average cost 275.427094
[2016-11-23 12:53:27,321] >> epoch 1/200000, average cost 274.626862
[2016-11-23 12:55:31,899] >> epoch 1/210000, average cost 274.790710
[2016-11-23 12:56:49,499] >> epoch 1/220000, average cost 274.451263
[2016-11-23 12:58:53,282] >> epoch 1/230000, average cost 274.362244
[2016-11-23 13:00:16,470] >> epoch 1/240000, average cost 274.750061
[2016-11-23 13:01:34,466] >> epoch 1/250000, average cost 274.707062
[2016-11-23 13:02:36,129] >> epoch 1/260000, average cost 274.109650
[2016-11-23 13:03:54,420] >> epoch 1/270000, average cost 274.391357
[2016-11-23 13:04:55,713] >> epoch 1/280000, average cost 274.070099
[2016-11-23 13:06:14,678] >> epoch 1/290000, average cost 274.594543
[2016-11-23 13:07:17,362] >> epoch 1/300000, average cost 274.339935
[2016-11-23 13:08:35,614] >> epoch 1/310000, average cost 273.676941
[2016-11-23 13:09:37,830] >> epoch 1/320000, average cost 274.205505
[2016-11-23 13:10:54,755] >> epoch 1/330000, average cost 274.481720
[2016-11-23 13:12:12,696] >> epoch 1/340000, average cost 274.287415
[2016-11-23 13:13:14,160] >> epoch 1/350000, average cost 274.416809
[2016-11-23 13:14:33,360] >> epoch 1/360000, average cost 274.746246
[2016-11-23 13:15:03,549] >> epoch 2/366948, average cost 274.426575
[2016-11-23 13:17:45,932] >> epoch 2/380000, average cost 274.561157
[2016-11-23 13:19:07,518] >> epoch 2/390000, average cost 274.531097
[2016-11-23 13:21:10,085] >> epoch 2/400000, average cost 274.381287
[2016-11-23 13:22:33,255] >> epoch 2/410000, average cost 274.313904
[2016-11-23 13:24:34,715] >> epoch 2/420000, average cost 274.445465
[2016-11-23 13:25:37,723] >> epoch 2/430000, average cost 274.672241
[2016-11-23 13:26:55,030] >> epoch 2/440000, average cost 274.205200
[2016-11-23 13:27:56,456] >> epoch 2/450000, average cost 274.161316
[2016-11-23 13:29:14,455] >> epoch 2/460000, average cost 273.978058
[2016-11-23 13:30:16,921] >> epoch 2/470000, average cost 274.471802
[2016-11-23 13:31:35,437] >> epoch 2/480000, average cost 274.159241
[2016-11-23 13:32:36,277] >> epoch 2/490000, average cost 273.765991
[2016-11-23 13:33:53,171] >> epoch 2/500000, average cost 274.040985
[2016-11-23 13:34:53,249] >> epoch 2/510000, average cost 274.470215
[2016-11-23 13:36:08,664] >> epoch 2/520000, average cost 274.024597
[2016-11-23 13:37:25,529] >> epoch 2/530000, average cost 274.149475
[2016-11-23 13:38:24,849] >> epoch 2/540000, average cost 274.783356
[2016-11-23 13:39:24,735] >> epoch 2/550000, average cost 274.388702
[2016-11-23 13:39:26,511] >> epoch 3/550422, average cost 274.311615
[2016-11-23 13:43:12,871] >> epoch 3/570000, average cost 274.354218
[2016-11-23 13:44:38,591] >> epoch 3/580000, average cost 274.500610
[2016-11-23 13:46:36,072] >> epoch 3/590000, average cost 274.284912
[2016-11-23 13:47:58,285] >> epoch 3/600000, average cost 274.216370
[2016-11-23 13:49:36,207] >> epoch 3/610000, average cost 274.557404
[2016-11-23 13:50:34,992] >> epoch 3/620000, average cost 274.369385
[2016-11-23 13:51:51,207] >> epoch 3/630000, average cost 273.928986
[2016-11-23 13:52:50,918] >> epoch 3/640000, average cost 274.095947
[2016-11-23 13:54:06,562] >> epoch 3/650000, average cost 274.126160
[2016-11-23 13:55:07,456] >> epoch 3/660000, average cost 274.252869
[2016-11-23 13:56:24,170] >> epoch 3/670000, average cost 274.038391
[2016-11-23 13:57:25,179] >> epoch 3/680000, average cost 273.720337
[2016-11-23 13:58:41,466] >> epoch 3/690000, average cost 274.182770
[2016-11-23 13:59:41,803] >> epoch 3/700000, average cost 274.080383
[2016-11-23 14:00:56,532] >> epoch 3/710000, average cost 274.194122
[2016-11-23 14:02:12,756] >> epoch 3/720000, average cost 274.530304
[2016-11-23 14:03:13,117] >> epoch 3/730000, average cost 274.447815
[2016-11-23 14:03:29,787] >> epoch 4/733896, average cost 274.245148
[2016-11-23 14:06:18,481] >> epoch 4/750000, average cost 274.342010
[2016-11-23 14:08:19,897] >> epoch 4/760000, average cost 274.507416
[2016-11-23 14:09:37,810] >> epoch 4/770000, average cost 274.156769
[2016-11-23 14:11:40,415] >> epoch 4/780000, average cost 274.096313
[2016-11-23 14:13:00,608] >> epoch 4/790000, average cost 274.478943
[2016-11-23 14:14:16,579] >> epoch 4/800000, average cost 274.502838
[2016-11-23 14:15:14,707] >> epoch 4/810000, average cost 273.880829
[2016-11-23 14:16:30,315] >> epoch 4/820000, average cost 274.154755
[2016-11-23 14:17:28,668] >> epoch 4/830000, average cost 273.834564
[2016-11-23 14:18:45,730] >> epoch 4/840000, average cost 274.406250
[2016-11-23 14:19:44,715] >> epoch 4/850000, average cost 274.103058
[2016-11-23 14:21:01,777] >> epoch 4/860000, average cost 273.495514
[2016-11-23 14:22:00,418] >> epoch 4/870000, average cost 273.974213
[2016-11-23 14:23:15,913] >> epoch 4/880000, average cost 274.298187
[2016-11-23 14:24:18,079] >> epoch 4/890000, average cost 274.087189
[2016-11-23 14:25:31,012] >> epoch 4/900000, average cost 274.180420
[2016-11-23 14:26:48,672] >> epoch 4/910000, average cost 274.601959
[2016-11-23 14:27:20,530] >> epoch 5/917370, average cost 274.195404
[2016-11-23 14:29:26,022] >> epoch 5/930000, average cost 274.390015
[2016-11-23 14:31:17,606] >> epoch 5/940000, average cost 274.333710
[2016-11-23 14:33:18,064] >> epoch 5/950000, average cost 274.232086
[2016-11-23 14:34:40,050] >> epoch 5/960000, average cost 274.146667
[2016-11-23 14:36:41,540] >> epoch 5/970000, average cost 274.266815
[2016-11-23 14:37:42,582] >> epoch 5/980000, average cost 274.501678
[2016-11-23 14:39:01,283] >> epoch 5/990000, average cost 274.073761
[2016-11-23 14:40:01,007] >> epoch 5/1000000, average cost 273.984314
[2016-11-23 14:41:20,006] >> epoch 5/1010000, average cost 273.818939
[2016-11-23 14:42:22,035] >> epoch 5/1020000, average cost 274.291931
[2016-11-23 14:43:41,329] >> epoch 5/1030000, average cost 274.004822
[2016-11-23 14:44:43,891] >> epoch 5/1040000, average cost 273.671631
[2016-11-23 14:46:02,773] >> epoch 5/1050000, average cost 273.854889
[2016-11-23 14:47:06,019] >> epoch 5/1060000, average cost 274.288727
[2016-11-23 14:48:24,743] >> epoch 5/1070000, average cost 273.898468
[2016-11-23 14:49:26,198] >> epoch 5/1080000, average cost 273.988403
[2016-11-23 14:50:43,988] >> epoch 5/1090000, average cost 274.607544
[2016-11-23 14:51:46,407] >> epoch 5/1100000, average cost 274.278656
[2016-11-23 14:51:49,943] >> epoch 6/1100844, average cost 274.151245
[2016-11-23 14:54:57,941] >> epoch 6/1120000, average cost 274.213867
[2016-11-23 14:57:04,079] >> epoch 6/1130000, average cost 274.372650
[2016-11-23 14:59:04,509] >> epoch 6/1140000, average cost 274.150543
[2016-11-23 15:00:28,162] >> epoch 6/1150000, average cost 274.038940
[2016-11-23 15:02:07,226] >> epoch 6/1160000, average cost 274.416840
[2016-11-23 15:03:08,600] >> epoch 6/1170000, average cost 274.244934
[2016-11-23 15:04:26,398] >> epoch 6/1180000, average cost 273.790314
[2016-11-23 15:05:28,334] >> epoch 6/1190000, average cost 273.972412
[2016-11-23 15:06:47,075] >> epoch 6/1200000, average cost 273.947937
[2016-11-23 15:07:48,035] >> epoch 6/1210000, average cost 274.150909
[2016-11-23 15:09:03,886] >> epoch 6/1220000, average cost 273.953339
[2016-11-23 15:10:06,327] >> epoch 6/1230000, average cost 273.524139
[2016-11-23 15:11:24,766] >> epoch 6/1240000, average cost 274.042297
[2016-11-23 15:12:20,927] >> epoch 6/1250000, average cost 273.976074
[2016-11-23 15:13:34,170] >> epoch 6/1260000, average cost 274.062408
[2016-11-23 15:14:34,235] >> epoch 6/1270000, average cost 274.353210
[2016-11-23 15:15:46,528] >> epoch 6/1280000, average cost 274.321960
[2016-11-23 15:16:04,983] >> epoch 7/1284318, average cost 274.106384
[2016-11-23 15:18:51,334] >> epoch 7/1300000, average cost 274.218811
[2016-11-23 15:20:11,022] >> epoch 7/1310000, average cost 274.363770
[2016-11-23 15:22:10,338] >> epoch 7/1320000, average cost 274.050629
[2016-11-23 15:24:11,909] >> epoch 7/1330000, average cost 273.948090
[2016-11-23 15:25:31,469] >> epoch 7/1340000, average cost 274.345245
[2016-11-23 15:26:46,770] >> epoch 7/1350000, average cost 274.388794
[2016-11-23 15:27:44,807] >> epoch 7/1360000, average cost 273.755341
[2016-11-23 15:28:59,502] >> epoch 7/1370000, average cost 274.012939
[2016-11-23 15:29:58,178] >> epoch 7/1380000, average cost 273.707306
[2016-11-23 15:31:13,629] >> epoch 7/1390000, average cost 274.254608
[2016-11-23 15:32:11,912] >> epoch 7/1400000, average cost 273.958435
[2016-11-23 15:33:28,624] >> epoch 7/1410000, average cost 273.376617
[2016-11-23 15:34:27,592] >> epoch 7/1420000, average cost 273.846527
[2016-11-23 15:35:41,765] >> epoch 7/1430000, average cost 274.188538
[2016-11-23 15:36:41,699] >> epoch 7/1440000, average cost 273.919586
[2016-11-23 15:37:54,796] >> epoch 7/1450000, average cost 274.051971
[2016-11-23 15:38:53,411] >> epoch 7/1460000, average cost 274.461914
[2016-11-23 15:39:41,908] >> epoch 8/1467792, average cost 274.062042
[2016-11-23 15:41:44,298] >> epoch 8/1480000, average cost 274.247009
[2016-11-23 15:43:33,498] >> epoch 8/1490000, average cost 274.199249
[2016-11-23 15:44:56,566] >> epoch 8/1500000, average cost 274.118835
[2016-11-23 15:46:52,384] >> epoch 8/1510000, average cost 274.024506
[2016-11-23 15:48:49,382] >> epoch 8/1520000, average cost 274.102814
[2016-11-23 15:49:47,876] >> epoch 8/1530000, average cost 274.368805
[2016-11-23 15:51:01,145] >> epoch 8/1540000, average cost 273.979340
[2016-11-23 15:51:57,497] >> epoch 8/1550000, average cost 273.812592
[2016-11-23 15:53:12,339] >> epoch 8/1560000, average cost 273.722961
[2016-11-23 15:54:09,803] >> epoch 8/1570000, average cost 274.132385
[2016-11-23 15:55:24,906] >> epoch 8/1580000, average cost 273.897675
[2016-11-23 15:56:24,621] >> epoch 8/1590000, average cost 273.578339
[2016-11-23 15:57:39,963] >> epoch 8/1600000, average cost 273.690735
[2016-11-23 15:58:37,332] >> epoch 8/1610000, average cost 274.141052
[2016-11-23 15:59:51,232] >> epoch 8/1620000, average cost 273.770752
[2016-11-23 16:00:48,799] >> epoch 8/1630000, average cost 273.889648
[2016-11-23 16:02:01,710] >> epoch 8/1640000, average cost 274.469696
[2016-11-23 16:03:01,452] >> epoch 8/1650000, average cost 274.140259
[2016-11-23 16:03:07,161] >> epoch 9/1651266, average cost 274.021362
[2016-11-23 16:06:01,984] >> epoch 9/1670000, average cost 274.098206
[2016-11-23 16:08:02,936] >> epoch 9/1680000, average cost 274.245453
[2016-11-23 16:09:19,867] >> epoch 9/1690000, average cost 274.014709
[2016-11-23 16:11:21,159] >> epoch 9/1700000, average cost 273.907074
[2016-11-23 16:12:59,336] >> epoch 9/1710000, average cost 274.300110
[2016-11-23 16:13:55,159] >> epoch 9/1720000, average cost 274.139191
[2016-11-23 16:15:07,987] >> epoch 9/1730000, average cost 273.642639
[2016-11-23 16:16:06,993] >> epoch 9/1740000, average cost 273.885437
[2016-11-23 16:17:20,805] >> epoch 9/1750000, average cost 273.792511
[2016-11-23 16:18:18,655] >> epoch 9/1760000, average cost 274.074890
[2016-11-23 16:19:34,485] >> epoch 9/1770000, average cost 273.839325
[2016-11-23 16:20:31,858] >> epoch 9/1780000, average cost 273.385651
[2016-11-23 16:21:44,656] >> epoch 9/1790000, average cost 273.887115
[2016-11-23 16:22:45,100] >> epoch 9/1800000, average cost 273.894226
[2016-11-23 16:23:57,931] >> epoch 9/1810000, average cost 273.927032
[2016-11-23 16:24:56,219] >> epoch 9/1820000, average cost 274.212280
[2016-11-23 16:26:10,588] >> epoch 9/1830000, average cost 274.234985
[2016-11-23 16:26:30,813] >> epoch 10/1834740, average cost 273.985199
[2016-11-23 16:29:10,042] >> epoch 10/1850000, average cost 274.117737
[2016-11-23 16:30:29,514] >> epoch 10/1860000, average cost 274.223511
[2016-11-23 16:32:28,239] >> epoch 10/1870000, average cost 273.949707
[2016-11-23 16:33:49,471] >> epoch 10/1880000, average cost 273.851654
[2016-11-23 16:35:49,149] >> epoch 10/1890000, average cost 274.197784
[2016-11-23 16:37:02,297] >> epoch 10/1900000, average cost 274.296234
[2016-11-23 16:38:00,677] >> epoch 10/1910000, average cost 273.658447
[2016-11-23 16:39:10,048] >> epoch 10/1920000, average cost 273.903839
[2016-11-23 16:40:06,715] >> epoch 10/1930000, average cost 273.555817
[2016-11-23 16:42:03,863] >> epoch 10/1940000, average cost 274.178223
[2016-11-23 16:43:32,594] >> epoch 10/1950000, average cost 273.819855
[2016-11-23 16:46:13,938] >> epoch 10/1960000, average cost 273.284210
[2016-11-23 16:48:13,351] >> epoch 10/1970000, average cost 273.749298
[2016-11-23 16:50:04,991] >> epoch 10/1980000, average cost 274.073486
[2016-11-23 16:52:22,332] >> epoch 10/1990000, average cost 273.776337
[2016-11-23 16:55:47,403] >> epoch 10/2000000, average cost 273.921326
[2016-11-23 16:55:47,418] >> epoch 11/2000000, average cost 273.920135
[2016-11-23 16:55:47,434] >> Training finished in 4:28:17.484330
[2016-11-23 16:56:41,111] >> Loading model
[2016-11-23 16:56:42,849] >> Loading datasets
[2016-11-23 16:56:42,864] >> Reconstruction training started with arguments:
{'activation_noise': None,
 'adadelta': False,
 'adadelta_epsilon': '1e-6',
 'adadelta_rho': '0.95',
 'adagrad': False,
 'adagrad_decay': False,
 'batch_size': 128,
 'ce_sparsity': 0.01,
 'ce_sparsity_weight': 0.0,
 'compound': False,
 'corruption_level': 0.2,
 'datasets': (DatasetContainer [PFileStreamDataset@/export/data1/data/ddraper/train.4.pfile],
              DatasetContainer [],
              DatasetContainer []),
 'epochs': 50,
 'fix_layers': [],
 'graph': False,
 'hooks': [],
 'l1_reg': '0.0',
 'l2_reg': '0.0',
 'layer_args': {1: {}, 2: {}},
 'layers': [3],
 'learning_rate': '0.01',
 'loss': 'crossentropy',
 'minibatches': 2000000,
 'momentum': '',
 'noise': 'mask',
 'sparsity': 0.05,
 'sparsity_weight': 0.0,
 'validate': False,
 'verbosity': 1,
 'warn': False}
[2016-11-23 16:56:42,865] >> Reconstruction training started with da:
{'hidden_activation': u'sigmoid',
 'n_hidden': 1000,
 'n_visible': 1000,
 'tied_weights': True,
 'visible_activation': u'sigmoid'}
[2016-11-23 16:56:42,865] >> Compiling theano graph
Using gpu device 0: Tesla M2075 (CNMeM is disabled, cuDNN not available)
[2016-11-23 16:58:25,276] >> Training started
[2016-11-23 16:59:48,827] >> epoch 0/10000, average cost 493.768555
[2016-11-23 17:02:56,784] >> epoch 0/20000, average cost 487.189697
[2016-11-23 17:05:13,139] >> epoch 0/30000, average cost 485.875336
[2016-11-23 17:08:53,723] >> epoch 0/40000, average cost 485.311646
[2016-11-23 17:11:00,075] >> epoch 0/50000, average cost 484.957886
[2016-11-23 17:14:11,539] >> epoch 0/60000, average cost 484.707001
[2016-11-23 17:15:39,086] >> epoch 0/70000, average cost 484.550293
[2016-11-23 17:17:45,012] >> epoch 0/80000, average cost 484.460510
[2016-11-23 17:19:10,859] >> epoch 0/90000, average cost 484.299561
[2016-11-23 17:21:15,660] >> epoch 0/100000, average cost 484.180298
[2016-11-23 17:23:02,804] >> epoch 0/110000, average cost 484.228241
[2016-11-23 17:25:34,507] >> epoch 0/120000, average cost 484.049591
[2016-11-23 17:27:25,610] >> epoch 0/130000, average cost 483.965088
[2016-11-23 17:29:49,606] >> epoch 0/140000, average cost 483.878143
[2016-11-23 17:32:41,396] >> epoch 0/150000, average cost 483.790009
[2016-11-23 17:34:36,035] >> epoch 0/160000, average cost 483.733002
[2016-11-23 17:37:04,826] >> epoch 0/170000, average cost 483.660736
[2016-11-23 17:38:39,148] >> epoch 0/180000, average cost 483.637756
[2016-11-23 17:38:56,590] >> epoch 1/183474, average cost 484.986786
[2016-11-23 17:43:11,097] >> epoch 1/200000, average cost 483.356537
[2016-11-23 17:46:28,629] >> epoch 1/210000, average cost 483.359650
[2016-11-23 17:48:35,048] >> epoch 1/220000, average cost 483.233887
[2016-11-23 17:52:02,323] >> epoch 1/230000, average cost 483.203888
[2016-11-23 17:53:51,030] >> epoch 1/240000, average cost 483.059052
[2016-11-23 17:55:43,635] >> epoch 1/250000, average cost 482.971161
[2016-11-23 17:57:06,207] >> epoch 1/260000, average cost 482.988892
[2016-11-23 17:59:05,358] >> epoch 1/270000, average cost 482.912201
[2016-11-23 18:00:26,150] >> epoch 1/280000, average cost 482.793793
[2016-11-23 18:02:33,079] >> epoch 1/290000, average cost 482.859802
[2016-11-23 18:04:23,975] >> epoch 1/300000, average cost 482.843048
[2016-11-23 18:06:14,287] >> epoch 1/310000, average cost 482.761597
[2016-11-23 18:08:22,461] >> epoch 1/320000, average cost 482.732391
[2016-11-23 18:11:21,405] >> epoch 1/330000, average cost 482.676849
[2016-11-23 18:13:30,774] >> epoch 1/340000, average cost 482.657288
[2016-11-23 18:15:00,268] >> epoch 1/350000, average cost 482.644257
[2016-11-23 18:16:56,366] >> epoch 1/360000, average cost 482.645386
[2016-11-23 18:17:29,801] >> epoch 2/366948, average cost 482.928406
[2016-11-23 18:21:28,556] >> epoch 2/380000, average cost 482.422241
[2016-11-23 18:23:46,754] >> epoch 2/390000, average cost 482.481964
[2016-11-23 18:26:54,812] >> epoch 2/400000, average cost 482.404358
[2016-11-23 18:29:10,367] >> epoch 2/410000, average cost 482.425049
[2016-11-23 18:32:17,667] >> epoch 2/420000, average cost 482.305542
[2016-11-23 18:33:34,190] >> epoch 2/430000, average cost 482.246185
[2016-11-23 18:35:28,528] >> epoch 2/440000, average cost 482.289856
[2016-11-23 18:36:54,793] >> epoch 2/450000, average cost 482.264252
[2016-11-23 18:38:37,349] >> epoch 2/460000, average cost 482.187195
[2016-11-23 18:40:28,810] >> epoch 2/470000, average cost 482.204193
[2016-11-23 18:42:46,987] >> epoch 2/480000, average cost 482.311188
[2016-11-23 18:44:07,717] >> epoch 2/490000, average cost 482.213898
[2016-11-23 18:46:12,554] >> epoch 2/500000, average cost 482.218048
[2016-11-23 18:48:23,188] >> epoch 2/510000, average cost 482.182098
[2016-11-23 18:50:52,836] >> epoch 2/520000, average cost 482.192444
[2016-11-23 18:53:32,807] >> epoch 2/530000, average cost 482.199463
[2016-11-23 18:54:54,164] >> epoch 2/540000, average cost 482.194946
[2016-11-23 18:56:23,872] >> epoch 2/550000, average cost 482.212097
[2016-11-23 18:56:25,956] >> epoch 3/550422, average cost 482.277679
[2016-11-23 19:02:47,650] >> epoch 3/570000, average cost 482.067841
[2016-11-23 19:05:29,243] >> epoch 3/580000, average cost 482.085236
[2016-11-23 19:08:26,571] >> epoch 3/590000, average cost 482.061005
[2016-11-23 19:10:29,148] >> epoch 3/600000, average cost 482.020386
[2016-11-23 19:13:42,949] >> epoch 3/610000, average cost 481.946045
[2016-11-23 19:15:06,337] >> epoch 3/620000, average cost 481.936340
[2016-11-23 19:17:12,081] >> epoch 3/630000, average cost 481.988708
[2016-11-23 19:19:01,086] >> epoch 3/640000, average cost 481.927490
[2016-11-23 19:21:24,243] >> epoch 3/650000, average cost 481.903503
[2016-11-23 19:23:10,732] >> epoch 3/660000, average cost 482.037994
[2016-11-23 19:26:08,438] >> epoch 3/670000, average cost 481.971008
[2016-11-23 19:27:57,002] >> epoch 3/680000, average cost 481.976410
[2016-11-23 19:30:56,185] >> epoch 3/690000, average cost 481.965302
[2016-11-23 19:32:39,563] >> epoch 3/700000, average cost 481.958405
[2016-11-23 19:34:48,049] >> epoch 3/710000, average cost 481.974243
[2016-11-23 19:37:09,779] >> epoch 3/720000, average cost 481.974457
[2016-11-23 19:38:37,200] >> epoch 3/730000, average cost 482.014313
[2016-11-23 19:38:56,903] >> epoch 4/733896, average cost 481.991638
[2016-11-23 19:43:02,347] >> epoch 4/750000, average cost 481.854950
[2016-11-23 19:46:29,885] >> epoch 4/760000, average cost 481.930847
[2016-11-23 19:48:35,528] >> epoch 4/770000, average cost 481.855408
[2016-11-23 19:51:44,176] >> epoch 4/780000, average cost 481.897156
[2016-11-23 19:53:51,664] >> epoch 4/790000, average cost 481.787262
[2016-11-23 19:56:45,949] >> epoch 4/800000, average cost 481.749115
[2016-11-23 19:58:32,412] >> epoch 4/810000, average cost 481.847107
[2016-11-23 20:01:15,687] >> epoch 4/820000, average cost 481.802185
[2016-11-23 20:03:06,178] >> epoch 4/830000, average cost 481.743713
[2016-11-23 20:06:26,539] >> epoch 4/840000, average cost 481.836395
[2016-11-23 20:08:53,059] >> epoch 4/850000, average cost 481.877350
[2016-11-23 20:12:54,520] >> epoch 4/860000, average cost 481.838257
[2016-11-23 20:15:33,452] >> epoch 4/870000, average cost 481.844910
[2016-11-23 20:19:46,903] >> epoch 4/880000, average cost 481.814758
[2016-11-23 20:22:22,962] >> epoch 4/890000, average cost 481.835541
[2016-11-23 20:25:30,621] >> epoch 4/900000, average cost 481.857635
[2016-11-23 20:28:48,751] >> epoch 4/910000, average cost 481.885315
[2016-11-23 20:29:26,908] >> epoch 5/917370, average cost 481.840302
[2016-11-23 20:33:15,423] >> epoch 5/930000, average cost 481.715912
[2016-11-23 20:37:06,075] >> epoch 5/940000, average cost 481.798615
[2016-11-23 20:40:43,806] >> epoch 5/950000, average cost 481.752502
[2016-11-23 20:42:38,273] >> epoch 5/960000, average cost 481.798798
[2016-11-23 20:46:24,782] >> epoch 5/970000, average cost 481.703888
[2016-11-23 20:48:01,809] >> epoch 5/980000, average cost 481.654999
[2016-11-23 20:50:25,796] >> epoch 5/990000, average cost 481.720886
[2016-11-23 20:51:59,899] >> epoch 5/1000000, average cost 481.714294
[2016-11-23 20:54:21,298] >> epoch 5/1010000, average cost 481.657990
[2016-11-23 20:56:05,821] >> epoch 5/1020000, average cost 481.681091
[2016-11-23 20:59:26,448] >> epoch 5/1030000, average cost 481.816162
[2016-11-23 21:01:28,939] >> epoch 5/1040000, average cost 481.733185
[2016-11-23 21:03:43,469] >> epoch 5/1050000, average cost 481.749603
[2016-11-23 21:05:14,848] >> epoch 5/1060000, average cost 481.726990
[2016-11-23 21:08:48,644] >> epoch 5/1070000, average cost 481.753937
[2016-11-23 21:10:18,427] >> epoch 5/1080000, average cost 481.759796
[2016-11-23 21:12:25,628] >> epoch 5/1090000, average cost 481.775391
[2016-11-23 21:14:03,850] >> epoch 5/1100000, average cost 481.803009
[2016-11-23 21:14:08,709] >> epoch 6/1100844, average cost 481.740112
[2016-11-23 21:18:35,385] >> epoch 6/1120000, average cost 481.674164
[2016-11-23 21:21:58,763] >> epoch 6/1130000, average cost 481.718353
[2016-11-23 21:25:19,318] >> epoch 6/1140000, average cost 481.690613
[2016-11-23 21:27:21,427] >> epoch 6/1150000, average cost 481.666412
[2016-11-23 21:30:19,089] >> epoch 6/1160000, average cost 481.601044
[2016-11-23 21:31:50,700] >> epoch 6/1170000, average cost 481.594299
[2016-11-23 21:33:58,461] >> epoch 6/1180000, average cost 481.657501
[2016-11-23 21:35:23,842] >> epoch 6/1190000, average cost 481.604553
[2016-11-23 21:37:52,126] >> epoch 6/1200000, average cost 481.583588
[2016-11-23 21:39:51,975] >> epoch 6/1210000, average cost 481.723114
[2016-11-23 21:41:51,416] >> epoch 6/1220000, average cost 481.672546
[2016-11-23 21:43:45,918] >> epoch 6/1230000, average cost 481.681061
[2016-11-23 21:47:11,492] >> epoch 6/1240000, average cost 481.677338
[2016-11-23 21:49:28,999] >> epoch 6/1250000, average cost 481.665497
[2016-11-23 21:51:42,157] >> epoch 6/1260000, average cost 481.690247
[2016-11-23 21:53:03,536] >> epoch 6/1270000, average cost 481.698608
[2016-11-23 21:55:13,248] >> epoch 6/1280000, average cost 481.747803
[2016-11-23 21:55:34,913] >> epoch 7/1284318, average cost 481.667603
[2016-11-23 22:00:01,535] >> epoch 7/1300000, average cost 481.589600
[2016-11-23 22:02:01,859] >> epoch 7/1310000, average cost 481.673553
[2016-11-23 22:05:40,195] >> epoch 7/1320000, average cost 481.608063
[2016-11-23 22:08:45,484] >> epoch 7/1330000, average cost 481.651154
[2016-11-23 22:11:16,748] >> epoch 7/1340000, average cost 481.540894
[2016-11-23 22:13:25,949] >> epoch 7/1350000, average cost 481.507751
[2016-11-23 22:14:49,038] >> epoch 7/1360000, average cost 481.610840
[2016-11-23 22:17:17,286] >> epoch 7/1370000, average cost 481.570892
[2016-11-23 22:19:18,282] >> epoch 7/1380000, average cost 481.511200
[2016-11-23 22:22:02,318] >> epoch 7/1390000, average cost 481.601990
[2016-11-23 22:23:14,068] >> epoch 7/1400000, average cost 481.658844
[2016-11-23 22:26:42,121] >> epoch 7/1410000, average cost 481.620209
[2016-11-23 22:28:38,003] >> epoch 7/1420000, average cost 481.625610
[2016-11-23 22:31:23,508] >> epoch 7/1430000, average cost 481.603058
[2016-11-23 22:32:59,677] >> epoch 7/1440000, average cost 481.627106
[2016-11-23 22:35:18,335] >> epoch 7/1450000, average cost 481.649261
[2016-11-23 22:36:43,416] >> epoch 7/1460000, average cost 481.678345
[2016-11-23 22:38:08,224] >> epoch 8/1467792, average cost 481.609772
[2016-11-23 22:41:01,374] >> epoch 8/1480000, average cost 481.511536
[2016-11-23 22:44:30,766] >> epoch 8/1490000, average cost 481.598297
[2016-11-23 22:46:55,893] >> epoch 8/1500000, average cost 481.565399
[2016-11-23 22:50:10,619] >> epoch 8/1510000, average cost 481.607361
[2016-11-23 22:53:56,005] >> epoch 8/1520000, average cost 481.517700
[2016-11-23 22:55:25,853] >> epoch 8/1530000, average cost 481.478394
[2016-11-23 22:57:39,610] >> epoch 8/1540000, average cost 481.523010
[2016-11-23 22:59:14,401] >> epoch 8/1550000, average cost 481.532196
[2016-11-23 23:02:06,199] >> epoch 8/1560000, average cost 481.485107
[2016-11-23 23:03:33,606] >> epoch 8/1570000, average cost 481.502197
[2016-11-23 23:06:13,166] >> epoch 8/1580000, average cost 481.638397
[2016-11-23 23:07:58,283] >> epoch 8/1590000, average cost 481.562042
[2016-11-23 23:11:06,445] >> epoch 8/1600000, average cost 481.573944
[2016-11-23 23:12:39,899] >> epoch 8/1610000, average cost 481.560913
[2016-11-23 23:15:02,297] >> epoch 8/1620000, average cost 481.580414
[2016-11-23 23:16:23,528] >> epoch 8/1630000, average cost 481.603394
[2016-11-23 23:18:30,242] >> epoch 8/1640000, average cost 481.607300
[2016-11-23 23:20:04,029] >> epoch 8/1650000, average cost 481.641663
[2016-11-23 23:20:11,439] >> epoch 9/1651266, average cost 481.561188
[2016-11-23 23:24:33,340] >> epoch 9/1670000, average cost 481.512909
[2016-11-23 23:28:10,883] >> epoch 9/1680000, average cost 481.564301
[2016-11-23 23:29:52,844] >> epoch 9/1690000, average cost 481.537048
[2016-11-23 23:32:56,773] >> epoch 9/1700000, average cost 481.514496
[2016-11-23 23:35:42,050] >> epoch 9/1710000, average cost 481.456146
[2016-11-23 23:37:21,027] >> epoch 9/1720000, average cost 481.444489
[2016-11-23 23:39:38,268] >> epoch 9/1730000, average cost 481.505188
[2016-11-23 23:40:56,628] >> epoch 9/1740000, average cost 481.460236
[2016-11-23 23:43:27,184] >> epoch 9/1750000, average cost 481.437103
[2016-11-23 23:44:54,095] >> epoch 9/1760000, average cost 481.576385
[2016-11-23 23:46:40,104] >> epoch 9/1770000, average cost 481.541443
[2016-11-23 23:48:35,654] >> epoch 9/1780000, average cost 481.542358
[2016-11-23 23:51:25,482] >> epoch 9/1790000, average cost 481.541565
[2016-11-23 23:53:00,848] >> epoch 9/1800000, average cost 481.530304
[2016-11-23 23:55:00,091] >> epoch 9/1810000, average cost 481.557465
[2016-11-23 23:56:27,783] >> epoch 9/1820000, average cost 481.566895
[2016-11-23 23:58:37,224] >> epoch 9/1830000, average cost 481.617096
[2016-11-23 23:59:00,167] >> epoch 10/1834740, average cost 481.523865
[2016-11-24 00:03:39,451] >> epoch 10/1850000, average cost 481.461212
[2016-11-24 00:05:39,556] >> epoch 10/1860000, average cost 481.544403
[2016-11-24 00:09:29,953] >> epoch 10/1870000, average cost 481.484161
[2016-11-24 00:11:18,161] >> epoch 10/1880000, average cost 481.537354
[2016-11-24 00:14:21,728] >> epoch 10/1890000, average cost 481.421143
[2016-11-24 00:16:45,979] >> epoch 10/1900000, average cost 481.381012
[2016-11-24 00:18:50,145] >> epoch 10/1910000, average cost 481.490814
[2016-11-24 00:21:29,655] >> epoch 10/1920000, average cost 481.459259
[2016-11-24 00:22:51,820] >> epoch 10/1930000, average cost 481.398041
[2016-11-24 00:25:38,236] >> epoch 10/1940000, average cost 481.482452
[2016-11-24 00:27:51,876] >> epoch 10/1950000, average cost 481.559509
[2016-11-24 00:30:11,750] >> epoch 10/1960000, average cost 481.510498
[2016-11-24 00:31:42,433] >> epoch 10/1970000, average cost 481.521851
[2016-11-24 00:34:03,039] >> epoch 10/1980000, average cost 481.494659
[2016-11-24 00:35:32,092] >> epoch 10/1990000, average cost 481.525513
[2016-11-24 00:37:46,462] >> epoch 10/2000000, average cost 481.545105
[2016-11-24 00:37:46,477] >> epoch 11/2000000, average cost 481.486542
[2016-11-24 00:37:46,493] >> Training finished in 7:39:21.216318
[2016-11-24 00:38:40,241] >> Loading model
[2016-11-24 00:38:40,784] >> Loading datasets
[2016-11-24 00:38:40,795] >> Reconstruction training started with arguments:
{'activation_noise': None,
 'adadelta': False,
 'adadelta_epsilon': '1e-6',
 'adadelta_rho': '0.95',
 'adagrad': False,
 'adagrad_decay': False,
 'batch_size': 128,
 'ce_sparsity': 0.01,
 'ce_sparsity_weight': 0.0,
 'compound': False,
 'corruption_level': 0.2,
 'datasets': (DatasetContainer [PFileStreamDataset@/export/data1/data/ddraper/train.4.pfile],
              DatasetContainer [],
              DatasetContainer []),
 'epochs': 50,
 'fix_layers': [],
 'graph': False,
 'hooks': [],
 'l1_reg': '0.0',
 'l2_reg': '0.0',
 'layer_args': {1: {}, 2: {}, 3: {}},
 'layers': [4],
 'learning_rate': '0.01',
 'loss': 'crossentropy',
 'minibatches': 2000000,
 'momentum': '',
 'noise': 'mask',
 'sparsity': 0.05,
 'sparsity_weight': 0.0,
 'validate': False,
 'verbosity': 1,
 'warn': False}
[2016-11-24 00:38:40,795] >> Reconstruction training started with da:
{'hidden_activation': u'sigmoid',
 'n_hidden': 1000,
 'n_visible': 1000,
 'tied_weights': True,
 'visible_activation': u'sigmoid'}
[2016-11-24 00:38:40,795] >> Compiling theano graph
Using gpu device 0: Tesla M2075 (CNMeM is disabled, cuDNN not available)
[2016-11-24 00:40:23,003] >> Training started
[2016-11-24 00:41:47,792] >> epoch 0/10000, average cost 102.096741
[2016-11-24 00:45:03,309] >> epoch 0/20000, average cost 98.097122
[2016-11-24 00:47:10,045] >> epoch 0/30000, average cost 97.690575
[2016-11-24 00:50:23,472] >> epoch 0/40000, average cost 97.255661
[2016-11-24 00:53:00,904] >> epoch 0/50000, average cost 97.076866
[2016-11-24 00:55:44,100] >> epoch 0/60000, average cost 97.232445
[2016-11-24 00:57:27,548] >> epoch 0/70000, average cost 96.900215
[2016-11-24 01:00:01,909] >> epoch 0/80000, average cost 96.506409
[2016-11-24 01:01:50,340] >> epoch 0/90000, average cost 96.599350
[2016-11-24 01:04:05,287] >> epoch 0/100000, average cost 96.599998
[2016-11-24 01:05:52,405] >> epoch 0/110000, average cost 96.562508
[2016-11-24 01:08:49,366] >> epoch 0/120000, average cost 96.354362
[2016-11-24 01:10:47,812] >> epoch 0/130000, average cost 96.040787
[2016-11-24 01:12:29,736] >> epoch 0/140000, average cost 96.386734
[2016-11-24 01:14:14,142] >> epoch 0/150000, average cost 96.261650
[2016-11-24 01:15:28,877] >> epoch 0/160000, average cost 96.383278
[2016-11-24 01:17:07,767] >> epoch 0/170000, average cost 96.552910
[2016-11-24 01:18:35,784] >> epoch 0/180000, average cost 96.436897
[2016-11-24 01:18:54,547] >> epoch 1/183474, average cost 97.043297
[2016-11-24 01:23:31,793] >> epoch 1/200000, average cost 96.353912
[2016-11-24 01:26:56,923] >> epoch 1/210000, average cost 96.455986
[2016-11-24 01:29:09,863] >> epoch 1/220000, average cost 96.251625
[2016-11-24 01:32:04,178] >> epoch 1/230000, average cost 96.085289
[2016-11-24 01:34:20,625] >> epoch 1/240000, average cost 96.470741
[2016-11-24 01:36:42,761] >> epoch 1/250000, average cost 96.383408
[2016-11-24 01:38:08,462] >> epoch 1/260000, average cost 95.886063
[2016-11-24 01:40:35,680] >> epoch 1/270000, average cost 96.150146
[2016-11-24 01:41:50,913] >> epoch 1/280000, average cost 95.939636
[2016-11-24 01:44:53,390] >> epoch 1/290000, average cost 96.260178
[2016-11-24 01:46:35,612] >> epoch 1/300000, average cost 96.103127
[2016-11-24 01:48:55,656] >> epoch 1/310000, average cost 95.545784
[2016-11-24 01:50:45,134] >> epoch 1/320000, average cost 95.844986
[2016-11-24 01:52:55,802] >> epoch 1/330000, average cost 96.203751
[2016-11-24 01:55:02,934] >> epoch 1/340000, average cost 96.041534
[2016-11-24 01:56:27,427] >> epoch 1/350000, average cost 96.062943
[2016-11-24 01:58:36,559] >> epoch 1/360000, average cost 96.259865
[2016-11-24 01:59:14,669] >> epoch 2/366948, average cost 96.145264
[2016-11-24 02:03:23,177] >> epoch 2/380000, average cost 96.170708
[2016-11-24 02:05:19,684] >> epoch 2/390000, average cost 96.127640
[2016-11-24 02:08:59,087] >> epoch 2/400000, average cost 96.086655
[2016-11-24 02:10:41,159] >> epoch 2/410000, average cost 95.909851
[2016-11-24 02:14:00,038] >> epoch 2/420000, average cost 96.130379
[2016-11-24 02:15:33,519] >> epoch 2/430000, average cost 96.229965
[2016-11-24 02:17:37,726] >> epoch 2/440000, average cost 95.824036
[2016-11-24 02:19:24,372] >> epoch 2/450000, average cost 95.830734
[2016-11-24 02:21:35,887] >> epoch 2/460000, average cost 95.718025
[2016-11-24 02:22:46,557] >> epoch 2/470000, average cost 96.043777
[2016-11-24 02:25:26,771] >> epoch 2/480000, average cost 95.849815
[2016-11-24 02:26:46,693] >> epoch 2/490000, average cost 95.503235
[2016-11-24 02:29:25,230] >> epoch 2/500000, average cost 95.612030
[2016-11-24 02:31:02,344] >> epoch 2/510000, average cost 96.034195
[2016-11-24 02:33:05,807] >> epoch 2/520000, average cost 95.670876
[2016-11-24 02:35:05,604] >> epoch 2/530000, average cost 95.771675
[2016-11-24 02:36:32,966] >> epoch 2/540000, average cost 96.172165
[2016-11-24 02:37:58,455] >> epoch 2/550000, average cost 95.897736
[2016-11-24 02:38:00,701] >> epoch 3/550422, average cost 95.926323
[2016-11-24 02:43:49,358] >> epoch 3/570000, average cost 95.858124
[2016-11-24 02:46:25,496] >> epoch 3/580000, average cost 96.006775
[2016-11-24 02:49:14,317] >> epoch 3/590000, average cost 95.796738
[2016-11-24 02:51:28,231] >> epoch 3/600000, average cost 95.750450
[2016-11-24 02:54:06,769] >> epoch 3/610000, average cost 96.027313
[2016-11-24 02:55:51,541] >> epoch 3/620000, average cost 95.819328
[2016-11-24 02:58:15,920] >> epoch 3/630000, average cost 95.462234
[2016-11-24 02:59:44,503] >> epoch 3/640000, average cost 95.671410
[2016-11-24 03:02:24,821] >> epoch 3/650000, average cost 95.664902
[2016-11-24 03:03:45,073] >> epoch 3/660000, average cost 95.747627
[2016-11-24 03:06:29,204] >> epoch 3/670000, average cost 95.571335
[2016-11-24 03:07:57,692] >> epoch 3/680000, average cost 95.246315
[2016-11-24 03:10:03,745] >> epoch 3/690000, average cost 95.596924
[2016-11-24 03:11:41,555] >> epoch 3/700000, average cost 95.564270
[2016-11-24 03:13:41,906] >> epoch 3/710000, average cost 95.680191
[2016-11-24 03:15:48,534] >> epoch 3/720000, average cost 95.843491
[2016-11-24 03:17:17,866] >> epoch 3/730000, average cost 95.754105
[2016-11-24 03:17:40,116] >> epoch 4/733896, average cost 95.722641
[2016-11-24 03:22:04,046] >> epoch 4/750000, average cost 95.681000
[2016-11-24 03:25:11,267] >> epoch 4/760000, average cost 95.815170
[2016-11-24 03:27:24,160] >> epoch 4/770000, average cost 95.589661
[2016-11-24 03:30:34,604] >> epoch 4/780000, average cost 95.433487
[2016-11-24 03:32:29,337] >> epoch 4/790000, average cost 95.829353
[2016-11-24 03:34:43,450] >> epoch 4/800000, average cost 95.773926
[2016-11-24 03:36:14,269] >> epoch 4/810000, average cost 95.247635
[2016-11-24 03:39:00,662] >> epoch 4/820000, average cost 95.520187
[2016-11-24 03:40:38,327] >> epoch 4/830000, average cost 95.292984
[2016-11-24 03:43:16,615] >> epoch 4/840000, average cost 95.630226
[2016-11-24 03:45:30,649] >> epoch 4/850000, average cost 95.471985
[2016-11-24 03:48:56,997] >> epoch 4/860000, average cost 94.924744
[2016-11-24 03:50:30,415] >> epoch 4/870000, average cost 95.220222
[2016-11-24 03:52:44,854] >> epoch 4/880000, average cost 95.575996
[2016-11-24 03:54:18,214] >> epoch 4/890000, average cost 95.393936
[2016-11-24 03:56:26,306] >> epoch 4/900000, average cost 95.407150
[2016-11-24 03:58:46,689] >> epoch 4/910000, average cost 95.657387
[2016-11-24 03:59:27,709] >> epoch 5/917370, average cost 95.505928
[2016-11-24 04:02:22,310] >> epoch 5/930000, average cost 95.535957
[2016-11-24 04:05:31,593] >> epoch 5/940000, average cost 95.482124
[2016-11-24 04:09:02,015] >> epoch 5/950000, average cost 95.450294
[2016-11-24 04:11:21,690] >> epoch 5/960000, average cost 95.286705
[2016-11-24 04:14:32,894] >> epoch 5/970000, average cost 95.468552
[2016-11-24 04:15:54,436] >> epoch 5/980000, average cost 95.580254
[2016-11-24 04:18:07,749] >> epoch 5/990000, average cost 95.221344
[2016-11-24 04:20:07,345] >> epoch 5/1000000, average cost 95.163940
[2016-11-24 04:23:08,320] >> epoch 5/1010000, average cost 95.097710
[2016-11-24 04:24:44,355] >> epoch 5/1020000, average cost 95.368919
[2016-11-24 04:26:53,779] >> epoch 5/1030000, average cost 95.223923
[2016-11-24 04:28:31,228] >> epoch 5/1040000, average cost 94.902344
[2016-11-24 04:30:55,956] >> epoch 5/1050000, average cost 94.968613
[2016-11-24 04:32:29,490] >> epoch 5/1060000, average cost 95.355873
[2016-11-24 04:34:39,255] >> epoch 5/1070000, average cost 95.045166
[2016-11-24 04:35:55,395] >> epoch 5/1080000, average cost 95.143684
[2016-11-24 04:38:05,023] >> epoch 5/1090000, average cost 95.520554
[2016-11-24 04:39:32,109] >> epoch 5/1100000, average cost 95.283722
[2016-11-24 04:39:37,407] >> epoch 6/1100844, average cost 95.287529
[2016-11-24 04:44:19,870] >> epoch 6/1120000, average cost 95.222115
[2016-11-24 04:47:41,903] >> epoch 6/1130000, average cost 95.386528
[2016-11-24 04:50:40,952] >> epoch 6/1140000, average cost 95.181572
[2016-11-24 04:52:55,842] >> epoch 6/1150000, average cost 95.100128
[2016-11-24 04:56:16,669] >> epoch 6/1160000, average cost 95.416359
[2016-11-24 04:58:14,163] >> epoch 6/1170000, average cost 95.219215
[2016-11-24 05:01:22,108] >> epoch 6/1180000, average cost 94.853333
[2016-11-24 05:03:16,319] >> epoch 6/1190000, average cost 95.064728
[2016-11-24 05:06:44,120] >> epoch 6/1200000, average cost 95.047333
[2016-11-24 05:09:05,986] >> epoch 6/1210000, average cost 95.174553
[2016-11-24 05:12:02,589] >> epoch 6/1220000, average cost 94.990677
[2016-11-24 05:13:48,587] >> epoch 6/1230000, average cost 94.621765
[2016-11-24 05:16:36,912] >> epoch 6/1240000, average cost 94.971664
[2016-11-24 05:18:28,137] >> epoch 6/1250000, average cost 95.008728
[2016-11-24 05:21:27,918] >> epoch 6/1260000, average cost 95.082939
[2016-11-24 05:23:20,778] >> epoch 6/1270000, average cost 95.222466
[2016-11-24 05:26:19,258] >> epoch 6/1280000, average cost 95.166077
[2016-11-24 05:26:45,367] >> epoch 7/1284318, average cost 95.114944
[2016-11-24 05:32:18,825] >> epoch 7/1300000, average cost 95.101425
[2016-11-24 05:34:20,745] >> epoch 7/1310000, average cost 95.214050
[2016-11-24 05:38:13,471] >> epoch 7/1320000, average cost 95.026855
[2016-11-24 05:41:14,726] >> epoch 7/1330000, average cost 94.850906
[2016-11-24 05:43:10,139] >> epoch 7/1340000, average cost 95.261978
[2016-11-24 05:45:10,479] >> epoch 7/1350000, average cost 95.220322
[2016-11-24 05:47:18,670] >> epoch 7/1360000, average cost 94.693085
[2016-11-24 05:50:27,247] >> epoch 7/1370000, average cost 94.946480
[2016-11-24 05:52:36,931] >> epoch 7/1380000, average cost 94.743340
[2016-11-24 05:55:43,725] >> epoch 7/1390000, average cost 95.084778
[2016-11-24 05:57:33,612] >> epoch 7/1400000, average cost 94.911346
[2016-11-24 06:00:13,894] >> epoch 7/1410000, average cost 94.417175
[2016-11-24 06:02:01,384] >> epoch 7/1420000, average cost 94.693184
[2016-11-24 06:04:57,863] >> epoch 7/1430000, average cost 95.039284
[2016-11-24 06:06:49,489] >> epoch 7/1440000, average cost 94.854172
[2016-11-24 06:09:43,474] >> epoch 7/1450000, average cost 94.878716
[2016-11-24 06:11:31,725] >> epoch 7/1460000, average cost 95.152534
[2016-11-24 06:13:19,754] >> epoch 8/1467792, average cost 94.954468
[2016-11-24 06:17:04,614] >> epoch 8/1480000, average cost 95.016510
[2016-11-24 06:20:27,534] >> epoch 8/1490000, average cost 94.974602
[2016-11-24 06:22:58,180] >> epoch 8/1500000, average cost 94.973434
[2016-11-24 06:26:39,775] >> epoch 8/1510000, average cost 94.814072
[2016-11-24 06:30:14,240] >> epoch 8/1520000, average cost 94.959579
[2016-11-24 06:32:25,317] >> epoch 8/1530000, average cost 95.094536
[2016-11-24 06:35:43,954] >> epoch 8/1540000, average cost 94.782532
[2016-11-24 06:37:58,676] >> epoch 8/1550000, average cost 94.665810
[2016-11-24 06:41:38,153] >> epoch 8/1560000, average cost 94.652946
[2016-11-24 06:43:38,344] >> epoch 8/1570000, average cost 94.892540
[2016-11-24 06:46:27,927] >> epoch 8/1580000, average cost 94.785202
[2016-11-24 06:48:25,307] >> epoch 8/1590000, average cost 94.481903
[2016-11-24 06:51:19,153] >> epoch 8/1600000, average cost 94.503464
[2016-11-24 06:53:21,382] >> epoch 8/1610000, average cost 94.889389
[2016-11-24 06:56:12,861] >> epoch 8/1620000, average cost 94.598434
[2016-11-24 06:58:19,400] >> epoch 8/1630000, average cost 94.719162
[2016-11-24 07:01:09,024] >> epoch 8/1640000, average cost 95.061073
[2016-11-24 07:03:06,510] >> epoch 8/1650000, average cost 94.851189
[2016-11-24 07:03:13,561] >> epoch 9/1651266, average cost 94.821098
[2016-11-24 07:08:04,681] >> epoch 9/1670000, average cost 94.790047
[2016-11-24 07:11:35,988] >> epoch 9/1680000, average cost 94.939552
[2016-11-24 07:13:43,264] >> epoch 9/1690000, average cost 94.755165
[2016-11-24 07:16:47,303] >> epoch 9/1700000, average cost 94.667770
[2016-11-24 07:20:08,525] >> epoch 9/1710000, average cost 94.986115
[2016-11-24 07:22:13,162] >> epoch 9/1720000, average cost 94.817566
[2016-11-24 07:25:33,932] >> epoch 9/1730000, average cost 94.401314
[2016-11-24 07:27:36,044] >> epoch 9/1740000, average cost 94.686172
[2016-11-24 07:31:02,997] >> epoch 9/1750000, average cost 94.587776
[2016-11-24 07:33:00,008] >> epoch 9/1760000, average cost 94.764259
[2016-11-24 07:35:50,286] >> epoch 9/1770000, average cost 94.613060
[2016-11-24 07:37:42,771] >> epoch 9/1780000, average cost 94.188187
[2016-11-24 07:40:35,744] >> epoch 9/1790000, average cost 94.554420
[2016-11-24 07:42:21,043] >> epoch 9/1800000, average cost 94.626724
[2016-11-24 07:45:11,131] >> epoch 9/1810000, average cost 94.662247
[2016-11-24 07:47:04,693] >> epoch 9/1820000, average cost 94.804764
[2016-11-24 07:49:51,972] >> epoch 9/1830000, average cost 94.786179
[2016-11-24 07:50:19,869] >> epoch 10/1834740, average cost 94.696526
[2016-11-24 07:55:50,217] >> epoch 10/1850000, average cost 94.712448
[2016-11-24 07:57:51,885] >> epoch 10/1860000, average cost 94.815109
[2016-11-24 08:01:01,772] >> epoch 10/1870000, average cost 94.656578
[2016-11-24 08:02:56,029] >> epoch 10/1880000, average cost 94.479485
[2016-11-24 08:06:22,850] >> epoch 10/1890000, average cost 94.857941
[2016-11-24 08:08:23,516] >> epoch 10/1900000, average cost 94.861755
[2016-11-24 08:10:11,286] >> epoch 10/1910000, average cost 94.326248
[2016-11-24 08:12:52,197] >> epoch 10/1920000, average cost 94.583328
[2016-11-24 08:14:25,617] >> epoch 10/1930000, average cost 94.354729
[2016-11-24 08:16:25,260] >> epoch 10/1940000, average cost 94.731247
[2016-11-24 08:17:56,928] >> epoch 10/1950000, average cost 94.543472
[2016-11-24 08:20:00,346] >> epoch 10/1960000, average cost 94.071930
[2016-11-24 08:21:29,930] >> epoch 10/1970000, average cost 94.334091
[2016-11-24 08:23:43,682] >> epoch 10/1980000, average cost 94.701111
[2016-11-24 08:25:20,366] >> epoch 10/1990000, average cost 94.471703
[2016-11-24 08:27:28,417] >> epoch 10/2000000, average cost 94.518990
[2016-11-24 08:27:28,432] >> epoch 11/2000000, average cost 94.572647
[2016-11-24 08:27:28,447] >> Training finished in 7:47:05.444029
[2016-11-24 08:28:41,000] >> Loading model
[2016-11-24 08:28:41,468] >> Loading datasets
[2016-11-24 08:28:42,044] >> Reconstruction training started with arguments:
{'activation_noise': None,
 'adadelta': False,
 'adadelta_epsilon': '1e-6',
 'adadelta_rho': '0.95',
 'adagrad': False,
 'adagrad_decay': False,
 'batch_size': 128,
 'ce_sparsity': 0.01,
 'ce_sparsity_weight': 0.0,
 'compound': False,
 'corruption_level': 0.2,
 'datasets': (DatasetContainer [PFileStreamDataset@/export/data1/data/ddraper/train.4.pfile],
              DatasetContainer [],
              DatasetContainer []),
 'epochs': 50,
 'fix_layers': [],
 'graph': False,
 'hooks': [],
 'l1_reg': '0.0',
 'l2_reg': '0.0',
 'layer_args': {1: {}, 2: {}, 3: {}, 4: {}},
 'layers': [5],
 'learning_rate': '0.01',
 'loss': 'crossentropy',
 'minibatches': 2000000,
 'momentum': '',
 'noise': 'mask',
 'sparsity': 0.05,
 'sparsity_weight': 0.0,
 'validate': False,
 'verbosity': 1,
 'warn': False}
[2016-11-24 08:28:42,044] >> Reconstruction training started with da:
{'hidden_activation': u'sigmoid',
 'n_hidden': 1000,
 'n_visible': 1000,
 'tied_weights': True,
 'visible_activation': u'sigmoid'}
[2016-11-24 08:28:42,044] >> Compiling theano graph
Using gpu device 0: Tesla M2075 (CNMeM is disabled, cuDNN not available)
[2016-11-24 08:30:37,147] >> Training started
[2016-11-24 08:32:02,630] >> epoch 0/10000, average cost 271.869385
[2016-11-24 08:34:49,490] >> epoch 0/20000, average cost 267.877563
[2016-11-24 08:36:47,888] >> epoch 0/30000, average cost 266.606384
[2016-11-24 08:39:45,323] >> epoch 0/40000, average cost 265.836761
[2016-11-24 08:41:52,879] >> epoch 0/50000, average cost 265.422913
[2016-11-24 08:44:29,191] >> epoch 0/60000, average cost 265.215149
[2016-11-24 08:45:50,936] >> epoch 0/70000, average cost 264.943573
[2016-11-24 08:48:32,589] >> epoch 0/80000, average cost 264.720428
[2016-11-24 08:50:01,053] >> epoch 0/90000, average cost 264.672241
[2016-11-24 08:52:25,848] >> epoch 0/100000, average cost 264.591705
[2016-11-24 08:53:48,134] >> epoch 0/110000, average cost 264.559296
[2016-11-24 08:55:51,455] >> epoch 0/120000, average cost 264.429169
[2016-11-24 08:57:18,819] >> epoch 0/130000, average cost 264.309387
[2016-11-24 08:59:17,088] >> epoch 0/140000, average cost 264.337982
[2016-11-24 09:01:15,193] >> epoch 0/150000, average cost 264.296509
[2016-11-24 09:02:43,539] >> epoch 0/160000, average cost 264.312744
[2016-11-24 09:04:38,135] >> epoch 0/170000, average cost 264.300140
[2016-11-24 09:06:11,520] >> epoch 0/180000, average cost 264.234344
[2016-11-24 09:06:32,238] >> epoch 1/183474, average cost 265.341125
[2016-11-24 09:10:49,462] >> epoch 1/200000, average cost 264.148376
[2016-11-24 09:14:26,053] >> epoch 1/210000, average cost 264.177795
[2016-11-24 09:16:23,551] >> epoch 1/220000, average cost 264.077179
[2016-11-24 09:19:29,138] >> epoch 1/230000, average cost 263.991364
[2016-11-24 09:21:49,840] >> epoch 1/240000, average cost 264.100952
[2016-11-24 09:23:29,438] >> epoch 1/250000, average cost 264.010590
[2016-11-24 09:25:45,922] >> epoch 1/260000, average cost 263.845764
[2016-11-24 09:28:10,073] >> epoch 1/270000, average cost 263.924896
[2016-11-24 09:29:39,477] >> epoch 1/280000, average cost 263.828705
[2016-11-24 09:31:41,437] >> epoch 1/290000, average cost 263.891602
[2016-11-24 09:33:12,028] >> epoch 1/300000, average cost 263.861938
[2016-11-24 09:35:14,584] >> epoch 1/310000, average cost 263.665894
[2016-11-24 09:36:43,485] >> epoch 1/320000, average cost 263.720490
[2016-11-24 09:38:53,806] >> epoch 1/330000, average cost 263.810333
[2016-11-24 09:40:47,119] >> epoch 1/340000, average cost 263.758606
[2016-11-24 09:42:26,412] >> epoch 1/350000, average cost 263.743591
[2016-11-24 09:44:22,969] >> epoch 1/360000, average cost 263.751129
[2016-11-24 09:45:05,142] >> epoch 2/366948, average cost 263.903564
[2016-11-24 09:49:17,673] >> epoch 2/380000, average cost 263.675354
[2016-11-24 09:51:28,513] >> epoch 2/390000, average cost 263.674347
[2016-11-24 09:54:36,379] >> epoch 2/400000, average cost 263.651611
[2016-11-24 09:56:35,370] >> epoch 2/410000, average cost 263.558014
[2016-11-24 10:00:15,705] >> epoch 2/420000, average cost 263.629150
[2016-11-24 10:02:02,752] >> epoch 2/430000, average cost 263.594025
[2016-11-24 10:03:44,459] >> epoch 2/440000, average cost 263.473175
[2016-11-24 10:06:03,188] >> epoch 2/450000, average cost 263.472351
[2016-11-24 10:08:54,323] >> epoch 2/460000, average cost 263.423218
[2016-11-24 10:10:20,070] >> epoch 2/470000, average cost 263.477234
[2016-11-24 10:12:27,295] >> epoch 2/480000, average cost 263.473083
[2016-11-24 10:14:01,541] >> epoch 2/490000, average cost 263.327454
[2016-11-24 10:16:04,165] >> epoch 2/500000, average cost 263.347107
[2016-11-24 10:17:44,176] >> epoch 2/510000, average cost 263.439728
[2016-11-24 10:19:58,446] >> epoch 2/520000, average cost 263.343445
[2016-11-24 10:22:15,826] >> epoch 2/530000, average cost 263.374390
[2016-11-24 10:23:48,709] >> epoch 2/540000, average cost 263.430389
[2016-11-24 10:25:20,260] >> epoch 2/550000, average cost 263.370789
[2016-11-24 10:25:23,253] >> epoch 3/550422, average cost 263.488281
[2016-11-24 10:31:22,415] >> epoch 3/570000, average cost 263.317139
[2016-11-24 10:33:31,495] >> epoch 3/580000, average cost 263.377045
[2016-11-24 10:36:26,140] >> epoch 3/590000, average cost 263.290863
[2016-11-24 10:38:34,354] >> epoch 3/600000, average cost 263.260254
[2016-11-24 10:41:20,636] >> epoch 3/610000, average cost 263.328918
[2016-11-24 10:43:11,422] >> epoch 3/620000, average cost 263.235657
[2016-11-24 10:45:00,832] >> epoch 3/630000, average cost 263.141876
[2016-11-24 10:46:57,451] >> epoch 3/640000, average cost 263.199829
[2016-11-24 10:49:34,499] >> epoch 3/650000, average cost 263.183044
[2016-11-24 10:51:05,099] >> epoch 3/660000, average cost 263.221375
[2016-11-24 10:53:19,593] >> epoch 3/670000, average cost 263.160828
[2016-11-24 10:54:43,750] >> epoch 3/680000, average cost 263.065338
[2016-11-24 10:56:51,134] >> epoch 3/690000, average cost 263.134369
[2016-11-24 10:58:21,676] >> epoch 3/700000, average cost 263.129211
[2016-11-24 11:00:25,695] >> epoch 3/710000, average cost 263.174744
[2016-11-24 11:02:29,682] >> epoch 3/720000, average cost 263.188049
[2016-11-24 11:04:03,603] >> epoch 3/730000, average cost 263.151764
[2016-11-24 11:04:28,115] >> epoch 4/733896, average cost 263.215118
[2016-11-24 11:08:39,872] >> epoch 4/750000, average cost 263.110199
[2016-11-24 11:11:58,385] >> epoch 4/760000, average cost 263.167664
[2016-11-24 11:14:03,233] >> epoch 4/770000, average cost 263.091156
[2016-11-24 11:16:45,461] >> epoch 4/780000, average cost 263.023407
[2016-11-24 11:18:59,285] >> epoch 4/790000, average cost 263.156433
[2016-11-24 11:20:57,820] >> epoch 4/800000, average cost 263.086975
[2016-11-24 11:22:12,819] >> epoch 4/810000, average cost 262.949554
[2016-11-24 11:24:47,200] >> epoch 4/820000, average cost 263.037048
[2016-11-24 11:26:18,045] >> epoch 4/830000, average cost 262.961121
[2016-11-24 11:29:02,640] >> epoch 4/840000, average cost 263.044861
[2016-11-24 11:30:37,447] >> epoch 4/850000, average cost 263.037048
[2016-11-24 11:32:44,974] >> epoch 4/860000, average cost 262.869354
[2016-11-24 11:34:11,354] >> epoch 4/870000, average cost 262.931396
[2016-11-24 11:36:30,225] >> epoch 4/880000, average cost 263.024139
[2016-11-24 11:37:51,494] >> epoch 4/890000, average cost 262.992950
[2016-11-24 11:40:04,710] >> epoch 4/900000, average cost 262.996246
[2016-11-24 11:42:03,334] >> epoch 4/910000, average cost 263.021271
[2016-11-24 11:42:48,364] >> epoch 5/917370, average cost 263.031494
[2016-11-24 11:45:54,499] >> epoch 5/930000, average cost 262.969879
[2016-11-24 11:48:45,211] >> epoch 5/940000, average cost 262.987335
[2016-11-24 11:51:45,226] >> epoch 5/950000, average cost 262.986053
[2016-11-24 11:53:57,976] >> epoch 5/960000, average cost 262.914856
[2016-11-24 11:57:38,095] >> epoch 5/970000, average cost 262.983551
[2016-11-24 11:59:11,874] >> epoch 5/980000, average cost 262.969482
[2016-11-24 12:01:02,793] >> epoch 5/990000, average cost 262.878082
[2016-11-24 12:03:19,268] >> epoch 5/1000000, average cost 262.866211
[2016-11-24 12:05:48,915] >> epoch 5/1010000, average cost 262.844238
[2016-11-24 12:06:59,526] >> epoch 5/1020000, average cost 262.913239
[2016-11-24 12:08:48,825] >> epoch 5/1030000, average cost 262.920715
[2016-11-24 12:10:24,303] >> epoch 5/1040000, average cost 262.802399
[2016-11-24 12:12:20,639] >> epoch 5/1050000, average cost 262.817871
[2016-11-24 12:13:52,568] >> epoch 5/1060000, average cost 262.907959
[2016-11-24 12:15:48,578] >> epoch 5/1070000, average cost 262.841919
[2016-11-24 12:17:17,501] >> epoch 5/1080000, average cost 262.886536
[2016-11-24 12:19:20,755] >> epoch 5/1090000, average cost 262.946503
[2016-11-24 12:20:48,760] >> epoch 5/1100000, average cost 262.899597
[2016-11-24 12:20:53,697] >> epoch 6/1100844, average cost 262.908661
[2016-11-24 12:25:32,688] >> epoch 6/1120000, average cost 262.858551
[2016-11-24 12:28:58,066] >> epoch 6/1130000, average cost 262.935822
[2016-11-24 12:32:07,639] >> epoch 6/1140000, average cost 262.857819
[2016-11-24 12:34:16,620] >> epoch 6/1150000, average cost 262.829590
[2016-11-24 12:37:01,892] >> epoch 6/1160000, average cost 262.909485
[2016-11-24 12:38:21,690] >> epoch 6/1170000, average cost 262.836884
[2016-11-24 12:41:02,782] >> epoch 6/1180000, average cost 262.731262
[2016-11-24 12:42:29,001] >> epoch 6/1190000, average cost 262.815552
[2016-11-24 12:45:02,661] >> epoch 6/1200000, average cost 262.796661
[2016-11-24 12:46:32,093] >> epoch 6/1210000, average cost 262.843048
[2016-11-24 12:48:32,394] >> epoch 6/1220000, average cost 262.802551
[2016-11-24 12:49:57,986] >> epoch 6/1230000, average cost 262.702423
[2016-11-24 12:51:52,073] >> epoch 6/1240000, average cost 262.770905
[2016-11-24 12:53:27,128] >> epoch 6/1250000, average cost 262.792694
[2016-11-24 12:55:27,067] >> epoch 6/1260000, average cost 262.829803
[2016-11-24 12:56:53,220] >> epoch 6/1270000, average cost 262.855652
[2016-11-24 12:58:50,483] >> epoch 6/1280000, average cost 262.826752
[2016-11-24 12:59:17,432] >> epoch 7/1284318, average cost 262.826355
[2016-11-24 13:03:24,250] >> epoch 7/1300000, average cost 262.796997
[2016-11-24 13:05:24,286] >> epoch 7/1310000, average cost 262.853455
[2016-11-24 13:08:24,844] >> epoch 7/1320000, average cost 262.793854
[2016-11-24 13:11:23,939] >> epoch 7/1330000, average cost 262.727264
[2016-11-24 13:13:54,034] >> epoch 7/1340000, average cost 262.863190
[2016-11-24 13:15:28,774] >> epoch 7/1350000, average cost 262.804291
[2016-11-24 13:17:22,724] >> epoch 7/1360000, average cost 262.678345
[2016-11-24 13:20:23,016] >> epoch 7/1370000, average cost 262.757416
[2016-11-24 13:21:50,074] >> epoch 7/1380000, average cost 262.686737
[2016-11-24 13:24:12,770] >> epoch 7/1390000, average cost 262.773102
[2016-11-24 13:25:50,080] >> epoch 7/1400000, average cost 262.776459
[2016-11-24 13:27:54,190] >> epoch 7/1410000, average cost 262.619659
[2016-11-24 13:29:26,517] >> epoch 7/1420000, average cost 262.682129
[2016-11-24 13:31:42,191] >> epoch 7/1430000, average cost 262.776276
[2016-11-24 13:33:12,280] >> epoch 7/1440000, average cost 262.736145
[2016-11-24 13:35:23,058] >> epoch 7/1450000, average cost 262.753143
[2016-11-24 13:36:57,869] >> epoch 7/1460000, average cost 262.788086
[2016-11-24 13:38:16,834] >> epoch 8/1467792, average cost 262.758759
[2016-11-24 13:41:32,932] >> epoch 8/1480000, average cost 262.742920
[2016-11-24 13:44:25,125] >> epoch 8/1490000, average cost 262.758545
[2016-11-24 13:46:39,310] >> epoch 8/1500000, average cost 262.767181
[2016-11-24 13:49:37,117] >> epoch 8/1510000, average cost 262.701660
[2016-11-24 13:52:58,686] >> epoch 8/1520000, average cost 262.762390
[2016-11-24 13:54:22,021] >> epoch 8/1530000, average cost 262.757385
[2016-11-24 13:56:51,182] >> epoch 8/1540000, average cost 262.674744
[2016-11-24 13:58:57,840] >> epoch 8/1550000, average cost 262.656097
[2016-11-24 14:01:00,532] >> epoch 8/1560000, average cost 262.641754
[2016-11-24 14:02:59,996] >> epoch 8/1570000, average cost 262.711823
[2016-11-24 14:05:01,192] >> epoch 8/1580000, average cost 262.722504
[2016-11-24 14:06:43,168] >> epoch 8/1590000, average cost 262.614410
[2016-11-24 14:08:43,803] >> epoch 8/1600000, average cost 262.629852
[2016-11-24 14:10:19,341] >> epoch 8/1610000, average cost 262.705414
[2016-11-24 14:12:28,222] >> epoch 8/1620000, average cost 262.658142
[2016-11-24 14:14:05,597] >> epoch 8/1630000, average cost 262.700867
[2016-11-24 14:16:11,159] >> epoch 8/1640000, average cost 262.759613
[2016-11-24 14:17:40,983] >> epoch 8/1650000, average cost 262.717590
[2016-11-24 14:17:50,195] >> epoch 9/1651266, average cost 262.705170
[2016-11-24 14:22:09,293] >> epoch 9/1670000, average cost 262.687531
[2016-11-24 14:25:45,182] >> epoch 9/1680000, average cost 262.756622
[2016-11-24 14:27:31,526] >> epoch 9/1690000, average cost 262.689636
[2016-11-24 14:30:42,756] >> epoch 9/1700000, average cost 262.656372
[2016-11-24 14:33:42,234] >> epoch 9/1710000, average cost 262.743439
[2016-11-24 14:34:54,730] >> epoch 9/1720000, average cost 262.672852
[2016-11-24 14:38:10,444] >> epoch 9/1730000, average cost 262.566986
[2016-11-24 14:39:58,894] >> epoch 9/1740000, average cost 262.661011
[2016-11-24 14:42:07,150] >> epoch 9/1750000, average cost 262.636047
[2016-11-24 14:43:29,045] >> epoch 9/1760000, average cost 262.686920
[2016-11-24 14:45:03,391] >> epoch 9/1770000, average cost 262.657288
[2016-11-24 14:46:29,583] >> epoch 9/1780000, average cost 262.546844
[2016-11-24 14:48:28,744] >> epoch 9/1790000, average cost 262.615143
[2016-11-24 14:50:03,663] >> epoch 9/1800000, average cost 262.653076
[2016-11-24 14:52:01,401] >> epoch 9/1810000, average cost 262.681793
[2016-11-24 14:53:44,861] >> epoch 9/1820000, average cost 262.708099
[2016-11-24 14:55:49,176] >> epoch 9/1830000, average cost 262.683746
[2016-11-24 14:56:18,421] >> epoch 10/1834740, average cost 262.667236
[2016-11-24 15:00:24,757] >> epoch 10/1850000, average cost 262.655914
[2016-11-24 15:02:43,990] >> epoch 10/1860000, average cost 262.710052
[2016-11-24 15:05:39,312] >> epoch 10/1870000, average cost 262.667175
[2016-11-24 15:07:48,770] >> epoch 10/1880000, average cost 262.599396
[2016-11-24 15:11:33,688] >> epoch 10/1890000, average cost 262.731323
[2016-11-24 15:14:20,171] >> epoch 10/1900000, average cost 262.679779
[2016-11-24 15:15:44,839] >> epoch 10/1910000, average cost 262.548309
[2016-11-24 15:18:05,666] >> epoch 10/1920000, average cost 262.638702
[2016-11-24 15:19:43,370] >> epoch 10/1930000, average cost 262.565613
[2016-11-24 15:21:45,752] >> epoch 10/1940000, average cost 262.650482
[2016-11-24 15:23:27,196] >> epoch 10/1950000, average cost 262.660400
[2016-11-24 15:25:37,367] >> epoch 10/1960000, average cost 262.507935
[2016-11-24 15:27:10,366] >> epoch 10/1970000, average cost 262.571411
[2016-11-24 15:29:25,839] >> epoch 10/1980000, average cost 262.661621
[2016-11-24 15:30:55,906] >> epoch 10/1990000, average cost 262.617737
[2016-11-24 15:33:08,037] >> epoch 10/2000000, average cost 262.645203
[2016-11-24 15:33:08,052] >> epoch 11/2000000, average cost 262.633301
[2016-11-24 15:33:08,068] >> Training finished in 7:02:30.919662
[2016-11-24 15:34:09,879] >> Loading model
[2016-11-24 15:34:10,288] >> Loading datasets
[2016-11-24 15:34:11,315] >> Reconstruction training started with arguments:
{'activation_noise': None,
 'adadelta': False,
 'adadelta_epsilon': '1e-6',
 'adadelta_rho': '0.95',
 'adagrad': False,
 'adagrad_decay': False,
 'batch_size': 128,
 'ce_sparsity': 0.01,
 'ce_sparsity_weight': 0.0,
 'compound': False,
 'corruption_level': 0.2,
 'datasets': (DatasetContainer [PFileStreamDataset@/export/data1/data/ddraper/train.4.pfile],
              DatasetContainer [],
              DatasetContainer []),
 'epochs': 50,
 'fix_layers': [],
 'graph': False,
 'hooks': [],
 'l1_reg': '0.0',
 'l2_reg': '0.0',
 'layer_args': {1: {}, 2: {}, 3: {}, 4: {}, 5: {}},
 'layers': [6],
 'learning_rate': '0.01',
 'loss': 'crossentropy',
 'minibatches': 2000000,
 'momentum': '',
 'noise': 'mask',
 'sparsity': 0.05,
 'sparsity_weight': 0.0,
 'validate': False,
 'verbosity': 1,
 'warn': False}
[2016-11-24 15:34:11,315] >> Reconstruction training started with da:
{'hidden_activation': u'sigmoid',
 'n_hidden': 1000,
 'n_visible': 1000,
 'tied_weights': True,
 'visible_activation': u'sigmoid'}
[2016-11-24 15:34:11,316] >> Compiling theano graph
Using gpu device 0: Tesla M2075 (CNMeM is disabled, cuDNN not available)
[2016-11-24 15:35:46,413] >> Training started
[2016-11-24 15:37:18,758] >> epoch 0/10000, average cost 131.682648
[2016-11-24 15:40:18,923] >> epoch 0/20000, average cost 129.091385
[2016-11-24 15:42:16,817] >> epoch 0/30000, average cost 128.360565
[2016-11-24 15:45:21,209] >> epoch 0/40000, average cost 127.922089
[2016-11-24 15:47:30,115] >> epoch 0/50000, average cost 127.711304
[2016-11-24 15:50:26,654] >> epoch 0/60000, average cost 127.703224
[2016-11-24 15:52:07,236] >> epoch 0/70000, average cost 127.513901
[2016-11-24 15:54:35,531] >> epoch 0/80000, average cost 127.304588
[2016-11-24 15:56:13,024] >> epoch 0/90000, average cost 127.318512
[2016-11-24 15:58:39,953] >> epoch 0/100000, average cost 127.286514
[2016-11-24 16:00:15,019] >> epoch 0/110000, average cost 127.267548
[2016-11-24 16:02:26,426] >> epoch 0/120000, average cost 127.138687
[2016-11-24 16:04:05,458] >> epoch 0/130000, average cost 126.974365
[2016-11-24 16:06:11,778] >> epoch 0/140000, average cost 127.145691
[2016-11-24 16:08:18,072] >> epoch 0/150000, average cost 127.100952
[2016-11-24 16:09:53,644] >> epoch 0/160000, average cost 127.101997
[2016-11-24 16:12:05,834] >> epoch 0/170000, average cost 127.159172
[2016-11-24 16:13:44,226] >> epoch 0/180000, average cost 127.114212
[2016-11-24 16:14:07,723] >> epoch 1/183474, average cost 127.704597
[2016-11-24 16:18:40,113] >> epoch 1/200000, average cost 127.095139
[2016-11-24 16:21:56,912] >> epoch 1/210000, average cost 127.127464
[2016-11-24 16:24:20,624] >> epoch 1/220000, average cost 127.000198
[2016-11-24 16:27:12,233] >> epoch 1/230000, average cost 126.929451
[2016-11-24 16:29:02,183] >> epoch 1/240000, average cost 127.105049
[2016-11-24 16:32:05,754] >> epoch 1/250000, average cost 127.042610
[2016-11-24 16:33:39,801] >> epoch 1/260000, average cost 126.833725
[2016-11-24 16:36:00,533] >> epoch 1/270000, average cost 126.949959
[2016-11-24 16:38:14,369] >> epoch 1/280000, average cost 126.814423
[2016-11-24 16:40:20,345] >> epoch 1/290000, average cost 126.966461
[2016-11-24 16:42:02,699] >> epoch 1/300000, average cost 126.880096
[2016-11-24 16:44:08,167] >> epoch 1/310000, average cost 126.601189
[2016-11-24 16:45:40,843] >> epoch 1/320000, average cost 126.743103
[2016-11-24 16:48:01,024] >> epoch 1/330000, average cost 126.922066
[2016-11-24 16:50:11,002] >> epoch 1/340000, average cost 126.824387
[2016-11-24 16:51:48,828] >> epoch 1/350000, average cost 126.782677
[2016-11-24 16:53:54,577] >> epoch 1/360000, average cost 126.893372
[2016-11-24 16:54:39,898] >> epoch 2/366948, average cost 126.918045
[2016-11-24 16:58:25,399] >> epoch 2/380000, average cost 126.879051
[2016-11-24 17:00:31,173] >> epoch 2/390000, average cost 126.836975
[2016-11-24 17:03:32,965] >> epoch 2/400000, average cost 126.792564
[2016-11-24 17:05:21,726] >> epoch 2/410000, average cost 126.726151
[2016-11-24 17:08:01,055] >> epoch 2/420000, average cost 126.815773
[2016-11-24 17:10:04,100] >> epoch 2/430000, average cost 126.845787
[2016-11-24 17:12:36,353] >> epoch 2/440000, average cost 126.686325
[2016-11-24 17:14:17,274] >> epoch 2/450000, average cost 126.683510
[2016-11-24 17:16:11,598] >> epoch 2/460000, average cost 126.616661
[2016-11-24 17:17:37,091] >> epoch 2/470000, average cost 126.747513
[2016-11-24 17:19:36,132] >> epoch 2/480000, average cost 126.657310
[2016-11-24 17:21:07,254] >> epoch 2/490000, average cost 126.489784
[2016-11-24 17:22:53,085] >> epoch 2/500000, average cost 126.535553
[2016-11-24 17:24:29,265] >> epoch 2/510000, average cost 126.742523
[2016-11-24 17:26:25,711] >> epoch 2/520000, average cost 126.574265
[2016-11-24 17:28:20,957] >> epoch 2/530000, average cost 126.579971
[2016-11-24 17:29:55,086] >> epoch 2/540000, average cost 126.758949
[2016-11-24 17:31:25,266] >> epoch 2/550000, average cost 126.657562
[2016-11-24 17:31:27,959] >> epoch 3/550422, average cost 126.705070
[2016-11-24 17:37:08,757] >> epoch 3/570000, average cost 126.654198
[2016-11-24 17:39:08,643] >> epoch 3/580000, average cost 126.689926
[2016-11-24 17:41:56,422] >> epoch 3/590000, average cost 126.615013
[2016-11-24 17:43:53,385] >> epoch 3/600000, average cost 126.574715
[2016-11-24 17:46:13,432] >> epoch 3/610000, average cost 126.707687
[2016-11-24 17:47:56,423] >> epoch 3/620000, average cost 126.618576
[2016-11-24 17:50:17,912] >> epoch 3/630000, average cost 126.455673
[2016-11-24 17:51:46,047] >> epoch 3/640000, average cost 126.543686
[2016-11-24 17:54:11,364] >> epoch 3/650000, average cost 126.507347
[2016-11-24 17:55:39,988] >> epoch 3/660000, average cost 126.560928
[2016-11-24 17:57:39,106] >> epoch 3/670000, average cost 126.454224
[2016-11-24 17:59:06,623] >> epoch 3/680000, average cost 126.281502
[2016-11-24 18:01:45,529] >> epoch 3/690000, average cost 126.462578
[2016-11-24 18:03:37,838] >> epoch 3/700000, average cost 126.450851
[2016-11-24 18:06:07,084] >> epoch 3/710000, average cost 126.465050
[2016-11-24 18:08:45,564] >> epoch 3/720000, average cost 126.504036
[2016-11-24 18:10:36,542] >> epoch 3/730000, average cost 126.475159
[2016-11-24 18:11:03,648] >> epoch 4/733896, average cost 126.539848
[2016-11-24 18:15:52,035] >> epoch 4/750000, average cost 126.471649
[2016-11-24 18:19:26,595] >> epoch 4/760000, average cost 126.499725
[2016-11-24 18:21:40,474] >> epoch 4/770000, average cost 126.373703
[2016-11-24 18:25:15,312] >> epoch 4/780000, average cost 126.307465
[2016-11-24 18:27:57,767] >> epoch 4/790000, average cost 126.495087
[2016-11-24 18:31:32,405] >> epoch 4/800000, average cost 126.427826
[2016-11-24 18:33:58,219] >> epoch 4/810000, average cost 126.223198
[2016-11-24 18:37:36,422] >> epoch 4/820000, average cost 126.324097
[2016-11-24 18:40:13,709] >> epoch 4/830000, average cost 126.206024
[2016-11-24 18:43:15,732] >> epoch 4/840000, average cost 126.360741
[2016-11-24 18:45:12,684] >> epoch 4/850000, average cost 126.256615
[2016-11-24 18:47:28,337] >> epoch 4/860000, average cost 126.008636
[2016-11-24 18:49:01,262] >> epoch 4/870000, average cost 126.133087
[2016-11-24 18:51:33,523] >> epoch 4/880000, average cost 126.313438
[2016-11-24 18:53:38,034] >> epoch 4/890000, average cost 126.207451
[2016-11-24 18:56:22,126] >> epoch 4/900000, average cost 126.172966
[2016-11-24 18:59:12,988] >> epoch 4/910000, average cost 126.288452
[2016-11-24 19:00:03,444] >> epoch 5/917370, average cost 126.302834
[2016-11-24 19:04:10,545] >> epoch 5/930000, average cost 126.274628
[2016-11-24 19:07:46,738] >> epoch 5/940000, average cost 126.227127
[2016-11-24 19:11:17,093] >> epoch 5/950000, average cost 126.199127
[2016-11-24 19:13:25,351] >> epoch 5/960000, average cost 126.132004
[2016-11-24 19:16:31,339] >> epoch 5/970000, average cost 126.204384
[2016-11-24 19:18:44,649] >> epoch 5/980000, average cost 126.250473
[2016-11-24 19:22:18,897] >> epoch 5/990000, average cost 126.095535
[2016-11-24 19:24:21,169] >> epoch 5/1000000, average cost 126.073311
[2016-11-24 19:27:44,696] >> epoch 5/1010000, average cost 126.030251
[2016-11-24 19:29:42,397] >> epoch 5/1020000, average cost 126.136978
[2016-11-24 19:32:18,357] >> epoch 5/1030000, average cost 126.071251
[2016-11-24 19:34:18,876] >> epoch 5/1040000, average cost 125.906334
[2016-11-24 19:36:54,391] >> epoch 5/1050000, average cost 125.925522
[2016-11-24 19:39:03,710] >> epoch 5/1060000, average cost 126.134964
[2016-11-24 19:41:48,697] >> epoch 5/1070000, average cost 125.980148
[2016-11-24 19:43:52,301] >> epoch 5/1080000, average cost 125.987251
[2016-11-24 19:46:46,999] >> epoch 5/1090000, average cost 126.154350
[2016-11-24 19:48:51,042] >> epoch 5/1100000, average cost 126.057571
[2016-11-24 19:48:59,010] >> epoch 6/1100844, average cost 126.105537
[2016-11-24 19:54:48,281] >> epoch 6/1120000, average cost 126.059227
[2016-11-24 19:58:36,687] >> epoch 6/1130000, average cost 126.102272
[2016-11-24 20:01:48,877] >> epoch 6/1140000, average cost 126.016151
[2016-11-24 20:04:14,052] >> epoch 6/1150000, average cost 125.978691
[2016-11-24 20:07:50,448] >> epoch 6/1160000, average cost 126.112839
[2016-11-24 20:10:07,226] >> epoch 6/1170000, average cost 126.028473
[2016-11-24 20:13:30,797] >> epoch 6/1180000, average cost 125.874512
[2016-11-24 20:15:40,974] >> epoch 6/1190000, average cost 125.978714
[2016-11-24 20:18:37,958] >> epoch 6/1200000, average cost 125.927437
[2016-11-24 20:20:34,670] >> epoch 6/1210000, average cost 126.002975
[2016-11-24 20:23:33,158] >> epoch 6/1220000, average cost 125.903687
[2016-11-24 20:25:26,951] >> epoch 6/1230000, average cost 125.737846
[2016-11-24 20:28:25,405] >> epoch 6/1240000, average cost 125.917511
[2016-11-24 20:30:30,026] >> epoch 6/1250000, average cost 125.930626
[2016-11-24 20:33:12,911] >> epoch 6/1260000, average cost 125.935204
[2016-11-24 20:35:15,451] >> epoch 6/1270000, average cost 125.974434
[2016-11-24 20:37:56,789] >> epoch 6/1280000, average cost 125.975136
[2016-11-24 20:38:27,510] >> epoch 7/1284318, average cost 125.975945
[2016-11-24 20:44:03,015] >> epoch 7/1300000, average cost 125.989235
[2016-11-24 20:46:07,331] >> epoch 7/1310000, average cost 126.004547
[2016-11-24 20:49:41,852] >> epoch 7/1320000, average cost 125.902847
[2016-11-24 20:53:43,862] >> epoch 7/1330000, average cost 125.842087
[2016-11-24 20:56:12,823] >> epoch 7/1340000, average cost 126.025276
[2016-11-24 20:59:32,781] >> epoch 7/1350000, average cost 125.990562
[2016-11-24 21:01:40,795] >> epoch 7/1360000, average cost 125.784050
[2016-11-24 21:04:51,337] >> epoch 7/1370000, average cost 125.887550
[2016-11-24 21:06:53,217] >> epoch 7/1380000, average cost 125.764862
[2016-11-24 21:09:30,719] >> epoch 7/1390000, average cost 125.936546
[2016-11-24 21:11:34,638] >> epoch 7/1400000, average cost 125.844826
[2016-11-24 21:14:16,023] >> epoch 7/1410000, average cost 125.603561
[2016-11-24 21:16:03,809] >> epoch 7/1420000, average cost 125.725891
[2016-11-24 21:18:54,155] >> epoch 7/1430000, average cost 125.905525
[2016-11-24 21:20:57,618] >> epoch 7/1440000, average cost 125.802734
[2016-11-24 21:23:36,365] >> epoch 7/1450000, average cost 125.774139
[2016-11-24 21:25:37,773] >> epoch 7/1460000, average cost 125.906586
[2016-11-24 21:27:21,330] >> epoch 8/1467792, average cost 125.868431
[2016-11-24 21:31:22,967] >> epoch 8/1480000, average cost 125.892616
[2016-11-24 21:34:45,085] >> epoch 8/1490000, average cost 125.849022
[2016-11-24 21:37:27,693] >> epoch 8/1500000, average cost 125.824249
[2016-11-24 21:41:31,204] >> epoch 8/1510000, average cost 125.765800
[2016-11-24 21:45:50,577] >> epoch 8/1520000, average cost 125.823128
[2016-11-24 21:47:41,916] >> epoch 8/1530000, average cost 125.882202
[2016-11-24 21:51:24,312] >> epoch 8/1540000, average cost 125.747551
[2016-11-24 21:53:34,106] >> epoch 8/1550000, average cost 125.697075
[2016-11-24 21:55:29,042] >> epoch 8/1560000, average cost 125.682709
[2016-11-24 21:57:03,450] >> epoch 8/1570000, average cost 125.775772
[2016-11-24 21:59:03,504] >> epoch 8/1580000, average cost 125.729897
[2016-11-24 22:00:50,982] >> epoch 8/1590000, average cost 125.582062
[2016-11-24 22:02:42,886] >> epoch 8/1600000, average cost 125.581352
[2016-11-24 22:04:26,792] >> epoch 8/1610000, average cost 125.774200
[2016-11-24 22:06:26,563] >> epoch 8/1620000, average cost 125.654259
[2016-11-24 22:07:58,613] >> epoch 8/1630000, average cost 125.664703
[2016-11-24 22:10:09,231] >> epoch 8/1640000, average cost 125.817451
[2016-11-24 22:11:35,704] >> epoch 8/1650000, average cost 125.734291
[2016-11-24 22:11:44,100] >> epoch 9/1651266, average cost 125.751144
[2016-11-24 22:16:27,185] >> epoch 9/1670000, average cost 125.748116
[2016-11-24 22:19:28,837] >> epoch 9/1680000, average cost 125.784760
[2016-11-24 22:21:35,535] >> epoch 9/1690000, average cost 125.699852
[2016-11-24 22:25:02,462] >> epoch 9/1700000, average cost 125.665588
[2016-11-24 22:28:09,992] >> epoch 9/1710000, average cost 125.810272
[2016-11-24 22:29:57,797] >> epoch 9/1720000, average cost 125.733711
[2016-11-24 22:32:01,714] >> epoch 9/1730000, average cost 125.563690
[2016-11-24 22:33:27,599] >> epoch 9/1740000, average cost 125.688759
[2016-11-24 22:35:32,882] >> epoch 9/1750000, average cost 125.616997
[2016-11-24 22:37:01,771] >> epoch 9/1760000, average cost 125.716972
[2016-11-24 22:39:12,151] >> epoch 9/1770000, average cost 125.623398
[2016-11-24 22:40:55,837] >> epoch 9/1780000, average cost 125.436501
[2016-11-24 22:43:05,699] >> epoch 9/1790000, average cost 125.613579
[2016-11-24 22:44:42,343] >> epoch 9/1800000, average cost 125.660240
[2016-11-24 22:46:54,590] >> epoch 9/1810000, average cost 125.653313
[2016-11-24 22:48:33,654] >> epoch 9/1820000, average cost 125.681290
[2016-11-24 22:50:37,672] >> epoch 9/1830000, average cost 125.705299
[2016-11-24 22:51:09,361] >> epoch 10/1834740, average cost 125.677284
[2016-11-24 22:54:18,649] >> epoch 10/1850000, average cost 125.711639
[2016-11-24 22:55:53,010] >> epoch 10/1860000, average cost 125.738884
[2016-11-24 22:57:50,522] >> epoch 10/1870000, average cost 125.645149
[2016-11-24 22:59:22,169] >> epoch 10/1880000, average cost 125.578064
[2016-11-24 23:01:28,824] >> epoch 10/1890000, average cost 125.756126
[2016-11-24 23:03:08,748] >> epoch 10/1900000, average cost 125.741310
[2016-11-24 23:04:42,844] >> epoch 10/1910000, average cost 125.540527
[2016-11-24 23:06:22,848] >> epoch 10/1920000, average cost 125.645676
[2016-11-24 23:07:57,089] >> epoch 10/1930000, average cost 125.521973
[2016-11-24 23:09:32,915] >> epoch 10/1940000, average cost 125.699600
[2016-11-24 23:11:04,594] >> epoch 10/1950000, average cost 125.599602
[2016-11-24 23:12:36,905] >> epoch 10/1960000, average cost 125.379951
[2016-11-24 23:14:09,054] >> epoch 10/1970000, average cost 125.504150
[2016-11-24 23:15:41,087] >> epoch 10/1980000, average cost 125.695549
[2016-11-24 23:17:15,125] >> epoch 10/1990000, average cost 125.573524
[2016-11-24 23:18:48,220] >> epoch 10/2000000, average cost 125.561798
[2016-11-24 23:18:48,243] >> epoch 11/2000000, average cost 125.623039
[2016-11-24 23:18:48,274] >> Training finished in 7:43:01.860097
[2016-11-24 23:19:40,391] >> Loading model
[2016-11-24 23:19:42,310] >> Loading datasets
Using gpu device 0: Tesla M2075 (CNMeM is disabled, cuDNN not available)
[2016-11-24 23:20:02,619] >> Supervised training started with arguments:
{'activation_noise': None,
 'adadelta': False,
 'adadelta_epsilon': '1e-6',
 'adadelta_rho': '0.95',
 'adagrad': False,
 'adagrad_decay': False,
 'batch_size': 256,
 'datasets': (DatasetContainer [PFileStreamDataset@/export/data1/data/ddraper/train.4.pfile],
              DatasetContainer [PFileDataset@/export/data1/data/ddraper/valid.4.pfile,1, PFileDataset@/export/data1/data/ddraper/valid.4.pfile,2],
              DatasetContainer []),
 'epochs': 50,
 'fix_layers': [],
 'graph': False,
 'hooks': [<functools.partial object at 0x7fab406124c8>],
 'l1_reg': '0.0',
 'l2_reg': '0.0',
 'layer_args': [],
 'learning_rate': '1',
 'minibatches': -1,
 'momentum': '',
 'newbob': True,
 'newbob_decay': 0.5,
 'newbob_threshold': [0.005, 0.0001],
 'patience': -1,
 'patience_improve_threshold': 0.995,
 'patience_increase': 1.5,
 'pre_validate': False,
 'print_errors': True,
 'validation_interval': -1,
 'verbosity': 0,
 'warn': False}
[2016-11-24 23:20:02,619] >> Compiling theano graph
[2016-11-24 23:21:44,886] >> Training started
[2016-11-24 23:57:48,541] >  epoch 1/91737, training error 0.494893
[2016-11-24 23:57:57,500] >  epoch 1/91737, validation error 0.448661
[2016-11-25 00:39:29,024] >  epoch 2/183474, training error 0.289793
[2016-11-25 00:39:38,253] >  epoch 2/183474, validation error 0.414085
[2016-11-25 01:20:24,046] >  epoch 3/275211, training error 0.234542
[2016-11-25 01:20:33,397] >  epoch 3/275211, validation error 0.393792
[2016-11-25 02:03:20,025] >  epoch 4/366948, training error 0.198432
[2016-11-25 02:03:30,071] >  epoch 4/366948, validation error 0.383940
[2016-11-25 02:43:56,462] >  epoch 5/458685, training error 0.173404
[2016-11-25 02:44:07,202] >  epoch 5/458685, validation error 0.389113
[2016-11-25 02:44:07,257] >  epoch 5/458685, learning rate set to 0.500000
[2016-11-25 03:23:21,892] >  epoch 6/550422, training error 0.150634
[2016-11-25 03:23:31,330] >  epoch 6/550422, validation error 0.369397
[2016-11-25 03:23:32,252] >  epoch 6/550422, learning rate set to 0.250000
[2016-11-25 04:01:28,163] >  epoch 7/642159, training error 0.138849
[2016-11-25 04:01:37,130] >  epoch 7/642159, validation error 0.362546
[2016-11-25 04:01:40,076] >  epoch 7/642159, learning rate set to 0.125000
[2016-11-25 04:40:50,041] >  epoch 8/733896, training error 0.126412
[2016-11-25 04:40:58,978] >  epoch 8/733896, validation error 0.356973
[2016-11-25 04:41:00,652] >  epoch 8/733896, learning rate set to 0.062500
[2016-11-25 05:22:33,090] >  epoch 9/825633, training error 0.119920
[2016-11-25 05:22:43,029] >  epoch 9/825633, validation error 0.350491
[2016-11-25 05:22:43,187] >  epoch 9/825633, learning rate set to 0.031250
[2016-11-25 06:05:14,446] >  epoch 10/917370, training error 0.125296
[2016-11-25 06:05:23,404] >  epoch 10/917370, validation error 0.345432
[2016-11-25 06:05:23,562] >  epoch 10/917370, learning rate set to 0.015625
[2016-11-25 06:55:31,914] >  epoch 11/1009107, training error 0.137861
[2016-11-25 06:55:40,871] >  epoch 11/1009107, validation error 0.341887
[2016-11-25 06:55:42,589] >  epoch 11/1009107, learning rate set to 0.007812
[2016-11-25 07:43:22,757] >  epoch 12/1100844, training error 0.153614
[2016-11-25 07:43:31,728] >  epoch 12/1100844, validation error 0.337094
[2016-11-25 07:43:32,832] >  epoch 12/1100844, learning rate set to 0.003906
[2016-11-25 08:29:52,559] >  epoch 13/1192581, training error 0.168269
[2016-11-25 08:30:01,521] >  epoch 13/1192581, validation error 0.333354
[2016-11-25 08:30:01,873] >  epoch 13/1192581, learning rate set to 0.001953
[2016-11-25 09:20:49,561] >  epoch 14/1284318, training error 0.178909
[2016-11-25 09:20:58,559] >  epoch 14/1284318, validation error 0.330324
[2016-11-25 09:20:59,100] >  epoch 14/1284318, learning rate set to 0.000977
[2016-11-25 10:09:26,689] >  epoch 15/1376055, training error 0.185738
[2016-11-25 10:09:35,705] >  epoch 15/1376055, validation error 0.329370
[2016-11-25 10:09:35,861] >  epoch 15/1376055, learning rate set to 0.000488
[2016-11-25 10:58:00,221] >  epoch 16/1467792, training error 0.189615
[2016-11-25 10:58:09,228] >  epoch 16/1467792, validation error 0.328768
[2016-11-25 10:58:09,379] >  epoch 16/1467792, learning rate set to 0.000244
[2016-11-25 11:40:45,922] >  epoch 17/1559529, training error 0.191503
[2016-11-25 11:40:54,943] >  epoch 17/1559529, validation error 0.327582
[2016-11-25 11:40:55,098] >  epoch 17/1559529, learning rate set to 0.000122
[2016-11-25 12:17:21,067] >  epoch 18/1651266, training error 0.192246
[2016-11-25 12:17:31,135] >  epoch 18/1651266, validation error 0.326699
[2016-11-25 12:17:31,295] >  epoch 18/1651266, learning rate set to 0.000061
[2016-11-25 12:53:39,547] >  epoch 19/1743003, training error 0.192466
[2016-11-25 12:53:48,571] >  epoch 19/1743003, validation error 0.326388
[2016-11-25 12:53:48,728] >  epoch 19/1743003, learning rate set to 0.000031
[2016-11-25 13:29:50,888] >  epoch 20/1834740, training error 0.192476
[2016-11-25 13:30:01,416] >  epoch 20/1834740, validation error 0.326078
[2016-11-25 13:30:03,110] >  epoch 20/1834740, learning rate set to 0.000015
[2016-11-25 14:09:42,978] >  epoch 21/1926477, training error 0.192475
[2016-11-25 14:09:52,005] >  epoch 21/1926477, validation error 0.325956
[2016-11-25 14:09:53,815] >  epoch 21/1926477, learning rate set to 0.000008
[2016-11-25 14:54:24,479] >  epoch 22/2018214, training error 0.192457
[2016-11-25 14:54:33,967] >  epoch 22/2018214, validation error 0.325996
[2016-11-25 14:54:34,015] >> Training finished in 15:32:49.128288
